[2024-10-22T14:00:11.841+0000] {processor.py:161} INFO - Started process (PID=186) to work on /opt/airflow/dags/dag_football.py
[2024-10-22T14:00:11.842+0000] {processor.py:830} INFO - Processing file /opt/airflow/dags/dag_football.py for tasks to queue
[2024-10-22T14:00:11.844+0000] {logging_mixin.py:188} INFO - [2024-10-22T14:00:11.844+0000] {dagbag.py:545} INFO - Filling up the DagBag from /opt/airflow/dags/dag_football.py
[2024-10-22T14:00:11.870+0000] {logging_mixin.py:188} INFO - [2024-10-22T14:00:11.866+0000] {dagbag.py:355} ERROR - Failed to import: /opt/airflow/dags/dag_football.py
Traceback (most recent call last):
  File "/home/airflow/.local/lib/python3.12/site-packages/airflow/models/dagbag.py", line 351, in parse
    loader.exec_module(new_module)
  File "<frozen importlib._bootstrap_external>", line 995, in exec_module
  File "<frozen importlib._bootstrap>", line 488, in _call_with_frames_removed
  File "/opt/airflow/dags/dag_football.py", line 4, in <module>
    from src.get_wiki_data import get_wiki_data
ModuleNotFoundError: No module named 'src'
[2024-10-22T14:00:11.873+0000] {processor.py:842} WARNING - No viable dags retrieved from /opt/airflow/dags/dag_football.py
[2024-10-22T14:00:11.897+0000] {processor.py:183} INFO - Processing /opt/airflow/dags/dag_football.py took 0.062 seconds
[2024-10-22T14:00:42.271+0000] {processor.py:161} INFO - Started process (PID=459) to work on /opt/airflow/dags/dag_football.py
[2024-10-22T14:00:42.271+0000] {processor.py:830} INFO - Processing file /opt/airflow/dags/dag_football.py for tasks to queue
[2024-10-22T14:00:42.273+0000] {logging_mixin.py:188} INFO - [2024-10-22T14:00:42.272+0000] {dagbag.py:545} INFO - Filling up the DagBag from /opt/airflow/dags/dag_football.py
[2024-10-22T14:00:42.287+0000] {logging_mixin.py:188} INFO - [2024-10-22T14:00:42.285+0000] {dagbag.py:355} ERROR - Failed to import: /opt/airflow/dags/dag_football.py
Traceback (most recent call last):
  File "/home/airflow/.local/lib/python3.12/site-packages/airflow/models/dagbag.py", line 351, in parse
    loader.exec_module(new_module)
  File "<frozen importlib._bootstrap_external>", line 995, in exec_module
  File "<frozen importlib._bootstrap>", line 488, in _call_with_frames_removed
  File "/opt/airflow/dags/dag_football.py", line 4, in <module>
    from src.get_wiki_data import get_wiki_data
ModuleNotFoundError: No module named 'src'
[2024-10-22T14:00:42.288+0000] {processor.py:842} WARNING - No viable dags retrieved from /opt/airflow/dags/dag_football.py
[2024-10-22T14:00:42.303+0000] {processor.py:183} INFO - Processing /opt/airflow/dags/dag_football.py took 0.036 seconds
[2024-10-22T14:01:12.499+0000] {processor.py:161} INFO - Started process (PID=726) to work on /opt/airflow/dags/dag_football.py
[2024-10-22T14:01:12.500+0000] {processor.py:830} INFO - Processing file /opt/airflow/dags/dag_football.py for tasks to queue
[2024-10-22T14:01:12.502+0000] {logging_mixin.py:188} INFO - [2024-10-22T14:01:12.501+0000] {dagbag.py:545} INFO - Filling up the DagBag from /opt/airflow/dags/dag_football.py
[2024-10-22T14:01:12.510+0000] {logging_mixin.py:188} INFO - [2024-10-22T14:01:12.508+0000] {dagbag.py:355} ERROR - Failed to import: /opt/airflow/dags/dag_football.py
Traceback (most recent call last):
  File "/home/airflow/.local/lib/python3.12/site-packages/airflow/models/dagbag.py", line 351, in parse
    loader.exec_module(new_module)
  File "<frozen importlib._bootstrap_external>", line 995, in exec_module
  File "<frozen importlib._bootstrap>", line 488, in _call_with_frames_removed
  File "/opt/airflow/dags/dag_football.py", line 4, in <module>
    from src.get_wiki_data import get_wiki_data
ModuleNotFoundError: No module named 'src'
[2024-10-22T14:01:12.511+0000] {processor.py:842} WARNING - No viable dags retrieved from /opt/airflow/dags/dag_football.py
[2024-10-22T14:01:12.524+0000] {processor.py:183} INFO - Processing /opt/airflow/dags/dag_football.py took 0.028 seconds
[2024-10-22T14:01:42.737+0000] {processor.py:161} INFO - Started process (PID=993) to work on /opt/airflow/dags/dag_football.py
[2024-10-22T14:01:42.738+0000] {processor.py:830} INFO - Processing file /opt/airflow/dags/dag_football.py for tasks to queue
[2024-10-22T14:01:42.740+0000] {logging_mixin.py:188} INFO - [2024-10-22T14:01:42.739+0000] {dagbag.py:545} INFO - Filling up the DagBag from /opt/airflow/dags/dag_football.py
[2024-10-22T14:01:42.748+0000] {logging_mixin.py:188} INFO - [2024-10-22T14:01:42.746+0000] {dagbag.py:355} ERROR - Failed to import: /opt/airflow/dags/dag_football.py
Traceback (most recent call last):
  File "/home/airflow/.local/lib/python3.12/site-packages/airflow/models/dagbag.py", line 351, in parse
    loader.exec_module(new_module)
  File "<frozen importlib._bootstrap_external>", line 995, in exec_module
  File "<frozen importlib._bootstrap>", line 488, in _call_with_frames_removed
  File "/opt/airflow/dags/dag_football.py", line 4, in <module>
    from src.get_wiki_data import get_wiki_data
ModuleNotFoundError: No module named 'src'
[2024-10-22T14:01:42.749+0000] {processor.py:842} WARNING - No viable dags retrieved from /opt/airflow/dags/dag_football.py
[2024-10-22T14:01:42.761+0000] {processor.py:183} INFO - Processing /opt/airflow/dags/dag_football.py took 0.028 seconds
[2024-10-22T14:02:13.057+0000] {processor.py:161} INFO - Started process (PID=1260) to work on /opt/airflow/dags/dag_football.py
[2024-10-22T14:02:13.058+0000] {processor.py:830} INFO - Processing file /opt/airflow/dags/dag_football.py for tasks to queue
[2024-10-22T14:02:13.060+0000] {logging_mixin.py:188} INFO - [2024-10-22T14:02:13.059+0000] {dagbag.py:545} INFO - Filling up the DagBag from /opt/airflow/dags/dag_football.py
[2024-10-22T14:02:13.070+0000] {logging_mixin.py:188} INFO - [2024-10-22T14:02:13.067+0000] {dagbag.py:355} ERROR - Failed to import: /opt/airflow/dags/dag_football.py
Traceback (most recent call last):
  File "/home/airflow/.local/lib/python3.12/site-packages/airflow/models/dagbag.py", line 351, in parse
    loader.exec_module(new_module)
  File "<frozen importlib._bootstrap_external>", line 995, in exec_module
  File "<frozen importlib._bootstrap>", line 488, in _call_with_frames_removed
  File "/opt/airflow/dags/dag_football.py", line 4, in <module>
    from src.get_wiki_data import get_wiki_data
ModuleNotFoundError: No module named 'src'
[2024-10-22T14:02:13.071+0000] {processor.py:842} WARNING - No viable dags retrieved from /opt/airflow/dags/dag_football.py
[2024-10-22T14:02:13.084+0000] {processor.py:183} INFO - Processing /opt/airflow/dags/dag_football.py took 0.031 seconds
[2024-10-22T14:02:43.483+0000] {processor.py:161} INFO - Started process (PID=1527) to work on /opt/airflow/dags/dag_football.py
[2024-10-22T14:02:43.484+0000] {processor.py:830} INFO - Processing file /opt/airflow/dags/dag_football.py for tasks to queue
[2024-10-22T14:02:43.485+0000] {logging_mixin.py:188} INFO - [2024-10-22T14:02:43.485+0000] {dagbag.py:545} INFO - Filling up the DagBag from /opt/airflow/dags/dag_football.py
[2024-10-22T14:02:43.494+0000] {logging_mixin.py:188} INFO - [2024-10-22T14:02:43.492+0000] {dagbag.py:355} ERROR - Failed to import: /opt/airflow/dags/dag_football.py
Traceback (most recent call last):
  File "/home/airflow/.local/lib/python3.12/site-packages/airflow/models/dagbag.py", line 351, in parse
    loader.exec_module(new_module)
  File "<frozen importlib._bootstrap_external>", line 995, in exec_module
  File "<frozen importlib._bootstrap>", line 488, in _call_with_frames_removed
  File "/opt/airflow/dags/dag_football.py", line 4, in <module>
    from src.get_wiki_data import get_wiki_data
ModuleNotFoundError: No module named 'src'
[2024-10-22T14:02:43.495+0000] {processor.py:842} WARNING - No viable dags retrieved from /opt/airflow/dags/dag_football.py
[2024-10-22T14:02:43.507+0000] {processor.py:183} INFO - Processing /opt/airflow/dags/dag_football.py took 0.028 seconds
[2024-10-22T14:03:13.734+0000] {processor.py:161} INFO - Started process (PID=1794) to work on /opt/airflow/dags/dag_football.py
[2024-10-22T14:03:13.735+0000] {processor.py:830} INFO - Processing file /opt/airflow/dags/dag_football.py for tasks to queue
[2024-10-22T14:03:13.736+0000] {logging_mixin.py:188} INFO - [2024-10-22T14:03:13.736+0000] {dagbag.py:545} INFO - Filling up the DagBag from /opt/airflow/dags/dag_football.py
[2024-10-22T14:03:13.745+0000] {logging_mixin.py:188} INFO - [2024-10-22T14:03:13.743+0000] {dagbag.py:355} ERROR - Failed to import: /opt/airflow/dags/dag_football.py
Traceback (most recent call last):
  File "/home/airflow/.local/lib/python3.12/site-packages/airflow/models/dagbag.py", line 351, in parse
    loader.exec_module(new_module)
  File "<frozen importlib._bootstrap_external>", line 995, in exec_module
  File "<frozen importlib._bootstrap>", line 488, in _call_with_frames_removed
  File "/opt/airflow/dags/dag_football.py", line 4, in <module>
    from src.get_wiki_data import get_wiki_data
ModuleNotFoundError: No module named 'src'
[2024-10-22T14:03:13.746+0000] {processor.py:842} WARNING - No viable dags retrieved from /opt/airflow/dags/dag_football.py
[2024-10-22T14:03:13.759+0000] {processor.py:183} INFO - Processing /opt/airflow/dags/dag_football.py took 0.028 seconds
[2024-10-22T14:03:43.975+0000] {processor.py:161} INFO - Started process (PID=2061) to work on /opt/airflow/dags/dag_football.py
[2024-10-22T14:03:43.976+0000] {processor.py:830} INFO - Processing file /opt/airflow/dags/dag_football.py for tasks to queue
[2024-10-22T14:03:43.977+0000] {logging_mixin.py:188} INFO - [2024-10-22T14:03:43.977+0000] {dagbag.py:545} INFO - Filling up the DagBag from /opt/airflow/dags/dag_football.py
[2024-10-22T14:03:43.988+0000] {logging_mixin.py:188} INFO - [2024-10-22T14:03:43.986+0000] {dagbag.py:355} ERROR - Failed to import: /opt/airflow/dags/dag_football.py
Traceback (most recent call last):
  File "/home/airflow/.local/lib/python3.12/site-packages/airflow/models/dagbag.py", line 351, in parse
    loader.exec_module(new_module)
  File "<frozen importlib._bootstrap_external>", line 995, in exec_module
  File "<frozen importlib._bootstrap>", line 488, in _call_with_frames_removed
  File "/opt/airflow/dags/dag_football.py", line 4, in <module>
    from src.get_wiki_data import get_wiki_data
ModuleNotFoundError: No module named 'src'
[2024-10-22T14:03:43.989+0000] {processor.py:842} WARNING - No viable dags retrieved from /opt/airflow/dags/dag_football.py
[2024-10-22T14:03:44.002+0000] {processor.py:183} INFO - Processing /opt/airflow/dags/dag_football.py took 0.030 seconds
[2024-10-22T14:34:24.658+0000] {processor.py:161} INFO - Started process (PID=186) to work on /opt/airflow/dags/dag_football.py
[2024-10-22T14:34:24.659+0000] {processor.py:830} INFO - Processing file /opt/airflow/dags/dag_football.py for tasks to queue
[2024-10-22T14:34:24.663+0000] {logging_mixin.py:188} INFO - [2024-10-22T14:34:24.663+0000] {dagbag.py:545} INFO - Filling up the DagBag from /opt/airflow/dags/dag_football.py
[2024-10-22T14:34:24.671+0000] {logging_mixin.py:188} INFO - [2024-10-22T14:34:24.669+0000] {dagbag.py:355} ERROR - Failed to import: /opt/airflow/dags/dag_football.py
Traceback (most recent call last):
  File "/home/airflow/.local/lib/python3.12/site-packages/airflow/models/dagbag.py", line 351, in parse
    loader.exec_module(new_module)
  File "<frozen importlib._bootstrap_external>", line 995, in exec_module
  File "<frozen importlib._bootstrap>", line 488, in _call_with_frames_removed
  File "/opt/airflow/dags/dag_football.py", line 4, in <module>
    from src.get_wiki_data import get_wiki_data
ModuleNotFoundError: No module named 'src'
[2024-10-22T14:34:24.671+0000] {processor.py:842} WARNING - No viable dags retrieved from /opt/airflow/dags/dag_football.py
[2024-10-22T14:34:24.686+0000] {processor.py:183} INFO - Processing /opt/airflow/dags/dag_football.py took 0.032 seconds
[2024-10-22T14:34:55.183+0000] {processor.py:161} INFO - Started process (PID=453) to work on /opt/airflow/dags/dag_football.py
[2024-10-22T14:34:55.184+0000] {processor.py:830} INFO - Processing file /opt/airflow/dags/dag_football.py for tasks to queue
[2024-10-22T14:34:55.185+0000] {logging_mixin.py:188} INFO - [2024-10-22T14:34:55.185+0000] {dagbag.py:545} INFO - Filling up the DagBag from /opt/airflow/dags/dag_football.py
[2024-10-22T14:34:55.195+0000] {logging_mixin.py:188} INFO - [2024-10-22T14:34:55.192+0000] {dagbag.py:355} ERROR - Failed to import: /opt/airflow/dags/dag_football.py
Traceback (most recent call last):
  File "/home/airflow/.local/lib/python3.12/site-packages/airflow/models/dagbag.py", line 351, in parse
    loader.exec_module(new_module)
  File "<frozen importlib._bootstrap_external>", line 995, in exec_module
  File "<frozen importlib._bootstrap>", line 488, in _call_with_frames_removed
  File "/opt/airflow/dags/dag_football.py", line 4, in <module>
    from src.get_wiki_data import get_wiki_data
ModuleNotFoundError: No module named 'src'
[2024-10-22T14:34:55.196+0000] {processor.py:842} WARNING - No viable dags retrieved from /opt/airflow/dags/dag_football.py
[2024-10-22T14:34:55.209+0000] {processor.py:183} INFO - Processing /opt/airflow/dags/dag_football.py took 0.030 seconds
[2024-10-22T14:35:25.287+0000] {processor.py:161} INFO - Started process (PID=720) to work on /opt/airflow/dags/dag_football.py
[2024-10-22T14:35:25.287+0000] {processor.py:830} INFO - Processing file /opt/airflow/dags/dag_football.py for tasks to queue
[2024-10-22T14:35:25.288+0000] {logging_mixin.py:188} INFO - [2024-10-22T14:35:25.288+0000] {dagbag.py:545} INFO - Filling up the DagBag from /opt/airflow/dags/dag_football.py
[2024-10-22T14:35:25.298+0000] {logging_mixin.py:188} INFO - [2024-10-22T14:35:25.296+0000] {dagbag.py:355} ERROR - Failed to import: /opt/airflow/dags/dag_football.py
Traceback (most recent call last):
  File "/home/airflow/.local/lib/python3.12/site-packages/airflow/models/dagbag.py", line 351, in parse
    loader.exec_module(new_module)
  File "<frozen importlib._bootstrap_external>", line 995, in exec_module
  File "<frozen importlib._bootstrap>", line 488, in _call_with_frames_removed
  File "/opt/airflow/dags/dag_football.py", line 4, in <module>
    from src.get_wiki_data import get_wiki_data
ModuleNotFoundError: No module named 'src'
[2024-10-22T14:35:25.299+0000] {processor.py:842} WARNING - No viable dags retrieved from /opt/airflow/dags/dag_football.py
[2024-10-22T14:35:25.312+0000] {processor.py:183} INFO - Processing /opt/airflow/dags/dag_football.py took 0.029 seconds
[2024-10-22T14:35:55.453+0000] {processor.py:161} INFO - Started process (PID=987) to work on /opt/airflow/dags/dag_football.py
[2024-10-22T14:35:55.453+0000] {processor.py:830} INFO - Processing file /opt/airflow/dags/dag_football.py for tasks to queue
[2024-10-22T14:35:55.454+0000] {logging_mixin.py:188} INFO - [2024-10-22T14:35:55.454+0000] {dagbag.py:545} INFO - Filling up the DagBag from /opt/airflow/dags/dag_football.py
[2024-10-22T14:35:55.462+0000] {logging_mixin.py:188} INFO - [2024-10-22T14:35:55.460+0000] {dagbag.py:355} ERROR - Failed to import: /opt/airflow/dags/dag_football.py
Traceback (most recent call last):
  File "/home/airflow/.local/lib/python3.12/site-packages/airflow/models/dagbag.py", line 351, in parse
    loader.exec_module(new_module)
  File "<frozen importlib._bootstrap_external>", line 995, in exec_module
  File "<frozen importlib._bootstrap>", line 488, in _call_with_frames_removed
  File "/opt/airflow/dags/dag_football.py", line 4, in <module>
    from src.get_wiki_data import get_wiki_data
ModuleNotFoundError: No module named 'src'
[2024-10-22T14:35:55.463+0000] {processor.py:842} WARNING - No viable dags retrieved from /opt/airflow/dags/dag_football.py
[2024-10-22T14:35:55.476+0000] {processor.py:183} INFO - Processing /opt/airflow/dags/dag_football.py took 0.028 seconds
[2024-10-22T14:36:25.766+0000] {processor.py:161} INFO - Started process (PID=1260) to work on /opt/airflow/dags/dag_football.py
[2024-10-22T14:36:25.766+0000] {processor.py:830} INFO - Processing file /opt/airflow/dags/dag_football.py for tasks to queue
[2024-10-22T14:36:25.768+0000] {logging_mixin.py:188} INFO - [2024-10-22T14:36:25.768+0000] {dagbag.py:545} INFO - Filling up the DagBag from /opt/airflow/dags/dag_football.py
[2024-10-22T14:36:25.776+0000] {logging_mixin.py:188} INFO - [2024-10-22T14:36:25.774+0000] {dagbag.py:355} ERROR - Failed to import: /opt/airflow/dags/dag_football.py
Traceback (most recent call last):
  File "/home/airflow/.local/lib/python3.12/site-packages/airflow/models/dagbag.py", line 351, in parse
    loader.exec_module(new_module)
  File "<frozen importlib._bootstrap_external>", line 995, in exec_module
  File "<frozen importlib._bootstrap>", line 488, in _call_with_frames_removed
  File "/opt/airflow/dags/dag_football.py", line 4, in <module>
    from src.get_wiki_data import get_wiki_data
ModuleNotFoundError: No module named 'src'
[2024-10-22T14:36:25.777+0000] {processor.py:842} WARNING - No viable dags retrieved from /opt/airflow/dags/dag_football.py
[2024-10-22T14:36:25.790+0000] {processor.py:183} INFO - Processing /opt/airflow/dags/dag_football.py took 0.027 seconds
[2024-10-22T14:36:56.107+0000] {processor.py:161} INFO - Started process (PID=1527) to work on /opt/airflow/dags/dag_football.py
[2024-10-22T14:36:56.107+0000] {processor.py:830} INFO - Processing file /opt/airflow/dags/dag_football.py for tasks to queue
[2024-10-22T14:36:56.109+0000] {logging_mixin.py:188} INFO - [2024-10-22T14:36:56.109+0000] {dagbag.py:545} INFO - Filling up the DagBag from /opt/airflow/dags/dag_football.py
[2024-10-22T14:36:56.117+0000] {logging_mixin.py:188} INFO - [2024-10-22T14:36:56.115+0000] {dagbag.py:355} ERROR - Failed to import: /opt/airflow/dags/dag_football.py
Traceback (most recent call last):
  File "/home/airflow/.local/lib/python3.12/site-packages/airflow/models/dagbag.py", line 351, in parse
    loader.exec_module(new_module)
  File "<frozen importlib._bootstrap_external>", line 995, in exec_module
  File "<frozen importlib._bootstrap>", line 488, in _call_with_frames_removed
  File "/opt/airflow/dags/dag_football.py", line 4, in <module>
    from src.get_wiki_data import get_wiki_data
ModuleNotFoundError: No module named 'src'
[2024-10-22T14:36:56.118+0000] {processor.py:842} WARNING - No viable dags retrieved from /opt/airflow/dags/dag_football.py
[2024-10-22T14:36:56.130+0000] {processor.py:183} INFO - Processing /opt/airflow/dags/dag_football.py took 0.027 seconds
[2024-10-22T14:37:26.327+0000] {processor.py:161} INFO - Started process (PID=1794) to work on /opt/airflow/dags/dag_football.py
[2024-10-22T14:37:26.328+0000] {processor.py:830} INFO - Processing file /opt/airflow/dags/dag_football.py for tasks to queue
[2024-10-22T14:37:26.329+0000] {logging_mixin.py:188} INFO - [2024-10-22T14:37:26.329+0000] {dagbag.py:545} INFO - Filling up the DagBag from /opt/airflow/dags/dag_football.py
[2024-10-22T14:37:26.339+0000] {logging_mixin.py:188} INFO - [2024-10-22T14:37:26.337+0000] {dagbag.py:355} ERROR - Failed to import: /opt/airflow/dags/dag_football.py
Traceback (most recent call last):
  File "/home/airflow/.local/lib/python3.12/site-packages/airflow/models/dagbag.py", line 351, in parse
    loader.exec_module(new_module)
  File "<frozen importlib._bootstrap_external>", line 995, in exec_module
  File "<frozen importlib._bootstrap>", line 488, in _call_with_frames_removed
  File "/opt/airflow/dags/dag_football.py", line 4, in <module>
    from src.get_wiki_data import get_wiki_data
ModuleNotFoundError: No module named 'src'
[2024-10-22T14:37:26.340+0000] {processor.py:842} WARNING - No viable dags retrieved from /opt/airflow/dags/dag_football.py
[2024-10-22T14:37:26.353+0000] {processor.py:183} INFO - Processing /opt/airflow/dags/dag_football.py took 0.030 seconds
[2024-10-22T14:37:56.520+0000] {processor.py:161} INFO - Started process (PID=2061) to work on /opt/airflow/dags/dag_football.py
[2024-10-22T14:37:56.521+0000] {processor.py:830} INFO - Processing file /opt/airflow/dags/dag_football.py for tasks to queue
[2024-10-22T14:37:56.522+0000] {logging_mixin.py:188} INFO - [2024-10-22T14:37:56.522+0000] {dagbag.py:545} INFO - Filling up the DagBag from /opt/airflow/dags/dag_football.py
[2024-10-22T14:37:56.529+0000] {logging_mixin.py:188} INFO - [2024-10-22T14:37:56.528+0000] {dagbag.py:355} ERROR - Failed to import: /opt/airflow/dags/dag_football.py
Traceback (most recent call last):
  File "/home/airflow/.local/lib/python3.12/site-packages/airflow/models/dagbag.py", line 351, in parse
    loader.exec_module(new_module)
  File "<frozen importlib._bootstrap_external>", line 995, in exec_module
  File "<frozen importlib._bootstrap>", line 488, in _call_with_frames_removed
  File "/opt/airflow/dags/dag_football.py", line 4, in <module>
    from src.get_wiki_data import get_wiki_data
ModuleNotFoundError: No module named 'src'
[2024-10-22T14:37:56.530+0000] {processor.py:842} WARNING - No viable dags retrieved from /opt/airflow/dags/dag_football.py
[2024-10-22T14:37:56.543+0000] {processor.py:183} INFO - Processing /opt/airflow/dags/dag_football.py took 0.026 seconds
[2024-10-22T14:38:26.606+0000] {processor.py:161} INFO - Started process (PID=2328) to work on /opt/airflow/dags/dag_football.py
[2024-10-22T14:38:26.606+0000] {processor.py:830} INFO - Processing file /opt/airflow/dags/dag_football.py for tasks to queue
[2024-10-22T14:38:26.608+0000] {logging_mixin.py:188} INFO - [2024-10-22T14:38:26.607+0000] {dagbag.py:545} INFO - Filling up the DagBag from /opt/airflow/dags/dag_football.py
[2024-10-22T14:38:26.616+0000] {logging_mixin.py:188} INFO - [2024-10-22T14:38:26.614+0000] {dagbag.py:355} ERROR - Failed to import: /opt/airflow/dags/dag_football.py
Traceback (most recent call last):
  File "/home/airflow/.local/lib/python3.12/site-packages/airflow/models/dagbag.py", line 351, in parse
    loader.exec_module(new_module)
  File "<frozen importlib._bootstrap_external>", line 995, in exec_module
  File "<frozen importlib._bootstrap>", line 488, in _call_with_frames_removed
  File "/opt/airflow/dags/dag_football.py", line 4, in <module>
    from src.get_wiki_data import get_wiki_data
ModuleNotFoundError: No module named 'src'
[2024-10-22T14:38:26.616+0000] {processor.py:842} WARNING - No viable dags retrieved from /opt/airflow/dags/dag_football.py
[2024-10-22T14:38:26.632+0000] {processor.py:183} INFO - Processing /opt/airflow/dags/dag_football.py took 0.030 seconds
[2024-10-22T14:38:56.729+0000] {processor.py:161} INFO - Started process (PID=2595) to work on /opt/airflow/dags/dag_football.py
[2024-10-22T14:38:56.729+0000] {processor.py:830} INFO - Processing file /opt/airflow/dags/dag_football.py for tasks to queue
[2024-10-22T14:38:56.731+0000] {logging_mixin.py:188} INFO - [2024-10-22T14:38:56.730+0000] {dagbag.py:545} INFO - Filling up the DagBag from /opt/airflow/dags/dag_football.py
[2024-10-22T14:38:56.738+0000] {logging_mixin.py:188} INFO - [2024-10-22T14:38:56.737+0000] {dagbag.py:355} ERROR - Failed to import: /opt/airflow/dags/dag_football.py
Traceback (most recent call last):
  File "/home/airflow/.local/lib/python3.12/site-packages/airflow/models/dagbag.py", line 351, in parse
    loader.exec_module(new_module)
  File "<frozen importlib._bootstrap_external>", line 995, in exec_module
  File "<frozen importlib._bootstrap>", line 488, in _call_with_frames_removed
  File "/opt/airflow/dags/dag_football.py", line 4, in <module>
    from src.get_wiki_data import get_wiki_data
ModuleNotFoundError: No module named 'src'
[2024-10-22T14:38:56.739+0000] {processor.py:842} WARNING - No viable dags retrieved from /opt/airflow/dags/dag_football.py
[2024-10-22T14:38:56.752+0000] {processor.py:183} INFO - Processing /opt/airflow/dags/dag_football.py took 0.027 seconds
[2024-10-22T14:39:27.335+0000] {processor.py:161} INFO - Started process (PID=2862) to work on /opt/airflow/dags/dag_football.py
[2024-10-22T14:39:27.336+0000] {processor.py:830} INFO - Processing file /opt/airflow/dags/dag_football.py for tasks to queue
[2024-10-22T14:39:27.337+0000] {logging_mixin.py:188} INFO - [2024-10-22T14:39:27.337+0000] {dagbag.py:545} INFO - Filling up the DagBag from /opt/airflow/dags/dag_football.py
[2024-10-22T14:39:27.345+0000] {logging_mixin.py:188} INFO - [2024-10-22T14:39:27.343+0000] {dagbag.py:355} ERROR - Failed to import: /opt/airflow/dags/dag_football.py
Traceback (most recent call last):
  File "/home/airflow/.local/lib/python3.12/site-packages/airflow/models/dagbag.py", line 351, in parse
    loader.exec_module(new_module)
  File "<frozen importlib._bootstrap_external>", line 995, in exec_module
  File "<frozen importlib._bootstrap>", line 488, in _call_with_frames_removed
  File "/opt/airflow/dags/dag_football.py", line 4, in <module>
    from src.get_wiki_data import get_wiki_data
ModuleNotFoundError: No module named 'src'
[2024-10-22T14:39:27.345+0000] {processor.py:842} WARNING - No viable dags retrieved from /opt/airflow/dags/dag_football.py
[2024-10-22T14:39:27.358+0000] {processor.py:183} INFO - Processing /opt/airflow/dags/dag_football.py took 0.026 seconds
[2024-10-22T14:39:57.456+0000] {processor.py:161} INFO - Started process (PID=3129) to work on /opt/airflow/dags/dag_football.py
[2024-10-22T14:39:57.457+0000] {processor.py:830} INFO - Processing file /opt/airflow/dags/dag_football.py for tasks to queue
[2024-10-22T14:39:57.458+0000] {logging_mixin.py:188} INFO - [2024-10-22T14:39:57.458+0000] {dagbag.py:545} INFO - Filling up the DagBag from /opt/airflow/dags/dag_football.py
[2024-10-22T14:39:57.465+0000] {logging_mixin.py:188} INFO - [2024-10-22T14:39:57.464+0000] {dagbag.py:355} ERROR - Failed to import: /opt/airflow/dags/dag_football.py
Traceback (most recent call last):
  File "/home/airflow/.local/lib/python3.12/site-packages/airflow/models/dagbag.py", line 351, in parse
    loader.exec_module(new_module)
  File "<frozen importlib._bootstrap_external>", line 995, in exec_module
  File "<frozen importlib._bootstrap>", line 488, in _call_with_frames_removed
  File "/opt/airflow/dags/dag_football.py", line 4, in <module>
    from src.get_wiki_data import get_wiki_data
ModuleNotFoundError: No module named 'src'
[2024-10-22T14:39:57.466+0000] {processor.py:842} WARNING - No viable dags retrieved from /opt/airflow/dags/dag_football.py
[2024-10-22T14:39:57.479+0000] {processor.py:183} INFO - Processing /opt/airflow/dags/dag_football.py took 0.026 seconds
[2024-10-22T14:40:27.728+0000] {processor.py:161} INFO - Started process (PID=3396) to work on /opt/airflow/dags/dag_football.py
[2024-10-22T14:40:27.729+0000] {processor.py:830} INFO - Processing file /opt/airflow/dags/dag_football.py for tasks to queue
[2024-10-22T14:40:27.730+0000] {logging_mixin.py:188} INFO - [2024-10-22T14:40:27.730+0000] {dagbag.py:545} INFO - Filling up the DagBag from /opt/airflow/dags/dag_football.py
[2024-10-22T14:40:27.738+0000] {logging_mixin.py:188} INFO - [2024-10-22T14:40:27.736+0000] {dagbag.py:355} ERROR - Failed to import: /opt/airflow/dags/dag_football.py
Traceback (most recent call last):
  File "/home/airflow/.local/lib/python3.12/site-packages/airflow/models/dagbag.py", line 351, in parse
    loader.exec_module(new_module)
  File "<frozen importlib._bootstrap_external>", line 995, in exec_module
  File "<frozen importlib._bootstrap>", line 488, in _call_with_frames_removed
  File "/opt/airflow/dags/dag_football.py", line 4, in <module>
    from src.get_wiki_data import get_wiki_data
ModuleNotFoundError: No module named 'src'
[2024-10-22T14:40:27.739+0000] {processor.py:842} WARNING - No viable dags retrieved from /opt/airflow/dags/dag_football.py
[2024-10-22T14:40:27.752+0000] {processor.py:183} INFO - Processing /opt/airflow/dags/dag_football.py took 0.028 seconds
[2024-10-22T14:40:57.932+0000] {processor.py:161} INFO - Started process (PID=3663) to work on /opt/airflow/dags/dag_football.py
[2024-10-22T14:40:57.932+0000] {processor.py:830} INFO - Processing file /opt/airflow/dags/dag_football.py for tasks to queue
[2024-10-22T14:40:57.934+0000] {logging_mixin.py:188} INFO - [2024-10-22T14:40:57.933+0000] {dagbag.py:545} INFO - Filling up the DagBag from /opt/airflow/dags/dag_football.py
[2024-10-22T14:40:57.942+0000] {logging_mixin.py:188} INFO - [2024-10-22T14:40:57.940+0000] {dagbag.py:355} ERROR - Failed to import: /opt/airflow/dags/dag_football.py
Traceback (most recent call last):
  File "/home/airflow/.local/lib/python3.12/site-packages/airflow/models/dagbag.py", line 351, in parse
    loader.exec_module(new_module)
  File "<frozen importlib._bootstrap_external>", line 995, in exec_module
  File "<frozen importlib._bootstrap>", line 488, in _call_with_frames_removed
  File "/opt/airflow/dags/dag_football.py", line 4, in <module>
    from src.get_wiki_data import get_wiki_data
ModuleNotFoundError: No module named 'src'
[2024-10-22T14:40:57.943+0000] {processor.py:842} WARNING - No viable dags retrieved from /opt/airflow/dags/dag_football.py
[2024-10-22T14:40:57.959+0000] {processor.py:183} INFO - Processing /opt/airflow/dags/dag_football.py took 0.031 seconds
[2024-10-22T14:41:28.017+0000] {processor.py:161} INFO - Started process (PID=3930) to work on /opt/airflow/dags/dag_football.py
[2024-10-22T14:41:28.018+0000] {processor.py:830} INFO - Processing file /opt/airflow/dags/dag_football.py for tasks to queue
[2024-10-22T14:41:28.019+0000] {logging_mixin.py:188} INFO - [2024-10-22T14:41:28.019+0000] {dagbag.py:545} INFO - Filling up the DagBag from /opt/airflow/dags/dag_football.py
[2024-10-22T14:41:28.027+0000] {logging_mixin.py:188} INFO - [2024-10-22T14:41:28.025+0000] {dagbag.py:355} ERROR - Failed to import: /opt/airflow/dags/dag_football.py
Traceback (most recent call last):
  File "/home/airflow/.local/lib/python3.12/site-packages/airflow/models/dagbag.py", line 351, in parse
    loader.exec_module(new_module)
  File "<frozen importlib._bootstrap_external>", line 995, in exec_module
  File "<frozen importlib._bootstrap>", line 488, in _call_with_frames_removed
  File "/opt/airflow/dags/dag_football.py", line 4, in <module>
    from src.get_wiki_data import get_wiki_data
ModuleNotFoundError: No module named 'src'
[2024-10-22T14:41:28.027+0000] {processor.py:842} WARNING - No viable dags retrieved from /opt/airflow/dags/dag_football.py
[2024-10-22T14:41:28.040+0000] {processor.py:183} INFO - Processing /opt/airflow/dags/dag_football.py took 0.027 seconds
[2024-10-22T14:41:58.343+0000] {processor.py:161} INFO - Started process (PID=4197) to work on /opt/airflow/dags/dag_football.py
[2024-10-22T14:41:58.343+0000] {processor.py:830} INFO - Processing file /opt/airflow/dags/dag_football.py for tasks to queue
[2024-10-22T14:41:58.344+0000] {logging_mixin.py:188} INFO - [2024-10-22T14:41:58.344+0000] {dagbag.py:545} INFO - Filling up the DagBag from /opt/airflow/dags/dag_football.py
[2024-10-22T14:41:58.352+0000] {logging_mixin.py:188} INFO - [2024-10-22T14:41:58.350+0000] {dagbag.py:355} ERROR - Failed to import: /opt/airflow/dags/dag_football.py
Traceback (most recent call last):
  File "/home/airflow/.local/lib/python3.12/site-packages/airflow/models/dagbag.py", line 351, in parse
    loader.exec_module(new_module)
  File "<frozen importlib._bootstrap_external>", line 995, in exec_module
  File "<frozen importlib._bootstrap>", line 488, in _call_with_frames_removed
  File "/opt/airflow/dags/dag_football.py", line 4, in <module>
    from src.get_wiki_data import get_wiki_data
ModuleNotFoundError: No module named 'src'
[2024-10-22T14:41:58.353+0000] {processor.py:842} WARNING - No viable dags retrieved from /opt/airflow/dags/dag_football.py
[2024-10-22T14:41:58.365+0000] {processor.py:183} INFO - Processing /opt/airflow/dags/dag_football.py took 0.027 seconds
[2024-10-22T14:42:47.104+0000] {processor.py:161} INFO - Started process (PID=186) to work on /opt/airflow/dags/dag_football.py
[2024-10-22T14:42:47.104+0000] {processor.py:830} INFO - Processing file /opt/airflow/dags/dag_football.py for tasks to queue
[2024-10-22T14:42:47.108+0000] {logging_mixin.py:188} INFO - [2024-10-22T14:42:47.108+0000] {dagbag.py:545} INFO - Filling up the DagBag from /opt/airflow/dags/dag_football.py
[2024-10-22T14:42:47.138+0000] {processor.py:840} INFO - DAG(s) 'dag_football' retrieved from /opt/airflow/dags/dag_football.py
[2024-10-22T14:42:47.316+0000] {logging_mixin.py:188} INFO - [2024-10-22T14:42:47.315+0000] {override.py:1858} INFO - Created Permission View: can delete on DAG:dag_football
[2024-10-22T14:42:47.323+0000] {logging_mixin.py:188} INFO - [2024-10-22T14:42:47.323+0000] {override.py:1858} INFO - Created Permission View: can read on DAG:dag_football
[2024-10-22T14:42:47.327+0000] {logging_mixin.py:188} INFO - [2024-10-22T14:42:47.327+0000] {override.py:1858} INFO - Created Permission View: can edit on DAG:dag_football
[2024-10-22T14:42:47.327+0000] {logging_mixin.py:188} INFO - [2024-10-22T14:42:47.327+0000] {dag.py:3089} INFO - Sync 1 DAGs
[2024-10-22T14:42:47.335+0000] {logging_mixin.py:188} INFO - [2024-10-22T14:42:47.334+0000] {dag.py:3111} INFO - Creating ORM DAG for dag_football
[2024-10-22T14:42:47.335+0000] {logging_mixin.py:188} INFO - [2024-10-22T14:42:47.335+0000] {dag.py:3947} INFO - Setting next_dagrun for dag_football to None, run_after=None
[2024-10-22T14:42:47.348+0000] {processor.py:183} INFO - Processing /opt/airflow/dags/dag_football.py took 0.248 seconds
[2024-10-22T14:43:17.797+0000] {processor.py:161} INFO - Started process (PID=459) to work on /opt/airflow/dags/dag_football.py
[2024-10-22T14:43:17.798+0000] {processor.py:830} INFO - Processing file /opt/airflow/dags/dag_football.py for tasks to queue
[2024-10-22T14:43:17.799+0000] {logging_mixin.py:188} INFO - [2024-10-22T14:43:17.799+0000] {dagbag.py:545} INFO - Filling up the DagBag from /opt/airflow/dags/dag_football.py
[2024-10-22T14:43:17.812+0000] {processor.py:840} INFO - DAG(s) 'dag_football' retrieved from /opt/airflow/dags/dag_football.py
[2024-10-22T14:43:17.824+0000] {logging_mixin.py:188} INFO - [2024-10-22T14:43:17.824+0000] {dag.py:3089} INFO - Sync 1 DAGs
[2024-10-22T14:43:17.833+0000] {logging_mixin.py:188} INFO - [2024-10-22T14:43:17.833+0000] {dag.py:3947} INFO - Setting next_dagrun for dag_football to None, run_after=None
[2024-10-22T14:43:17.845+0000] {processor.py:183} INFO - Processing /opt/airflow/dags/dag_football.py took 0.052 seconds
[2024-10-22T14:43:48.249+0000] {processor.py:161} INFO - Started process (PID=729) to work on /opt/airflow/dags/dag_football.py
[2024-10-22T14:43:48.250+0000] {processor.py:830} INFO - Processing file /opt/airflow/dags/dag_football.py for tasks to queue
[2024-10-22T14:43:48.251+0000] {logging_mixin.py:188} INFO - [2024-10-22T14:43:48.251+0000] {dagbag.py:545} INFO - Filling up the DagBag from /opt/airflow/dags/dag_football.py
[2024-10-22T14:43:48.263+0000] {processor.py:840} INFO - DAG(s) 'dag_football' retrieved from /opt/airflow/dags/dag_football.py
[2024-10-22T14:43:48.276+0000] {logging_mixin.py:188} INFO - [2024-10-22T14:43:48.276+0000] {dag.py:3089} INFO - Sync 1 DAGs
[2024-10-22T14:43:48.285+0000] {logging_mixin.py:188} INFO - [2024-10-22T14:43:48.285+0000] {dag.py:3947} INFO - Setting next_dagrun for dag_football to None, run_after=None
[2024-10-22T14:43:48.298+0000] {processor.py:183} INFO - Processing /opt/airflow/dags/dag_football.py took 0.052 seconds
[2024-10-22T14:44:18.599+0000] {processor.py:161} INFO - Started process (PID=996) to work on /opt/airflow/dags/dag_football.py
[2024-10-22T14:44:18.600+0000] {processor.py:830} INFO - Processing file /opt/airflow/dags/dag_football.py for tasks to queue
[2024-10-22T14:44:18.601+0000] {logging_mixin.py:188} INFO - [2024-10-22T14:44:18.601+0000] {dagbag.py:545} INFO - Filling up the DagBag from /opt/airflow/dags/dag_football.py
[2024-10-22T14:44:18.613+0000] {processor.py:840} INFO - DAG(s) 'dag_football' retrieved from /opt/airflow/dags/dag_football.py
[2024-10-22T14:44:18.625+0000] {logging_mixin.py:188} INFO - [2024-10-22T14:44:18.625+0000] {dag.py:3089} INFO - Sync 1 DAGs
[2024-10-22T14:44:18.633+0000] {logging_mixin.py:188} INFO - [2024-10-22T14:44:18.633+0000] {dag.py:3947} INFO - Setting next_dagrun for dag_football to None, run_after=None
[2024-10-22T14:44:18.646+0000] {processor.py:183} INFO - Processing /opt/airflow/dags/dag_football.py took 0.051 seconds
[2024-10-22T14:44:48.738+0000] {processor.py:161} INFO - Started process (PID=1268) to work on /opt/airflow/dags/dag_football.py
[2024-10-22T14:44:48.739+0000] {processor.py:830} INFO - Processing file /opt/airflow/dags/dag_football.py for tasks to queue
[2024-10-22T14:44:48.740+0000] {logging_mixin.py:188} INFO - [2024-10-22T14:44:48.740+0000] {dagbag.py:545} INFO - Filling up the DagBag from /opt/airflow/dags/dag_football.py
[2024-10-22T14:44:48.751+0000] {processor.py:840} INFO - DAG(s) 'dag_football' retrieved from /opt/airflow/dags/dag_football.py
[2024-10-22T14:44:48.764+0000] {logging_mixin.py:188} INFO - [2024-10-22T14:44:48.764+0000] {dag.py:3089} INFO - Sync 1 DAGs
[2024-10-22T14:44:48.773+0000] {logging_mixin.py:188} INFO - [2024-10-22T14:44:48.773+0000] {dag.py:3947} INFO - Setting next_dagrun for dag_football to None, run_after=None
[2024-10-22T14:44:48.784+0000] {processor.py:183} INFO - Processing /opt/airflow/dags/dag_football.py took 0.050 seconds
[2024-10-22T14:45:19.272+0000] {processor.py:161} INFO - Started process (PID=1530) to work on /opt/airflow/dags/dag_football.py
[2024-10-22T14:45:19.273+0000] {processor.py:830} INFO - Processing file /opt/airflow/dags/dag_football.py for tasks to queue
[2024-10-22T14:45:19.274+0000] {logging_mixin.py:188} INFO - [2024-10-22T14:45:19.274+0000] {dagbag.py:545} INFO - Filling up the DagBag from /opt/airflow/dags/dag_football.py
[2024-10-22T14:45:19.286+0000] {processor.py:840} INFO - DAG(s) 'dag_football' retrieved from /opt/airflow/dags/dag_football.py
[2024-10-22T14:45:19.299+0000] {logging_mixin.py:188} INFO - [2024-10-22T14:45:19.299+0000] {dag.py:3089} INFO - Sync 1 DAGs
[2024-10-22T14:45:19.308+0000] {logging_mixin.py:188} INFO - [2024-10-22T14:45:19.308+0000] {dag.py:3947} INFO - Setting next_dagrun for dag_football to None, run_after=None
[2024-10-22T14:45:19.321+0000] {processor.py:183} INFO - Processing /opt/airflow/dags/dag_football.py took 0.053 seconds
[2024-10-22T14:45:49.501+0000] {processor.py:161} INFO - Started process (PID=1797) to work on /opt/airflow/dags/dag_football.py
[2024-10-22T14:45:49.502+0000] {processor.py:830} INFO - Processing file /opt/airflow/dags/dag_football.py for tasks to queue
[2024-10-22T14:45:49.504+0000] {logging_mixin.py:188} INFO - [2024-10-22T14:45:49.504+0000] {dagbag.py:545} INFO - Filling up the DagBag from /opt/airflow/dags/dag_football.py
[2024-10-22T14:45:49.526+0000] {processor.py:840} INFO - DAG(s) 'dag_football' retrieved from /opt/airflow/dags/dag_football.py
[2024-10-22T14:45:49.539+0000] {logging_mixin.py:188} INFO - [2024-10-22T14:45:49.539+0000] {dag.py:3089} INFO - Sync 1 DAGs
[2024-10-22T14:45:49.548+0000] {logging_mixin.py:188} INFO - [2024-10-22T14:45:49.548+0000] {dag.py:3947} INFO - Setting next_dagrun for dag_football to None, run_after=None
[2024-10-22T14:45:49.563+0000] {processor.py:183} INFO - Processing /opt/airflow/dags/dag_football.py took 0.066 seconds
[2024-10-22T14:46:20.131+0000] {processor.py:161} INFO - Started process (PID=2064) to work on /opt/airflow/dags/dag_football.py
[2024-10-22T14:46:20.132+0000] {processor.py:830} INFO - Processing file /opt/airflow/dags/dag_football.py for tasks to queue
[2024-10-22T14:46:20.133+0000] {logging_mixin.py:188} INFO - [2024-10-22T14:46:20.133+0000] {dagbag.py:545} INFO - Filling up the DagBag from /opt/airflow/dags/dag_football.py
[2024-10-22T14:46:20.164+0000] {processor.py:840} INFO - DAG(s) 'dag_football' retrieved from /opt/airflow/dags/dag_football.py
[2024-10-22T14:46:20.181+0000] {logging_mixin.py:188} INFO - [2024-10-22T14:46:20.180+0000] {dag.py:3089} INFO - Sync 1 DAGs
[2024-10-22T14:46:20.193+0000] {logging_mixin.py:188} INFO - [2024-10-22T14:46:20.193+0000] {dag.py:3947} INFO - Setting next_dagrun for dag_football to None, run_after=None
[2024-10-22T14:46:20.210+0000] {processor.py:183} INFO - Processing /opt/airflow/dags/dag_football.py took 0.084 seconds
[2024-10-22T14:46:50.364+0000] {processor.py:161} INFO - Started process (PID=2331) to work on /opt/airflow/dags/dag_football.py
[2024-10-22T14:46:50.365+0000] {processor.py:830} INFO - Processing file /opt/airflow/dags/dag_football.py for tasks to queue
[2024-10-22T14:46:50.367+0000] {logging_mixin.py:188} INFO - [2024-10-22T14:46:50.367+0000] {dagbag.py:545} INFO - Filling up the DagBag from /opt/airflow/dags/dag_football.py
[2024-10-22T14:46:50.394+0000] {processor.py:840} INFO - DAG(s) 'dag_football' retrieved from /opt/airflow/dags/dag_football.py
[2024-10-22T14:46:50.410+0000] {logging_mixin.py:188} INFO - [2024-10-22T14:46:50.410+0000] {dag.py:3089} INFO - Sync 1 DAGs
[2024-10-22T14:46:50.420+0000] {logging_mixin.py:188} INFO - [2024-10-22T14:46:50.419+0000] {dag.py:3947} INFO - Setting next_dagrun for dag_football to None, run_after=None
[2024-10-22T14:46:50.435+0000] {processor.py:183} INFO - Processing /opt/airflow/dags/dag_football.py took 0.077 seconds
[2024-10-22T14:47:20.836+0000] {processor.py:161} INFO - Started process (PID=2601) to work on /opt/airflow/dags/dag_football.py
[2024-10-22T14:47:20.837+0000] {processor.py:830} INFO - Processing file /opt/airflow/dags/dag_football.py for tasks to queue
[2024-10-22T14:47:20.839+0000] {logging_mixin.py:188} INFO - [2024-10-22T14:47:20.838+0000] {dagbag.py:545} INFO - Filling up the DagBag from /opt/airflow/dags/dag_football.py
[2024-10-22T14:47:20.851+0000] {processor.py:840} INFO - DAG(s) 'dag_football' retrieved from /opt/airflow/dags/dag_football.py
[2024-10-22T14:47:20.864+0000] {logging_mixin.py:188} INFO - [2024-10-22T14:47:20.864+0000] {dag.py:3089} INFO - Sync 1 DAGs
[2024-10-22T14:47:20.872+0000] {logging_mixin.py:188} INFO - [2024-10-22T14:47:20.872+0000] {dag.py:3947} INFO - Setting next_dagrun for dag_football to None, run_after=None
[2024-10-22T14:47:20.885+0000] {processor.py:183} INFO - Processing /opt/airflow/dags/dag_football.py took 0.053 seconds
[2024-10-22T14:47:51.154+0000] {processor.py:161} INFO - Started process (PID=2868) to work on /opt/airflow/dags/dag_football.py
[2024-10-22T14:47:51.154+0000] {processor.py:830} INFO - Processing file /opt/airflow/dags/dag_football.py for tasks to queue
[2024-10-22T14:47:51.156+0000] {logging_mixin.py:188} INFO - [2024-10-22T14:47:51.156+0000] {dagbag.py:545} INFO - Filling up the DagBag from /opt/airflow/dags/dag_football.py
[2024-10-22T14:47:51.167+0000] {processor.py:840} INFO - DAG(s) 'dag_football' retrieved from /opt/airflow/dags/dag_football.py
[2024-10-22T14:47:51.179+0000] {logging_mixin.py:188} INFO - [2024-10-22T14:47:51.179+0000] {dag.py:3089} INFO - Sync 1 DAGs
[2024-10-22T14:47:51.187+0000] {logging_mixin.py:188} INFO - [2024-10-22T14:47:51.187+0000] {dag.py:3947} INFO - Setting next_dagrun for dag_football to None, run_after=None
[2024-10-22T14:47:51.199+0000] {processor.py:183} INFO - Processing /opt/airflow/dags/dag_football.py took 0.049 seconds
[2024-10-22T14:48:21.435+0000] {processor.py:161} INFO - Started process (PID=3135) to work on /opt/airflow/dags/dag_football.py
[2024-10-22T14:48:21.436+0000] {processor.py:830} INFO - Processing file /opt/airflow/dags/dag_football.py for tasks to queue
[2024-10-22T14:48:21.437+0000] {logging_mixin.py:188} INFO - [2024-10-22T14:48:21.437+0000] {dagbag.py:545} INFO - Filling up the DagBag from /opt/airflow/dags/dag_football.py
[2024-10-22T14:48:21.449+0000] {processor.py:840} INFO - DAG(s) 'dag_football' retrieved from /opt/airflow/dags/dag_football.py
[2024-10-22T14:48:21.460+0000] {logging_mixin.py:188} INFO - [2024-10-22T14:48:21.460+0000] {dag.py:3089} INFO - Sync 1 DAGs
[2024-10-22T14:48:21.468+0000] {logging_mixin.py:188} INFO - [2024-10-22T14:48:21.468+0000] {dag.py:3947} INFO - Setting next_dagrun for dag_football to None, run_after=None
[2024-10-22T14:48:21.481+0000] {processor.py:183} INFO - Processing /opt/airflow/dags/dag_football.py took 0.050 seconds
[2024-10-22T14:48:51.894+0000] {processor.py:161} INFO - Started process (PID=3402) to work on /opt/airflow/dags/dag_football.py
[2024-10-22T14:48:51.895+0000] {processor.py:830} INFO - Processing file /opt/airflow/dags/dag_football.py for tasks to queue
[2024-10-22T14:48:51.896+0000] {logging_mixin.py:188} INFO - [2024-10-22T14:48:51.896+0000] {dagbag.py:545} INFO - Filling up the DagBag from /opt/airflow/dags/dag_football.py
[2024-10-22T14:48:51.908+0000] {processor.py:840} INFO - DAG(s) 'dag_football' retrieved from /opt/airflow/dags/dag_football.py
[2024-10-22T14:48:51.921+0000] {logging_mixin.py:188} INFO - [2024-10-22T14:48:51.921+0000] {dag.py:3089} INFO - Sync 1 DAGs
[2024-10-22T14:48:51.929+0000] {logging_mixin.py:188} INFO - [2024-10-22T14:48:51.929+0000] {dag.py:3947} INFO - Setting next_dagrun for dag_football to None, run_after=None
[2024-10-22T14:48:51.941+0000] {processor.py:183} INFO - Processing /opt/airflow/dags/dag_football.py took 0.051 seconds
[2024-10-22T14:49:22.272+0000] {processor.py:161} INFO - Started process (PID=3669) to work on /opt/airflow/dags/dag_football.py
[2024-10-22T14:49:22.273+0000] {processor.py:830} INFO - Processing file /opt/airflow/dags/dag_football.py for tasks to queue
[2024-10-22T14:49:22.274+0000] {logging_mixin.py:188} INFO - [2024-10-22T14:49:22.274+0000] {dagbag.py:545} INFO - Filling up the DagBag from /opt/airflow/dags/dag_football.py
[2024-10-22T14:49:22.286+0000] {processor.py:840} INFO - DAG(s) 'dag_football' retrieved from /opt/airflow/dags/dag_football.py
[2024-10-22T14:49:22.298+0000] {logging_mixin.py:188} INFO - [2024-10-22T14:49:22.298+0000] {dag.py:3089} INFO - Sync 1 DAGs
[2024-10-22T14:49:22.306+0000] {logging_mixin.py:188} INFO - [2024-10-22T14:49:22.306+0000] {dag.py:3947} INFO - Setting next_dagrun for dag_football to None, run_after=None
[2024-10-22T14:49:22.318+0000] {processor.py:183} INFO - Processing /opt/airflow/dags/dag_football.py took 0.050 seconds
[2024-10-22T14:49:52.574+0000] {processor.py:161} INFO - Started process (PID=3936) to work on /opt/airflow/dags/dag_football.py
[2024-10-22T14:49:52.575+0000] {processor.py:830} INFO - Processing file /opt/airflow/dags/dag_football.py for tasks to queue
[2024-10-22T14:49:52.576+0000] {logging_mixin.py:188} INFO - [2024-10-22T14:49:52.576+0000] {dagbag.py:545} INFO - Filling up the DagBag from /opt/airflow/dags/dag_football.py
[2024-10-22T14:49:52.591+0000] {processor.py:840} INFO - DAG(s) 'dag_football' retrieved from /opt/airflow/dags/dag_football.py
[2024-10-22T14:49:52.609+0000] {logging_mixin.py:188} INFO - [2024-10-22T14:49:52.608+0000] {dag.py:3089} INFO - Sync 1 DAGs
[2024-10-22T14:49:52.620+0000] {logging_mixin.py:188} INFO - [2024-10-22T14:49:52.620+0000] {dag.py:3947} INFO - Setting next_dagrun for dag_football to None, run_after=None
[2024-10-22T14:49:52.636+0000] {processor.py:183} INFO - Processing /opt/airflow/dags/dag_football.py took 0.066 seconds
[2024-10-22T14:50:22.904+0000] {processor.py:161} INFO - Started process (PID=4203) to work on /opt/airflow/dags/dag_football.py
[2024-10-22T14:50:22.904+0000] {processor.py:830} INFO - Processing file /opt/airflow/dags/dag_football.py for tasks to queue
[2024-10-22T14:50:22.906+0000] {logging_mixin.py:188} INFO - [2024-10-22T14:50:22.906+0000] {dagbag.py:545} INFO - Filling up the DagBag from /opt/airflow/dags/dag_football.py
[2024-10-22T14:50:22.919+0000] {processor.py:840} INFO - DAG(s) 'dag_football' retrieved from /opt/airflow/dags/dag_football.py
[2024-10-22T14:50:22.932+0000] {logging_mixin.py:188} INFO - [2024-10-22T14:50:22.932+0000] {dag.py:3089} INFO - Sync 1 DAGs
[2024-10-22T14:50:22.942+0000] {logging_mixin.py:188} INFO - [2024-10-22T14:50:22.942+0000] {dag.py:3947} INFO - Setting next_dagrun for dag_football to None, run_after=None
[2024-10-22T14:50:22.955+0000] {processor.py:183} INFO - Processing /opt/airflow/dags/dag_football.py took 0.056 seconds
[2024-10-22T14:50:53.325+0000] {processor.py:161} INFO - Started process (PID=4470) to work on /opt/airflow/dags/dag_football.py
[2024-10-22T14:50:53.325+0000] {processor.py:830} INFO - Processing file /opt/airflow/dags/dag_football.py for tasks to queue
[2024-10-22T14:50:53.327+0000] {logging_mixin.py:188} INFO - [2024-10-22T14:50:53.326+0000] {dagbag.py:545} INFO - Filling up the DagBag from /opt/airflow/dags/dag_football.py
[2024-10-22T14:50:53.339+0000] {processor.py:840} INFO - DAG(s) 'dag_football' retrieved from /opt/airflow/dags/dag_football.py
[2024-10-22T14:50:53.351+0000] {logging_mixin.py:188} INFO - [2024-10-22T14:50:53.351+0000] {dag.py:3089} INFO - Sync 1 DAGs
[2024-10-22T14:50:53.360+0000] {logging_mixin.py:188} INFO - [2024-10-22T14:50:53.360+0000] {dag.py:3947} INFO - Setting next_dagrun for dag_football to None, run_after=None
[2024-10-22T14:50:53.373+0000] {processor.py:183} INFO - Processing /opt/airflow/dags/dag_football.py took 0.053 seconds
[2024-10-22T14:51:23.738+0000] {processor.py:161} INFO - Started process (PID=4737) to work on /opt/airflow/dags/dag_football.py
[2024-10-22T14:51:23.739+0000] {processor.py:830} INFO - Processing file /opt/airflow/dags/dag_football.py for tasks to queue
[2024-10-22T14:51:23.740+0000] {logging_mixin.py:188} INFO - [2024-10-22T14:51:23.740+0000] {dagbag.py:545} INFO - Filling up the DagBag from /opt/airflow/dags/dag_football.py
[2024-10-22T14:51:23.753+0000] {processor.py:840} INFO - DAG(s) 'dag_football' retrieved from /opt/airflow/dags/dag_football.py
[2024-10-22T14:51:23.765+0000] {logging_mixin.py:188} INFO - [2024-10-22T14:51:23.765+0000] {dag.py:3089} INFO - Sync 1 DAGs
[2024-10-22T14:51:23.773+0000] {logging_mixin.py:188} INFO - [2024-10-22T14:51:23.773+0000] {dag.py:3947} INFO - Setting next_dagrun for dag_football to None, run_after=None
[2024-10-22T14:51:23.787+0000] {processor.py:183} INFO - Processing /opt/airflow/dags/dag_football.py took 0.053 seconds
[2024-10-22T14:51:54.206+0000] {processor.py:161} INFO - Started process (PID=5004) to work on /opt/airflow/dags/dag_football.py
[2024-10-22T14:51:54.207+0000] {processor.py:830} INFO - Processing file /opt/airflow/dags/dag_football.py for tasks to queue
[2024-10-22T14:51:54.208+0000] {logging_mixin.py:188} INFO - [2024-10-22T14:51:54.208+0000] {dagbag.py:545} INFO - Filling up the DagBag from /opt/airflow/dags/dag_football.py
[2024-10-22T14:51:54.221+0000] {processor.py:840} INFO - DAG(s) 'dag_football' retrieved from /opt/airflow/dags/dag_football.py
[2024-10-22T14:51:54.232+0000] {logging_mixin.py:188} INFO - [2024-10-22T14:51:54.232+0000] {dag.py:3089} INFO - Sync 1 DAGs
[2024-10-22T14:51:54.241+0000] {logging_mixin.py:188} INFO - [2024-10-22T14:51:54.241+0000] {dag.py:3947} INFO - Setting next_dagrun for dag_football to None, run_after=None
[2024-10-22T14:51:54.254+0000] {processor.py:183} INFO - Processing /opt/airflow/dags/dag_football.py took 0.052 seconds
[2024-10-22T14:52:24.618+0000] {processor.py:161} INFO - Started process (PID=5271) to work on /opt/airflow/dags/dag_football.py
[2024-10-22T14:52:24.619+0000] {processor.py:830} INFO - Processing file /opt/airflow/dags/dag_football.py for tasks to queue
[2024-10-22T14:52:24.620+0000] {logging_mixin.py:188} INFO - [2024-10-22T14:52:24.620+0000] {dagbag.py:545} INFO - Filling up the DagBag from /opt/airflow/dags/dag_football.py
[2024-10-22T14:52:24.639+0000] {processor.py:840} INFO - DAG(s) 'dag_football' retrieved from /opt/airflow/dags/dag_football.py
[2024-10-22T14:52:24.652+0000] {logging_mixin.py:188} INFO - [2024-10-22T14:52:24.651+0000] {dag.py:3089} INFO - Sync 1 DAGs
[2024-10-22T14:52:24.660+0000] {logging_mixin.py:188} INFO - [2024-10-22T14:52:24.660+0000] {dag.py:3947} INFO - Setting next_dagrun for dag_football to None, run_after=None
[2024-10-22T14:52:24.672+0000] {processor.py:183} INFO - Processing /opt/airflow/dags/dag_football.py took 0.058 seconds
[2024-10-22T14:52:52.949+0000] {processor.py:161} INFO - Started process (PID=5541) to work on /opt/airflow/dags/dag_football.py
[2024-10-22T14:52:52.950+0000] {processor.py:830} INFO - Processing file /opt/airflow/dags/dag_football.py for tasks to queue
[2024-10-22T14:52:52.951+0000] {logging_mixin.py:188} INFO - [2024-10-22T14:52:52.951+0000] {dagbag.py:545} INFO - Filling up the DagBag from /opt/airflow/dags/dag_football.py
[2024-10-22T14:52:52.958+0000] {logging_mixin.py:188} INFO - [2024-10-22T14:52:52.958+0000] {dagbag.py:355} ERROR - Failed to import: /opt/airflow/dags/dag_football.py
Traceback (most recent call last):
  File "/home/airflow/.local/lib/python3.12/site-packages/airflow/models/dagbag.py", line 351, in parse
    loader.exec_module(new_module)
  File "<frozen importlib._bootstrap_external>", line 991, in exec_module
  File "<frozen importlib._bootstrap_external>", line 1129, in get_code
  File "<frozen importlib._bootstrap_external>", line 1059, in source_to_code
  File "<frozen importlib._bootstrap>", line 488, in _call_with_frames_removed
  File "/opt/airflow/dags/dag_football.py", line 3
    from airflow.operators.python import 
                                         ^
SyntaxError: invalid syntax
[2024-10-22T14:52:52.959+0000] {processor.py:842} WARNING - No viable dags retrieved from /opt/airflow/dags/dag_football.py
[2024-10-22T14:52:52.973+0000] {processor.py:183} INFO - Processing /opt/airflow/dags/dag_football.py took 0.028 seconds
[2024-10-22T14:53:01.140+0000] {processor.py:161} INFO - Started process (PID=5796) to work on /opt/airflow/dags/dag_football.py
[2024-10-22T14:53:01.140+0000] {processor.py:830} INFO - Processing file /opt/airflow/dags/dag_football.py for tasks to queue
[2024-10-22T14:53:01.141+0000] {logging_mixin.py:188} INFO - [2024-10-22T14:53:01.141+0000] {dagbag.py:545} INFO - Filling up the DagBag from /opt/airflow/dags/dag_football.py
[2024-10-22T14:53:01.159+0000] {processor.py:840} INFO - DAG(s) 'dag_football' retrieved from /opt/airflow/dags/dag_football.py
[2024-10-22T14:53:01.172+0000] {logging_mixin.py:188} INFO - [2024-10-22T14:53:01.172+0000] {dag.py:3089} INFO - Sync 1 DAGs
[2024-10-22T14:53:01.180+0000] {logging_mixin.py:188} INFO - [2024-10-22T14:53:01.180+0000] {dag.py:3947} INFO - Setting next_dagrun for dag_football to None, run_after=None
[2024-10-22T14:53:01.194+0000] {processor.py:183} INFO - Processing /opt/airflow/dags/dag_football.py took 0.059 seconds
[2024-10-22T14:53:31.539+0000] {processor.py:161} INFO - Started process (PID=6063) to work on /opt/airflow/dags/dag_football.py
[2024-10-22T14:53:31.540+0000] {processor.py:830} INFO - Processing file /opt/airflow/dags/dag_football.py for tasks to queue
[2024-10-22T14:53:31.541+0000] {logging_mixin.py:188} INFO - [2024-10-22T14:53:31.541+0000] {dagbag.py:545} INFO - Filling up the DagBag from /opt/airflow/dags/dag_football.py
[2024-10-22T14:53:31.553+0000] {processor.py:840} INFO - DAG(s) 'dag_football' retrieved from /opt/airflow/dags/dag_football.py
[2024-10-22T14:53:31.566+0000] {logging_mixin.py:188} INFO - [2024-10-22T14:53:31.566+0000] {dag.py:3089} INFO - Sync 1 DAGs
[2024-10-22T14:53:31.575+0000] {logging_mixin.py:188} INFO - [2024-10-22T14:53:31.574+0000] {dag.py:3947} INFO - Setting next_dagrun for dag_football to None, run_after=None
[2024-10-22T14:53:31.587+0000] {processor.py:183} INFO - Processing /opt/airflow/dags/dag_football.py took 0.052 seconds
[2024-10-22T14:54:01.928+0000] {processor.py:161} INFO - Started process (PID=6330) to work on /opt/airflow/dags/dag_football.py
[2024-10-22T14:54:01.929+0000] {processor.py:830} INFO - Processing file /opt/airflow/dags/dag_football.py for tasks to queue
[2024-10-22T14:54:01.930+0000] {logging_mixin.py:188} INFO - [2024-10-22T14:54:01.930+0000] {dagbag.py:545} INFO - Filling up the DagBag from /opt/airflow/dags/dag_football.py
[2024-10-22T14:54:01.941+0000] {processor.py:840} INFO - DAG(s) 'dag_football' retrieved from /opt/airflow/dags/dag_football.py
[2024-10-22T14:54:01.953+0000] {logging_mixin.py:188} INFO - [2024-10-22T14:54:01.953+0000] {dag.py:3089} INFO - Sync 1 DAGs
[2024-10-22T14:54:01.962+0000] {logging_mixin.py:188} INFO - [2024-10-22T14:54:01.961+0000] {dag.py:3947} INFO - Setting next_dagrun for dag_football to None, run_after=None
[2024-10-22T14:54:01.973+0000] {processor.py:183} INFO - Processing /opt/airflow/dags/dag_football.py took 0.049 seconds
[2024-10-22T14:54:32.247+0000] {processor.py:161} INFO - Started process (PID=6597) to work on /opt/airflow/dags/dag_football.py
[2024-10-22T14:54:32.248+0000] {processor.py:830} INFO - Processing file /opt/airflow/dags/dag_football.py for tasks to queue
[2024-10-22T14:54:32.249+0000] {logging_mixin.py:188} INFO - [2024-10-22T14:54:32.249+0000] {dagbag.py:545} INFO - Filling up the DagBag from /opt/airflow/dags/dag_football.py
[2024-10-22T14:54:32.260+0000] {processor.py:840} INFO - DAG(s) 'dag_football' retrieved from /opt/airflow/dags/dag_football.py
[2024-10-22T14:54:32.277+0000] {logging_mixin.py:188} INFO - [2024-10-22T14:54:32.277+0000] {dag.py:3089} INFO - Sync 1 DAGs
[2024-10-22T14:54:32.290+0000] {logging_mixin.py:188} INFO - [2024-10-22T14:54:32.290+0000] {dag.py:3947} INFO - Setting next_dagrun for dag_football to None, run_after=None
[2024-10-22T14:54:32.312+0000] {processor.py:183} INFO - Processing /opt/airflow/dags/dag_football.py took 0.069 seconds
[2024-10-22T14:55:03.130+0000] {processor.py:161} INFO - Started process (PID=6867) to work on /opt/airflow/dags/dag_football.py
[2024-10-22T14:55:03.131+0000] {processor.py:830} INFO - Processing file /opt/airflow/dags/dag_football.py for tasks to queue
[2024-10-22T14:55:03.132+0000] {logging_mixin.py:188} INFO - [2024-10-22T14:55:03.132+0000] {dagbag.py:545} INFO - Filling up the DagBag from /opt/airflow/dags/dag_football.py
[2024-10-22T14:55:03.144+0000] {processor.py:840} INFO - DAG(s) 'dag_football' retrieved from /opt/airflow/dags/dag_football.py
[2024-10-22T14:55:03.156+0000] {logging_mixin.py:188} INFO - [2024-10-22T14:55:03.156+0000] {dag.py:3089} INFO - Sync 1 DAGs
[2024-10-22T14:55:03.164+0000] {logging_mixin.py:188} INFO - [2024-10-22T14:55:03.164+0000] {dag.py:3947} INFO - Setting next_dagrun for dag_football to None, run_after=None
[2024-10-22T14:55:03.175+0000] {processor.py:183} INFO - Processing /opt/airflow/dags/dag_football.py took 0.048 seconds
[2024-10-22T14:55:33.731+0000] {processor.py:161} INFO - Started process (PID=7134) to work on /opt/airflow/dags/dag_football.py
[2024-10-22T14:55:33.732+0000] {processor.py:830} INFO - Processing file /opt/airflow/dags/dag_football.py for tasks to queue
[2024-10-22T14:55:33.733+0000] {logging_mixin.py:188} INFO - [2024-10-22T14:55:33.733+0000] {dagbag.py:545} INFO - Filling up the DagBag from /opt/airflow/dags/dag_football.py
[2024-10-22T14:55:33.746+0000] {processor.py:840} INFO - DAG(s) 'dag_football' retrieved from /opt/airflow/dags/dag_football.py
[2024-10-22T14:55:33.759+0000] {logging_mixin.py:188} INFO - [2024-10-22T14:55:33.759+0000] {dag.py:3089} INFO - Sync 1 DAGs
[2024-10-22T14:55:33.768+0000] {logging_mixin.py:188} INFO - [2024-10-22T14:55:33.768+0000] {dag.py:3947} INFO - Setting next_dagrun for dag_football to None, run_after=None
[2024-10-22T14:55:33.781+0000] {processor.py:183} INFO - Processing /opt/airflow/dags/dag_football.py took 0.054 seconds
[2024-10-22T14:56:04.541+0000] {processor.py:161} INFO - Started process (PID=7401) to work on /opt/airflow/dags/dag_football.py
[2024-10-22T14:56:04.542+0000] {processor.py:830} INFO - Processing file /opt/airflow/dags/dag_football.py for tasks to queue
[2024-10-22T14:56:04.544+0000] {logging_mixin.py:188} INFO - [2024-10-22T14:56:04.543+0000] {dagbag.py:545} INFO - Filling up the DagBag from /opt/airflow/dags/dag_football.py
[2024-10-22T14:56:04.555+0000] {processor.py:840} INFO - DAG(s) 'dag_football' retrieved from /opt/airflow/dags/dag_football.py
[2024-10-22T14:56:04.568+0000] {logging_mixin.py:188} INFO - [2024-10-22T14:56:04.567+0000] {dag.py:3089} INFO - Sync 1 DAGs
[2024-10-22T14:56:04.576+0000] {logging_mixin.py:188} INFO - [2024-10-22T14:56:04.576+0000] {dag.py:3947} INFO - Setting next_dagrun for dag_football to None, run_after=None
[2024-10-22T14:56:04.588+0000] {processor.py:183} INFO - Processing /opt/airflow/dags/dag_football.py took 0.051 seconds
[2024-10-22T14:56:35.550+0000] {processor.py:161} INFO - Started process (PID=7668) to work on /opt/airflow/dags/dag_football.py
[2024-10-22T14:56:35.551+0000] {processor.py:830} INFO - Processing file /opt/airflow/dags/dag_football.py for tasks to queue
[2024-10-22T14:56:35.552+0000] {logging_mixin.py:188} INFO - [2024-10-22T14:56:35.552+0000] {dagbag.py:545} INFO - Filling up the DagBag from /opt/airflow/dags/dag_football.py
[2024-10-22T14:56:35.563+0000] {processor.py:840} INFO - DAG(s) 'dag_football' retrieved from /opt/airflow/dags/dag_football.py
[2024-10-22T14:56:35.576+0000] {logging_mixin.py:188} INFO - [2024-10-22T14:56:35.576+0000] {dag.py:3089} INFO - Sync 1 DAGs
[2024-10-22T14:56:35.585+0000] {logging_mixin.py:188} INFO - [2024-10-22T14:56:35.585+0000] {dag.py:3947} INFO - Setting next_dagrun for dag_football to None, run_after=None
[2024-10-22T14:56:35.693+0000] {processor.py:183} INFO - Processing /opt/airflow/dags/dag_football.py took 0.148 seconds
[2024-10-22T14:57:06.403+0000] {processor.py:161} INFO - Started process (PID=7935) to work on /opt/airflow/dags/dag_football.py
[2024-10-22T14:57:06.403+0000] {processor.py:830} INFO - Processing file /opt/airflow/dags/dag_football.py for tasks to queue
[2024-10-22T14:57:06.405+0000] {logging_mixin.py:188} INFO - [2024-10-22T14:57:06.405+0000] {dagbag.py:545} INFO - Filling up the DagBag from /opt/airflow/dags/dag_football.py
[2024-10-22T14:57:06.418+0000] {processor.py:840} INFO - DAG(s) 'dag_football' retrieved from /opt/airflow/dags/dag_football.py
[2024-10-22T14:57:06.434+0000] {logging_mixin.py:188} INFO - [2024-10-22T14:57:06.434+0000] {dag.py:3089} INFO - Sync 1 DAGs
[2024-10-22T14:57:06.446+0000] {logging_mixin.py:188} INFO - [2024-10-22T14:57:06.445+0000] {dag.py:3947} INFO - Setting next_dagrun for dag_football to None, run_after=None
[2024-10-22T14:57:06.461+0000] {processor.py:183} INFO - Processing /opt/airflow/dags/dag_football.py took 0.063 seconds
[2024-10-22T14:57:37.116+0000] {processor.py:161} INFO - Started process (PID=8202) to work on /opt/airflow/dags/dag_football.py
[2024-10-22T14:57:37.117+0000] {processor.py:830} INFO - Processing file /opt/airflow/dags/dag_football.py for tasks to queue
[2024-10-22T14:57:37.118+0000] {logging_mixin.py:188} INFO - [2024-10-22T14:57:37.118+0000] {dagbag.py:545} INFO - Filling up the DagBag from /opt/airflow/dags/dag_football.py
[2024-10-22T14:57:37.130+0000] {processor.py:840} INFO - DAG(s) 'dag_football' retrieved from /opt/airflow/dags/dag_football.py
[2024-10-22T14:57:37.141+0000] {logging_mixin.py:188} INFO - [2024-10-22T14:57:37.141+0000] {dag.py:3089} INFO - Sync 1 DAGs
[2024-10-22T14:57:37.151+0000] {logging_mixin.py:188} INFO - [2024-10-22T14:57:37.151+0000] {dag.py:3947} INFO - Setting next_dagrun for dag_football to None, run_after=None
[2024-10-22T14:57:37.164+0000] {processor.py:183} INFO - Processing /opt/airflow/dags/dag_football.py took 0.052 seconds
