[2024-10-22T14:00:16.433+0000] {processor.py:161} INFO - Started process (PID=400) to work on /home/airflow/.local/lib/python3.12/site-packages/airflow/example_dags/example_nested_branch_dag.py
[2024-10-22T14:00:16.434+0000] {processor.py:830} INFO - Processing file /home/airflow/.local/lib/python3.12/site-packages/airflow/example_dags/example_nested_branch_dag.py for tasks to queue
[2024-10-22T14:00:16.436+0000] {logging_mixin.py:188} INFO - [2024-10-22T14:00:16.435+0000] {dagbag.py:545} INFO - Filling up the DagBag from /home/airflow/.local/lib/python3.12/site-packages/airflow/example_dags/example_nested_branch_dag.py
[2024-10-22T14:00:16.449+0000] {processor.py:840} INFO - DAG(s) 'example_nested_branch_dag' retrieved from /home/airflow/.local/lib/python3.12/site-packages/airflow/example_dags/example_nested_branch_dag.py
[2024-10-22T14:00:16.571+0000] {logging_mixin.py:188} INFO - [2024-10-22T14:00:16.570+0000] {override.py:1858} INFO - Created Permission View: can delete on DAG:example_nested_branch_dag
[2024-10-22T14:00:16.579+0000] {logging_mixin.py:188} INFO - [2024-10-22T14:00:16.579+0000] {override.py:1858} INFO - Created Permission View: can edit on DAG:example_nested_branch_dag
[2024-10-22T14:00:16.584+0000] {logging_mixin.py:188} INFO - [2024-10-22T14:00:16.584+0000] {override.py:1858} INFO - Created Permission View: can read on DAG:example_nested_branch_dag
[2024-10-22T14:00:16.585+0000] {logging_mixin.py:188} INFO - [2024-10-22T14:00:16.585+0000] {dag.py:3089} INFO - Sync 1 DAGs
[2024-10-22T14:00:16.593+0000] {logging_mixin.py:188} INFO - [2024-10-22T14:00:16.593+0000] {dag.py:3111} INFO - Creating ORM DAG for example_nested_branch_dag
[2024-10-22T14:00:16.603+0000] {logging_mixin.py:188} INFO - [2024-10-22T14:00:16.603+0000] {dag.py:3947} INFO - Setting next_dagrun for example_nested_branch_dag to 2024-10-21 00:00:00+00:00, run_after=2024-10-22 00:00:00+00:00
[2024-10-22T14:00:16.618+0000] {processor.py:183} INFO - Processing /home/airflow/.local/lib/python3.12/site-packages/airflow/example_dags/example_nested_branch_dag.py took 0.190 seconds
[2024-10-22T14:00:47.002+0000] {processor.py:161} INFO - Started process (PID=667) to work on /home/airflow/.local/lib/python3.12/site-packages/airflow/example_dags/example_nested_branch_dag.py
[2024-10-22T14:00:47.003+0000] {processor.py:830} INFO - Processing file /home/airflow/.local/lib/python3.12/site-packages/airflow/example_dags/example_nested_branch_dag.py for tasks to queue
[2024-10-22T14:00:47.004+0000] {logging_mixin.py:188} INFO - [2024-10-22T14:00:47.004+0000] {dagbag.py:545} INFO - Filling up the DagBag from /home/airflow/.local/lib/python3.12/site-packages/airflow/example_dags/example_nested_branch_dag.py
[2024-10-22T14:00:47.011+0000] {processor.py:840} INFO - DAG(s) 'example_nested_branch_dag' retrieved from /home/airflow/.local/lib/python3.12/site-packages/airflow/example_dags/example_nested_branch_dag.py
[2024-10-22T14:00:47.025+0000] {logging_mixin.py:188} INFO - [2024-10-22T14:00:47.025+0000] {dag.py:3089} INFO - Sync 1 DAGs
[2024-10-22T14:00:47.040+0000] {logging_mixin.py:188} INFO - [2024-10-22T14:00:47.040+0000] {dag.py:3947} INFO - Setting next_dagrun for example_nested_branch_dag to 2024-10-21 00:00:00+00:00, run_after=2024-10-22 00:00:00+00:00
[2024-10-22T14:00:47.053+0000] {processor.py:183} INFO - Processing /home/airflow/.local/lib/python3.12/site-packages/airflow/example_dags/example_nested_branch_dag.py took 0.054 seconds
[2024-10-22T14:01:17.343+0000] {processor.py:161} INFO - Started process (PID=934) to work on /home/airflow/.local/lib/python3.12/site-packages/airflow/example_dags/example_nested_branch_dag.py
[2024-10-22T14:01:17.343+0000] {processor.py:830} INFO - Processing file /home/airflow/.local/lib/python3.12/site-packages/airflow/example_dags/example_nested_branch_dag.py for tasks to queue
[2024-10-22T14:01:17.345+0000] {logging_mixin.py:188} INFO - [2024-10-22T14:01:17.345+0000] {dagbag.py:545} INFO - Filling up the DagBag from /home/airflow/.local/lib/python3.12/site-packages/airflow/example_dags/example_nested_branch_dag.py
[2024-10-22T14:01:17.354+0000] {processor.py:840} INFO - DAG(s) 'example_nested_branch_dag' retrieved from /home/airflow/.local/lib/python3.12/site-packages/airflow/example_dags/example_nested_branch_dag.py
[2024-10-22T14:01:17.370+0000] {logging_mixin.py:188} INFO - [2024-10-22T14:01:17.369+0000] {dag.py:3089} INFO - Sync 1 DAGs
[2024-10-22T14:01:17.386+0000] {logging_mixin.py:188} INFO - [2024-10-22T14:01:17.385+0000] {dag.py:3947} INFO - Setting next_dagrun for example_nested_branch_dag to 2024-10-21 00:00:00+00:00, run_after=2024-10-22 00:00:00+00:00
[2024-10-22T14:01:17.399+0000] {processor.py:183} INFO - Processing /home/airflow/.local/lib/python3.12/site-packages/airflow/example_dags/example_nested_branch_dag.py took 0.062 seconds
[2024-10-22T14:01:47.668+0000] {processor.py:161} INFO - Started process (PID=1201) to work on /home/airflow/.local/lib/python3.12/site-packages/airflow/example_dags/example_nested_branch_dag.py
[2024-10-22T14:01:47.668+0000] {processor.py:830} INFO - Processing file /home/airflow/.local/lib/python3.12/site-packages/airflow/example_dags/example_nested_branch_dag.py for tasks to queue
[2024-10-22T14:01:47.670+0000] {logging_mixin.py:188} INFO - [2024-10-22T14:01:47.670+0000] {dagbag.py:545} INFO - Filling up the DagBag from /home/airflow/.local/lib/python3.12/site-packages/airflow/example_dags/example_nested_branch_dag.py
[2024-10-22T14:01:47.677+0000] {processor.py:840} INFO - DAG(s) 'example_nested_branch_dag' retrieved from /home/airflow/.local/lib/python3.12/site-packages/airflow/example_dags/example_nested_branch_dag.py
[2024-10-22T14:01:47.692+0000] {logging_mixin.py:188} INFO - [2024-10-22T14:01:47.692+0000] {dag.py:3089} INFO - Sync 1 DAGs
[2024-10-22T14:01:47.709+0000] {logging_mixin.py:188} INFO - [2024-10-22T14:01:47.709+0000] {dag.py:3947} INFO - Setting next_dagrun for example_nested_branch_dag to 2024-10-21 00:00:00+00:00, run_after=2024-10-22 00:00:00+00:00
[2024-10-22T14:01:47.722+0000] {processor.py:183} INFO - Processing /home/airflow/.local/lib/python3.12/site-packages/airflow/example_dags/example_nested_branch_dag.py took 0.058 seconds
[2024-10-22T14:02:18.064+0000] {processor.py:161} INFO - Started process (PID=1468) to work on /home/airflow/.local/lib/python3.12/site-packages/airflow/example_dags/example_nested_branch_dag.py
[2024-10-22T14:02:18.064+0000] {processor.py:830} INFO - Processing file /home/airflow/.local/lib/python3.12/site-packages/airflow/example_dags/example_nested_branch_dag.py for tasks to queue
[2024-10-22T14:02:18.066+0000] {logging_mixin.py:188} INFO - [2024-10-22T14:02:18.066+0000] {dagbag.py:545} INFO - Filling up the DagBag from /home/airflow/.local/lib/python3.12/site-packages/airflow/example_dags/example_nested_branch_dag.py
[2024-10-22T14:02:18.074+0000] {processor.py:840} INFO - DAG(s) 'example_nested_branch_dag' retrieved from /home/airflow/.local/lib/python3.12/site-packages/airflow/example_dags/example_nested_branch_dag.py
[2024-10-22T14:02:18.090+0000] {logging_mixin.py:188} INFO - [2024-10-22T14:02:18.090+0000] {dag.py:3089} INFO - Sync 1 DAGs
[2024-10-22T14:02:18.111+0000] {logging_mixin.py:188} INFO - [2024-10-22T14:02:18.111+0000] {dag.py:3947} INFO - Setting next_dagrun for example_nested_branch_dag to 2024-10-21 00:00:00+00:00, run_after=2024-10-22 00:00:00+00:00
[2024-10-22T14:02:18.128+0000] {processor.py:183} INFO - Processing /home/airflow/.local/lib/python3.12/site-packages/airflow/example_dags/example_nested_branch_dag.py took 0.068 seconds
[2024-10-22T14:02:48.261+0000] {processor.py:161} INFO - Started process (PID=1737) to work on /home/airflow/.local/lib/python3.12/site-packages/airflow/example_dags/example_nested_branch_dag.py
[2024-10-22T14:02:48.262+0000] {processor.py:830} INFO - Processing file /home/airflow/.local/lib/python3.12/site-packages/airflow/example_dags/example_nested_branch_dag.py for tasks to queue
[2024-10-22T14:02:48.263+0000] {logging_mixin.py:188} INFO - [2024-10-22T14:02:48.263+0000] {dagbag.py:545} INFO - Filling up the DagBag from /home/airflow/.local/lib/python3.12/site-packages/airflow/example_dags/example_nested_branch_dag.py
[2024-10-22T14:02:48.270+0000] {processor.py:840} INFO - DAG(s) 'example_nested_branch_dag' retrieved from /home/airflow/.local/lib/python3.12/site-packages/airflow/example_dags/example_nested_branch_dag.py
[2024-10-22T14:02:48.286+0000] {logging_mixin.py:188} INFO - [2024-10-22T14:02:48.286+0000] {dag.py:3089} INFO - Sync 1 DAGs
[2024-10-22T14:02:48.302+0000] {logging_mixin.py:188} INFO - [2024-10-22T14:02:48.302+0000] {dag.py:3947} INFO - Setting next_dagrun for example_nested_branch_dag to 2024-10-21 00:00:00+00:00, run_after=2024-10-22 00:00:00+00:00
[2024-10-22T14:02:48.318+0000] {processor.py:183} INFO - Processing /home/airflow/.local/lib/python3.12/site-packages/airflow/example_dags/example_nested_branch_dag.py took 0.061 seconds
[2024-10-22T14:03:18.512+0000] {processor.py:161} INFO - Started process (PID=2004) to work on /home/airflow/.local/lib/python3.12/site-packages/airflow/example_dags/example_nested_branch_dag.py
[2024-10-22T14:03:18.513+0000] {processor.py:830} INFO - Processing file /home/airflow/.local/lib/python3.12/site-packages/airflow/example_dags/example_nested_branch_dag.py for tasks to queue
[2024-10-22T14:03:18.514+0000] {logging_mixin.py:188} INFO - [2024-10-22T14:03:18.514+0000] {dagbag.py:545} INFO - Filling up the DagBag from /home/airflow/.local/lib/python3.12/site-packages/airflow/example_dags/example_nested_branch_dag.py
[2024-10-22T14:03:18.521+0000] {processor.py:840} INFO - DAG(s) 'example_nested_branch_dag' retrieved from /home/airflow/.local/lib/python3.12/site-packages/airflow/example_dags/example_nested_branch_dag.py
[2024-10-22T14:03:18.536+0000] {logging_mixin.py:188} INFO - [2024-10-22T14:03:18.536+0000] {dag.py:3089} INFO - Sync 1 DAGs
[2024-10-22T14:03:18.551+0000] {logging_mixin.py:188} INFO - [2024-10-22T14:03:18.551+0000] {dag.py:3947} INFO - Setting next_dagrun for example_nested_branch_dag to 2024-10-21 00:00:00+00:00, run_after=2024-10-22 00:00:00+00:00
[2024-10-22T14:03:18.564+0000] {processor.py:183} INFO - Processing /home/airflow/.local/lib/python3.12/site-packages/airflow/example_dags/example_nested_branch_dag.py took 0.056 seconds
[2024-10-22T14:03:48.936+0000] {processor.py:161} INFO - Started process (PID=2269) to work on /home/airflow/.local/lib/python3.12/site-packages/airflow/example_dags/example_nested_branch_dag.py
[2024-10-22T14:03:48.937+0000] {processor.py:830} INFO - Processing file /home/airflow/.local/lib/python3.12/site-packages/airflow/example_dags/example_nested_branch_dag.py for tasks to queue
[2024-10-22T14:03:48.939+0000] {logging_mixin.py:188} INFO - [2024-10-22T14:03:48.939+0000] {dagbag.py:545} INFO - Filling up the DagBag from /home/airflow/.local/lib/python3.12/site-packages/airflow/example_dags/example_nested_branch_dag.py
[2024-10-22T14:03:48.947+0000] {processor.py:840} INFO - DAG(s) 'example_nested_branch_dag' retrieved from /home/airflow/.local/lib/python3.12/site-packages/airflow/example_dags/example_nested_branch_dag.py
[2024-10-22T14:03:48.963+0000] {logging_mixin.py:188} INFO - [2024-10-22T14:03:48.963+0000] {dag.py:3089} INFO - Sync 1 DAGs
[2024-10-22T14:03:48.980+0000] {logging_mixin.py:188} INFO - [2024-10-22T14:03:48.980+0000] {dag.py:3947} INFO - Setting next_dagrun for example_nested_branch_dag to 2024-10-21 00:00:00+00:00, run_after=2024-10-22 00:00:00+00:00
[2024-10-22T14:03:48.993+0000] {processor.py:183} INFO - Processing /home/airflow/.local/lib/python3.12/site-packages/airflow/example_dags/example_nested_branch_dag.py took 0.062 seconds
[2024-10-22T14:34:26.713+0000] {processor.py:161} INFO - Started process (PID=400) to work on /home/airflow/.local/lib/python3.12/site-packages/airflow/example_dags/example_nested_branch_dag.py
[2024-10-22T14:34:26.714+0000] {processor.py:830} INFO - Processing file /home/airflow/.local/lib/python3.12/site-packages/airflow/example_dags/example_nested_branch_dag.py for tasks to queue
[2024-10-22T14:34:26.715+0000] {logging_mixin.py:188} INFO - [2024-10-22T14:34:26.715+0000] {dagbag.py:545} INFO - Filling up the DagBag from /home/airflow/.local/lib/python3.12/site-packages/airflow/example_dags/example_nested_branch_dag.py
[2024-10-22T14:34:26.722+0000] {processor.py:840} INFO - DAG(s) 'example_nested_branch_dag' retrieved from /home/airflow/.local/lib/python3.12/site-packages/airflow/example_dags/example_nested_branch_dag.py
[2024-10-22T14:34:26.730+0000] {logging_mixin.py:188} INFO - [2024-10-22T14:34:26.729+0000] {dag.py:3089} INFO - Sync 1 DAGs
[2024-10-22T14:34:26.745+0000] {logging_mixin.py:188} INFO - [2024-10-22T14:34:26.745+0000] {dag.py:3947} INFO - Setting next_dagrun for example_nested_branch_dag to 2024-10-21 00:00:00+00:00, run_after=2024-10-22 00:00:00+00:00
[2024-10-22T14:34:26.761+0000] {processor.py:183} INFO - Processing /home/airflow/.local/lib/python3.12/site-packages/airflow/example_dags/example_nested_branch_dag.py took 0.052 seconds
[2024-10-22T14:34:58.646+0000] {processor.py:161} INFO - Started process (PID=667) to work on /home/airflow/.local/lib/python3.12/site-packages/airflow/example_dags/example_nested_branch_dag.py
[2024-10-22T14:34:58.647+0000] {processor.py:830} INFO - Processing file /home/airflow/.local/lib/python3.12/site-packages/airflow/example_dags/example_nested_branch_dag.py for tasks to queue
[2024-10-22T14:34:58.648+0000] {logging_mixin.py:188} INFO - [2024-10-22T14:34:58.648+0000] {dagbag.py:545} INFO - Filling up the DagBag from /home/airflow/.local/lib/python3.12/site-packages/airflow/example_dags/example_nested_branch_dag.py
[2024-10-22T14:34:58.655+0000] {processor.py:840} INFO - DAG(s) 'example_nested_branch_dag' retrieved from /home/airflow/.local/lib/python3.12/site-packages/airflow/example_dags/example_nested_branch_dag.py
[2024-10-22T14:34:58.723+0000] {logging_mixin.py:188} INFO - [2024-10-22T14:34:58.723+0000] {dag.py:3089} INFO - Sync 1 DAGs
[2024-10-22T14:34:58.740+0000] {logging_mixin.py:188} INFO - [2024-10-22T14:34:58.740+0000] {dag.py:3947} INFO - Setting next_dagrun for example_nested_branch_dag to 2024-10-21 00:00:00+00:00, run_after=2024-10-22 00:00:00+00:00
[2024-10-22T14:34:58.754+0000] {processor.py:183} INFO - Processing /home/airflow/.local/lib/python3.12/site-packages/airflow/example_dags/example_nested_branch_dag.py took 0.112 seconds
[2024-10-22T14:35:29.045+0000] {processor.py:161} INFO - Started process (PID=934) to work on /home/airflow/.local/lib/python3.12/site-packages/airflow/example_dags/example_nested_branch_dag.py
[2024-10-22T14:35:29.046+0000] {processor.py:830} INFO - Processing file /home/airflow/.local/lib/python3.12/site-packages/airflow/example_dags/example_nested_branch_dag.py for tasks to queue
[2024-10-22T14:35:29.047+0000] {logging_mixin.py:188} INFO - [2024-10-22T14:35:29.047+0000] {dagbag.py:545} INFO - Filling up the DagBag from /home/airflow/.local/lib/python3.12/site-packages/airflow/example_dags/example_nested_branch_dag.py
[2024-10-22T14:35:29.054+0000] {processor.py:840} INFO - DAG(s) 'example_nested_branch_dag' retrieved from /home/airflow/.local/lib/python3.12/site-packages/airflow/example_dags/example_nested_branch_dag.py
[2024-10-22T14:35:29.068+0000] {logging_mixin.py:188} INFO - [2024-10-22T14:35:29.068+0000] {dag.py:3089} INFO - Sync 1 DAGs
[2024-10-22T14:35:29.083+0000] {logging_mixin.py:188} INFO - [2024-10-22T14:35:29.082+0000] {dag.py:3947} INFO - Setting next_dagrun for example_nested_branch_dag to 2024-10-21 00:00:00+00:00, run_after=2024-10-22 00:00:00+00:00
[2024-10-22T14:35:29.095+0000] {processor.py:183} INFO - Processing /home/airflow/.local/lib/python3.12/site-packages/airflow/example_dags/example_nested_branch_dag.py took 0.054 seconds
[2024-10-22T14:35:59.265+0000] {processor.py:161} INFO - Started process (PID=1201) to work on /home/airflow/.local/lib/python3.12/site-packages/airflow/example_dags/example_nested_branch_dag.py
[2024-10-22T14:35:59.266+0000] {processor.py:830} INFO - Processing file /home/airflow/.local/lib/python3.12/site-packages/airflow/example_dags/example_nested_branch_dag.py for tasks to queue
[2024-10-22T14:35:59.267+0000] {logging_mixin.py:188} INFO - [2024-10-22T14:35:59.267+0000] {dagbag.py:545} INFO - Filling up the DagBag from /home/airflow/.local/lib/python3.12/site-packages/airflow/example_dags/example_nested_branch_dag.py
[2024-10-22T14:35:59.274+0000] {processor.py:840} INFO - DAG(s) 'example_nested_branch_dag' retrieved from /home/airflow/.local/lib/python3.12/site-packages/airflow/example_dags/example_nested_branch_dag.py
[2024-10-22T14:35:59.287+0000] {logging_mixin.py:188} INFO - [2024-10-22T14:35:59.287+0000] {dag.py:3089} INFO - Sync 1 DAGs
[2024-10-22T14:35:59.301+0000] {logging_mixin.py:188} INFO - [2024-10-22T14:35:59.301+0000] {dag.py:3947} INFO - Setting next_dagrun for example_nested_branch_dag to 2024-10-21 00:00:00+00:00, run_after=2024-10-22 00:00:00+00:00
[2024-10-22T14:35:59.313+0000] {processor.py:183} INFO - Processing /home/airflow/.local/lib/python3.12/site-packages/airflow/example_dags/example_nested_branch_dag.py took 0.051 seconds
[2024-10-22T14:36:29.675+0000] {processor.py:161} INFO - Started process (PID=1470) to work on /home/airflow/.local/lib/python3.12/site-packages/airflow/example_dags/example_nested_branch_dag.py
[2024-10-22T14:36:29.676+0000] {processor.py:830} INFO - Processing file /home/airflow/.local/lib/python3.12/site-packages/airflow/example_dags/example_nested_branch_dag.py for tasks to queue
[2024-10-22T14:36:29.678+0000] {logging_mixin.py:188} INFO - [2024-10-22T14:36:29.678+0000] {dagbag.py:545} INFO - Filling up the DagBag from /home/airflow/.local/lib/python3.12/site-packages/airflow/example_dags/example_nested_branch_dag.py
[2024-10-22T14:36:29.685+0000] {processor.py:840} INFO - DAG(s) 'example_nested_branch_dag' retrieved from /home/airflow/.local/lib/python3.12/site-packages/airflow/example_dags/example_nested_branch_dag.py
[2024-10-22T14:36:29.700+0000] {logging_mixin.py:188} INFO - [2024-10-22T14:36:29.700+0000] {dag.py:3089} INFO - Sync 1 DAGs
[2024-10-22T14:36:29.715+0000] {logging_mixin.py:188} INFO - [2024-10-22T14:36:29.715+0000] {dag.py:3947} INFO - Setting next_dagrun for example_nested_branch_dag to 2024-10-21 00:00:00+00:00, run_after=2024-10-22 00:00:00+00:00
[2024-10-22T14:36:29.728+0000] {processor.py:183} INFO - Processing /home/airflow/.local/lib/python3.12/site-packages/airflow/example_dags/example_nested_branch_dag.py took 0.056 seconds
[2024-10-22T14:36:59.898+0000] {processor.py:161} INFO - Started process (PID=1737) to work on /home/airflow/.local/lib/python3.12/site-packages/airflow/example_dags/example_nested_branch_dag.py
[2024-10-22T14:36:59.899+0000] {processor.py:830} INFO - Processing file /home/airflow/.local/lib/python3.12/site-packages/airflow/example_dags/example_nested_branch_dag.py for tasks to queue
[2024-10-22T14:36:59.901+0000] {logging_mixin.py:188} INFO - [2024-10-22T14:36:59.900+0000] {dagbag.py:545} INFO - Filling up the DagBag from /home/airflow/.local/lib/python3.12/site-packages/airflow/example_dags/example_nested_branch_dag.py
[2024-10-22T14:36:59.908+0000] {processor.py:840} INFO - DAG(s) 'example_nested_branch_dag' retrieved from /home/airflow/.local/lib/python3.12/site-packages/airflow/example_dags/example_nested_branch_dag.py
[2024-10-22T14:36:59.922+0000] {logging_mixin.py:188} INFO - [2024-10-22T14:36:59.922+0000] {dag.py:3089} INFO - Sync 1 DAGs
[2024-10-22T14:36:59.936+0000] {logging_mixin.py:188} INFO - [2024-10-22T14:36:59.936+0000] {dag.py:3947} INFO - Setting next_dagrun for example_nested_branch_dag to 2024-10-21 00:00:00+00:00, run_after=2024-10-22 00:00:00+00:00
[2024-10-22T14:36:59.950+0000] {processor.py:183} INFO - Processing /home/airflow/.local/lib/python3.12/site-packages/airflow/example_dags/example_nested_branch_dag.py took 0.056 seconds
[2024-10-22T14:37:30.016+0000] {processor.py:161} INFO - Started process (PID=2002) to work on /home/airflow/.local/lib/python3.12/site-packages/airflow/example_dags/example_nested_branch_dag.py
[2024-10-22T14:37:30.016+0000] {processor.py:830} INFO - Processing file /home/airflow/.local/lib/python3.12/site-packages/airflow/example_dags/example_nested_branch_dag.py for tasks to queue
[2024-10-22T14:37:30.018+0000] {logging_mixin.py:188} INFO - [2024-10-22T14:37:30.017+0000] {dagbag.py:545} INFO - Filling up the DagBag from /home/airflow/.local/lib/python3.12/site-packages/airflow/example_dags/example_nested_branch_dag.py
[2024-10-22T14:37:30.024+0000] {processor.py:840} INFO - DAG(s) 'example_nested_branch_dag' retrieved from /home/airflow/.local/lib/python3.12/site-packages/airflow/example_dags/example_nested_branch_dag.py
[2024-10-22T14:37:30.038+0000] {logging_mixin.py:188} INFO - [2024-10-22T14:37:30.038+0000] {dag.py:3089} INFO - Sync 1 DAGs
[2024-10-22T14:37:30.052+0000] {logging_mixin.py:188} INFO - [2024-10-22T14:37:30.052+0000] {dag.py:3947} INFO - Setting next_dagrun for example_nested_branch_dag to 2024-10-21 00:00:00+00:00, run_after=2024-10-22 00:00:00+00:00
[2024-10-22T14:37:30.063+0000] {processor.py:183} INFO - Processing /home/airflow/.local/lib/python3.12/site-packages/airflow/example_dags/example_nested_branch_dag.py took 0.051 seconds
[2024-10-22T14:38:00.197+0000] {processor.py:161} INFO - Started process (PID=2269) to work on /home/airflow/.local/lib/python3.12/site-packages/airflow/example_dags/example_nested_branch_dag.py
[2024-10-22T14:38:00.197+0000] {processor.py:830} INFO - Processing file /home/airflow/.local/lib/python3.12/site-packages/airflow/example_dags/example_nested_branch_dag.py for tasks to queue
[2024-10-22T14:38:00.199+0000] {logging_mixin.py:188} INFO - [2024-10-22T14:38:00.198+0000] {dagbag.py:545} INFO - Filling up the DagBag from /home/airflow/.local/lib/python3.12/site-packages/airflow/example_dags/example_nested_branch_dag.py
[2024-10-22T14:38:00.205+0000] {processor.py:840} INFO - DAG(s) 'example_nested_branch_dag' retrieved from /home/airflow/.local/lib/python3.12/site-packages/airflow/example_dags/example_nested_branch_dag.py
[2024-10-22T14:38:00.220+0000] {logging_mixin.py:188} INFO - [2024-10-22T14:38:00.220+0000] {dag.py:3089} INFO - Sync 1 DAGs
[2024-10-22T14:38:00.235+0000] {logging_mixin.py:188} INFO - [2024-10-22T14:38:00.234+0000] {dag.py:3947} INFO - Setting next_dagrun for example_nested_branch_dag to 2024-10-21 00:00:00+00:00, run_after=2024-10-22 00:00:00+00:00
[2024-10-22T14:38:00.247+0000] {processor.py:183} INFO - Processing /home/airflow/.local/lib/python3.12/site-packages/airflow/example_dags/example_nested_branch_dag.py took 0.055 seconds
[2024-10-22T14:38:30.327+0000] {processor.py:161} INFO - Started process (PID=2536) to work on /home/airflow/.local/lib/python3.12/site-packages/airflow/example_dags/example_nested_branch_dag.py
[2024-10-22T14:38:30.328+0000] {processor.py:830} INFO - Processing file /home/airflow/.local/lib/python3.12/site-packages/airflow/example_dags/example_nested_branch_dag.py for tasks to queue
[2024-10-22T14:38:30.329+0000] {logging_mixin.py:188} INFO - [2024-10-22T14:38:30.329+0000] {dagbag.py:545} INFO - Filling up the DagBag from /home/airflow/.local/lib/python3.12/site-packages/airflow/example_dags/example_nested_branch_dag.py
[2024-10-22T14:38:30.336+0000] {processor.py:840} INFO - DAG(s) 'example_nested_branch_dag' retrieved from /home/airflow/.local/lib/python3.12/site-packages/airflow/example_dags/example_nested_branch_dag.py
[2024-10-22T14:38:30.351+0000] {logging_mixin.py:188} INFO - [2024-10-22T14:38:30.350+0000] {dag.py:3089} INFO - Sync 1 DAGs
[2024-10-22T14:38:30.365+0000] {logging_mixin.py:188} INFO - [2024-10-22T14:38:30.365+0000] {dag.py:3947} INFO - Setting next_dagrun for example_nested_branch_dag to 2024-10-21 00:00:00+00:00, run_after=2024-10-22 00:00:00+00:00
[2024-10-22T14:38:30.377+0000] {processor.py:183} INFO - Processing /home/airflow/.local/lib/python3.12/site-packages/airflow/example_dags/example_nested_branch_dag.py took 0.054 seconds
[2024-10-22T14:39:00.923+0000] {processor.py:161} INFO - Started process (PID=2803) to work on /home/airflow/.local/lib/python3.12/site-packages/airflow/example_dags/example_nested_branch_dag.py
[2024-10-22T14:39:00.924+0000] {processor.py:830} INFO - Processing file /home/airflow/.local/lib/python3.12/site-packages/airflow/example_dags/example_nested_branch_dag.py for tasks to queue
[2024-10-22T14:39:00.925+0000] {logging_mixin.py:188} INFO - [2024-10-22T14:39:00.925+0000] {dagbag.py:545} INFO - Filling up the DagBag from /home/airflow/.local/lib/python3.12/site-packages/airflow/example_dags/example_nested_branch_dag.py
[2024-10-22T14:39:00.932+0000] {processor.py:840} INFO - DAG(s) 'example_nested_branch_dag' retrieved from /home/airflow/.local/lib/python3.12/site-packages/airflow/example_dags/example_nested_branch_dag.py
[2024-10-22T14:39:00.945+0000] {logging_mixin.py:188} INFO - [2024-10-22T14:39:00.945+0000] {dag.py:3089} INFO - Sync 1 DAGs
[2024-10-22T14:39:00.959+0000] {logging_mixin.py:188} INFO - [2024-10-22T14:39:00.959+0000] {dag.py:3947} INFO - Setting next_dagrun for example_nested_branch_dag to 2024-10-21 00:00:00+00:00, run_after=2024-10-22 00:00:00+00:00
[2024-10-22T14:39:00.971+0000] {processor.py:183} INFO - Processing /home/airflow/.local/lib/python3.12/site-packages/airflow/example_dags/example_nested_branch_dag.py took 0.051 seconds
[2024-10-22T14:39:31.042+0000] {processor.py:161} INFO - Started process (PID=3070) to work on /home/airflow/.local/lib/python3.12/site-packages/airflow/example_dags/example_nested_branch_dag.py
[2024-10-22T14:39:31.042+0000] {processor.py:830} INFO - Processing file /home/airflow/.local/lib/python3.12/site-packages/airflow/example_dags/example_nested_branch_dag.py for tasks to queue
[2024-10-22T14:39:31.043+0000] {logging_mixin.py:188} INFO - [2024-10-22T14:39:31.043+0000] {dagbag.py:545} INFO - Filling up the DagBag from /home/airflow/.local/lib/python3.12/site-packages/airflow/example_dags/example_nested_branch_dag.py
[2024-10-22T14:39:31.050+0000] {processor.py:840} INFO - DAG(s) 'example_nested_branch_dag' retrieved from /home/airflow/.local/lib/python3.12/site-packages/airflow/example_dags/example_nested_branch_dag.py
[2024-10-22T14:39:31.063+0000] {logging_mixin.py:188} INFO - [2024-10-22T14:39:31.063+0000] {dag.py:3089} INFO - Sync 1 DAGs
[2024-10-22T14:39:31.077+0000] {logging_mixin.py:188} INFO - [2024-10-22T14:39:31.077+0000] {dag.py:3947} INFO - Setting next_dagrun for example_nested_branch_dag to 2024-10-21 00:00:00+00:00, run_after=2024-10-22 00:00:00+00:00
[2024-10-22T14:39:31.089+0000] {processor.py:183} INFO - Processing /home/airflow/.local/lib/python3.12/site-packages/airflow/example_dags/example_nested_branch_dag.py took 0.051 seconds
[2024-10-22T14:40:01.271+0000] {processor.py:161} INFO - Started process (PID=3337) to work on /home/airflow/.local/lib/python3.12/site-packages/airflow/example_dags/example_nested_branch_dag.py
[2024-10-22T14:40:01.272+0000] {processor.py:830} INFO - Processing file /home/airflow/.local/lib/python3.12/site-packages/airflow/example_dags/example_nested_branch_dag.py for tasks to queue
[2024-10-22T14:40:01.273+0000] {logging_mixin.py:188} INFO - [2024-10-22T14:40:01.273+0000] {dagbag.py:545} INFO - Filling up the DagBag from /home/airflow/.local/lib/python3.12/site-packages/airflow/example_dags/example_nested_branch_dag.py
[2024-10-22T14:40:01.280+0000] {processor.py:840} INFO - DAG(s) 'example_nested_branch_dag' retrieved from /home/airflow/.local/lib/python3.12/site-packages/airflow/example_dags/example_nested_branch_dag.py
[2024-10-22T14:40:01.294+0000] {logging_mixin.py:188} INFO - [2024-10-22T14:40:01.294+0000] {dag.py:3089} INFO - Sync 1 DAGs
[2024-10-22T14:40:01.310+0000] {logging_mixin.py:188} INFO - [2024-10-22T14:40:01.309+0000] {dag.py:3947} INFO - Setting next_dagrun for example_nested_branch_dag to 2024-10-21 00:00:00+00:00, run_after=2024-10-22 00:00:00+00:00
[2024-10-22T14:40:01.322+0000] {processor.py:183} INFO - Processing /home/airflow/.local/lib/python3.12/site-packages/airflow/example_dags/example_nested_branch_dag.py took 0.055 seconds
[2024-10-22T14:40:31.457+0000] {processor.py:161} INFO - Started process (PID=3604) to work on /home/airflow/.local/lib/python3.12/site-packages/airflow/example_dags/example_nested_branch_dag.py
[2024-10-22T14:40:31.458+0000] {processor.py:830} INFO - Processing file /home/airflow/.local/lib/python3.12/site-packages/airflow/example_dags/example_nested_branch_dag.py for tasks to queue
[2024-10-22T14:40:31.459+0000] {logging_mixin.py:188} INFO - [2024-10-22T14:40:31.459+0000] {dagbag.py:545} INFO - Filling up the DagBag from /home/airflow/.local/lib/python3.12/site-packages/airflow/example_dags/example_nested_branch_dag.py
[2024-10-22T14:40:31.467+0000] {processor.py:840} INFO - DAG(s) 'example_nested_branch_dag' retrieved from /home/airflow/.local/lib/python3.12/site-packages/airflow/example_dags/example_nested_branch_dag.py
[2024-10-22T14:40:31.482+0000] {logging_mixin.py:188} INFO - [2024-10-22T14:40:31.482+0000] {dag.py:3089} INFO - Sync 1 DAGs
[2024-10-22T14:40:31.496+0000] {logging_mixin.py:188} INFO - [2024-10-22T14:40:31.496+0000] {dag.py:3947} INFO - Setting next_dagrun for example_nested_branch_dag to 2024-10-21 00:00:00+00:00, run_after=2024-10-22 00:00:00+00:00
[2024-10-22T14:40:31.508+0000] {processor.py:183} INFO - Processing /home/airflow/.local/lib/python3.12/site-packages/airflow/example_dags/example_nested_branch_dag.py took 0.054 seconds
[2024-10-22T14:41:01.598+0000] {processor.py:161} INFO - Started process (PID=3871) to work on /home/airflow/.local/lib/python3.12/site-packages/airflow/example_dags/example_nested_branch_dag.py
[2024-10-22T14:41:01.598+0000] {processor.py:830} INFO - Processing file /home/airflow/.local/lib/python3.12/site-packages/airflow/example_dags/example_nested_branch_dag.py for tasks to queue
[2024-10-22T14:41:01.600+0000] {logging_mixin.py:188} INFO - [2024-10-22T14:41:01.599+0000] {dagbag.py:545} INFO - Filling up the DagBag from /home/airflow/.local/lib/python3.12/site-packages/airflow/example_dags/example_nested_branch_dag.py
[2024-10-22T14:41:01.607+0000] {processor.py:840} INFO - DAG(s) 'example_nested_branch_dag' retrieved from /home/airflow/.local/lib/python3.12/site-packages/airflow/example_dags/example_nested_branch_dag.py
[2024-10-22T14:41:01.622+0000] {logging_mixin.py:188} INFO - [2024-10-22T14:41:01.622+0000] {dag.py:3089} INFO - Sync 1 DAGs
[2024-10-22T14:41:01.637+0000] {logging_mixin.py:188} INFO - [2024-10-22T14:41:01.637+0000] {dag.py:3947} INFO - Setting next_dagrun for example_nested_branch_dag to 2024-10-21 00:00:00+00:00, run_after=2024-10-22 00:00:00+00:00
[2024-10-22T14:41:01.648+0000] {processor.py:183} INFO - Processing /home/airflow/.local/lib/python3.12/site-packages/airflow/example_dags/example_nested_branch_dag.py took 0.055 seconds
[2024-10-22T14:41:31.947+0000] {processor.py:161} INFO - Started process (PID=4138) to work on /home/airflow/.local/lib/python3.12/site-packages/airflow/example_dags/example_nested_branch_dag.py
[2024-10-22T14:41:31.948+0000] {processor.py:830} INFO - Processing file /home/airflow/.local/lib/python3.12/site-packages/airflow/example_dags/example_nested_branch_dag.py for tasks to queue
[2024-10-22T14:41:31.949+0000] {logging_mixin.py:188} INFO - [2024-10-22T14:41:31.949+0000] {dagbag.py:545} INFO - Filling up the DagBag from /home/airflow/.local/lib/python3.12/site-packages/airflow/example_dags/example_nested_branch_dag.py
[2024-10-22T14:41:31.956+0000] {processor.py:840} INFO - DAG(s) 'example_nested_branch_dag' retrieved from /home/airflow/.local/lib/python3.12/site-packages/airflow/example_dags/example_nested_branch_dag.py
[2024-10-22T14:41:31.971+0000] {logging_mixin.py:188} INFO - [2024-10-22T14:41:31.970+0000] {dag.py:3089} INFO - Sync 1 DAGs
[2024-10-22T14:41:31.986+0000] {logging_mixin.py:188} INFO - [2024-10-22T14:41:31.986+0000] {dag.py:3947} INFO - Setting next_dagrun for example_nested_branch_dag to 2024-10-21 00:00:00+00:00, run_after=2024-10-22 00:00:00+00:00
[2024-10-22T14:41:32.002+0000] {processor.py:183} INFO - Processing /home/airflow/.local/lib/python3.12/site-packages/airflow/example_dags/example_nested_branch_dag.py took 0.059 seconds
[2024-10-22T14:42:02.063+0000] {processor.py:161} INFO - Started process (PID=4405) to work on /home/airflow/.local/lib/python3.12/site-packages/airflow/example_dags/example_nested_branch_dag.py
[2024-10-22T14:42:02.064+0000] {processor.py:830} INFO - Processing file /home/airflow/.local/lib/python3.12/site-packages/airflow/example_dags/example_nested_branch_dag.py for tasks to queue
[2024-10-22T14:42:02.065+0000] {logging_mixin.py:188} INFO - [2024-10-22T14:42:02.065+0000] {dagbag.py:545} INFO - Filling up the DagBag from /home/airflow/.local/lib/python3.12/site-packages/airflow/example_dags/example_nested_branch_dag.py
[2024-10-22T14:42:02.072+0000] {processor.py:840} INFO - DAG(s) 'example_nested_branch_dag' retrieved from /home/airflow/.local/lib/python3.12/site-packages/airflow/example_dags/example_nested_branch_dag.py
[2024-10-22T14:42:02.087+0000] {logging_mixin.py:188} INFO - [2024-10-22T14:42:02.087+0000] {dag.py:3089} INFO - Sync 1 DAGs
[2024-10-22T14:42:02.103+0000] {logging_mixin.py:188} INFO - [2024-10-22T14:42:02.103+0000] {dag.py:3947} INFO - Setting next_dagrun for example_nested_branch_dag to 2024-10-21 00:00:00+00:00, run_after=2024-10-22 00:00:00+00:00
[2024-10-22T14:42:02.116+0000] {processor.py:183} INFO - Processing /home/airflow/.local/lib/python3.12/site-packages/airflow/example_dags/example_nested_branch_dag.py took 0.057 seconds
[2024-10-22T14:42:49.297+0000] {processor.py:161} INFO - Started process (PID=400) to work on /home/airflow/.local/lib/python3.12/site-packages/airflow/example_dags/example_nested_branch_dag.py
[2024-10-22T14:42:49.298+0000] {processor.py:830} INFO - Processing file /home/airflow/.local/lib/python3.12/site-packages/airflow/example_dags/example_nested_branch_dag.py for tasks to queue
[2024-10-22T14:42:49.299+0000] {logging_mixin.py:188} INFO - [2024-10-22T14:42:49.299+0000] {dagbag.py:545} INFO - Filling up the DagBag from /home/airflow/.local/lib/python3.12/site-packages/airflow/example_dags/example_nested_branch_dag.py
[2024-10-22T14:42:49.307+0000] {processor.py:840} INFO - DAG(s) 'example_nested_branch_dag' retrieved from /home/airflow/.local/lib/python3.12/site-packages/airflow/example_dags/example_nested_branch_dag.py
[2024-10-22T14:42:49.316+0000] {logging_mixin.py:188} INFO - [2024-10-22T14:42:49.316+0000] {dag.py:3089} INFO - Sync 1 DAGs
[2024-10-22T14:42:49.333+0000] {logging_mixin.py:188} INFO - [2024-10-22T14:42:49.333+0000] {dag.py:3947} INFO - Setting next_dagrun for example_nested_branch_dag to 2024-10-21 00:00:00+00:00, run_after=2024-10-22 00:00:00+00:00
[2024-10-22T14:42:49.347+0000] {processor.py:183} INFO - Processing /home/airflow/.local/lib/python3.12/site-packages/airflow/example_dags/example_nested_branch_dag.py took 0.054 seconds
[2024-10-22T14:43:20.621+0000] {processor.py:161} INFO - Started process (PID=667) to work on /home/airflow/.local/lib/python3.12/site-packages/airflow/example_dags/example_nested_branch_dag.py
[2024-10-22T14:43:20.621+0000] {processor.py:830} INFO - Processing file /home/airflow/.local/lib/python3.12/site-packages/airflow/example_dags/example_nested_branch_dag.py for tasks to queue
[2024-10-22T14:43:20.623+0000] {logging_mixin.py:188} INFO - [2024-10-22T14:43:20.623+0000] {dagbag.py:545} INFO - Filling up the DagBag from /home/airflow/.local/lib/python3.12/site-packages/airflow/example_dags/example_nested_branch_dag.py
[2024-10-22T14:43:20.630+0000] {processor.py:840} INFO - DAG(s) 'example_nested_branch_dag' retrieved from /home/airflow/.local/lib/python3.12/site-packages/airflow/example_dags/example_nested_branch_dag.py
[2024-10-22T14:43:20.703+0000] {logging_mixin.py:188} INFO - [2024-10-22T14:43:20.703+0000] {dag.py:3089} INFO - Sync 1 DAGs
[2024-10-22T14:43:20.717+0000] {logging_mixin.py:188} INFO - [2024-10-22T14:43:20.716+0000] {dag.py:3947} INFO - Setting next_dagrun for example_nested_branch_dag to 2024-10-21 00:00:00+00:00, run_after=2024-10-22 00:00:00+00:00
[2024-10-22T14:43:20.729+0000] {processor.py:183} INFO - Processing /home/airflow/.local/lib/python3.12/site-packages/airflow/example_dags/example_nested_branch_dag.py took 0.113 seconds
[2024-10-22T14:43:50.766+0000] {processor.py:161} INFO - Started process (PID=939) to work on /home/airflow/.local/lib/python3.12/site-packages/airflow/example_dags/example_nested_branch_dag.py
[2024-10-22T14:43:50.767+0000] {processor.py:830} INFO - Processing file /home/airflow/.local/lib/python3.12/site-packages/airflow/example_dags/example_nested_branch_dag.py for tasks to queue
[2024-10-22T14:43:50.768+0000] {logging_mixin.py:188} INFO - [2024-10-22T14:43:50.768+0000] {dagbag.py:545} INFO - Filling up the DagBag from /home/airflow/.local/lib/python3.12/site-packages/airflow/example_dags/example_nested_branch_dag.py
[2024-10-22T14:43:50.775+0000] {processor.py:840} INFO - DAG(s) 'example_nested_branch_dag' retrieved from /home/airflow/.local/lib/python3.12/site-packages/airflow/example_dags/example_nested_branch_dag.py
[2024-10-22T14:43:50.790+0000] {logging_mixin.py:188} INFO - [2024-10-22T14:43:50.790+0000] {dag.py:3089} INFO - Sync 1 DAGs
[2024-10-22T14:43:50.806+0000] {logging_mixin.py:188} INFO - [2024-10-22T14:43:50.806+0000] {dag.py:3947} INFO - Setting next_dagrun for example_nested_branch_dag to 2024-10-21 00:00:00+00:00, run_after=2024-10-22 00:00:00+00:00
[2024-10-22T14:43:50.817+0000] {processor.py:183} INFO - Processing /home/airflow/.local/lib/python3.12/site-packages/airflow/example_dags/example_nested_branch_dag.py took 0.055 seconds
[2024-10-22T14:44:20.881+0000] {processor.py:161} INFO - Started process (PID=1206) to work on /home/airflow/.local/lib/python3.12/site-packages/airflow/example_dags/example_nested_branch_dag.py
[2024-10-22T14:44:20.881+0000] {processor.py:830} INFO - Processing file /home/airflow/.local/lib/python3.12/site-packages/airflow/example_dags/example_nested_branch_dag.py for tasks to queue
[2024-10-22T14:44:20.883+0000] {logging_mixin.py:188} INFO - [2024-10-22T14:44:20.883+0000] {dagbag.py:545} INFO - Filling up the DagBag from /home/airflow/.local/lib/python3.12/site-packages/airflow/example_dags/example_nested_branch_dag.py
[2024-10-22T14:44:20.890+0000] {processor.py:840} INFO - DAG(s) 'example_nested_branch_dag' retrieved from /home/airflow/.local/lib/python3.12/site-packages/airflow/example_dags/example_nested_branch_dag.py
[2024-10-22T14:44:20.904+0000] {logging_mixin.py:188} INFO - [2024-10-22T14:44:20.904+0000] {dag.py:3089} INFO - Sync 1 DAGs
[2024-10-22T14:44:20.919+0000] {logging_mixin.py:188} INFO - [2024-10-22T14:44:20.919+0000] {dag.py:3947} INFO - Setting next_dagrun for example_nested_branch_dag to 2024-10-21 00:00:00+00:00, run_after=2024-10-22 00:00:00+00:00
[2024-10-22T14:44:20.930+0000] {processor.py:183} INFO - Processing /home/airflow/.local/lib/python3.12/site-packages/airflow/example_dags/example_nested_branch_dag.py took 0.054 seconds
[2024-10-22T14:44:51.811+0000] {processor.py:161} INFO - Started process (PID=1471) to work on /home/airflow/.local/lib/python3.12/site-packages/airflow/example_dags/example_nested_branch_dag.py
[2024-10-22T14:44:51.812+0000] {processor.py:830} INFO - Processing file /home/airflow/.local/lib/python3.12/site-packages/airflow/example_dags/example_nested_branch_dag.py for tasks to queue
[2024-10-22T14:44:51.813+0000] {logging_mixin.py:188} INFO - [2024-10-22T14:44:51.813+0000] {dagbag.py:545} INFO - Filling up the DagBag from /home/airflow/.local/lib/python3.12/site-packages/airflow/example_dags/example_nested_branch_dag.py
[2024-10-22T14:44:51.820+0000] {processor.py:840} INFO - DAG(s) 'example_nested_branch_dag' retrieved from /home/airflow/.local/lib/python3.12/site-packages/airflow/example_dags/example_nested_branch_dag.py
[2024-10-22T14:44:51.833+0000] {logging_mixin.py:188} INFO - [2024-10-22T14:44:51.833+0000] {dag.py:3089} INFO - Sync 1 DAGs
[2024-10-22T14:44:51.847+0000] {logging_mixin.py:188} INFO - [2024-10-22T14:44:51.847+0000] {dag.py:3947} INFO - Setting next_dagrun for example_nested_branch_dag to 2024-10-21 00:00:00+00:00, run_after=2024-10-22 00:00:00+00:00
[2024-10-22T14:44:51.860+0000] {processor.py:183} INFO - Processing /home/airflow/.local/lib/python3.12/site-packages/airflow/example_dags/example_nested_branch_dag.py took 0.052 seconds
[2024-10-22T14:45:21.965+0000] {processor.py:161} INFO - Started process (PID=1738) to work on /home/airflow/.local/lib/python3.12/site-packages/airflow/example_dags/example_nested_branch_dag.py
[2024-10-22T14:45:21.966+0000] {processor.py:830} INFO - Processing file /home/airflow/.local/lib/python3.12/site-packages/airflow/example_dags/example_nested_branch_dag.py for tasks to queue
[2024-10-22T14:45:21.967+0000] {logging_mixin.py:188} INFO - [2024-10-22T14:45:21.967+0000] {dagbag.py:545} INFO - Filling up the DagBag from /home/airflow/.local/lib/python3.12/site-packages/airflow/example_dags/example_nested_branch_dag.py
[2024-10-22T14:45:21.973+0000] {processor.py:840} INFO - DAG(s) 'example_nested_branch_dag' retrieved from /home/airflow/.local/lib/python3.12/site-packages/airflow/example_dags/example_nested_branch_dag.py
[2024-10-22T14:45:21.988+0000] {logging_mixin.py:188} INFO - [2024-10-22T14:45:21.988+0000] {dag.py:3089} INFO - Sync 1 DAGs
[2024-10-22T14:45:22.003+0000] {logging_mixin.py:188} INFO - [2024-10-22T14:45:22.002+0000] {dag.py:3947} INFO - Setting next_dagrun for example_nested_branch_dag to 2024-10-21 00:00:00+00:00, run_after=2024-10-22 00:00:00+00:00
[2024-10-22T14:45:22.015+0000] {processor.py:183} INFO - Processing /home/airflow/.local/lib/python3.12/site-packages/airflow/example_dags/example_nested_branch_dag.py took 0.053 seconds
[2024-10-22T14:45:52.599+0000] {processor.py:161} INFO - Started process (PID=2005) to work on /home/airflow/.local/lib/python3.12/site-packages/airflow/example_dags/example_nested_branch_dag.py
[2024-10-22T14:45:52.600+0000] {processor.py:830} INFO - Processing file /home/airflow/.local/lib/python3.12/site-packages/airflow/example_dags/example_nested_branch_dag.py for tasks to queue
[2024-10-22T14:45:52.601+0000] {logging_mixin.py:188} INFO - [2024-10-22T14:45:52.601+0000] {dagbag.py:545} INFO - Filling up the DagBag from /home/airflow/.local/lib/python3.12/site-packages/airflow/example_dags/example_nested_branch_dag.py
[2024-10-22T14:45:52.608+0000] {processor.py:840} INFO - DAG(s) 'example_nested_branch_dag' retrieved from /home/airflow/.local/lib/python3.12/site-packages/airflow/example_dags/example_nested_branch_dag.py
[2024-10-22T14:45:52.624+0000] {logging_mixin.py:188} INFO - [2024-10-22T14:45:52.624+0000] {dag.py:3089} INFO - Sync 1 DAGs
[2024-10-22T14:45:52.640+0000] {logging_mixin.py:188} INFO - [2024-10-22T14:45:52.639+0000] {dag.py:3947} INFO - Setting next_dagrun for example_nested_branch_dag to 2024-10-21 00:00:00+00:00, run_after=2024-10-22 00:00:00+00:00
[2024-10-22T14:45:52.654+0000] {processor.py:183} INFO - Processing /home/airflow/.local/lib/python3.12/site-packages/airflow/example_dags/example_nested_branch_dag.py took 0.059 seconds
[2024-10-22T14:46:23.610+0000] {processor.py:161} INFO - Started process (PID=2272) to work on /home/airflow/.local/lib/python3.12/site-packages/airflow/example_dags/example_nested_branch_dag.py
[2024-10-22T14:46:23.610+0000] {processor.py:830} INFO - Processing file /home/airflow/.local/lib/python3.12/site-packages/airflow/example_dags/example_nested_branch_dag.py for tasks to queue
[2024-10-22T14:46:23.612+0000] {logging_mixin.py:188} INFO - [2024-10-22T14:46:23.611+0000] {dagbag.py:545} INFO - Filling up the DagBag from /home/airflow/.local/lib/python3.12/site-packages/airflow/example_dags/example_nested_branch_dag.py
[2024-10-22T14:46:23.618+0000] {processor.py:840} INFO - DAG(s) 'example_nested_branch_dag' retrieved from /home/airflow/.local/lib/python3.12/site-packages/airflow/example_dags/example_nested_branch_dag.py
[2024-10-22T14:46:23.632+0000] {logging_mixin.py:188} INFO - [2024-10-22T14:46:23.632+0000] {dag.py:3089} INFO - Sync 1 DAGs
[2024-10-22T14:46:23.647+0000] {logging_mixin.py:188} INFO - [2024-10-22T14:46:23.647+0000] {dag.py:3947} INFO - Setting next_dagrun for example_nested_branch_dag to 2024-10-21 00:00:00+00:00, run_after=2024-10-22 00:00:00+00:00
[2024-10-22T14:46:23.660+0000] {processor.py:183} INFO - Processing /home/airflow/.local/lib/python3.12/site-packages/airflow/example_dags/example_nested_branch_dag.py took 0.054 seconds
[2024-10-22T14:46:54.322+0000] {processor.py:161} INFO - Started process (PID=2542) to work on /home/airflow/.local/lib/python3.12/site-packages/airflow/example_dags/example_nested_branch_dag.py
[2024-10-22T14:46:54.323+0000] {processor.py:830} INFO - Processing file /home/airflow/.local/lib/python3.12/site-packages/airflow/example_dags/example_nested_branch_dag.py for tasks to queue
[2024-10-22T14:46:54.324+0000] {logging_mixin.py:188} INFO - [2024-10-22T14:46:54.324+0000] {dagbag.py:545} INFO - Filling up the DagBag from /home/airflow/.local/lib/python3.12/site-packages/airflow/example_dags/example_nested_branch_dag.py
[2024-10-22T14:46:54.331+0000] {processor.py:840} INFO - DAG(s) 'example_nested_branch_dag' retrieved from /home/airflow/.local/lib/python3.12/site-packages/airflow/example_dags/example_nested_branch_dag.py
[2024-10-22T14:46:54.345+0000] {logging_mixin.py:188} INFO - [2024-10-22T14:46:54.345+0000] {dag.py:3089} INFO - Sync 1 DAGs
[2024-10-22T14:46:54.362+0000] {logging_mixin.py:188} INFO - [2024-10-22T14:46:54.361+0000] {dag.py:3947} INFO - Setting next_dagrun for example_nested_branch_dag to 2024-10-21 00:00:00+00:00, run_after=2024-10-22 00:00:00+00:00
[2024-10-22T14:46:54.374+0000] {processor.py:183} INFO - Processing /home/airflow/.local/lib/python3.12/site-packages/airflow/example_dags/example_nested_branch_dag.py took 0.056 seconds
[2024-10-22T14:47:24.651+0000] {processor.py:161} INFO - Started process (PID=2809) to work on /home/airflow/.local/lib/python3.12/site-packages/airflow/example_dags/example_nested_branch_dag.py
[2024-10-22T14:47:24.652+0000] {processor.py:830} INFO - Processing file /home/airflow/.local/lib/python3.12/site-packages/airflow/example_dags/example_nested_branch_dag.py for tasks to queue
[2024-10-22T14:47:24.653+0000] {logging_mixin.py:188} INFO - [2024-10-22T14:47:24.653+0000] {dagbag.py:545} INFO - Filling up the DagBag from /home/airflow/.local/lib/python3.12/site-packages/airflow/example_dags/example_nested_branch_dag.py
[2024-10-22T14:47:24.660+0000] {processor.py:840} INFO - DAG(s) 'example_nested_branch_dag' retrieved from /home/airflow/.local/lib/python3.12/site-packages/airflow/example_dags/example_nested_branch_dag.py
[2024-10-22T14:47:24.674+0000] {logging_mixin.py:188} INFO - [2024-10-22T14:47:24.674+0000] {dag.py:3089} INFO - Sync 1 DAGs
[2024-10-22T14:47:24.688+0000] {logging_mixin.py:188} INFO - [2024-10-22T14:47:24.688+0000] {dag.py:3947} INFO - Setting next_dagrun for example_nested_branch_dag to 2024-10-21 00:00:00+00:00, run_after=2024-10-22 00:00:00+00:00
[2024-10-22T14:47:24.699+0000] {processor.py:183} INFO - Processing /home/airflow/.local/lib/python3.12/site-packages/airflow/example_dags/example_nested_branch_dag.py took 0.052 seconds
[2024-10-22T14:47:54.941+0000] {processor.py:161} INFO - Started process (PID=3076) to work on /home/airflow/.local/lib/python3.12/site-packages/airflow/example_dags/example_nested_branch_dag.py
[2024-10-22T14:47:54.942+0000] {processor.py:830} INFO - Processing file /home/airflow/.local/lib/python3.12/site-packages/airflow/example_dags/example_nested_branch_dag.py for tasks to queue
[2024-10-22T14:47:54.943+0000] {logging_mixin.py:188} INFO - [2024-10-22T14:47:54.943+0000] {dagbag.py:545} INFO - Filling up the DagBag from /home/airflow/.local/lib/python3.12/site-packages/airflow/example_dags/example_nested_branch_dag.py
[2024-10-22T14:47:54.950+0000] {processor.py:840} INFO - DAG(s) 'example_nested_branch_dag' retrieved from /home/airflow/.local/lib/python3.12/site-packages/airflow/example_dags/example_nested_branch_dag.py
[2024-10-22T14:47:54.964+0000] {logging_mixin.py:188} INFO - [2024-10-22T14:47:54.964+0000] {dag.py:3089} INFO - Sync 1 DAGs
[2024-10-22T14:47:54.978+0000] {logging_mixin.py:188} INFO - [2024-10-22T14:47:54.978+0000] {dag.py:3947} INFO - Setting next_dagrun for example_nested_branch_dag to 2024-10-21 00:00:00+00:00, run_after=2024-10-22 00:00:00+00:00
[2024-10-22T14:47:54.990+0000] {processor.py:183} INFO - Processing /home/airflow/.local/lib/python3.12/site-packages/airflow/example_dags/example_nested_branch_dag.py took 0.053 seconds
[2024-10-22T14:48:25.376+0000] {processor.py:161} INFO - Started process (PID=3343) to work on /home/airflow/.local/lib/python3.12/site-packages/airflow/example_dags/example_nested_branch_dag.py
[2024-10-22T14:48:25.377+0000] {processor.py:830} INFO - Processing file /home/airflow/.local/lib/python3.12/site-packages/airflow/example_dags/example_nested_branch_dag.py for tasks to queue
[2024-10-22T14:48:25.378+0000] {logging_mixin.py:188} INFO - [2024-10-22T14:48:25.378+0000] {dagbag.py:545} INFO - Filling up the DagBag from /home/airflow/.local/lib/python3.12/site-packages/airflow/example_dags/example_nested_branch_dag.py
[2024-10-22T14:48:25.384+0000] {processor.py:840} INFO - DAG(s) 'example_nested_branch_dag' retrieved from /home/airflow/.local/lib/python3.12/site-packages/airflow/example_dags/example_nested_branch_dag.py
[2024-10-22T14:48:25.398+0000] {logging_mixin.py:188} INFO - [2024-10-22T14:48:25.398+0000] {dag.py:3089} INFO - Sync 1 DAGs
[2024-10-22T14:48:25.413+0000] {logging_mixin.py:188} INFO - [2024-10-22T14:48:25.412+0000] {dag.py:3947} INFO - Setting next_dagrun for example_nested_branch_dag to 2024-10-21 00:00:00+00:00, run_after=2024-10-22 00:00:00+00:00
[2024-10-22T14:48:25.425+0000] {processor.py:183} INFO - Processing /home/airflow/.local/lib/python3.12/site-packages/airflow/example_dags/example_nested_branch_dag.py took 0.053 seconds
[2024-10-22T14:48:55.822+0000] {processor.py:161} INFO - Started process (PID=3610) to work on /home/airflow/.local/lib/python3.12/site-packages/airflow/example_dags/example_nested_branch_dag.py
[2024-10-22T14:48:55.823+0000] {processor.py:830} INFO - Processing file /home/airflow/.local/lib/python3.12/site-packages/airflow/example_dags/example_nested_branch_dag.py for tasks to queue
[2024-10-22T14:48:55.824+0000] {logging_mixin.py:188} INFO - [2024-10-22T14:48:55.824+0000] {dagbag.py:545} INFO - Filling up the DagBag from /home/airflow/.local/lib/python3.12/site-packages/airflow/example_dags/example_nested_branch_dag.py
[2024-10-22T14:48:55.831+0000] {processor.py:840} INFO - DAG(s) 'example_nested_branch_dag' retrieved from /home/airflow/.local/lib/python3.12/site-packages/airflow/example_dags/example_nested_branch_dag.py
[2024-10-22T14:48:55.845+0000] {logging_mixin.py:188} INFO - [2024-10-22T14:48:55.845+0000] {dag.py:3089} INFO - Sync 1 DAGs
[2024-10-22T14:48:55.859+0000] {logging_mixin.py:188} INFO - [2024-10-22T14:48:55.859+0000] {dag.py:3947} INFO - Setting next_dagrun for example_nested_branch_dag to 2024-10-21 00:00:00+00:00, run_after=2024-10-22 00:00:00+00:00
[2024-10-22T14:48:55.871+0000] {processor.py:183} INFO - Processing /home/airflow/.local/lib/python3.12/site-packages/airflow/example_dags/example_nested_branch_dag.py took 0.053 seconds
[2024-10-22T14:49:26.131+0000] {processor.py:161} INFO - Started process (PID=3877) to work on /home/airflow/.local/lib/python3.12/site-packages/airflow/example_dags/example_nested_branch_dag.py
[2024-10-22T14:49:26.132+0000] {processor.py:830} INFO - Processing file /home/airflow/.local/lib/python3.12/site-packages/airflow/example_dags/example_nested_branch_dag.py for tasks to queue
[2024-10-22T14:49:26.133+0000] {logging_mixin.py:188} INFO - [2024-10-22T14:49:26.133+0000] {dagbag.py:545} INFO - Filling up the DagBag from /home/airflow/.local/lib/python3.12/site-packages/airflow/example_dags/example_nested_branch_dag.py
[2024-10-22T14:49:26.140+0000] {processor.py:840} INFO - DAG(s) 'example_nested_branch_dag' retrieved from /home/airflow/.local/lib/python3.12/site-packages/airflow/example_dags/example_nested_branch_dag.py
[2024-10-22T14:49:26.155+0000] {logging_mixin.py:188} INFO - [2024-10-22T14:49:26.155+0000] {dag.py:3089} INFO - Sync 1 DAGs
[2024-10-22T14:49:26.171+0000] {logging_mixin.py:188} INFO - [2024-10-22T14:49:26.171+0000] {dag.py:3947} INFO - Setting next_dagrun for example_nested_branch_dag to 2024-10-21 00:00:00+00:00, run_after=2024-10-22 00:00:00+00:00
[2024-10-22T14:49:26.184+0000] {processor.py:183} INFO - Processing /home/airflow/.local/lib/python3.12/site-packages/airflow/example_dags/example_nested_branch_dag.py took 0.057 seconds
[2024-10-22T14:49:56.457+0000] {processor.py:161} INFO - Started process (PID=4144) to work on /home/airflow/.local/lib/python3.12/site-packages/airflow/example_dags/example_nested_branch_dag.py
[2024-10-22T14:49:56.458+0000] {processor.py:830} INFO - Processing file /home/airflow/.local/lib/python3.12/site-packages/airflow/example_dags/example_nested_branch_dag.py for tasks to queue
[2024-10-22T14:49:56.459+0000] {logging_mixin.py:188} INFO - [2024-10-22T14:49:56.459+0000] {dagbag.py:545} INFO - Filling up the DagBag from /home/airflow/.local/lib/python3.12/site-packages/airflow/example_dags/example_nested_branch_dag.py
[2024-10-22T14:49:56.466+0000] {processor.py:840} INFO - DAG(s) 'example_nested_branch_dag' retrieved from /home/airflow/.local/lib/python3.12/site-packages/airflow/example_dags/example_nested_branch_dag.py
[2024-10-22T14:49:56.479+0000] {logging_mixin.py:188} INFO - [2024-10-22T14:49:56.479+0000] {dag.py:3089} INFO - Sync 1 DAGs
[2024-10-22T14:49:56.493+0000] {logging_mixin.py:188} INFO - [2024-10-22T14:49:56.493+0000] {dag.py:3947} INFO - Setting next_dagrun for example_nested_branch_dag to 2024-10-21 00:00:00+00:00, run_after=2024-10-22 00:00:00+00:00
[2024-10-22T14:49:56.506+0000] {processor.py:183} INFO - Processing /home/airflow/.local/lib/python3.12/site-packages/airflow/example_dags/example_nested_branch_dag.py took 0.052 seconds
[2024-10-22T14:50:26.875+0000] {processor.py:161} INFO - Started process (PID=4411) to work on /home/airflow/.local/lib/python3.12/site-packages/airflow/example_dags/example_nested_branch_dag.py
[2024-10-22T14:50:26.875+0000] {processor.py:830} INFO - Processing file /home/airflow/.local/lib/python3.12/site-packages/airflow/example_dags/example_nested_branch_dag.py for tasks to queue
[2024-10-22T14:50:26.877+0000] {logging_mixin.py:188} INFO - [2024-10-22T14:50:26.877+0000] {dagbag.py:545} INFO - Filling up the DagBag from /home/airflow/.local/lib/python3.12/site-packages/airflow/example_dags/example_nested_branch_dag.py
[2024-10-22T14:50:26.884+0000] {processor.py:840} INFO - DAG(s) 'example_nested_branch_dag' retrieved from /home/airflow/.local/lib/python3.12/site-packages/airflow/example_dags/example_nested_branch_dag.py
[2024-10-22T14:50:26.899+0000] {logging_mixin.py:188} INFO - [2024-10-22T14:50:26.899+0000] {dag.py:3089} INFO - Sync 1 DAGs
[2024-10-22T14:50:26.913+0000] {logging_mixin.py:188} INFO - [2024-10-22T14:50:26.913+0000] {dag.py:3947} INFO - Setting next_dagrun for example_nested_branch_dag to 2024-10-21 00:00:00+00:00, run_after=2024-10-22 00:00:00+00:00
[2024-10-22T14:50:26.926+0000] {processor.py:183} INFO - Processing /home/airflow/.local/lib/python3.12/site-packages/airflow/example_dags/example_nested_branch_dag.py took 0.056 seconds
[2024-10-22T14:50:57.303+0000] {processor.py:161} INFO - Started process (PID=4678) to work on /home/airflow/.local/lib/python3.12/site-packages/airflow/example_dags/example_nested_branch_dag.py
[2024-10-22T14:50:57.304+0000] {processor.py:830} INFO - Processing file /home/airflow/.local/lib/python3.12/site-packages/airflow/example_dags/example_nested_branch_dag.py for tasks to queue
[2024-10-22T14:50:57.305+0000] {logging_mixin.py:188} INFO - [2024-10-22T14:50:57.305+0000] {dagbag.py:545} INFO - Filling up the DagBag from /home/airflow/.local/lib/python3.12/site-packages/airflow/example_dags/example_nested_branch_dag.py
[2024-10-22T14:50:57.312+0000] {processor.py:840} INFO - DAG(s) 'example_nested_branch_dag' retrieved from /home/airflow/.local/lib/python3.12/site-packages/airflow/example_dags/example_nested_branch_dag.py
[2024-10-22T14:50:57.326+0000] {logging_mixin.py:188} INFO - [2024-10-22T14:50:57.325+0000] {dag.py:3089} INFO - Sync 1 DAGs
[2024-10-22T14:50:57.340+0000] {logging_mixin.py:188} INFO - [2024-10-22T14:50:57.339+0000] {dag.py:3947} INFO - Setting next_dagrun for example_nested_branch_dag to 2024-10-21 00:00:00+00:00, run_after=2024-10-22 00:00:00+00:00
[2024-10-22T14:50:57.352+0000] {processor.py:183} INFO - Processing /home/airflow/.local/lib/python3.12/site-packages/airflow/example_dags/example_nested_branch_dag.py took 0.052 seconds
[2024-10-22T14:51:27.691+0000] {processor.py:161} INFO - Started process (PID=4945) to work on /home/airflow/.local/lib/python3.12/site-packages/airflow/example_dags/example_nested_branch_dag.py
[2024-10-22T14:51:27.692+0000] {processor.py:830} INFO - Processing file /home/airflow/.local/lib/python3.12/site-packages/airflow/example_dags/example_nested_branch_dag.py for tasks to queue
[2024-10-22T14:51:27.693+0000] {logging_mixin.py:188} INFO - [2024-10-22T14:51:27.693+0000] {dagbag.py:545} INFO - Filling up the DagBag from /home/airflow/.local/lib/python3.12/site-packages/airflow/example_dags/example_nested_branch_dag.py
[2024-10-22T14:51:27.699+0000] {processor.py:840} INFO - DAG(s) 'example_nested_branch_dag' retrieved from /home/airflow/.local/lib/python3.12/site-packages/airflow/example_dags/example_nested_branch_dag.py
[2024-10-22T14:51:27.713+0000] {logging_mixin.py:188} INFO - [2024-10-22T14:51:27.713+0000] {dag.py:3089} INFO - Sync 1 DAGs
[2024-10-22T14:51:27.728+0000] {logging_mixin.py:188} INFO - [2024-10-22T14:51:27.728+0000] {dag.py:3947} INFO - Setting next_dagrun for example_nested_branch_dag to 2024-10-21 00:00:00+00:00, run_after=2024-10-22 00:00:00+00:00
[2024-10-22T14:51:27.741+0000] {processor.py:183} INFO - Processing /home/airflow/.local/lib/python3.12/site-packages/airflow/example_dags/example_nested_branch_dag.py took 0.053 seconds
[2024-10-22T14:51:58.101+0000] {processor.py:161} INFO - Started process (PID=5212) to work on /home/airflow/.local/lib/python3.12/site-packages/airflow/example_dags/example_nested_branch_dag.py
[2024-10-22T14:51:58.101+0000] {processor.py:830} INFO - Processing file /home/airflow/.local/lib/python3.12/site-packages/airflow/example_dags/example_nested_branch_dag.py for tasks to queue
[2024-10-22T14:51:58.103+0000] {logging_mixin.py:188} INFO - [2024-10-22T14:51:58.102+0000] {dagbag.py:545} INFO - Filling up the DagBag from /home/airflow/.local/lib/python3.12/site-packages/airflow/example_dags/example_nested_branch_dag.py
[2024-10-22T14:51:58.109+0000] {processor.py:840} INFO - DAG(s) 'example_nested_branch_dag' retrieved from /home/airflow/.local/lib/python3.12/site-packages/airflow/example_dags/example_nested_branch_dag.py
[2024-10-22T14:51:58.123+0000] {logging_mixin.py:188} INFO - [2024-10-22T14:51:58.123+0000] {dag.py:3089} INFO - Sync 1 DAGs
[2024-10-22T14:51:58.138+0000] {logging_mixin.py:188} INFO - [2024-10-22T14:51:58.138+0000] {dag.py:3947} INFO - Setting next_dagrun for example_nested_branch_dag to 2024-10-21 00:00:00+00:00, run_after=2024-10-22 00:00:00+00:00
[2024-10-22T14:51:58.151+0000] {processor.py:183} INFO - Processing /home/airflow/.local/lib/python3.12/site-packages/airflow/example_dags/example_nested_branch_dag.py took 0.054 seconds
[2024-10-22T14:52:28.416+0000] {processor.py:161} INFO - Started process (PID=5479) to work on /home/airflow/.local/lib/python3.12/site-packages/airflow/example_dags/example_nested_branch_dag.py
[2024-10-22T14:52:28.417+0000] {processor.py:830} INFO - Processing file /home/airflow/.local/lib/python3.12/site-packages/airflow/example_dags/example_nested_branch_dag.py for tasks to queue
[2024-10-22T14:52:28.419+0000] {logging_mixin.py:188} INFO - [2024-10-22T14:52:28.418+0000] {dagbag.py:545} INFO - Filling up the DagBag from /home/airflow/.local/lib/python3.12/site-packages/airflow/example_dags/example_nested_branch_dag.py
[2024-10-22T14:52:28.425+0000] {processor.py:840} INFO - DAG(s) 'example_nested_branch_dag' retrieved from /home/airflow/.local/lib/python3.12/site-packages/airflow/example_dags/example_nested_branch_dag.py
[2024-10-22T14:52:28.441+0000] {logging_mixin.py:188} INFO - [2024-10-22T14:52:28.440+0000] {dag.py:3089} INFO - Sync 1 DAGs
[2024-10-22T14:52:28.456+0000] {logging_mixin.py:188} INFO - [2024-10-22T14:52:28.456+0000] {dag.py:3947} INFO - Setting next_dagrun for example_nested_branch_dag to 2024-10-21 00:00:00+00:00, run_after=2024-10-22 00:00:00+00:00
[2024-10-22T14:52:28.471+0000] {processor.py:183} INFO - Processing /home/airflow/.local/lib/python3.12/site-packages/airflow/example_dags/example_nested_branch_dag.py took 0.058 seconds
[2024-10-22T14:52:58.837+0000] {processor.py:161} INFO - Started process (PID=5749) to work on /home/airflow/.local/lib/python3.12/site-packages/airflow/example_dags/example_nested_branch_dag.py
[2024-10-22T14:52:58.837+0000] {processor.py:830} INFO - Processing file /home/airflow/.local/lib/python3.12/site-packages/airflow/example_dags/example_nested_branch_dag.py for tasks to queue
[2024-10-22T14:52:58.838+0000] {logging_mixin.py:188} INFO - [2024-10-22T14:52:58.838+0000] {dagbag.py:545} INFO - Filling up the DagBag from /home/airflow/.local/lib/python3.12/site-packages/airflow/example_dags/example_nested_branch_dag.py
[2024-10-22T14:52:58.845+0000] {processor.py:840} INFO - DAG(s) 'example_nested_branch_dag' retrieved from /home/airflow/.local/lib/python3.12/site-packages/airflow/example_dags/example_nested_branch_dag.py
[2024-10-22T14:52:58.859+0000] {logging_mixin.py:188} INFO - [2024-10-22T14:52:58.859+0000] {dag.py:3089} INFO - Sync 1 DAGs
[2024-10-22T14:52:58.873+0000] {logging_mixin.py:188} INFO - [2024-10-22T14:52:58.873+0000] {dag.py:3947} INFO - Setting next_dagrun for example_nested_branch_dag to 2024-10-21 00:00:00+00:00, run_after=2024-10-22 00:00:00+00:00
[2024-10-22T14:52:58.884+0000] {processor.py:183} INFO - Processing /home/airflow/.local/lib/python3.12/site-packages/airflow/example_dags/example_nested_branch_dag.py took 0.051 seconds
[2024-10-22T14:53:29.154+0000] {processor.py:161} INFO - Started process (PID=6016) to work on /home/airflow/.local/lib/python3.12/site-packages/airflow/example_dags/example_nested_branch_dag.py
[2024-10-22T14:53:29.154+0000] {processor.py:830} INFO - Processing file /home/airflow/.local/lib/python3.12/site-packages/airflow/example_dags/example_nested_branch_dag.py for tasks to queue
[2024-10-22T14:53:29.156+0000] {logging_mixin.py:188} INFO - [2024-10-22T14:53:29.156+0000] {dagbag.py:545} INFO - Filling up the DagBag from /home/airflow/.local/lib/python3.12/site-packages/airflow/example_dags/example_nested_branch_dag.py
[2024-10-22T14:53:29.162+0000] {processor.py:840} INFO - DAG(s) 'example_nested_branch_dag' retrieved from /home/airflow/.local/lib/python3.12/site-packages/airflow/example_dags/example_nested_branch_dag.py
[2024-10-22T14:53:29.177+0000] {logging_mixin.py:188} INFO - [2024-10-22T14:53:29.177+0000] {dag.py:3089} INFO - Sync 1 DAGs
[2024-10-22T14:53:29.191+0000] {logging_mixin.py:188} INFO - [2024-10-22T14:53:29.191+0000] {dag.py:3947} INFO - Setting next_dagrun for example_nested_branch_dag to 2024-10-21 00:00:00+00:00, run_after=2024-10-22 00:00:00+00:00
[2024-10-22T14:53:29.203+0000] {processor.py:183} INFO - Processing /home/airflow/.local/lib/python3.12/site-packages/airflow/example_dags/example_nested_branch_dag.py took 0.053 seconds
[2024-10-22T14:53:59.597+0000] {processor.py:161} INFO - Started process (PID=6283) to work on /home/airflow/.local/lib/python3.12/site-packages/airflow/example_dags/example_nested_branch_dag.py
[2024-10-22T14:53:59.597+0000] {processor.py:830} INFO - Processing file /home/airflow/.local/lib/python3.12/site-packages/airflow/example_dags/example_nested_branch_dag.py for tasks to queue
[2024-10-22T14:53:59.599+0000] {logging_mixin.py:188} INFO - [2024-10-22T14:53:59.598+0000] {dagbag.py:545} INFO - Filling up the DagBag from /home/airflow/.local/lib/python3.12/site-packages/airflow/example_dags/example_nested_branch_dag.py
[2024-10-22T14:53:59.605+0000] {processor.py:840} INFO - DAG(s) 'example_nested_branch_dag' retrieved from /home/airflow/.local/lib/python3.12/site-packages/airflow/example_dags/example_nested_branch_dag.py
[2024-10-22T14:53:59.619+0000] {logging_mixin.py:188} INFO - [2024-10-22T14:53:59.619+0000] {dag.py:3089} INFO - Sync 1 DAGs
[2024-10-22T14:53:59.634+0000] {logging_mixin.py:188} INFO - [2024-10-22T14:53:59.634+0000] {dag.py:3947} INFO - Setting next_dagrun for example_nested_branch_dag to 2024-10-21 00:00:00+00:00, run_after=2024-10-22 00:00:00+00:00
[2024-10-22T14:53:59.647+0000] {processor.py:183} INFO - Processing /home/airflow/.local/lib/python3.12/site-packages/airflow/example_dags/example_nested_branch_dag.py took 0.054 seconds
[2024-10-22T14:54:29.907+0000] {processor.py:161} INFO - Started process (PID=6550) to work on /home/airflow/.local/lib/python3.12/site-packages/airflow/example_dags/example_nested_branch_dag.py
[2024-10-22T14:54:29.908+0000] {processor.py:830} INFO - Processing file /home/airflow/.local/lib/python3.12/site-packages/airflow/example_dags/example_nested_branch_dag.py for tasks to queue
[2024-10-22T14:54:29.909+0000] {logging_mixin.py:188} INFO - [2024-10-22T14:54:29.909+0000] {dagbag.py:545} INFO - Filling up the DagBag from /home/airflow/.local/lib/python3.12/site-packages/airflow/example_dags/example_nested_branch_dag.py
[2024-10-22T14:54:29.916+0000] {processor.py:840} INFO - DAG(s) 'example_nested_branch_dag' retrieved from /home/airflow/.local/lib/python3.12/site-packages/airflow/example_dags/example_nested_branch_dag.py
[2024-10-22T14:54:29.930+0000] {logging_mixin.py:188} INFO - [2024-10-22T14:54:29.929+0000] {dag.py:3089} INFO - Sync 1 DAGs
[2024-10-22T14:54:29.944+0000] {logging_mixin.py:188} INFO - [2024-10-22T14:54:29.944+0000] {dag.py:3947} INFO - Setting next_dagrun for example_nested_branch_dag to 2024-10-21 00:00:00+00:00, run_after=2024-10-22 00:00:00+00:00
[2024-10-22T14:54:29.956+0000] {processor.py:183} INFO - Processing /home/airflow/.local/lib/python3.12/site-packages/airflow/example_dags/example_nested_branch_dag.py took 0.053 seconds
[2024-10-22T14:55:00.752+0000] {processor.py:161} INFO - Started process (PID=6820) to work on /home/airflow/.local/lib/python3.12/site-packages/airflow/example_dags/example_nested_branch_dag.py
[2024-10-22T14:55:00.753+0000] {processor.py:830} INFO - Processing file /home/airflow/.local/lib/python3.12/site-packages/airflow/example_dags/example_nested_branch_dag.py for tasks to queue
[2024-10-22T14:55:00.754+0000] {logging_mixin.py:188} INFO - [2024-10-22T14:55:00.754+0000] {dagbag.py:545} INFO - Filling up the DagBag from /home/airflow/.local/lib/python3.12/site-packages/airflow/example_dags/example_nested_branch_dag.py
[2024-10-22T14:55:00.761+0000] {processor.py:840} INFO - DAG(s) 'example_nested_branch_dag' retrieved from /home/airflow/.local/lib/python3.12/site-packages/airflow/example_dags/example_nested_branch_dag.py
[2024-10-22T14:55:00.776+0000] {logging_mixin.py:188} INFO - [2024-10-22T14:55:00.776+0000] {dag.py:3089} INFO - Sync 1 DAGs
[2024-10-22T14:55:00.791+0000] {logging_mixin.py:188} INFO - [2024-10-22T14:55:00.791+0000] {dag.py:3947} INFO - Setting next_dagrun for example_nested_branch_dag to 2024-10-21 00:00:00+00:00, run_after=2024-10-22 00:00:00+00:00
[2024-10-22T14:55:00.805+0000] {processor.py:183} INFO - Processing /home/airflow/.local/lib/python3.12/site-packages/airflow/example_dags/example_nested_branch_dag.py took 0.057 seconds
[2024-10-22T14:55:31.431+0000] {processor.py:161} INFO - Started process (PID=7087) to work on /home/airflow/.local/lib/python3.12/site-packages/airflow/example_dags/example_nested_branch_dag.py
[2024-10-22T14:55:31.432+0000] {processor.py:830} INFO - Processing file /home/airflow/.local/lib/python3.12/site-packages/airflow/example_dags/example_nested_branch_dag.py for tasks to queue
[2024-10-22T14:55:31.433+0000] {logging_mixin.py:188} INFO - [2024-10-22T14:55:31.433+0000] {dagbag.py:545} INFO - Filling up the DagBag from /home/airflow/.local/lib/python3.12/site-packages/airflow/example_dags/example_nested_branch_dag.py
[2024-10-22T14:55:31.439+0000] {processor.py:840} INFO - DAG(s) 'example_nested_branch_dag' retrieved from /home/airflow/.local/lib/python3.12/site-packages/airflow/example_dags/example_nested_branch_dag.py
[2024-10-22T14:55:31.453+0000] {logging_mixin.py:188} INFO - [2024-10-22T14:55:31.453+0000] {dag.py:3089} INFO - Sync 1 DAGs
[2024-10-22T14:55:31.468+0000] {logging_mixin.py:188} INFO - [2024-10-22T14:55:31.468+0000] {dag.py:3947} INFO - Setting next_dagrun for example_nested_branch_dag to 2024-10-21 00:00:00+00:00, run_after=2024-10-22 00:00:00+00:00
[2024-10-22T14:55:31.480+0000] {processor.py:183} INFO - Processing /home/airflow/.local/lib/python3.12/site-packages/airflow/example_dags/example_nested_branch_dag.py took 0.052 seconds
[2024-10-22T14:56:01.864+0000] {processor.py:161} INFO - Started process (PID=7354) to work on /home/airflow/.local/lib/python3.12/site-packages/airflow/example_dags/example_nested_branch_dag.py
[2024-10-22T14:56:01.864+0000] {processor.py:830} INFO - Processing file /home/airflow/.local/lib/python3.12/site-packages/airflow/example_dags/example_nested_branch_dag.py for tasks to queue
[2024-10-22T14:56:01.866+0000] {logging_mixin.py:188} INFO - [2024-10-22T14:56:01.865+0000] {dagbag.py:545} INFO - Filling up the DagBag from /home/airflow/.local/lib/python3.12/site-packages/airflow/example_dags/example_nested_branch_dag.py
[2024-10-22T14:56:01.872+0000] {processor.py:840} INFO - DAG(s) 'example_nested_branch_dag' retrieved from /home/airflow/.local/lib/python3.12/site-packages/airflow/example_dags/example_nested_branch_dag.py
[2024-10-22T14:56:01.886+0000] {logging_mixin.py:188} INFO - [2024-10-22T14:56:01.886+0000] {dag.py:3089} INFO - Sync 1 DAGs
[2024-10-22T14:56:02.022+0000] {logging_mixin.py:188} INFO - [2024-10-22T14:56:02.022+0000] {dag.py:3947} INFO - Setting next_dagrun for example_nested_branch_dag to 2024-10-21 00:00:00+00:00, run_after=2024-10-22 00:00:00+00:00
[2024-10-22T14:56:02.034+0000] {processor.py:183} INFO - Processing /home/airflow/.local/lib/python3.12/site-packages/airflow/example_dags/example_nested_branch_dag.py took 0.174 seconds
[2024-10-22T14:56:32.804+0000] {processor.py:161} INFO - Started process (PID=7623) to work on /home/airflow/.local/lib/python3.12/site-packages/airflow/example_dags/example_nested_branch_dag.py
[2024-10-22T14:56:32.805+0000] {processor.py:830} INFO - Processing file /home/airflow/.local/lib/python3.12/site-packages/airflow/example_dags/example_nested_branch_dag.py for tasks to queue
[2024-10-22T14:56:32.806+0000] {logging_mixin.py:188} INFO - [2024-10-22T14:56:32.806+0000] {dagbag.py:545} INFO - Filling up the DagBag from /home/airflow/.local/lib/python3.12/site-packages/airflow/example_dags/example_nested_branch_dag.py
[2024-10-22T14:56:32.813+0000] {processor.py:840} INFO - DAG(s) 'example_nested_branch_dag' retrieved from /home/airflow/.local/lib/python3.12/site-packages/airflow/example_dags/example_nested_branch_dag.py
[2024-10-22T14:56:32.828+0000] {logging_mixin.py:188} INFO - [2024-10-22T14:56:32.828+0000] {dag.py:3089} INFO - Sync 1 DAGs
[2024-10-22T14:56:32.843+0000] {logging_mixin.py:188} INFO - [2024-10-22T14:56:32.843+0000] {dag.py:3947} INFO - Setting next_dagrun for example_nested_branch_dag to 2024-10-21 00:00:00+00:00, run_after=2024-10-22 00:00:00+00:00
[2024-10-22T14:56:32.955+0000] {processor.py:183} INFO - Processing /home/airflow/.local/lib/python3.12/site-packages/airflow/example_dags/example_nested_branch_dag.py took 0.155 seconds
[2024-10-22T14:57:03.803+0000] {processor.py:161} INFO - Started process (PID=7890) to work on /home/airflow/.local/lib/python3.12/site-packages/airflow/example_dags/example_nested_branch_dag.py
[2024-10-22T14:57:03.804+0000] {processor.py:830} INFO - Processing file /home/airflow/.local/lib/python3.12/site-packages/airflow/example_dags/example_nested_branch_dag.py for tasks to queue
[2024-10-22T14:57:03.805+0000] {logging_mixin.py:188} INFO - [2024-10-22T14:57:03.805+0000] {dagbag.py:545} INFO - Filling up the DagBag from /home/airflow/.local/lib/python3.12/site-packages/airflow/example_dags/example_nested_branch_dag.py
[2024-10-22T14:57:03.812+0000] {processor.py:840} INFO - DAG(s) 'example_nested_branch_dag' retrieved from /home/airflow/.local/lib/python3.12/site-packages/airflow/example_dags/example_nested_branch_dag.py
[2024-10-22T14:57:03.827+0000] {logging_mixin.py:188} INFO - [2024-10-22T14:57:03.826+0000] {dag.py:3089} INFO - Sync 1 DAGs
[2024-10-22T14:57:03.841+0000] {logging_mixin.py:188} INFO - [2024-10-22T14:57:03.841+0000] {dag.py:3947} INFO - Setting next_dagrun for example_nested_branch_dag to 2024-10-21 00:00:00+00:00, run_after=2024-10-22 00:00:00+00:00
[2024-10-22T14:57:03.958+0000] {processor.py:183} INFO - Processing /home/airflow/.local/lib/python3.12/site-packages/airflow/example_dags/example_nested_branch_dag.py took 0.159 seconds
[2024-10-22T14:57:34.782+0000] {processor.py:161} INFO - Started process (PID=8157) to work on /home/airflow/.local/lib/python3.12/site-packages/airflow/example_dags/example_nested_branch_dag.py
[2024-10-22T14:57:34.782+0000] {processor.py:830} INFO - Processing file /home/airflow/.local/lib/python3.12/site-packages/airflow/example_dags/example_nested_branch_dag.py for tasks to queue
[2024-10-22T14:57:34.784+0000] {logging_mixin.py:188} INFO - [2024-10-22T14:57:34.783+0000] {dagbag.py:545} INFO - Filling up the DagBag from /home/airflow/.local/lib/python3.12/site-packages/airflow/example_dags/example_nested_branch_dag.py
[2024-10-22T14:57:34.790+0000] {processor.py:840} INFO - DAG(s) 'example_nested_branch_dag' retrieved from /home/airflow/.local/lib/python3.12/site-packages/airflow/example_dags/example_nested_branch_dag.py
[2024-10-22T14:57:34.805+0000] {logging_mixin.py:188} INFO - [2024-10-22T14:57:34.804+0000] {dag.py:3089} INFO - Sync 1 DAGs
[2024-10-22T14:57:34.819+0000] {logging_mixin.py:188} INFO - [2024-10-22T14:57:34.818+0000] {dag.py:3947} INFO - Setting next_dagrun for example_nested_branch_dag to 2024-10-21 00:00:00+00:00, run_after=2024-10-22 00:00:00+00:00
[2024-10-22T14:57:34.831+0000] {processor.py:183} INFO - Processing /home/airflow/.local/lib/python3.12/site-packages/airflow/example_dags/example_nested_branch_dag.py took 0.054 seconds
