[2024-10-22T14:00:13.623+0000] {processor.py:161} INFO - Started process (PID=262) to work on /home/airflow/.local/lib/python3.12/site-packages/airflow/example_dags/example_latest_only_with_trigger.py
[2024-10-22T14:00:13.624+0000] {processor.py:830} INFO - Processing file /home/airflow/.local/lib/python3.12/site-packages/airflow/example_dags/example_latest_only_with_trigger.py for tasks to queue
[2024-10-22T14:00:13.625+0000] {logging_mixin.py:188} INFO - [2024-10-22T14:00:13.625+0000] {dagbag.py:545} INFO - Filling up the DagBag from /home/airflow/.local/lib/python3.12/site-packages/airflow/example_dags/example_latest_only_with_trigger.py
[2024-10-22T14:00:13.630+0000] {processor.py:840} INFO - DAG(s) 'latest_only_with_trigger' retrieved from /home/airflow/.local/lib/python3.12/site-packages/airflow/example_dags/example_latest_only_with_trigger.py
[2024-10-22T14:00:13.705+0000] {logging_mixin.py:188} INFO - [2024-10-22T14:00:13.704+0000] {override.py:1858} INFO - Created Permission View: can delete on DAG:latest_only_with_trigger
[2024-10-22T14:00:13.712+0000] {logging_mixin.py:188} INFO - [2024-10-22T14:00:13.712+0000] {override.py:1858} INFO - Created Permission View: can edit on DAG:latest_only_with_trigger
[2024-10-22T14:00:13.716+0000] {logging_mixin.py:188} INFO - [2024-10-22T14:00:13.716+0000] {override.py:1858} INFO - Created Permission View: can read on DAG:latest_only_with_trigger
[2024-10-22T14:00:13.717+0000] {logging_mixin.py:188} INFO - [2024-10-22T14:00:13.717+0000] {dag.py:3089} INFO - Sync 1 DAGs
[2024-10-22T14:00:13.724+0000] {logging_mixin.py:188} INFO - [2024-10-22T14:00:13.724+0000] {dag.py:3111} INFO - Creating ORM DAG for latest_only_with_trigger
[2024-10-22T14:00:13.731+0000] {logging_mixin.py:188} INFO - [2024-10-22T14:00:13.731+0000] {dag.py:3947} INFO - Setting next_dagrun for latest_only_with_trigger to 2024-10-22 08:00:00+00:00, run_after=2024-10-22 12:00:00+00:00
[2024-10-22T14:00:13.743+0000] {processor.py:183} INFO - Processing /home/airflow/.local/lib/python3.12/site-packages/airflow/example_dags/example_latest_only_with_trigger.py took 0.125 seconds
[2024-10-22T14:00:43.825+0000] {processor.py:161} INFO - Started process (PID=527) to work on /home/airflow/.local/lib/python3.12/site-packages/airflow/example_dags/example_latest_only_with_trigger.py
[2024-10-22T14:00:43.826+0000] {processor.py:830} INFO - Processing file /home/airflow/.local/lib/python3.12/site-packages/airflow/example_dags/example_latest_only_with_trigger.py for tasks to queue
[2024-10-22T14:00:43.827+0000] {logging_mixin.py:188} INFO - [2024-10-22T14:00:43.827+0000] {dagbag.py:545} INFO - Filling up the DagBag from /home/airflow/.local/lib/python3.12/site-packages/airflow/example_dags/example_latest_only_with_trigger.py
[2024-10-22T14:00:43.831+0000] {processor.py:840} INFO - DAG(s) 'latest_only_with_trigger' retrieved from /home/airflow/.local/lib/python3.12/site-packages/airflow/example_dags/example_latest_only_with_trigger.py
[2024-10-22T14:00:43.846+0000] {logging_mixin.py:188} INFO - [2024-10-22T14:00:43.846+0000] {dag.py:3089} INFO - Sync 1 DAGs
[2024-10-22T14:00:43.863+0000] {logging_mixin.py:188} INFO - [2024-10-22T14:00:43.862+0000] {dag.py:3947} INFO - Setting next_dagrun for latest_only_with_trigger to 2024-10-22 08:00:00+00:00, run_after=2024-10-22 12:00:00+00:00
[2024-10-22T14:00:43.875+0000] {processor.py:183} INFO - Processing /home/airflow/.local/lib/python3.12/site-packages/airflow/example_dags/example_latest_only_with_trigger.py took 0.054 seconds
[2024-10-22T14:01:14.164+0000] {processor.py:161} INFO - Started process (PID=794) to work on /home/airflow/.local/lib/python3.12/site-packages/airflow/example_dags/example_latest_only_with_trigger.py
[2024-10-22T14:01:14.165+0000] {processor.py:830} INFO - Processing file /home/airflow/.local/lib/python3.12/site-packages/airflow/example_dags/example_latest_only_with_trigger.py for tasks to queue
[2024-10-22T14:01:14.166+0000] {logging_mixin.py:188} INFO - [2024-10-22T14:01:14.166+0000] {dagbag.py:545} INFO - Filling up the DagBag from /home/airflow/.local/lib/python3.12/site-packages/airflow/example_dags/example_latest_only_with_trigger.py
[2024-10-22T14:01:14.171+0000] {processor.py:840} INFO - DAG(s) 'latest_only_with_trigger' retrieved from /home/airflow/.local/lib/python3.12/site-packages/airflow/example_dags/example_latest_only_with_trigger.py
[2024-10-22T14:01:14.189+0000] {logging_mixin.py:188} INFO - [2024-10-22T14:01:14.189+0000] {dag.py:3089} INFO - Sync 1 DAGs
[2024-10-22T14:01:14.208+0000] {logging_mixin.py:188} INFO - [2024-10-22T14:01:14.208+0000] {dag.py:3947} INFO - Setting next_dagrun for latest_only_with_trigger to 2024-10-22 08:00:00+00:00, run_after=2024-10-22 12:00:00+00:00
[2024-10-22T14:01:14.226+0000] {processor.py:183} INFO - Processing /home/airflow/.local/lib/python3.12/site-packages/airflow/example_dags/example_latest_only_with_trigger.py took 0.066 seconds
[2024-10-22T14:01:44.539+0000] {processor.py:161} INFO - Started process (PID=1061) to work on /home/airflow/.local/lib/python3.12/site-packages/airflow/example_dags/example_latest_only_with_trigger.py
[2024-10-22T14:01:44.540+0000] {processor.py:830} INFO - Processing file /home/airflow/.local/lib/python3.12/site-packages/airflow/example_dags/example_latest_only_with_trigger.py for tasks to queue
[2024-10-22T14:01:44.541+0000] {logging_mixin.py:188} INFO - [2024-10-22T14:01:44.541+0000] {dagbag.py:545} INFO - Filling up the DagBag from /home/airflow/.local/lib/python3.12/site-packages/airflow/example_dags/example_latest_only_with_trigger.py
[2024-10-22T14:01:44.545+0000] {processor.py:840} INFO - DAG(s) 'latest_only_with_trigger' retrieved from /home/airflow/.local/lib/python3.12/site-packages/airflow/example_dags/example_latest_only_with_trigger.py
[2024-10-22T14:01:44.566+0000] {logging_mixin.py:188} INFO - [2024-10-22T14:01:44.566+0000] {dag.py:3089} INFO - Sync 1 DAGs
[2024-10-22T14:01:44.584+0000] {logging_mixin.py:188} INFO - [2024-10-22T14:01:44.584+0000] {dag.py:3947} INFO - Setting next_dagrun for latest_only_with_trigger to 2024-10-22 08:00:00+00:00, run_after=2024-10-22 12:00:00+00:00
[2024-10-22T14:01:44.597+0000] {processor.py:183} INFO - Processing /home/airflow/.local/lib/python3.12/site-packages/airflow/example_dags/example_latest_only_with_trigger.py took 0.063 seconds
[2024-10-22T14:02:14.747+0000] {processor.py:161} INFO - Started process (PID=1328) to work on /home/airflow/.local/lib/python3.12/site-packages/airflow/example_dags/example_latest_only_with_trigger.py
[2024-10-22T14:02:14.748+0000] {processor.py:830} INFO - Processing file /home/airflow/.local/lib/python3.12/site-packages/airflow/example_dags/example_latest_only_with_trigger.py for tasks to queue
[2024-10-22T14:02:14.749+0000] {logging_mixin.py:188} INFO - [2024-10-22T14:02:14.749+0000] {dagbag.py:545} INFO - Filling up the DagBag from /home/airflow/.local/lib/python3.12/site-packages/airflow/example_dags/example_latest_only_with_trigger.py
[2024-10-22T14:02:14.753+0000] {processor.py:840} INFO - DAG(s) 'latest_only_with_trigger' retrieved from /home/airflow/.local/lib/python3.12/site-packages/airflow/example_dags/example_latest_only_with_trigger.py
[2024-10-22T14:02:14.768+0000] {logging_mixin.py:188} INFO - [2024-10-22T14:02:14.767+0000] {dag.py:3089} INFO - Sync 1 DAGs
[2024-10-22T14:02:14.782+0000] {logging_mixin.py:188} INFO - [2024-10-22T14:02:14.782+0000] {dag.py:3947} INFO - Setting next_dagrun for latest_only_with_trigger to 2024-10-22 08:00:00+00:00, run_after=2024-10-22 12:00:00+00:00
[2024-10-22T14:02:14.795+0000] {processor.py:183} INFO - Processing /home/airflow/.local/lib/python3.12/site-packages/airflow/example_dags/example_latest_only_with_trigger.py took 0.052 seconds
[2024-10-22T14:02:45.123+0000] {processor.py:161} INFO - Started process (PID=1595) to work on /home/airflow/.local/lib/python3.12/site-packages/airflow/example_dags/example_latest_only_with_trigger.py
[2024-10-22T14:02:45.124+0000] {processor.py:830} INFO - Processing file /home/airflow/.local/lib/python3.12/site-packages/airflow/example_dags/example_latest_only_with_trigger.py for tasks to queue
[2024-10-22T14:02:45.125+0000] {logging_mixin.py:188} INFO - [2024-10-22T14:02:45.125+0000] {dagbag.py:545} INFO - Filling up the DagBag from /home/airflow/.local/lib/python3.12/site-packages/airflow/example_dags/example_latest_only_with_trigger.py
[2024-10-22T14:02:45.129+0000] {processor.py:840} INFO - DAG(s) 'latest_only_with_trigger' retrieved from /home/airflow/.local/lib/python3.12/site-packages/airflow/example_dags/example_latest_only_with_trigger.py
[2024-10-22T14:02:45.143+0000] {logging_mixin.py:188} INFO - [2024-10-22T14:02:45.143+0000] {dag.py:3089} INFO - Sync 1 DAGs
[2024-10-22T14:02:45.157+0000] {logging_mixin.py:188} INFO - [2024-10-22T14:02:45.157+0000] {dag.py:3947} INFO - Setting next_dagrun for latest_only_with_trigger to 2024-10-22 08:00:00+00:00, run_after=2024-10-22 12:00:00+00:00
[2024-10-22T14:02:45.169+0000] {processor.py:183} INFO - Processing /home/airflow/.local/lib/python3.12/site-packages/airflow/example_dags/example_latest_only_with_trigger.py took 0.050 seconds
[2024-10-22T14:03:15.408+0000] {processor.py:161} INFO - Started process (PID=1862) to work on /home/airflow/.local/lib/python3.12/site-packages/airflow/example_dags/example_latest_only_with_trigger.py
[2024-10-22T14:03:15.409+0000] {processor.py:830} INFO - Processing file /home/airflow/.local/lib/python3.12/site-packages/airflow/example_dags/example_latest_only_with_trigger.py for tasks to queue
[2024-10-22T14:03:15.410+0000] {logging_mixin.py:188} INFO - [2024-10-22T14:03:15.410+0000] {dagbag.py:545} INFO - Filling up the DagBag from /home/airflow/.local/lib/python3.12/site-packages/airflow/example_dags/example_latest_only_with_trigger.py
[2024-10-22T14:03:15.414+0000] {processor.py:840} INFO - DAG(s) 'latest_only_with_trigger' retrieved from /home/airflow/.local/lib/python3.12/site-packages/airflow/example_dags/example_latest_only_with_trigger.py
[2024-10-22T14:03:15.428+0000] {logging_mixin.py:188} INFO - [2024-10-22T14:03:15.428+0000] {dag.py:3089} INFO - Sync 1 DAGs
[2024-10-22T14:03:15.441+0000] {logging_mixin.py:188} INFO - [2024-10-22T14:03:15.441+0000] {dag.py:3947} INFO - Setting next_dagrun for latest_only_with_trigger to 2024-10-22 08:00:00+00:00, run_after=2024-10-22 12:00:00+00:00
[2024-10-22T14:03:15.453+0000] {processor.py:183} INFO - Processing /home/airflow/.local/lib/python3.12/site-packages/airflow/example_dags/example_latest_only_with_trigger.py took 0.049 seconds
[2024-10-22T14:03:45.766+0000] {processor.py:161} INFO - Started process (PID=2129) to work on /home/airflow/.local/lib/python3.12/site-packages/airflow/example_dags/example_latest_only_with_trigger.py
[2024-10-22T14:03:45.767+0000] {processor.py:830} INFO - Processing file /home/airflow/.local/lib/python3.12/site-packages/airflow/example_dags/example_latest_only_with_trigger.py for tasks to queue
[2024-10-22T14:03:45.768+0000] {logging_mixin.py:188} INFO - [2024-10-22T14:03:45.768+0000] {dagbag.py:545} INFO - Filling up the DagBag from /home/airflow/.local/lib/python3.12/site-packages/airflow/example_dags/example_latest_only_with_trigger.py
[2024-10-22T14:03:45.772+0000] {processor.py:840} INFO - DAG(s) 'latest_only_with_trigger' retrieved from /home/airflow/.local/lib/python3.12/site-packages/airflow/example_dags/example_latest_only_with_trigger.py
[2024-10-22T14:03:45.786+0000] {logging_mixin.py:188} INFO - [2024-10-22T14:03:45.786+0000] {dag.py:3089} INFO - Sync 1 DAGs
[2024-10-22T14:03:45.800+0000] {logging_mixin.py:188} INFO - [2024-10-22T14:03:45.800+0000] {dag.py:3947} INFO - Setting next_dagrun for latest_only_with_trigger to 2024-10-22 08:00:00+00:00, run_after=2024-10-22 12:00:00+00:00
[2024-10-22T14:03:45.811+0000] {processor.py:183} INFO - Processing /home/airflow/.local/lib/python3.12/site-packages/airflow/example_dags/example_latest_only_with_trigger.py took 0.049 seconds
[2024-10-22T14:34:25.394+0000] {processor.py:161} INFO - Started process (PID=254) to work on /home/airflow/.local/lib/python3.12/site-packages/airflow/example_dags/example_latest_only_with_trigger.py
[2024-10-22T14:34:25.394+0000] {processor.py:830} INFO - Processing file /home/airflow/.local/lib/python3.12/site-packages/airflow/example_dags/example_latest_only_with_trigger.py for tasks to queue
[2024-10-22T14:34:25.396+0000] {logging_mixin.py:188} INFO - [2024-10-22T14:34:25.395+0000] {dagbag.py:545} INFO - Filling up the DagBag from /home/airflow/.local/lib/python3.12/site-packages/airflow/example_dags/example_latest_only_with_trigger.py
[2024-10-22T14:34:25.400+0000] {processor.py:840} INFO - DAG(s) 'latest_only_with_trigger' retrieved from /home/airflow/.local/lib/python3.12/site-packages/airflow/example_dags/example_latest_only_with_trigger.py
[2024-10-22T14:34:25.408+0000] {logging_mixin.py:188} INFO - [2024-10-22T14:34:25.407+0000] {dag.py:3089} INFO - Sync 1 DAGs
[2024-10-22T14:34:25.425+0000] {logging_mixin.py:188} INFO - [2024-10-22T14:34:25.425+0000] {dag.py:3947} INFO - Setting next_dagrun for latest_only_with_trigger to 2024-10-22 08:00:00+00:00, run_after=2024-10-22 12:00:00+00:00
[2024-10-22T14:34:25.438+0000] {processor.py:183} INFO - Processing /home/airflow/.local/lib/python3.12/site-packages/airflow/example_dags/example_latest_only_with_trigger.py took 0.049 seconds
[2024-10-22T14:34:56.624+0000] {processor.py:161} INFO - Started process (PID=529) to work on /home/airflow/.local/lib/python3.12/site-packages/airflow/example_dags/example_latest_only_with_trigger.py
[2024-10-22T14:34:56.625+0000] {processor.py:830} INFO - Processing file /home/airflow/.local/lib/python3.12/site-packages/airflow/example_dags/example_latest_only_with_trigger.py for tasks to queue
[2024-10-22T14:34:56.627+0000] {logging_mixin.py:188} INFO - [2024-10-22T14:34:56.627+0000] {dagbag.py:545} INFO - Filling up the DagBag from /home/airflow/.local/lib/python3.12/site-packages/airflow/example_dags/example_latest_only_with_trigger.py
[2024-10-22T14:34:56.631+0000] {processor.py:840} INFO - DAG(s) 'latest_only_with_trigger' retrieved from /home/airflow/.local/lib/python3.12/site-packages/airflow/example_dags/example_latest_only_with_trigger.py
[2024-10-22T14:34:56.724+0000] {logging_mixin.py:188} INFO - [2024-10-22T14:34:56.723+0000] {dag.py:3089} INFO - Sync 1 DAGs
[2024-10-22T14:34:56.745+0000] {logging_mixin.py:188} INFO - [2024-10-22T14:34:56.745+0000] {dag.py:3947} INFO - Setting next_dagrun for latest_only_with_trigger to 2024-10-22 08:00:00+00:00, run_after=2024-10-22 12:00:00+00:00
[2024-10-22T14:34:56.760+0000] {processor.py:183} INFO - Processing /home/airflow/.local/lib/python3.12/site-packages/airflow/example_dags/example_latest_only_with_trigger.py took 0.140 seconds
[2024-10-22T14:35:26.907+0000] {processor.py:161} INFO - Started process (PID=794) to work on /home/airflow/.local/lib/python3.12/site-packages/airflow/example_dags/example_latest_only_with_trigger.py
[2024-10-22T14:35:26.907+0000] {processor.py:830} INFO - Processing file /home/airflow/.local/lib/python3.12/site-packages/airflow/example_dags/example_latest_only_with_trigger.py for tasks to queue
[2024-10-22T14:35:26.909+0000] {logging_mixin.py:188} INFO - [2024-10-22T14:35:26.908+0000] {dagbag.py:545} INFO - Filling up the DagBag from /home/airflow/.local/lib/python3.12/site-packages/airflow/example_dags/example_latest_only_with_trigger.py
[2024-10-22T14:35:26.912+0000] {processor.py:840} INFO - DAG(s) 'latest_only_with_trigger' retrieved from /home/airflow/.local/lib/python3.12/site-packages/airflow/example_dags/example_latest_only_with_trigger.py
[2024-10-22T14:35:26.925+0000] {logging_mixin.py:188} INFO - [2024-10-22T14:35:26.925+0000] {dag.py:3089} INFO - Sync 1 DAGs
[2024-10-22T14:35:26.939+0000] {logging_mixin.py:188} INFO - [2024-10-22T14:35:26.939+0000] {dag.py:3947} INFO - Setting next_dagrun for latest_only_with_trigger to 2024-10-22 08:00:00+00:00, run_after=2024-10-22 12:00:00+00:00
[2024-10-22T14:35:26.952+0000] {processor.py:183} INFO - Processing /home/airflow/.local/lib/python3.12/site-packages/airflow/example_dags/example_latest_only_with_trigger.py took 0.049 seconds
[2024-10-22T14:35:57.088+0000] {processor.py:161} INFO - Started process (PID=1063) to work on /home/airflow/.local/lib/python3.12/site-packages/airflow/example_dags/example_latest_only_with_trigger.py
[2024-10-22T14:35:57.088+0000] {processor.py:830} INFO - Processing file /home/airflow/.local/lib/python3.12/site-packages/airflow/example_dags/example_latest_only_with_trigger.py for tasks to queue
[2024-10-22T14:35:57.090+0000] {logging_mixin.py:188} INFO - [2024-10-22T14:35:57.089+0000] {dagbag.py:545} INFO - Filling up the DagBag from /home/airflow/.local/lib/python3.12/site-packages/airflow/example_dags/example_latest_only_with_trigger.py
[2024-10-22T14:35:57.093+0000] {processor.py:840} INFO - DAG(s) 'latest_only_with_trigger' retrieved from /home/airflow/.local/lib/python3.12/site-packages/airflow/example_dags/example_latest_only_with_trigger.py
[2024-10-22T14:35:57.108+0000] {logging_mixin.py:188} INFO - [2024-10-22T14:35:57.108+0000] {dag.py:3089} INFO - Sync 1 DAGs
[2024-10-22T14:35:57.121+0000] {logging_mixin.py:188} INFO - [2024-10-22T14:35:57.121+0000] {dag.py:3947} INFO - Setting next_dagrun for latest_only_with_trigger to 2024-10-22 08:00:00+00:00, run_after=2024-10-22 12:00:00+00:00
[2024-10-22T14:35:57.133+0000] {processor.py:183} INFO - Processing /home/airflow/.local/lib/python3.12/site-packages/airflow/example_dags/example_latest_only_with_trigger.py took 0.050 seconds
[2024-10-22T14:36:27.427+0000] {processor.py:161} INFO - Started process (PID=1328) to work on /home/airflow/.local/lib/python3.12/site-packages/airflow/example_dags/example_latest_only_with_trigger.py
[2024-10-22T14:36:27.428+0000] {processor.py:830} INFO - Processing file /home/airflow/.local/lib/python3.12/site-packages/airflow/example_dags/example_latest_only_with_trigger.py for tasks to queue
[2024-10-22T14:36:27.429+0000] {logging_mixin.py:188} INFO - [2024-10-22T14:36:27.429+0000] {dagbag.py:545} INFO - Filling up the DagBag from /home/airflow/.local/lib/python3.12/site-packages/airflow/example_dags/example_latest_only_with_trigger.py
[2024-10-22T14:36:27.433+0000] {processor.py:840} INFO - DAG(s) 'latest_only_with_trigger' retrieved from /home/airflow/.local/lib/python3.12/site-packages/airflow/example_dags/example_latest_only_with_trigger.py
[2024-10-22T14:36:27.447+0000] {logging_mixin.py:188} INFO - [2024-10-22T14:36:27.447+0000] {dag.py:3089} INFO - Sync 1 DAGs
[2024-10-22T14:36:27.462+0000] {logging_mixin.py:188} INFO - [2024-10-22T14:36:27.462+0000] {dag.py:3947} INFO - Setting next_dagrun for latest_only_with_trigger to 2024-10-22 08:00:00+00:00, run_after=2024-10-22 12:00:00+00:00
[2024-10-22T14:36:27.478+0000] {processor.py:183} INFO - Processing /home/airflow/.local/lib/python3.12/site-packages/airflow/example_dags/example_latest_only_with_trigger.py took 0.054 seconds
[2024-10-22T14:36:57.642+0000] {processor.py:161} INFO - Started process (PID=1595) to work on /home/airflow/.local/lib/python3.12/site-packages/airflow/example_dags/example_latest_only_with_trigger.py
[2024-10-22T14:36:57.643+0000] {processor.py:830} INFO - Processing file /home/airflow/.local/lib/python3.12/site-packages/airflow/example_dags/example_latest_only_with_trigger.py for tasks to queue
[2024-10-22T14:36:57.644+0000] {logging_mixin.py:188} INFO - [2024-10-22T14:36:57.644+0000] {dagbag.py:545} INFO - Filling up the DagBag from /home/airflow/.local/lib/python3.12/site-packages/airflow/example_dags/example_latest_only_with_trigger.py
[2024-10-22T14:36:57.647+0000] {processor.py:840} INFO - DAG(s) 'latest_only_with_trigger' retrieved from /home/airflow/.local/lib/python3.12/site-packages/airflow/example_dags/example_latest_only_with_trigger.py
[2024-10-22T14:36:57.661+0000] {logging_mixin.py:188} INFO - [2024-10-22T14:36:57.661+0000] {dag.py:3089} INFO - Sync 1 DAGs
[2024-10-22T14:36:57.676+0000] {logging_mixin.py:188} INFO - [2024-10-22T14:36:57.675+0000] {dag.py:3947} INFO - Setting next_dagrun for latest_only_with_trigger to 2024-10-22 08:00:00+00:00, run_after=2024-10-22 12:00:00+00:00
[2024-10-22T14:36:57.687+0000] {processor.py:183} INFO - Processing /home/airflow/.local/lib/python3.12/site-packages/airflow/example_dags/example_latest_only_with_trigger.py took 0.050 seconds
[2024-10-22T14:37:27.913+0000] {processor.py:161} INFO - Started process (PID=1862) to work on /home/airflow/.local/lib/python3.12/site-packages/airflow/example_dags/example_latest_only_with_trigger.py
[2024-10-22T14:37:27.913+0000] {processor.py:830} INFO - Processing file /home/airflow/.local/lib/python3.12/site-packages/airflow/example_dags/example_latest_only_with_trigger.py for tasks to queue
[2024-10-22T14:37:27.915+0000] {logging_mixin.py:188} INFO - [2024-10-22T14:37:27.915+0000] {dagbag.py:545} INFO - Filling up the DagBag from /home/airflow/.local/lib/python3.12/site-packages/airflow/example_dags/example_latest_only_with_trigger.py
[2024-10-22T14:37:27.919+0000] {processor.py:840} INFO - DAG(s) 'latest_only_with_trigger' retrieved from /home/airflow/.local/lib/python3.12/site-packages/airflow/example_dags/example_latest_only_with_trigger.py
[2024-10-22T14:37:27.934+0000] {logging_mixin.py:188} INFO - [2024-10-22T14:37:27.934+0000] {dag.py:3089} INFO - Sync 1 DAGs
[2024-10-22T14:37:27.949+0000] {logging_mixin.py:188} INFO - [2024-10-22T14:37:27.949+0000] {dag.py:3947} INFO - Setting next_dagrun for latest_only_with_trigger to 2024-10-22 08:00:00+00:00, run_after=2024-10-22 12:00:00+00:00
[2024-10-22T14:37:27.963+0000] {processor.py:183} INFO - Processing /home/airflow/.local/lib/python3.12/site-packages/airflow/example_dags/example_latest_only_with_trigger.py took 0.055 seconds
[2024-10-22T14:37:58.157+0000] {processor.py:161} INFO - Started process (PID=2129) to work on /home/airflow/.local/lib/python3.12/site-packages/airflow/example_dags/example_latest_only_with_trigger.py
[2024-10-22T14:37:58.158+0000] {processor.py:830} INFO - Processing file /home/airflow/.local/lib/python3.12/site-packages/airflow/example_dags/example_latest_only_with_trigger.py for tasks to queue
[2024-10-22T14:37:58.160+0000] {logging_mixin.py:188} INFO - [2024-10-22T14:37:58.159+0000] {dagbag.py:545} INFO - Filling up the DagBag from /home/airflow/.local/lib/python3.12/site-packages/airflow/example_dags/example_latest_only_with_trigger.py
[2024-10-22T14:37:58.164+0000] {processor.py:840} INFO - DAG(s) 'latest_only_with_trigger' retrieved from /home/airflow/.local/lib/python3.12/site-packages/airflow/example_dags/example_latest_only_with_trigger.py
[2024-10-22T14:37:58.177+0000] {logging_mixin.py:188} INFO - [2024-10-22T14:37:58.177+0000] {dag.py:3089} INFO - Sync 1 DAGs
[2024-10-22T14:37:58.191+0000] {logging_mixin.py:188} INFO - [2024-10-22T14:37:58.191+0000] {dag.py:3947} INFO - Setting next_dagrun for latest_only_with_trigger to 2024-10-22 08:00:00+00:00, run_after=2024-10-22 12:00:00+00:00
[2024-10-22T14:37:58.202+0000] {processor.py:183} INFO - Processing /home/airflow/.local/lib/python3.12/site-packages/airflow/example_dags/example_latest_only_with_trigger.py took 0.049 seconds
[2024-10-22T14:38:29.271+0000] {processor.py:161} INFO - Started process (PID=2396) to work on /home/airflow/.local/lib/python3.12/site-packages/airflow/example_dags/example_latest_only_with_trigger.py
[2024-10-22T14:38:29.271+0000] {processor.py:830} INFO - Processing file /home/airflow/.local/lib/python3.12/site-packages/airflow/example_dags/example_latest_only_with_trigger.py for tasks to queue
[2024-10-22T14:38:29.273+0000] {logging_mixin.py:188} INFO - [2024-10-22T14:38:29.272+0000] {dagbag.py:545} INFO - Filling up the DagBag from /home/airflow/.local/lib/python3.12/site-packages/airflow/example_dags/example_latest_only_with_trigger.py
[2024-10-22T14:38:29.277+0000] {processor.py:840} INFO - DAG(s) 'latest_only_with_trigger' retrieved from /home/airflow/.local/lib/python3.12/site-packages/airflow/example_dags/example_latest_only_with_trigger.py
[2024-10-22T14:38:29.291+0000] {logging_mixin.py:188} INFO - [2024-10-22T14:38:29.291+0000] {dag.py:3089} INFO - Sync 1 DAGs
[2024-10-22T14:38:29.306+0000] {logging_mixin.py:188} INFO - [2024-10-22T14:38:29.306+0000] {dag.py:3947} INFO - Setting next_dagrun for latest_only_with_trigger to 2024-10-22 08:00:00+00:00, run_after=2024-10-22 12:00:00+00:00
[2024-10-22T14:38:29.320+0000] {processor.py:183} INFO - Processing /home/airflow/.local/lib/python3.12/site-packages/airflow/example_dags/example_latest_only_with_trigger.py took 0.053 seconds
[2024-10-22T14:38:59.644+0000] {processor.py:161} INFO - Started process (PID=2665) to work on /home/airflow/.local/lib/python3.12/site-packages/airflow/example_dags/example_latest_only_with_trigger.py
[2024-10-22T14:38:59.645+0000] {processor.py:830} INFO - Processing file /home/airflow/.local/lib/python3.12/site-packages/airflow/example_dags/example_latest_only_with_trigger.py for tasks to queue
[2024-10-22T14:38:59.646+0000] {logging_mixin.py:188} INFO - [2024-10-22T14:38:59.646+0000] {dagbag.py:545} INFO - Filling up the DagBag from /home/airflow/.local/lib/python3.12/site-packages/airflow/example_dags/example_latest_only_with_trigger.py
[2024-10-22T14:38:59.649+0000] {processor.py:840} INFO - DAG(s) 'latest_only_with_trigger' retrieved from /home/airflow/.local/lib/python3.12/site-packages/airflow/example_dags/example_latest_only_with_trigger.py
[2024-10-22T14:38:59.663+0000] {logging_mixin.py:188} INFO - [2024-10-22T14:38:59.663+0000] {dag.py:3089} INFO - Sync 1 DAGs
[2024-10-22T14:38:59.677+0000] {logging_mixin.py:188} INFO - [2024-10-22T14:38:59.677+0000] {dag.py:3947} INFO - Setting next_dagrun for latest_only_with_trigger to 2024-10-22 08:00:00+00:00, run_after=2024-10-22 12:00:00+00:00
[2024-10-22T14:38:59.688+0000] {processor.py:183} INFO - Processing /home/airflow/.local/lib/python3.12/site-packages/airflow/example_dags/example_latest_only_with_trigger.py took 0.048 seconds
[2024-10-22T14:39:29.851+0000] {processor.py:161} INFO - Started process (PID=2930) to work on /home/airflow/.local/lib/python3.12/site-packages/airflow/example_dags/example_latest_only_with_trigger.py
[2024-10-22T14:39:29.852+0000] {processor.py:830} INFO - Processing file /home/airflow/.local/lib/python3.12/site-packages/airflow/example_dags/example_latest_only_with_trigger.py for tasks to queue
[2024-10-22T14:39:29.853+0000] {logging_mixin.py:188} INFO - [2024-10-22T14:39:29.853+0000] {dagbag.py:545} INFO - Filling up the DagBag from /home/airflow/.local/lib/python3.12/site-packages/airflow/example_dags/example_latest_only_with_trigger.py
[2024-10-22T14:39:29.857+0000] {processor.py:840} INFO - DAG(s) 'latest_only_with_trigger' retrieved from /home/airflow/.local/lib/python3.12/site-packages/airflow/example_dags/example_latest_only_with_trigger.py
[2024-10-22T14:39:29.872+0000] {logging_mixin.py:188} INFO - [2024-10-22T14:39:29.871+0000] {dag.py:3089} INFO - Sync 1 DAGs
[2024-10-22T14:39:29.885+0000] {logging_mixin.py:188} INFO - [2024-10-22T14:39:29.885+0000] {dag.py:3947} INFO - Setting next_dagrun for latest_only_with_trigger to 2024-10-22 08:00:00+00:00, run_after=2024-10-22 12:00:00+00:00
[2024-10-22T14:39:29.898+0000] {processor.py:183} INFO - Processing /home/airflow/.local/lib/python3.12/site-packages/airflow/example_dags/example_latest_only_with_trigger.py took 0.051 seconds
[2024-10-22T14:40:00.041+0000] {processor.py:161} INFO - Started process (PID=3197) to work on /home/airflow/.local/lib/python3.12/site-packages/airflow/example_dags/example_latest_only_with_trigger.py
[2024-10-22T14:40:00.042+0000] {processor.py:830} INFO - Processing file /home/airflow/.local/lib/python3.12/site-packages/airflow/example_dags/example_latest_only_with_trigger.py for tasks to queue
[2024-10-22T14:40:00.044+0000] {logging_mixin.py:188} INFO - [2024-10-22T14:40:00.043+0000] {dagbag.py:545} INFO - Filling up the DagBag from /home/airflow/.local/lib/python3.12/site-packages/airflow/example_dags/example_latest_only_with_trigger.py
[2024-10-22T14:40:00.047+0000] {processor.py:840} INFO - DAG(s) 'latest_only_with_trigger' retrieved from /home/airflow/.local/lib/python3.12/site-packages/airflow/example_dags/example_latest_only_with_trigger.py
[2024-10-22T14:40:00.062+0000] {logging_mixin.py:188} INFO - [2024-10-22T14:40:00.062+0000] {dag.py:3089} INFO - Sync 1 DAGs
[2024-10-22T14:40:00.078+0000] {logging_mixin.py:188} INFO - [2024-10-22T14:40:00.077+0000] {dag.py:3947} INFO - Setting next_dagrun for latest_only_with_trigger to 2024-10-22 08:00:00+00:00, run_after=2024-10-22 12:00:00+00:00
[2024-10-22T14:40:00.092+0000] {processor.py:183} INFO - Processing /home/airflow/.local/lib/python3.12/site-packages/airflow/example_dags/example_latest_only_with_trigger.py took 0.055 seconds
[2024-10-22T14:40:30.238+0000] {processor.py:161} INFO - Started process (PID=3459) to work on /home/airflow/.local/lib/python3.12/site-packages/airflow/example_dags/example_latest_only_with_trigger.py
[2024-10-22T14:40:30.238+0000] {processor.py:830} INFO - Processing file /home/airflow/.local/lib/python3.12/site-packages/airflow/example_dags/example_latest_only_with_trigger.py for tasks to queue
[2024-10-22T14:40:30.240+0000] {logging_mixin.py:188} INFO - [2024-10-22T14:40:30.239+0000] {dagbag.py:545} INFO - Filling up the DagBag from /home/airflow/.local/lib/python3.12/site-packages/airflow/example_dags/example_latest_only_with_trigger.py
[2024-10-22T14:40:30.244+0000] {processor.py:840} INFO - DAG(s) 'latest_only_with_trigger' retrieved from /home/airflow/.local/lib/python3.12/site-packages/airflow/example_dags/example_latest_only_with_trigger.py
[2024-10-22T14:40:30.259+0000] {logging_mixin.py:188} INFO - [2024-10-22T14:40:30.258+0000] {dag.py:3089} INFO - Sync 1 DAGs
[2024-10-22T14:40:30.273+0000] {logging_mixin.py:188} INFO - [2024-10-22T14:40:30.273+0000] {dag.py:3947} INFO - Setting next_dagrun for latest_only_with_trigger to 2024-10-22 08:00:00+00:00, run_after=2024-10-22 12:00:00+00:00
[2024-10-22T14:40:30.285+0000] {processor.py:183} INFO - Processing /home/airflow/.local/lib/python3.12/site-packages/airflow/example_dags/example_latest_only_with_trigger.py took 0.051 seconds
[2024-10-22T14:41:00.442+0000] {processor.py:161} INFO - Started process (PID=3726) to work on /home/airflow/.local/lib/python3.12/site-packages/airflow/example_dags/example_latest_only_with_trigger.py
[2024-10-22T14:41:00.442+0000] {processor.py:830} INFO - Processing file /home/airflow/.local/lib/python3.12/site-packages/airflow/example_dags/example_latest_only_with_trigger.py for tasks to queue
[2024-10-22T14:41:00.444+0000] {logging_mixin.py:188} INFO - [2024-10-22T14:41:00.444+0000] {dagbag.py:545} INFO - Filling up the DagBag from /home/airflow/.local/lib/python3.12/site-packages/airflow/example_dags/example_latest_only_with_trigger.py
[2024-10-22T14:41:00.448+0000] {processor.py:840} INFO - DAG(s) 'latest_only_with_trigger' retrieved from /home/airflow/.local/lib/python3.12/site-packages/airflow/example_dags/example_latest_only_with_trigger.py
[2024-10-22T14:41:00.463+0000] {logging_mixin.py:188} INFO - [2024-10-22T14:41:00.463+0000] {dag.py:3089} INFO - Sync 1 DAGs
[2024-10-22T14:41:00.478+0000] {logging_mixin.py:188} INFO - [2024-10-22T14:41:00.478+0000] {dag.py:3947} INFO - Setting next_dagrun for latest_only_with_trigger to 2024-10-22 08:00:00+00:00, run_after=2024-10-22 12:00:00+00:00
[2024-10-22T14:41:00.490+0000] {processor.py:183} INFO - Processing /home/airflow/.local/lib/python3.12/site-packages/airflow/example_dags/example_latest_only_with_trigger.py took 0.053 seconds
[2024-10-22T14:41:30.562+0000] {processor.py:161} INFO - Started process (PID=3993) to work on /home/airflow/.local/lib/python3.12/site-packages/airflow/example_dags/example_latest_only_with_trigger.py
[2024-10-22T14:41:30.563+0000] {processor.py:830} INFO - Processing file /home/airflow/.local/lib/python3.12/site-packages/airflow/example_dags/example_latest_only_with_trigger.py for tasks to queue
[2024-10-22T14:41:30.564+0000] {logging_mixin.py:188} INFO - [2024-10-22T14:41:30.564+0000] {dagbag.py:545} INFO - Filling up the DagBag from /home/airflow/.local/lib/python3.12/site-packages/airflow/example_dags/example_latest_only_with_trigger.py
[2024-10-22T14:41:30.568+0000] {processor.py:840} INFO - DAG(s) 'latest_only_with_trigger' retrieved from /home/airflow/.local/lib/python3.12/site-packages/airflow/example_dags/example_latest_only_with_trigger.py
[2024-10-22T14:41:30.583+0000] {logging_mixin.py:188} INFO - [2024-10-22T14:41:30.583+0000] {dag.py:3089} INFO - Sync 1 DAGs
[2024-10-22T14:41:30.598+0000] {logging_mixin.py:188} INFO - [2024-10-22T14:41:30.598+0000] {dag.py:3947} INFO - Setting next_dagrun for latest_only_with_trigger to 2024-10-22 08:00:00+00:00, run_after=2024-10-22 12:00:00+00:00
[2024-10-22T14:41:30.612+0000] {processor.py:183} INFO - Processing /home/airflow/.local/lib/python3.12/site-packages/airflow/example_dags/example_latest_only_with_trigger.py took 0.054 seconds
[2024-10-22T14:42:00.833+0000] {processor.py:161} INFO - Started process (PID=4260) to work on /home/airflow/.local/lib/python3.12/site-packages/airflow/example_dags/example_latest_only_with_trigger.py
[2024-10-22T14:42:00.834+0000] {processor.py:830} INFO - Processing file /home/airflow/.local/lib/python3.12/site-packages/airflow/example_dags/example_latest_only_with_trigger.py for tasks to queue
[2024-10-22T14:42:00.835+0000] {logging_mixin.py:188} INFO - [2024-10-22T14:42:00.835+0000] {dagbag.py:545} INFO - Filling up the DagBag from /home/airflow/.local/lib/python3.12/site-packages/airflow/example_dags/example_latest_only_with_trigger.py
[2024-10-22T14:42:00.840+0000] {processor.py:840} INFO - DAG(s) 'latest_only_with_trigger' retrieved from /home/airflow/.local/lib/python3.12/site-packages/airflow/example_dags/example_latest_only_with_trigger.py
[2024-10-22T14:42:00.855+0000] {logging_mixin.py:188} INFO - [2024-10-22T14:42:00.855+0000] {dag.py:3089} INFO - Sync 1 DAGs
[2024-10-22T14:42:00.870+0000] {logging_mixin.py:188} INFO - [2024-10-22T14:42:00.869+0000] {dag.py:3947} INFO - Setting next_dagrun for latest_only_with_trigger to 2024-10-22 08:00:00+00:00, run_after=2024-10-22 12:00:00+00:00
[2024-10-22T14:42:00.883+0000] {processor.py:183} INFO - Processing /home/airflow/.local/lib/python3.12/site-packages/airflow/example_dags/example_latest_only_with_trigger.py took 0.055 seconds
[2024-10-22T14:42:47.949+0000] {processor.py:161} INFO - Started process (PID=260) to work on /home/airflow/.local/lib/python3.12/site-packages/airflow/example_dags/example_latest_only_with_trigger.py
[2024-10-22T14:42:47.950+0000] {processor.py:830} INFO - Processing file /home/airflow/.local/lib/python3.12/site-packages/airflow/example_dags/example_latest_only_with_trigger.py for tasks to queue
[2024-10-22T14:42:47.951+0000] {logging_mixin.py:188} INFO - [2024-10-22T14:42:47.951+0000] {dagbag.py:545} INFO - Filling up the DagBag from /home/airflow/.local/lib/python3.12/site-packages/airflow/example_dags/example_latest_only_with_trigger.py
[2024-10-22T14:42:47.956+0000] {processor.py:840} INFO - DAG(s) 'latest_only_with_trigger' retrieved from /home/airflow/.local/lib/python3.12/site-packages/airflow/example_dags/example_latest_only_with_trigger.py
[2024-10-22T14:42:47.964+0000] {logging_mixin.py:188} INFO - [2024-10-22T14:42:47.964+0000] {dag.py:3089} INFO - Sync 1 DAGs
[2024-10-22T14:42:47.984+0000] {logging_mixin.py:188} INFO - [2024-10-22T14:42:47.984+0000] {dag.py:3947} INFO - Setting next_dagrun for latest_only_with_trigger to 2024-10-22 08:00:00+00:00, run_after=2024-10-22 12:00:00+00:00
[2024-10-22T14:42:47.997+0000] {processor.py:183} INFO - Processing /home/airflow/.local/lib/python3.12/site-packages/airflow/example_dags/example_latest_only_with_trigger.py took 0.052 seconds
[2024-10-22T14:43:18.754+0000] {processor.py:161} INFO - Started process (PID=527) to work on /home/airflow/.local/lib/python3.12/site-packages/airflow/example_dags/example_latest_only_with_trigger.py
[2024-10-22T14:43:18.754+0000] {processor.py:830} INFO - Processing file /home/airflow/.local/lib/python3.12/site-packages/airflow/example_dags/example_latest_only_with_trigger.py for tasks to queue
[2024-10-22T14:43:18.756+0000] {logging_mixin.py:188} INFO - [2024-10-22T14:43:18.756+0000] {dagbag.py:545} INFO - Filling up the DagBag from /home/airflow/.local/lib/python3.12/site-packages/airflow/example_dags/example_latest_only_with_trigger.py
[2024-10-22T14:43:18.759+0000] {processor.py:840} INFO - DAG(s) 'latest_only_with_trigger' retrieved from /home/airflow/.local/lib/python3.12/site-packages/airflow/example_dags/example_latest_only_with_trigger.py
[2024-10-22T14:43:18.829+0000] {logging_mixin.py:188} INFO - [2024-10-22T14:43:18.829+0000] {dag.py:3089} INFO - Sync 1 DAGs
[2024-10-22T14:43:18.844+0000] {logging_mixin.py:188} INFO - [2024-10-22T14:43:18.843+0000] {dag.py:3947} INFO - Setting next_dagrun for latest_only_with_trigger to 2024-10-22 08:00:00+00:00, run_after=2024-10-22 12:00:00+00:00
[2024-10-22T14:43:18.858+0000] {processor.py:183} INFO - Processing /home/airflow/.local/lib/python3.12/site-packages/airflow/example_dags/example_latest_only_with_trigger.py took 0.108 seconds
[2024-10-22T14:43:48.908+0000] {processor.py:161} INFO - Started process (PID=797) to work on /home/airflow/.local/lib/python3.12/site-packages/airflow/example_dags/example_latest_only_with_trigger.py
[2024-10-22T14:43:48.909+0000] {processor.py:830} INFO - Processing file /home/airflow/.local/lib/python3.12/site-packages/airflow/example_dags/example_latest_only_with_trigger.py for tasks to queue
[2024-10-22T14:43:48.910+0000] {logging_mixin.py:188} INFO - [2024-10-22T14:43:48.910+0000] {dagbag.py:545} INFO - Filling up the DagBag from /home/airflow/.local/lib/python3.12/site-packages/airflow/example_dags/example_latest_only_with_trigger.py
[2024-10-22T14:43:48.914+0000] {processor.py:840} INFO - DAG(s) 'latest_only_with_trigger' retrieved from /home/airflow/.local/lib/python3.12/site-packages/airflow/example_dags/example_latest_only_with_trigger.py
[2024-10-22T14:43:48.928+0000] {logging_mixin.py:188} INFO - [2024-10-22T14:43:48.928+0000] {dag.py:3089} INFO - Sync 1 DAGs
[2024-10-22T14:43:48.943+0000] {logging_mixin.py:188} INFO - [2024-10-22T14:43:48.943+0000] {dag.py:3947} INFO - Setting next_dagrun for latest_only_with_trigger to 2024-10-22 08:00:00+00:00, run_after=2024-10-22 12:00:00+00:00
[2024-10-22T14:43:48.955+0000] {processor.py:183} INFO - Processing /home/airflow/.local/lib/python3.12/site-packages/airflow/example_dags/example_latest_only_with_trigger.py took 0.051 seconds
[2024-10-22T14:44:19.223+0000] {processor.py:161} INFO - Started process (PID=1064) to work on /home/airflow/.local/lib/python3.12/site-packages/airflow/example_dags/example_latest_only_with_trigger.py
[2024-10-22T14:44:19.224+0000] {processor.py:830} INFO - Processing file /home/airflow/.local/lib/python3.12/site-packages/airflow/example_dags/example_latest_only_with_trigger.py for tasks to queue
[2024-10-22T14:44:19.225+0000] {logging_mixin.py:188} INFO - [2024-10-22T14:44:19.225+0000] {dagbag.py:545} INFO - Filling up the DagBag from /home/airflow/.local/lib/python3.12/site-packages/airflow/example_dags/example_latest_only_with_trigger.py
[2024-10-22T14:44:19.230+0000] {processor.py:840} INFO - DAG(s) 'latest_only_with_trigger' retrieved from /home/airflow/.local/lib/python3.12/site-packages/airflow/example_dags/example_latest_only_with_trigger.py
[2024-10-22T14:44:19.244+0000] {logging_mixin.py:188} INFO - [2024-10-22T14:44:19.244+0000] {dag.py:3089} INFO - Sync 1 DAGs
[2024-10-22T14:44:19.260+0000] {logging_mixin.py:188} INFO - [2024-10-22T14:44:19.260+0000] {dag.py:3947} INFO - Setting next_dagrun for latest_only_with_trigger to 2024-10-22 08:00:00+00:00, run_after=2024-10-22 12:00:00+00:00
[2024-10-22T14:44:19.272+0000] {processor.py:183} INFO - Processing /home/airflow/.local/lib/python3.12/site-packages/airflow/example_dags/example_latest_only_with_trigger.py took 0.053 seconds
[2024-10-22T14:44:49.403+0000] {processor.py:161} INFO - Started process (PID=1331) to work on /home/airflow/.local/lib/python3.12/site-packages/airflow/example_dags/example_latest_only_with_trigger.py
[2024-10-22T14:44:49.403+0000] {processor.py:830} INFO - Processing file /home/airflow/.local/lib/python3.12/site-packages/airflow/example_dags/example_latest_only_with_trigger.py for tasks to queue
[2024-10-22T14:44:49.405+0000] {logging_mixin.py:188} INFO - [2024-10-22T14:44:49.404+0000] {dagbag.py:545} INFO - Filling up the DagBag from /home/airflow/.local/lib/python3.12/site-packages/airflow/example_dags/example_latest_only_with_trigger.py
[2024-10-22T14:44:49.409+0000] {processor.py:840} INFO - DAG(s) 'latest_only_with_trigger' retrieved from /home/airflow/.local/lib/python3.12/site-packages/airflow/example_dags/example_latest_only_with_trigger.py
[2024-10-22T14:44:49.423+0000] {logging_mixin.py:188} INFO - [2024-10-22T14:44:49.423+0000] {dag.py:3089} INFO - Sync 1 DAGs
[2024-10-22T14:44:49.437+0000] {logging_mixin.py:188} INFO - [2024-10-22T14:44:49.437+0000] {dag.py:3947} INFO - Setting next_dagrun for latest_only_with_trigger to 2024-10-22 08:00:00+00:00, run_after=2024-10-22 12:00:00+00:00
[2024-10-22T14:44:49.450+0000] {processor.py:183} INFO - Processing /home/airflow/.local/lib/python3.12/site-packages/airflow/example_dags/example_latest_only_with_trigger.py took 0.051 seconds
[2024-10-22T14:45:19.922+0000] {processor.py:161} INFO - Started process (PID=1598) to work on /home/airflow/.local/lib/python3.12/site-packages/airflow/example_dags/example_latest_only_with_trigger.py
[2024-10-22T14:45:19.923+0000] {processor.py:830} INFO - Processing file /home/airflow/.local/lib/python3.12/site-packages/airflow/example_dags/example_latest_only_with_trigger.py for tasks to queue
[2024-10-22T14:45:19.924+0000] {logging_mixin.py:188} INFO - [2024-10-22T14:45:19.924+0000] {dagbag.py:545} INFO - Filling up the DagBag from /home/airflow/.local/lib/python3.12/site-packages/airflow/example_dags/example_latest_only_with_trigger.py
[2024-10-22T14:45:19.928+0000] {processor.py:840} INFO - DAG(s) 'latest_only_with_trigger' retrieved from /home/airflow/.local/lib/python3.12/site-packages/airflow/example_dags/example_latest_only_with_trigger.py
[2024-10-22T14:45:19.944+0000] {logging_mixin.py:188} INFO - [2024-10-22T14:45:19.944+0000] {dag.py:3089} INFO - Sync 1 DAGs
[2024-10-22T14:45:19.960+0000] {logging_mixin.py:188} INFO - [2024-10-22T14:45:19.960+0000] {dag.py:3947} INFO - Setting next_dagrun for latest_only_with_trigger to 2024-10-22 08:00:00+00:00, run_after=2024-10-22 12:00:00+00:00
[2024-10-22T14:45:19.973+0000] {processor.py:183} INFO - Processing /home/airflow/.local/lib/python3.12/site-packages/airflow/example_dags/example_latest_only_with_trigger.py took 0.055 seconds
[2024-10-22T14:45:50.289+0000] {processor.py:161} INFO - Started process (PID=1865) to work on /home/airflow/.local/lib/python3.12/site-packages/airflow/example_dags/example_latest_only_with_trigger.py
[2024-10-22T14:45:50.290+0000] {processor.py:830} INFO - Processing file /home/airflow/.local/lib/python3.12/site-packages/airflow/example_dags/example_latest_only_with_trigger.py for tasks to queue
[2024-10-22T14:45:50.291+0000] {logging_mixin.py:188} INFO - [2024-10-22T14:45:50.291+0000] {dagbag.py:545} INFO - Filling up the DagBag from /home/airflow/.local/lib/python3.12/site-packages/airflow/example_dags/example_latest_only_with_trigger.py
[2024-10-22T14:45:50.294+0000] {processor.py:840} INFO - DAG(s) 'latest_only_with_trigger' retrieved from /home/airflow/.local/lib/python3.12/site-packages/airflow/example_dags/example_latest_only_with_trigger.py
[2024-10-22T14:45:50.311+0000] {logging_mixin.py:188} INFO - [2024-10-22T14:45:50.311+0000] {dag.py:3089} INFO - Sync 1 DAGs
[2024-10-22T14:45:50.328+0000] {logging_mixin.py:188} INFO - [2024-10-22T14:45:50.328+0000] {dag.py:3947} INFO - Setting next_dagrun for latest_only_with_trigger to 2024-10-22 08:00:00+00:00, run_after=2024-10-22 12:00:00+00:00
[2024-10-22T14:45:50.343+0000] {processor.py:183} INFO - Processing /home/airflow/.local/lib/python3.12/site-packages/airflow/example_dags/example_latest_only_with_trigger.py took 0.058 seconds
[2024-10-22T14:46:20.980+0000] {processor.py:161} INFO - Started process (PID=2132) to work on /home/airflow/.local/lib/python3.12/site-packages/airflow/example_dags/example_latest_only_with_trigger.py
[2024-10-22T14:46:20.981+0000] {processor.py:830} INFO - Processing file /home/airflow/.local/lib/python3.12/site-packages/airflow/example_dags/example_latest_only_with_trigger.py for tasks to queue
[2024-10-22T14:46:20.982+0000] {logging_mixin.py:188} INFO - [2024-10-22T14:46:20.982+0000] {dagbag.py:545} INFO - Filling up the DagBag from /home/airflow/.local/lib/python3.12/site-packages/airflow/example_dags/example_latest_only_with_trigger.py
[2024-10-22T14:46:20.986+0000] {processor.py:840} INFO - DAG(s) 'latest_only_with_trigger' retrieved from /home/airflow/.local/lib/python3.12/site-packages/airflow/example_dags/example_latest_only_with_trigger.py
[2024-10-22T14:46:21.003+0000] {logging_mixin.py:188} INFO - [2024-10-22T14:46:21.003+0000] {dag.py:3089} INFO - Sync 1 DAGs
[2024-10-22T14:46:21.027+0000] {logging_mixin.py:188} INFO - [2024-10-22T14:46:21.027+0000] {dag.py:3947} INFO - Setting next_dagrun for latest_only_with_trigger to 2024-10-22 08:00:00+00:00, run_after=2024-10-22 12:00:00+00:00
[2024-10-22T14:46:21.044+0000] {processor.py:183} INFO - Processing /home/airflow/.local/lib/python3.12/site-packages/airflow/example_dags/example_latest_only_with_trigger.py took 0.068 seconds
[2024-10-22T14:46:51.078+0000] {processor.py:161} INFO - Started process (PID=2398) to work on /home/airflow/.local/lib/python3.12/site-packages/airflow/example_dags/example_latest_only_with_trigger.py
[2024-10-22T14:46:51.079+0000] {processor.py:830} INFO - Processing file /home/airflow/.local/lib/python3.12/site-packages/airflow/example_dags/example_latest_only_with_trigger.py for tasks to queue
[2024-10-22T14:46:51.080+0000] {logging_mixin.py:188} INFO - [2024-10-22T14:46:51.080+0000] {dagbag.py:545} INFO - Filling up the DagBag from /home/airflow/.local/lib/python3.12/site-packages/airflow/example_dags/example_latest_only_with_trigger.py
[2024-10-22T14:46:51.084+0000] {processor.py:840} INFO - DAG(s) 'latest_only_with_trigger' retrieved from /home/airflow/.local/lib/python3.12/site-packages/airflow/example_dags/example_latest_only_with_trigger.py
[2024-10-22T14:46:51.100+0000] {logging_mixin.py:188} INFO - [2024-10-22T14:46:51.100+0000] {dag.py:3089} INFO - Sync 1 DAGs
[2024-10-22T14:46:51.115+0000] {logging_mixin.py:188} INFO - [2024-10-22T14:46:51.115+0000] {dag.py:3947} INFO - Setting next_dagrun for latest_only_with_trigger to 2024-10-22 08:00:00+00:00, run_after=2024-10-22 12:00:00+00:00
[2024-10-22T14:46:51.128+0000] {processor.py:183} INFO - Processing /home/airflow/.local/lib/python3.12/site-packages/airflow/example_dags/example_latest_only_with_trigger.py took 0.054 seconds
[2024-10-22T14:47:21.374+0000] {processor.py:161} INFO - Started process (PID=2664) to work on /home/airflow/.local/lib/python3.12/site-packages/airflow/example_dags/example_latest_only_with_trigger.py
[2024-10-22T14:47:21.374+0000] {processor.py:830} INFO - Processing file /home/airflow/.local/lib/python3.12/site-packages/airflow/example_dags/example_latest_only_with_trigger.py for tasks to queue
[2024-10-22T14:47:21.376+0000] {logging_mixin.py:188} INFO - [2024-10-22T14:47:21.375+0000] {dagbag.py:545} INFO - Filling up the DagBag from /home/airflow/.local/lib/python3.12/site-packages/airflow/example_dags/example_latest_only_with_trigger.py
[2024-10-22T14:47:21.379+0000] {processor.py:840} INFO - DAG(s) 'latest_only_with_trigger' retrieved from /home/airflow/.local/lib/python3.12/site-packages/airflow/example_dags/example_latest_only_with_trigger.py
[2024-10-22T14:47:21.394+0000] {logging_mixin.py:188} INFO - [2024-10-22T14:47:21.394+0000] {dag.py:3089} INFO - Sync 1 DAGs
[2024-10-22T14:47:21.408+0000] {logging_mixin.py:188} INFO - [2024-10-22T14:47:21.408+0000] {dag.py:3947} INFO - Setting next_dagrun for latest_only_with_trigger to 2024-10-22 08:00:00+00:00, run_after=2024-10-22 12:00:00+00:00
[2024-10-22T14:47:21.421+0000] {processor.py:183} INFO - Processing /home/airflow/.local/lib/python3.12/site-packages/airflow/example_dags/example_latest_only_with_trigger.py took 0.051 seconds
[2024-10-22T14:47:51.665+0000] {processor.py:161} INFO - Started process (PID=2931) to work on /home/airflow/.local/lib/python3.12/site-packages/airflow/example_dags/example_latest_only_with_trigger.py
[2024-10-22T14:47:51.666+0000] {processor.py:830} INFO - Processing file /home/airflow/.local/lib/python3.12/site-packages/airflow/example_dags/example_latest_only_with_trigger.py for tasks to queue
[2024-10-22T14:47:51.667+0000] {logging_mixin.py:188} INFO - [2024-10-22T14:47:51.667+0000] {dagbag.py:545} INFO - Filling up the DagBag from /home/airflow/.local/lib/python3.12/site-packages/airflow/example_dags/example_latest_only_with_trigger.py
[2024-10-22T14:47:51.671+0000] {processor.py:840} INFO - DAG(s) 'latest_only_with_trigger' retrieved from /home/airflow/.local/lib/python3.12/site-packages/airflow/example_dags/example_latest_only_with_trigger.py
[2024-10-22T14:47:51.685+0000] {logging_mixin.py:188} INFO - [2024-10-22T14:47:51.685+0000] {dag.py:3089} INFO - Sync 1 DAGs
[2024-10-22T14:47:51.699+0000] {logging_mixin.py:188} INFO - [2024-10-22T14:47:51.699+0000] {dag.py:3947} INFO - Setting next_dagrun for latest_only_with_trigger to 2024-10-22 08:00:00+00:00, run_after=2024-10-22 12:00:00+00:00
[2024-10-22T14:47:51.711+0000] {processor.py:183} INFO - Processing /home/airflow/.local/lib/python3.12/site-packages/airflow/example_dags/example_latest_only_with_trigger.py took 0.050 seconds
[2024-10-22T14:48:22.014+0000] {processor.py:161} INFO - Started process (PID=3200) to work on /home/airflow/.local/lib/python3.12/site-packages/airflow/example_dags/example_latest_only_with_trigger.py
[2024-10-22T14:48:22.015+0000] {processor.py:830} INFO - Processing file /home/airflow/.local/lib/python3.12/site-packages/airflow/example_dags/example_latest_only_with_trigger.py for tasks to queue
[2024-10-22T14:48:22.016+0000] {logging_mixin.py:188} INFO - [2024-10-22T14:48:22.016+0000] {dagbag.py:545} INFO - Filling up the DagBag from /home/airflow/.local/lib/python3.12/site-packages/airflow/example_dags/example_latest_only_with_trigger.py
[2024-10-22T14:48:22.020+0000] {processor.py:840} INFO - DAG(s) 'latest_only_with_trigger' retrieved from /home/airflow/.local/lib/python3.12/site-packages/airflow/example_dags/example_latest_only_with_trigger.py
[2024-10-22T14:48:22.034+0000] {logging_mixin.py:188} INFO - [2024-10-22T14:48:22.034+0000] {dag.py:3089} INFO - Sync 1 DAGs
[2024-10-22T14:48:22.047+0000] {logging_mixin.py:188} INFO - [2024-10-22T14:48:22.047+0000] {dag.py:3947} INFO - Setting next_dagrun for latest_only_with_trigger to 2024-10-22 08:00:00+00:00, run_after=2024-10-22 12:00:00+00:00
[2024-10-22T14:48:22.060+0000] {processor.py:183} INFO - Processing /home/airflow/.local/lib/python3.12/site-packages/airflow/example_dags/example_latest_only_with_trigger.py took 0.050 seconds
[2024-10-22T14:48:52.471+0000] {processor.py:161} INFO - Started process (PID=3467) to work on /home/airflow/.local/lib/python3.12/site-packages/airflow/example_dags/example_latest_only_with_trigger.py
[2024-10-22T14:48:52.472+0000] {processor.py:830} INFO - Processing file /home/airflow/.local/lib/python3.12/site-packages/airflow/example_dags/example_latest_only_with_trigger.py for tasks to queue
[2024-10-22T14:48:52.473+0000] {logging_mixin.py:188} INFO - [2024-10-22T14:48:52.473+0000] {dagbag.py:545} INFO - Filling up the DagBag from /home/airflow/.local/lib/python3.12/site-packages/airflow/example_dags/example_latest_only_with_trigger.py
[2024-10-22T14:48:52.477+0000] {processor.py:840} INFO - DAG(s) 'latest_only_with_trigger' retrieved from /home/airflow/.local/lib/python3.12/site-packages/airflow/example_dags/example_latest_only_with_trigger.py
[2024-10-22T14:48:52.491+0000] {logging_mixin.py:188} INFO - [2024-10-22T14:48:52.491+0000] {dag.py:3089} INFO - Sync 1 DAGs
[2024-10-22T14:48:52.504+0000] {logging_mixin.py:188} INFO - [2024-10-22T14:48:52.504+0000] {dag.py:3947} INFO - Setting next_dagrun for latest_only_with_trigger to 2024-10-22 08:00:00+00:00, run_after=2024-10-22 12:00:00+00:00
[2024-10-22T14:48:52.515+0000] {processor.py:183} INFO - Processing /home/airflow/.local/lib/python3.12/site-packages/airflow/example_dags/example_latest_only_with_trigger.py took 0.049 seconds
[2024-10-22T14:49:22.856+0000] {processor.py:161} INFO - Started process (PID=3734) to work on /home/airflow/.local/lib/python3.12/site-packages/airflow/example_dags/example_latest_only_with_trigger.py
[2024-10-22T14:49:22.857+0000] {processor.py:830} INFO - Processing file /home/airflow/.local/lib/python3.12/site-packages/airflow/example_dags/example_latest_only_with_trigger.py for tasks to queue
[2024-10-22T14:49:22.858+0000] {logging_mixin.py:188} INFO - [2024-10-22T14:49:22.858+0000] {dagbag.py:545} INFO - Filling up the DagBag from /home/airflow/.local/lib/python3.12/site-packages/airflow/example_dags/example_latest_only_with_trigger.py
[2024-10-22T14:49:22.862+0000] {processor.py:840} INFO - DAG(s) 'latest_only_with_trigger' retrieved from /home/airflow/.local/lib/python3.12/site-packages/airflow/example_dags/example_latest_only_with_trigger.py
[2024-10-22T14:49:22.876+0000] {logging_mixin.py:188} INFO - [2024-10-22T14:49:22.876+0000] {dag.py:3089} INFO - Sync 1 DAGs
[2024-10-22T14:49:22.890+0000] {logging_mixin.py:188} INFO - [2024-10-22T14:49:22.890+0000] {dag.py:3947} INFO - Setting next_dagrun for latest_only_with_trigger to 2024-10-22 08:00:00+00:00, run_after=2024-10-22 12:00:00+00:00
[2024-10-22T14:49:22.903+0000] {processor.py:183} INFO - Processing /home/airflow/.local/lib/python3.12/site-packages/airflow/example_dags/example_latest_only_with_trigger.py took 0.051 seconds
[2024-10-22T14:49:53.125+0000] {processor.py:161} INFO - Started process (PID=3999) to work on /home/airflow/.local/lib/python3.12/site-packages/airflow/example_dags/example_latest_only_with_trigger.py
[2024-10-22T14:49:53.125+0000] {processor.py:830} INFO - Processing file /home/airflow/.local/lib/python3.12/site-packages/airflow/example_dags/example_latest_only_with_trigger.py for tasks to queue
[2024-10-22T14:49:53.127+0000] {logging_mixin.py:188} INFO - [2024-10-22T14:49:53.127+0000] {dagbag.py:545} INFO - Filling up the DagBag from /home/airflow/.local/lib/python3.12/site-packages/airflow/example_dags/example_latest_only_with_trigger.py
[2024-10-22T14:49:53.130+0000] {processor.py:840} INFO - DAG(s) 'latest_only_with_trigger' retrieved from /home/airflow/.local/lib/python3.12/site-packages/airflow/example_dags/example_latest_only_with_trigger.py
[2024-10-22T14:49:53.144+0000] {logging_mixin.py:188} INFO - [2024-10-22T14:49:53.144+0000] {dag.py:3089} INFO - Sync 1 DAGs
[2024-10-22T14:49:53.158+0000] {logging_mixin.py:188} INFO - [2024-10-22T14:49:53.157+0000] {dag.py:3947} INFO - Setting next_dagrun for latest_only_with_trigger to 2024-10-22 08:00:00+00:00, run_after=2024-10-22 12:00:00+00:00
[2024-10-22T14:49:53.171+0000] {processor.py:183} INFO - Processing /home/airflow/.local/lib/python3.12/site-packages/airflow/example_dags/example_latest_only_with_trigger.py took 0.050 seconds
[2024-10-22T14:50:23.448+0000] {processor.py:161} INFO - Started process (PID=4266) to work on /home/airflow/.local/lib/python3.12/site-packages/airflow/example_dags/example_latest_only_with_trigger.py
[2024-10-22T14:50:23.448+0000] {processor.py:830} INFO - Processing file /home/airflow/.local/lib/python3.12/site-packages/airflow/example_dags/example_latest_only_with_trigger.py for tasks to queue
[2024-10-22T14:50:23.450+0000] {logging_mixin.py:188} INFO - [2024-10-22T14:50:23.450+0000] {dagbag.py:545} INFO - Filling up the DagBag from /home/airflow/.local/lib/python3.12/site-packages/airflow/example_dags/example_latest_only_with_trigger.py
[2024-10-22T14:50:23.454+0000] {processor.py:840} INFO - DAG(s) 'latest_only_with_trigger' retrieved from /home/airflow/.local/lib/python3.12/site-packages/airflow/example_dags/example_latest_only_with_trigger.py
[2024-10-22T14:50:23.469+0000] {logging_mixin.py:188} INFO - [2024-10-22T14:50:23.469+0000] {dag.py:3089} INFO - Sync 1 DAGs
[2024-10-22T14:50:23.483+0000] {logging_mixin.py:188} INFO - [2024-10-22T14:50:23.483+0000] {dag.py:3947} INFO - Setting next_dagrun for latest_only_with_trigger to 2024-10-22 08:00:00+00:00, run_after=2024-10-22 12:00:00+00:00
[2024-10-22T14:50:23.496+0000] {processor.py:183} INFO - Processing /home/airflow/.local/lib/python3.12/site-packages/airflow/example_dags/example_latest_only_with_trigger.py took 0.052 seconds
[2024-10-22T14:50:53.889+0000] {processor.py:161} INFO - Started process (PID=4533) to work on /home/airflow/.local/lib/python3.12/site-packages/airflow/example_dags/example_latest_only_with_trigger.py
[2024-10-22T14:50:53.890+0000] {processor.py:830} INFO - Processing file /home/airflow/.local/lib/python3.12/site-packages/airflow/example_dags/example_latest_only_with_trigger.py for tasks to queue
[2024-10-22T14:50:53.891+0000] {logging_mixin.py:188} INFO - [2024-10-22T14:50:53.891+0000] {dagbag.py:545} INFO - Filling up the DagBag from /home/airflow/.local/lib/python3.12/site-packages/airflow/example_dags/example_latest_only_with_trigger.py
[2024-10-22T14:50:53.895+0000] {processor.py:840} INFO - DAG(s) 'latest_only_with_trigger' retrieved from /home/airflow/.local/lib/python3.12/site-packages/airflow/example_dags/example_latest_only_with_trigger.py
[2024-10-22T14:50:53.910+0000] {logging_mixin.py:188} INFO - [2024-10-22T14:50:53.910+0000] {dag.py:3089} INFO - Sync 1 DAGs
[2024-10-22T14:50:53.926+0000] {logging_mixin.py:188} INFO - [2024-10-22T14:50:53.926+0000] {dag.py:3947} INFO - Setting next_dagrun for latest_only_with_trigger to 2024-10-22 08:00:00+00:00, run_after=2024-10-22 12:00:00+00:00
[2024-10-22T14:50:53.938+0000] {processor.py:183} INFO - Processing /home/airflow/.local/lib/python3.12/site-packages/airflow/example_dags/example_latest_only_with_trigger.py took 0.053 seconds
[2024-10-22T14:51:24.328+0000] {processor.py:161} INFO - Started process (PID=4800) to work on /home/airflow/.local/lib/python3.12/site-packages/airflow/example_dags/example_latest_only_with_trigger.py
[2024-10-22T14:51:24.329+0000] {processor.py:830} INFO - Processing file /home/airflow/.local/lib/python3.12/site-packages/airflow/example_dags/example_latest_only_with_trigger.py for tasks to queue
[2024-10-22T14:51:24.330+0000] {logging_mixin.py:188} INFO - [2024-10-22T14:51:24.330+0000] {dagbag.py:545} INFO - Filling up the DagBag from /home/airflow/.local/lib/python3.12/site-packages/airflow/example_dags/example_latest_only_with_trigger.py
[2024-10-22T14:51:24.334+0000] {processor.py:840} INFO - DAG(s) 'latest_only_with_trigger' retrieved from /home/airflow/.local/lib/python3.12/site-packages/airflow/example_dags/example_latest_only_with_trigger.py
[2024-10-22T14:51:24.348+0000] {logging_mixin.py:188} INFO - [2024-10-22T14:51:24.348+0000] {dag.py:3089} INFO - Sync 1 DAGs
[2024-10-22T14:51:24.363+0000] {logging_mixin.py:188} INFO - [2024-10-22T14:51:24.363+0000] {dag.py:3947} INFO - Setting next_dagrun for latest_only_with_trigger to 2024-10-22 08:00:00+00:00, run_after=2024-10-22 12:00:00+00:00
[2024-10-22T14:51:24.377+0000] {processor.py:183} INFO - Processing /home/airflow/.local/lib/python3.12/site-packages/airflow/example_dags/example_latest_only_with_trigger.py took 0.053 seconds
[2024-10-22T14:51:54.770+0000] {processor.py:161} INFO - Started process (PID=5067) to work on /home/airflow/.local/lib/python3.12/site-packages/airflow/example_dags/example_latest_only_with_trigger.py
[2024-10-22T14:51:54.771+0000] {processor.py:830} INFO - Processing file /home/airflow/.local/lib/python3.12/site-packages/airflow/example_dags/example_latest_only_with_trigger.py for tasks to queue
[2024-10-22T14:51:54.773+0000] {logging_mixin.py:188} INFO - [2024-10-22T14:51:54.773+0000] {dagbag.py:545} INFO - Filling up the DagBag from /home/airflow/.local/lib/python3.12/site-packages/airflow/example_dags/example_latest_only_with_trigger.py
[2024-10-22T14:51:54.777+0000] {processor.py:840} INFO - DAG(s) 'latest_only_with_trigger' retrieved from /home/airflow/.local/lib/python3.12/site-packages/airflow/example_dags/example_latest_only_with_trigger.py
[2024-10-22T14:51:54.794+0000] {logging_mixin.py:188} INFO - [2024-10-22T14:51:54.794+0000] {dag.py:3089} INFO - Sync 1 DAGs
[2024-10-22T14:51:54.810+0000] {logging_mixin.py:188} INFO - [2024-10-22T14:51:54.810+0000] {dag.py:3947} INFO - Setting next_dagrun for latest_only_with_trigger to 2024-10-22 08:00:00+00:00, run_after=2024-10-22 12:00:00+00:00
[2024-10-22T14:51:54.823+0000] {processor.py:183} INFO - Processing /home/airflow/.local/lib/python3.12/site-packages/airflow/example_dags/example_latest_only_with_trigger.py took 0.057 seconds
[2024-10-22T14:52:25.131+0000] {processor.py:161} INFO - Started process (PID=5334) to work on /home/airflow/.local/lib/python3.12/site-packages/airflow/example_dags/example_latest_only_with_trigger.py
[2024-10-22T14:52:25.132+0000] {processor.py:830} INFO - Processing file /home/airflow/.local/lib/python3.12/site-packages/airflow/example_dags/example_latest_only_with_trigger.py for tasks to queue
[2024-10-22T14:52:25.133+0000] {logging_mixin.py:188} INFO - [2024-10-22T14:52:25.133+0000] {dagbag.py:545} INFO - Filling up the DagBag from /home/airflow/.local/lib/python3.12/site-packages/airflow/example_dags/example_latest_only_with_trigger.py
[2024-10-22T14:52:25.137+0000] {processor.py:840} INFO - DAG(s) 'latest_only_with_trigger' retrieved from /home/airflow/.local/lib/python3.12/site-packages/airflow/example_dags/example_latest_only_with_trigger.py
[2024-10-22T14:52:25.150+0000] {logging_mixin.py:188} INFO - [2024-10-22T14:52:25.150+0000] {dag.py:3089} INFO - Sync 1 DAGs
[2024-10-22T14:52:25.165+0000] {logging_mixin.py:188} INFO - [2024-10-22T14:52:25.165+0000] {dag.py:3947} INFO - Setting next_dagrun for latest_only_with_trigger to 2024-10-22 08:00:00+00:00, run_after=2024-10-22 12:00:00+00:00
[2024-10-22T14:52:25.179+0000] {processor.py:183} INFO - Processing /home/airflow/.local/lib/python3.12/site-packages/airflow/example_dags/example_latest_only_with_trigger.py took 0.052 seconds
[2024-10-22T14:52:55.537+0000] {processor.py:161} INFO - Started process (PID=5606) to work on /home/airflow/.local/lib/python3.12/site-packages/airflow/example_dags/example_latest_only_with_trigger.py
[2024-10-22T14:52:55.538+0000] {processor.py:830} INFO - Processing file /home/airflow/.local/lib/python3.12/site-packages/airflow/example_dags/example_latest_only_with_trigger.py for tasks to queue
[2024-10-22T14:52:55.539+0000] {logging_mixin.py:188} INFO - [2024-10-22T14:52:55.539+0000] {dagbag.py:545} INFO - Filling up the DagBag from /home/airflow/.local/lib/python3.12/site-packages/airflow/example_dags/example_latest_only_with_trigger.py
[2024-10-22T14:52:55.543+0000] {processor.py:840} INFO - DAG(s) 'latest_only_with_trigger' retrieved from /home/airflow/.local/lib/python3.12/site-packages/airflow/example_dags/example_latest_only_with_trigger.py
[2024-10-22T14:52:55.557+0000] {logging_mixin.py:188} INFO - [2024-10-22T14:52:55.557+0000] {dag.py:3089} INFO - Sync 1 DAGs
[2024-10-22T14:52:55.571+0000] {logging_mixin.py:188} INFO - [2024-10-22T14:52:55.571+0000] {dag.py:3947} INFO - Setting next_dagrun for latest_only_with_trigger to 2024-10-22 08:00:00+00:00, run_after=2024-10-22 12:00:00+00:00
[2024-10-22T14:52:55.582+0000] {processor.py:183} INFO - Processing /home/airflow/.local/lib/python3.12/site-packages/airflow/example_dags/example_latest_only_with_trigger.py took 0.049 seconds
[2024-10-22T14:53:25.839+0000] {processor.py:161} INFO - Started process (PID=5873) to work on /home/airflow/.local/lib/python3.12/site-packages/airflow/example_dags/example_latest_only_with_trigger.py
[2024-10-22T14:53:25.840+0000] {processor.py:830} INFO - Processing file /home/airflow/.local/lib/python3.12/site-packages/airflow/example_dags/example_latest_only_with_trigger.py for tasks to queue
[2024-10-22T14:53:25.841+0000] {logging_mixin.py:188} INFO - [2024-10-22T14:53:25.841+0000] {dagbag.py:545} INFO - Filling up the DagBag from /home/airflow/.local/lib/python3.12/site-packages/airflow/example_dags/example_latest_only_with_trigger.py
[2024-10-22T14:53:25.845+0000] {processor.py:840} INFO - DAG(s) 'latest_only_with_trigger' retrieved from /home/airflow/.local/lib/python3.12/site-packages/airflow/example_dags/example_latest_only_with_trigger.py
[2024-10-22T14:53:25.860+0000] {logging_mixin.py:188} INFO - [2024-10-22T14:53:25.860+0000] {dag.py:3089} INFO - Sync 1 DAGs
[2024-10-22T14:53:25.875+0000] {logging_mixin.py:188} INFO - [2024-10-22T14:53:25.875+0000] {dag.py:3947} INFO - Setting next_dagrun for latest_only_with_trigger to 2024-10-22 08:00:00+00:00, run_after=2024-10-22 12:00:00+00:00
[2024-10-22T14:53:25.888+0000] {processor.py:183} INFO - Processing /home/airflow/.local/lib/python3.12/site-packages/airflow/example_dags/example_latest_only_with_trigger.py took 0.054 seconds
[2024-10-22T14:53:56.287+0000] {processor.py:161} INFO - Started process (PID=6140) to work on /home/airflow/.local/lib/python3.12/site-packages/airflow/example_dags/example_latest_only_with_trigger.py
[2024-10-22T14:53:56.288+0000] {processor.py:830} INFO - Processing file /home/airflow/.local/lib/python3.12/site-packages/airflow/example_dags/example_latest_only_with_trigger.py for tasks to queue
[2024-10-22T14:53:56.289+0000] {logging_mixin.py:188} INFO - [2024-10-22T14:53:56.289+0000] {dagbag.py:545} INFO - Filling up the DagBag from /home/airflow/.local/lib/python3.12/site-packages/airflow/example_dags/example_latest_only_with_trigger.py
[2024-10-22T14:53:56.293+0000] {processor.py:840} INFO - DAG(s) 'latest_only_with_trigger' retrieved from /home/airflow/.local/lib/python3.12/site-packages/airflow/example_dags/example_latest_only_with_trigger.py
[2024-10-22T14:53:56.309+0000] {logging_mixin.py:188} INFO - [2024-10-22T14:53:56.309+0000] {dag.py:3089} INFO - Sync 1 DAGs
[2024-10-22T14:53:56.326+0000] {logging_mixin.py:188} INFO - [2024-10-22T14:53:56.326+0000] {dag.py:3947} INFO - Setting next_dagrun for latest_only_with_trigger to 2024-10-22 08:00:00+00:00, run_after=2024-10-22 12:00:00+00:00
[2024-10-22T14:53:56.340+0000] {processor.py:183} INFO - Processing /home/airflow/.local/lib/python3.12/site-packages/airflow/example_dags/example_latest_only_with_trigger.py took 0.058 seconds
[2024-10-22T14:54:26.557+0000] {processor.py:161} INFO - Started process (PID=6405) to work on /home/airflow/.local/lib/python3.12/site-packages/airflow/example_dags/example_latest_only_with_trigger.py
[2024-10-22T14:54:26.558+0000] {processor.py:830} INFO - Processing file /home/airflow/.local/lib/python3.12/site-packages/airflow/example_dags/example_latest_only_with_trigger.py for tasks to queue
[2024-10-22T14:54:26.559+0000] {logging_mixin.py:188} INFO - [2024-10-22T14:54:26.559+0000] {dagbag.py:545} INFO - Filling up the DagBag from /home/airflow/.local/lib/python3.12/site-packages/airflow/example_dags/example_latest_only_with_trigger.py
[2024-10-22T14:54:26.563+0000] {processor.py:840} INFO - DAG(s) 'latest_only_with_trigger' retrieved from /home/airflow/.local/lib/python3.12/site-packages/airflow/example_dags/example_latest_only_with_trigger.py
[2024-10-22T14:54:26.577+0000] {logging_mixin.py:188} INFO - [2024-10-22T14:54:26.577+0000] {dag.py:3089} INFO - Sync 1 DAGs
[2024-10-22T14:54:26.592+0000] {logging_mixin.py:188} INFO - [2024-10-22T14:54:26.592+0000] {dag.py:3947} INFO - Setting next_dagrun for latest_only_with_trigger to 2024-10-22 08:00:00+00:00, run_after=2024-10-22 12:00:00+00:00
[2024-10-22T14:54:26.604+0000] {processor.py:183} INFO - Processing /home/airflow/.local/lib/python3.12/site-packages/airflow/example_dags/example_latest_only_with_trigger.py took 0.051 seconds
[2024-10-22T14:54:57.235+0000] {processor.py:161} INFO - Started process (PID=6672) to work on /home/airflow/.local/lib/python3.12/site-packages/airflow/example_dags/example_latest_only_with_trigger.py
[2024-10-22T14:54:57.236+0000] {processor.py:830} INFO - Processing file /home/airflow/.local/lib/python3.12/site-packages/airflow/example_dags/example_latest_only_with_trigger.py for tasks to queue
[2024-10-22T14:54:57.237+0000] {logging_mixin.py:188} INFO - [2024-10-22T14:54:57.237+0000] {dagbag.py:545} INFO - Filling up the DagBag from /home/airflow/.local/lib/python3.12/site-packages/airflow/example_dags/example_latest_only_with_trigger.py
[2024-10-22T14:54:57.241+0000] {processor.py:840} INFO - DAG(s) 'latest_only_with_trigger' retrieved from /home/airflow/.local/lib/python3.12/site-packages/airflow/example_dags/example_latest_only_with_trigger.py
[2024-10-22T14:54:57.255+0000] {logging_mixin.py:188} INFO - [2024-10-22T14:54:57.255+0000] {dag.py:3089} INFO - Sync 1 DAGs
[2024-10-22T14:54:57.270+0000] {logging_mixin.py:188} INFO - [2024-10-22T14:54:57.270+0000] {dag.py:3947} INFO - Setting next_dagrun for latest_only_with_trigger to 2024-10-22 08:00:00+00:00, run_after=2024-10-22 12:00:00+00:00
[2024-10-22T14:54:57.282+0000] {processor.py:183} INFO - Processing /home/airflow/.local/lib/python3.12/site-packages/airflow/example_dags/example_latest_only_with_trigger.py took 0.052 seconds
[2024-10-22T14:55:28.265+0000] {processor.py:161} INFO - Started process (PID=6944) to work on /home/airflow/.local/lib/python3.12/site-packages/airflow/example_dags/example_latest_only_with_trigger.py
[2024-10-22T14:55:28.266+0000] {processor.py:830} INFO - Processing file /home/airflow/.local/lib/python3.12/site-packages/airflow/example_dags/example_latest_only_with_trigger.py for tasks to queue
[2024-10-22T14:55:28.267+0000] {logging_mixin.py:188} INFO - [2024-10-22T14:55:28.267+0000] {dagbag.py:545} INFO - Filling up the DagBag from /home/airflow/.local/lib/python3.12/site-packages/airflow/example_dags/example_latest_only_with_trigger.py
[2024-10-22T14:55:28.271+0000] {processor.py:840} INFO - DAG(s) 'latest_only_with_trigger' retrieved from /home/airflow/.local/lib/python3.12/site-packages/airflow/example_dags/example_latest_only_with_trigger.py
[2024-10-22T14:55:28.286+0000] {logging_mixin.py:188} INFO - [2024-10-22T14:55:28.285+0000] {dag.py:3089} INFO - Sync 1 DAGs
[2024-10-22T14:55:28.301+0000] {logging_mixin.py:188} INFO - [2024-10-22T14:55:28.301+0000] {dag.py:3947} INFO - Setting next_dagrun for latest_only_with_trigger to 2024-10-22 08:00:00+00:00, run_after=2024-10-22 12:00:00+00:00
[2024-10-22T14:55:28.422+0000] {processor.py:183} INFO - Processing /home/airflow/.local/lib/python3.12/site-packages/airflow/example_dags/example_latest_only_with_trigger.py took 0.161 seconds
[2024-10-22T14:55:58.506+0000] {processor.py:161} INFO - Started process (PID=7209) to work on /home/airflow/.local/lib/python3.12/site-packages/airflow/example_dags/example_latest_only_with_trigger.py
[2024-10-22T14:55:58.507+0000] {processor.py:830} INFO - Processing file /home/airflow/.local/lib/python3.12/site-packages/airflow/example_dags/example_latest_only_with_trigger.py for tasks to queue
[2024-10-22T14:55:58.508+0000] {logging_mixin.py:188} INFO - [2024-10-22T14:55:58.508+0000] {dagbag.py:545} INFO - Filling up the DagBag from /home/airflow/.local/lib/python3.12/site-packages/airflow/example_dags/example_latest_only_with_trigger.py
[2024-10-22T14:55:58.512+0000] {processor.py:840} INFO - DAG(s) 'latest_only_with_trigger' retrieved from /home/airflow/.local/lib/python3.12/site-packages/airflow/example_dags/example_latest_only_with_trigger.py
[2024-10-22T14:55:58.527+0000] {logging_mixin.py:188} INFO - [2024-10-22T14:55:58.527+0000] {dag.py:3089} INFO - Sync 1 DAGs
[2024-10-22T14:55:58.542+0000] {logging_mixin.py:188} INFO - [2024-10-22T14:55:58.541+0000] {dag.py:3947} INFO - Setting next_dagrun for latest_only_with_trigger to 2024-10-22 08:00:00+00:00, run_after=2024-10-22 12:00:00+00:00
[2024-10-22T14:55:58.554+0000] {processor.py:183} INFO - Processing /home/airflow/.local/lib/python3.12/site-packages/airflow/example_dags/example_latest_only_with_trigger.py took 0.053 seconds
[2024-10-22T14:56:29.303+0000] {processor.py:161} INFO - Started process (PID=7478) to work on /home/airflow/.local/lib/python3.12/site-packages/airflow/example_dags/example_latest_only_with_trigger.py
[2024-10-22T14:56:29.304+0000] {processor.py:830} INFO - Processing file /home/airflow/.local/lib/python3.12/site-packages/airflow/example_dags/example_latest_only_with_trigger.py for tasks to queue
[2024-10-22T14:56:29.305+0000] {logging_mixin.py:188} INFO - [2024-10-22T14:56:29.305+0000] {dagbag.py:545} INFO - Filling up the DagBag from /home/airflow/.local/lib/python3.12/site-packages/airflow/example_dags/example_latest_only_with_trigger.py
[2024-10-22T14:56:29.309+0000] {processor.py:840} INFO - DAG(s) 'latest_only_with_trigger' retrieved from /home/airflow/.local/lib/python3.12/site-packages/airflow/example_dags/example_latest_only_with_trigger.py
[2024-10-22T14:56:29.324+0000] {logging_mixin.py:188} INFO - [2024-10-22T14:56:29.324+0000] {dag.py:3089} INFO - Sync 1 DAGs
[2024-10-22T14:56:29.340+0000] {logging_mixin.py:188} INFO - [2024-10-22T14:56:29.340+0000] {dag.py:3947} INFO - Setting next_dagrun for latest_only_with_trigger to 2024-10-22 08:00:00+00:00, run_after=2024-10-22 12:00:00+00:00
[2024-10-22T14:56:29.353+0000] {processor.py:183} INFO - Processing /home/airflow/.local/lib/python3.12/site-packages/airflow/example_dags/example_latest_only_with_trigger.py took 0.055 seconds
[2024-10-22T14:56:59.490+0000] {processor.py:161} INFO - Started process (PID=7743) to work on /home/airflow/.local/lib/python3.12/site-packages/airflow/example_dags/example_latest_only_with_trigger.py
[2024-10-22T14:56:59.491+0000] {processor.py:830} INFO - Processing file /home/airflow/.local/lib/python3.12/site-packages/airflow/example_dags/example_latest_only_with_trigger.py for tasks to queue
[2024-10-22T14:56:59.492+0000] {logging_mixin.py:188} INFO - [2024-10-22T14:56:59.492+0000] {dagbag.py:545} INFO - Filling up the DagBag from /home/airflow/.local/lib/python3.12/site-packages/airflow/example_dags/example_latest_only_with_trigger.py
[2024-10-22T14:56:59.496+0000] {processor.py:840} INFO - DAG(s) 'latest_only_with_trigger' retrieved from /home/airflow/.local/lib/python3.12/site-packages/airflow/example_dags/example_latest_only_with_trigger.py
[2024-10-22T14:56:59.512+0000] {logging_mixin.py:188} INFO - [2024-10-22T14:56:59.511+0000] {dag.py:3089} INFO - Sync 1 DAGs
[2024-10-22T14:56:59.528+0000] {logging_mixin.py:188} INFO - [2024-10-22T14:56:59.528+0000] {dag.py:3947} INFO - Setting next_dagrun for latest_only_with_trigger to 2024-10-22 08:00:00+00:00, run_after=2024-10-22 12:00:00+00:00
[2024-10-22T14:56:59.541+0000] {processor.py:183} INFO - Processing /home/airflow/.local/lib/python3.12/site-packages/airflow/example_dags/example_latest_only_with_trigger.py took 0.056 seconds
[2024-10-22T14:57:30.797+0000] {processor.py:161} INFO - Started process (PID=8010) to work on /home/airflow/.local/lib/python3.12/site-packages/airflow/example_dags/example_latest_only_with_trigger.py
[2024-10-22T14:57:30.797+0000] {processor.py:830} INFO - Processing file /home/airflow/.local/lib/python3.12/site-packages/airflow/example_dags/example_latest_only_with_trigger.py for tasks to queue
[2024-10-22T14:57:30.799+0000] {logging_mixin.py:188} INFO - [2024-10-22T14:57:30.799+0000] {dagbag.py:545} INFO - Filling up the DagBag from /home/airflow/.local/lib/python3.12/site-packages/airflow/example_dags/example_latest_only_with_trigger.py
[2024-10-22T14:57:30.803+0000] {processor.py:840} INFO - DAG(s) 'latest_only_with_trigger' retrieved from /home/airflow/.local/lib/python3.12/site-packages/airflow/example_dags/example_latest_only_with_trigger.py
[2024-10-22T14:57:30.921+0000] {logging_mixin.py:188} INFO - [2024-10-22T14:57:30.921+0000] {dag.py:3089} INFO - Sync 1 DAGs
[2024-10-22T14:57:30.933+0000] {logging_mixin.py:188} INFO - [2024-10-22T14:57:30.933+0000] {dag.py:3947} INFO - Setting next_dagrun for latest_only_with_trigger to 2024-10-22 08:00:00+00:00, run_after=2024-10-22 12:00:00+00:00
[2024-10-22T14:57:30.945+0000] {processor.py:183} INFO - Processing /home/airflow/.local/lib/python3.12/site-packages/airflow/example_dags/example_latest_only_with_trigger.py took 0.152 seconds
