[2024-10-22T14:00:14.190+0000] {processor.py:161} INFO - Started process (PID=290) to work on /home/airflow/.local/lib/python3.12/site-packages/airflow/example_dags/example_skip_dag.py
[2024-10-22T14:00:14.191+0000] {processor.py:830} INFO - Processing file /home/airflow/.local/lib/python3.12/site-packages/airflow/example_dags/example_skip_dag.py for tasks to queue
[2024-10-22T14:00:14.192+0000] {logging_mixin.py:188} INFO - [2024-10-22T14:00:14.192+0000] {dagbag.py:545} INFO - Filling up the DagBag from /home/airflow/.local/lib/python3.12/site-packages/airflow/example_dags/example_skip_dag.py
[2024-10-22T14:00:14.198+0000] {processor.py:840} INFO - DAG(s) 'example_skip_dag' retrieved from /home/airflow/.local/lib/python3.12/site-packages/airflow/example_dags/example_skip_dag.py
[2024-10-22T14:00:14.296+0000] {logging_mixin.py:188} INFO - [2024-10-22T14:00:14.295+0000] {override.py:1858} INFO - Created Permission View: can delete on DAG:example_skip_dag
[2024-10-22T14:00:14.304+0000] {logging_mixin.py:188} INFO - [2024-10-22T14:00:14.304+0000] {override.py:1858} INFO - Created Permission View: can edit on DAG:example_skip_dag
[2024-10-22T14:00:14.309+0000] {logging_mixin.py:188} INFO - [2024-10-22T14:00:14.309+0000] {override.py:1858} INFO - Created Permission View: can read on DAG:example_skip_dag
[2024-10-22T14:00:14.310+0000] {logging_mixin.py:188} INFO - [2024-10-22T14:00:14.310+0000] {dag.py:3089} INFO - Sync 1 DAGs
[2024-10-22T14:00:14.324+0000] {logging_mixin.py:188} INFO - [2024-10-22T14:00:14.324+0000] {dag.py:3111} INFO - Creating ORM DAG for example_skip_dag
[2024-10-22T14:00:14.331+0000] {logging_mixin.py:188} INFO - [2024-10-22T14:00:14.331+0000] {dag.py:3947} INFO - Setting next_dagrun for example_skip_dag to 2024-10-21 00:00:00+00:00, run_after=2024-10-22 00:00:00+00:00
[2024-10-22T14:00:14.342+0000] {processor.py:183} INFO - Processing /home/airflow/.local/lib/python3.12/site-packages/airflow/example_dags/example_skip_dag.py took 0.157 seconds
[2024-10-22T14:00:45.047+0000] {processor.py:161} INFO - Started process (PID=557) to work on /home/airflow/.local/lib/python3.12/site-packages/airflow/example_dags/example_skip_dag.py
[2024-10-22T14:00:45.048+0000] {processor.py:830} INFO - Processing file /home/airflow/.local/lib/python3.12/site-packages/airflow/example_dags/example_skip_dag.py for tasks to queue
[2024-10-22T14:00:45.050+0000] {logging_mixin.py:188} INFO - [2024-10-22T14:00:45.049+0000] {dagbag.py:545} INFO - Filling up the DagBag from /home/airflow/.local/lib/python3.12/site-packages/airflow/example_dags/example_skip_dag.py
[2024-10-22T14:00:45.054+0000] {processor.py:840} INFO - DAG(s) 'example_skip_dag' retrieved from /home/airflow/.local/lib/python3.12/site-packages/airflow/example_dags/example_skip_dag.py
[2024-10-22T14:00:45.071+0000] {logging_mixin.py:188} INFO - [2024-10-22T14:00:45.071+0000] {dag.py:3089} INFO - Sync 1 DAGs
[2024-10-22T14:00:45.087+0000] {logging_mixin.py:188} INFO - [2024-10-22T14:00:45.087+0000] {dag.py:3947} INFO - Setting next_dagrun for example_skip_dag to 2024-10-21 00:00:00+00:00, run_after=2024-10-22 00:00:00+00:00
[2024-10-22T14:00:45.100+0000] {processor.py:183} INFO - Processing /home/airflow/.local/lib/python3.12/site-packages/airflow/example_dags/example_skip_dag.py took 0.057 seconds
[2024-10-22T14:01:15.448+0000] {processor.py:161} INFO - Started process (PID=826) to work on /home/airflow/.local/lib/python3.12/site-packages/airflow/example_dags/example_skip_dag.py
[2024-10-22T14:01:15.449+0000] {processor.py:830} INFO - Processing file /home/airflow/.local/lib/python3.12/site-packages/airflow/example_dags/example_skip_dag.py for tasks to queue
[2024-10-22T14:01:15.450+0000] {logging_mixin.py:188} INFO - [2024-10-22T14:01:15.450+0000] {dagbag.py:545} INFO - Filling up the DagBag from /home/airflow/.local/lib/python3.12/site-packages/airflow/example_dags/example_skip_dag.py
[2024-10-22T14:01:15.454+0000] {processor.py:840} INFO - DAG(s) 'example_skip_dag' retrieved from /home/airflow/.local/lib/python3.12/site-packages/airflow/example_dags/example_skip_dag.py
[2024-10-22T14:01:15.468+0000] {logging_mixin.py:188} INFO - [2024-10-22T14:01:15.468+0000] {dag.py:3089} INFO - Sync 1 DAGs
[2024-10-22T14:01:15.483+0000] {logging_mixin.py:188} INFO - [2024-10-22T14:01:15.483+0000] {dag.py:3947} INFO - Setting next_dagrun for example_skip_dag to 2024-10-21 00:00:00+00:00, run_after=2024-10-22 00:00:00+00:00
[2024-10-22T14:01:15.496+0000] {processor.py:183} INFO - Processing /home/airflow/.local/lib/python3.12/site-packages/airflow/example_dags/example_skip_dag.py took 0.052 seconds
[2024-10-22T14:01:45.824+0000] {processor.py:161} INFO - Started process (PID=1093) to work on /home/airflow/.local/lib/python3.12/site-packages/airflow/example_dags/example_skip_dag.py
[2024-10-22T14:01:45.825+0000] {processor.py:830} INFO - Processing file /home/airflow/.local/lib/python3.12/site-packages/airflow/example_dags/example_skip_dag.py for tasks to queue
[2024-10-22T14:01:45.827+0000] {logging_mixin.py:188} INFO - [2024-10-22T14:01:45.826+0000] {dagbag.py:545} INFO - Filling up the DagBag from /home/airflow/.local/lib/python3.12/site-packages/airflow/example_dags/example_skip_dag.py
[2024-10-22T14:01:45.831+0000] {processor.py:840} INFO - DAG(s) 'example_skip_dag' retrieved from /home/airflow/.local/lib/python3.12/site-packages/airflow/example_dags/example_skip_dag.py
[2024-10-22T14:01:45.847+0000] {logging_mixin.py:188} INFO - [2024-10-22T14:01:45.847+0000] {dag.py:3089} INFO - Sync 1 DAGs
[2024-10-22T14:01:45.862+0000] {logging_mixin.py:188} INFO - [2024-10-22T14:01:45.862+0000] {dag.py:3947} INFO - Setting next_dagrun for example_skip_dag to 2024-10-21 00:00:00+00:00, run_after=2024-10-22 00:00:00+00:00
[2024-10-22T14:01:45.875+0000] {processor.py:183} INFO - Processing /home/airflow/.local/lib/python3.12/site-packages/airflow/example_dags/example_skip_dag.py took 0.055 seconds
[2024-10-22T14:02:16.035+0000] {processor.py:161} INFO - Started process (PID=1360) to work on /home/airflow/.local/lib/python3.12/site-packages/airflow/example_dags/example_skip_dag.py
[2024-10-22T14:02:16.036+0000] {processor.py:830} INFO - Processing file /home/airflow/.local/lib/python3.12/site-packages/airflow/example_dags/example_skip_dag.py for tasks to queue
[2024-10-22T14:02:16.037+0000] {logging_mixin.py:188} INFO - [2024-10-22T14:02:16.037+0000] {dagbag.py:545} INFO - Filling up the DagBag from /home/airflow/.local/lib/python3.12/site-packages/airflow/example_dags/example_skip_dag.py
[2024-10-22T14:02:16.042+0000] {processor.py:840} INFO - DAG(s) 'example_skip_dag' retrieved from /home/airflow/.local/lib/python3.12/site-packages/airflow/example_dags/example_skip_dag.py
[2024-10-22T14:02:16.058+0000] {logging_mixin.py:188} INFO - [2024-10-22T14:02:16.058+0000] {dag.py:3089} INFO - Sync 1 DAGs
[2024-10-22T14:02:16.074+0000] {logging_mixin.py:188} INFO - [2024-10-22T14:02:16.074+0000] {dag.py:3947} INFO - Setting next_dagrun for example_skip_dag to 2024-10-21 00:00:00+00:00, run_after=2024-10-22 00:00:00+00:00
[2024-10-22T14:02:16.089+0000] {processor.py:183} INFO - Processing /home/airflow/.local/lib/python3.12/site-packages/airflow/example_dags/example_skip_dag.py took 0.059 seconds
[2024-10-22T14:02:46.390+0000] {processor.py:161} INFO - Started process (PID=1627) to work on /home/airflow/.local/lib/python3.12/site-packages/airflow/example_dags/example_skip_dag.py
[2024-10-22T14:02:46.391+0000] {processor.py:830} INFO - Processing file /home/airflow/.local/lib/python3.12/site-packages/airflow/example_dags/example_skip_dag.py for tasks to queue
[2024-10-22T14:02:46.392+0000] {logging_mixin.py:188} INFO - [2024-10-22T14:02:46.392+0000] {dagbag.py:545} INFO - Filling up the DagBag from /home/airflow/.local/lib/python3.12/site-packages/airflow/example_dags/example_skip_dag.py
[2024-10-22T14:02:46.396+0000] {processor.py:840} INFO - DAG(s) 'example_skip_dag' retrieved from /home/airflow/.local/lib/python3.12/site-packages/airflow/example_dags/example_skip_dag.py
[2024-10-22T14:02:46.411+0000] {logging_mixin.py:188} INFO - [2024-10-22T14:02:46.411+0000] {dag.py:3089} INFO - Sync 1 DAGs
[2024-10-22T14:02:46.425+0000] {logging_mixin.py:188} INFO - [2024-10-22T14:02:46.425+0000] {dag.py:3947} INFO - Setting next_dagrun for example_skip_dag to 2024-10-21 00:00:00+00:00, run_after=2024-10-22 00:00:00+00:00
[2024-10-22T14:02:46.438+0000] {processor.py:183} INFO - Processing /home/airflow/.local/lib/python3.12/site-packages/airflow/example_dags/example_skip_dag.py took 0.052 seconds
[2024-10-22T14:03:16.663+0000] {processor.py:161} INFO - Started process (PID=1894) to work on /home/airflow/.local/lib/python3.12/site-packages/airflow/example_dags/example_skip_dag.py
[2024-10-22T14:03:16.663+0000] {processor.py:830} INFO - Processing file /home/airflow/.local/lib/python3.12/site-packages/airflow/example_dags/example_skip_dag.py for tasks to queue
[2024-10-22T14:03:16.665+0000] {logging_mixin.py:188} INFO - [2024-10-22T14:03:16.664+0000] {dagbag.py:545} INFO - Filling up the DagBag from /home/airflow/.local/lib/python3.12/site-packages/airflow/example_dags/example_skip_dag.py
[2024-10-22T14:03:16.669+0000] {processor.py:840} INFO - DAG(s) 'example_skip_dag' retrieved from /home/airflow/.local/lib/python3.12/site-packages/airflow/example_dags/example_skip_dag.py
[2024-10-22T14:03:16.683+0000] {logging_mixin.py:188} INFO - [2024-10-22T14:03:16.683+0000] {dag.py:3089} INFO - Sync 1 DAGs
[2024-10-22T14:03:16.698+0000] {logging_mixin.py:188} INFO - [2024-10-22T14:03:16.698+0000] {dag.py:3947} INFO - Setting next_dagrun for example_skip_dag to 2024-10-21 00:00:00+00:00, run_after=2024-10-22 00:00:00+00:00
[2024-10-22T14:03:16.710+0000] {processor.py:183} INFO - Processing /home/airflow/.local/lib/python3.12/site-packages/airflow/example_dags/example_skip_dag.py took 0.051 seconds
[2024-10-22T14:03:46.988+0000] {processor.py:161} INFO - Started process (PID=2159) to work on /home/airflow/.local/lib/python3.12/site-packages/airflow/example_dags/example_skip_dag.py
[2024-10-22T14:03:46.989+0000] {processor.py:830} INFO - Processing file /home/airflow/.local/lib/python3.12/site-packages/airflow/example_dags/example_skip_dag.py for tasks to queue
[2024-10-22T14:03:46.990+0000] {logging_mixin.py:188} INFO - [2024-10-22T14:03:46.990+0000] {dagbag.py:545} INFO - Filling up the DagBag from /home/airflow/.local/lib/python3.12/site-packages/airflow/example_dags/example_skip_dag.py
[2024-10-22T14:03:46.995+0000] {processor.py:840} INFO - DAG(s) 'example_skip_dag' retrieved from /home/airflow/.local/lib/python3.12/site-packages/airflow/example_dags/example_skip_dag.py
[2024-10-22T14:03:47.010+0000] {logging_mixin.py:188} INFO - [2024-10-22T14:03:47.010+0000] {dag.py:3089} INFO - Sync 1 DAGs
[2024-10-22T14:03:47.024+0000] {logging_mixin.py:188} INFO - [2024-10-22T14:03:47.024+0000] {dag.py:3947} INFO - Setting next_dagrun for example_skip_dag to 2024-10-21 00:00:00+00:00, run_after=2024-10-22 00:00:00+00:00
[2024-10-22T14:03:47.037+0000] {processor.py:183} INFO - Processing /home/airflow/.local/lib/python3.12/site-packages/airflow/example_dags/example_skip_dag.py took 0.053 seconds
[2024-10-22T14:34:25.605+0000] {processor.py:161} INFO - Started process (PID=284) to work on /home/airflow/.local/lib/python3.12/site-packages/airflow/example_dags/example_skip_dag.py
[2024-10-22T14:34:25.606+0000] {processor.py:830} INFO - Processing file /home/airflow/.local/lib/python3.12/site-packages/airflow/example_dags/example_skip_dag.py for tasks to queue
[2024-10-22T14:34:25.608+0000] {logging_mixin.py:188} INFO - [2024-10-22T14:34:25.607+0000] {dagbag.py:545} INFO - Filling up the DagBag from /home/airflow/.local/lib/python3.12/site-packages/airflow/example_dags/example_skip_dag.py
[2024-10-22T14:34:25.614+0000] {processor.py:840} INFO - DAG(s) 'example_skip_dag' retrieved from /home/airflow/.local/lib/python3.12/site-packages/airflow/example_dags/example_skip_dag.py
[2024-10-22T14:34:25.623+0000] {logging_mixin.py:188} INFO - [2024-10-22T14:34:25.623+0000] {dag.py:3089} INFO - Sync 1 DAGs
[2024-10-22T14:34:25.643+0000] {logging_mixin.py:188} INFO - [2024-10-22T14:34:25.643+0000] {dag.py:3947} INFO - Setting next_dagrun for example_skip_dag to 2024-10-21 00:00:00+00:00, run_after=2024-10-22 00:00:00+00:00
[2024-10-22T14:34:25.658+0000] {processor.py:183} INFO - Processing /home/airflow/.local/lib/python3.12/site-packages/airflow/example_dags/example_skip_dag.py took 0.056 seconds
[2024-10-22T14:34:57.100+0000] {processor.py:161} INFO - Started process (PID=559) to work on /home/airflow/.local/lib/python3.12/site-packages/airflow/example_dags/example_skip_dag.py
[2024-10-22T14:34:57.101+0000] {processor.py:830} INFO - Processing file /home/airflow/.local/lib/python3.12/site-packages/airflow/example_dags/example_skip_dag.py for tasks to queue
[2024-10-22T14:34:57.102+0000] {logging_mixin.py:188} INFO - [2024-10-22T14:34:57.102+0000] {dagbag.py:545} INFO - Filling up the DagBag from /home/airflow/.local/lib/python3.12/site-packages/airflow/example_dags/example_skip_dag.py
[2024-10-22T14:34:57.107+0000] {processor.py:840} INFO - DAG(s) 'example_skip_dag' retrieved from /home/airflow/.local/lib/python3.12/site-packages/airflow/example_dags/example_skip_dag.py
[2024-10-22T14:34:57.178+0000] {logging_mixin.py:188} INFO - [2024-10-22T14:34:57.177+0000] {dag.py:3089} INFO - Sync 1 DAGs
[2024-10-22T14:34:57.191+0000] {logging_mixin.py:188} INFO - [2024-10-22T14:34:57.191+0000] {dag.py:3947} INFO - Setting next_dagrun for example_skip_dag to 2024-10-21 00:00:00+00:00, run_after=2024-10-22 00:00:00+00:00
[2024-10-22T14:34:57.203+0000] {processor.py:183} INFO - Processing /home/airflow/.local/lib/python3.12/site-packages/airflow/example_dags/example_skip_dag.py took 0.108 seconds
[2024-10-22T14:35:28.203+0000] {processor.py:161} INFO - Started process (PID=826) to work on /home/airflow/.local/lib/python3.12/site-packages/airflow/example_dags/example_skip_dag.py
[2024-10-22T14:35:28.203+0000] {processor.py:830} INFO - Processing file /home/airflow/.local/lib/python3.12/site-packages/airflow/example_dags/example_skip_dag.py for tasks to queue
[2024-10-22T14:35:28.205+0000] {logging_mixin.py:188} INFO - [2024-10-22T14:35:28.205+0000] {dagbag.py:545} INFO - Filling up the DagBag from /home/airflow/.local/lib/python3.12/site-packages/airflow/example_dags/example_skip_dag.py
[2024-10-22T14:35:28.209+0000] {processor.py:840} INFO - DAG(s) 'example_skip_dag' retrieved from /home/airflow/.local/lib/python3.12/site-packages/airflow/example_dags/example_skip_dag.py
[2024-10-22T14:35:28.224+0000] {logging_mixin.py:188} INFO - [2024-10-22T14:35:28.224+0000] {dag.py:3089} INFO - Sync 1 DAGs
[2024-10-22T14:35:28.238+0000] {logging_mixin.py:188} INFO - [2024-10-22T14:35:28.238+0000] {dag.py:3947} INFO - Setting next_dagrun for example_skip_dag to 2024-10-21 00:00:00+00:00, run_after=2024-10-22 00:00:00+00:00
[2024-10-22T14:35:28.252+0000] {processor.py:183} INFO - Processing /home/airflow/.local/lib/python3.12/site-packages/airflow/example_dags/example_skip_dag.py took 0.054 seconds
[2024-10-22T14:35:58.393+0000] {processor.py:161} INFO - Started process (PID=1093) to work on /home/airflow/.local/lib/python3.12/site-packages/airflow/example_dags/example_skip_dag.py
[2024-10-22T14:35:58.394+0000] {processor.py:830} INFO - Processing file /home/airflow/.local/lib/python3.12/site-packages/airflow/example_dags/example_skip_dag.py for tasks to queue
[2024-10-22T14:35:58.395+0000] {logging_mixin.py:188} INFO - [2024-10-22T14:35:58.395+0000] {dagbag.py:545} INFO - Filling up the DagBag from /home/airflow/.local/lib/python3.12/site-packages/airflow/example_dags/example_skip_dag.py
[2024-10-22T14:35:58.399+0000] {processor.py:840} INFO - DAG(s) 'example_skip_dag' retrieved from /home/airflow/.local/lib/python3.12/site-packages/airflow/example_dags/example_skip_dag.py
[2024-10-22T14:35:58.413+0000] {logging_mixin.py:188} INFO - [2024-10-22T14:35:58.413+0000] {dag.py:3089} INFO - Sync 1 DAGs
[2024-10-22T14:35:58.427+0000] {logging_mixin.py:188} INFO - [2024-10-22T14:35:58.427+0000] {dag.py:3947} INFO - Setting next_dagrun for example_skip_dag to 2024-10-21 00:00:00+00:00, run_after=2024-10-22 00:00:00+00:00
[2024-10-22T14:35:58.440+0000] {processor.py:183} INFO - Processing /home/airflow/.local/lib/python3.12/site-packages/airflow/example_dags/example_skip_dag.py took 0.051 seconds
[2024-10-22T14:36:28.727+0000] {processor.py:161} INFO - Started process (PID=1360) to work on /home/airflow/.local/lib/python3.12/site-packages/airflow/example_dags/example_skip_dag.py
[2024-10-22T14:36:28.728+0000] {processor.py:830} INFO - Processing file /home/airflow/.local/lib/python3.12/site-packages/airflow/example_dags/example_skip_dag.py for tasks to queue
[2024-10-22T14:36:28.729+0000] {logging_mixin.py:188} INFO - [2024-10-22T14:36:28.729+0000] {dagbag.py:545} INFO - Filling up the DagBag from /home/airflow/.local/lib/python3.12/site-packages/airflow/example_dags/example_skip_dag.py
[2024-10-22T14:36:28.733+0000] {processor.py:840} INFO - DAG(s) 'example_skip_dag' retrieved from /home/airflow/.local/lib/python3.12/site-packages/airflow/example_dags/example_skip_dag.py
[2024-10-22T14:36:28.748+0000] {logging_mixin.py:188} INFO - [2024-10-22T14:36:28.748+0000] {dag.py:3089} INFO - Sync 1 DAGs
[2024-10-22T14:36:28.762+0000] {logging_mixin.py:188} INFO - [2024-10-22T14:36:28.762+0000] {dag.py:3947} INFO - Setting next_dagrun for example_skip_dag to 2024-10-21 00:00:00+00:00, run_after=2024-10-22 00:00:00+00:00
[2024-10-22T14:36:28.774+0000] {processor.py:183} INFO - Processing /home/airflow/.local/lib/python3.12/site-packages/airflow/example_dags/example_skip_dag.py took 0.051 seconds
[2024-10-22T14:36:58.871+0000] {processor.py:161} INFO - Started process (PID=1627) to work on /home/airflow/.local/lib/python3.12/site-packages/airflow/example_dags/example_skip_dag.py
[2024-10-22T14:36:58.872+0000] {processor.py:830} INFO - Processing file /home/airflow/.local/lib/python3.12/site-packages/airflow/example_dags/example_skip_dag.py for tasks to queue
[2024-10-22T14:36:58.873+0000] {logging_mixin.py:188} INFO - [2024-10-22T14:36:58.873+0000] {dagbag.py:545} INFO - Filling up the DagBag from /home/airflow/.local/lib/python3.12/site-packages/airflow/example_dags/example_skip_dag.py
[2024-10-22T14:36:58.877+0000] {processor.py:840} INFO - DAG(s) 'example_skip_dag' retrieved from /home/airflow/.local/lib/python3.12/site-packages/airflow/example_dags/example_skip_dag.py
[2024-10-22T14:36:58.892+0000] {logging_mixin.py:188} INFO - [2024-10-22T14:36:58.892+0000] {dag.py:3089} INFO - Sync 1 DAGs
[2024-10-22T14:36:58.906+0000] {logging_mixin.py:188} INFO - [2024-10-22T14:36:58.905+0000] {dag.py:3947} INFO - Setting next_dagrun for example_skip_dag to 2024-10-21 00:00:00+00:00, run_after=2024-10-22 00:00:00+00:00
[2024-10-22T14:36:58.917+0000] {processor.py:183} INFO - Processing /home/airflow/.local/lib/python3.12/site-packages/airflow/example_dags/example_skip_dag.py took 0.051 seconds
[2024-10-22T14:37:29.153+0000] {processor.py:161} INFO - Started process (PID=1894) to work on /home/airflow/.local/lib/python3.12/site-packages/airflow/example_dags/example_skip_dag.py
[2024-10-22T14:37:29.154+0000] {processor.py:830} INFO - Processing file /home/airflow/.local/lib/python3.12/site-packages/airflow/example_dags/example_skip_dag.py for tasks to queue
[2024-10-22T14:37:29.155+0000] {logging_mixin.py:188} INFO - [2024-10-22T14:37:29.155+0000] {dagbag.py:545} INFO - Filling up the DagBag from /home/airflow/.local/lib/python3.12/site-packages/airflow/example_dags/example_skip_dag.py
[2024-10-22T14:37:29.160+0000] {processor.py:840} INFO - DAG(s) 'example_skip_dag' retrieved from /home/airflow/.local/lib/python3.12/site-packages/airflow/example_dags/example_skip_dag.py
[2024-10-22T14:37:29.173+0000] {logging_mixin.py:188} INFO - [2024-10-22T14:37:29.173+0000] {dag.py:3089} INFO - Sync 1 DAGs
[2024-10-22T14:37:29.187+0000] {logging_mixin.py:188} INFO - [2024-10-22T14:37:29.187+0000] {dag.py:3947} INFO - Setting next_dagrun for example_skip_dag to 2024-10-21 00:00:00+00:00, run_after=2024-10-22 00:00:00+00:00
[2024-10-22T14:37:29.200+0000] {processor.py:183} INFO - Processing /home/airflow/.local/lib/python3.12/site-packages/airflow/example_dags/example_skip_dag.py took 0.050 seconds
[2024-10-22T14:37:59.390+0000] {processor.py:161} INFO - Started process (PID=2161) to work on /home/airflow/.local/lib/python3.12/site-packages/airflow/example_dags/example_skip_dag.py
[2024-10-22T14:37:59.391+0000] {processor.py:830} INFO - Processing file /home/airflow/.local/lib/python3.12/site-packages/airflow/example_dags/example_skip_dag.py for tasks to queue
[2024-10-22T14:37:59.392+0000] {logging_mixin.py:188} INFO - [2024-10-22T14:37:59.392+0000] {dagbag.py:545} INFO - Filling up the DagBag from /home/airflow/.local/lib/python3.12/site-packages/airflow/example_dags/example_skip_dag.py
[2024-10-22T14:37:59.396+0000] {processor.py:840} INFO - DAG(s) 'example_skip_dag' retrieved from /home/airflow/.local/lib/python3.12/site-packages/airflow/example_dags/example_skip_dag.py
[2024-10-22T14:37:59.410+0000] {logging_mixin.py:188} INFO - [2024-10-22T14:37:59.410+0000] {dag.py:3089} INFO - Sync 1 DAGs
[2024-10-22T14:37:59.424+0000] {logging_mixin.py:188} INFO - [2024-10-22T14:37:59.424+0000] {dag.py:3947} INFO - Setting next_dagrun for example_skip_dag to 2024-10-21 00:00:00+00:00, run_after=2024-10-22 00:00:00+00:00
[2024-10-22T14:37:59.435+0000] {processor.py:183} INFO - Processing /home/airflow/.local/lib/python3.12/site-packages/airflow/example_dags/example_skip_dag.py took 0.049 seconds
[2024-10-22T14:38:29.504+0000] {processor.py:161} INFO - Started process (PID=2426) to work on /home/airflow/.local/lib/python3.12/site-packages/airflow/example_dags/example_skip_dag.py
[2024-10-22T14:38:29.505+0000] {processor.py:830} INFO - Processing file /home/airflow/.local/lib/python3.12/site-packages/airflow/example_dags/example_skip_dag.py for tasks to queue
[2024-10-22T14:38:29.507+0000] {logging_mixin.py:188} INFO - [2024-10-22T14:38:29.506+0000] {dagbag.py:545} INFO - Filling up the DagBag from /home/airflow/.local/lib/python3.12/site-packages/airflow/example_dags/example_skip_dag.py
[2024-10-22T14:38:29.511+0000] {processor.py:840} INFO - DAG(s) 'example_skip_dag' retrieved from /home/airflow/.local/lib/python3.12/site-packages/airflow/example_dags/example_skip_dag.py
[2024-10-22T14:38:29.526+0000] {logging_mixin.py:188} INFO - [2024-10-22T14:38:29.526+0000] {dag.py:3089} INFO - Sync 1 DAGs
[2024-10-22T14:38:29.541+0000] {logging_mixin.py:188} INFO - [2024-10-22T14:38:29.541+0000] {dag.py:3947} INFO - Setting next_dagrun for example_skip_dag to 2024-10-21 00:00:00+00:00, run_after=2024-10-22 00:00:00+00:00
[2024-10-22T14:38:29.553+0000] {processor.py:183} INFO - Processing /home/airflow/.local/lib/python3.12/site-packages/airflow/example_dags/example_skip_dag.py took 0.052 seconds
[2024-10-22T14:38:59.939+0000] {processor.py:161} INFO - Started process (PID=2695) to work on /home/airflow/.local/lib/python3.12/site-packages/airflow/example_dags/example_skip_dag.py
[2024-10-22T14:38:59.940+0000] {processor.py:830} INFO - Processing file /home/airflow/.local/lib/python3.12/site-packages/airflow/example_dags/example_skip_dag.py for tasks to queue
[2024-10-22T14:38:59.941+0000] {logging_mixin.py:188} INFO - [2024-10-22T14:38:59.941+0000] {dagbag.py:545} INFO - Filling up the DagBag from /home/airflow/.local/lib/python3.12/site-packages/airflow/example_dags/example_skip_dag.py
[2024-10-22T14:38:59.945+0000] {processor.py:840} INFO - DAG(s) 'example_skip_dag' retrieved from /home/airflow/.local/lib/python3.12/site-packages/airflow/example_dags/example_skip_dag.py
[2024-10-22T14:38:59.959+0000] {logging_mixin.py:188} INFO - [2024-10-22T14:38:59.959+0000] {dag.py:3089} INFO - Sync 1 DAGs
[2024-10-22T14:38:59.973+0000] {logging_mixin.py:188} INFO - [2024-10-22T14:38:59.973+0000] {dag.py:3947} INFO - Setting next_dagrun for example_skip_dag to 2024-10-21 00:00:00+00:00, run_after=2024-10-22 00:00:00+00:00
[2024-10-22T14:38:59.984+0000] {processor.py:183} INFO - Processing /home/airflow/.local/lib/python3.12/site-packages/airflow/example_dags/example_skip_dag.py took 0.048 seconds
[2024-10-22T14:39:30.071+0000] {processor.py:161} INFO - Started process (PID=2960) to work on /home/airflow/.local/lib/python3.12/site-packages/airflow/example_dags/example_skip_dag.py
[2024-10-22T14:39:30.072+0000] {processor.py:830} INFO - Processing file /home/airflow/.local/lib/python3.12/site-packages/airflow/example_dags/example_skip_dag.py for tasks to queue
[2024-10-22T14:39:30.073+0000] {logging_mixin.py:188} INFO - [2024-10-22T14:39:30.073+0000] {dagbag.py:545} INFO - Filling up the DagBag from /home/airflow/.local/lib/python3.12/site-packages/airflow/example_dags/example_skip_dag.py
[2024-10-22T14:39:30.077+0000] {processor.py:840} INFO - DAG(s) 'example_skip_dag' retrieved from /home/airflow/.local/lib/python3.12/site-packages/airflow/example_dags/example_skip_dag.py
[2024-10-22T14:39:30.092+0000] {logging_mixin.py:188} INFO - [2024-10-22T14:39:30.092+0000] {dag.py:3089} INFO - Sync 1 DAGs
[2024-10-22T14:39:30.105+0000] {logging_mixin.py:188} INFO - [2024-10-22T14:39:30.105+0000] {dag.py:3947} INFO - Setting next_dagrun for example_skip_dag to 2024-10-21 00:00:00+00:00, run_after=2024-10-22 00:00:00+00:00
[2024-10-22T14:39:30.117+0000] {processor.py:183} INFO - Processing /home/airflow/.local/lib/python3.12/site-packages/airflow/example_dags/example_skip_dag.py took 0.050 seconds
[2024-10-22T14:40:00.411+0000] {processor.py:161} INFO - Started process (PID=3229) to work on /home/airflow/.local/lib/python3.12/site-packages/airflow/example_dags/example_skip_dag.py
[2024-10-22T14:40:00.412+0000] {processor.py:830} INFO - Processing file /home/airflow/.local/lib/python3.12/site-packages/airflow/example_dags/example_skip_dag.py for tasks to queue
[2024-10-22T14:40:00.413+0000] {logging_mixin.py:188} INFO - [2024-10-22T14:40:00.413+0000] {dagbag.py:545} INFO - Filling up the DagBag from /home/airflow/.local/lib/python3.12/site-packages/airflow/example_dags/example_skip_dag.py
[2024-10-22T14:40:00.418+0000] {processor.py:840} INFO - DAG(s) 'example_skip_dag' retrieved from /home/airflow/.local/lib/python3.12/site-packages/airflow/example_dags/example_skip_dag.py
[2024-10-22T14:40:00.432+0000] {logging_mixin.py:188} INFO - [2024-10-22T14:40:00.432+0000] {dag.py:3089} INFO - Sync 1 DAGs
[2024-10-22T14:40:00.446+0000] {logging_mixin.py:188} INFO - [2024-10-22T14:40:00.446+0000] {dag.py:3947} INFO - Setting next_dagrun for example_skip_dag to 2024-10-21 00:00:00+00:00, run_after=2024-10-22 00:00:00+00:00
[2024-10-22T14:40:00.458+0000] {processor.py:183} INFO - Processing /home/airflow/.local/lib/python3.12/site-packages/airflow/example_dags/example_skip_dag.py took 0.051 seconds
[2024-10-22T14:40:30.605+0000] {processor.py:161} INFO - Started process (PID=3495) to work on /home/airflow/.local/lib/python3.12/site-packages/airflow/example_dags/example_skip_dag.py
[2024-10-22T14:40:30.605+0000] {processor.py:830} INFO - Processing file /home/airflow/.local/lib/python3.12/site-packages/airflow/example_dags/example_skip_dag.py for tasks to queue
[2024-10-22T14:40:30.607+0000] {logging_mixin.py:188} INFO - [2024-10-22T14:40:30.607+0000] {dagbag.py:545} INFO - Filling up the DagBag from /home/airflow/.local/lib/python3.12/site-packages/airflow/example_dags/example_skip_dag.py
[2024-10-22T14:40:30.611+0000] {processor.py:840} INFO - DAG(s) 'example_skip_dag' retrieved from /home/airflow/.local/lib/python3.12/site-packages/airflow/example_dags/example_skip_dag.py
[2024-10-22T14:40:30.625+0000] {logging_mixin.py:188} INFO - [2024-10-22T14:40:30.625+0000] {dag.py:3089} INFO - Sync 1 DAGs
[2024-10-22T14:40:30.639+0000] {logging_mixin.py:188} INFO - [2024-10-22T14:40:30.639+0000] {dag.py:3947} INFO - Setting next_dagrun for example_skip_dag to 2024-10-21 00:00:00+00:00, run_after=2024-10-22 00:00:00+00:00
[2024-10-22T14:40:30.651+0000] {processor.py:183} INFO - Processing /home/airflow/.local/lib/python3.12/site-packages/airflow/example_dags/example_skip_dag.py took 0.050 seconds
[2024-10-22T14:41:00.770+0000] {processor.py:161} INFO - Started process (PID=3761) to work on /home/airflow/.local/lib/python3.12/site-packages/airflow/example_dags/example_skip_dag.py
[2024-10-22T14:41:00.770+0000] {processor.py:830} INFO - Processing file /home/airflow/.local/lib/python3.12/site-packages/airflow/example_dags/example_skip_dag.py for tasks to queue
[2024-10-22T14:41:00.772+0000] {logging_mixin.py:188} INFO - [2024-10-22T14:41:00.771+0000] {dagbag.py:545} INFO - Filling up the DagBag from /home/airflow/.local/lib/python3.12/site-packages/airflow/example_dags/example_skip_dag.py
[2024-10-22T14:41:00.776+0000] {processor.py:840} INFO - DAG(s) 'example_skip_dag' retrieved from /home/airflow/.local/lib/python3.12/site-packages/airflow/example_dags/example_skip_dag.py
[2024-10-22T14:41:00.790+0000] {logging_mixin.py:188} INFO - [2024-10-22T14:41:00.790+0000] {dag.py:3089} INFO - Sync 1 DAGs
[2024-10-22T14:41:00.804+0000] {logging_mixin.py:188} INFO - [2024-10-22T14:41:00.804+0000] {dag.py:3947} INFO - Setting next_dagrun for example_skip_dag to 2024-10-21 00:00:00+00:00, run_after=2024-10-22 00:00:00+00:00
[2024-10-22T14:41:00.816+0000] {processor.py:183} INFO - Processing /home/airflow/.local/lib/python3.12/site-packages/airflow/example_dags/example_skip_dag.py took 0.051 seconds
[2024-10-22T14:41:30.863+0000] {processor.py:161} INFO - Started process (PID=4025) to work on /home/airflow/.local/lib/python3.12/site-packages/airflow/example_dags/example_skip_dag.py
[2024-10-22T14:41:30.864+0000] {processor.py:830} INFO - Processing file /home/airflow/.local/lib/python3.12/site-packages/airflow/example_dags/example_skip_dag.py for tasks to queue
[2024-10-22T14:41:30.865+0000] {logging_mixin.py:188} INFO - [2024-10-22T14:41:30.865+0000] {dagbag.py:545} INFO - Filling up the DagBag from /home/airflow/.local/lib/python3.12/site-packages/airflow/example_dags/example_skip_dag.py
[2024-10-22T14:41:30.869+0000] {processor.py:840} INFO - DAG(s) 'example_skip_dag' retrieved from /home/airflow/.local/lib/python3.12/site-packages/airflow/example_dags/example_skip_dag.py
[2024-10-22T14:41:30.883+0000] {logging_mixin.py:188} INFO - [2024-10-22T14:41:30.883+0000] {dag.py:3089} INFO - Sync 1 DAGs
[2024-10-22T14:41:30.896+0000] {logging_mixin.py:188} INFO - [2024-10-22T14:41:30.896+0000] {dag.py:3947} INFO - Setting next_dagrun for example_skip_dag to 2024-10-21 00:00:00+00:00, run_after=2024-10-22 00:00:00+00:00
[2024-10-22T14:41:30.907+0000] {processor.py:183} INFO - Processing /home/airflow/.local/lib/python3.12/site-packages/airflow/example_dags/example_skip_dag.py took 0.048 seconds
[2024-10-22T14:42:01.062+0000] {processor.py:161} INFO - Started process (PID=4290) to work on /home/airflow/.local/lib/python3.12/site-packages/airflow/example_dags/example_skip_dag.py
[2024-10-22T14:42:01.063+0000] {processor.py:830} INFO - Processing file /home/airflow/.local/lib/python3.12/site-packages/airflow/example_dags/example_skip_dag.py for tasks to queue
[2024-10-22T14:42:01.064+0000] {logging_mixin.py:188} INFO - [2024-10-22T14:42:01.064+0000] {dagbag.py:545} INFO - Filling up the DagBag from /home/airflow/.local/lib/python3.12/site-packages/airflow/example_dags/example_skip_dag.py
[2024-10-22T14:42:01.069+0000] {processor.py:840} INFO - DAG(s) 'example_skip_dag' retrieved from /home/airflow/.local/lib/python3.12/site-packages/airflow/example_dags/example_skip_dag.py
[2024-10-22T14:42:01.083+0000] {logging_mixin.py:188} INFO - [2024-10-22T14:42:01.082+0000] {dag.py:3089} INFO - Sync 1 DAGs
[2024-10-22T14:42:01.096+0000] {logging_mixin.py:188} INFO - [2024-10-22T14:42:01.096+0000] {dag.py:3947} INFO - Setting next_dagrun for example_skip_dag to 2024-10-21 00:00:00+00:00, run_after=2024-10-22 00:00:00+00:00
[2024-10-22T14:42:01.108+0000] {processor.py:183} INFO - Processing /home/airflow/.local/lib/python3.12/site-packages/airflow/example_dags/example_skip_dag.py took 0.050 seconds
[2024-10-22T14:42:48.183+0000] {processor.py:161} INFO - Started process (PID=292) to work on /home/airflow/.local/lib/python3.12/site-packages/airflow/example_dags/example_skip_dag.py
[2024-10-22T14:42:48.184+0000] {processor.py:830} INFO - Processing file /home/airflow/.local/lib/python3.12/site-packages/airflow/example_dags/example_skip_dag.py for tasks to queue
[2024-10-22T14:42:48.185+0000] {logging_mixin.py:188} INFO - [2024-10-22T14:42:48.185+0000] {dagbag.py:545} INFO - Filling up the DagBag from /home/airflow/.local/lib/python3.12/site-packages/airflow/example_dags/example_skip_dag.py
[2024-10-22T14:42:48.193+0000] {processor.py:840} INFO - DAG(s) 'example_skip_dag' retrieved from /home/airflow/.local/lib/python3.12/site-packages/airflow/example_dags/example_skip_dag.py
[2024-10-22T14:42:48.204+0000] {logging_mixin.py:188} INFO - [2024-10-22T14:42:48.203+0000] {dag.py:3089} INFO - Sync 1 DAGs
[2024-10-22T14:42:48.221+0000] {logging_mixin.py:188} INFO - [2024-10-22T14:42:48.221+0000] {dag.py:3947} INFO - Setting next_dagrun for example_skip_dag to 2024-10-21 00:00:00+00:00, run_after=2024-10-22 00:00:00+00:00
[2024-10-22T14:42:48.233+0000] {processor.py:183} INFO - Processing /home/airflow/.local/lib/python3.12/site-packages/airflow/example_dags/example_skip_dag.py took 0.055 seconds
[2024-10-22T14:43:19.163+0000] {processor.py:161} INFO - Started process (PID=557) to work on /home/airflow/.local/lib/python3.12/site-packages/airflow/example_dags/example_skip_dag.py
[2024-10-22T14:43:19.164+0000] {processor.py:830} INFO - Processing file /home/airflow/.local/lib/python3.12/site-packages/airflow/example_dags/example_skip_dag.py for tasks to queue
[2024-10-22T14:43:19.165+0000] {logging_mixin.py:188} INFO - [2024-10-22T14:43:19.165+0000] {dagbag.py:545} INFO - Filling up the DagBag from /home/airflow/.local/lib/python3.12/site-packages/airflow/example_dags/example_skip_dag.py
[2024-10-22T14:43:19.170+0000] {processor.py:840} INFO - DAG(s) 'example_skip_dag' retrieved from /home/airflow/.local/lib/python3.12/site-packages/airflow/example_dags/example_skip_dag.py
[2024-10-22T14:43:19.240+0000] {logging_mixin.py:188} INFO - [2024-10-22T14:43:19.240+0000] {dag.py:3089} INFO - Sync 1 DAGs
[2024-10-22T14:43:19.254+0000] {logging_mixin.py:188} INFO - [2024-10-22T14:43:19.254+0000] {dag.py:3947} INFO - Setting next_dagrun for example_skip_dag to 2024-10-21 00:00:00+00:00, run_after=2024-10-22 00:00:00+00:00
[2024-10-22T14:43:19.266+0000] {processor.py:183} INFO - Processing /home/airflow/.local/lib/python3.12/site-packages/airflow/example_dags/example_skip_dag.py took 0.107 seconds
[2024-10-22T14:43:49.295+0000] {processor.py:161} INFO - Started process (PID=827) to work on /home/airflow/.local/lib/python3.12/site-packages/airflow/example_dags/example_skip_dag.py
[2024-10-22T14:43:49.296+0000] {processor.py:830} INFO - Processing file /home/airflow/.local/lib/python3.12/site-packages/airflow/example_dags/example_skip_dag.py for tasks to queue
[2024-10-22T14:43:49.297+0000] {logging_mixin.py:188} INFO - [2024-10-22T14:43:49.297+0000] {dagbag.py:545} INFO - Filling up the DagBag from /home/airflow/.local/lib/python3.12/site-packages/airflow/example_dags/example_skip_dag.py
[2024-10-22T14:43:49.301+0000] {processor.py:840} INFO - DAG(s) 'example_skip_dag' retrieved from /home/airflow/.local/lib/python3.12/site-packages/airflow/example_dags/example_skip_dag.py
[2024-10-22T14:43:49.316+0000] {logging_mixin.py:188} INFO - [2024-10-22T14:43:49.315+0000] {dag.py:3089} INFO - Sync 1 DAGs
[2024-10-22T14:43:49.330+0000] {logging_mixin.py:188} INFO - [2024-10-22T14:43:49.330+0000] {dag.py:3947} INFO - Setting next_dagrun for example_skip_dag to 2024-10-21 00:00:00+00:00, run_after=2024-10-22 00:00:00+00:00
[2024-10-22T14:43:49.343+0000] {processor.py:183} INFO - Processing /home/airflow/.local/lib/python3.12/site-packages/airflow/example_dags/example_skip_dag.py took 0.052 seconds
[2024-10-22T14:44:19.465+0000] {processor.py:161} INFO - Started process (PID=1094) to work on /home/airflow/.local/lib/python3.12/site-packages/airflow/example_dags/example_skip_dag.py
[2024-10-22T14:44:19.466+0000] {processor.py:830} INFO - Processing file /home/airflow/.local/lib/python3.12/site-packages/airflow/example_dags/example_skip_dag.py for tasks to queue
[2024-10-22T14:44:19.467+0000] {logging_mixin.py:188} INFO - [2024-10-22T14:44:19.467+0000] {dagbag.py:545} INFO - Filling up the DagBag from /home/airflow/.local/lib/python3.12/site-packages/airflow/example_dags/example_skip_dag.py
[2024-10-22T14:44:19.472+0000] {processor.py:840} INFO - DAG(s) 'example_skip_dag' retrieved from /home/airflow/.local/lib/python3.12/site-packages/airflow/example_dags/example_skip_dag.py
[2024-10-22T14:44:19.487+0000] {logging_mixin.py:188} INFO - [2024-10-22T14:44:19.486+0000] {dag.py:3089} INFO - Sync 1 DAGs
[2024-10-22T14:44:19.501+0000] {logging_mixin.py:188} INFO - [2024-10-22T14:44:19.501+0000] {dag.py:3947} INFO - Setting next_dagrun for example_skip_dag to 2024-10-21 00:00:00+00:00, run_after=2024-10-22 00:00:00+00:00
[2024-10-22T14:44:19.515+0000] {processor.py:183} INFO - Processing /home/airflow/.local/lib/python3.12/site-packages/airflow/example_dags/example_skip_dag.py took 0.054 seconds
[2024-10-22T14:44:49.705+0000] {processor.py:161} INFO - Started process (PID=1361) to work on /home/airflow/.local/lib/python3.12/site-packages/airflow/example_dags/example_skip_dag.py
[2024-10-22T14:44:49.706+0000] {processor.py:830} INFO - Processing file /home/airflow/.local/lib/python3.12/site-packages/airflow/example_dags/example_skip_dag.py for tasks to queue
[2024-10-22T14:44:49.707+0000] {logging_mixin.py:188} INFO - [2024-10-22T14:44:49.707+0000] {dagbag.py:545} INFO - Filling up the DagBag from /home/airflow/.local/lib/python3.12/site-packages/airflow/example_dags/example_skip_dag.py
[2024-10-22T14:44:49.711+0000] {processor.py:840} INFO - DAG(s) 'example_skip_dag' retrieved from /home/airflow/.local/lib/python3.12/site-packages/airflow/example_dags/example_skip_dag.py
[2024-10-22T14:44:49.726+0000] {logging_mixin.py:188} INFO - [2024-10-22T14:44:49.725+0000] {dag.py:3089} INFO - Sync 1 DAGs
[2024-10-22T14:44:49.741+0000] {logging_mixin.py:188} INFO - [2024-10-22T14:44:49.740+0000] {dag.py:3947} INFO - Setting next_dagrun for example_skip_dag to 2024-10-21 00:00:00+00:00, run_after=2024-10-22 00:00:00+00:00
[2024-10-22T14:44:49.753+0000] {processor.py:183} INFO - Processing /home/airflow/.local/lib/python3.12/site-packages/airflow/example_dags/example_skip_dag.py took 0.053 seconds
[2024-10-22T14:45:20.188+0000] {processor.py:161} INFO - Started process (PID=1628) to work on /home/airflow/.local/lib/python3.12/site-packages/airflow/example_dags/example_skip_dag.py
[2024-10-22T14:45:20.189+0000] {processor.py:830} INFO - Processing file /home/airflow/.local/lib/python3.12/site-packages/airflow/example_dags/example_skip_dag.py for tasks to queue
[2024-10-22T14:45:20.190+0000] {logging_mixin.py:188} INFO - [2024-10-22T14:45:20.190+0000] {dagbag.py:545} INFO - Filling up the DagBag from /home/airflow/.local/lib/python3.12/site-packages/airflow/example_dags/example_skip_dag.py
[2024-10-22T14:45:20.195+0000] {processor.py:840} INFO - DAG(s) 'example_skip_dag' retrieved from /home/airflow/.local/lib/python3.12/site-packages/airflow/example_dags/example_skip_dag.py
[2024-10-22T14:45:20.213+0000] {logging_mixin.py:188} INFO - [2024-10-22T14:45:20.213+0000] {dag.py:3089} INFO - Sync 1 DAGs
[2024-10-22T14:45:20.230+0000] {logging_mixin.py:188} INFO - [2024-10-22T14:45:20.230+0000] {dag.py:3947} INFO - Setting next_dagrun for example_skip_dag to 2024-10-21 00:00:00+00:00, run_after=2024-10-22 00:00:00+00:00
[2024-10-22T14:45:20.243+0000] {processor.py:183} INFO - Processing /home/airflow/.local/lib/python3.12/site-packages/airflow/example_dags/example_skip_dag.py took 0.059 seconds
[2024-10-22T14:45:50.663+0000] {processor.py:161} INFO - Started process (PID=1897) to work on /home/airflow/.local/lib/python3.12/site-packages/airflow/example_dags/example_skip_dag.py
[2024-10-22T14:45:50.664+0000] {processor.py:830} INFO - Processing file /home/airflow/.local/lib/python3.12/site-packages/airflow/example_dags/example_skip_dag.py for tasks to queue
[2024-10-22T14:45:50.666+0000] {logging_mixin.py:188} INFO - [2024-10-22T14:45:50.665+0000] {dagbag.py:545} INFO - Filling up the DagBag from /home/airflow/.local/lib/python3.12/site-packages/airflow/example_dags/example_skip_dag.py
[2024-10-22T14:45:50.671+0000] {processor.py:840} INFO - DAG(s) 'example_skip_dag' retrieved from /home/airflow/.local/lib/python3.12/site-packages/airflow/example_dags/example_skip_dag.py
[2024-10-22T14:45:50.690+0000] {logging_mixin.py:188} INFO - [2024-10-22T14:45:50.689+0000] {dag.py:3089} INFO - Sync 1 DAGs
[2024-10-22T14:45:50.708+0000] {logging_mixin.py:188} INFO - [2024-10-22T14:45:50.708+0000] {dag.py:3947} INFO - Setting next_dagrun for example_skip_dag to 2024-10-21 00:00:00+00:00, run_after=2024-10-22 00:00:00+00:00
[2024-10-22T14:45:50.723+0000] {processor.py:183} INFO - Processing /home/airflow/.local/lib/python3.12/site-packages/airflow/example_dags/example_skip_dag.py took 0.064 seconds
[2024-10-22T14:46:21.398+0000] {processor.py:161} INFO - Started process (PID=2162) to work on /home/airflow/.local/lib/python3.12/site-packages/airflow/example_dags/example_skip_dag.py
[2024-10-22T14:46:21.399+0000] {processor.py:830} INFO - Processing file /home/airflow/.local/lib/python3.12/site-packages/airflow/example_dags/example_skip_dag.py for tasks to queue
[2024-10-22T14:46:21.401+0000] {logging_mixin.py:188} INFO - [2024-10-22T14:46:21.401+0000] {dagbag.py:545} INFO - Filling up the DagBag from /home/airflow/.local/lib/python3.12/site-packages/airflow/example_dags/example_skip_dag.py
[2024-10-22T14:46:21.408+0000] {processor.py:840} INFO - DAG(s) 'example_skip_dag' retrieved from /home/airflow/.local/lib/python3.12/site-packages/airflow/example_dags/example_skip_dag.py
[2024-10-22T14:46:21.429+0000] {logging_mixin.py:188} INFO - [2024-10-22T14:46:21.428+0000] {dag.py:3089} INFO - Sync 1 DAGs
[2024-10-22T14:46:21.450+0000] {logging_mixin.py:188} INFO - [2024-10-22T14:46:21.450+0000] {dag.py:3947} INFO - Setting next_dagrun for example_skip_dag to 2024-10-21 00:00:00+00:00, run_after=2024-10-22 00:00:00+00:00
[2024-10-22T14:46:21.469+0000] {processor.py:183} INFO - Processing /home/airflow/.local/lib/python3.12/site-packages/airflow/example_dags/example_skip_dag.py took 0.076 seconds
[2024-10-22T14:46:52.411+0000] {processor.py:161} INFO - Started process (PID=2432) to work on /home/airflow/.local/lib/python3.12/site-packages/airflow/example_dags/example_skip_dag.py
[2024-10-22T14:46:52.412+0000] {processor.py:830} INFO - Processing file /home/airflow/.local/lib/python3.12/site-packages/airflow/example_dags/example_skip_dag.py for tasks to queue
[2024-10-22T14:46:52.413+0000] {logging_mixin.py:188} INFO - [2024-10-22T14:46:52.413+0000] {dagbag.py:545} INFO - Filling up the DagBag from /home/airflow/.local/lib/python3.12/site-packages/airflow/example_dags/example_skip_dag.py
[2024-10-22T14:46:52.418+0000] {processor.py:840} INFO - DAG(s) 'example_skip_dag' retrieved from /home/airflow/.local/lib/python3.12/site-packages/airflow/example_dags/example_skip_dag.py
[2024-10-22T14:46:52.432+0000] {logging_mixin.py:188} INFO - [2024-10-22T14:46:52.432+0000] {dag.py:3089} INFO - Sync 1 DAGs
[2024-10-22T14:46:52.447+0000] {logging_mixin.py:188} INFO - [2024-10-22T14:46:52.447+0000] {dag.py:3947} INFO - Setting next_dagrun for example_skip_dag to 2024-10-21 00:00:00+00:00, run_after=2024-10-22 00:00:00+00:00
[2024-10-22T14:46:52.460+0000] {processor.py:183} INFO - Processing /home/airflow/.local/lib/python3.12/site-packages/airflow/example_dags/example_skip_dag.py took 0.053 seconds
[2024-10-22T14:47:22.816+0000] {processor.py:161} INFO - Started process (PID=2701) to work on /home/airflow/.local/lib/python3.12/site-packages/airflow/example_dags/example_skip_dag.py
[2024-10-22T14:47:22.817+0000] {processor.py:830} INFO - Processing file /home/airflow/.local/lib/python3.12/site-packages/airflow/example_dags/example_skip_dag.py for tasks to queue
[2024-10-22T14:47:22.818+0000] {logging_mixin.py:188} INFO - [2024-10-22T14:47:22.818+0000] {dagbag.py:545} INFO - Filling up the DagBag from /home/airflow/.local/lib/python3.12/site-packages/airflow/example_dags/example_skip_dag.py
[2024-10-22T14:47:22.823+0000] {processor.py:840} INFO - DAG(s) 'example_skip_dag' retrieved from /home/airflow/.local/lib/python3.12/site-packages/airflow/example_dags/example_skip_dag.py
[2024-10-22T14:47:22.837+0000] {logging_mixin.py:188} INFO - [2024-10-22T14:47:22.837+0000] {dag.py:3089} INFO - Sync 1 DAGs
[2024-10-22T14:47:22.851+0000] {logging_mixin.py:188} INFO - [2024-10-22T14:47:22.851+0000] {dag.py:3947} INFO - Setting next_dagrun for example_skip_dag to 2024-10-21 00:00:00+00:00, run_after=2024-10-22 00:00:00+00:00
[2024-10-22T14:47:22.864+0000] {processor.py:183} INFO - Processing /home/airflow/.local/lib/python3.12/site-packages/airflow/example_dags/example_skip_dag.py took 0.052 seconds
[2024-10-22T14:47:53.053+0000] {processor.py:161} INFO - Started process (PID=2966) to work on /home/airflow/.local/lib/python3.12/site-packages/airflow/example_dags/example_skip_dag.py
[2024-10-22T14:47:53.054+0000] {processor.py:830} INFO - Processing file /home/airflow/.local/lib/python3.12/site-packages/airflow/example_dags/example_skip_dag.py for tasks to queue
[2024-10-22T14:47:53.055+0000] {logging_mixin.py:188} INFO - [2024-10-22T14:47:53.055+0000] {dagbag.py:545} INFO - Filling up the DagBag from /home/airflow/.local/lib/python3.12/site-packages/airflow/example_dags/example_skip_dag.py
[2024-10-22T14:47:53.061+0000] {processor.py:840} INFO - DAG(s) 'example_skip_dag' retrieved from /home/airflow/.local/lib/python3.12/site-packages/airflow/example_dags/example_skip_dag.py
[2024-10-22T14:47:53.077+0000] {logging_mixin.py:188} INFO - [2024-10-22T14:47:53.077+0000] {dag.py:3089} INFO - Sync 1 DAGs
[2024-10-22T14:47:53.092+0000] {logging_mixin.py:188} INFO - [2024-10-22T14:47:53.091+0000] {dag.py:3947} INFO - Setting next_dagrun for example_skip_dag to 2024-10-21 00:00:00+00:00, run_after=2024-10-22 00:00:00+00:00
[2024-10-22T14:47:53.104+0000] {processor.py:183} INFO - Processing /home/airflow/.local/lib/python3.12/site-packages/airflow/example_dags/example_skip_dag.py took 0.056 seconds
[2024-10-22T14:48:23.334+0000] {processor.py:161} INFO - Started process (PID=3233) to work on /home/airflow/.local/lib/python3.12/site-packages/airflow/example_dags/example_skip_dag.py
[2024-10-22T14:48:23.335+0000] {processor.py:830} INFO - Processing file /home/airflow/.local/lib/python3.12/site-packages/airflow/example_dags/example_skip_dag.py for tasks to queue
[2024-10-22T14:48:23.336+0000] {logging_mixin.py:188} INFO - [2024-10-22T14:48:23.336+0000] {dagbag.py:545} INFO - Filling up the DagBag from /home/airflow/.local/lib/python3.12/site-packages/airflow/example_dags/example_skip_dag.py
[2024-10-22T14:48:23.341+0000] {processor.py:840} INFO - DAG(s) 'example_skip_dag' retrieved from /home/airflow/.local/lib/python3.12/site-packages/airflow/example_dags/example_skip_dag.py
[2024-10-22T14:48:23.355+0000] {logging_mixin.py:188} INFO - [2024-10-22T14:48:23.355+0000] {dag.py:3089} INFO - Sync 1 DAGs
[2024-10-22T14:48:23.369+0000] {logging_mixin.py:188} INFO - [2024-10-22T14:48:23.369+0000] {dag.py:3947} INFO - Setting next_dagrun for example_skip_dag to 2024-10-21 00:00:00+00:00, run_after=2024-10-22 00:00:00+00:00
[2024-10-22T14:48:23.382+0000] {processor.py:183} INFO - Processing /home/airflow/.local/lib/python3.12/site-packages/airflow/example_dags/example_skip_dag.py took 0.052 seconds
[2024-10-22T14:48:53.708+0000] {processor.py:161} INFO - Started process (PID=3497) to work on /home/airflow/.local/lib/python3.12/site-packages/airflow/example_dags/example_skip_dag.py
[2024-10-22T14:48:53.708+0000] {processor.py:830} INFO - Processing file /home/airflow/.local/lib/python3.12/site-packages/airflow/example_dags/example_skip_dag.py for tasks to queue
[2024-10-22T14:48:53.710+0000] {logging_mixin.py:188} INFO - [2024-10-22T14:48:53.710+0000] {dagbag.py:545} INFO - Filling up the DagBag from /home/airflow/.local/lib/python3.12/site-packages/airflow/example_dags/example_skip_dag.py
[2024-10-22T14:48:53.714+0000] {processor.py:840} INFO - DAG(s) 'example_skip_dag' retrieved from /home/airflow/.local/lib/python3.12/site-packages/airflow/example_dags/example_skip_dag.py
[2024-10-22T14:48:53.728+0000] {logging_mixin.py:188} INFO - [2024-10-22T14:48:53.728+0000] {dag.py:3089} INFO - Sync 1 DAGs
[2024-10-22T14:48:53.742+0000] {logging_mixin.py:188} INFO - [2024-10-22T14:48:53.742+0000] {dag.py:3947} INFO - Setting next_dagrun for example_skip_dag to 2024-10-21 00:00:00+00:00, run_after=2024-10-22 00:00:00+00:00
[2024-10-22T14:48:53.754+0000] {processor.py:183} INFO - Processing /home/airflow/.local/lib/python3.12/site-packages/airflow/example_dags/example_skip_dag.py took 0.050 seconds
[2024-10-22T14:49:24.097+0000] {processor.py:161} INFO - Started process (PID=3764) to work on /home/airflow/.local/lib/python3.12/site-packages/airflow/example_dags/example_skip_dag.py
[2024-10-22T14:49:24.097+0000] {processor.py:830} INFO - Processing file /home/airflow/.local/lib/python3.12/site-packages/airflow/example_dags/example_skip_dag.py for tasks to queue
[2024-10-22T14:49:24.099+0000] {logging_mixin.py:188} INFO - [2024-10-22T14:49:24.098+0000] {dagbag.py:545} INFO - Filling up the DagBag from /home/airflow/.local/lib/python3.12/site-packages/airflow/example_dags/example_skip_dag.py
[2024-10-22T14:49:24.103+0000] {processor.py:840} INFO - DAG(s) 'example_skip_dag' retrieved from /home/airflow/.local/lib/python3.12/site-packages/airflow/example_dags/example_skip_dag.py
[2024-10-22T14:49:24.117+0000] {logging_mixin.py:188} INFO - [2024-10-22T14:49:24.117+0000] {dag.py:3089} INFO - Sync 1 DAGs
[2024-10-22T14:49:24.131+0000] {logging_mixin.py:188} INFO - [2024-10-22T14:49:24.131+0000] {dag.py:3947} INFO - Setting next_dagrun for example_skip_dag to 2024-10-21 00:00:00+00:00, run_after=2024-10-22 00:00:00+00:00
[2024-10-22T14:49:24.143+0000] {processor.py:183} INFO - Processing /home/airflow/.local/lib/python3.12/site-packages/airflow/example_dags/example_skip_dag.py took 0.051 seconds
[2024-10-22T14:49:54.411+0000] {processor.py:161} INFO - Started process (PID=4031) to work on /home/airflow/.local/lib/python3.12/site-packages/airflow/example_dags/example_skip_dag.py
[2024-10-22T14:49:54.412+0000] {processor.py:830} INFO - Processing file /home/airflow/.local/lib/python3.12/site-packages/airflow/example_dags/example_skip_dag.py for tasks to queue
[2024-10-22T14:49:54.413+0000] {logging_mixin.py:188} INFO - [2024-10-22T14:49:54.413+0000] {dagbag.py:545} INFO - Filling up the DagBag from /home/airflow/.local/lib/python3.12/site-packages/airflow/example_dags/example_skip_dag.py
[2024-10-22T14:49:54.418+0000] {processor.py:840} INFO - DAG(s) 'example_skip_dag' retrieved from /home/airflow/.local/lib/python3.12/site-packages/airflow/example_dags/example_skip_dag.py
[2024-10-22T14:49:54.432+0000] {logging_mixin.py:188} INFO - [2024-10-22T14:49:54.432+0000] {dag.py:3089} INFO - Sync 1 DAGs
[2024-10-22T14:49:54.446+0000] {logging_mixin.py:188} INFO - [2024-10-22T14:49:54.446+0000] {dag.py:3947} INFO - Setting next_dagrun for example_skip_dag to 2024-10-21 00:00:00+00:00, run_after=2024-10-22 00:00:00+00:00
[2024-10-22T14:49:54.458+0000] {processor.py:183} INFO - Processing /home/airflow/.local/lib/python3.12/site-packages/airflow/example_dags/example_skip_dag.py took 0.051 seconds
[2024-10-22T14:50:24.750+0000] {processor.py:161} INFO - Started process (PID=4298) to work on /home/airflow/.local/lib/python3.12/site-packages/airflow/example_dags/example_skip_dag.py
[2024-10-22T14:50:24.751+0000] {processor.py:830} INFO - Processing file /home/airflow/.local/lib/python3.12/site-packages/airflow/example_dags/example_skip_dag.py for tasks to queue
[2024-10-22T14:50:24.752+0000] {logging_mixin.py:188} INFO - [2024-10-22T14:50:24.752+0000] {dagbag.py:545} INFO - Filling up the DagBag from /home/airflow/.local/lib/python3.12/site-packages/airflow/example_dags/example_skip_dag.py
[2024-10-22T14:50:24.756+0000] {processor.py:840} INFO - DAG(s) 'example_skip_dag' retrieved from /home/airflow/.local/lib/python3.12/site-packages/airflow/example_dags/example_skip_dag.py
[2024-10-22T14:50:24.771+0000] {logging_mixin.py:188} INFO - [2024-10-22T14:50:24.771+0000] {dag.py:3089} INFO - Sync 1 DAGs
[2024-10-22T14:50:24.786+0000] {logging_mixin.py:188} INFO - [2024-10-22T14:50:24.786+0000] {dag.py:3947} INFO - Setting next_dagrun for example_skip_dag to 2024-10-21 00:00:00+00:00, run_after=2024-10-22 00:00:00+00:00
[2024-10-22T14:50:24.800+0000] {processor.py:183} INFO - Processing /home/airflow/.local/lib/python3.12/site-packages/airflow/example_dags/example_skip_dag.py took 0.054 seconds
[2024-10-22T14:50:55.183+0000] {processor.py:161} INFO - Started process (PID=4565) to work on /home/airflow/.local/lib/python3.12/site-packages/airflow/example_dags/example_skip_dag.py
[2024-10-22T14:50:55.184+0000] {processor.py:830} INFO - Processing file /home/airflow/.local/lib/python3.12/site-packages/airflow/example_dags/example_skip_dag.py for tasks to queue
[2024-10-22T14:50:55.185+0000] {logging_mixin.py:188} INFO - [2024-10-22T14:50:55.185+0000] {dagbag.py:545} INFO - Filling up the DagBag from /home/airflow/.local/lib/python3.12/site-packages/airflow/example_dags/example_skip_dag.py
[2024-10-22T14:50:55.190+0000] {processor.py:840} INFO - DAG(s) 'example_skip_dag' retrieved from /home/airflow/.local/lib/python3.12/site-packages/airflow/example_dags/example_skip_dag.py
[2024-10-22T14:50:55.205+0000] {logging_mixin.py:188} INFO - [2024-10-22T14:50:55.205+0000] {dag.py:3089} INFO - Sync 1 DAGs
[2024-10-22T14:50:55.221+0000] {logging_mixin.py:188} INFO - [2024-10-22T14:50:55.221+0000] {dag.py:3947} INFO - Setting next_dagrun for example_skip_dag to 2024-10-21 00:00:00+00:00, run_after=2024-10-22 00:00:00+00:00
[2024-10-22T14:50:55.235+0000] {processor.py:183} INFO - Processing /home/airflow/.local/lib/python3.12/site-packages/airflow/example_dags/example_skip_dag.py took 0.056 seconds
[2024-10-22T14:51:25.627+0000] {processor.py:161} INFO - Started process (PID=4832) to work on /home/airflow/.local/lib/python3.12/site-packages/airflow/example_dags/example_skip_dag.py
[2024-10-22T14:51:25.627+0000] {processor.py:830} INFO - Processing file /home/airflow/.local/lib/python3.12/site-packages/airflow/example_dags/example_skip_dag.py for tasks to queue
[2024-10-22T14:51:25.628+0000] {logging_mixin.py:188} INFO - [2024-10-22T14:51:25.628+0000] {dagbag.py:545} INFO - Filling up the DagBag from /home/airflow/.local/lib/python3.12/site-packages/airflow/example_dags/example_skip_dag.py
[2024-10-22T14:51:25.633+0000] {processor.py:840} INFO - DAG(s) 'example_skip_dag' retrieved from /home/airflow/.local/lib/python3.12/site-packages/airflow/example_dags/example_skip_dag.py
[2024-10-22T14:51:25.649+0000] {logging_mixin.py:188} INFO - [2024-10-22T14:51:25.649+0000] {dag.py:3089} INFO - Sync 1 DAGs
[2024-10-22T14:51:25.664+0000] {logging_mixin.py:188} INFO - [2024-10-22T14:51:25.664+0000] {dag.py:3947} INFO - Setting next_dagrun for example_skip_dag to 2024-10-21 00:00:00+00:00, run_after=2024-10-22 00:00:00+00:00
[2024-10-22T14:51:25.677+0000] {processor.py:183} INFO - Processing /home/airflow/.local/lib/python3.12/site-packages/airflow/example_dags/example_skip_dag.py took 0.055 seconds
[2024-10-22T14:51:56.055+0000] {processor.py:161} INFO - Started process (PID=5099) to work on /home/airflow/.local/lib/python3.12/site-packages/airflow/example_dags/example_skip_dag.py
[2024-10-22T14:51:56.055+0000] {processor.py:830} INFO - Processing file /home/airflow/.local/lib/python3.12/site-packages/airflow/example_dags/example_skip_dag.py for tasks to queue
[2024-10-22T14:51:56.057+0000] {logging_mixin.py:188} INFO - [2024-10-22T14:51:56.056+0000] {dagbag.py:545} INFO - Filling up the DagBag from /home/airflow/.local/lib/python3.12/site-packages/airflow/example_dags/example_skip_dag.py
[2024-10-22T14:51:56.061+0000] {processor.py:840} INFO - DAG(s) 'example_skip_dag' retrieved from /home/airflow/.local/lib/python3.12/site-packages/airflow/example_dags/example_skip_dag.py
[2024-10-22T14:51:56.075+0000] {logging_mixin.py:188} INFO - [2024-10-22T14:51:56.075+0000] {dag.py:3089} INFO - Sync 1 DAGs
[2024-10-22T14:51:56.090+0000] {logging_mixin.py:188} INFO - [2024-10-22T14:51:56.089+0000] {dag.py:3947} INFO - Setting next_dagrun for example_skip_dag to 2024-10-21 00:00:00+00:00, run_after=2024-10-22 00:00:00+00:00
[2024-10-22T14:51:56.101+0000] {processor.py:183} INFO - Processing /home/airflow/.local/lib/python3.12/site-packages/airflow/example_dags/example_skip_dag.py took 0.050 seconds
[2024-10-22T14:52:26.433+0000] {processor.py:161} INFO - Started process (PID=5366) to work on /home/airflow/.local/lib/python3.12/site-packages/airflow/example_dags/example_skip_dag.py
[2024-10-22T14:52:26.434+0000] {processor.py:830} INFO - Processing file /home/airflow/.local/lib/python3.12/site-packages/airflow/example_dags/example_skip_dag.py for tasks to queue
[2024-10-22T14:52:26.435+0000] {logging_mixin.py:188} INFO - [2024-10-22T14:52:26.435+0000] {dagbag.py:545} INFO - Filling up the DagBag from /home/airflow/.local/lib/python3.12/site-packages/airflow/example_dags/example_skip_dag.py
[2024-10-22T14:52:26.440+0000] {processor.py:840} INFO - DAG(s) 'example_skip_dag' retrieved from /home/airflow/.local/lib/python3.12/site-packages/airflow/example_dags/example_skip_dag.py
[2024-10-22T14:52:26.457+0000] {logging_mixin.py:188} INFO - [2024-10-22T14:52:26.457+0000] {dag.py:3089} INFO - Sync 1 DAGs
[2024-10-22T14:52:26.471+0000] {logging_mixin.py:188} INFO - [2024-10-22T14:52:26.471+0000] {dag.py:3947} INFO - Setting next_dagrun for example_skip_dag to 2024-10-21 00:00:00+00:00, run_after=2024-10-22 00:00:00+00:00
[2024-10-22T14:52:26.484+0000] {processor.py:183} INFO - Processing /home/airflow/.local/lib/python3.12/site-packages/airflow/example_dags/example_skip_dag.py took 0.055 seconds
[2024-10-22T14:52:56.771+0000] {processor.py:161} INFO - Started process (PID=5636) to work on /home/airflow/.local/lib/python3.12/site-packages/airflow/example_dags/example_skip_dag.py
[2024-10-22T14:52:56.772+0000] {processor.py:830} INFO - Processing file /home/airflow/.local/lib/python3.12/site-packages/airflow/example_dags/example_skip_dag.py for tasks to queue
[2024-10-22T14:52:56.773+0000] {logging_mixin.py:188} INFO - [2024-10-22T14:52:56.773+0000] {dagbag.py:545} INFO - Filling up the DagBag from /home/airflow/.local/lib/python3.12/site-packages/airflow/example_dags/example_skip_dag.py
[2024-10-22T14:52:56.778+0000] {processor.py:840} INFO - DAG(s) 'example_skip_dag' retrieved from /home/airflow/.local/lib/python3.12/site-packages/airflow/example_dags/example_skip_dag.py
[2024-10-22T14:52:56.792+0000] {logging_mixin.py:188} INFO - [2024-10-22T14:52:56.792+0000] {dag.py:3089} INFO - Sync 1 DAGs
[2024-10-22T14:52:56.805+0000] {logging_mixin.py:188} INFO - [2024-10-22T14:52:56.805+0000] {dag.py:3947} INFO - Setting next_dagrun for example_skip_dag to 2024-10-21 00:00:00+00:00, run_after=2024-10-22 00:00:00+00:00
[2024-10-22T14:52:56.817+0000] {processor.py:183} INFO - Processing /home/airflow/.local/lib/python3.12/site-packages/airflow/example_dags/example_skip_dag.py took 0.050 seconds
[2024-10-22T14:53:27.077+0000] {processor.py:161} INFO - Started process (PID=5903) to work on /home/airflow/.local/lib/python3.12/site-packages/airflow/example_dags/example_skip_dag.py
[2024-10-22T14:53:27.078+0000] {processor.py:830} INFO - Processing file /home/airflow/.local/lib/python3.12/site-packages/airflow/example_dags/example_skip_dag.py for tasks to queue
[2024-10-22T14:53:27.079+0000] {logging_mixin.py:188} INFO - [2024-10-22T14:53:27.079+0000] {dagbag.py:545} INFO - Filling up the DagBag from /home/airflow/.local/lib/python3.12/site-packages/airflow/example_dags/example_skip_dag.py
[2024-10-22T14:53:27.084+0000] {processor.py:840} INFO - DAG(s) 'example_skip_dag' retrieved from /home/airflow/.local/lib/python3.12/site-packages/airflow/example_dags/example_skip_dag.py
[2024-10-22T14:53:27.099+0000] {logging_mixin.py:188} INFO - [2024-10-22T14:53:27.099+0000] {dag.py:3089} INFO - Sync 1 DAGs
[2024-10-22T14:53:27.113+0000] {logging_mixin.py:188} INFO - [2024-10-22T14:53:27.113+0000] {dag.py:3947} INFO - Setting next_dagrun for example_skip_dag to 2024-10-21 00:00:00+00:00, run_after=2024-10-22 00:00:00+00:00
[2024-10-22T14:53:27.125+0000] {processor.py:183} INFO - Processing /home/airflow/.local/lib/python3.12/site-packages/airflow/example_dags/example_skip_dag.py took 0.052 seconds
[2024-10-22T14:53:57.531+0000] {processor.py:161} INFO - Started process (PID=6170) to work on /home/airflow/.local/lib/python3.12/site-packages/airflow/example_dags/example_skip_dag.py
[2024-10-22T14:53:57.531+0000] {processor.py:830} INFO - Processing file /home/airflow/.local/lib/python3.12/site-packages/airflow/example_dags/example_skip_dag.py for tasks to queue
[2024-10-22T14:53:57.533+0000] {logging_mixin.py:188} INFO - [2024-10-22T14:53:57.532+0000] {dagbag.py:545} INFO - Filling up the DagBag from /home/airflow/.local/lib/python3.12/site-packages/airflow/example_dags/example_skip_dag.py
[2024-10-22T14:53:57.537+0000] {processor.py:840} INFO - DAG(s) 'example_skip_dag' retrieved from /home/airflow/.local/lib/python3.12/site-packages/airflow/example_dags/example_skip_dag.py
[2024-10-22T14:53:57.552+0000] {logging_mixin.py:188} INFO - [2024-10-22T14:53:57.552+0000] {dag.py:3089} INFO - Sync 1 DAGs
[2024-10-22T14:53:57.565+0000] {logging_mixin.py:188} INFO - [2024-10-22T14:53:57.565+0000] {dag.py:3947} INFO - Setting next_dagrun for example_skip_dag to 2024-10-21 00:00:00+00:00, run_after=2024-10-22 00:00:00+00:00
[2024-10-22T14:53:57.577+0000] {processor.py:183} INFO - Processing /home/airflow/.local/lib/python3.12/site-packages/airflow/example_dags/example_skip_dag.py took 0.050 seconds
[2024-10-22T14:54:27.857+0000] {processor.py:161} INFO - Started process (PID=6437) to work on /home/airflow/.local/lib/python3.12/site-packages/airflow/example_dags/example_skip_dag.py
[2024-10-22T14:54:27.858+0000] {processor.py:830} INFO - Processing file /home/airflow/.local/lib/python3.12/site-packages/airflow/example_dags/example_skip_dag.py for tasks to queue
[2024-10-22T14:54:27.859+0000] {logging_mixin.py:188} INFO - [2024-10-22T14:54:27.859+0000] {dagbag.py:545} INFO - Filling up the DagBag from /home/airflow/.local/lib/python3.12/site-packages/airflow/example_dags/example_skip_dag.py
[2024-10-22T14:54:27.864+0000] {processor.py:840} INFO - DAG(s) 'example_skip_dag' retrieved from /home/airflow/.local/lib/python3.12/site-packages/airflow/example_dags/example_skip_dag.py
[2024-10-22T14:54:27.879+0000] {logging_mixin.py:188} INFO - [2024-10-22T14:54:27.878+0000] {dag.py:3089} INFO - Sync 1 DAGs
[2024-10-22T14:54:27.892+0000] {logging_mixin.py:188} INFO - [2024-10-22T14:54:27.892+0000] {dag.py:3947} INFO - Setting next_dagrun for example_skip_dag to 2024-10-21 00:00:00+00:00, run_after=2024-10-22 00:00:00+00:00
[2024-10-22T14:54:27.904+0000] {processor.py:183} INFO - Processing /home/airflow/.local/lib/python3.12/site-packages/airflow/example_dags/example_skip_dag.py took 0.051 seconds
[2024-10-22T14:54:58.524+0000] {processor.py:161} INFO - Started process (PID=6706) to work on /home/airflow/.local/lib/python3.12/site-packages/airflow/example_dags/example_skip_dag.py
[2024-10-22T14:54:58.525+0000] {processor.py:830} INFO - Processing file /home/airflow/.local/lib/python3.12/site-packages/airflow/example_dags/example_skip_dag.py for tasks to queue
[2024-10-22T14:54:58.526+0000] {logging_mixin.py:188} INFO - [2024-10-22T14:54:58.526+0000] {dagbag.py:545} INFO - Filling up the DagBag from /home/airflow/.local/lib/python3.12/site-packages/airflow/example_dags/example_skip_dag.py
[2024-10-22T14:54:58.530+0000] {processor.py:840} INFO - DAG(s) 'example_skip_dag' retrieved from /home/airflow/.local/lib/python3.12/site-packages/airflow/example_dags/example_skip_dag.py
[2024-10-22T14:54:58.545+0000] {logging_mixin.py:188} INFO - [2024-10-22T14:54:58.545+0000] {dag.py:3089} INFO - Sync 1 DAGs
[2024-10-22T14:54:58.560+0000] {logging_mixin.py:188} INFO - [2024-10-22T14:54:58.559+0000] {dag.py:3947} INFO - Setting next_dagrun for example_skip_dag to 2024-10-21 00:00:00+00:00, run_after=2024-10-22 00:00:00+00:00
[2024-10-22T14:54:58.571+0000] {processor.py:183} INFO - Processing /home/airflow/.local/lib/python3.12/site-packages/airflow/example_dags/example_skip_dag.py took 0.052 seconds
[2024-10-22T14:55:28.850+0000] {processor.py:161} INFO - Started process (PID=6972) to work on /home/airflow/.local/lib/python3.12/site-packages/airflow/example_dags/example_skip_dag.py
[2024-10-22T14:55:28.850+0000] {processor.py:830} INFO - Processing file /home/airflow/.local/lib/python3.12/site-packages/airflow/example_dags/example_skip_dag.py for tasks to queue
[2024-10-22T14:55:28.852+0000] {logging_mixin.py:188} INFO - [2024-10-22T14:55:28.851+0000] {dagbag.py:545} INFO - Filling up the DagBag from /home/airflow/.local/lib/python3.12/site-packages/airflow/example_dags/example_skip_dag.py
[2024-10-22T14:55:28.856+0000] {processor.py:840} INFO - DAG(s) 'example_skip_dag' retrieved from /home/airflow/.local/lib/python3.12/site-packages/airflow/example_dags/example_skip_dag.py
[2024-10-22T14:55:28.871+0000] {logging_mixin.py:188} INFO - [2024-10-22T14:55:28.871+0000] {dag.py:3089} INFO - Sync 1 DAGs
[2024-10-22T14:55:28.886+0000] {logging_mixin.py:188} INFO - [2024-10-22T14:55:28.886+0000] {dag.py:3947} INFO - Setting next_dagrun for example_skip_dag to 2024-10-21 00:00:00+00:00, run_after=2024-10-22 00:00:00+00:00
[2024-10-22T14:55:29.018+0000] {processor.py:183} INFO - Processing /home/airflow/.local/lib/python3.12/site-packages/airflow/example_dags/example_skip_dag.py took 0.173 seconds
[2024-10-22T14:55:59.833+0000] {processor.py:161} INFO - Started process (PID=7241) to work on /home/airflow/.local/lib/python3.12/site-packages/airflow/example_dags/example_skip_dag.py
[2024-10-22T14:55:59.833+0000] {processor.py:830} INFO - Processing file /home/airflow/.local/lib/python3.12/site-packages/airflow/example_dags/example_skip_dag.py for tasks to queue
[2024-10-22T14:55:59.835+0000] {logging_mixin.py:188} INFO - [2024-10-22T14:55:59.834+0000] {dagbag.py:545} INFO - Filling up the DagBag from /home/airflow/.local/lib/python3.12/site-packages/airflow/example_dags/example_skip_dag.py
[2024-10-22T14:55:59.839+0000] {processor.py:840} INFO - DAG(s) 'example_skip_dag' retrieved from /home/airflow/.local/lib/python3.12/site-packages/airflow/example_dags/example_skip_dag.py
[2024-10-22T14:55:59.855+0000] {logging_mixin.py:188} INFO - [2024-10-22T14:55:59.855+0000] {dag.py:3089} INFO - Sync 1 DAGs
[2024-10-22T14:55:59.871+0000] {logging_mixin.py:188} INFO - [2024-10-22T14:55:59.871+0000] {dag.py:3947} INFO - Setting next_dagrun for example_skip_dag to 2024-10-21 00:00:00+00:00, run_after=2024-10-22 00:00:00+00:00
[2024-10-22T14:55:59.884+0000] {processor.py:183} INFO - Processing /home/airflow/.local/lib/python3.12/site-packages/airflow/example_dags/example_skip_dag.py took 0.056 seconds
[2024-10-22T14:56:30.554+0000] {processor.py:161} INFO - Started process (PID=7508) to work on /home/airflow/.local/lib/python3.12/site-packages/airflow/example_dags/example_skip_dag.py
[2024-10-22T14:56:30.555+0000] {processor.py:830} INFO - Processing file /home/airflow/.local/lib/python3.12/site-packages/airflow/example_dags/example_skip_dag.py for tasks to queue
[2024-10-22T14:56:30.556+0000] {logging_mixin.py:188} INFO - [2024-10-22T14:56:30.556+0000] {dagbag.py:545} INFO - Filling up the DagBag from /home/airflow/.local/lib/python3.12/site-packages/airflow/example_dags/example_skip_dag.py
[2024-10-22T14:56:30.561+0000] {processor.py:840} INFO - DAG(s) 'example_skip_dag' retrieved from /home/airflow/.local/lib/python3.12/site-packages/airflow/example_dags/example_skip_dag.py
[2024-10-22T14:56:30.575+0000] {logging_mixin.py:188} INFO - [2024-10-22T14:56:30.574+0000] {dag.py:3089} INFO - Sync 1 DAGs
[2024-10-22T14:56:30.589+0000] {logging_mixin.py:188} INFO - [2024-10-22T14:56:30.589+0000] {dag.py:3947} INFO - Setting next_dagrun for example_skip_dag to 2024-10-21 00:00:00+00:00, run_after=2024-10-22 00:00:00+00:00
[2024-10-22T14:56:30.601+0000] {processor.py:183} INFO - Processing /home/airflow/.local/lib/python3.12/site-packages/airflow/example_dags/example_skip_dag.py took 0.051 seconds
[2024-10-22T14:57:00.731+0000] {processor.py:161} INFO - Started process (PID=7775) to work on /home/airflow/.local/lib/python3.12/site-packages/airflow/example_dags/example_skip_dag.py
[2024-10-22T14:57:00.732+0000] {processor.py:830} INFO - Processing file /home/airflow/.local/lib/python3.12/site-packages/airflow/example_dags/example_skip_dag.py for tasks to queue
[2024-10-22T14:57:00.733+0000] {logging_mixin.py:188} INFO - [2024-10-22T14:57:00.733+0000] {dagbag.py:545} INFO - Filling up the DagBag from /home/airflow/.local/lib/python3.12/site-packages/airflow/example_dags/example_skip_dag.py
[2024-10-22T14:57:00.738+0000] {processor.py:840} INFO - DAG(s) 'example_skip_dag' retrieved from /home/airflow/.local/lib/python3.12/site-packages/airflow/example_dags/example_skip_dag.py
[2024-10-22T14:57:00.752+0000] {logging_mixin.py:188} INFO - [2024-10-22T14:57:00.752+0000] {dag.py:3089} INFO - Sync 1 DAGs
[2024-10-22T14:57:00.767+0000] {logging_mixin.py:188} INFO - [2024-10-22T14:57:00.767+0000] {dag.py:3947} INFO - Setting next_dagrun for example_skip_dag to 2024-10-21 00:00:00+00:00, run_after=2024-10-22 00:00:00+00:00
[2024-10-22T14:57:00.779+0000] {processor.py:183} INFO - Processing /home/airflow/.local/lib/python3.12/site-packages/airflow/example_dags/example_skip_dag.py took 0.052 seconds
[2024-10-22T14:57:31.368+0000] {processor.py:161} INFO - Started process (PID=8040) to work on /home/airflow/.local/lib/python3.12/site-packages/airflow/example_dags/example_skip_dag.py
[2024-10-22T14:57:31.369+0000] {processor.py:830} INFO - Processing file /home/airflow/.local/lib/python3.12/site-packages/airflow/example_dags/example_skip_dag.py for tasks to queue
[2024-10-22T14:57:31.370+0000] {logging_mixin.py:188} INFO - [2024-10-22T14:57:31.370+0000] {dagbag.py:545} INFO - Filling up the DagBag from /home/airflow/.local/lib/python3.12/site-packages/airflow/example_dags/example_skip_dag.py
[2024-10-22T14:57:31.484+0000] {processor.py:840} INFO - DAG(s) 'example_skip_dag' retrieved from /home/airflow/.local/lib/python3.12/site-packages/airflow/example_dags/example_skip_dag.py
[2024-10-22T14:57:31.496+0000] {logging_mixin.py:188} INFO - [2024-10-22T14:57:31.496+0000] {dag.py:3089} INFO - Sync 1 DAGs
[2024-10-22T14:57:31.509+0000] {logging_mixin.py:188} INFO - [2024-10-22T14:57:31.509+0000] {dag.py:3947} INFO - Setting next_dagrun for example_skip_dag to 2024-10-21 00:00:00+00:00, run_after=2024-10-22 00:00:00+00:00
[2024-10-22T14:57:31.522+0000] {processor.py:183} INFO - Processing /home/airflow/.local/lib/python3.12/site-packages/airflow/example_dags/example_skip_dag.py took 0.158 seconds
