[2024-10-22T14:00:14.870+0000] {processor.py:161} INFO - Started process (PID=330) to work on /home/airflow/.local/lib/python3.12/site-packages/airflow/example_dags/example_bash_operator.py
[2024-10-22T14:00:14.870+0000] {processor.py:830} INFO - Processing file /home/airflow/.local/lib/python3.12/site-packages/airflow/example_dags/example_bash_operator.py for tasks to queue
[2024-10-22T14:00:14.872+0000] {logging_mixin.py:188} INFO - [2024-10-22T14:00:14.871+0000] {dagbag.py:545} INFO - Filling up the DagBag from /home/airflow/.local/lib/python3.12/site-packages/airflow/example_dags/example_bash_operator.py
[2024-10-22T14:00:14.882+0000] {processor.py:840} INFO - DAG(s) 'example_bash_operator' retrieved from /home/airflow/.local/lib/python3.12/site-packages/airflow/example_dags/example_bash_operator.py
[2024-10-22T14:00:14.972+0000] {logging_mixin.py:188} INFO - [2024-10-22T14:00:14.971+0000] {override.py:1858} INFO - Created Permission View: can delete on DAG:example_bash_operator
[2024-10-22T14:00:14.980+0000] {logging_mixin.py:188} INFO - [2024-10-22T14:00:14.980+0000] {override.py:1858} INFO - Created Permission View: can edit on DAG:example_bash_operator
[2024-10-22T14:00:14.985+0000] {logging_mixin.py:188} INFO - [2024-10-22T14:00:14.985+0000] {override.py:1858} INFO - Created Permission View: can read on DAG:example_bash_operator
[2024-10-22T14:00:14.986+0000] {logging_mixin.py:188} INFO - [2024-10-22T14:00:14.986+0000] {dag.py:3089} INFO - Sync 1 DAGs
[2024-10-22T14:00:14.994+0000] {logging_mixin.py:188} INFO - [2024-10-22T14:00:14.994+0000] {dag.py:3111} INFO - Creating ORM DAG for example_bash_operator
[2024-10-22T14:00:15.003+0000] {logging_mixin.py:188} INFO - [2024-10-22T14:00:15.003+0000] {dag.py:3947} INFO - Setting next_dagrun for example_bash_operator to 2024-10-21 00:00:00+00:00, run_after=2024-10-22 00:00:00+00:00
[2024-10-22T14:00:15.018+0000] {processor.py:183} INFO - Processing /home/airflow/.local/lib/python3.12/site-packages/airflow/example_dags/example_bash_operator.py took 0.152 seconds
[2024-10-22T14:00:45.431+0000] {processor.py:161} INFO - Started process (PID=597) to work on /home/airflow/.local/lib/python3.12/site-packages/airflow/example_dags/example_bash_operator.py
[2024-10-22T14:00:45.432+0000] {processor.py:830} INFO - Processing file /home/airflow/.local/lib/python3.12/site-packages/airflow/example_dags/example_bash_operator.py for tasks to queue
[2024-10-22T14:00:45.433+0000] {logging_mixin.py:188} INFO - [2024-10-22T14:00:45.433+0000] {dagbag.py:545} INFO - Filling up the DagBag from /home/airflow/.local/lib/python3.12/site-packages/airflow/example_dags/example_bash_operator.py
[2024-10-22T14:00:45.441+0000] {processor.py:840} INFO - DAG(s) 'example_bash_operator' retrieved from /home/airflow/.local/lib/python3.12/site-packages/airflow/example_dags/example_bash_operator.py
[2024-10-22T14:00:45.459+0000] {logging_mixin.py:188} INFO - [2024-10-22T14:00:45.459+0000] {dag.py:3089} INFO - Sync 1 DAGs
[2024-10-22T14:00:45.476+0000] {logging_mixin.py:188} INFO - [2024-10-22T14:00:45.475+0000] {dag.py:3947} INFO - Setting next_dagrun for example_bash_operator to 2024-10-21 00:00:00+00:00, run_after=2024-10-22 00:00:00+00:00
[2024-10-22T14:00:45.490+0000] {processor.py:183} INFO - Processing /home/airflow/.local/lib/python3.12/site-packages/airflow/example_dags/example_bash_operator.py took 0.062 seconds
[2024-10-22T14:01:15.759+0000] {processor.py:161} INFO - Started process (PID=864) to work on /home/airflow/.local/lib/python3.12/site-packages/airflow/example_dags/example_bash_operator.py
[2024-10-22T14:01:15.760+0000] {processor.py:830} INFO - Processing file /home/airflow/.local/lib/python3.12/site-packages/airflow/example_dags/example_bash_operator.py for tasks to queue
[2024-10-22T14:01:15.761+0000] {logging_mixin.py:188} INFO - [2024-10-22T14:01:15.761+0000] {dagbag.py:545} INFO - Filling up the DagBag from /home/airflow/.local/lib/python3.12/site-packages/airflow/example_dags/example_bash_operator.py
[2024-10-22T14:01:15.769+0000] {processor.py:840} INFO - DAG(s) 'example_bash_operator' retrieved from /home/airflow/.local/lib/python3.12/site-packages/airflow/example_dags/example_bash_operator.py
[2024-10-22T14:01:15.804+0000] {logging_mixin.py:188} INFO - [2024-10-22T14:01:15.804+0000] {dag.py:3089} INFO - Sync 1 DAGs
[2024-10-22T14:01:15.821+0000] {logging_mixin.py:188} INFO - [2024-10-22T14:01:15.821+0000] {dag.py:3947} INFO - Setting next_dagrun for example_bash_operator to 2024-10-21 00:00:00+00:00, run_after=2024-10-22 00:00:00+00:00
[2024-10-22T14:01:15.837+0000] {processor.py:183} INFO - Processing /home/airflow/.local/lib/python3.12/site-packages/airflow/example_dags/example_bash_operator.py took 0.082 seconds
[2024-10-22T14:01:46.117+0000] {processor.py:161} INFO - Started process (PID=1131) to work on /home/airflow/.local/lib/python3.12/site-packages/airflow/example_dags/example_bash_operator.py
[2024-10-22T14:01:46.118+0000] {processor.py:830} INFO - Processing file /home/airflow/.local/lib/python3.12/site-packages/airflow/example_dags/example_bash_operator.py for tasks to queue
[2024-10-22T14:01:46.120+0000] {logging_mixin.py:188} INFO - [2024-10-22T14:01:46.119+0000] {dagbag.py:545} INFO - Filling up the DagBag from /home/airflow/.local/lib/python3.12/site-packages/airflow/example_dags/example_bash_operator.py
[2024-10-22T14:01:46.128+0000] {processor.py:840} INFO - DAG(s) 'example_bash_operator' retrieved from /home/airflow/.local/lib/python3.12/site-packages/airflow/example_dags/example_bash_operator.py
[2024-10-22T14:01:46.149+0000] {logging_mixin.py:188} INFO - [2024-10-22T14:01:46.148+0000] {dag.py:3089} INFO - Sync 1 DAGs
[2024-10-22T14:01:46.165+0000] {logging_mixin.py:188} INFO - [2024-10-22T14:01:46.165+0000] {dag.py:3947} INFO - Setting next_dagrun for example_bash_operator to 2024-10-21 00:00:00+00:00, run_after=2024-10-22 00:00:00+00:00
[2024-10-22T14:01:46.179+0000] {processor.py:183} INFO - Processing /home/airflow/.local/lib/python3.12/site-packages/airflow/example_dags/example_bash_operator.py took 0.065 seconds
[2024-10-22T14:02:16.445+0000] {processor.py:161} INFO - Started process (PID=1398) to work on /home/airflow/.local/lib/python3.12/site-packages/airflow/example_dags/example_bash_operator.py
[2024-10-22T14:02:16.446+0000] {processor.py:830} INFO - Processing file /home/airflow/.local/lib/python3.12/site-packages/airflow/example_dags/example_bash_operator.py for tasks to queue
[2024-10-22T14:02:16.447+0000] {logging_mixin.py:188} INFO - [2024-10-22T14:02:16.447+0000] {dagbag.py:545} INFO - Filling up the DagBag from /home/airflow/.local/lib/python3.12/site-packages/airflow/example_dags/example_bash_operator.py
[2024-10-22T14:02:16.462+0000] {processor.py:840} INFO - DAG(s) 'example_bash_operator' retrieved from /home/airflow/.local/lib/python3.12/site-packages/airflow/example_dags/example_bash_operator.py
[2024-10-22T14:02:16.487+0000] {logging_mixin.py:188} INFO - [2024-10-22T14:02:16.487+0000] {dag.py:3089} INFO - Sync 1 DAGs
[2024-10-22T14:02:16.509+0000] {logging_mixin.py:188} INFO - [2024-10-22T14:02:16.509+0000] {dag.py:3947} INFO - Setting next_dagrun for example_bash_operator to 2024-10-21 00:00:00+00:00, run_after=2024-10-22 00:00:00+00:00
[2024-10-22T14:02:16.530+0000] {processor.py:183} INFO - Processing /home/airflow/.local/lib/python3.12/site-packages/airflow/example_dags/example_bash_operator.py took 0.090 seconds
[2024-10-22T14:02:46.702+0000] {processor.py:161} INFO - Started process (PID=1665) to work on /home/airflow/.local/lib/python3.12/site-packages/airflow/example_dags/example_bash_operator.py
[2024-10-22T14:02:46.703+0000] {processor.py:830} INFO - Processing file /home/airflow/.local/lib/python3.12/site-packages/airflow/example_dags/example_bash_operator.py for tasks to queue
[2024-10-22T14:02:46.704+0000] {logging_mixin.py:188} INFO - [2024-10-22T14:02:46.704+0000] {dagbag.py:545} INFO - Filling up the DagBag from /home/airflow/.local/lib/python3.12/site-packages/airflow/example_dags/example_bash_operator.py
[2024-10-22T14:02:46.712+0000] {processor.py:840} INFO - DAG(s) 'example_bash_operator' retrieved from /home/airflow/.local/lib/python3.12/site-packages/airflow/example_dags/example_bash_operator.py
[2024-10-22T14:02:46.730+0000] {logging_mixin.py:188} INFO - [2024-10-22T14:02:46.730+0000] {dag.py:3089} INFO - Sync 1 DAGs
[2024-10-22T14:02:46.746+0000] {logging_mixin.py:188} INFO - [2024-10-22T14:02:46.746+0000] {dag.py:3947} INFO - Setting next_dagrun for example_bash_operator to 2024-10-21 00:00:00+00:00, run_after=2024-10-22 00:00:00+00:00
[2024-10-22T14:02:46.761+0000] {processor.py:183} INFO - Processing /home/airflow/.local/lib/python3.12/site-packages/airflow/example_dags/example_bash_operator.py took 0.062 seconds
[2024-10-22T14:03:16.965+0000] {processor.py:161} INFO - Started process (PID=1932) to work on /home/airflow/.local/lib/python3.12/site-packages/airflow/example_dags/example_bash_operator.py
[2024-10-22T14:03:16.966+0000] {processor.py:830} INFO - Processing file /home/airflow/.local/lib/python3.12/site-packages/airflow/example_dags/example_bash_operator.py for tasks to queue
[2024-10-22T14:03:16.967+0000] {logging_mixin.py:188} INFO - [2024-10-22T14:03:16.967+0000] {dagbag.py:545} INFO - Filling up the DagBag from /home/airflow/.local/lib/python3.12/site-packages/airflow/example_dags/example_bash_operator.py
[2024-10-22T14:03:16.974+0000] {processor.py:840} INFO - DAG(s) 'example_bash_operator' retrieved from /home/airflow/.local/lib/python3.12/site-packages/airflow/example_dags/example_bash_operator.py
[2024-10-22T14:03:16.992+0000] {logging_mixin.py:188} INFO - [2024-10-22T14:03:16.992+0000] {dag.py:3089} INFO - Sync 1 DAGs
[2024-10-22T14:03:17.008+0000] {logging_mixin.py:188} INFO - [2024-10-22T14:03:17.007+0000] {dag.py:3947} INFO - Setting next_dagrun for example_bash_operator to 2024-10-21 00:00:00+00:00, run_after=2024-10-22 00:00:00+00:00
[2024-10-22T14:03:17.020+0000] {processor.py:183} INFO - Processing /home/airflow/.local/lib/python3.12/site-packages/airflow/example_dags/example_bash_operator.py took 0.058 seconds
[2024-10-22T14:03:47.376+0000] {processor.py:161} INFO - Started process (PID=2201) to work on /home/airflow/.local/lib/python3.12/site-packages/airflow/example_dags/example_bash_operator.py
[2024-10-22T14:03:47.377+0000] {processor.py:830} INFO - Processing file /home/airflow/.local/lib/python3.12/site-packages/airflow/example_dags/example_bash_operator.py for tasks to queue
[2024-10-22T14:03:47.378+0000] {logging_mixin.py:188} INFO - [2024-10-22T14:03:47.378+0000] {dagbag.py:545} INFO - Filling up the DagBag from /home/airflow/.local/lib/python3.12/site-packages/airflow/example_dags/example_bash_operator.py
[2024-10-22T14:03:47.386+0000] {processor.py:840} INFO - DAG(s) 'example_bash_operator' retrieved from /home/airflow/.local/lib/python3.12/site-packages/airflow/example_dags/example_bash_operator.py
[2024-10-22T14:03:47.404+0000] {logging_mixin.py:188} INFO - [2024-10-22T14:03:47.404+0000] {dag.py:3089} INFO - Sync 1 DAGs
[2024-10-22T14:03:47.419+0000] {logging_mixin.py:188} INFO - [2024-10-22T14:03:47.418+0000] {dag.py:3947} INFO - Setting next_dagrun for example_bash_operator to 2024-10-21 00:00:00+00:00, run_after=2024-10-22 00:00:00+00:00
[2024-10-22T14:03:47.431+0000] {processor.py:183} INFO - Processing /home/airflow/.local/lib/python3.12/site-packages/airflow/example_dags/example_bash_operator.py took 0.059 seconds
[2024-10-22T14:34:25.910+0000] {processor.py:161} INFO - Started process (PID=330) to work on /home/airflow/.local/lib/python3.12/site-packages/airflow/example_dags/example_bash_operator.py
[2024-10-22T14:34:25.911+0000] {processor.py:830} INFO - Processing file /home/airflow/.local/lib/python3.12/site-packages/airflow/example_dags/example_bash_operator.py for tasks to queue
[2024-10-22T14:34:25.912+0000] {logging_mixin.py:188} INFO - [2024-10-22T14:34:25.912+0000] {dagbag.py:545} INFO - Filling up the DagBag from /home/airflow/.local/lib/python3.12/site-packages/airflow/example_dags/example_bash_operator.py
[2024-10-22T14:34:25.922+0000] {processor.py:840} INFO - DAG(s) 'example_bash_operator' retrieved from /home/airflow/.local/lib/python3.12/site-packages/airflow/example_dags/example_bash_operator.py
[2024-10-22T14:34:25.930+0000] {logging_mixin.py:188} INFO - [2024-10-22T14:34:25.930+0000] {dag.py:3089} INFO - Sync 1 DAGs
[2024-10-22T14:34:25.956+0000] {logging_mixin.py:188} INFO - [2024-10-22T14:34:25.955+0000] {dag.py:3947} INFO - Setting next_dagrun for example_bash_operator to 2024-10-21 00:00:00+00:00, run_after=2024-10-22 00:00:00+00:00
[2024-10-22T14:34:25.975+0000] {processor.py:183} INFO - Processing /home/airflow/.local/lib/python3.12/site-packages/airflow/example_dags/example_bash_operator.py took 0.069 seconds
[2024-10-22T14:34:57.746+0000] {processor.py:161} INFO - Started process (PID=597) to work on /home/airflow/.local/lib/python3.12/site-packages/airflow/example_dags/example_bash_operator.py
[2024-10-22T14:34:57.747+0000] {processor.py:830} INFO - Processing file /home/airflow/.local/lib/python3.12/site-packages/airflow/example_dags/example_bash_operator.py for tasks to queue
[2024-10-22T14:34:57.748+0000] {logging_mixin.py:188} INFO - [2024-10-22T14:34:57.748+0000] {dagbag.py:545} INFO - Filling up the DagBag from /home/airflow/.local/lib/python3.12/site-packages/airflow/example_dags/example_bash_operator.py
[2024-10-22T14:34:57.756+0000] {processor.py:840} INFO - DAG(s) 'example_bash_operator' retrieved from /home/airflow/.local/lib/python3.12/site-packages/airflow/example_dags/example_bash_operator.py
[2024-10-22T14:34:57.824+0000] {logging_mixin.py:188} INFO - [2024-10-22T14:34:57.824+0000] {dag.py:3089} INFO - Sync 1 DAGs
[2024-10-22T14:34:57.837+0000] {logging_mixin.py:188} INFO - [2024-10-22T14:34:57.837+0000] {dag.py:3947} INFO - Setting next_dagrun for example_bash_operator to 2024-10-21 00:00:00+00:00, run_after=2024-10-22 00:00:00+00:00
[2024-10-22T14:34:57.851+0000] {processor.py:183} INFO - Processing /home/airflow/.local/lib/python3.12/site-packages/airflow/example_dags/example_bash_operator.py took 0.109 seconds
[2024-10-22T14:35:28.495+0000] {processor.py:161} INFO - Started process (PID=864) to work on /home/airflow/.local/lib/python3.12/site-packages/airflow/example_dags/example_bash_operator.py
[2024-10-22T14:35:28.496+0000] {processor.py:830} INFO - Processing file /home/airflow/.local/lib/python3.12/site-packages/airflow/example_dags/example_bash_operator.py for tasks to queue
[2024-10-22T14:35:28.497+0000] {logging_mixin.py:188} INFO - [2024-10-22T14:35:28.497+0000] {dagbag.py:545} INFO - Filling up the DagBag from /home/airflow/.local/lib/python3.12/site-packages/airflow/example_dags/example_bash_operator.py
[2024-10-22T14:35:28.505+0000] {processor.py:840} INFO - DAG(s) 'example_bash_operator' retrieved from /home/airflow/.local/lib/python3.12/site-packages/airflow/example_dags/example_bash_operator.py
[2024-10-22T14:35:28.524+0000] {logging_mixin.py:188} INFO - [2024-10-22T14:35:28.524+0000] {dag.py:3089} INFO - Sync 1 DAGs
[2024-10-22T14:35:28.540+0000] {logging_mixin.py:188} INFO - [2024-10-22T14:35:28.540+0000] {dag.py:3947} INFO - Setting next_dagrun for example_bash_operator to 2024-10-21 00:00:00+00:00, run_after=2024-10-22 00:00:00+00:00
[2024-10-22T14:35:28.553+0000] {processor.py:183} INFO - Processing /home/airflow/.local/lib/python3.12/site-packages/airflow/example_dags/example_bash_operator.py took 0.062 seconds
[2024-10-22T14:35:58.677+0000] {processor.py:161} INFO - Started process (PID=1131) to work on /home/airflow/.local/lib/python3.12/site-packages/airflow/example_dags/example_bash_operator.py
[2024-10-22T14:35:58.678+0000] {processor.py:830} INFO - Processing file /home/airflow/.local/lib/python3.12/site-packages/airflow/example_dags/example_bash_operator.py for tasks to queue
[2024-10-22T14:35:58.679+0000] {logging_mixin.py:188} INFO - [2024-10-22T14:35:58.679+0000] {dagbag.py:545} INFO - Filling up the DagBag from /home/airflow/.local/lib/python3.12/site-packages/airflow/example_dags/example_bash_operator.py
[2024-10-22T14:35:58.687+0000] {processor.py:840} INFO - DAG(s) 'example_bash_operator' retrieved from /home/airflow/.local/lib/python3.12/site-packages/airflow/example_dags/example_bash_operator.py
[2024-10-22T14:35:58.706+0000] {logging_mixin.py:188} INFO - [2024-10-22T14:35:58.706+0000] {dag.py:3089} INFO - Sync 1 DAGs
[2024-10-22T14:35:58.720+0000] {logging_mixin.py:188} INFO - [2024-10-22T14:35:58.720+0000] {dag.py:3947} INFO - Setting next_dagrun for example_bash_operator to 2024-10-21 00:00:00+00:00, run_after=2024-10-22 00:00:00+00:00
[2024-10-22T14:35:58.734+0000] {processor.py:183} INFO - Processing /home/airflow/.local/lib/python3.12/site-packages/airflow/example_dags/example_bash_operator.py took 0.061 seconds
[2024-10-22T14:36:29.008+0000] {processor.py:161} INFO - Started process (PID=1398) to work on /home/airflow/.local/lib/python3.12/site-packages/airflow/example_dags/example_bash_operator.py
[2024-10-22T14:36:29.009+0000] {processor.py:830} INFO - Processing file /home/airflow/.local/lib/python3.12/site-packages/airflow/example_dags/example_bash_operator.py for tasks to queue
[2024-10-22T14:36:29.010+0000] {logging_mixin.py:188} INFO - [2024-10-22T14:36:29.010+0000] {dagbag.py:545} INFO - Filling up the DagBag from /home/airflow/.local/lib/python3.12/site-packages/airflow/example_dags/example_bash_operator.py
[2024-10-22T14:36:29.018+0000] {processor.py:840} INFO - DAG(s) 'example_bash_operator' retrieved from /home/airflow/.local/lib/python3.12/site-packages/airflow/example_dags/example_bash_operator.py
[2024-10-22T14:36:29.037+0000] {logging_mixin.py:188} INFO - [2024-10-22T14:36:29.037+0000] {dag.py:3089} INFO - Sync 1 DAGs
[2024-10-22T14:36:29.051+0000] {logging_mixin.py:188} INFO - [2024-10-22T14:36:29.051+0000] {dag.py:3947} INFO - Setting next_dagrun for example_bash_operator to 2024-10-21 00:00:00+00:00, run_after=2024-10-22 00:00:00+00:00
[2024-10-22T14:36:29.063+0000] {processor.py:183} INFO - Processing /home/airflow/.local/lib/python3.12/site-packages/airflow/example_dags/example_bash_operator.py took 0.059 seconds
[2024-10-22T14:36:59.146+0000] {processor.py:161} INFO - Started process (PID=1665) to work on /home/airflow/.local/lib/python3.12/site-packages/airflow/example_dags/example_bash_operator.py
[2024-10-22T14:36:59.146+0000] {processor.py:830} INFO - Processing file /home/airflow/.local/lib/python3.12/site-packages/airflow/example_dags/example_bash_operator.py for tasks to queue
[2024-10-22T14:36:59.148+0000] {logging_mixin.py:188} INFO - [2024-10-22T14:36:59.147+0000] {dagbag.py:545} INFO - Filling up the DagBag from /home/airflow/.local/lib/python3.12/site-packages/airflow/example_dags/example_bash_operator.py
[2024-10-22T14:36:59.156+0000] {processor.py:840} INFO - DAG(s) 'example_bash_operator' retrieved from /home/airflow/.local/lib/python3.12/site-packages/airflow/example_dags/example_bash_operator.py
[2024-10-22T14:36:59.176+0000] {logging_mixin.py:188} INFO - [2024-10-22T14:36:59.175+0000] {dag.py:3089} INFO - Sync 1 DAGs
[2024-10-22T14:36:59.190+0000] {logging_mixin.py:188} INFO - [2024-10-22T14:36:59.190+0000] {dag.py:3947} INFO - Setting next_dagrun for example_bash_operator to 2024-10-21 00:00:00+00:00, run_after=2024-10-22 00:00:00+00:00
[2024-10-22T14:36:59.202+0000] {processor.py:183} INFO - Processing /home/airflow/.local/lib/python3.12/site-packages/airflow/example_dags/example_bash_operator.py took 0.060 seconds
[2024-10-22T14:37:29.438+0000] {processor.py:161} INFO - Started process (PID=1932) to work on /home/airflow/.local/lib/python3.12/site-packages/airflow/example_dags/example_bash_operator.py
[2024-10-22T14:37:29.439+0000] {processor.py:830} INFO - Processing file /home/airflow/.local/lib/python3.12/site-packages/airflow/example_dags/example_bash_operator.py for tasks to queue
[2024-10-22T14:37:29.440+0000] {logging_mixin.py:188} INFO - [2024-10-22T14:37:29.440+0000] {dagbag.py:545} INFO - Filling up the DagBag from /home/airflow/.local/lib/python3.12/site-packages/airflow/example_dags/example_bash_operator.py
[2024-10-22T14:37:29.448+0000] {processor.py:840} INFO - DAG(s) 'example_bash_operator' retrieved from /home/airflow/.local/lib/python3.12/site-packages/airflow/example_dags/example_bash_operator.py
[2024-10-22T14:37:29.465+0000] {logging_mixin.py:188} INFO - [2024-10-22T14:37:29.465+0000] {dag.py:3089} INFO - Sync 1 DAGs
[2024-10-22T14:37:29.480+0000] {logging_mixin.py:188} INFO - [2024-10-22T14:37:29.480+0000] {dag.py:3947} INFO - Setting next_dagrun for example_bash_operator to 2024-10-21 00:00:00+00:00, run_after=2024-10-22 00:00:00+00:00
[2024-10-22T14:37:29.491+0000] {processor.py:183} INFO - Processing /home/airflow/.local/lib/python3.12/site-packages/airflow/example_dags/example_bash_operator.py took 0.057 seconds
[2024-10-22T14:37:59.666+0000] {processor.py:161} INFO - Started process (PID=2199) to work on /home/airflow/.local/lib/python3.12/site-packages/airflow/example_dags/example_bash_operator.py
[2024-10-22T14:37:59.667+0000] {processor.py:830} INFO - Processing file /home/airflow/.local/lib/python3.12/site-packages/airflow/example_dags/example_bash_operator.py for tasks to queue
[2024-10-22T14:37:59.668+0000] {logging_mixin.py:188} INFO - [2024-10-22T14:37:59.668+0000] {dagbag.py:545} INFO - Filling up the DagBag from /home/airflow/.local/lib/python3.12/site-packages/airflow/example_dags/example_bash_operator.py
[2024-10-22T14:37:59.676+0000] {processor.py:840} INFO - DAG(s) 'example_bash_operator' retrieved from /home/airflow/.local/lib/python3.12/site-packages/airflow/example_dags/example_bash_operator.py
[2024-10-22T14:37:59.694+0000] {logging_mixin.py:188} INFO - [2024-10-22T14:37:59.693+0000] {dag.py:3089} INFO - Sync 1 DAGs
[2024-10-22T14:37:59.708+0000] {logging_mixin.py:188} INFO - [2024-10-22T14:37:59.708+0000] {dag.py:3947} INFO - Setting next_dagrun for example_bash_operator to 2024-10-21 00:00:00+00:00, run_after=2024-10-22 00:00:00+00:00
[2024-10-22T14:37:59.721+0000] {processor.py:183} INFO - Processing /home/airflow/.local/lib/python3.12/site-packages/airflow/example_dags/example_bash_operator.py took 0.059 seconds
[2024-10-22T14:38:29.788+0000] {processor.py:161} INFO - Started process (PID=2466) to work on /home/airflow/.local/lib/python3.12/site-packages/airflow/example_dags/example_bash_operator.py
[2024-10-22T14:38:29.788+0000] {processor.py:830} INFO - Processing file /home/airflow/.local/lib/python3.12/site-packages/airflow/example_dags/example_bash_operator.py for tasks to queue
[2024-10-22T14:38:29.790+0000] {logging_mixin.py:188} INFO - [2024-10-22T14:38:29.789+0000] {dagbag.py:545} INFO - Filling up the DagBag from /home/airflow/.local/lib/python3.12/site-packages/airflow/example_dags/example_bash_operator.py
[2024-10-22T14:38:29.798+0000] {processor.py:840} INFO - DAG(s) 'example_bash_operator' retrieved from /home/airflow/.local/lib/python3.12/site-packages/airflow/example_dags/example_bash_operator.py
[2024-10-22T14:38:29.817+0000] {logging_mixin.py:188} INFO - [2024-10-22T14:38:29.816+0000] {dag.py:3089} INFO - Sync 1 DAGs
[2024-10-22T14:38:29.832+0000] {logging_mixin.py:188} INFO - [2024-10-22T14:38:29.832+0000] {dag.py:3947} INFO - Setting next_dagrun for example_bash_operator to 2024-10-21 00:00:00+00:00, run_after=2024-10-22 00:00:00+00:00
[2024-10-22T14:38:29.844+0000] {processor.py:183} INFO - Processing /home/airflow/.local/lib/python3.12/site-packages/airflow/example_dags/example_bash_operator.py took 0.061 seconds
[2024-10-22T14:39:00.302+0000] {processor.py:161} INFO - Started process (PID=2733) to work on /home/airflow/.local/lib/python3.12/site-packages/airflow/example_dags/example_bash_operator.py
[2024-10-22T14:39:00.302+0000] {processor.py:830} INFO - Processing file /home/airflow/.local/lib/python3.12/site-packages/airflow/example_dags/example_bash_operator.py for tasks to queue
[2024-10-22T14:39:00.304+0000] {logging_mixin.py:188} INFO - [2024-10-22T14:39:00.303+0000] {dagbag.py:545} INFO - Filling up the DagBag from /home/airflow/.local/lib/python3.12/site-packages/airflow/example_dags/example_bash_operator.py
[2024-10-22T14:39:00.311+0000] {processor.py:840} INFO - DAG(s) 'example_bash_operator' retrieved from /home/airflow/.local/lib/python3.12/site-packages/airflow/example_dags/example_bash_operator.py
[2024-10-22T14:39:00.328+0000] {logging_mixin.py:188} INFO - [2024-10-22T14:39:00.328+0000] {dag.py:3089} INFO - Sync 1 DAGs
[2024-10-22T14:39:00.342+0000] {logging_mixin.py:188} INFO - [2024-10-22T14:39:00.342+0000] {dag.py:3947} INFO - Setting next_dagrun for example_bash_operator to 2024-10-21 00:00:00+00:00, run_after=2024-10-22 00:00:00+00:00
[2024-10-22T14:39:00.354+0000] {processor.py:183} INFO - Processing /home/airflow/.local/lib/python3.12/site-packages/airflow/example_dags/example_bash_operator.py took 0.056 seconds
[2024-10-22T14:39:30.422+0000] {processor.py:161} INFO - Started process (PID=3000) to work on /home/airflow/.local/lib/python3.12/site-packages/airflow/example_dags/example_bash_operator.py
[2024-10-22T14:39:30.423+0000] {processor.py:830} INFO - Processing file /home/airflow/.local/lib/python3.12/site-packages/airflow/example_dags/example_bash_operator.py for tasks to queue
[2024-10-22T14:39:30.424+0000] {logging_mixin.py:188} INFO - [2024-10-22T14:39:30.424+0000] {dagbag.py:545} INFO - Filling up the DagBag from /home/airflow/.local/lib/python3.12/site-packages/airflow/example_dags/example_bash_operator.py
[2024-10-22T14:39:30.431+0000] {processor.py:840} INFO - DAG(s) 'example_bash_operator' retrieved from /home/airflow/.local/lib/python3.12/site-packages/airflow/example_dags/example_bash_operator.py
[2024-10-22T14:39:30.449+0000] {logging_mixin.py:188} INFO - [2024-10-22T14:39:30.449+0000] {dag.py:3089} INFO - Sync 1 DAGs
[2024-10-22T14:39:30.463+0000] {logging_mixin.py:188} INFO - [2024-10-22T14:39:30.463+0000] {dag.py:3947} INFO - Setting next_dagrun for example_bash_operator to 2024-10-21 00:00:00+00:00, run_after=2024-10-22 00:00:00+00:00
[2024-10-22T14:39:30.475+0000] {processor.py:183} INFO - Processing /home/airflow/.local/lib/python3.12/site-packages/airflow/example_dags/example_bash_operator.py took 0.056 seconds
[2024-10-22T14:40:00.686+0000] {processor.py:161} INFO - Started process (PID=3267) to work on /home/airflow/.local/lib/python3.12/site-packages/airflow/example_dags/example_bash_operator.py
[2024-10-22T14:40:00.687+0000] {processor.py:830} INFO - Processing file /home/airflow/.local/lib/python3.12/site-packages/airflow/example_dags/example_bash_operator.py for tasks to queue
[2024-10-22T14:40:00.688+0000] {logging_mixin.py:188} INFO - [2024-10-22T14:40:00.688+0000] {dagbag.py:545} INFO - Filling up the DagBag from /home/airflow/.local/lib/python3.12/site-packages/airflow/example_dags/example_bash_operator.py
[2024-10-22T14:40:00.696+0000] {processor.py:840} INFO - DAG(s) 'example_bash_operator' retrieved from /home/airflow/.local/lib/python3.12/site-packages/airflow/example_dags/example_bash_operator.py
[2024-10-22T14:40:00.714+0000] {logging_mixin.py:188} INFO - [2024-10-22T14:40:00.714+0000] {dag.py:3089} INFO - Sync 1 DAGs
[2024-10-22T14:40:00.728+0000] {logging_mixin.py:188} INFO - [2024-10-22T14:40:00.728+0000] {dag.py:3947} INFO - Setting next_dagrun for example_bash_operator to 2024-10-21 00:00:00+00:00, run_after=2024-10-22 00:00:00+00:00
[2024-10-22T14:40:00.740+0000] {processor.py:183} INFO - Processing /home/airflow/.local/lib/python3.12/site-packages/airflow/example_dags/example_bash_operator.py took 0.058 seconds
[2024-10-22T14:40:30.875+0000] {processor.py:161} INFO - Started process (PID=3534) to work on /home/airflow/.local/lib/python3.12/site-packages/airflow/example_dags/example_bash_operator.py
[2024-10-22T14:40:30.876+0000] {processor.py:830} INFO - Processing file /home/airflow/.local/lib/python3.12/site-packages/airflow/example_dags/example_bash_operator.py for tasks to queue
[2024-10-22T14:40:30.877+0000] {logging_mixin.py:188} INFO - [2024-10-22T14:40:30.877+0000] {dagbag.py:545} INFO - Filling up the DagBag from /home/airflow/.local/lib/python3.12/site-packages/airflow/example_dags/example_bash_operator.py
[2024-10-22T14:40:30.884+0000] {processor.py:840} INFO - DAG(s) 'example_bash_operator' retrieved from /home/airflow/.local/lib/python3.12/site-packages/airflow/example_dags/example_bash_operator.py
[2024-10-22T14:40:30.902+0000] {logging_mixin.py:188} INFO - [2024-10-22T14:40:30.902+0000] {dag.py:3089} INFO - Sync 1 DAGs
[2024-10-22T14:40:30.917+0000] {logging_mixin.py:188} INFO - [2024-10-22T14:40:30.917+0000] {dag.py:3947} INFO - Setting next_dagrun for example_bash_operator to 2024-10-21 00:00:00+00:00, run_after=2024-10-22 00:00:00+00:00
[2024-10-22T14:40:30.929+0000] {processor.py:183} INFO - Processing /home/airflow/.local/lib/python3.12/site-packages/airflow/example_dags/example_bash_operator.py took 0.058 seconds
[2024-10-22T14:41:01.083+0000] {processor.py:161} INFO - Started process (PID=3801) to work on /home/airflow/.local/lib/python3.12/site-packages/airflow/example_dags/example_bash_operator.py
[2024-10-22T14:41:01.084+0000] {processor.py:830} INFO - Processing file /home/airflow/.local/lib/python3.12/site-packages/airflow/example_dags/example_bash_operator.py for tasks to queue
[2024-10-22T14:41:01.085+0000] {logging_mixin.py:188} INFO - [2024-10-22T14:41:01.085+0000] {dagbag.py:545} INFO - Filling up the DagBag from /home/airflow/.local/lib/python3.12/site-packages/airflow/example_dags/example_bash_operator.py
[2024-10-22T14:41:01.093+0000] {processor.py:840} INFO - DAG(s) 'example_bash_operator' retrieved from /home/airflow/.local/lib/python3.12/site-packages/airflow/example_dags/example_bash_operator.py
[2024-10-22T14:41:01.111+0000] {logging_mixin.py:188} INFO - [2024-10-22T14:41:01.111+0000] {dag.py:3089} INFO - Sync 1 DAGs
[2024-10-22T14:41:01.126+0000] {logging_mixin.py:188} INFO - [2024-10-22T14:41:01.126+0000] {dag.py:3947} INFO - Setting next_dagrun for example_bash_operator to 2024-10-21 00:00:00+00:00, run_after=2024-10-22 00:00:00+00:00
[2024-10-22T14:41:01.139+0000] {processor.py:183} INFO - Processing /home/airflow/.local/lib/python3.12/site-packages/airflow/example_dags/example_bash_operator.py took 0.060 seconds
[2024-10-22T14:41:31.375+0000] {processor.py:161} INFO - Started process (PID=4070) to work on /home/airflow/.local/lib/python3.12/site-packages/airflow/example_dags/example_bash_operator.py
[2024-10-22T14:41:31.376+0000] {processor.py:830} INFO - Processing file /home/airflow/.local/lib/python3.12/site-packages/airflow/example_dags/example_bash_operator.py for tasks to queue
[2024-10-22T14:41:31.377+0000] {logging_mixin.py:188} INFO - [2024-10-22T14:41:31.377+0000] {dagbag.py:545} INFO - Filling up the DagBag from /home/airflow/.local/lib/python3.12/site-packages/airflow/example_dags/example_bash_operator.py
[2024-10-22T14:41:31.384+0000] {processor.py:840} INFO - DAG(s) 'example_bash_operator' retrieved from /home/airflow/.local/lib/python3.12/site-packages/airflow/example_dags/example_bash_operator.py
[2024-10-22T14:41:31.401+0000] {logging_mixin.py:188} INFO - [2024-10-22T14:41:31.401+0000] {dag.py:3089} INFO - Sync 1 DAGs
[2024-10-22T14:41:31.416+0000] {logging_mixin.py:188} INFO - [2024-10-22T14:41:31.415+0000] {dag.py:3947} INFO - Setting next_dagrun for example_bash_operator to 2024-10-21 00:00:00+00:00, run_after=2024-10-22 00:00:00+00:00
[2024-10-22T14:41:31.428+0000] {processor.py:183} INFO - Processing /home/airflow/.local/lib/python3.12/site-packages/airflow/example_dags/example_bash_operator.py took 0.056 seconds
[2024-10-22T14:42:01.562+0000] {processor.py:161} INFO - Started process (PID=4335) to work on /home/airflow/.local/lib/python3.12/site-packages/airflow/example_dags/example_bash_operator.py
[2024-10-22T14:42:01.562+0000] {processor.py:830} INFO - Processing file /home/airflow/.local/lib/python3.12/site-packages/airflow/example_dags/example_bash_operator.py for tasks to queue
[2024-10-22T14:42:01.564+0000] {logging_mixin.py:188} INFO - [2024-10-22T14:42:01.563+0000] {dagbag.py:545} INFO - Filling up the DagBag from /home/airflow/.local/lib/python3.12/site-packages/airflow/example_dags/example_bash_operator.py
[2024-10-22T14:42:01.571+0000] {processor.py:840} INFO - DAG(s) 'example_bash_operator' retrieved from /home/airflow/.local/lib/python3.12/site-packages/airflow/example_dags/example_bash_operator.py
[2024-10-22T14:42:01.589+0000] {logging_mixin.py:188} INFO - [2024-10-22T14:42:01.589+0000] {dag.py:3089} INFO - Sync 1 DAGs
[2024-10-22T14:42:01.604+0000] {logging_mixin.py:188} INFO - [2024-10-22T14:42:01.604+0000] {dag.py:3947} INFO - Setting next_dagrun for example_bash_operator to 2024-10-21 00:00:00+00:00, run_after=2024-10-22 00:00:00+00:00
[2024-10-22T14:42:01.615+0000] {processor.py:183} INFO - Processing /home/airflow/.local/lib/python3.12/site-packages/airflow/example_dags/example_bash_operator.py took 0.057 seconds
[2024-10-22T14:42:48.554+0000] {processor.py:161} INFO - Started process (PID=330) to work on /home/airflow/.local/lib/python3.12/site-packages/airflow/example_dags/example_bash_operator.py
[2024-10-22T14:42:48.555+0000] {processor.py:830} INFO - Processing file /home/airflow/.local/lib/python3.12/site-packages/airflow/example_dags/example_bash_operator.py for tasks to queue
[2024-10-22T14:42:48.556+0000] {logging_mixin.py:188} INFO - [2024-10-22T14:42:48.556+0000] {dagbag.py:545} INFO - Filling up the DagBag from /home/airflow/.local/lib/python3.12/site-packages/airflow/example_dags/example_bash_operator.py
[2024-10-22T14:42:48.565+0000] {processor.py:840} INFO - DAG(s) 'example_bash_operator' retrieved from /home/airflow/.local/lib/python3.12/site-packages/airflow/example_dags/example_bash_operator.py
[2024-10-22T14:42:48.574+0000] {logging_mixin.py:188} INFO - [2024-10-22T14:42:48.574+0000] {dag.py:3089} INFO - Sync 1 DAGs
[2024-10-22T14:42:48.591+0000] {logging_mixin.py:188} INFO - [2024-10-22T14:42:48.591+0000] {dag.py:3947} INFO - Setting next_dagrun for example_bash_operator to 2024-10-21 00:00:00+00:00, run_after=2024-10-22 00:00:00+00:00
[2024-10-22T14:42:48.604+0000] {processor.py:183} INFO - Processing /home/airflow/.local/lib/python3.12/site-packages/airflow/example_dags/example_bash_operator.py took 0.054 seconds
[2024-10-22T14:43:19.691+0000] {processor.py:161} INFO - Started process (PID=597) to work on /home/airflow/.local/lib/python3.12/site-packages/airflow/example_dags/example_bash_operator.py
[2024-10-22T14:43:19.692+0000] {processor.py:830} INFO - Processing file /home/airflow/.local/lib/python3.12/site-packages/airflow/example_dags/example_bash_operator.py for tasks to queue
[2024-10-22T14:43:19.693+0000] {logging_mixin.py:188} INFO - [2024-10-22T14:43:19.693+0000] {dagbag.py:545} INFO - Filling up the DagBag from /home/airflow/.local/lib/python3.12/site-packages/airflow/example_dags/example_bash_operator.py
[2024-10-22T14:43:19.701+0000] {processor.py:840} INFO - DAG(s) 'example_bash_operator' retrieved from /home/airflow/.local/lib/python3.12/site-packages/airflow/example_dags/example_bash_operator.py
[2024-10-22T14:43:19.777+0000] {logging_mixin.py:188} INFO - [2024-10-22T14:43:19.776+0000] {dag.py:3089} INFO - Sync 1 DAGs
[2024-10-22T14:43:19.791+0000] {logging_mixin.py:188} INFO - [2024-10-22T14:43:19.791+0000] {dag.py:3947} INFO - Setting next_dagrun for example_bash_operator to 2024-10-21 00:00:00+00:00, run_after=2024-10-22 00:00:00+00:00
[2024-10-22T14:43:19.803+0000] {processor.py:183} INFO - Processing /home/airflow/.local/lib/python3.12/site-packages/airflow/example_dags/example_bash_operator.py took 0.117 seconds
[2024-10-22T14:43:49.885+0000] {processor.py:161} INFO - Started process (PID=869) to work on /home/airflow/.local/lib/python3.12/site-packages/airflow/example_dags/example_bash_operator.py
[2024-10-22T14:43:49.886+0000] {processor.py:830} INFO - Processing file /home/airflow/.local/lib/python3.12/site-packages/airflow/example_dags/example_bash_operator.py for tasks to queue
[2024-10-22T14:43:49.887+0000] {logging_mixin.py:188} INFO - [2024-10-22T14:43:49.887+0000] {dagbag.py:545} INFO - Filling up the DagBag from /home/airflow/.local/lib/python3.12/site-packages/airflow/example_dags/example_bash_operator.py
[2024-10-22T14:43:49.895+0000] {processor.py:840} INFO - DAG(s) 'example_bash_operator' retrieved from /home/airflow/.local/lib/python3.12/site-packages/airflow/example_dags/example_bash_operator.py
[2024-10-22T14:43:49.913+0000] {logging_mixin.py:188} INFO - [2024-10-22T14:43:49.913+0000] {dag.py:3089} INFO - Sync 1 DAGs
[2024-10-22T14:43:49.927+0000] {logging_mixin.py:188} INFO - [2024-10-22T14:43:49.927+0000] {dag.py:3947} INFO - Setting next_dagrun for example_bash_operator to 2024-10-21 00:00:00+00:00, run_after=2024-10-22 00:00:00+00:00
[2024-10-22T14:43:49.938+0000] {processor.py:183} INFO - Processing /home/airflow/.local/lib/python3.12/site-packages/airflow/example_dags/example_bash_operator.py took 0.057 seconds
[2024-10-22T14:44:19.984+0000] {processor.py:161} INFO - Started process (PID=1136) to work on /home/airflow/.local/lib/python3.12/site-packages/airflow/example_dags/example_bash_operator.py
[2024-10-22T14:44:19.985+0000] {processor.py:830} INFO - Processing file /home/airflow/.local/lib/python3.12/site-packages/airflow/example_dags/example_bash_operator.py for tasks to queue
[2024-10-22T14:44:19.987+0000] {logging_mixin.py:188} INFO - [2024-10-22T14:44:19.986+0000] {dagbag.py:545} INFO - Filling up the DagBag from /home/airflow/.local/lib/python3.12/site-packages/airflow/example_dags/example_bash_operator.py
[2024-10-22T14:44:19.994+0000] {processor.py:840} INFO - DAG(s) 'example_bash_operator' retrieved from /home/airflow/.local/lib/python3.12/site-packages/airflow/example_dags/example_bash_operator.py
[2024-10-22T14:44:20.012+0000] {logging_mixin.py:188} INFO - [2024-10-22T14:44:20.012+0000] {dag.py:3089} INFO - Sync 1 DAGs
[2024-10-22T14:44:20.027+0000] {logging_mixin.py:188} INFO - [2024-10-22T14:44:20.027+0000] {dag.py:3947} INFO - Setting next_dagrun for example_bash_operator to 2024-10-21 00:00:00+00:00, run_after=2024-10-22 00:00:00+00:00
[2024-10-22T14:44:20.039+0000] {processor.py:183} INFO - Processing /home/airflow/.local/lib/python3.12/site-packages/airflow/example_dags/example_bash_operator.py took 0.059 seconds
[2024-10-22T14:44:50.071+0000] {processor.py:161} INFO - Started process (PID=1403) to work on /home/airflow/.local/lib/python3.12/site-packages/airflow/example_dags/example_bash_operator.py
[2024-10-22T14:44:50.072+0000] {processor.py:830} INFO - Processing file /home/airflow/.local/lib/python3.12/site-packages/airflow/example_dags/example_bash_operator.py for tasks to queue
[2024-10-22T14:44:50.073+0000] {logging_mixin.py:188} INFO - [2024-10-22T14:44:50.073+0000] {dagbag.py:545} INFO - Filling up the DagBag from /home/airflow/.local/lib/python3.12/site-packages/airflow/example_dags/example_bash_operator.py
[2024-10-22T14:44:50.080+0000] {processor.py:840} INFO - DAG(s) 'example_bash_operator' retrieved from /home/airflow/.local/lib/python3.12/site-packages/airflow/example_dags/example_bash_operator.py
[2024-10-22T14:44:50.099+0000] {logging_mixin.py:188} INFO - [2024-10-22T14:44:50.098+0000] {dag.py:3089} INFO - Sync 1 DAGs
[2024-10-22T14:44:50.114+0000] {logging_mixin.py:188} INFO - [2024-10-22T14:44:50.113+0000] {dag.py:3947} INFO - Setting next_dagrun for example_bash_operator to 2024-10-21 00:00:00+00:00, run_after=2024-10-22 00:00:00+00:00
[2024-10-22T14:44:50.126+0000] {processor.py:183} INFO - Processing /home/airflow/.local/lib/python3.12/site-packages/airflow/example_dags/example_bash_operator.py took 0.059 seconds
[2024-10-22T14:45:20.474+0000] {processor.py:161} INFO - Started process (PID=1668) to work on /home/airflow/.local/lib/python3.12/site-packages/airflow/example_dags/example_bash_operator.py
[2024-10-22T14:45:20.474+0000] {processor.py:830} INFO - Processing file /home/airflow/.local/lib/python3.12/site-packages/airflow/example_dags/example_bash_operator.py for tasks to queue
[2024-10-22T14:45:20.476+0000] {logging_mixin.py:188} INFO - [2024-10-22T14:45:20.476+0000] {dagbag.py:545} INFO - Filling up the DagBag from /home/airflow/.local/lib/python3.12/site-packages/airflow/example_dags/example_bash_operator.py
[2024-10-22T14:45:20.483+0000] {processor.py:840} INFO - DAG(s) 'example_bash_operator' retrieved from /home/airflow/.local/lib/python3.12/site-packages/airflow/example_dags/example_bash_operator.py
[2024-10-22T14:45:20.501+0000] {logging_mixin.py:188} INFO - [2024-10-22T14:45:20.501+0000] {dag.py:3089} INFO - Sync 1 DAGs
[2024-10-22T14:45:20.516+0000] {logging_mixin.py:188} INFO - [2024-10-22T14:45:20.516+0000] {dag.py:3947} INFO - Setting next_dagrun for example_bash_operator to 2024-10-21 00:00:00+00:00, run_after=2024-10-22 00:00:00+00:00
[2024-10-22T14:45:20.530+0000] {processor.py:183} INFO - Processing /home/airflow/.local/lib/python3.12/site-packages/airflow/example_dags/example_bash_operator.py took 0.061 seconds
[2024-10-22T14:45:51.014+0000] {processor.py:161} INFO - Started process (PID=1935) to work on /home/airflow/.local/lib/python3.12/site-packages/airflow/example_dags/example_bash_operator.py
[2024-10-22T14:45:51.015+0000] {processor.py:830} INFO - Processing file /home/airflow/.local/lib/python3.12/site-packages/airflow/example_dags/example_bash_operator.py for tasks to queue
[2024-10-22T14:45:51.016+0000] {logging_mixin.py:188} INFO - [2024-10-22T14:45:51.016+0000] {dagbag.py:545} INFO - Filling up the DagBag from /home/airflow/.local/lib/python3.12/site-packages/airflow/example_dags/example_bash_operator.py
[2024-10-22T14:45:51.024+0000] {processor.py:840} INFO - DAG(s) 'example_bash_operator' retrieved from /home/airflow/.local/lib/python3.12/site-packages/airflow/example_dags/example_bash_operator.py
[2024-10-22T14:45:51.047+0000] {logging_mixin.py:188} INFO - [2024-10-22T14:45:51.047+0000] {dag.py:3089} INFO - Sync 1 DAGs
[2024-10-22T14:45:51.066+0000] {logging_mixin.py:188} INFO - [2024-10-22T14:45:51.066+0000] {dag.py:3947} INFO - Setting next_dagrun for example_bash_operator to 2024-10-21 00:00:00+00:00, run_after=2024-10-22 00:00:00+00:00
[2024-10-22T14:45:51.081+0000] {processor.py:183} INFO - Processing /home/airflow/.local/lib/python3.12/site-packages/airflow/example_dags/example_bash_operator.py took 0.072 seconds
[2024-10-22T14:46:21.902+0000] {processor.py:161} INFO - Started process (PID=2204) to work on /home/airflow/.local/lib/python3.12/site-packages/airflow/example_dags/example_bash_operator.py
[2024-10-22T14:46:21.903+0000] {processor.py:830} INFO - Processing file /home/airflow/.local/lib/python3.12/site-packages/airflow/example_dags/example_bash_operator.py for tasks to queue
[2024-10-22T14:46:21.905+0000] {logging_mixin.py:188} INFO - [2024-10-22T14:46:21.905+0000] {dagbag.py:545} INFO - Filling up the DagBag from /home/airflow/.local/lib/python3.12/site-packages/airflow/example_dags/example_bash_operator.py
[2024-10-22T14:46:21.915+0000] {processor.py:840} INFO - DAG(s) 'example_bash_operator' retrieved from /home/airflow/.local/lib/python3.12/site-packages/airflow/example_dags/example_bash_operator.py
[2024-10-22T14:46:21.944+0000] {logging_mixin.py:188} INFO - [2024-10-22T14:46:21.944+0000] {dag.py:3089} INFO - Sync 1 DAGs
[2024-10-22T14:46:21.965+0000] {logging_mixin.py:188} INFO - [2024-10-22T14:46:21.964+0000] {dag.py:3947} INFO - Setting next_dagrun for example_bash_operator to 2024-10-21 00:00:00+00:00, run_after=2024-10-22 00:00:00+00:00
[2024-10-22T14:46:21.982+0000] {processor.py:183} INFO - Processing /home/airflow/.local/lib/python3.12/site-packages/airflow/example_dags/example_bash_operator.py took 0.085 seconds
[2024-10-22T14:46:52.778+0000] {processor.py:161} INFO - Started process (PID=2474) to work on /home/airflow/.local/lib/python3.12/site-packages/airflow/example_dags/example_bash_operator.py
[2024-10-22T14:46:52.779+0000] {processor.py:830} INFO - Processing file /home/airflow/.local/lib/python3.12/site-packages/airflow/example_dags/example_bash_operator.py for tasks to queue
[2024-10-22T14:46:52.780+0000] {logging_mixin.py:188} INFO - [2024-10-22T14:46:52.780+0000] {dagbag.py:545} INFO - Filling up the DagBag from /home/airflow/.local/lib/python3.12/site-packages/airflow/example_dags/example_bash_operator.py
[2024-10-22T14:46:52.788+0000] {processor.py:840} INFO - DAG(s) 'example_bash_operator' retrieved from /home/airflow/.local/lib/python3.12/site-packages/airflow/example_dags/example_bash_operator.py
[2024-10-22T14:46:52.807+0000] {logging_mixin.py:188} INFO - [2024-10-22T14:46:52.807+0000] {dag.py:3089} INFO - Sync 1 DAGs
[2024-10-22T14:46:52.822+0000] {logging_mixin.py:188} INFO - [2024-10-22T14:46:52.822+0000] {dag.py:3947} INFO - Setting next_dagrun for example_bash_operator to 2024-10-21 00:00:00+00:00, run_after=2024-10-22 00:00:00+00:00
[2024-10-22T14:46:52.835+0000] {processor.py:183} INFO - Processing /home/airflow/.local/lib/python3.12/site-packages/airflow/example_dags/example_bash_operator.py took 0.061 seconds
[2024-10-22T14:47:23.113+0000] {processor.py:161} INFO - Started process (PID=2739) to work on /home/airflow/.local/lib/python3.12/site-packages/airflow/example_dags/example_bash_operator.py
[2024-10-22T14:47:23.114+0000] {processor.py:830} INFO - Processing file /home/airflow/.local/lib/python3.12/site-packages/airflow/example_dags/example_bash_operator.py for tasks to queue
[2024-10-22T14:47:23.116+0000] {logging_mixin.py:188} INFO - [2024-10-22T14:47:23.115+0000] {dagbag.py:545} INFO - Filling up the DagBag from /home/airflow/.local/lib/python3.12/site-packages/airflow/example_dags/example_bash_operator.py
[2024-10-22T14:47:23.124+0000] {processor.py:840} INFO - DAG(s) 'example_bash_operator' retrieved from /home/airflow/.local/lib/python3.12/site-packages/airflow/example_dags/example_bash_operator.py
[2024-10-22T14:47:23.144+0000] {logging_mixin.py:188} INFO - [2024-10-22T14:47:23.143+0000] {dag.py:3089} INFO - Sync 1 DAGs
[2024-10-22T14:47:23.158+0000] {logging_mixin.py:188} INFO - [2024-10-22T14:47:23.158+0000] {dag.py:3947} INFO - Setting next_dagrun for example_bash_operator to 2024-10-21 00:00:00+00:00, run_after=2024-10-22 00:00:00+00:00
[2024-10-22T14:47:23.169+0000] {processor.py:183} INFO - Processing /home/airflow/.local/lib/python3.12/site-packages/airflow/example_dags/example_bash_operator.py took 0.061 seconds
[2024-10-22T14:47:53.434+0000] {processor.py:161} INFO - Started process (PID=3006) to work on /home/airflow/.local/lib/python3.12/site-packages/airflow/example_dags/example_bash_operator.py
[2024-10-22T14:47:53.435+0000] {processor.py:830} INFO - Processing file /home/airflow/.local/lib/python3.12/site-packages/airflow/example_dags/example_bash_operator.py for tasks to queue
[2024-10-22T14:47:53.436+0000] {logging_mixin.py:188} INFO - [2024-10-22T14:47:53.436+0000] {dagbag.py:545} INFO - Filling up the DagBag from /home/airflow/.local/lib/python3.12/site-packages/airflow/example_dags/example_bash_operator.py
[2024-10-22T14:47:53.444+0000] {processor.py:840} INFO - DAG(s) 'example_bash_operator' retrieved from /home/airflow/.local/lib/python3.12/site-packages/airflow/example_dags/example_bash_operator.py
[2024-10-22T14:47:53.463+0000] {logging_mixin.py:188} INFO - [2024-10-22T14:47:53.463+0000] {dag.py:3089} INFO - Sync 1 DAGs
[2024-10-22T14:47:53.479+0000] {logging_mixin.py:188} INFO - [2024-10-22T14:47:53.479+0000] {dag.py:3947} INFO - Setting next_dagrun for example_bash_operator to 2024-10-21 00:00:00+00:00, run_after=2024-10-22 00:00:00+00:00
[2024-10-22T14:47:53.492+0000] {processor.py:183} INFO - Processing /home/airflow/.local/lib/python3.12/site-packages/airflow/example_dags/example_bash_operator.py took 0.062 seconds
[2024-10-22T14:48:23.782+0000] {processor.py:161} INFO - Started process (PID=3273) to work on /home/airflow/.local/lib/python3.12/site-packages/airflow/example_dags/example_bash_operator.py
[2024-10-22T14:48:23.783+0000] {processor.py:830} INFO - Processing file /home/airflow/.local/lib/python3.12/site-packages/airflow/example_dags/example_bash_operator.py for tasks to queue
[2024-10-22T14:48:23.784+0000] {logging_mixin.py:188} INFO - [2024-10-22T14:48:23.784+0000] {dagbag.py:545} INFO - Filling up the DagBag from /home/airflow/.local/lib/python3.12/site-packages/airflow/example_dags/example_bash_operator.py
[2024-10-22T14:48:23.792+0000] {processor.py:840} INFO - DAG(s) 'example_bash_operator' retrieved from /home/airflow/.local/lib/python3.12/site-packages/airflow/example_dags/example_bash_operator.py
[2024-10-22T14:48:23.810+0000] {logging_mixin.py:188} INFO - [2024-10-22T14:48:23.809+0000] {dag.py:3089} INFO - Sync 1 DAGs
[2024-10-22T14:48:23.825+0000] {logging_mixin.py:188} INFO - [2024-10-22T14:48:23.825+0000] {dag.py:3947} INFO - Setting next_dagrun for example_bash_operator to 2024-10-21 00:00:00+00:00, run_after=2024-10-22 00:00:00+00:00
[2024-10-22T14:48:23.837+0000] {processor.py:183} INFO - Processing /home/airflow/.local/lib/python3.12/site-packages/airflow/example_dags/example_bash_operator.py took 0.059 seconds
[2024-10-22T14:48:54.222+0000] {processor.py:161} INFO - Started process (PID=3540) to work on /home/airflow/.local/lib/python3.12/site-packages/airflow/example_dags/example_bash_operator.py
[2024-10-22T14:48:54.222+0000] {processor.py:830} INFO - Processing file /home/airflow/.local/lib/python3.12/site-packages/airflow/example_dags/example_bash_operator.py for tasks to queue
[2024-10-22T14:48:54.224+0000] {logging_mixin.py:188} INFO - [2024-10-22T14:48:54.224+0000] {dagbag.py:545} INFO - Filling up the DagBag from /home/airflow/.local/lib/python3.12/site-packages/airflow/example_dags/example_bash_operator.py
[2024-10-22T14:48:54.232+0000] {processor.py:840} INFO - DAG(s) 'example_bash_operator' retrieved from /home/airflow/.local/lib/python3.12/site-packages/airflow/example_dags/example_bash_operator.py
[2024-10-22T14:48:54.251+0000] {logging_mixin.py:188} INFO - [2024-10-22T14:48:54.251+0000] {dag.py:3089} INFO - Sync 1 DAGs
[2024-10-22T14:48:54.266+0000] {logging_mixin.py:188} INFO - [2024-10-22T14:48:54.266+0000] {dag.py:3947} INFO - Setting next_dagrun for example_bash_operator to 2024-10-21 00:00:00+00:00, run_after=2024-10-22 00:00:00+00:00
[2024-10-22T14:48:54.278+0000] {processor.py:183} INFO - Processing /home/airflow/.local/lib/python3.12/site-packages/airflow/example_dags/example_bash_operator.py took 0.060 seconds
[2024-10-22T14:49:24.658+0000] {processor.py:161} INFO - Started process (PID=3807) to work on /home/airflow/.local/lib/python3.12/site-packages/airflow/example_dags/example_bash_operator.py
[2024-10-22T14:49:24.659+0000] {processor.py:830} INFO - Processing file /home/airflow/.local/lib/python3.12/site-packages/airflow/example_dags/example_bash_operator.py for tasks to queue
[2024-10-22T14:49:24.660+0000] {logging_mixin.py:188} INFO - [2024-10-22T14:49:24.660+0000] {dagbag.py:545} INFO - Filling up the DagBag from /home/airflow/.local/lib/python3.12/site-packages/airflow/example_dags/example_bash_operator.py
[2024-10-22T14:49:24.668+0000] {processor.py:840} INFO - DAG(s) 'example_bash_operator' retrieved from /home/airflow/.local/lib/python3.12/site-packages/airflow/example_dags/example_bash_operator.py
[2024-10-22T14:49:24.686+0000] {logging_mixin.py:188} INFO - [2024-10-22T14:49:24.686+0000] {dag.py:3089} INFO - Sync 1 DAGs
[2024-10-22T14:49:24.701+0000] {logging_mixin.py:188} INFO - [2024-10-22T14:49:24.701+0000] {dag.py:3947} INFO - Setting next_dagrun for example_bash_operator to 2024-10-21 00:00:00+00:00, run_after=2024-10-22 00:00:00+00:00
[2024-10-22T14:49:24.713+0000] {processor.py:183} INFO - Processing /home/airflow/.local/lib/python3.12/site-packages/airflow/example_dags/example_bash_operator.py took 0.058 seconds
[2024-10-22T14:49:54.977+0000] {processor.py:161} INFO - Started process (PID=4074) to work on /home/airflow/.local/lib/python3.12/site-packages/airflow/example_dags/example_bash_operator.py
[2024-10-22T14:49:54.977+0000] {processor.py:830} INFO - Processing file /home/airflow/.local/lib/python3.12/site-packages/airflow/example_dags/example_bash_operator.py for tasks to queue
[2024-10-22T14:49:54.979+0000] {logging_mixin.py:188} INFO - [2024-10-22T14:49:54.978+0000] {dagbag.py:545} INFO - Filling up the DagBag from /home/airflow/.local/lib/python3.12/site-packages/airflow/example_dags/example_bash_operator.py
[2024-10-22T14:49:54.986+0000] {processor.py:840} INFO - DAG(s) 'example_bash_operator' retrieved from /home/airflow/.local/lib/python3.12/site-packages/airflow/example_dags/example_bash_operator.py
[2024-10-22T14:49:55.004+0000] {logging_mixin.py:188} INFO - [2024-10-22T14:49:55.004+0000] {dag.py:3089} INFO - Sync 1 DAGs
[2024-10-22T14:49:55.019+0000] {logging_mixin.py:188} INFO - [2024-10-22T14:49:55.018+0000] {dag.py:3947} INFO - Setting next_dagrun for example_bash_operator to 2024-10-21 00:00:00+00:00, run_after=2024-10-22 00:00:00+00:00
[2024-10-22T14:49:55.030+0000] {processor.py:183} INFO - Processing /home/airflow/.local/lib/python3.12/site-packages/airflow/example_dags/example_bash_operator.py took 0.057 seconds
[2024-10-22T14:50:25.283+0000] {processor.py:161} INFO - Started process (PID=4341) to work on /home/airflow/.local/lib/python3.12/site-packages/airflow/example_dags/example_bash_operator.py
[2024-10-22T14:50:25.284+0000] {processor.py:830} INFO - Processing file /home/airflow/.local/lib/python3.12/site-packages/airflow/example_dags/example_bash_operator.py for tasks to queue
[2024-10-22T14:50:25.285+0000] {logging_mixin.py:188} INFO - [2024-10-22T14:50:25.285+0000] {dagbag.py:545} INFO - Filling up the DagBag from /home/airflow/.local/lib/python3.12/site-packages/airflow/example_dags/example_bash_operator.py
[2024-10-22T14:50:25.293+0000] {processor.py:840} INFO - DAG(s) 'example_bash_operator' retrieved from /home/airflow/.local/lib/python3.12/site-packages/airflow/example_dags/example_bash_operator.py
[2024-10-22T14:50:25.313+0000] {logging_mixin.py:188} INFO - [2024-10-22T14:50:25.313+0000] {dag.py:3089} INFO - Sync 1 DAGs
[2024-10-22T14:50:25.330+0000] {logging_mixin.py:188} INFO - [2024-10-22T14:50:25.329+0000] {dag.py:3947} INFO - Setting next_dagrun for example_bash_operator to 2024-10-21 00:00:00+00:00, run_after=2024-10-22 00:00:00+00:00
[2024-10-22T14:50:25.343+0000] {processor.py:183} INFO - Processing /home/airflow/.local/lib/python3.12/site-packages/airflow/example_dags/example_bash_operator.py took 0.064 seconds
[2024-10-22T14:50:55.827+0000] {processor.py:161} INFO - Started process (PID=4610) to work on /home/airflow/.local/lib/python3.12/site-packages/airflow/example_dags/example_bash_operator.py
[2024-10-22T14:50:55.828+0000] {processor.py:830} INFO - Processing file /home/airflow/.local/lib/python3.12/site-packages/airflow/example_dags/example_bash_operator.py for tasks to queue
[2024-10-22T14:50:55.829+0000] {logging_mixin.py:188} INFO - [2024-10-22T14:50:55.829+0000] {dagbag.py:545} INFO - Filling up the DagBag from /home/airflow/.local/lib/python3.12/site-packages/airflow/example_dags/example_bash_operator.py
[2024-10-22T14:50:55.836+0000] {processor.py:840} INFO - DAG(s) 'example_bash_operator' retrieved from /home/airflow/.local/lib/python3.12/site-packages/airflow/example_dags/example_bash_operator.py
[2024-10-22T14:50:55.854+0000] {logging_mixin.py:188} INFO - [2024-10-22T14:50:55.854+0000] {dag.py:3089} INFO - Sync 1 DAGs
[2024-10-22T14:50:55.869+0000] {logging_mixin.py:188} INFO - [2024-10-22T14:50:55.868+0000] {dag.py:3947} INFO - Setting next_dagrun for example_bash_operator to 2024-10-21 00:00:00+00:00, run_after=2024-10-22 00:00:00+00:00
[2024-10-22T14:50:55.881+0000] {processor.py:183} INFO - Processing /home/airflow/.local/lib/python3.12/site-packages/airflow/example_dags/example_bash_operator.py took 0.058 seconds
[2024-10-22T14:51:26.069+0000] {processor.py:161} INFO - Started process (PID=4875) to work on /home/airflow/.local/lib/python3.12/site-packages/airflow/example_dags/example_bash_operator.py
[2024-10-22T14:51:26.070+0000] {processor.py:830} INFO - Processing file /home/airflow/.local/lib/python3.12/site-packages/airflow/example_dags/example_bash_operator.py for tasks to queue
[2024-10-22T14:51:26.071+0000] {logging_mixin.py:188} INFO - [2024-10-22T14:51:26.071+0000] {dagbag.py:545} INFO - Filling up the DagBag from /home/airflow/.local/lib/python3.12/site-packages/airflow/example_dags/example_bash_operator.py
[2024-10-22T14:51:26.079+0000] {processor.py:840} INFO - DAG(s) 'example_bash_operator' retrieved from /home/airflow/.local/lib/python3.12/site-packages/airflow/example_dags/example_bash_operator.py
[2024-10-22T14:51:26.099+0000] {logging_mixin.py:188} INFO - [2024-10-22T14:51:26.098+0000] {dag.py:3089} INFO - Sync 1 DAGs
[2024-10-22T14:51:26.115+0000] {logging_mixin.py:188} INFO - [2024-10-22T14:51:26.115+0000] {dag.py:3947} INFO - Setting next_dagrun for example_bash_operator to 2024-10-21 00:00:00+00:00, run_after=2024-10-22 00:00:00+00:00
[2024-10-22T14:51:26.127+0000] {processor.py:183} INFO - Processing /home/airflow/.local/lib/python3.12/site-packages/airflow/example_dags/example_bash_operator.py took 0.062 seconds
[2024-10-22T14:51:56.562+0000] {processor.py:161} INFO - Started process (PID=5144) to work on /home/airflow/.local/lib/python3.12/site-packages/airflow/example_dags/example_bash_operator.py
[2024-10-22T14:51:56.563+0000] {processor.py:830} INFO - Processing file /home/airflow/.local/lib/python3.12/site-packages/airflow/example_dags/example_bash_operator.py for tasks to queue
[2024-10-22T14:51:56.564+0000] {logging_mixin.py:188} INFO - [2024-10-22T14:51:56.564+0000] {dagbag.py:545} INFO - Filling up the DagBag from /home/airflow/.local/lib/python3.12/site-packages/airflow/example_dags/example_bash_operator.py
[2024-10-22T14:51:56.572+0000] {processor.py:840} INFO - DAG(s) 'example_bash_operator' retrieved from /home/airflow/.local/lib/python3.12/site-packages/airflow/example_dags/example_bash_operator.py
[2024-10-22T14:51:56.590+0000] {logging_mixin.py:188} INFO - [2024-10-22T14:51:56.590+0000] {dag.py:3089} INFO - Sync 1 DAGs
[2024-10-22T14:51:56.604+0000] {logging_mixin.py:188} INFO - [2024-10-22T14:51:56.604+0000] {dag.py:3947} INFO - Setting next_dagrun for example_bash_operator to 2024-10-21 00:00:00+00:00, run_after=2024-10-22 00:00:00+00:00
[2024-10-22T14:51:56.616+0000] {processor.py:183} INFO - Processing /home/airflow/.local/lib/python3.12/site-packages/airflow/example_dags/example_bash_operator.py took 0.057 seconds
[2024-10-22T14:52:26.902+0000] {processor.py:161} INFO - Started process (PID=5409) to work on /home/airflow/.local/lib/python3.12/site-packages/airflow/example_dags/example_bash_operator.py
[2024-10-22T14:52:26.903+0000] {processor.py:830} INFO - Processing file /home/airflow/.local/lib/python3.12/site-packages/airflow/example_dags/example_bash_operator.py for tasks to queue
[2024-10-22T14:52:26.904+0000] {logging_mixin.py:188} INFO - [2024-10-22T14:52:26.904+0000] {dagbag.py:545} INFO - Filling up the DagBag from /home/airflow/.local/lib/python3.12/site-packages/airflow/example_dags/example_bash_operator.py
[2024-10-22T14:52:26.914+0000] {processor.py:840} INFO - DAG(s) 'example_bash_operator' retrieved from /home/airflow/.local/lib/python3.12/site-packages/airflow/example_dags/example_bash_operator.py
[2024-10-22T14:52:26.934+0000] {logging_mixin.py:188} INFO - [2024-10-22T14:52:26.933+0000] {dag.py:3089} INFO - Sync 1 DAGs
[2024-10-22T14:52:26.950+0000] {logging_mixin.py:188} INFO - [2024-10-22T14:52:26.950+0000] {dag.py:3947} INFO - Setting next_dagrun for example_bash_operator to 2024-10-21 00:00:00+00:00, run_after=2024-10-22 00:00:00+00:00
[2024-10-22T14:52:26.964+0000] {processor.py:183} INFO - Processing /home/airflow/.local/lib/python3.12/site-packages/airflow/example_dags/example_bash_operator.py took 0.066 seconds
[2024-10-22T14:52:57.289+0000] {processor.py:161} INFO - Started process (PID=5681) to work on /home/airflow/.local/lib/python3.12/site-packages/airflow/example_dags/example_bash_operator.py
[2024-10-22T14:52:57.290+0000] {processor.py:830} INFO - Processing file /home/airflow/.local/lib/python3.12/site-packages/airflow/example_dags/example_bash_operator.py for tasks to queue
[2024-10-22T14:52:57.291+0000] {logging_mixin.py:188} INFO - [2024-10-22T14:52:57.291+0000] {dagbag.py:545} INFO - Filling up the DagBag from /home/airflow/.local/lib/python3.12/site-packages/airflow/example_dags/example_bash_operator.py
[2024-10-22T14:52:57.299+0000] {processor.py:840} INFO - DAG(s) 'example_bash_operator' retrieved from /home/airflow/.local/lib/python3.12/site-packages/airflow/example_dags/example_bash_operator.py
[2024-10-22T14:52:57.321+0000] {logging_mixin.py:188} INFO - [2024-10-22T14:52:57.321+0000] {dag.py:3089} INFO - Sync 1 DAGs
[2024-10-22T14:52:57.338+0000] {logging_mixin.py:188} INFO - [2024-10-22T14:52:57.337+0000] {dag.py:3947} INFO - Setting next_dagrun for example_bash_operator to 2024-10-21 00:00:00+00:00, run_after=2024-10-22 00:00:00+00:00
[2024-10-22T14:52:57.352+0000] {processor.py:183} INFO - Processing /home/airflow/.local/lib/python3.12/site-packages/airflow/example_dags/example_bash_operator.py took 0.067 seconds
[2024-10-22T14:53:27.531+0000] {processor.py:161} INFO - Started process (PID=5946) to work on /home/airflow/.local/lib/python3.12/site-packages/airflow/example_dags/example_bash_operator.py
[2024-10-22T14:53:27.532+0000] {processor.py:830} INFO - Processing file /home/airflow/.local/lib/python3.12/site-packages/airflow/example_dags/example_bash_operator.py for tasks to queue
[2024-10-22T14:53:27.534+0000] {logging_mixin.py:188} INFO - [2024-10-22T14:53:27.533+0000] {dagbag.py:545} INFO - Filling up the DagBag from /home/airflow/.local/lib/python3.12/site-packages/airflow/example_dags/example_bash_operator.py
[2024-10-22T14:53:27.543+0000] {processor.py:840} INFO - DAG(s) 'example_bash_operator' retrieved from /home/airflow/.local/lib/python3.12/site-packages/airflow/example_dags/example_bash_operator.py
[2024-10-22T14:53:27.561+0000] {logging_mixin.py:188} INFO - [2024-10-22T14:53:27.561+0000] {dag.py:3089} INFO - Sync 1 DAGs
[2024-10-22T14:53:27.578+0000] {logging_mixin.py:188} INFO - [2024-10-22T14:53:27.578+0000] {dag.py:3947} INFO - Setting next_dagrun for example_bash_operator to 2024-10-21 00:00:00+00:00, run_after=2024-10-22 00:00:00+00:00
[2024-10-22T14:53:27.593+0000] {processor.py:183} INFO - Processing /home/airflow/.local/lib/python3.12/site-packages/airflow/example_dags/example_bash_operator.py took 0.065 seconds
[2024-10-22T14:53:58.037+0000] {processor.py:161} INFO - Started process (PID=6213) to work on /home/airflow/.local/lib/python3.12/site-packages/airflow/example_dags/example_bash_operator.py
[2024-10-22T14:53:58.037+0000] {processor.py:830} INFO - Processing file /home/airflow/.local/lib/python3.12/site-packages/airflow/example_dags/example_bash_operator.py for tasks to queue
[2024-10-22T14:53:58.039+0000] {logging_mixin.py:188} INFO - [2024-10-22T14:53:58.038+0000] {dagbag.py:545} INFO - Filling up the DagBag from /home/airflow/.local/lib/python3.12/site-packages/airflow/example_dags/example_bash_operator.py
[2024-10-22T14:53:58.046+0000] {processor.py:840} INFO - DAG(s) 'example_bash_operator' retrieved from /home/airflow/.local/lib/python3.12/site-packages/airflow/example_dags/example_bash_operator.py
[2024-10-22T14:53:58.065+0000] {logging_mixin.py:188} INFO - [2024-10-22T14:53:58.065+0000] {dag.py:3089} INFO - Sync 1 DAGs
[2024-10-22T14:53:58.080+0000] {logging_mixin.py:188} INFO - [2024-10-22T14:53:58.080+0000] {dag.py:3947} INFO - Setting next_dagrun for example_bash_operator to 2024-10-21 00:00:00+00:00, run_after=2024-10-22 00:00:00+00:00
[2024-10-22T14:53:58.092+0000] {processor.py:183} INFO - Processing /home/airflow/.local/lib/python3.12/site-packages/airflow/example_dags/example_bash_operator.py took 0.059 seconds
[2024-10-22T14:54:28.393+0000] {processor.py:161} INFO - Started process (PID=6480) to work on /home/airflow/.local/lib/python3.12/site-packages/airflow/example_dags/example_bash_operator.py
[2024-10-22T14:54:28.393+0000] {processor.py:830} INFO - Processing file /home/airflow/.local/lib/python3.12/site-packages/airflow/example_dags/example_bash_operator.py for tasks to queue
[2024-10-22T14:54:28.395+0000] {logging_mixin.py:188} INFO - [2024-10-22T14:54:28.394+0000] {dagbag.py:545} INFO - Filling up the DagBag from /home/airflow/.local/lib/python3.12/site-packages/airflow/example_dags/example_bash_operator.py
[2024-10-22T14:54:28.402+0000] {processor.py:840} INFO - DAG(s) 'example_bash_operator' retrieved from /home/airflow/.local/lib/python3.12/site-packages/airflow/example_dags/example_bash_operator.py
[2024-10-22T14:54:28.420+0000] {logging_mixin.py:188} INFO - [2024-10-22T14:54:28.420+0000] {dag.py:3089} INFO - Sync 1 DAGs
[2024-10-22T14:54:28.436+0000] {logging_mixin.py:188} INFO - [2024-10-22T14:54:28.435+0000] {dag.py:3947} INFO - Setting next_dagrun for example_bash_operator to 2024-10-21 00:00:00+00:00, run_after=2024-10-22 00:00:00+00:00
[2024-10-22T14:54:28.448+0000] {processor.py:183} INFO - Processing /home/airflow/.local/lib/python3.12/site-packages/airflow/example_dags/example_bash_operator.py took 0.059 seconds
[2024-10-22T14:54:59.251+0000] {processor.py:161} INFO - Started process (PID=6752) to work on /home/airflow/.local/lib/python3.12/site-packages/airflow/example_dags/example_bash_operator.py
[2024-10-22T14:54:59.252+0000] {processor.py:830} INFO - Processing file /home/airflow/.local/lib/python3.12/site-packages/airflow/example_dags/example_bash_operator.py for tasks to queue
[2024-10-22T14:54:59.253+0000] {logging_mixin.py:188} INFO - [2024-10-22T14:54:59.253+0000] {dagbag.py:545} INFO - Filling up the DagBag from /home/airflow/.local/lib/python3.12/site-packages/airflow/example_dags/example_bash_operator.py
[2024-10-22T14:54:59.261+0000] {processor.py:840} INFO - DAG(s) 'example_bash_operator' retrieved from /home/airflow/.local/lib/python3.12/site-packages/airflow/example_dags/example_bash_operator.py
[2024-10-22T14:54:59.280+0000] {logging_mixin.py:188} INFO - [2024-10-22T14:54:59.280+0000] {dag.py:3089} INFO - Sync 1 DAGs
[2024-10-22T14:54:59.295+0000] {logging_mixin.py:188} INFO - [2024-10-22T14:54:59.295+0000] {dag.py:3947} INFO - Setting next_dagrun for example_bash_operator to 2024-10-21 00:00:00+00:00, run_after=2024-10-22 00:00:00+00:00
[2024-10-22T14:54:59.307+0000] {processor.py:183} INFO - Processing /home/airflow/.local/lib/python3.12/site-packages/airflow/example_dags/example_bash_operator.py took 0.061 seconds
[2024-10-22T14:55:29.782+0000] {processor.py:161} INFO - Started process (PID=7017) to work on /home/airflow/.local/lib/python3.12/site-packages/airflow/example_dags/example_bash_operator.py
[2024-10-22T14:55:29.783+0000] {processor.py:830} INFO - Processing file /home/airflow/.local/lib/python3.12/site-packages/airflow/example_dags/example_bash_operator.py for tasks to queue
[2024-10-22T14:55:29.784+0000] {logging_mixin.py:188} INFO - [2024-10-22T14:55:29.784+0000] {dagbag.py:545} INFO - Filling up the DagBag from /home/airflow/.local/lib/python3.12/site-packages/airflow/example_dags/example_bash_operator.py
[2024-10-22T14:55:29.792+0000] {processor.py:840} INFO - DAG(s) 'example_bash_operator' retrieved from /home/airflow/.local/lib/python3.12/site-packages/airflow/example_dags/example_bash_operator.py
[2024-10-22T14:55:29.812+0000] {logging_mixin.py:188} INFO - [2024-10-22T14:55:29.812+0000] {dag.py:3089} INFO - Sync 1 DAGs
[2024-10-22T14:55:29.945+0000] {logging_mixin.py:188} INFO - [2024-10-22T14:55:29.944+0000] {dag.py:3947} INFO - Setting next_dagrun for example_bash_operator to 2024-10-21 00:00:00+00:00, run_after=2024-10-22 00:00:00+00:00
[2024-10-22T14:55:29.957+0000] {processor.py:183} INFO - Processing /home/airflow/.local/lib/python3.12/site-packages/airflow/example_dags/example_bash_operator.py took 0.179 seconds
[2024-10-22T14:56:00.413+0000] {processor.py:161} INFO - Started process (PID=7284) to work on /home/airflow/.local/lib/python3.12/site-packages/airflow/example_dags/example_bash_operator.py
[2024-10-22T14:56:00.414+0000] {processor.py:830} INFO - Processing file /home/airflow/.local/lib/python3.12/site-packages/airflow/example_dags/example_bash_operator.py for tasks to queue
[2024-10-22T14:56:00.416+0000] {logging_mixin.py:188} INFO - [2024-10-22T14:56:00.415+0000] {dagbag.py:545} INFO - Filling up the DagBag from /home/airflow/.local/lib/python3.12/site-packages/airflow/example_dags/example_bash_operator.py
[2024-10-22T14:56:00.424+0000] {processor.py:840} INFO - DAG(s) 'example_bash_operator' retrieved from /home/airflow/.local/lib/python3.12/site-packages/airflow/example_dags/example_bash_operator.py
[2024-10-22T14:56:00.446+0000] {logging_mixin.py:188} INFO - [2024-10-22T14:56:00.445+0000] {dag.py:3089} INFO - Sync 1 DAGs
[2024-10-22T14:56:00.465+0000] {logging_mixin.py:188} INFO - [2024-10-22T14:56:00.464+0000] {dag.py:3947} INFO - Setting next_dagrun for example_bash_operator to 2024-10-21 00:00:00+00:00, run_after=2024-10-22 00:00:00+00:00
[2024-10-22T14:56:00.487+0000] {processor.py:183} INFO - Processing /home/airflow/.local/lib/python3.12/site-packages/airflow/example_dags/example_bash_operator.py took 0.077 seconds
[2024-10-22T14:56:30.916+0000] {processor.py:161} INFO - Started process (PID=7551) to work on /home/airflow/.local/lib/python3.12/site-packages/airflow/example_dags/example_bash_operator.py
[2024-10-22T14:56:30.917+0000] {processor.py:830} INFO - Processing file /home/airflow/.local/lib/python3.12/site-packages/airflow/example_dags/example_bash_operator.py for tasks to queue
[2024-10-22T14:56:30.918+0000] {logging_mixin.py:188} INFO - [2024-10-22T14:56:30.918+0000] {dagbag.py:545} INFO - Filling up the DagBag from /home/airflow/.local/lib/python3.12/site-packages/airflow/example_dags/example_bash_operator.py
[2024-10-22T14:56:30.926+0000] {processor.py:840} INFO - DAG(s) 'example_bash_operator' retrieved from /home/airflow/.local/lib/python3.12/site-packages/airflow/example_dags/example_bash_operator.py
[2024-10-22T14:56:30.946+0000] {logging_mixin.py:188} INFO - [2024-10-22T14:56:30.945+0000] {dag.py:3089} INFO - Sync 1 DAGs
[2024-10-22T14:56:30.961+0000] {logging_mixin.py:188} INFO - [2024-10-22T14:56:30.961+0000] {dag.py:3947} INFO - Setting next_dagrun for example_bash_operator to 2024-10-21 00:00:00+00:00, run_after=2024-10-22 00:00:00+00:00
[2024-10-22T14:56:30.974+0000] {processor.py:183} INFO - Processing /home/airflow/.local/lib/python3.12/site-packages/airflow/example_dags/example_bash_operator.py took 0.062 seconds
[2024-10-22T14:57:01.048+0000] {processor.py:161} INFO - Started process (PID=7813) to work on /home/airflow/.local/lib/python3.12/site-packages/airflow/example_dags/example_bash_operator.py
[2024-10-22T14:57:01.048+0000] {processor.py:830} INFO - Processing file /home/airflow/.local/lib/python3.12/site-packages/airflow/example_dags/example_bash_operator.py for tasks to queue
[2024-10-22T14:57:01.050+0000] {logging_mixin.py:188} INFO - [2024-10-22T14:57:01.049+0000] {dagbag.py:545} INFO - Filling up the DagBag from /home/airflow/.local/lib/python3.12/site-packages/airflow/example_dags/example_bash_operator.py
[2024-10-22T14:57:01.057+0000] {processor.py:840} INFO - DAG(s) 'example_bash_operator' retrieved from /home/airflow/.local/lib/python3.12/site-packages/airflow/example_dags/example_bash_operator.py
[2024-10-22T14:57:01.077+0000] {logging_mixin.py:188} INFO - [2024-10-22T14:57:01.077+0000] {dag.py:3089} INFO - Sync 1 DAGs
[2024-10-22T14:57:01.094+0000] {logging_mixin.py:188} INFO - [2024-10-22T14:57:01.094+0000] {dag.py:3947} INFO - Setting next_dagrun for example_bash_operator to 2024-10-21 00:00:00+00:00, run_after=2024-10-22 00:00:00+00:00
[2024-10-22T14:57:01.107+0000] {processor.py:183} INFO - Processing /home/airflow/.local/lib/python3.12/site-packages/airflow/example_dags/example_bash_operator.py took 0.063 seconds
[2024-10-22T14:57:32.271+0000] {processor.py:161} INFO - Started process (PID=8085) to work on /home/airflow/.local/lib/python3.12/site-packages/airflow/example_dags/example_bash_operator.py
[2024-10-22T14:57:32.272+0000] {processor.py:830} INFO - Processing file /home/airflow/.local/lib/python3.12/site-packages/airflow/example_dags/example_bash_operator.py for tasks to queue
[2024-10-22T14:57:32.273+0000] {logging_mixin.py:188} INFO - [2024-10-22T14:57:32.273+0000] {dagbag.py:545} INFO - Filling up the DagBag from /home/airflow/.local/lib/python3.12/site-packages/airflow/example_dags/example_bash_operator.py
[2024-10-22T14:57:32.281+0000] {processor.py:840} INFO - DAG(s) 'example_bash_operator' retrieved from /home/airflow/.local/lib/python3.12/site-packages/airflow/example_dags/example_bash_operator.py
[2024-10-22T14:57:32.301+0000] {logging_mixin.py:188} INFO - [2024-10-22T14:57:32.301+0000] {dag.py:3089} INFO - Sync 1 DAGs
[2024-10-22T14:57:32.318+0000] {logging_mixin.py:188} INFO - [2024-10-22T14:57:32.317+0000] {dag.py:3947} INFO - Setting next_dagrun for example_bash_operator to 2024-10-21 00:00:00+00:00, run_after=2024-10-22 00:00:00+00:00
[2024-10-22T14:57:32.331+0000] {processor.py:183} INFO - Processing /home/airflow/.local/lib/python3.12/site-packages/airflow/example_dags/example_bash_operator.py took 0.064 seconds
