[2024-10-22T14:00:16.646+0000] {processor.py:161} INFO - Started process (PID=410) to work on /home/airflow/.local/lib/python3.12/site-packages/airflow/example_dags/example_branch_python_dop_operator_3.py
[2024-10-22T14:00:16.647+0000] {processor.py:830} INFO - Processing file /home/airflow/.local/lib/python3.12/site-packages/airflow/example_dags/example_branch_python_dop_operator_3.py for tasks to queue
[2024-10-22T14:00:16.649+0000] {logging_mixin.py:188} INFO - [2024-10-22T14:00:16.648+0000] {dagbag.py:545} INFO - Filling up the DagBag from /home/airflow/.local/lib/python3.12/site-packages/airflow/example_dags/example_branch_python_dop_operator_3.py
[2024-10-22T14:00:16.656+0000] {processor.py:840} INFO - DAG(s) 'example_branch_dop_operator_v3' retrieved from /home/airflow/.local/lib/python3.12/site-packages/airflow/example_dags/example_branch_python_dop_operator_3.py
[2024-10-22T14:00:16.741+0000] {logging_mixin.py:188} INFO - [2024-10-22T14:00:16.741+0000] {override.py:1858} INFO - Created Permission View: can delete on DAG:example_branch_dop_operator_v3
[2024-10-22T14:00:16.751+0000] {logging_mixin.py:188} INFO - [2024-10-22T14:00:16.750+0000] {override.py:1858} INFO - Created Permission View: can edit on DAG:example_branch_dop_operator_v3
[2024-10-22T14:00:16.756+0000] {logging_mixin.py:188} INFO - [2024-10-22T14:00:16.755+0000] {override.py:1858} INFO - Created Permission View: can read on DAG:example_branch_dop_operator_v3
[2024-10-22T14:00:16.756+0000] {logging_mixin.py:188} INFO - [2024-10-22T14:00:16.756+0000] {dag.py:3089} INFO - Sync 1 DAGs
[2024-10-22T14:00:16.765+0000] {logging_mixin.py:188} INFO - [2024-10-22T14:00:16.764+0000] {dag.py:3111} INFO - Creating ORM DAG for example_branch_dop_operator_v3
[2024-10-22T14:00:16.776+0000] {logging_mixin.py:188} INFO - [2024-10-22T14:00:16.776+0000] {dag.py:3947} INFO - Setting next_dagrun for example_branch_dop_operator_v3 to 2024-10-22 13:59:00+00:00, run_after=2024-10-22 14:00:00+00:00
[2024-10-22T14:00:16.789+0000] {processor.py:183} INFO - Processing /home/airflow/.local/lib/python3.12/site-packages/airflow/example_dags/example_branch_python_dop_operator_3.py took 0.147 seconds
[2024-10-22T14:00:47.163+0000] {processor.py:161} INFO - Started process (PID=679) to work on /home/airflow/.local/lib/python3.12/site-packages/airflow/example_dags/example_branch_python_dop_operator_3.py
[2024-10-22T14:00:47.164+0000] {processor.py:830} INFO - Processing file /home/airflow/.local/lib/python3.12/site-packages/airflow/example_dags/example_branch_python_dop_operator_3.py for tasks to queue
[2024-10-22T14:00:47.165+0000] {logging_mixin.py:188} INFO - [2024-10-22T14:00:47.165+0000] {dagbag.py:545} INFO - Filling up the DagBag from /home/airflow/.local/lib/python3.12/site-packages/airflow/example_dags/example_branch_python_dop_operator_3.py
[2024-10-22T14:00:47.172+0000] {processor.py:840} INFO - DAG(s) 'example_branch_dop_operator_v3' retrieved from /home/airflow/.local/lib/python3.12/site-packages/airflow/example_dags/example_branch_python_dop_operator_3.py
[2024-10-22T14:00:47.185+0000] {logging_mixin.py:188} INFO - [2024-10-22T14:00:47.185+0000] {dag.py:3089} INFO - Sync 1 DAGs
[2024-10-22T14:00:47.202+0000] {logging_mixin.py:188} INFO - [2024-10-22T14:00:47.202+0000] {dag.py:3947} INFO - Setting next_dagrun for example_branch_dop_operator_v3 to 2024-10-22 13:59:00+00:00, run_after=2024-10-22 14:00:00+00:00
[2024-10-22T14:00:47.215+0000] {processor.py:183} INFO - Processing /home/airflow/.local/lib/python3.12/site-packages/airflow/example_dags/example_branch_python_dop_operator_3.py took 0.056 seconds
[2024-10-22T14:01:17.425+0000] {processor.py:161} INFO - Started process (PID=944) to work on /home/airflow/.local/lib/python3.12/site-packages/airflow/example_dags/example_branch_python_dop_operator_3.py
[2024-10-22T14:01:17.426+0000] {processor.py:830} INFO - Processing file /home/airflow/.local/lib/python3.12/site-packages/airflow/example_dags/example_branch_python_dop_operator_3.py for tasks to queue
[2024-10-22T14:01:17.427+0000] {logging_mixin.py:188} INFO - [2024-10-22T14:01:17.427+0000] {dagbag.py:545} INFO - Filling up the DagBag from /home/airflow/.local/lib/python3.12/site-packages/airflow/example_dags/example_branch_python_dop_operator_3.py
[2024-10-22T14:01:17.434+0000] {processor.py:840} INFO - DAG(s) 'example_branch_dop_operator_v3' retrieved from /home/airflow/.local/lib/python3.12/site-packages/airflow/example_dags/example_branch_python_dop_operator_3.py
[2024-10-22T14:01:17.448+0000] {logging_mixin.py:188} INFO - [2024-10-22T14:01:17.448+0000] {dag.py:3089} INFO - Sync 1 DAGs
[2024-10-22T14:01:17.466+0000] {logging_mixin.py:188} INFO - [2024-10-22T14:01:17.466+0000] {dag.py:3947} INFO - Setting next_dagrun for example_branch_dop_operator_v3 to 2024-10-22 14:00:00+00:00, run_after=2024-10-22 14:01:00+00:00
[2024-10-22T14:01:17.480+0000] {processor.py:183} INFO - Processing /home/airflow/.local/lib/python3.12/site-packages/airflow/example_dags/example_branch_python_dop_operator_3.py took 0.059 seconds
[2024-10-22T14:01:47.746+0000] {processor.py:161} INFO - Started process (PID=1211) to work on /home/airflow/.local/lib/python3.12/site-packages/airflow/example_dags/example_branch_python_dop_operator_3.py
[2024-10-22T14:01:47.747+0000] {processor.py:830} INFO - Processing file /home/airflow/.local/lib/python3.12/site-packages/airflow/example_dags/example_branch_python_dop_operator_3.py for tasks to queue
[2024-10-22T14:01:47.749+0000] {logging_mixin.py:188} INFO - [2024-10-22T14:01:47.748+0000] {dagbag.py:545} INFO - Filling up the DagBag from /home/airflow/.local/lib/python3.12/site-packages/airflow/example_dags/example_branch_python_dop_operator_3.py
[2024-10-22T14:01:47.756+0000] {processor.py:840} INFO - DAG(s) 'example_branch_dop_operator_v3' retrieved from /home/airflow/.local/lib/python3.12/site-packages/airflow/example_dags/example_branch_python_dop_operator_3.py
[2024-10-22T14:01:47.771+0000] {logging_mixin.py:188} INFO - [2024-10-22T14:01:47.771+0000] {dag.py:3089} INFO - Sync 1 DAGs
[2024-10-22T14:01:47.790+0000] {logging_mixin.py:188} INFO - [2024-10-22T14:01:47.790+0000] {dag.py:3947} INFO - Setting next_dagrun for example_branch_dop_operator_v3 to 2024-10-22 14:00:00+00:00, run_after=2024-10-22 14:01:00+00:00
[2024-10-22T14:01:47.804+0000] {processor.py:183} INFO - Processing /home/airflow/.local/lib/python3.12/site-packages/airflow/example_dags/example_branch_python_dop_operator_3.py took 0.061 seconds
[2024-10-22T14:02:18.154+0000] {processor.py:161} INFO - Started process (PID=1478) to work on /home/airflow/.local/lib/python3.12/site-packages/airflow/example_dags/example_branch_python_dop_operator_3.py
[2024-10-22T14:02:18.155+0000] {processor.py:830} INFO - Processing file /home/airflow/.local/lib/python3.12/site-packages/airflow/example_dags/example_branch_python_dop_operator_3.py for tasks to queue
[2024-10-22T14:02:18.156+0000] {logging_mixin.py:188} INFO - [2024-10-22T14:02:18.156+0000] {dagbag.py:545} INFO - Filling up the DagBag from /home/airflow/.local/lib/python3.12/site-packages/airflow/example_dags/example_branch_python_dop_operator_3.py
[2024-10-22T14:02:18.163+0000] {processor.py:840} INFO - DAG(s) 'example_branch_dop_operator_v3' retrieved from /home/airflow/.local/lib/python3.12/site-packages/airflow/example_dags/example_branch_python_dop_operator_3.py
[2024-10-22T14:02:18.179+0000] {logging_mixin.py:188} INFO - [2024-10-22T14:02:18.179+0000] {dag.py:3089} INFO - Sync 1 DAGs
[2024-10-22T14:02:18.197+0000] {logging_mixin.py:188} INFO - [2024-10-22T14:02:18.196+0000] {dag.py:3947} INFO - Setting next_dagrun for example_branch_dop_operator_v3 to 2024-10-22 14:01:00+00:00, run_after=2024-10-22 14:02:00+00:00
[2024-10-22T14:02:18.210+0000] {processor.py:183} INFO - Processing /home/airflow/.local/lib/python3.12/site-packages/airflow/example_dags/example_branch_python_dop_operator_3.py took 0.060 seconds
[2024-10-22T14:02:48.350+0000] {processor.py:161} INFO - Started process (PID=1747) to work on /home/airflow/.local/lib/python3.12/site-packages/airflow/example_dags/example_branch_python_dop_operator_3.py
[2024-10-22T14:02:48.351+0000] {processor.py:830} INFO - Processing file /home/airflow/.local/lib/python3.12/site-packages/airflow/example_dags/example_branch_python_dop_operator_3.py for tasks to queue
[2024-10-22T14:02:48.353+0000] {logging_mixin.py:188} INFO - [2024-10-22T14:02:48.352+0000] {dagbag.py:545} INFO - Filling up the DagBag from /home/airflow/.local/lib/python3.12/site-packages/airflow/example_dags/example_branch_python_dop_operator_3.py
[2024-10-22T14:02:48.362+0000] {processor.py:840} INFO - DAG(s) 'example_branch_dop_operator_v3' retrieved from /home/airflow/.local/lib/python3.12/site-packages/airflow/example_dags/example_branch_python_dop_operator_3.py
[2024-10-22T14:02:48.381+0000] {logging_mixin.py:188} INFO - [2024-10-22T14:02:48.381+0000] {dag.py:3089} INFO - Sync 1 DAGs
[2024-10-22T14:02:48.402+0000] {logging_mixin.py:188} INFO - [2024-10-22T14:02:48.402+0000] {dag.py:3947} INFO - Setting next_dagrun for example_branch_dop_operator_v3 to 2024-10-22 14:01:00+00:00, run_after=2024-10-22 14:02:00+00:00
[2024-10-22T14:02:48.414+0000] {processor.py:183} INFO - Processing /home/airflow/.local/lib/python3.12/site-packages/airflow/example_dags/example_branch_python_dop_operator_3.py took 0.069 seconds
[2024-10-22T14:03:18.590+0000] {processor.py:161} INFO - Started process (PID=2014) to work on /home/airflow/.local/lib/python3.12/site-packages/airflow/example_dags/example_branch_python_dop_operator_3.py
[2024-10-22T14:03:18.591+0000] {processor.py:830} INFO - Processing file /home/airflow/.local/lib/python3.12/site-packages/airflow/example_dags/example_branch_python_dop_operator_3.py for tasks to queue
[2024-10-22T14:03:18.592+0000] {logging_mixin.py:188} INFO - [2024-10-22T14:03:18.592+0000] {dagbag.py:545} INFO - Filling up the DagBag from /home/airflow/.local/lib/python3.12/site-packages/airflow/example_dags/example_branch_python_dop_operator_3.py
[2024-10-22T14:03:18.598+0000] {processor.py:840} INFO - DAG(s) 'example_branch_dop_operator_v3' retrieved from /home/airflow/.local/lib/python3.12/site-packages/airflow/example_dags/example_branch_python_dop_operator_3.py
[2024-10-22T14:03:18.613+0000] {logging_mixin.py:188} INFO - [2024-10-22T14:03:18.612+0000] {dag.py:3089} INFO - Sync 1 DAGs
[2024-10-22T14:03:18.630+0000] {logging_mixin.py:188} INFO - [2024-10-22T14:03:18.629+0000] {dag.py:3947} INFO - Setting next_dagrun for example_branch_dop_operator_v3 to 2024-10-22 14:02:00+00:00, run_after=2024-10-22 14:03:00+00:00
[2024-10-22T14:03:18.643+0000] {processor.py:183} INFO - Processing /home/airflow/.local/lib/python3.12/site-packages/airflow/example_dags/example_branch_python_dop_operator_3.py took 0.056 seconds
[2024-10-22T14:03:49.017+0000] {processor.py:161} INFO - Started process (PID=2279) to work on /home/airflow/.local/lib/python3.12/site-packages/airflow/example_dags/example_branch_python_dop_operator_3.py
[2024-10-22T14:03:49.018+0000] {processor.py:830} INFO - Processing file /home/airflow/.local/lib/python3.12/site-packages/airflow/example_dags/example_branch_python_dop_operator_3.py for tasks to queue
[2024-10-22T14:03:49.019+0000] {logging_mixin.py:188} INFO - [2024-10-22T14:03:49.019+0000] {dagbag.py:545} INFO - Filling up the DagBag from /home/airflow/.local/lib/python3.12/site-packages/airflow/example_dags/example_branch_python_dop_operator_3.py
[2024-10-22T14:03:49.025+0000] {processor.py:840} INFO - DAG(s) 'example_branch_dop_operator_v3' retrieved from /home/airflow/.local/lib/python3.12/site-packages/airflow/example_dags/example_branch_python_dop_operator_3.py
[2024-10-22T14:03:49.041+0000] {logging_mixin.py:188} INFO - [2024-10-22T14:03:49.041+0000] {dag.py:3089} INFO - Sync 1 DAGs
[2024-10-22T14:03:49.059+0000] {logging_mixin.py:188} INFO - [2024-10-22T14:03:49.059+0000] {dag.py:3947} INFO - Setting next_dagrun for example_branch_dop_operator_v3 to 2024-10-22 14:02:00+00:00, run_after=2024-10-22 14:03:00+00:00
[2024-10-22T14:03:49.074+0000] {processor.py:183} INFO - Processing /home/airflow/.local/lib/python3.12/site-packages/airflow/example_dags/example_branch_python_dop_operator_3.py took 0.061 seconds
[2024-10-22T14:34:26.860+0000] {processor.py:161} INFO - Started process (PID=412) to work on /home/airflow/.local/lib/python3.12/site-packages/airflow/example_dags/example_branch_python_dop_operator_3.py
[2024-10-22T14:34:26.861+0000] {processor.py:830} INFO - Processing file /home/airflow/.local/lib/python3.12/site-packages/airflow/example_dags/example_branch_python_dop_operator_3.py for tasks to queue
[2024-10-22T14:34:26.862+0000] {logging_mixin.py:188} INFO - [2024-10-22T14:34:26.862+0000] {dagbag.py:545} INFO - Filling up the DagBag from /home/airflow/.local/lib/python3.12/site-packages/airflow/example_dags/example_branch_python_dop_operator_3.py
[2024-10-22T14:34:26.868+0000] {processor.py:840} INFO - DAG(s) 'example_branch_dop_operator_v3' retrieved from /home/airflow/.local/lib/python3.12/site-packages/airflow/example_dags/example_branch_python_dop_operator_3.py
[2024-10-22T14:34:26.875+0000] {logging_mixin.py:188} INFO - [2024-10-22T14:34:26.875+0000] {dag.py:3089} INFO - Sync 1 DAGs
[2024-10-22T14:34:26.894+0000] {logging_mixin.py:188} INFO - [2024-10-22T14:34:26.894+0000] {dag.py:3947} INFO - Setting next_dagrun for example_branch_dop_operator_v3 to 2024-10-22 14:33:00+00:00, run_after=2024-10-22 14:34:00+00:00
[2024-10-22T14:34:26.907+0000] {processor.py:183} INFO - Processing /home/airflow/.local/lib/python3.12/site-packages/airflow/example_dags/example_branch_python_dop_operator_3.py took 0.050 seconds
[2024-10-22T14:34:58.778+0000] {processor.py:161} INFO - Started process (PID=677) to work on /home/airflow/.local/lib/python3.12/site-packages/airflow/example_dags/example_branch_python_dop_operator_3.py
[2024-10-22T14:34:58.779+0000] {processor.py:830} INFO - Processing file /home/airflow/.local/lib/python3.12/site-packages/airflow/example_dags/example_branch_python_dop_operator_3.py for tasks to queue
[2024-10-22T14:34:58.780+0000] {logging_mixin.py:188} INFO - [2024-10-22T14:34:58.780+0000] {dagbag.py:545} INFO - Filling up the DagBag from /home/airflow/.local/lib/python3.12/site-packages/airflow/example_dags/example_branch_python_dop_operator_3.py
[2024-10-22T14:34:58.787+0000] {processor.py:840} INFO - DAG(s) 'example_branch_dop_operator_v3' retrieved from /home/airflow/.local/lib/python3.12/site-packages/airflow/example_dags/example_branch_python_dop_operator_3.py
[2024-10-22T14:34:58.868+0000] {logging_mixin.py:188} INFO - [2024-10-22T14:34:58.868+0000] {dag.py:3089} INFO - Sync 1 DAGs
[2024-10-22T14:34:58.886+0000] {logging_mixin.py:188} INFO - [2024-10-22T14:34:58.885+0000] {dag.py:3947} INFO - Setting next_dagrun for example_branch_dop_operator_v3 to 2024-10-22 14:33:00+00:00, run_after=2024-10-22 14:34:00+00:00
[2024-10-22T14:34:58.901+0000] {processor.py:183} INFO - Processing /home/airflow/.local/lib/python3.12/site-packages/airflow/example_dags/example_branch_python_dop_operator_3.py took 0.127 seconds
[2024-10-22T14:35:29.119+0000] {processor.py:161} INFO - Started process (PID=944) to work on /home/airflow/.local/lib/python3.12/site-packages/airflow/example_dags/example_branch_python_dop_operator_3.py
[2024-10-22T14:35:29.120+0000] {processor.py:830} INFO - Processing file /home/airflow/.local/lib/python3.12/site-packages/airflow/example_dags/example_branch_python_dop_operator_3.py for tasks to queue
[2024-10-22T14:35:29.121+0000] {logging_mixin.py:188} INFO - [2024-10-22T14:35:29.121+0000] {dagbag.py:545} INFO - Filling up the DagBag from /home/airflow/.local/lib/python3.12/site-packages/airflow/example_dags/example_branch_python_dop_operator_3.py
[2024-10-22T14:35:29.127+0000] {processor.py:840} INFO - DAG(s) 'example_branch_dop_operator_v3' retrieved from /home/airflow/.local/lib/python3.12/site-packages/airflow/example_dags/example_branch_python_dop_operator_3.py
[2024-10-22T14:35:29.140+0000] {logging_mixin.py:188} INFO - [2024-10-22T14:35:29.140+0000] {dag.py:3089} INFO - Sync 1 DAGs
[2024-10-22T14:35:29.156+0000] {logging_mixin.py:188} INFO - [2024-10-22T14:35:29.156+0000] {dag.py:3947} INFO - Setting next_dagrun for example_branch_dop_operator_v3 to 2024-10-22 14:34:00+00:00, run_after=2024-10-22 14:35:00+00:00
[2024-10-22T14:35:29.169+0000] {processor.py:183} INFO - Processing /home/airflow/.local/lib/python3.12/site-packages/airflow/example_dags/example_branch_python_dop_operator_3.py took 0.054 seconds
[2024-10-22T14:35:59.417+0000] {processor.py:161} INFO - Started process (PID=1213) to work on /home/airflow/.local/lib/python3.12/site-packages/airflow/example_dags/example_branch_python_dop_operator_3.py
[2024-10-22T14:35:59.418+0000] {processor.py:830} INFO - Processing file /home/airflow/.local/lib/python3.12/site-packages/airflow/example_dags/example_branch_python_dop_operator_3.py for tasks to queue
[2024-10-22T14:35:59.419+0000] {logging_mixin.py:188} INFO - [2024-10-22T14:35:59.419+0000] {dagbag.py:545} INFO - Filling up the DagBag from /home/airflow/.local/lib/python3.12/site-packages/airflow/example_dags/example_branch_python_dop_operator_3.py
[2024-10-22T14:35:59.425+0000] {processor.py:840} INFO - DAG(s) 'example_branch_dop_operator_v3' retrieved from /home/airflow/.local/lib/python3.12/site-packages/airflow/example_dags/example_branch_python_dop_operator_3.py
[2024-10-22T14:35:59.439+0000] {logging_mixin.py:188} INFO - [2024-10-22T14:35:59.439+0000] {dag.py:3089} INFO - Sync 1 DAGs
[2024-10-22T14:35:59.456+0000] {logging_mixin.py:188} INFO - [2024-10-22T14:35:59.456+0000] {dag.py:3947} INFO - Setting next_dagrun for example_branch_dop_operator_v3 to 2024-10-22 14:34:00+00:00, run_after=2024-10-22 14:35:00+00:00
[2024-10-22T14:35:59.469+0000] {processor.py:183} INFO - Processing /home/airflow/.local/lib/python3.12/site-packages/airflow/example_dags/example_branch_python_dop_operator_3.py took 0.055 seconds
[2024-10-22T14:36:29.755+0000] {processor.py:161} INFO - Started process (PID=1478) to work on /home/airflow/.local/lib/python3.12/site-packages/airflow/example_dags/example_branch_python_dop_operator_3.py
[2024-10-22T14:36:29.755+0000] {processor.py:830} INFO - Processing file /home/airflow/.local/lib/python3.12/site-packages/airflow/example_dags/example_branch_python_dop_operator_3.py for tasks to queue
[2024-10-22T14:36:29.757+0000] {logging_mixin.py:188} INFO - [2024-10-22T14:36:29.756+0000] {dagbag.py:545} INFO - Filling up the DagBag from /home/airflow/.local/lib/python3.12/site-packages/airflow/example_dags/example_branch_python_dop_operator_3.py
[2024-10-22T14:36:29.762+0000] {processor.py:840} INFO - DAG(s) 'example_branch_dop_operator_v3' retrieved from /home/airflow/.local/lib/python3.12/site-packages/airflow/example_dags/example_branch_python_dop_operator_3.py
[2024-10-22T14:36:29.777+0000] {logging_mixin.py:188} INFO - [2024-10-22T14:36:29.776+0000] {dag.py:3089} INFO - Sync 1 DAGs
[2024-10-22T14:36:29.793+0000] {logging_mixin.py:188} INFO - [2024-10-22T14:36:29.793+0000] {dag.py:3947} INFO - Setting next_dagrun for example_branch_dop_operator_v3 to 2024-10-22 14:35:00+00:00, run_after=2024-10-22 14:36:00+00:00
[2024-10-22T14:36:29.806+0000] {processor.py:183} INFO - Processing /home/airflow/.local/lib/python3.12/site-packages/airflow/example_dags/example_branch_python_dop_operator_3.py took 0.055 seconds
[2024-10-22T14:36:59.977+0000] {processor.py:161} INFO - Started process (PID=1747) to work on /home/airflow/.local/lib/python3.12/site-packages/airflow/example_dags/example_branch_python_dop_operator_3.py
[2024-10-22T14:36:59.978+0000] {processor.py:830} INFO - Processing file /home/airflow/.local/lib/python3.12/site-packages/airflow/example_dags/example_branch_python_dop_operator_3.py for tasks to queue
[2024-10-22T14:36:59.980+0000] {logging_mixin.py:188} INFO - [2024-10-22T14:36:59.979+0000] {dagbag.py:545} INFO - Filling up the DagBag from /home/airflow/.local/lib/python3.12/site-packages/airflow/example_dags/example_branch_python_dop_operator_3.py
[2024-10-22T14:36:59.986+0000] {processor.py:840} INFO - DAG(s) 'example_branch_dop_operator_v3' retrieved from /home/airflow/.local/lib/python3.12/site-packages/airflow/example_dags/example_branch_python_dop_operator_3.py
[2024-10-22T14:37:00.000+0000] {logging_mixin.py:188} INFO - [2024-10-22T14:37:00.000+0000] {dag.py:3089} INFO - Sync 1 DAGs
[2024-10-22T14:37:00.018+0000] {logging_mixin.py:188} INFO - [2024-10-22T14:37:00.018+0000] {dag.py:3947} INFO - Setting next_dagrun for example_branch_dop_operator_v3 to 2024-10-22 14:36:00+00:00, run_after=2024-10-22 14:37:00+00:00
[2024-10-22T14:37:00.032+0000] {processor.py:183} INFO - Processing /home/airflow/.local/lib/python3.12/site-packages/airflow/example_dags/example_branch_python_dop_operator_3.py took 0.059 seconds
[2024-10-22T14:37:30.165+0000] {processor.py:161} INFO - Started process (PID=2014) to work on /home/airflow/.local/lib/python3.12/site-packages/airflow/example_dags/example_branch_python_dop_operator_3.py
[2024-10-22T14:37:30.165+0000] {processor.py:830} INFO - Processing file /home/airflow/.local/lib/python3.12/site-packages/airflow/example_dags/example_branch_python_dop_operator_3.py for tasks to queue
[2024-10-22T14:37:30.167+0000] {logging_mixin.py:188} INFO - [2024-10-22T14:37:30.166+0000] {dagbag.py:545} INFO - Filling up the DagBag from /home/airflow/.local/lib/python3.12/site-packages/airflow/example_dags/example_branch_python_dop_operator_3.py
[2024-10-22T14:37:30.173+0000] {processor.py:840} INFO - DAG(s) 'example_branch_dop_operator_v3' retrieved from /home/airflow/.local/lib/python3.12/site-packages/airflow/example_dags/example_branch_python_dop_operator_3.py
[2024-10-22T14:37:30.185+0000] {logging_mixin.py:188} INFO - [2024-10-22T14:37:30.185+0000] {dag.py:3089} INFO - Sync 1 DAGs
[2024-10-22T14:37:30.200+0000] {logging_mixin.py:188} INFO - [2024-10-22T14:37:30.200+0000] {dag.py:3947} INFO - Setting next_dagrun for example_branch_dop_operator_v3 to 2024-10-22 14:36:00+00:00, run_after=2024-10-22 14:37:00+00:00
[2024-10-22T14:37:30.213+0000] {processor.py:183} INFO - Processing /home/airflow/.local/lib/python3.12/site-packages/airflow/example_dags/example_branch_python_dop_operator_3.py took 0.052 seconds
[2024-10-22T14:38:00.275+0000] {processor.py:161} INFO - Started process (PID=2279) to work on /home/airflow/.local/lib/python3.12/site-packages/airflow/example_dags/example_branch_python_dop_operator_3.py
[2024-10-22T14:38:00.276+0000] {processor.py:830} INFO - Processing file /home/airflow/.local/lib/python3.12/site-packages/airflow/example_dags/example_branch_python_dop_operator_3.py for tasks to queue
[2024-10-22T14:38:00.278+0000] {logging_mixin.py:188} INFO - [2024-10-22T14:38:00.278+0000] {dagbag.py:545} INFO - Filling up the DagBag from /home/airflow/.local/lib/python3.12/site-packages/airflow/example_dags/example_branch_python_dop_operator_3.py
[2024-10-22T14:38:00.286+0000] {processor.py:840} INFO - DAG(s) 'example_branch_dop_operator_v3' retrieved from /home/airflow/.local/lib/python3.12/site-packages/airflow/example_dags/example_branch_python_dop_operator_3.py
[2024-10-22T14:38:00.300+0000] {logging_mixin.py:188} INFO - [2024-10-22T14:38:00.300+0000] {dag.py:3089} INFO - Sync 1 DAGs
[2024-10-22T14:38:00.319+0000] {logging_mixin.py:188} INFO - [2024-10-22T14:38:00.318+0000] {dag.py:3947} INFO - Setting next_dagrun for example_branch_dop_operator_v3 to 2024-10-22 14:37:00+00:00, run_after=2024-10-22 14:38:00+00:00
[2024-10-22T14:38:00.333+0000] {processor.py:183} INFO - Processing /home/airflow/.local/lib/python3.12/site-packages/airflow/example_dags/example_branch_python_dop_operator_3.py took 0.063 seconds
[2024-10-22T14:38:30.400+0000] {processor.py:161} INFO - Started process (PID=2546) to work on /home/airflow/.local/lib/python3.12/site-packages/airflow/example_dags/example_branch_python_dop_operator_3.py
[2024-10-22T14:38:30.401+0000] {processor.py:830} INFO - Processing file /home/airflow/.local/lib/python3.12/site-packages/airflow/example_dags/example_branch_python_dop_operator_3.py for tasks to queue
[2024-10-22T14:38:30.403+0000] {logging_mixin.py:188} INFO - [2024-10-22T14:38:30.402+0000] {dagbag.py:545} INFO - Filling up the DagBag from /home/airflow/.local/lib/python3.12/site-packages/airflow/example_dags/example_branch_python_dop_operator_3.py
[2024-10-22T14:38:30.409+0000] {processor.py:840} INFO - DAG(s) 'example_branch_dop_operator_v3' retrieved from /home/airflow/.local/lib/python3.12/site-packages/airflow/example_dags/example_branch_python_dop_operator_3.py
[2024-10-22T14:38:30.423+0000] {logging_mixin.py:188} INFO - [2024-10-22T14:38:30.423+0000] {dag.py:3089} INFO - Sync 1 DAGs
[2024-10-22T14:38:30.439+0000] {logging_mixin.py:188} INFO - [2024-10-22T14:38:30.439+0000] {dag.py:3947} INFO - Setting next_dagrun for example_branch_dop_operator_v3 to 2024-10-22 14:37:00+00:00, run_after=2024-10-22 14:38:00+00:00
[2024-10-22T14:38:30.451+0000] {processor.py:183} INFO - Processing /home/airflow/.local/lib/python3.12/site-packages/airflow/example_dags/example_branch_python_dop_operator_3.py took 0.055 seconds
[2024-10-22T14:39:00.998+0000] {processor.py:161} INFO - Started process (PID=2813) to work on /home/airflow/.local/lib/python3.12/site-packages/airflow/example_dags/example_branch_python_dop_operator_3.py
[2024-10-22T14:39:00.998+0000] {processor.py:830} INFO - Processing file /home/airflow/.local/lib/python3.12/site-packages/airflow/example_dags/example_branch_python_dop_operator_3.py for tasks to queue
[2024-10-22T14:39:00.999+0000] {logging_mixin.py:188} INFO - [2024-10-22T14:39:00.999+0000] {dagbag.py:545} INFO - Filling up the DagBag from /home/airflow/.local/lib/python3.12/site-packages/airflow/example_dags/example_branch_python_dop_operator_3.py
[2024-10-22T14:39:01.005+0000] {processor.py:840} INFO - DAG(s) 'example_branch_dop_operator_v3' retrieved from /home/airflow/.local/lib/python3.12/site-packages/airflow/example_dags/example_branch_python_dop_operator_3.py
[2024-10-22T14:39:01.018+0000] {logging_mixin.py:188} INFO - [2024-10-22T14:39:01.018+0000] {dag.py:3089} INFO - Sync 1 DAGs
[2024-10-22T14:39:01.034+0000] {logging_mixin.py:188} INFO - [2024-10-22T14:39:01.034+0000] {dag.py:3947} INFO - Setting next_dagrun for example_branch_dop_operator_v3 to 2024-10-22 14:38:00+00:00, run_after=2024-10-22 14:39:00+00:00
[2024-10-22T14:39:01.045+0000] {processor.py:183} INFO - Processing /home/airflow/.local/lib/python3.12/site-packages/airflow/example_dags/example_branch_python_dop_operator_3.py took 0.052 seconds
[2024-10-22T14:39:31.116+0000] {processor.py:161} INFO - Started process (PID=3080) to work on /home/airflow/.local/lib/python3.12/site-packages/airflow/example_dags/example_branch_python_dop_operator_3.py
[2024-10-22T14:39:31.116+0000] {processor.py:830} INFO - Processing file /home/airflow/.local/lib/python3.12/site-packages/airflow/example_dags/example_branch_python_dop_operator_3.py for tasks to queue
[2024-10-22T14:39:31.118+0000] {logging_mixin.py:188} INFO - [2024-10-22T14:39:31.117+0000] {dagbag.py:545} INFO - Filling up the DagBag from /home/airflow/.local/lib/python3.12/site-packages/airflow/example_dags/example_branch_python_dop_operator_3.py
[2024-10-22T14:39:31.123+0000] {processor.py:840} INFO - DAG(s) 'example_branch_dop_operator_v3' retrieved from /home/airflow/.local/lib/python3.12/site-packages/airflow/example_dags/example_branch_python_dop_operator_3.py
[2024-10-22T14:39:31.137+0000] {logging_mixin.py:188} INFO - [2024-10-22T14:39:31.136+0000] {dag.py:3089} INFO - Sync 1 DAGs
[2024-10-22T14:39:31.153+0000] {logging_mixin.py:188} INFO - [2024-10-22T14:39:31.153+0000] {dag.py:3947} INFO - Setting next_dagrun for example_branch_dop_operator_v3 to 2024-10-22 14:38:00+00:00, run_after=2024-10-22 14:39:00+00:00
[2024-10-22T14:39:31.164+0000] {processor.py:183} INFO - Processing /home/airflow/.local/lib/python3.12/site-packages/airflow/example_dags/example_branch_python_dop_operator_3.py took 0.053 seconds
[2024-10-22T14:40:01.351+0000] {processor.py:161} INFO - Started process (PID=3347) to work on /home/airflow/.local/lib/python3.12/site-packages/airflow/example_dags/example_branch_python_dop_operator_3.py
[2024-10-22T14:40:01.351+0000] {processor.py:830} INFO - Processing file /home/airflow/.local/lib/python3.12/site-packages/airflow/example_dags/example_branch_python_dop_operator_3.py for tasks to queue
[2024-10-22T14:40:01.353+0000] {logging_mixin.py:188} INFO - [2024-10-22T14:40:01.352+0000] {dagbag.py:545} INFO - Filling up the DagBag from /home/airflow/.local/lib/python3.12/site-packages/airflow/example_dags/example_branch_python_dop_operator_3.py
[2024-10-22T14:40:01.359+0000] {processor.py:840} INFO - DAG(s) 'example_branch_dop_operator_v3' retrieved from /home/airflow/.local/lib/python3.12/site-packages/airflow/example_dags/example_branch_python_dop_operator_3.py
[2024-10-22T14:40:01.373+0000] {logging_mixin.py:188} INFO - [2024-10-22T14:40:01.373+0000] {dag.py:3089} INFO - Sync 1 DAGs
[2024-10-22T14:40:01.389+0000] {logging_mixin.py:188} INFO - [2024-10-22T14:40:01.389+0000] {dag.py:3947} INFO - Setting next_dagrun for example_branch_dop_operator_v3 to 2024-10-22 14:39:00+00:00, run_after=2024-10-22 14:40:00+00:00
[2024-10-22T14:40:01.401+0000] {processor.py:183} INFO - Processing /home/airflow/.local/lib/python3.12/site-packages/airflow/example_dags/example_branch_python_dop_operator_3.py took 0.054 seconds
[2024-10-22T14:40:31.606+0000] {processor.py:161} INFO - Started process (PID=3616) to work on /home/airflow/.local/lib/python3.12/site-packages/airflow/example_dags/example_branch_python_dop_operator_3.py
[2024-10-22T14:40:31.606+0000] {processor.py:830} INFO - Processing file /home/airflow/.local/lib/python3.12/site-packages/airflow/example_dags/example_branch_python_dop_operator_3.py for tasks to queue
[2024-10-22T14:40:31.608+0000] {logging_mixin.py:188} INFO - [2024-10-22T14:40:31.607+0000] {dagbag.py:545} INFO - Filling up the DagBag from /home/airflow/.local/lib/python3.12/site-packages/airflow/example_dags/example_branch_python_dop_operator_3.py
[2024-10-22T14:40:31.613+0000] {processor.py:840} INFO - DAG(s) 'example_branch_dop_operator_v3' retrieved from /home/airflow/.local/lib/python3.12/site-packages/airflow/example_dags/example_branch_python_dop_operator_3.py
[2024-10-22T14:40:31.626+0000] {logging_mixin.py:188} INFO - [2024-10-22T14:40:31.626+0000] {dag.py:3089} INFO - Sync 1 DAGs
[2024-10-22T14:40:31.641+0000] {logging_mixin.py:188} INFO - [2024-10-22T14:40:31.641+0000] {dag.py:3947} INFO - Setting next_dagrun for example_branch_dop_operator_v3 to 2024-10-22 14:39:00+00:00, run_after=2024-10-22 14:40:00+00:00
[2024-10-22T14:40:31.651+0000] {processor.py:183} INFO - Processing /home/airflow/.local/lib/python3.12/site-packages/airflow/example_dags/example_branch_python_dop_operator_3.py took 0.050 seconds
[2024-10-22T14:41:01.678+0000] {processor.py:161} INFO - Started process (PID=3881) to work on /home/airflow/.local/lib/python3.12/site-packages/airflow/example_dags/example_branch_python_dop_operator_3.py
[2024-10-22T14:41:01.678+0000] {processor.py:830} INFO - Processing file /home/airflow/.local/lib/python3.12/site-packages/airflow/example_dags/example_branch_python_dop_operator_3.py for tasks to queue
[2024-10-22T14:41:01.680+0000] {logging_mixin.py:188} INFO - [2024-10-22T14:41:01.679+0000] {dagbag.py:545} INFO - Filling up the DagBag from /home/airflow/.local/lib/python3.12/site-packages/airflow/example_dags/example_branch_python_dop_operator_3.py
[2024-10-22T14:41:01.686+0000] {processor.py:840} INFO - DAG(s) 'example_branch_dop_operator_v3' retrieved from /home/airflow/.local/lib/python3.12/site-packages/airflow/example_dags/example_branch_python_dop_operator_3.py
[2024-10-22T14:41:01.699+0000] {logging_mixin.py:188} INFO - [2024-10-22T14:41:01.699+0000] {dag.py:3089} INFO - Sync 1 DAGs
[2024-10-22T14:41:01.715+0000] {logging_mixin.py:188} INFO - [2024-10-22T14:41:01.715+0000] {dag.py:3947} INFO - Setting next_dagrun for example_branch_dop_operator_v3 to 2024-10-22 14:40:00+00:00, run_after=2024-10-22 14:41:00+00:00
[2024-10-22T14:41:01.726+0000] {processor.py:183} INFO - Processing /home/airflow/.local/lib/python3.12/site-packages/airflow/example_dags/example_branch_python_dop_operator_3.py took 0.052 seconds
[2024-10-22T14:41:32.028+0000] {processor.py:161} INFO - Started process (PID=4148) to work on /home/airflow/.local/lib/python3.12/site-packages/airflow/example_dags/example_branch_python_dop_operator_3.py
[2024-10-22T14:41:32.028+0000] {processor.py:830} INFO - Processing file /home/airflow/.local/lib/python3.12/site-packages/airflow/example_dags/example_branch_python_dop_operator_3.py for tasks to queue
[2024-10-22T14:41:32.030+0000] {logging_mixin.py:188} INFO - [2024-10-22T14:41:32.030+0000] {dagbag.py:545} INFO - Filling up the DagBag from /home/airflow/.local/lib/python3.12/site-packages/airflow/example_dags/example_branch_python_dop_operator_3.py
[2024-10-22T14:41:32.037+0000] {processor.py:840} INFO - DAG(s) 'example_branch_dop_operator_v3' retrieved from /home/airflow/.local/lib/python3.12/site-packages/airflow/example_dags/example_branch_python_dop_operator_3.py
[2024-10-22T14:41:32.051+0000] {logging_mixin.py:188} INFO - [2024-10-22T14:41:32.050+0000] {dag.py:3089} INFO - Sync 1 DAGs
[2024-10-22T14:41:32.069+0000] {logging_mixin.py:188} INFO - [2024-10-22T14:41:32.069+0000] {dag.py:3947} INFO - Setting next_dagrun for example_branch_dop_operator_v3 to 2024-10-22 14:40:00+00:00, run_after=2024-10-22 14:41:00+00:00
[2024-10-22T14:41:32.083+0000] {processor.py:183} INFO - Processing /home/airflow/.local/lib/python3.12/site-packages/airflow/example_dags/example_branch_python_dop_operator_3.py took 0.059 seconds
[2024-10-22T14:42:02.139+0000] {processor.py:161} INFO - Started process (PID=4415) to work on /home/airflow/.local/lib/python3.12/site-packages/airflow/example_dags/example_branch_python_dop_operator_3.py
[2024-10-22T14:42:02.140+0000] {processor.py:830} INFO - Processing file /home/airflow/.local/lib/python3.12/site-packages/airflow/example_dags/example_branch_python_dop_operator_3.py for tasks to queue
[2024-10-22T14:42:02.141+0000] {logging_mixin.py:188} INFO - [2024-10-22T14:42:02.141+0000] {dagbag.py:545} INFO - Filling up the DagBag from /home/airflow/.local/lib/python3.12/site-packages/airflow/example_dags/example_branch_python_dop_operator_3.py
[2024-10-22T14:42:02.148+0000] {processor.py:840} INFO - DAG(s) 'example_branch_dop_operator_v3' retrieved from /home/airflow/.local/lib/python3.12/site-packages/airflow/example_dags/example_branch_python_dop_operator_3.py
[2024-10-22T14:42:02.161+0000] {logging_mixin.py:188} INFO - [2024-10-22T14:42:02.161+0000] {dag.py:3089} INFO - Sync 1 DAGs
[2024-10-22T14:42:02.178+0000] {logging_mixin.py:188} INFO - [2024-10-22T14:42:02.178+0000] {dag.py:3947} INFO - Setting next_dagrun for example_branch_dop_operator_v3 to 2024-10-22 14:41:00+00:00, run_after=2024-10-22 14:42:00+00:00
[2024-10-22T14:42:02.191+0000] {processor.py:183} INFO - Processing /home/airflow/.local/lib/python3.12/site-packages/airflow/example_dags/example_branch_python_dop_operator_3.py took 0.056 seconds
[2024-10-22T14:42:49.377+0000] {processor.py:161} INFO - Started process (PID=410) to work on /home/airflow/.local/lib/python3.12/site-packages/airflow/example_dags/example_branch_python_dop_operator_3.py
[2024-10-22T14:42:49.378+0000] {processor.py:830} INFO - Processing file /home/airflow/.local/lib/python3.12/site-packages/airflow/example_dags/example_branch_python_dop_operator_3.py for tasks to queue
[2024-10-22T14:42:49.379+0000] {logging_mixin.py:188} INFO - [2024-10-22T14:42:49.379+0000] {dagbag.py:545} INFO - Filling up the DagBag from /home/airflow/.local/lib/python3.12/site-packages/airflow/example_dags/example_branch_python_dop_operator_3.py
[2024-10-22T14:42:49.385+0000] {processor.py:840} INFO - DAG(s) 'example_branch_dop_operator_v3' retrieved from /home/airflow/.local/lib/python3.12/site-packages/airflow/example_dags/example_branch_python_dop_operator_3.py
[2024-10-22T14:42:49.394+0000] {logging_mixin.py:188} INFO - [2024-10-22T14:42:49.394+0000] {dag.py:3089} INFO - Sync 1 DAGs
[2024-10-22T14:42:49.415+0000] {logging_mixin.py:188} INFO - [2024-10-22T14:42:49.414+0000] {dag.py:3947} INFO - Setting next_dagrun for example_branch_dop_operator_v3 to 2024-10-22 14:41:00+00:00, run_after=2024-10-22 14:42:00+00:00
[2024-10-22T14:42:49.428+0000] {processor.py:183} INFO - Processing /home/airflow/.local/lib/python3.12/site-packages/airflow/example_dags/example_branch_python_dop_operator_3.py took 0.055 seconds
[2024-10-22T14:43:20.753+0000] {processor.py:161} INFO - Started process (PID=677) to work on /home/airflow/.local/lib/python3.12/site-packages/airflow/example_dags/example_branch_python_dop_operator_3.py
[2024-10-22T14:43:20.754+0000] {processor.py:830} INFO - Processing file /home/airflow/.local/lib/python3.12/site-packages/airflow/example_dags/example_branch_python_dop_operator_3.py for tasks to queue
[2024-10-22T14:43:20.755+0000] {logging_mixin.py:188} INFO - [2024-10-22T14:43:20.755+0000] {dagbag.py:545} INFO - Filling up the DagBag from /home/airflow/.local/lib/python3.12/site-packages/airflow/example_dags/example_branch_python_dop_operator_3.py
[2024-10-22T14:43:20.761+0000] {processor.py:840} INFO - DAG(s) 'example_branch_dop_operator_v3' retrieved from /home/airflow/.local/lib/python3.12/site-packages/airflow/example_dags/example_branch_python_dop_operator_3.py
[2024-10-22T14:43:20.830+0000] {logging_mixin.py:188} INFO - [2024-10-22T14:43:20.830+0000] {dag.py:3089} INFO - Sync 1 DAGs
[2024-10-22T14:43:20.845+0000] {logging_mixin.py:188} INFO - [2024-10-22T14:43:20.845+0000] {dag.py:3947} INFO - Setting next_dagrun for example_branch_dop_operator_v3 to 2024-10-22 14:42:00+00:00, run_after=2024-10-22 14:43:00+00:00
[2024-10-22T14:43:20.859+0000] {processor.py:183} INFO - Processing /home/airflow/.local/lib/python3.12/site-packages/airflow/example_dags/example_branch_python_dop_operator_3.py took 0.110 seconds
[2024-10-22T14:43:50.918+0000] {processor.py:161} INFO - Started process (PID=949) to work on /home/airflow/.local/lib/python3.12/site-packages/airflow/example_dags/example_branch_python_dop_operator_3.py
[2024-10-22T14:43:50.918+0000] {processor.py:830} INFO - Processing file /home/airflow/.local/lib/python3.12/site-packages/airflow/example_dags/example_branch_python_dop_operator_3.py for tasks to queue
[2024-10-22T14:43:50.919+0000] {logging_mixin.py:188} INFO - [2024-10-22T14:43:50.919+0000] {dagbag.py:545} INFO - Filling up the DagBag from /home/airflow/.local/lib/python3.12/site-packages/airflow/example_dags/example_branch_python_dop_operator_3.py
[2024-10-22T14:43:50.925+0000] {processor.py:840} INFO - DAG(s) 'example_branch_dop_operator_v3' retrieved from /home/airflow/.local/lib/python3.12/site-packages/airflow/example_dags/example_branch_python_dop_operator_3.py
[2024-10-22T14:43:50.938+0000] {logging_mixin.py:188} INFO - [2024-10-22T14:43:50.938+0000] {dag.py:3089} INFO - Sync 1 DAGs
[2024-10-22T14:43:50.954+0000] {logging_mixin.py:188} INFO - [2024-10-22T14:43:50.954+0000] {dag.py:3947} INFO - Setting next_dagrun for example_branch_dop_operator_v3 to 2024-10-22 14:42:00+00:00, run_after=2024-10-22 14:43:00+00:00
[2024-10-22T14:43:50.965+0000] {processor.py:183} INFO - Processing /home/airflow/.local/lib/python3.12/site-packages/airflow/example_dags/example_branch_python_dop_operator_3.py took 0.051 seconds
[2024-10-22T14:44:21.051+0000] {processor.py:161} INFO - Started process (PID=1216) to work on /home/airflow/.local/lib/python3.12/site-packages/airflow/example_dags/example_branch_python_dop_operator_3.py
[2024-10-22T14:44:21.052+0000] {processor.py:830} INFO - Processing file /home/airflow/.local/lib/python3.12/site-packages/airflow/example_dags/example_branch_python_dop_operator_3.py for tasks to queue
[2024-10-22T14:44:21.053+0000] {logging_mixin.py:188} INFO - [2024-10-22T14:44:21.053+0000] {dagbag.py:545} INFO - Filling up the DagBag from /home/airflow/.local/lib/python3.12/site-packages/airflow/example_dags/example_branch_python_dop_operator_3.py
[2024-10-22T14:44:21.059+0000] {processor.py:840} INFO - DAG(s) 'example_branch_dop_operator_v3' retrieved from /home/airflow/.local/lib/python3.12/site-packages/airflow/example_dags/example_branch_python_dop_operator_3.py
[2024-10-22T14:44:21.072+0000] {logging_mixin.py:188} INFO - [2024-10-22T14:44:21.072+0000] {dag.py:3089} INFO - Sync 1 DAGs
[2024-10-22T14:44:21.091+0000] {logging_mixin.py:188} INFO - [2024-10-22T14:44:21.091+0000] {dag.py:3947} INFO - Setting next_dagrun for example_branch_dop_operator_v3 to 2024-10-22 14:43:00+00:00, run_after=2024-10-22 14:44:00+00:00
[2024-10-22T14:44:21.104+0000] {processor.py:183} INFO - Processing /home/airflow/.local/lib/python3.12/site-packages/airflow/example_dags/example_branch_python_dop_operator_3.py took 0.057 seconds
[2024-10-22T14:44:51.962+0000] {processor.py:161} INFO - Started process (PID=1483) to work on /home/airflow/.local/lib/python3.12/site-packages/airflow/example_dags/example_branch_python_dop_operator_3.py
[2024-10-22T14:44:51.962+0000] {processor.py:830} INFO - Processing file /home/airflow/.local/lib/python3.12/site-packages/airflow/example_dags/example_branch_python_dop_operator_3.py for tasks to queue
[2024-10-22T14:44:51.964+0000] {logging_mixin.py:188} INFO - [2024-10-22T14:44:51.964+0000] {dagbag.py:545} INFO - Filling up the DagBag from /home/airflow/.local/lib/python3.12/site-packages/airflow/example_dags/example_branch_python_dop_operator_3.py
[2024-10-22T14:44:51.970+0000] {processor.py:840} INFO - DAG(s) 'example_branch_dop_operator_v3' retrieved from /home/airflow/.local/lib/python3.12/site-packages/airflow/example_dags/example_branch_python_dop_operator_3.py
[2024-10-22T14:44:51.982+0000] {logging_mixin.py:188} INFO - [2024-10-22T14:44:51.982+0000] {dag.py:3089} INFO - Sync 1 DAGs
[2024-10-22T14:44:51.998+0000] {logging_mixin.py:188} INFO - [2024-10-22T14:44:51.998+0000] {dag.py:3947} INFO - Setting next_dagrun for example_branch_dop_operator_v3 to 2024-10-22 14:43:00+00:00, run_after=2024-10-22 14:44:00+00:00
[2024-10-22T14:44:52.009+0000] {processor.py:183} INFO - Processing /home/airflow/.local/lib/python3.12/site-packages/airflow/example_dags/example_branch_python_dop_operator_3.py took 0.051 seconds
[2024-10-22T14:45:22.118+0000] {processor.py:161} INFO - Started process (PID=1750) to work on /home/airflow/.local/lib/python3.12/site-packages/airflow/example_dags/example_branch_python_dop_operator_3.py
[2024-10-22T14:45:22.119+0000] {processor.py:830} INFO - Processing file /home/airflow/.local/lib/python3.12/site-packages/airflow/example_dags/example_branch_python_dop_operator_3.py for tasks to queue
[2024-10-22T14:45:22.120+0000] {logging_mixin.py:188} INFO - [2024-10-22T14:45:22.120+0000] {dagbag.py:545} INFO - Filling up the DagBag from /home/airflow/.local/lib/python3.12/site-packages/airflow/example_dags/example_branch_python_dop_operator_3.py
[2024-10-22T14:45:22.126+0000] {processor.py:840} INFO - DAG(s) 'example_branch_dop_operator_v3' retrieved from /home/airflow/.local/lib/python3.12/site-packages/airflow/example_dags/example_branch_python_dop_operator_3.py
[2024-10-22T14:45:22.139+0000] {logging_mixin.py:188} INFO - [2024-10-22T14:45:22.139+0000] {dag.py:3089} INFO - Sync 1 DAGs
[2024-10-22T14:45:22.154+0000] {logging_mixin.py:188} INFO - [2024-10-22T14:45:22.154+0000] {dag.py:3947} INFO - Setting next_dagrun for example_branch_dop_operator_v3 to 2024-10-22 14:44:00+00:00, run_after=2024-10-22 14:45:00+00:00
[2024-10-22T14:45:22.166+0000] {processor.py:183} INFO - Processing /home/airflow/.local/lib/python3.12/site-packages/airflow/example_dags/example_branch_python_dop_operator_3.py took 0.052 seconds
[2024-10-22T14:45:52.686+0000] {processor.py:161} INFO - Started process (PID=2015) to work on /home/airflow/.local/lib/python3.12/site-packages/airflow/example_dags/example_branch_python_dop_operator_3.py
[2024-10-22T14:45:52.686+0000] {processor.py:830} INFO - Processing file /home/airflow/.local/lib/python3.12/site-packages/airflow/example_dags/example_branch_python_dop_operator_3.py for tasks to queue
[2024-10-22T14:45:52.688+0000] {logging_mixin.py:188} INFO - [2024-10-22T14:45:52.687+0000] {dagbag.py:545} INFO - Filling up the DagBag from /home/airflow/.local/lib/python3.12/site-packages/airflow/example_dags/example_branch_python_dop_operator_3.py
[2024-10-22T14:45:52.694+0000] {processor.py:840} INFO - DAG(s) 'example_branch_dop_operator_v3' retrieved from /home/airflow/.local/lib/python3.12/site-packages/airflow/example_dags/example_branch_python_dop_operator_3.py
[2024-10-22T14:45:52.709+0000] {logging_mixin.py:188} INFO - [2024-10-22T14:45:52.709+0000] {dag.py:3089} INFO - Sync 1 DAGs
[2024-10-22T14:45:52.728+0000] {logging_mixin.py:188} INFO - [2024-10-22T14:45:52.728+0000] {dag.py:3947} INFO - Setting next_dagrun for example_branch_dop_operator_v3 to 2024-10-22 14:44:00+00:00, run_after=2024-10-22 14:45:00+00:00
[2024-10-22T14:45:52.743+0000] {processor.py:183} INFO - Processing /home/airflow/.local/lib/python3.12/site-packages/airflow/example_dags/example_branch_python_dop_operator_3.py took 0.062 seconds
[2024-10-22T14:46:23.691+0000] {processor.py:161} INFO - Started process (PID=2282) to work on /home/airflow/.local/lib/python3.12/site-packages/airflow/example_dags/example_branch_python_dop_operator_3.py
[2024-10-22T14:46:23.692+0000] {processor.py:830} INFO - Processing file /home/airflow/.local/lib/python3.12/site-packages/airflow/example_dags/example_branch_python_dop_operator_3.py for tasks to queue
[2024-10-22T14:46:23.693+0000] {logging_mixin.py:188} INFO - [2024-10-22T14:46:23.693+0000] {dagbag.py:545} INFO - Filling up the DagBag from /home/airflow/.local/lib/python3.12/site-packages/airflow/example_dags/example_branch_python_dop_operator_3.py
[2024-10-22T14:46:23.699+0000] {processor.py:840} INFO - DAG(s) 'example_branch_dop_operator_v3' retrieved from /home/airflow/.local/lib/python3.12/site-packages/airflow/example_dags/example_branch_python_dop_operator_3.py
[2024-10-22T14:46:23.712+0000] {logging_mixin.py:188} INFO - [2024-10-22T14:46:23.712+0000] {dag.py:3089} INFO - Sync 1 DAGs
[2024-10-22T14:46:23.731+0000] {logging_mixin.py:188} INFO - [2024-10-22T14:46:23.730+0000] {dag.py:3947} INFO - Setting next_dagrun for example_branch_dop_operator_v3 to 2024-10-22 14:45:00+00:00, run_after=2024-10-22 14:46:00+00:00
[2024-10-22T14:46:23.744+0000] {processor.py:183} INFO - Processing /home/airflow/.local/lib/python3.12/site-packages/airflow/example_dags/example_branch_python_dop_operator_3.py took 0.057 seconds
[2024-10-22T14:46:54.476+0000] {processor.py:161} INFO - Started process (PID=2554) to work on /home/airflow/.local/lib/python3.12/site-packages/airflow/example_dags/example_branch_python_dop_operator_3.py
[2024-10-22T14:46:54.477+0000] {processor.py:830} INFO - Processing file /home/airflow/.local/lib/python3.12/site-packages/airflow/example_dags/example_branch_python_dop_operator_3.py for tasks to queue
[2024-10-22T14:46:54.478+0000] {logging_mixin.py:188} INFO - [2024-10-22T14:46:54.478+0000] {dagbag.py:545} INFO - Filling up the DagBag from /home/airflow/.local/lib/python3.12/site-packages/airflow/example_dags/example_branch_python_dop_operator_3.py
[2024-10-22T14:46:54.485+0000] {processor.py:840} INFO - DAG(s) 'example_branch_dop_operator_v3' retrieved from /home/airflow/.local/lib/python3.12/site-packages/airflow/example_dags/example_branch_python_dop_operator_3.py
[2024-10-22T14:46:54.499+0000] {logging_mixin.py:188} INFO - [2024-10-22T14:46:54.499+0000] {dag.py:3089} INFO - Sync 1 DAGs
[2024-10-22T14:46:54.515+0000] {logging_mixin.py:188} INFO - [2024-10-22T14:46:54.515+0000] {dag.py:3947} INFO - Setting next_dagrun for example_branch_dop_operator_v3 to 2024-10-22 14:45:00+00:00, run_after=2024-10-22 14:46:00+00:00
[2024-10-22T14:46:54.528+0000] {processor.py:183} INFO - Processing /home/airflow/.local/lib/python3.12/site-packages/airflow/example_dags/example_branch_python_dop_operator_3.py took 0.056 seconds
[2024-10-22T14:47:24.727+0000] {processor.py:161} INFO - Started process (PID=2819) to work on /home/airflow/.local/lib/python3.12/site-packages/airflow/example_dags/example_branch_python_dop_operator_3.py
[2024-10-22T14:47:24.727+0000] {processor.py:830} INFO - Processing file /home/airflow/.local/lib/python3.12/site-packages/airflow/example_dags/example_branch_python_dop_operator_3.py for tasks to queue
[2024-10-22T14:47:24.729+0000] {logging_mixin.py:188} INFO - [2024-10-22T14:47:24.728+0000] {dagbag.py:545} INFO - Filling up the DagBag from /home/airflow/.local/lib/python3.12/site-packages/airflow/example_dags/example_branch_python_dop_operator_3.py
[2024-10-22T14:47:24.735+0000] {processor.py:840} INFO - DAG(s) 'example_branch_dop_operator_v3' retrieved from /home/airflow/.local/lib/python3.12/site-packages/airflow/example_dags/example_branch_python_dop_operator_3.py
[2024-10-22T14:47:24.747+0000] {logging_mixin.py:188} INFO - [2024-10-22T14:47:24.747+0000] {dag.py:3089} INFO - Sync 1 DAGs
[2024-10-22T14:47:24.765+0000] {logging_mixin.py:188} INFO - [2024-10-22T14:47:24.764+0000] {dag.py:3947} INFO - Setting next_dagrun for example_branch_dop_operator_v3 to 2024-10-22 14:46:00+00:00, run_after=2024-10-22 14:47:00+00:00
[2024-10-22T14:47:24.777+0000] {processor.py:183} INFO - Processing /home/airflow/.local/lib/python3.12/site-packages/airflow/example_dags/example_branch_python_dop_operator_3.py took 0.054 seconds
[2024-10-22T14:47:55.020+0000] {processor.py:161} INFO - Started process (PID=3086) to work on /home/airflow/.local/lib/python3.12/site-packages/airflow/example_dags/example_branch_python_dop_operator_3.py
[2024-10-22T14:47:55.021+0000] {processor.py:830} INFO - Processing file /home/airflow/.local/lib/python3.12/site-packages/airflow/example_dags/example_branch_python_dop_operator_3.py for tasks to queue
[2024-10-22T14:47:55.022+0000] {logging_mixin.py:188} INFO - [2024-10-22T14:47:55.022+0000] {dagbag.py:545} INFO - Filling up the DagBag from /home/airflow/.local/lib/python3.12/site-packages/airflow/example_dags/example_branch_python_dop_operator_3.py
[2024-10-22T14:47:55.028+0000] {processor.py:840} INFO - DAG(s) 'example_branch_dop_operator_v3' retrieved from /home/airflow/.local/lib/python3.12/site-packages/airflow/example_dags/example_branch_python_dop_operator_3.py
[2024-10-22T14:47:55.043+0000] {logging_mixin.py:188} INFO - [2024-10-22T14:47:55.043+0000] {dag.py:3089} INFO - Sync 1 DAGs
[2024-10-22T14:47:55.061+0000] {logging_mixin.py:188} INFO - [2024-10-22T14:47:55.061+0000] {dag.py:3947} INFO - Setting next_dagrun for example_branch_dop_operator_v3 to 2024-10-22 14:46:00+00:00, run_after=2024-10-22 14:47:00+00:00
[2024-10-22T14:47:55.075+0000] {processor.py:183} INFO - Processing /home/airflow/.local/lib/python3.12/site-packages/airflow/example_dags/example_branch_python_dop_operator_3.py took 0.059 seconds
[2024-10-22T14:48:25.532+0000] {processor.py:161} INFO - Started process (PID=3355) to work on /home/airflow/.local/lib/python3.12/site-packages/airflow/example_dags/example_branch_python_dop_operator_3.py
[2024-10-22T14:48:25.533+0000] {processor.py:830} INFO - Processing file /home/airflow/.local/lib/python3.12/site-packages/airflow/example_dags/example_branch_python_dop_operator_3.py for tasks to queue
[2024-10-22T14:48:25.534+0000] {logging_mixin.py:188} INFO - [2024-10-22T14:48:25.534+0000] {dagbag.py:545} INFO - Filling up the DagBag from /home/airflow/.local/lib/python3.12/site-packages/airflow/example_dags/example_branch_python_dop_operator_3.py
[2024-10-22T14:48:25.540+0000] {processor.py:840} INFO - DAG(s) 'example_branch_dop_operator_v3' retrieved from /home/airflow/.local/lib/python3.12/site-packages/airflow/example_dags/example_branch_python_dop_operator_3.py
[2024-10-22T14:48:25.553+0000] {logging_mixin.py:188} INFO - [2024-10-22T14:48:25.553+0000] {dag.py:3089} INFO - Sync 1 DAGs
[2024-10-22T14:48:25.569+0000] {logging_mixin.py:188} INFO - [2024-10-22T14:48:25.569+0000] {dag.py:3947} INFO - Setting next_dagrun for example_branch_dop_operator_v3 to 2024-10-22 14:47:00+00:00, run_after=2024-10-22 14:48:00+00:00
[2024-10-22T14:48:25.581+0000] {processor.py:183} INFO - Processing /home/airflow/.local/lib/python3.12/site-packages/airflow/example_dags/example_branch_python_dop_operator_3.py took 0.053 seconds
[2024-10-22T14:48:55.903+0000] {processor.py:161} INFO - Started process (PID=3620) to work on /home/airflow/.local/lib/python3.12/site-packages/airflow/example_dags/example_branch_python_dop_operator_3.py
[2024-10-22T14:48:55.904+0000] {processor.py:830} INFO - Processing file /home/airflow/.local/lib/python3.12/site-packages/airflow/example_dags/example_branch_python_dop_operator_3.py for tasks to queue
[2024-10-22T14:48:55.905+0000] {logging_mixin.py:188} INFO - [2024-10-22T14:48:55.905+0000] {dagbag.py:545} INFO - Filling up the DagBag from /home/airflow/.local/lib/python3.12/site-packages/airflow/example_dags/example_branch_python_dop_operator_3.py
[2024-10-22T14:48:55.911+0000] {processor.py:840} INFO - DAG(s) 'example_branch_dop_operator_v3' retrieved from /home/airflow/.local/lib/python3.12/site-packages/airflow/example_dags/example_branch_python_dop_operator_3.py
[2024-10-22T14:48:55.926+0000] {logging_mixin.py:188} INFO - [2024-10-22T14:48:55.926+0000] {dag.py:3089} INFO - Sync 1 DAGs
[2024-10-22T14:48:55.942+0000] {logging_mixin.py:188} INFO - [2024-10-22T14:48:55.942+0000] {dag.py:3947} INFO - Setting next_dagrun for example_branch_dop_operator_v3 to 2024-10-22 14:47:00+00:00, run_after=2024-10-22 14:48:00+00:00
[2024-10-22T14:48:55.954+0000] {processor.py:183} INFO - Processing /home/airflow/.local/lib/python3.12/site-packages/airflow/example_dags/example_branch_python_dop_operator_3.py took 0.055 seconds
[2024-10-22T14:49:26.212+0000] {processor.py:161} INFO - Started process (PID=3887) to work on /home/airflow/.local/lib/python3.12/site-packages/airflow/example_dags/example_branch_python_dop_operator_3.py
[2024-10-22T14:49:26.213+0000] {processor.py:830} INFO - Processing file /home/airflow/.local/lib/python3.12/site-packages/airflow/example_dags/example_branch_python_dop_operator_3.py for tasks to queue
[2024-10-22T14:49:26.214+0000] {logging_mixin.py:188} INFO - [2024-10-22T14:49:26.214+0000] {dagbag.py:545} INFO - Filling up the DagBag from /home/airflow/.local/lib/python3.12/site-packages/airflow/example_dags/example_branch_python_dop_operator_3.py
[2024-10-22T14:49:26.220+0000] {processor.py:840} INFO - DAG(s) 'example_branch_dop_operator_v3' retrieved from /home/airflow/.local/lib/python3.12/site-packages/airflow/example_dags/example_branch_python_dop_operator_3.py
[2024-10-22T14:49:26.233+0000] {logging_mixin.py:188} INFO - [2024-10-22T14:49:26.233+0000] {dag.py:3089} INFO - Sync 1 DAGs
[2024-10-22T14:49:26.250+0000] {logging_mixin.py:188} INFO - [2024-10-22T14:49:26.249+0000] {dag.py:3947} INFO - Setting next_dagrun for example_branch_dop_operator_v3 to 2024-10-22 14:48:00+00:00, run_after=2024-10-22 14:49:00+00:00
[2024-10-22T14:49:26.263+0000] {processor.py:183} INFO - Processing /home/airflow/.local/lib/python3.12/site-packages/airflow/example_dags/example_branch_python_dop_operator_3.py took 0.054 seconds
[2024-10-22T14:49:56.533+0000] {processor.py:161} INFO - Started process (PID=4154) to work on /home/airflow/.local/lib/python3.12/site-packages/airflow/example_dags/example_branch_python_dop_operator_3.py
[2024-10-22T14:49:56.534+0000] {processor.py:830} INFO - Processing file /home/airflow/.local/lib/python3.12/site-packages/airflow/example_dags/example_branch_python_dop_operator_3.py for tasks to queue
[2024-10-22T14:49:56.535+0000] {logging_mixin.py:188} INFO - [2024-10-22T14:49:56.535+0000] {dagbag.py:545} INFO - Filling up the DagBag from /home/airflow/.local/lib/python3.12/site-packages/airflow/example_dags/example_branch_python_dop_operator_3.py
[2024-10-22T14:49:56.541+0000] {processor.py:840} INFO - DAG(s) 'example_branch_dop_operator_v3' retrieved from /home/airflow/.local/lib/python3.12/site-packages/airflow/example_dags/example_branch_python_dop_operator_3.py
[2024-10-22T14:49:56.554+0000] {logging_mixin.py:188} INFO - [2024-10-22T14:49:56.554+0000] {dag.py:3089} INFO - Sync 1 DAGs
[2024-10-22T14:49:56.570+0000] {logging_mixin.py:188} INFO - [2024-10-22T14:49:56.570+0000] {dag.py:3947} INFO - Setting next_dagrun for example_branch_dop_operator_v3 to 2024-10-22 14:48:00+00:00, run_after=2024-10-22 14:49:00+00:00
[2024-10-22T14:49:56.582+0000] {processor.py:183} INFO - Processing /home/airflow/.local/lib/python3.12/site-packages/airflow/example_dags/example_branch_python_dop_operator_3.py took 0.053 seconds
[2024-10-22T14:50:26.956+0000] {processor.py:161} INFO - Started process (PID=4421) to work on /home/airflow/.local/lib/python3.12/site-packages/airflow/example_dags/example_branch_python_dop_operator_3.py
[2024-10-22T14:50:26.956+0000] {processor.py:830} INFO - Processing file /home/airflow/.local/lib/python3.12/site-packages/airflow/example_dags/example_branch_python_dop_operator_3.py for tasks to queue
[2024-10-22T14:50:26.958+0000] {logging_mixin.py:188} INFO - [2024-10-22T14:50:26.957+0000] {dagbag.py:545} INFO - Filling up the DagBag from /home/airflow/.local/lib/python3.12/site-packages/airflow/example_dags/example_branch_python_dop_operator_3.py
[2024-10-22T14:50:26.963+0000] {processor.py:840} INFO - DAG(s) 'example_branch_dop_operator_v3' retrieved from /home/airflow/.local/lib/python3.12/site-packages/airflow/example_dags/example_branch_python_dop_operator_3.py
[2024-10-22T14:50:26.978+0000] {logging_mixin.py:188} INFO - [2024-10-22T14:50:26.978+0000] {dag.py:3089} INFO - Sync 1 DAGs
[2024-10-22T14:50:26.998+0000] {logging_mixin.py:188} INFO - [2024-10-22T14:50:26.997+0000] {dag.py:3947} INFO - Setting next_dagrun for example_branch_dop_operator_v3 to 2024-10-22 14:49:00+00:00, run_after=2024-10-22 14:50:00+00:00
[2024-10-22T14:50:27.010+0000] {processor.py:183} INFO - Processing /home/airflow/.local/lib/python3.12/site-packages/airflow/example_dags/example_branch_python_dop_operator_3.py took 0.058 seconds
[2024-10-22T14:50:57.382+0000] {processor.py:161} INFO - Started process (PID=4688) to work on /home/airflow/.local/lib/python3.12/site-packages/airflow/example_dags/example_branch_python_dop_operator_3.py
[2024-10-22T14:50:57.383+0000] {processor.py:830} INFO - Processing file /home/airflow/.local/lib/python3.12/site-packages/airflow/example_dags/example_branch_python_dop_operator_3.py for tasks to queue
[2024-10-22T14:50:57.385+0000] {logging_mixin.py:188} INFO - [2024-10-22T14:50:57.384+0000] {dagbag.py:545} INFO - Filling up the DagBag from /home/airflow/.local/lib/python3.12/site-packages/airflow/example_dags/example_branch_python_dop_operator_3.py
[2024-10-22T14:50:57.390+0000] {processor.py:840} INFO - DAG(s) 'example_branch_dop_operator_v3' retrieved from /home/airflow/.local/lib/python3.12/site-packages/airflow/example_dags/example_branch_python_dop_operator_3.py
[2024-10-22T14:50:57.405+0000] {logging_mixin.py:188} INFO - [2024-10-22T14:50:57.405+0000] {dag.py:3089} INFO - Sync 1 DAGs
[2024-10-22T14:50:57.423+0000] {logging_mixin.py:188} INFO - [2024-10-22T14:50:57.423+0000] {dag.py:3947} INFO - Setting next_dagrun for example_branch_dop_operator_v3 to 2024-10-22 14:49:00+00:00, run_after=2024-10-22 14:50:00+00:00
[2024-10-22T14:50:57.436+0000] {processor.py:183} INFO - Processing /home/airflow/.local/lib/python3.12/site-packages/airflow/example_dags/example_branch_python_dop_operator_3.py took 0.058 seconds
[2024-10-22T14:51:27.771+0000] {processor.py:161} INFO - Started process (PID=4955) to work on /home/airflow/.local/lib/python3.12/site-packages/airflow/example_dags/example_branch_python_dop_operator_3.py
[2024-10-22T14:51:27.772+0000] {processor.py:830} INFO - Processing file /home/airflow/.local/lib/python3.12/site-packages/airflow/example_dags/example_branch_python_dop_operator_3.py for tasks to queue
[2024-10-22T14:51:27.773+0000] {logging_mixin.py:188} INFO - [2024-10-22T14:51:27.773+0000] {dagbag.py:545} INFO - Filling up the DagBag from /home/airflow/.local/lib/python3.12/site-packages/airflow/example_dags/example_branch_python_dop_operator_3.py
[2024-10-22T14:51:27.779+0000] {processor.py:840} INFO - DAG(s) 'example_branch_dop_operator_v3' retrieved from /home/airflow/.local/lib/python3.12/site-packages/airflow/example_dags/example_branch_python_dop_operator_3.py
[2024-10-22T14:51:27.793+0000] {logging_mixin.py:188} INFO - [2024-10-22T14:51:27.793+0000] {dag.py:3089} INFO - Sync 1 DAGs
[2024-10-22T14:51:27.809+0000] {logging_mixin.py:188} INFO - [2024-10-22T14:51:27.809+0000] {dag.py:3947} INFO - Setting next_dagrun for example_branch_dop_operator_v3 to 2024-10-22 14:50:00+00:00, run_after=2024-10-22 14:51:00+00:00
[2024-10-22T14:51:27.821+0000] {processor.py:183} INFO - Processing /home/airflow/.local/lib/python3.12/site-packages/airflow/example_dags/example_branch_python_dop_operator_3.py took 0.054 seconds
[2024-10-22T14:51:58.256+0000] {processor.py:161} INFO - Started process (PID=5224) to work on /home/airflow/.local/lib/python3.12/site-packages/airflow/example_dags/example_branch_python_dop_operator_3.py
[2024-10-22T14:51:58.257+0000] {processor.py:830} INFO - Processing file /home/airflow/.local/lib/python3.12/site-packages/airflow/example_dags/example_branch_python_dop_operator_3.py for tasks to queue
[2024-10-22T14:51:58.259+0000] {logging_mixin.py:188} INFO - [2024-10-22T14:51:58.259+0000] {dagbag.py:545} INFO - Filling up the DagBag from /home/airflow/.local/lib/python3.12/site-packages/airflow/example_dags/example_branch_python_dop_operator_3.py
[2024-10-22T14:51:58.265+0000] {processor.py:840} INFO - DAG(s) 'example_branch_dop_operator_v3' retrieved from /home/airflow/.local/lib/python3.12/site-packages/airflow/example_dags/example_branch_python_dop_operator_3.py
[2024-10-22T14:51:58.279+0000] {logging_mixin.py:188} INFO - [2024-10-22T14:51:58.279+0000] {dag.py:3089} INFO - Sync 1 DAGs
[2024-10-22T14:51:58.295+0000] {logging_mixin.py:188} INFO - [2024-10-22T14:51:58.295+0000] {dag.py:3947} INFO - Setting next_dagrun for example_branch_dop_operator_v3 to 2024-10-22 14:50:00+00:00, run_after=2024-10-22 14:51:00+00:00
[2024-10-22T14:51:58.307+0000] {processor.py:183} INFO - Processing /home/airflow/.local/lib/python3.12/site-packages/airflow/example_dags/example_branch_python_dop_operator_3.py took 0.055 seconds
[2024-10-22T14:52:28.593+0000] {processor.py:161} INFO - Started process (PID=5491) to work on /home/airflow/.local/lib/python3.12/site-packages/airflow/example_dags/example_branch_python_dop_operator_3.py
[2024-10-22T14:52:28.594+0000] {processor.py:830} INFO - Processing file /home/airflow/.local/lib/python3.12/site-packages/airflow/example_dags/example_branch_python_dop_operator_3.py for tasks to queue
[2024-10-22T14:52:28.596+0000] {logging_mixin.py:188} INFO - [2024-10-22T14:52:28.595+0000] {dagbag.py:545} INFO - Filling up the DagBag from /home/airflow/.local/lib/python3.12/site-packages/airflow/example_dags/example_branch_python_dop_operator_3.py
[2024-10-22T14:52:28.603+0000] {processor.py:840} INFO - DAG(s) 'example_branch_dop_operator_v3' retrieved from /home/airflow/.local/lib/python3.12/site-packages/airflow/example_dags/example_branch_python_dop_operator_3.py
[2024-10-22T14:52:28.617+0000] {logging_mixin.py:188} INFO - [2024-10-22T14:52:28.617+0000] {dag.py:3089} INFO - Sync 1 DAGs
[2024-10-22T14:52:28.634+0000] {logging_mixin.py:188} INFO - [2024-10-22T14:52:28.634+0000] {dag.py:3947} INFO - Setting next_dagrun for example_branch_dop_operator_v3 to 2024-10-22 14:51:00+00:00, run_after=2024-10-22 14:52:00+00:00
[2024-10-22T14:52:28.647+0000] {processor.py:183} INFO - Processing /home/airflow/.local/lib/python3.12/site-packages/airflow/example_dags/example_branch_python_dop_operator_3.py took 0.059 seconds
[2024-10-22T14:52:58.912+0000] {processor.py:161} INFO - Started process (PID=5759) to work on /home/airflow/.local/lib/python3.12/site-packages/airflow/example_dags/example_branch_python_dop_operator_3.py
[2024-10-22T14:52:58.913+0000] {processor.py:830} INFO - Processing file /home/airflow/.local/lib/python3.12/site-packages/airflow/example_dags/example_branch_python_dop_operator_3.py for tasks to queue
[2024-10-22T14:52:58.914+0000] {logging_mixin.py:188} INFO - [2024-10-22T14:52:58.914+0000] {dagbag.py:545} INFO - Filling up the DagBag from /home/airflow/.local/lib/python3.12/site-packages/airflow/example_dags/example_branch_python_dop_operator_3.py
[2024-10-22T14:52:58.920+0000] {processor.py:840} INFO - DAG(s) 'example_branch_dop_operator_v3' retrieved from /home/airflow/.local/lib/python3.12/site-packages/airflow/example_dags/example_branch_python_dop_operator_3.py
[2024-10-22T14:52:58.932+0000] {logging_mixin.py:188} INFO - [2024-10-22T14:52:58.932+0000] {dag.py:3089} INFO - Sync 1 DAGs
[2024-10-22T14:52:58.949+0000] {logging_mixin.py:188} INFO - [2024-10-22T14:52:58.949+0000] {dag.py:3947} INFO - Setting next_dagrun for example_branch_dop_operator_v3 to 2024-10-22 14:51:00+00:00, run_after=2024-10-22 14:52:00+00:00
[2024-10-22T14:52:58.961+0000] {processor.py:183} INFO - Processing /home/airflow/.local/lib/python3.12/site-packages/airflow/example_dags/example_branch_python_dop_operator_3.py took 0.052 seconds
[2024-10-22T14:53:29.318+0000] {processor.py:161} INFO - Started process (PID=6028) to work on /home/airflow/.local/lib/python3.12/site-packages/airflow/example_dags/example_branch_python_dop_operator_3.py
[2024-10-22T14:53:29.319+0000] {processor.py:830} INFO - Processing file /home/airflow/.local/lib/python3.12/site-packages/airflow/example_dags/example_branch_python_dop_operator_3.py for tasks to queue
[2024-10-22T14:53:29.320+0000] {logging_mixin.py:188} INFO - [2024-10-22T14:53:29.320+0000] {dagbag.py:545} INFO - Filling up the DagBag from /home/airflow/.local/lib/python3.12/site-packages/airflow/example_dags/example_branch_python_dop_operator_3.py
[2024-10-22T14:53:29.326+0000] {processor.py:840} INFO - DAG(s) 'example_branch_dop_operator_v3' retrieved from /home/airflow/.local/lib/python3.12/site-packages/airflow/example_dags/example_branch_python_dop_operator_3.py
[2024-10-22T14:53:29.341+0000] {logging_mixin.py:188} INFO - [2024-10-22T14:53:29.341+0000] {dag.py:3089} INFO - Sync 1 DAGs
[2024-10-22T14:53:29.360+0000] {logging_mixin.py:188} INFO - [2024-10-22T14:53:29.360+0000] {dag.py:3947} INFO - Setting next_dagrun for example_branch_dop_operator_v3 to 2024-10-22 14:52:00+00:00, run_after=2024-10-22 14:53:00+00:00
[2024-10-22T14:53:29.375+0000] {processor.py:183} INFO - Processing /home/airflow/.local/lib/python3.12/site-packages/airflow/example_dags/example_branch_python_dop_operator_3.py took 0.061 seconds
[2024-10-22T14:53:59.676+0000] {processor.py:161} INFO - Started process (PID=6293) to work on /home/airflow/.local/lib/python3.12/site-packages/airflow/example_dags/example_branch_python_dop_operator_3.py
[2024-10-22T14:53:59.677+0000] {processor.py:830} INFO - Processing file /home/airflow/.local/lib/python3.12/site-packages/airflow/example_dags/example_branch_python_dop_operator_3.py for tasks to queue
[2024-10-22T14:53:59.678+0000] {logging_mixin.py:188} INFO - [2024-10-22T14:53:59.678+0000] {dagbag.py:545} INFO - Filling up the DagBag from /home/airflow/.local/lib/python3.12/site-packages/airflow/example_dags/example_branch_python_dop_operator_3.py
[2024-10-22T14:53:59.684+0000] {processor.py:840} INFO - DAG(s) 'example_branch_dop_operator_v3' retrieved from /home/airflow/.local/lib/python3.12/site-packages/airflow/example_dags/example_branch_python_dop_operator_3.py
[2024-10-22T14:53:59.698+0000] {logging_mixin.py:188} INFO - [2024-10-22T14:53:59.698+0000] {dag.py:3089} INFO - Sync 1 DAGs
[2024-10-22T14:53:59.714+0000] {logging_mixin.py:188} INFO - [2024-10-22T14:53:59.714+0000] {dag.py:3947} INFO - Setting next_dagrun for example_branch_dop_operator_v3 to 2024-10-22 14:52:00+00:00, run_after=2024-10-22 14:53:00+00:00
[2024-10-22T14:53:59.726+0000] {processor.py:183} INFO - Processing /home/airflow/.local/lib/python3.12/site-packages/airflow/example_dags/example_branch_python_dop_operator_3.py took 0.054 seconds
[2024-10-22T14:54:29.985+0000] {processor.py:161} INFO - Started process (PID=6560) to work on /home/airflow/.local/lib/python3.12/site-packages/airflow/example_dags/example_branch_python_dop_operator_3.py
[2024-10-22T14:54:29.985+0000] {processor.py:830} INFO - Processing file /home/airflow/.local/lib/python3.12/site-packages/airflow/example_dags/example_branch_python_dop_operator_3.py for tasks to queue
[2024-10-22T14:54:29.987+0000] {logging_mixin.py:188} INFO - [2024-10-22T14:54:29.986+0000] {dagbag.py:545} INFO - Filling up the DagBag from /home/airflow/.local/lib/python3.12/site-packages/airflow/example_dags/example_branch_python_dop_operator_3.py
[2024-10-22T14:54:29.992+0000] {processor.py:840} INFO - DAG(s) 'example_branch_dop_operator_v3' retrieved from /home/airflow/.local/lib/python3.12/site-packages/airflow/example_dags/example_branch_python_dop_operator_3.py
[2024-10-22T14:54:30.006+0000] {logging_mixin.py:188} INFO - [2024-10-22T14:54:30.006+0000] {dag.py:3089} INFO - Sync 1 DAGs
[2024-10-22T14:54:30.023+0000] {logging_mixin.py:188} INFO - [2024-10-22T14:54:30.023+0000] {dag.py:3947} INFO - Setting next_dagrun for example_branch_dop_operator_v3 to 2024-10-22 14:53:00+00:00, run_after=2024-10-22 14:54:00+00:00
[2024-10-22T14:54:30.036+0000] {processor.py:183} INFO - Processing /home/airflow/.local/lib/python3.12/site-packages/airflow/example_dags/example_branch_python_dop_operator_3.py took 0.056 seconds
[2024-10-22T14:55:00.906+0000] {processor.py:161} INFO - Started process (PID=6832) to work on /home/airflow/.local/lib/python3.12/site-packages/airflow/example_dags/example_branch_python_dop_operator_3.py
[2024-10-22T14:55:00.907+0000] {processor.py:830} INFO - Processing file /home/airflow/.local/lib/python3.12/site-packages/airflow/example_dags/example_branch_python_dop_operator_3.py for tasks to queue
[2024-10-22T14:55:00.908+0000] {logging_mixin.py:188} INFO - [2024-10-22T14:55:00.908+0000] {dagbag.py:545} INFO - Filling up the DagBag from /home/airflow/.local/lib/python3.12/site-packages/airflow/example_dags/example_branch_python_dop_operator_3.py
[2024-10-22T14:55:00.914+0000] {processor.py:840} INFO - DAG(s) 'example_branch_dop_operator_v3' retrieved from /home/airflow/.local/lib/python3.12/site-packages/airflow/example_dags/example_branch_python_dop_operator_3.py
[2024-10-22T14:55:00.928+0000] {logging_mixin.py:188} INFO - [2024-10-22T14:55:00.928+0000] {dag.py:3089} INFO - Sync 1 DAGs
[2024-10-22T14:55:00.946+0000] {logging_mixin.py:188} INFO - [2024-10-22T14:55:00.946+0000] {dag.py:3947} INFO - Setting next_dagrun for example_branch_dop_operator_v3 to 2024-10-22 14:54:00+00:00, run_after=2024-10-22 14:55:00+00:00
[2024-10-22T14:55:00.958+0000] {processor.py:183} INFO - Processing /home/airflow/.local/lib/python3.12/site-packages/airflow/example_dags/example_branch_python_dop_operator_3.py took 0.057 seconds
[2024-10-22T14:55:31.509+0000] {processor.py:161} INFO - Started process (PID=7097) to work on /home/airflow/.local/lib/python3.12/site-packages/airflow/example_dags/example_branch_python_dop_operator_3.py
[2024-10-22T14:55:31.510+0000] {processor.py:830} INFO - Processing file /home/airflow/.local/lib/python3.12/site-packages/airflow/example_dags/example_branch_python_dop_operator_3.py for tasks to queue
[2024-10-22T14:55:31.511+0000] {logging_mixin.py:188} INFO - [2024-10-22T14:55:31.511+0000] {dagbag.py:545} INFO - Filling up the DagBag from /home/airflow/.local/lib/python3.12/site-packages/airflow/example_dags/example_branch_python_dop_operator_3.py
[2024-10-22T14:55:31.517+0000] {processor.py:840} INFO - DAG(s) 'example_branch_dop_operator_v3' retrieved from /home/airflow/.local/lib/python3.12/site-packages/airflow/example_dags/example_branch_python_dop_operator_3.py
[2024-10-22T14:55:31.531+0000] {logging_mixin.py:188} INFO - [2024-10-22T14:55:31.530+0000] {dag.py:3089} INFO - Sync 1 DAGs
[2024-10-22T14:55:31.547+0000] {logging_mixin.py:188} INFO - [2024-10-22T14:55:31.547+0000] {dag.py:3947} INFO - Setting next_dagrun for example_branch_dop_operator_v3 to 2024-10-22 14:54:00+00:00, run_after=2024-10-22 14:55:00+00:00
[2024-10-22T14:55:31.559+0000] {processor.py:183} INFO - Processing /home/airflow/.local/lib/python3.12/site-packages/airflow/example_dags/example_branch_python_dop_operator_3.py took 0.054 seconds
[2024-10-22T14:56:02.065+0000] {processor.py:161} INFO - Started process (PID=7364) to work on /home/airflow/.local/lib/python3.12/site-packages/airflow/example_dags/example_branch_python_dop_operator_3.py
[2024-10-22T14:56:02.066+0000] {processor.py:830} INFO - Processing file /home/airflow/.local/lib/python3.12/site-packages/airflow/example_dags/example_branch_python_dop_operator_3.py for tasks to queue
[2024-10-22T14:56:02.067+0000] {logging_mixin.py:188} INFO - [2024-10-22T14:56:02.067+0000] {dagbag.py:545} INFO - Filling up the DagBag from /home/airflow/.local/lib/python3.12/site-packages/airflow/example_dags/example_branch_python_dop_operator_3.py
[2024-10-22T14:56:02.073+0000] {processor.py:840} INFO - DAG(s) 'example_branch_dop_operator_v3' retrieved from /home/airflow/.local/lib/python3.12/site-packages/airflow/example_dags/example_branch_python_dop_operator_3.py
[2024-10-22T14:56:02.086+0000] {logging_mixin.py:188} INFO - [2024-10-22T14:56:02.086+0000] {dag.py:3089} INFO - Sync 1 DAGs
[2024-10-22T14:56:02.219+0000] {logging_mixin.py:188} INFO - [2024-10-22T14:56:02.218+0000] {dag.py:3947} INFO - Setting next_dagrun for example_branch_dop_operator_v3 to 2024-10-22 14:55:00+00:00, run_after=2024-10-22 14:56:00+00:00
[2024-10-22T14:56:02.232+0000] {processor.py:183} INFO - Processing /home/airflow/.local/lib/python3.12/site-packages/airflow/example_dags/example_branch_python_dop_operator_3.py took 0.171 seconds
[2024-10-22T14:56:32.986+0000] {processor.py:161} INFO - Started process (PID=7631) to work on /home/airflow/.local/lib/python3.12/site-packages/airflow/example_dags/example_branch_python_dop_operator_3.py
[2024-10-22T14:56:32.987+0000] {processor.py:830} INFO - Processing file /home/airflow/.local/lib/python3.12/site-packages/airflow/example_dags/example_branch_python_dop_operator_3.py for tasks to queue
[2024-10-22T14:56:32.988+0000] {logging_mixin.py:188} INFO - [2024-10-22T14:56:32.988+0000] {dagbag.py:545} INFO - Filling up the DagBag from /home/airflow/.local/lib/python3.12/site-packages/airflow/example_dags/example_branch_python_dop_operator_3.py
[2024-10-22T14:56:32.994+0000] {processor.py:840} INFO - DAG(s) 'example_branch_dop_operator_v3' retrieved from /home/airflow/.local/lib/python3.12/site-packages/airflow/example_dags/example_branch_python_dop_operator_3.py
[2024-10-22T14:56:33.008+0000] {logging_mixin.py:188} INFO - [2024-10-22T14:56:33.007+0000] {dag.py:3089} INFO - Sync 1 DAGs
[2024-10-22T14:56:33.026+0000] {logging_mixin.py:188} INFO - [2024-10-22T14:56:33.025+0000] {dag.py:3947} INFO - Setting next_dagrun for example_branch_dop_operator_v3 to 2024-10-22 14:55:00+00:00, run_after=2024-10-22 14:56:00+00:00
[2024-10-22T14:56:33.153+0000] {processor.py:183} INFO - Processing /home/airflow/.local/lib/python3.12/site-packages/airflow/example_dags/example_branch_python_dop_operator_3.py took 0.170 seconds
[2024-10-22T14:57:03.990+0000] {processor.py:161} INFO - Started process (PID=7898) to work on /home/airflow/.local/lib/python3.12/site-packages/airflow/example_dags/example_branch_python_dop_operator_3.py
[2024-10-22T14:57:03.991+0000] {processor.py:830} INFO - Processing file /home/airflow/.local/lib/python3.12/site-packages/airflow/example_dags/example_branch_python_dop_operator_3.py for tasks to queue
[2024-10-22T14:57:03.993+0000] {logging_mixin.py:188} INFO - [2024-10-22T14:57:03.992+0000] {dagbag.py:545} INFO - Filling up the DagBag from /home/airflow/.local/lib/python3.12/site-packages/airflow/example_dags/example_branch_python_dop_operator_3.py
[2024-10-22T14:57:03.998+0000] {processor.py:840} INFO - DAG(s) 'example_branch_dop_operator_v3' retrieved from /home/airflow/.local/lib/python3.12/site-packages/airflow/example_dags/example_branch_python_dop_operator_3.py
[2024-10-22T14:57:04.014+0000] {logging_mixin.py:188} INFO - [2024-10-22T14:57:04.014+0000] {dag.py:3089} INFO - Sync 1 DAGs
[2024-10-22T14:57:04.030+0000] {logging_mixin.py:188} INFO - [2024-10-22T14:57:04.030+0000] {dag.py:3947} INFO - Setting next_dagrun for example_branch_dop_operator_v3 to 2024-10-22 14:56:00+00:00, run_after=2024-10-22 14:57:00+00:00
[2024-10-22T14:57:04.043+0000] {processor.py:183} INFO - Processing /home/airflow/.local/lib/python3.12/site-packages/airflow/example_dags/example_branch_python_dop_operator_3.py took 0.056 seconds
[2024-10-22T14:57:34.868+0000] {processor.py:161} INFO - Started process (PID=8165) to work on /home/airflow/.local/lib/python3.12/site-packages/airflow/example_dags/example_branch_python_dop_operator_3.py
[2024-10-22T14:57:34.868+0000] {processor.py:830} INFO - Processing file /home/airflow/.local/lib/python3.12/site-packages/airflow/example_dags/example_branch_python_dop_operator_3.py for tasks to queue
[2024-10-22T14:57:34.870+0000] {logging_mixin.py:188} INFO - [2024-10-22T14:57:34.870+0000] {dagbag.py:545} INFO - Filling up the DagBag from /home/airflow/.local/lib/python3.12/site-packages/airflow/example_dags/example_branch_python_dop_operator_3.py
[2024-10-22T14:57:34.877+0000] {processor.py:840} INFO - DAG(s) 'example_branch_dop_operator_v3' retrieved from /home/airflow/.local/lib/python3.12/site-packages/airflow/example_dags/example_branch_python_dop_operator_3.py
[2024-10-22T14:57:34.892+0000] {logging_mixin.py:188} INFO - [2024-10-22T14:57:34.892+0000] {dag.py:3089} INFO - Sync 1 DAGs
[2024-10-22T14:57:34.908+0000] {logging_mixin.py:188} INFO - [2024-10-22T14:57:34.908+0000] {dag.py:3947} INFO - Setting next_dagrun for example_branch_dop_operator_v3 to 2024-10-22 14:56:00+00:00, run_after=2024-10-22 14:57:00+00:00
[2024-10-22T14:57:34.920+0000] {processor.py:183} INFO - Processing /home/airflow/.local/lib/python3.12/site-packages/airflow/example_dags/example_branch_python_dop_operator_3.py took 0.057 seconds
