[2024-10-22T14:00:12.362+0000] {processor.py:161} INFO - Started process (PID=212) to work on /home/airflow/.local/lib/python3.12/site-packages/airflow/example_dags/example_bash_decorator.py
[2024-10-22T14:00:12.363+0000] {processor.py:830} INFO - Processing file /home/airflow/.local/lib/python3.12/site-packages/airflow/example_dags/example_bash_decorator.py for tasks to queue
[2024-10-22T14:00:12.365+0000] {logging_mixin.py:188} INFO - [2024-10-22T14:00:12.364+0000] {dagbag.py:545} INFO - Filling up the DagBag from /home/airflow/.local/lib/python3.12/site-packages/airflow/example_dags/example_bash_decorator.py
[2024-10-22T14:00:12.375+0000] {processor.py:840} INFO - DAG(s) 'example_bash_decorator' retrieved from /home/airflow/.local/lib/python3.12/site-packages/airflow/example_dags/example_bash_decorator.py
[2024-10-22T14:00:12.463+0000] {logging_mixin.py:188} INFO - [2024-10-22T14:00:12.462+0000] {override.py:1858} INFO - Created Permission View: can delete on DAG:example_bash_decorator
[2024-10-22T14:00:12.471+0000] {logging_mixin.py:188} INFO - [2024-10-22T14:00:12.470+0000] {override.py:1858} INFO - Created Permission View: can edit on DAG:example_bash_decorator
[2024-10-22T14:00:12.476+0000] {logging_mixin.py:188} INFO - [2024-10-22T14:00:12.476+0000] {override.py:1858} INFO - Created Permission View: can read on DAG:example_bash_decorator
[2024-10-22T14:00:12.477+0000] {logging_mixin.py:188} INFO - [2024-10-22T14:00:12.476+0000] {dag.py:3089} INFO - Sync 1 DAGs
[2024-10-22T14:00:12.484+0000] {logging_mixin.py:188} INFO - [2024-10-22T14:00:12.484+0000] {dag.py:3111} INFO - Creating ORM DAG for example_bash_decorator
[2024-10-22T14:00:12.486+0000] {logging_mixin.py:188} INFO - [2024-10-22T14:00:12.486+0000] {dag.py:3947} INFO - Setting next_dagrun for example_bash_decorator to None, run_after=None
[2024-10-22T14:00:12.497+0000] {processor.py:183} INFO - Processing /home/airflow/.local/lib/python3.12/site-packages/airflow/example_dags/example_bash_decorator.py took 0.138 seconds
[2024-10-22T14:00:43.424+0000] {processor.py:161} INFO - Started process (PID=479) to work on /home/airflow/.local/lib/python3.12/site-packages/airflow/example_dags/example_bash_decorator.py
[2024-10-22T14:00:43.425+0000] {processor.py:830} INFO - Processing file /home/airflow/.local/lib/python3.12/site-packages/airflow/example_dags/example_bash_decorator.py for tasks to queue
[2024-10-22T14:00:43.426+0000] {logging_mixin.py:188} INFO - [2024-10-22T14:00:43.426+0000] {dagbag.py:545} INFO - Filling up the DagBag from /home/airflow/.local/lib/python3.12/site-packages/airflow/example_dags/example_bash_decorator.py
[2024-10-22T14:00:43.435+0000] {processor.py:840} INFO - DAG(s) 'example_bash_decorator' retrieved from /home/airflow/.local/lib/python3.12/site-packages/airflow/example_dags/example_bash_decorator.py
[2024-10-22T14:00:43.451+0000] {logging_mixin.py:188} INFO - [2024-10-22T14:00:43.451+0000] {dag.py:3089} INFO - Sync 1 DAGs
[2024-10-22T14:00:43.460+0000] {logging_mixin.py:188} INFO - [2024-10-22T14:00:43.460+0000] {dag.py:3947} INFO - Setting next_dagrun for example_bash_decorator to None, run_after=None
[2024-10-22T14:00:43.473+0000] {processor.py:183} INFO - Processing /home/airflow/.local/lib/python3.12/site-packages/airflow/example_dags/example_bash_decorator.py took 0.054 seconds
[2024-10-22T14:01:13.644+0000] {processor.py:161} INFO - Started process (PID=746) to work on /home/airflow/.local/lib/python3.12/site-packages/airflow/example_dags/example_bash_decorator.py
[2024-10-22T14:01:13.645+0000] {processor.py:830} INFO - Processing file /home/airflow/.local/lib/python3.12/site-packages/airflow/example_dags/example_bash_decorator.py for tasks to queue
[2024-10-22T14:01:13.646+0000] {logging_mixin.py:188} INFO - [2024-10-22T14:01:13.646+0000] {dagbag.py:545} INFO - Filling up the DagBag from /home/airflow/.local/lib/python3.12/site-packages/airflow/example_dags/example_bash_decorator.py
[2024-10-22T14:01:13.655+0000] {processor.py:840} INFO - DAG(s) 'example_bash_decorator' retrieved from /home/airflow/.local/lib/python3.12/site-packages/airflow/example_dags/example_bash_decorator.py
[2024-10-22T14:01:13.671+0000] {logging_mixin.py:188} INFO - [2024-10-22T14:01:13.671+0000] {dag.py:3089} INFO - Sync 1 DAGs
[2024-10-22T14:01:13.679+0000] {logging_mixin.py:188} INFO - [2024-10-22T14:01:13.679+0000] {dag.py:3947} INFO - Setting next_dagrun for example_bash_decorator to None, run_after=None
[2024-10-22T14:01:13.692+0000] {processor.py:183} INFO - Processing /home/airflow/.local/lib/python3.12/site-packages/airflow/example_dags/example_bash_decorator.py took 0.051 seconds
[2024-10-22T14:01:43.880+0000] {processor.py:161} INFO - Started process (PID=1013) to work on /home/airflow/.local/lib/python3.12/site-packages/airflow/example_dags/example_bash_decorator.py
[2024-10-22T14:01:43.880+0000] {processor.py:830} INFO - Processing file /home/airflow/.local/lib/python3.12/site-packages/airflow/example_dags/example_bash_decorator.py for tasks to queue
[2024-10-22T14:01:43.881+0000] {logging_mixin.py:188} INFO - [2024-10-22T14:01:43.881+0000] {dagbag.py:545} INFO - Filling up the DagBag from /home/airflow/.local/lib/python3.12/site-packages/airflow/example_dags/example_bash_decorator.py
[2024-10-22T14:01:43.892+0000] {processor.py:840} INFO - DAG(s) 'example_bash_decorator' retrieved from /home/airflow/.local/lib/python3.12/site-packages/airflow/example_dags/example_bash_decorator.py
[2024-10-22T14:01:43.911+0000] {logging_mixin.py:188} INFO - [2024-10-22T14:01:43.911+0000] {dag.py:3089} INFO - Sync 1 DAGs
[2024-10-22T14:01:43.919+0000] {logging_mixin.py:188} INFO - [2024-10-22T14:01:43.919+0000] {dag.py:3947} INFO - Setting next_dagrun for example_bash_decorator to None, run_after=None
[2024-10-22T14:01:43.931+0000] {processor.py:183} INFO - Processing /home/airflow/.local/lib/python3.12/site-packages/airflow/example_dags/example_bash_decorator.py took 0.055 seconds
[2024-10-22T14:02:14.216+0000] {processor.py:161} INFO - Started process (PID=1280) to work on /home/airflow/.local/lib/python3.12/site-packages/airflow/example_dags/example_bash_decorator.py
[2024-10-22T14:02:14.217+0000] {processor.py:830} INFO - Processing file /home/airflow/.local/lib/python3.12/site-packages/airflow/example_dags/example_bash_decorator.py for tasks to queue
[2024-10-22T14:02:14.218+0000] {logging_mixin.py:188} INFO - [2024-10-22T14:02:14.218+0000] {dagbag.py:545} INFO - Filling up the DagBag from /home/airflow/.local/lib/python3.12/site-packages/airflow/example_dags/example_bash_decorator.py
[2024-10-22T14:02:14.229+0000] {processor.py:840} INFO - DAG(s) 'example_bash_decorator' retrieved from /home/airflow/.local/lib/python3.12/site-packages/airflow/example_dags/example_bash_decorator.py
[2024-10-22T14:02:14.247+0000] {logging_mixin.py:188} INFO - [2024-10-22T14:02:14.246+0000] {dag.py:3089} INFO - Sync 1 DAGs
[2024-10-22T14:02:14.259+0000] {logging_mixin.py:188} INFO - [2024-10-22T14:02:14.259+0000] {dag.py:3947} INFO - Setting next_dagrun for example_bash_decorator to None, run_after=None
[2024-10-22T14:02:14.275+0000] {processor.py:183} INFO - Processing /home/airflow/.local/lib/python3.12/site-packages/airflow/example_dags/example_bash_decorator.py took 0.064 seconds
[2024-10-22T14:02:44.623+0000] {processor.py:161} INFO - Started process (PID=1547) to work on /home/airflow/.local/lib/python3.12/site-packages/airflow/example_dags/example_bash_decorator.py
[2024-10-22T14:02:44.624+0000] {processor.py:830} INFO - Processing file /home/airflow/.local/lib/python3.12/site-packages/airflow/example_dags/example_bash_decorator.py for tasks to queue
[2024-10-22T14:02:44.625+0000] {logging_mixin.py:188} INFO - [2024-10-22T14:02:44.625+0000] {dagbag.py:545} INFO - Filling up the DagBag from /home/airflow/.local/lib/python3.12/site-packages/airflow/example_dags/example_bash_decorator.py
[2024-10-22T14:02:44.634+0000] {processor.py:840} INFO - DAG(s) 'example_bash_decorator' retrieved from /home/airflow/.local/lib/python3.12/site-packages/airflow/example_dags/example_bash_decorator.py
[2024-10-22T14:02:44.648+0000] {logging_mixin.py:188} INFO - [2024-10-22T14:02:44.648+0000] {dag.py:3089} INFO - Sync 1 DAGs
[2024-10-22T14:02:44.656+0000] {logging_mixin.py:188} INFO - [2024-10-22T14:02:44.656+0000] {dag.py:3947} INFO - Setting next_dagrun for example_bash_decorator to None, run_after=None
[2024-10-22T14:02:44.668+0000] {processor.py:183} INFO - Processing /home/airflow/.local/lib/python3.12/site-packages/airflow/example_dags/example_bash_decorator.py took 0.049 seconds
[2024-10-22T14:03:14.874+0000] {processor.py:161} INFO - Started process (PID=1814) to work on /home/airflow/.local/lib/python3.12/site-packages/airflow/example_dags/example_bash_decorator.py
[2024-10-22T14:03:14.875+0000] {processor.py:830} INFO - Processing file /home/airflow/.local/lib/python3.12/site-packages/airflow/example_dags/example_bash_decorator.py for tasks to queue
[2024-10-22T14:03:14.876+0000] {logging_mixin.py:188} INFO - [2024-10-22T14:03:14.876+0000] {dagbag.py:545} INFO - Filling up the DagBag from /home/airflow/.local/lib/python3.12/site-packages/airflow/example_dags/example_bash_decorator.py
[2024-10-22T14:03:14.885+0000] {processor.py:840} INFO - DAG(s) 'example_bash_decorator' retrieved from /home/airflow/.local/lib/python3.12/site-packages/airflow/example_dags/example_bash_decorator.py
[2024-10-22T14:03:14.900+0000] {logging_mixin.py:188} INFO - [2024-10-22T14:03:14.899+0000] {dag.py:3089} INFO - Sync 1 DAGs
[2024-10-22T14:03:14.908+0000] {logging_mixin.py:188} INFO - [2024-10-22T14:03:14.908+0000] {dag.py:3947} INFO - Setting next_dagrun for example_bash_decorator to None, run_after=None
[2024-10-22T14:03:14.920+0000] {processor.py:183} INFO - Processing /home/airflow/.local/lib/python3.12/site-packages/airflow/example_dags/example_bash_decorator.py took 0.050 seconds
[2024-10-22T14:03:45.124+0000] {processor.py:161} INFO - Started process (PID=2081) to work on /home/airflow/.local/lib/python3.12/site-packages/airflow/example_dags/example_bash_decorator.py
[2024-10-22T14:03:45.124+0000] {processor.py:830} INFO - Processing file /home/airflow/.local/lib/python3.12/site-packages/airflow/example_dags/example_bash_decorator.py for tasks to queue
[2024-10-22T14:03:45.126+0000] {logging_mixin.py:188} INFO - [2024-10-22T14:03:45.126+0000] {dagbag.py:545} INFO - Filling up the DagBag from /home/airflow/.local/lib/python3.12/site-packages/airflow/example_dags/example_bash_decorator.py
[2024-10-22T14:03:45.135+0000] {processor.py:840} INFO - DAG(s) 'example_bash_decorator' retrieved from /home/airflow/.local/lib/python3.12/site-packages/airflow/example_dags/example_bash_decorator.py
[2024-10-22T14:03:45.150+0000] {logging_mixin.py:188} INFO - [2024-10-22T14:03:45.149+0000] {dag.py:3089} INFO - Sync 1 DAGs
[2024-10-22T14:03:45.158+0000] {logging_mixin.py:188} INFO - [2024-10-22T14:03:45.157+0000] {dag.py:3947} INFO - Setting next_dagrun for example_bash_decorator to None, run_after=None
[2024-10-22T14:03:45.169+0000] {processor.py:183} INFO - Processing /home/airflow/.local/lib/python3.12/site-packages/airflow/example_dags/example_bash_decorator.py took 0.050 seconds
[2024-10-22T14:34:24.859+0000] {processor.py:161} INFO - Started process (PID=206) to work on /home/airflow/.local/lib/python3.12/site-packages/airflow/example_dags/example_bash_decorator.py
[2024-10-22T14:34:24.859+0000] {processor.py:830} INFO - Processing file /home/airflow/.local/lib/python3.12/site-packages/airflow/example_dags/example_bash_decorator.py for tasks to queue
[2024-10-22T14:34:24.861+0000] {logging_mixin.py:188} INFO - [2024-10-22T14:34:24.861+0000] {dagbag.py:545} INFO - Filling up the DagBag from /home/airflow/.local/lib/python3.12/site-packages/airflow/example_dags/example_bash_decorator.py
[2024-10-22T14:34:24.871+0000] {processor.py:840} INFO - DAG(s) 'example_bash_decorator' retrieved from /home/airflow/.local/lib/python3.12/site-packages/airflow/example_dags/example_bash_decorator.py
[2024-10-22T14:34:24.879+0000] {logging_mixin.py:188} INFO - [2024-10-22T14:34:24.879+0000] {dag.py:3089} INFO - Sync 1 DAGs
[2024-10-22T14:34:24.889+0000] {logging_mixin.py:188} INFO - [2024-10-22T14:34:24.889+0000] {dag.py:3947} INFO - Setting next_dagrun for example_bash_decorator to None, run_after=None
[2024-10-22T14:34:24.903+0000] {processor.py:183} INFO - Processing /home/airflow/.local/lib/python3.12/site-packages/airflow/example_dags/example_bash_decorator.py took 0.048 seconds
[2024-10-22T14:34:55.378+0000] {processor.py:161} INFO - Started process (PID=471) to work on /home/airflow/.local/lib/python3.12/site-packages/airflow/example_dags/example_bash_decorator.py
[2024-10-22T14:34:55.379+0000] {processor.py:830} INFO - Processing file /home/airflow/.local/lib/python3.12/site-packages/airflow/example_dags/example_bash_decorator.py for tasks to queue
[2024-10-22T14:34:55.380+0000] {logging_mixin.py:188} INFO - [2024-10-22T14:34:55.380+0000] {dagbag.py:545} INFO - Filling up the DagBag from /home/airflow/.local/lib/python3.12/site-packages/airflow/example_dags/example_bash_decorator.py
[2024-10-22T14:34:55.389+0000] {processor.py:840} INFO - DAG(s) 'example_bash_decorator' retrieved from /home/airflow/.local/lib/python3.12/site-packages/airflow/example_dags/example_bash_decorator.py
[2024-10-22T14:34:55.455+0000] {logging_mixin.py:188} INFO - [2024-10-22T14:34:55.455+0000] {dag.py:3089} INFO - Sync 1 DAGs
[2024-10-22T14:34:55.462+0000] {logging_mixin.py:188} INFO - [2024-10-22T14:34:55.462+0000] {dag.py:3947} INFO - Setting next_dagrun for example_bash_decorator to None, run_after=None
[2024-10-22T14:34:55.474+0000] {processor.py:183} INFO - Processing /home/airflow/.local/lib/python3.12/site-packages/airflow/example_dags/example_bash_decorator.py took 0.100 seconds
[2024-10-22T14:35:26.393+0000] {processor.py:161} INFO - Started process (PID=744) to work on /home/airflow/.local/lib/python3.12/site-packages/airflow/example_dags/example_bash_decorator.py
[2024-10-22T14:35:26.394+0000] {processor.py:830} INFO - Processing file /home/airflow/.local/lib/python3.12/site-packages/airflow/example_dags/example_bash_decorator.py for tasks to queue
[2024-10-22T14:35:26.395+0000] {logging_mixin.py:188} INFO - [2024-10-22T14:35:26.395+0000] {dagbag.py:545} INFO - Filling up the DagBag from /home/airflow/.local/lib/python3.12/site-packages/airflow/example_dags/example_bash_decorator.py
[2024-10-22T14:35:26.404+0000] {processor.py:840} INFO - DAG(s) 'example_bash_decorator' retrieved from /home/airflow/.local/lib/python3.12/site-packages/airflow/example_dags/example_bash_decorator.py
[2024-10-22T14:35:26.419+0000] {logging_mixin.py:188} INFO - [2024-10-22T14:35:26.419+0000] {dag.py:3089} INFO - Sync 1 DAGs
[2024-10-22T14:35:26.428+0000] {logging_mixin.py:188} INFO - [2024-10-22T14:35:26.428+0000] {dag.py:3947} INFO - Setting next_dagrun for example_bash_decorator to None, run_after=None
[2024-10-22T14:35:26.441+0000] {processor.py:183} INFO - Processing /home/airflow/.local/lib/python3.12/site-packages/airflow/example_dags/example_bash_decorator.py took 0.052 seconds
[2024-10-22T14:35:56.561+0000] {processor.py:161} INFO - Started process (PID=1011) to work on /home/airflow/.local/lib/python3.12/site-packages/airflow/example_dags/example_bash_decorator.py
[2024-10-22T14:35:56.561+0000] {processor.py:830} INFO - Processing file /home/airflow/.local/lib/python3.12/site-packages/airflow/example_dags/example_bash_decorator.py for tasks to queue
[2024-10-22T14:35:56.563+0000] {logging_mixin.py:188} INFO - [2024-10-22T14:35:56.562+0000] {dagbag.py:545} INFO - Filling up the DagBag from /home/airflow/.local/lib/python3.12/site-packages/airflow/example_dags/example_bash_decorator.py
[2024-10-22T14:35:56.571+0000] {processor.py:840} INFO - DAG(s) 'example_bash_decorator' retrieved from /home/airflow/.local/lib/python3.12/site-packages/airflow/example_dags/example_bash_decorator.py
[2024-10-22T14:35:56.586+0000] {logging_mixin.py:188} INFO - [2024-10-22T14:35:56.586+0000] {dag.py:3089} INFO - Sync 1 DAGs
[2024-10-22T14:35:56.594+0000] {logging_mixin.py:188} INFO - [2024-10-22T14:35:56.594+0000] {dag.py:3947} INFO - Setting next_dagrun for example_bash_decorator to None, run_after=None
[2024-10-22T14:35:56.606+0000] {processor.py:183} INFO - Processing /home/airflow/.local/lib/python3.12/site-packages/airflow/example_dags/example_bash_decorator.py took 0.049 seconds
[2024-10-22T14:36:26.882+0000] {processor.py:161} INFO - Started process (PID=1278) to work on /home/airflow/.local/lib/python3.12/site-packages/airflow/example_dags/example_bash_decorator.py
[2024-10-22T14:36:26.883+0000] {processor.py:830} INFO - Processing file /home/airflow/.local/lib/python3.12/site-packages/airflow/example_dags/example_bash_decorator.py for tasks to queue
[2024-10-22T14:36:26.884+0000] {logging_mixin.py:188} INFO - [2024-10-22T14:36:26.884+0000] {dagbag.py:545} INFO - Filling up the DagBag from /home/airflow/.local/lib/python3.12/site-packages/airflow/example_dags/example_bash_decorator.py
[2024-10-22T14:36:26.897+0000] {processor.py:840} INFO - DAG(s) 'example_bash_decorator' retrieved from /home/airflow/.local/lib/python3.12/site-packages/airflow/example_dags/example_bash_decorator.py
[2024-10-22T14:36:26.916+0000] {logging_mixin.py:188} INFO - [2024-10-22T14:36:26.916+0000] {dag.py:3089} INFO - Sync 1 DAGs
[2024-10-22T14:36:26.925+0000] {logging_mixin.py:188} INFO - [2024-10-22T14:36:26.925+0000] {dag.py:3947} INFO - Setting next_dagrun for example_bash_decorator to None, run_after=None
[2024-10-22T14:36:26.940+0000] {processor.py:183} INFO - Processing /home/airflow/.local/lib/python3.12/site-packages/airflow/example_dags/example_bash_decorator.py took 0.062 seconds
[2024-10-22T14:36:57.211+0000] {processor.py:161} INFO - Started process (PID=1545) to work on /home/airflow/.local/lib/python3.12/site-packages/airflow/example_dags/example_bash_decorator.py
[2024-10-22T14:36:57.211+0000] {processor.py:830} INFO - Processing file /home/airflow/.local/lib/python3.12/site-packages/airflow/example_dags/example_bash_decorator.py for tasks to queue
[2024-10-22T14:36:57.213+0000] {logging_mixin.py:188} INFO - [2024-10-22T14:36:57.212+0000] {dagbag.py:545} INFO - Filling up the DagBag from /home/airflow/.local/lib/python3.12/site-packages/airflow/example_dags/example_bash_decorator.py
[2024-10-22T14:36:57.221+0000] {processor.py:840} INFO - DAG(s) 'example_bash_decorator' retrieved from /home/airflow/.local/lib/python3.12/site-packages/airflow/example_dags/example_bash_decorator.py
[2024-10-22T14:36:57.237+0000] {logging_mixin.py:188} INFO - [2024-10-22T14:36:57.237+0000] {dag.py:3089} INFO - Sync 1 DAGs
[2024-10-22T14:36:57.246+0000] {logging_mixin.py:188} INFO - [2024-10-22T14:36:57.246+0000] {dag.py:3947} INFO - Setting next_dagrun for example_bash_decorator to None, run_after=None
[2024-10-22T14:36:57.258+0000] {processor.py:183} INFO - Processing /home/airflow/.local/lib/python3.12/site-packages/airflow/example_dags/example_bash_decorator.py took 0.052 seconds
[2024-10-22T14:37:27.457+0000] {processor.py:161} INFO - Started process (PID=1812) to work on /home/airflow/.local/lib/python3.12/site-packages/airflow/example_dags/example_bash_decorator.py
[2024-10-22T14:37:27.458+0000] {processor.py:830} INFO - Processing file /home/airflow/.local/lib/python3.12/site-packages/airflow/example_dags/example_bash_decorator.py for tasks to queue
[2024-10-22T14:37:27.459+0000] {logging_mixin.py:188} INFO - [2024-10-22T14:37:27.459+0000] {dagbag.py:545} INFO - Filling up the DagBag from /home/airflow/.local/lib/python3.12/site-packages/airflow/example_dags/example_bash_decorator.py
[2024-10-22T14:37:27.468+0000] {processor.py:840} INFO - DAG(s) 'example_bash_decorator' retrieved from /home/airflow/.local/lib/python3.12/site-packages/airflow/example_dags/example_bash_decorator.py
[2024-10-22T14:37:27.484+0000] {logging_mixin.py:188} INFO - [2024-10-22T14:37:27.484+0000] {dag.py:3089} INFO - Sync 1 DAGs
[2024-10-22T14:37:27.493+0000] {logging_mixin.py:188} INFO - [2024-10-22T14:37:27.493+0000] {dag.py:3947} INFO - Setting next_dagrun for example_bash_decorator to None, run_after=None
[2024-10-22T14:37:27.506+0000] {processor.py:183} INFO - Processing /home/airflow/.local/lib/python3.12/site-packages/airflow/example_dags/example_bash_decorator.py took 0.053 seconds
[2024-10-22T14:37:57.624+0000] {processor.py:161} INFO - Started process (PID=2079) to work on /home/airflow/.local/lib/python3.12/site-packages/airflow/example_dags/example_bash_decorator.py
[2024-10-22T14:37:57.625+0000] {processor.py:830} INFO - Processing file /home/airflow/.local/lib/python3.12/site-packages/airflow/example_dags/example_bash_decorator.py for tasks to queue
[2024-10-22T14:37:57.626+0000] {logging_mixin.py:188} INFO - [2024-10-22T14:37:57.626+0000] {dagbag.py:545} INFO - Filling up the DagBag from /home/airflow/.local/lib/python3.12/site-packages/airflow/example_dags/example_bash_decorator.py
[2024-10-22T14:37:57.634+0000] {processor.py:840} INFO - DAG(s) 'example_bash_decorator' retrieved from /home/airflow/.local/lib/python3.12/site-packages/airflow/example_dags/example_bash_decorator.py
[2024-10-22T14:37:57.649+0000] {logging_mixin.py:188} INFO - [2024-10-22T14:37:57.649+0000] {dag.py:3089} INFO - Sync 1 DAGs
[2024-10-22T14:37:57.657+0000] {logging_mixin.py:188} INFO - [2024-10-22T14:37:57.657+0000] {dag.py:3947} INFO - Setting next_dagrun for example_bash_decorator to None, run_after=None
[2024-10-22T14:37:57.669+0000] {processor.py:183} INFO - Processing /home/airflow/.local/lib/python3.12/site-packages/airflow/example_dags/example_bash_decorator.py took 0.049 seconds
[2024-10-22T14:38:27.753+0000] {processor.py:161} INFO - Started process (PID=2346) to work on /home/airflow/.local/lib/python3.12/site-packages/airflow/example_dags/example_bash_decorator.py
[2024-10-22T14:38:27.754+0000] {processor.py:830} INFO - Processing file /home/airflow/.local/lib/python3.12/site-packages/airflow/example_dags/example_bash_decorator.py for tasks to queue
[2024-10-22T14:38:27.756+0000] {logging_mixin.py:188} INFO - [2024-10-22T14:38:27.755+0000] {dagbag.py:545} INFO - Filling up the DagBag from /home/airflow/.local/lib/python3.12/site-packages/airflow/example_dags/example_bash_decorator.py
[2024-10-22T14:38:27.766+0000] {processor.py:840} INFO - DAG(s) 'example_bash_decorator' retrieved from /home/airflow/.local/lib/python3.12/site-packages/airflow/example_dags/example_bash_decorator.py
[2024-10-22T14:38:27.783+0000] {logging_mixin.py:188} INFO - [2024-10-22T14:38:27.782+0000] {dag.py:3089} INFO - Sync 1 DAGs
[2024-10-22T14:38:27.791+0000] {logging_mixin.py:188} INFO - [2024-10-22T14:38:27.791+0000] {dag.py:3947} INFO - Setting next_dagrun for example_bash_decorator to None, run_after=None
[2024-10-22T14:38:27.804+0000] {processor.py:183} INFO - Processing /home/airflow/.local/lib/python3.12/site-packages/airflow/example_dags/example_bash_decorator.py took 0.055 seconds
[2024-10-22T14:38:57.868+0000] {processor.py:161} INFO - Started process (PID=2613) to work on /home/airflow/.local/lib/python3.12/site-packages/airflow/example_dags/example_bash_decorator.py
[2024-10-22T14:38:57.869+0000] {processor.py:830} INFO - Processing file /home/airflow/.local/lib/python3.12/site-packages/airflow/example_dags/example_bash_decorator.py for tasks to queue
[2024-10-22T14:38:57.871+0000] {logging_mixin.py:188} INFO - [2024-10-22T14:38:57.871+0000] {dagbag.py:545} INFO - Filling up the DagBag from /home/airflow/.local/lib/python3.12/site-packages/airflow/example_dags/example_bash_decorator.py
[2024-10-22T14:38:57.882+0000] {processor.py:840} INFO - DAG(s) 'example_bash_decorator' retrieved from /home/airflow/.local/lib/python3.12/site-packages/airflow/example_dags/example_bash_decorator.py
[2024-10-22T14:38:57.899+0000] {logging_mixin.py:188} INFO - [2024-10-22T14:38:57.899+0000] {dag.py:3089} INFO - Sync 1 DAGs
[2024-10-22T14:38:57.908+0000] {logging_mixin.py:188} INFO - [2024-10-22T14:38:57.908+0000] {dag.py:3947} INFO - Setting next_dagrun for example_bash_decorator to None, run_after=None
[2024-10-22T14:38:57.921+0000] {processor.py:183} INFO - Processing /home/airflow/.local/lib/python3.12/site-packages/airflow/example_dags/example_bash_decorator.py took 0.058 seconds
[2024-10-22T14:39:28.439+0000] {processor.py:161} INFO - Started process (PID=2880) to work on /home/airflow/.local/lib/python3.12/site-packages/airflow/example_dags/example_bash_decorator.py
[2024-10-22T14:39:28.439+0000] {processor.py:830} INFO - Processing file /home/airflow/.local/lib/python3.12/site-packages/airflow/example_dags/example_bash_decorator.py for tasks to queue
[2024-10-22T14:39:28.441+0000] {logging_mixin.py:188} INFO - [2024-10-22T14:39:28.440+0000] {dagbag.py:545} INFO - Filling up the DagBag from /home/airflow/.local/lib/python3.12/site-packages/airflow/example_dags/example_bash_decorator.py
[2024-10-22T14:39:28.451+0000] {processor.py:840} INFO - DAG(s) 'example_bash_decorator' retrieved from /home/airflow/.local/lib/python3.12/site-packages/airflow/example_dags/example_bash_decorator.py
[2024-10-22T14:39:28.467+0000] {logging_mixin.py:188} INFO - [2024-10-22T14:39:28.467+0000] {dag.py:3089} INFO - Sync 1 DAGs
[2024-10-22T14:39:28.475+0000] {logging_mixin.py:188} INFO - [2024-10-22T14:39:28.475+0000] {dag.py:3947} INFO - Setting next_dagrun for example_bash_decorator to None, run_after=None
[2024-10-22T14:39:28.486+0000] {processor.py:183} INFO - Processing /home/airflow/.local/lib/python3.12/site-packages/airflow/example_dags/example_bash_decorator.py took 0.052 seconds
[2024-10-22T14:39:58.562+0000] {processor.py:161} INFO - Started process (PID=3147) to work on /home/airflow/.local/lib/python3.12/site-packages/airflow/example_dags/example_bash_decorator.py
[2024-10-22T14:39:58.563+0000] {processor.py:830} INFO - Processing file /home/airflow/.local/lib/python3.12/site-packages/airflow/example_dags/example_bash_decorator.py for tasks to queue
[2024-10-22T14:39:58.564+0000] {logging_mixin.py:188} INFO - [2024-10-22T14:39:58.564+0000] {dagbag.py:545} INFO - Filling up the DagBag from /home/airflow/.local/lib/python3.12/site-packages/airflow/example_dags/example_bash_decorator.py
[2024-10-22T14:39:58.573+0000] {processor.py:840} INFO - DAG(s) 'example_bash_decorator' retrieved from /home/airflow/.local/lib/python3.12/site-packages/airflow/example_dags/example_bash_decorator.py
[2024-10-22T14:39:58.589+0000] {logging_mixin.py:188} INFO - [2024-10-22T14:39:58.589+0000] {dag.py:3089} INFO - Sync 1 DAGs
[2024-10-22T14:39:58.597+0000] {logging_mixin.py:188} INFO - [2024-10-22T14:39:58.597+0000] {dag.py:3947} INFO - Setting next_dagrun for example_bash_decorator to None, run_after=None
[2024-10-22T14:39:58.609+0000] {processor.py:183} INFO - Processing /home/airflow/.local/lib/python3.12/site-packages/airflow/example_dags/example_bash_decorator.py took 0.051 seconds
[2024-10-22T14:40:28.830+0000] {processor.py:161} INFO - Started process (PID=3414) to work on /home/airflow/.local/lib/python3.12/site-packages/airflow/example_dags/example_bash_decorator.py
[2024-10-22T14:40:28.831+0000] {processor.py:830} INFO - Processing file /home/airflow/.local/lib/python3.12/site-packages/airflow/example_dags/example_bash_decorator.py for tasks to queue
[2024-10-22T14:40:28.832+0000] {logging_mixin.py:188} INFO - [2024-10-22T14:40:28.832+0000] {dagbag.py:545} INFO - Filling up the DagBag from /home/airflow/.local/lib/python3.12/site-packages/airflow/example_dags/example_bash_decorator.py
[2024-10-22T14:40:28.841+0000] {processor.py:840} INFO - DAG(s) 'example_bash_decorator' retrieved from /home/airflow/.local/lib/python3.12/site-packages/airflow/example_dags/example_bash_decorator.py
[2024-10-22T14:40:28.856+0000] {logging_mixin.py:188} INFO - [2024-10-22T14:40:28.856+0000] {dag.py:3089} INFO - Sync 1 DAGs
[2024-10-22T14:40:28.864+0000] {logging_mixin.py:188} INFO - [2024-10-22T14:40:28.863+0000] {dag.py:3947} INFO - Setting next_dagrun for example_bash_decorator to None, run_after=None
[2024-10-22T14:40:28.875+0000] {processor.py:183} INFO - Processing /home/airflow/.local/lib/python3.12/site-packages/airflow/example_dags/example_bash_decorator.py took 0.049 seconds
[2024-10-22T14:40:59.041+0000] {processor.py:161} INFO - Started process (PID=3681) to work on /home/airflow/.local/lib/python3.12/site-packages/airflow/example_dags/example_bash_decorator.py
[2024-10-22T14:40:59.042+0000] {processor.py:830} INFO - Processing file /home/airflow/.local/lib/python3.12/site-packages/airflow/example_dags/example_bash_decorator.py for tasks to queue
[2024-10-22T14:40:59.043+0000] {logging_mixin.py:188} INFO - [2024-10-22T14:40:59.043+0000] {dagbag.py:545} INFO - Filling up the DagBag from /home/airflow/.local/lib/python3.12/site-packages/airflow/example_dags/example_bash_decorator.py
[2024-10-22T14:40:59.051+0000] {processor.py:840} INFO - DAG(s) 'example_bash_decorator' retrieved from /home/airflow/.local/lib/python3.12/site-packages/airflow/example_dags/example_bash_decorator.py
[2024-10-22T14:40:59.067+0000] {logging_mixin.py:188} INFO - [2024-10-22T14:40:59.066+0000] {dag.py:3089} INFO - Sync 1 DAGs
[2024-10-22T14:40:59.075+0000] {logging_mixin.py:188} INFO - [2024-10-22T14:40:59.075+0000] {dag.py:3947} INFO - Setting next_dagrun for example_bash_decorator to None, run_after=None
[2024-10-22T14:40:59.086+0000] {processor.py:183} INFO - Processing /home/airflow/.local/lib/python3.12/site-packages/airflow/example_dags/example_bash_decorator.py took 0.049 seconds
[2024-10-22T14:41:29.151+0000] {processor.py:161} INFO - Started process (PID=3948) to work on /home/airflow/.local/lib/python3.12/site-packages/airflow/example_dags/example_bash_decorator.py
[2024-10-22T14:41:29.151+0000] {processor.py:830} INFO - Processing file /home/airflow/.local/lib/python3.12/site-packages/airflow/example_dags/example_bash_decorator.py for tasks to queue
[2024-10-22T14:41:29.152+0000] {logging_mixin.py:188} INFO - [2024-10-22T14:41:29.152+0000] {dagbag.py:545} INFO - Filling up the DagBag from /home/airflow/.local/lib/python3.12/site-packages/airflow/example_dags/example_bash_decorator.py
[2024-10-22T14:41:29.161+0000] {processor.py:840} INFO - DAG(s) 'example_bash_decorator' retrieved from /home/airflow/.local/lib/python3.12/site-packages/airflow/example_dags/example_bash_decorator.py
[2024-10-22T14:41:29.176+0000] {logging_mixin.py:188} INFO - [2024-10-22T14:41:29.176+0000] {dag.py:3089} INFO - Sync 1 DAGs
[2024-10-22T14:41:29.184+0000] {logging_mixin.py:188} INFO - [2024-10-22T14:41:29.184+0000] {dag.py:3947} INFO - Setting next_dagrun for example_bash_decorator to None, run_after=None
[2024-10-22T14:41:29.196+0000] {processor.py:183} INFO - Processing /home/airflow/.local/lib/python3.12/site-packages/airflow/example_dags/example_bash_decorator.py took 0.049 seconds
[2024-10-22T14:41:59.445+0000] {processor.py:161} INFO - Started process (PID=4215) to work on /home/airflow/.local/lib/python3.12/site-packages/airflow/example_dags/example_bash_decorator.py
[2024-10-22T14:41:59.446+0000] {processor.py:830} INFO - Processing file /home/airflow/.local/lib/python3.12/site-packages/airflow/example_dags/example_bash_decorator.py for tasks to queue
[2024-10-22T14:41:59.447+0000] {logging_mixin.py:188} INFO - [2024-10-22T14:41:59.447+0000] {dagbag.py:545} INFO - Filling up the DagBag from /home/airflow/.local/lib/python3.12/site-packages/airflow/example_dags/example_bash_decorator.py
[2024-10-22T14:41:59.456+0000] {processor.py:840} INFO - DAG(s) 'example_bash_decorator' retrieved from /home/airflow/.local/lib/python3.12/site-packages/airflow/example_dags/example_bash_decorator.py
[2024-10-22T14:41:59.471+0000] {logging_mixin.py:188} INFO - [2024-10-22T14:41:59.471+0000] {dag.py:3089} INFO - Sync 1 DAGs
[2024-10-22T14:41:59.479+0000] {logging_mixin.py:188} INFO - [2024-10-22T14:41:59.479+0000] {dag.py:3947} INFO - Setting next_dagrun for example_bash_decorator to None, run_after=None
[2024-10-22T14:41:59.490+0000] {processor.py:183} INFO - Processing /home/airflow/.local/lib/python3.12/site-packages/airflow/example_dags/example_bash_decorator.py took 0.049 seconds
[2024-10-22T14:42:47.373+0000] {processor.py:161} INFO - Started process (PID=204) to work on /home/airflow/.local/lib/python3.12/site-packages/airflow/example_dags/example_bash_decorator.py
[2024-10-22T14:42:47.373+0000] {processor.py:830} INFO - Processing file /home/airflow/.local/lib/python3.12/site-packages/airflow/example_dags/example_bash_decorator.py for tasks to queue
[2024-10-22T14:42:47.375+0000] {logging_mixin.py:188} INFO - [2024-10-22T14:42:47.374+0000] {dagbag.py:545} INFO - Filling up the DagBag from /home/airflow/.local/lib/python3.12/site-packages/airflow/example_dags/example_bash_decorator.py
[2024-10-22T14:42:47.385+0000] {processor.py:840} INFO - DAG(s) 'example_bash_decorator' retrieved from /home/airflow/.local/lib/python3.12/site-packages/airflow/example_dags/example_bash_decorator.py
[2024-10-22T14:42:47.393+0000] {logging_mixin.py:188} INFO - [2024-10-22T14:42:47.393+0000] {dag.py:3089} INFO - Sync 1 DAGs
[2024-10-22T14:42:47.403+0000] {logging_mixin.py:188} INFO - [2024-10-22T14:42:47.403+0000] {dag.py:3947} INFO - Setting next_dagrun for example_bash_decorator to None, run_after=None
[2024-10-22T14:42:47.417+0000] {processor.py:183} INFO - Processing /home/airflow/.local/lib/python3.12/site-packages/airflow/example_dags/example_bash_decorator.py took 0.048 seconds
[2024-10-22T14:43:18.025+0000] {processor.py:161} INFO - Started process (PID=477) to work on /home/airflow/.local/lib/python3.12/site-packages/airflow/example_dags/example_bash_decorator.py
[2024-10-22T14:43:18.026+0000] {processor.py:830} INFO - Processing file /home/airflow/.local/lib/python3.12/site-packages/airflow/example_dags/example_bash_decorator.py for tasks to queue
[2024-10-22T14:43:18.027+0000] {logging_mixin.py:188} INFO - [2024-10-22T14:43:18.027+0000] {dagbag.py:545} INFO - Filling up the DagBag from /home/airflow/.local/lib/python3.12/site-packages/airflow/example_dags/example_bash_decorator.py
[2024-10-22T14:43:18.036+0000] {processor.py:840} INFO - DAG(s) 'example_bash_decorator' retrieved from /home/airflow/.local/lib/python3.12/site-packages/airflow/example_dags/example_bash_decorator.py
[2024-10-22T14:43:18.113+0000] {logging_mixin.py:188} INFO - [2024-10-22T14:43:18.112+0000] {dag.py:3089} INFO - Sync 1 DAGs
[2024-10-22T14:43:18.122+0000] {logging_mixin.py:188} INFO - [2024-10-22T14:43:18.122+0000] {dag.py:3947} INFO - Setting next_dagrun for example_bash_decorator to None, run_after=None
[2024-10-22T14:43:18.136+0000] {processor.py:183} INFO - Processing /home/airflow/.local/lib/python3.12/site-packages/airflow/example_dags/example_bash_decorator.py took 0.114 seconds
[2024-10-22T14:43:48.435+0000] {processor.py:161} INFO - Started process (PID=747) to work on /home/airflow/.local/lib/python3.12/site-packages/airflow/example_dags/example_bash_decorator.py
[2024-10-22T14:43:48.435+0000] {processor.py:830} INFO - Processing file /home/airflow/.local/lib/python3.12/site-packages/airflow/example_dags/example_bash_decorator.py for tasks to queue
[2024-10-22T14:43:48.436+0000] {logging_mixin.py:188} INFO - [2024-10-22T14:43:48.436+0000] {dagbag.py:545} INFO - Filling up the DagBag from /home/airflow/.local/lib/python3.12/site-packages/airflow/example_dags/example_bash_decorator.py
[2024-10-22T14:43:48.446+0000] {processor.py:840} INFO - DAG(s) 'example_bash_decorator' retrieved from /home/airflow/.local/lib/python3.12/site-packages/airflow/example_dags/example_bash_decorator.py
[2024-10-22T14:43:48.462+0000] {logging_mixin.py:188} INFO - [2024-10-22T14:43:48.462+0000] {dag.py:3089} INFO - Sync 1 DAGs
[2024-10-22T14:43:48.472+0000] {logging_mixin.py:188} INFO - [2024-10-22T14:43:48.472+0000] {dag.py:3947} INFO - Setting next_dagrun for example_bash_decorator to None, run_after=None
[2024-10-22T14:43:48.485+0000] {processor.py:183} INFO - Processing /home/airflow/.local/lib/python3.12/site-packages/airflow/example_dags/example_bash_decorator.py took 0.054 seconds
[2024-10-22T14:44:18.758+0000] {processor.py:161} INFO - Started process (PID=1014) to work on /home/airflow/.local/lib/python3.12/site-packages/airflow/example_dags/example_bash_decorator.py
[2024-10-22T14:44:18.758+0000] {processor.py:830} INFO - Processing file /home/airflow/.local/lib/python3.12/site-packages/airflow/example_dags/example_bash_decorator.py for tasks to queue
[2024-10-22T14:44:18.760+0000] {logging_mixin.py:188} INFO - [2024-10-22T14:44:18.759+0000] {dagbag.py:545} INFO - Filling up the DagBag from /home/airflow/.local/lib/python3.12/site-packages/airflow/example_dags/example_bash_decorator.py
[2024-10-22T14:44:18.769+0000] {processor.py:840} INFO - DAG(s) 'example_bash_decorator' retrieved from /home/airflow/.local/lib/python3.12/site-packages/airflow/example_dags/example_bash_decorator.py
[2024-10-22T14:44:18.785+0000] {logging_mixin.py:188} INFO - [2024-10-22T14:44:18.785+0000] {dag.py:3089} INFO - Sync 1 DAGs
[2024-10-22T14:44:18.793+0000] {logging_mixin.py:188} INFO - [2024-10-22T14:44:18.793+0000] {dag.py:3947} INFO - Setting next_dagrun for example_bash_decorator to None, run_after=None
[2024-10-22T14:44:18.806+0000] {processor.py:183} INFO - Processing /home/airflow/.local/lib/python3.12/site-packages/airflow/example_dags/example_bash_decorator.py took 0.052 seconds
[2024-10-22T14:44:48.900+0000] {processor.py:161} INFO - Started process (PID=1281) to work on /home/airflow/.local/lib/python3.12/site-packages/airflow/example_dags/example_bash_decorator.py
[2024-10-22T14:44:48.900+0000] {processor.py:830} INFO - Processing file /home/airflow/.local/lib/python3.12/site-packages/airflow/example_dags/example_bash_decorator.py for tasks to queue
[2024-10-22T14:44:48.902+0000] {logging_mixin.py:188} INFO - [2024-10-22T14:44:48.902+0000] {dagbag.py:545} INFO - Filling up the DagBag from /home/airflow/.local/lib/python3.12/site-packages/airflow/example_dags/example_bash_decorator.py
[2024-10-22T14:44:48.910+0000] {processor.py:840} INFO - DAG(s) 'example_bash_decorator' retrieved from /home/airflow/.local/lib/python3.12/site-packages/airflow/example_dags/example_bash_decorator.py
[2024-10-22T14:44:48.925+0000] {logging_mixin.py:188} INFO - [2024-10-22T14:44:48.925+0000] {dag.py:3089} INFO - Sync 1 DAGs
[2024-10-22T14:44:48.934+0000] {logging_mixin.py:188} INFO - [2024-10-22T14:44:48.934+0000] {dag.py:3947} INFO - Setting next_dagrun for example_bash_decorator to None, run_after=None
[2024-10-22T14:44:48.946+0000] {processor.py:183} INFO - Processing /home/airflow/.local/lib/python3.12/site-packages/airflow/example_dags/example_bash_decorator.py took 0.050 seconds
[2024-10-22T14:45:19.440+0000] {processor.py:161} INFO - Started process (PID=1550) to work on /home/airflow/.local/lib/python3.12/site-packages/airflow/example_dags/example_bash_decorator.py
[2024-10-22T14:45:19.441+0000] {processor.py:830} INFO - Processing file /home/airflow/.local/lib/python3.12/site-packages/airflow/example_dags/example_bash_decorator.py for tasks to queue
[2024-10-22T14:45:19.442+0000] {logging_mixin.py:188} INFO - [2024-10-22T14:45:19.442+0000] {dagbag.py:545} INFO - Filling up the DagBag from /home/airflow/.local/lib/python3.12/site-packages/airflow/example_dags/example_bash_decorator.py
[2024-10-22T14:45:19.451+0000] {processor.py:840} INFO - DAG(s) 'example_bash_decorator' retrieved from /home/airflow/.local/lib/python3.12/site-packages/airflow/example_dags/example_bash_decorator.py
[2024-10-22T14:45:19.467+0000] {logging_mixin.py:188} INFO - [2024-10-22T14:45:19.467+0000] {dag.py:3089} INFO - Sync 1 DAGs
[2024-10-22T14:45:19.475+0000] {logging_mixin.py:188} INFO - [2024-10-22T14:45:19.475+0000] {dag.py:3947} INFO - Setting next_dagrun for example_bash_decorator to None, run_after=None
[2024-10-22T14:45:19.487+0000] {processor.py:183} INFO - Processing /home/airflow/.local/lib/python3.12/site-packages/airflow/example_dags/example_bash_decorator.py took 0.051 seconds
[2024-10-22T14:45:49.682+0000] {processor.py:161} INFO - Started process (PID=1817) to work on /home/airflow/.local/lib/python3.12/site-packages/airflow/example_dags/example_bash_decorator.py
[2024-10-22T14:45:49.683+0000] {processor.py:830} INFO - Processing file /home/airflow/.local/lib/python3.12/site-packages/airflow/example_dags/example_bash_decorator.py for tasks to queue
[2024-10-22T14:45:49.684+0000] {logging_mixin.py:188} INFO - [2024-10-22T14:45:49.684+0000] {dagbag.py:545} INFO - Filling up the DagBag from /home/airflow/.local/lib/python3.12/site-packages/airflow/example_dags/example_bash_decorator.py
[2024-10-22T14:45:49.694+0000] {processor.py:840} INFO - DAG(s) 'example_bash_decorator' retrieved from /home/airflow/.local/lib/python3.12/site-packages/airflow/example_dags/example_bash_decorator.py
[2024-10-22T14:45:49.713+0000] {logging_mixin.py:188} INFO - [2024-10-22T14:45:49.712+0000] {dag.py:3089} INFO - Sync 1 DAGs
[2024-10-22T14:45:49.722+0000] {logging_mixin.py:188} INFO - [2024-10-22T14:45:49.722+0000] {dag.py:3947} INFO - Setting next_dagrun for example_bash_decorator to None, run_after=None
[2024-10-22T14:45:49.736+0000] {processor.py:183} INFO - Processing /home/airflow/.local/lib/python3.12/site-packages/airflow/example_dags/example_bash_decorator.py took 0.058 seconds
[2024-10-22T14:46:20.325+0000] {processor.py:161} INFO - Started process (PID=2082) to work on /home/airflow/.local/lib/python3.12/site-packages/airflow/example_dags/example_bash_decorator.py
[2024-10-22T14:46:20.326+0000] {processor.py:830} INFO - Processing file /home/airflow/.local/lib/python3.12/site-packages/airflow/example_dags/example_bash_decorator.py for tasks to queue
[2024-10-22T14:46:20.327+0000] {logging_mixin.py:188} INFO - [2024-10-22T14:46:20.327+0000] {dagbag.py:545} INFO - Filling up the DagBag from /home/airflow/.local/lib/python3.12/site-packages/airflow/example_dags/example_bash_decorator.py
[2024-10-22T14:46:20.337+0000] {processor.py:840} INFO - DAG(s) 'example_bash_decorator' retrieved from /home/airflow/.local/lib/python3.12/site-packages/airflow/example_dags/example_bash_decorator.py
[2024-10-22T14:46:20.354+0000] {logging_mixin.py:188} INFO - [2024-10-22T14:46:20.354+0000] {dag.py:3089} INFO - Sync 1 DAGs
[2024-10-22T14:46:20.363+0000] {logging_mixin.py:188} INFO - [2024-10-22T14:46:20.363+0000] {dag.py:3947} INFO - Setting next_dagrun for example_bash_decorator to None, run_after=None
[2024-10-22T14:46:20.378+0000] {processor.py:183} INFO - Processing /home/airflow/.local/lib/python3.12/site-packages/airflow/example_dags/example_bash_decorator.py took 0.059 seconds
[2024-10-22T14:46:50.569+0000] {processor.py:161} INFO - Started process (PID=2352) to work on /home/airflow/.local/lib/python3.12/site-packages/airflow/example_dags/example_bash_decorator.py
[2024-10-22T14:46:50.570+0000] {processor.py:830} INFO - Processing file /home/airflow/.local/lib/python3.12/site-packages/airflow/example_dags/example_bash_decorator.py for tasks to queue
[2024-10-22T14:46:50.571+0000] {logging_mixin.py:188} INFO - [2024-10-22T14:46:50.571+0000] {dagbag.py:545} INFO - Filling up the DagBag from /home/airflow/.local/lib/python3.12/site-packages/airflow/example_dags/example_bash_decorator.py
[2024-10-22T14:46:50.580+0000] {processor.py:840} INFO - DAG(s) 'example_bash_decorator' retrieved from /home/airflow/.local/lib/python3.12/site-packages/airflow/example_dags/example_bash_decorator.py
[2024-10-22T14:46:50.596+0000] {logging_mixin.py:188} INFO - [2024-10-22T14:46:50.596+0000] {dag.py:3089} INFO - Sync 1 DAGs
[2024-10-22T14:46:50.606+0000] {logging_mixin.py:188} INFO - [2024-10-22T14:46:50.605+0000] {dag.py:3947} INFO - Setting next_dagrun for example_bash_decorator to None, run_after=None
[2024-10-22T14:46:50.618+0000] {processor.py:183} INFO - Processing /home/airflow/.local/lib/python3.12/site-packages/airflow/example_dags/example_bash_decorator.py took 0.053 seconds
[2024-10-22T14:47:21.007+0000] {processor.py:161} INFO - Started process (PID=2619) to work on /home/airflow/.local/lib/python3.12/site-packages/airflow/example_dags/example_bash_decorator.py
[2024-10-22T14:47:21.008+0000] {processor.py:830} INFO - Processing file /home/airflow/.local/lib/python3.12/site-packages/airflow/example_dags/example_bash_decorator.py for tasks to queue
[2024-10-22T14:47:21.009+0000] {logging_mixin.py:188} INFO - [2024-10-22T14:47:21.009+0000] {dagbag.py:545} INFO - Filling up the DagBag from /home/airflow/.local/lib/python3.12/site-packages/airflow/example_dags/example_bash_decorator.py
[2024-10-22T14:47:21.020+0000] {processor.py:840} INFO - DAG(s) 'example_bash_decorator' retrieved from /home/airflow/.local/lib/python3.12/site-packages/airflow/example_dags/example_bash_decorator.py
[2024-10-22T14:47:21.040+0000] {logging_mixin.py:188} INFO - [2024-10-22T14:47:21.040+0000] {dag.py:3089} INFO - Sync 1 DAGs
[2024-10-22T14:47:21.049+0000] {logging_mixin.py:188} INFO - [2024-10-22T14:47:21.049+0000] {dag.py:3947} INFO - Setting next_dagrun for example_bash_decorator to None, run_after=None
[2024-10-22T14:47:21.063+0000] {processor.py:183} INFO - Processing /home/airflow/.local/lib/python3.12/site-packages/airflow/example_dags/example_bash_decorator.py took 0.059 seconds
[2024-10-22T14:47:51.316+0000] {processor.py:161} INFO - Started process (PID=2888) to work on /home/airflow/.local/lib/python3.12/site-packages/airflow/example_dags/example_bash_decorator.py
[2024-10-22T14:47:51.316+0000] {processor.py:830} INFO - Processing file /home/airflow/.local/lib/python3.12/site-packages/airflow/example_dags/example_bash_decorator.py for tasks to queue
[2024-10-22T14:47:51.318+0000] {logging_mixin.py:188} INFO - [2024-10-22T14:47:51.318+0000] {dagbag.py:545} INFO - Filling up the DagBag from /home/airflow/.local/lib/python3.12/site-packages/airflow/example_dags/example_bash_decorator.py
[2024-10-22T14:47:51.327+0000] {processor.py:840} INFO - DAG(s) 'example_bash_decorator' retrieved from /home/airflow/.local/lib/python3.12/site-packages/airflow/example_dags/example_bash_decorator.py
[2024-10-22T14:47:51.342+0000] {logging_mixin.py:188} INFO - [2024-10-22T14:47:51.342+0000] {dag.py:3089} INFO - Sync 1 DAGs
[2024-10-22T14:47:51.350+0000] {logging_mixin.py:188} INFO - [2024-10-22T14:47:51.350+0000] {dag.py:3947} INFO - Setting next_dagrun for example_bash_decorator to None, run_after=None
[2024-10-22T14:47:51.362+0000] {processor.py:183} INFO - Processing /home/airflow/.local/lib/python3.12/site-packages/airflow/example_dags/example_bash_decorator.py took 0.050 seconds
[2024-10-22T14:48:21.594+0000] {processor.py:161} INFO - Started process (PID=3155) to work on /home/airflow/.local/lib/python3.12/site-packages/airflow/example_dags/example_bash_decorator.py
[2024-10-22T14:48:21.595+0000] {processor.py:830} INFO - Processing file /home/airflow/.local/lib/python3.12/site-packages/airflow/example_dags/example_bash_decorator.py for tasks to queue
[2024-10-22T14:48:21.596+0000] {logging_mixin.py:188} INFO - [2024-10-22T14:48:21.596+0000] {dagbag.py:545} INFO - Filling up the DagBag from /home/airflow/.local/lib/python3.12/site-packages/airflow/example_dags/example_bash_decorator.py
[2024-10-22T14:48:21.605+0000] {processor.py:840} INFO - DAG(s) 'example_bash_decorator' retrieved from /home/airflow/.local/lib/python3.12/site-packages/airflow/example_dags/example_bash_decorator.py
[2024-10-22T14:48:21.620+0000] {logging_mixin.py:188} INFO - [2024-10-22T14:48:21.620+0000] {dag.py:3089} INFO - Sync 1 DAGs
[2024-10-22T14:48:21.628+0000] {logging_mixin.py:188} INFO - [2024-10-22T14:48:21.628+0000] {dag.py:3947} INFO - Setting next_dagrun for example_bash_decorator to None, run_after=None
[2024-10-22T14:48:21.639+0000] {processor.py:183} INFO - Processing /home/airflow/.local/lib/python3.12/site-packages/airflow/example_dags/example_bash_decorator.py took 0.049 seconds
[2024-10-22T14:48:52.055+0000] {processor.py:161} INFO - Started process (PID=3422) to work on /home/airflow/.local/lib/python3.12/site-packages/airflow/example_dags/example_bash_decorator.py
[2024-10-22T14:48:52.056+0000] {processor.py:830} INFO - Processing file /home/airflow/.local/lib/python3.12/site-packages/airflow/example_dags/example_bash_decorator.py for tasks to queue
[2024-10-22T14:48:52.057+0000] {logging_mixin.py:188} INFO - [2024-10-22T14:48:52.057+0000] {dagbag.py:545} INFO - Filling up the DagBag from /home/airflow/.local/lib/python3.12/site-packages/airflow/example_dags/example_bash_decorator.py
[2024-10-22T14:48:52.066+0000] {processor.py:840} INFO - DAG(s) 'example_bash_decorator' retrieved from /home/airflow/.local/lib/python3.12/site-packages/airflow/example_dags/example_bash_decorator.py
[2024-10-22T14:48:52.082+0000] {logging_mixin.py:188} INFO - [2024-10-22T14:48:52.082+0000] {dag.py:3089} INFO - Sync 1 DAGs
[2024-10-22T14:48:52.091+0000] {logging_mixin.py:188} INFO - [2024-10-22T14:48:52.091+0000] {dag.py:3947} INFO - Setting next_dagrun for example_bash_decorator to None, run_after=None
[2024-10-22T14:48:52.102+0000] {processor.py:183} INFO - Processing /home/airflow/.local/lib/python3.12/site-packages/airflow/example_dags/example_bash_decorator.py took 0.051 seconds
[2024-10-22T14:49:22.429+0000] {processor.py:161} INFO - Started process (PID=3687) to work on /home/airflow/.local/lib/python3.12/site-packages/airflow/example_dags/example_bash_decorator.py
[2024-10-22T14:49:22.430+0000] {processor.py:830} INFO - Processing file /home/airflow/.local/lib/python3.12/site-packages/airflow/example_dags/example_bash_decorator.py for tasks to queue
[2024-10-22T14:49:22.431+0000] {logging_mixin.py:188} INFO - [2024-10-22T14:49:22.430+0000] {dagbag.py:545} INFO - Filling up the DagBag from /home/airflow/.local/lib/python3.12/site-packages/airflow/example_dags/example_bash_decorator.py
[2024-10-22T14:49:22.439+0000] {processor.py:840} INFO - DAG(s) 'example_bash_decorator' retrieved from /home/airflow/.local/lib/python3.12/site-packages/airflow/example_dags/example_bash_decorator.py
[2024-10-22T14:49:22.455+0000] {logging_mixin.py:188} INFO - [2024-10-22T14:49:22.455+0000] {dag.py:3089} INFO - Sync 1 DAGs
[2024-10-22T14:49:22.463+0000] {logging_mixin.py:188} INFO - [2024-10-22T14:49:22.463+0000] {dag.py:3947} INFO - Setting next_dagrun for example_bash_decorator to None, run_after=None
[2024-10-22T14:49:22.475+0000] {processor.py:183} INFO - Processing /home/airflow/.local/lib/python3.12/site-packages/airflow/example_dags/example_bash_decorator.py took 0.050 seconds
[2024-10-22T14:49:52.753+0000] {processor.py:161} INFO - Started process (PID=3954) to work on /home/airflow/.local/lib/python3.12/site-packages/airflow/example_dags/example_bash_decorator.py
[2024-10-22T14:49:52.754+0000] {processor.py:830} INFO - Processing file /home/airflow/.local/lib/python3.12/site-packages/airflow/example_dags/example_bash_decorator.py for tasks to queue
[2024-10-22T14:49:52.755+0000] {logging_mixin.py:188} INFO - [2024-10-22T14:49:52.755+0000] {dagbag.py:545} INFO - Filling up the DagBag from /home/airflow/.local/lib/python3.12/site-packages/airflow/example_dags/example_bash_decorator.py
[2024-10-22T14:49:52.764+0000] {processor.py:840} INFO - DAG(s) 'example_bash_decorator' retrieved from /home/airflow/.local/lib/python3.12/site-packages/airflow/example_dags/example_bash_decorator.py
[2024-10-22T14:49:52.779+0000] {logging_mixin.py:188} INFO - [2024-10-22T14:49:52.779+0000] {dag.py:3089} INFO - Sync 1 DAGs
[2024-10-22T14:49:52.787+0000] {logging_mixin.py:188} INFO - [2024-10-22T14:49:52.787+0000] {dag.py:3947} INFO - Setting next_dagrun for example_bash_decorator to None, run_after=None
[2024-10-22T14:49:52.800+0000] {processor.py:183} INFO - Processing /home/airflow/.local/lib/python3.12/site-packages/airflow/example_dags/example_bash_decorator.py took 0.051 seconds
[2024-10-22T14:50:23.075+0000] {processor.py:161} INFO - Started process (PID=4221) to work on /home/airflow/.local/lib/python3.12/site-packages/airflow/example_dags/example_bash_decorator.py
[2024-10-22T14:50:23.076+0000] {processor.py:830} INFO - Processing file /home/airflow/.local/lib/python3.12/site-packages/airflow/example_dags/example_bash_decorator.py for tasks to queue
[2024-10-22T14:50:23.077+0000] {logging_mixin.py:188} INFO - [2024-10-22T14:50:23.077+0000] {dagbag.py:545} INFO - Filling up the DagBag from /home/airflow/.local/lib/python3.12/site-packages/airflow/example_dags/example_bash_decorator.py
[2024-10-22T14:50:23.086+0000] {processor.py:840} INFO - DAG(s) 'example_bash_decorator' retrieved from /home/airflow/.local/lib/python3.12/site-packages/airflow/example_dags/example_bash_decorator.py
[2024-10-22T14:50:23.102+0000] {logging_mixin.py:188} INFO - [2024-10-22T14:50:23.102+0000] {dag.py:3089} INFO - Sync 1 DAGs
[2024-10-22T14:50:23.111+0000] {logging_mixin.py:188} INFO - [2024-10-22T14:50:23.111+0000] {dag.py:3947} INFO - Setting next_dagrun for example_bash_decorator to None, run_after=None
[2024-10-22T14:50:23.123+0000] {processor.py:183} INFO - Processing /home/airflow/.local/lib/python3.12/site-packages/airflow/example_dags/example_bash_decorator.py took 0.052 seconds
[2024-10-22T14:50:53.496+0000] {processor.py:161} INFO - Started process (PID=4490) to work on /home/airflow/.local/lib/python3.12/site-packages/airflow/example_dags/example_bash_decorator.py
[2024-10-22T14:50:53.496+0000] {processor.py:830} INFO - Processing file /home/airflow/.local/lib/python3.12/site-packages/airflow/example_dags/example_bash_decorator.py for tasks to queue
[2024-10-22T14:50:53.497+0000] {logging_mixin.py:188} INFO - [2024-10-22T14:50:53.497+0000] {dagbag.py:545} INFO - Filling up the DagBag from /home/airflow/.local/lib/python3.12/site-packages/airflow/example_dags/example_bash_decorator.py
[2024-10-22T14:50:53.507+0000] {processor.py:840} INFO - DAG(s) 'example_bash_decorator' retrieved from /home/airflow/.local/lib/python3.12/site-packages/airflow/example_dags/example_bash_decorator.py
[2024-10-22T14:50:53.523+0000] {logging_mixin.py:188} INFO - [2024-10-22T14:50:53.523+0000] {dag.py:3089} INFO - Sync 1 DAGs
[2024-10-22T14:50:53.531+0000] {logging_mixin.py:188} INFO - [2024-10-22T14:50:53.531+0000] {dag.py:3947} INFO - Setting next_dagrun for example_bash_decorator to None, run_after=None
[2024-10-22T14:50:53.543+0000] {processor.py:183} INFO - Processing /home/airflow/.local/lib/python3.12/site-packages/airflow/example_dags/example_bash_decorator.py took 0.051 seconds
[2024-10-22T14:51:23.910+0000] {processor.py:161} INFO - Started process (PID=4757) to work on /home/airflow/.local/lib/python3.12/site-packages/airflow/example_dags/example_bash_decorator.py
[2024-10-22T14:51:23.911+0000] {processor.py:830} INFO - Processing file /home/airflow/.local/lib/python3.12/site-packages/airflow/example_dags/example_bash_decorator.py for tasks to queue
[2024-10-22T14:51:23.912+0000] {logging_mixin.py:188} INFO - [2024-10-22T14:51:23.912+0000] {dagbag.py:545} INFO - Filling up the DagBag from /home/airflow/.local/lib/python3.12/site-packages/airflow/example_dags/example_bash_decorator.py
[2024-10-22T14:51:23.922+0000] {processor.py:840} INFO - DAG(s) 'example_bash_decorator' retrieved from /home/airflow/.local/lib/python3.12/site-packages/airflow/example_dags/example_bash_decorator.py
[2024-10-22T14:51:23.939+0000] {logging_mixin.py:188} INFO - [2024-10-22T14:51:23.939+0000] {dag.py:3089} INFO - Sync 1 DAGs
[2024-10-22T14:51:23.948+0000] {logging_mixin.py:188} INFO - [2024-10-22T14:51:23.948+0000] {dag.py:3947} INFO - Setting next_dagrun for example_bash_decorator to None, run_after=None
[2024-10-22T14:51:23.960+0000] {processor.py:183} INFO - Processing /home/airflow/.local/lib/python3.12/site-packages/airflow/example_dags/example_bash_decorator.py took 0.054 seconds
[2024-10-22T14:51:54.368+0000] {processor.py:161} INFO - Started process (PID=5024) to work on /home/airflow/.local/lib/python3.12/site-packages/airflow/example_dags/example_bash_decorator.py
[2024-10-22T14:51:54.368+0000] {processor.py:830} INFO - Processing file /home/airflow/.local/lib/python3.12/site-packages/airflow/example_dags/example_bash_decorator.py for tasks to queue
[2024-10-22T14:51:54.370+0000] {logging_mixin.py:188} INFO - [2024-10-22T14:51:54.369+0000] {dagbag.py:545} INFO - Filling up the DagBag from /home/airflow/.local/lib/python3.12/site-packages/airflow/example_dags/example_bash_decorator.py
[2024-10-22T14:51:54.379+0000] {processor.py:840} INFO - DAG(s) 'example_bash_decorator' retrieved from /home/airflow/.local/lib/python3.12/site-packages/airflow/example_dags/example_bash_decorator.py
[2024-10-22T14:51:54.395+0000] {logging_mixin.py:188} INFO - [2024-10-22T14:51:54.395+0000] {dag.py:3089} INFO - Sync 1 DAGs
[2024-10-22T14:51:54.403+0000] {logging_mixin.py:188} INFO - [2024-10-22T14:51:54.403+0000] {dag.py:3947} INFO - Setting next_dagrun for example_bash_decorator to None, run_after=None
[2024-10-22T14:51:54.417+0000] {processor.py:183} INFO - Processing /home/airflow/.local/lib/python3.12/site-packages/airflow/example_dags/example_bash_decorator.py took 0.053 seconds
[2024-10-22T14:52:24.777+0000] {processor.py:161} INFO - Started process (PID=5289) to work on /home/airflow/.local/lib/python3.12/site-packages/airflow/example_dags/example_bash_decorator.py
[2024-10-22T14:52:24.777+0000] {processor.py:830} INFO - Processing file /home/airflow/.local/lib/python3.12/site-packages/airflow/example_dags/example_bash_decorator.py for tasks to queue
[2024-10-22T14:52:24.779+0000] {logging_mixin.py:188} INFO - [2024-10-22T14:52:24.778+0000] {dagbag.py:545} INFO - Filling up the DagBag from /home/airflow/.local/lib/python3.12/site-packages/airflow/example_dags/example_bash_decorator.py
[2024-10-22T14:52:24.787+0000] {processor.py:840} INFO - DAG(s) 'example_bash_decorator' retrieved from /home/airflow/.local/lib/python3.12/site-packages/airflow/example_dags/example_bash_decorator.py
[2024-10-22T14:52:24.802+0000] {logging_mixin.py:188} INFO - [2024-10-22T14:52:24.802+0000] {dag.py:3089} INFO - Sync 1 DAGs
[2024-10-22T14:52:24.811+0000] {logging_mixin.py:188} INFO - [2024-10-22T14:52:24.811+0000] {dag.py:3947} INFO - Setting next_dagrun for example_bash_decorator to None, run_after=None
[2024-10-22T14:52:24.823+0000] {processor.py:183} INFO - Processing /home/airflow/.local/lib/python3.12/site-packages/airflow/example_dags/example_bash_decorator.py took 0.050 seconds
[2024-10-22T14:52:55.058+0000] {processor.py:161} INFO - Started process (PID=5559) to work on /home/airflow/.local/lib/python3.12/site-packages/airflow/example_dags/example_bash_decorator.py
[2024-10-22T14:52:55.059+0000] {processor.py:830} INFO - Processing file /home/airflow/.local/lib/python3.12/site-packages/airflow/example_dags/example_bash_decorator.py for tasks to queue
[2024-10-22T14:52:55.060+0000] {logging_mixin.py:188} INFO - [2024-10-22T14:52:55.060+0000] {dagbag.py:545} INFO - Filling up the DagBag from /home/airflow/.local/lib/python3.12/site-packages/airflow/example_dags/example_bash_decorator.py
[2024-10-22T14:52:55.069+0000] {processor.py:840} INFO - DAG(s) 'example_bash_decorator' retrieved from /home/airflow/.local/lib/python3.12/site-packages/airflow/example_dags/example_bash_decorator.py
[2024-10-22T14:52:55.084+0000] {logging_mixin.py:188} INFO - [2024-10-22T14:52:55.084+0000] {dag.py:3089} INFO - Sync 1 DAGs
[2024-10-22T14:52:55.092+0000] {logging_mixin.py:188} INFO - [2024-10-22T14:52:55.092+0000] {dag.py:3947} INFO - Setting next_dagrun for example_bash_decorator to None, run_after=None
[2024-10-22T14:52:55.104+0000] {processor.py:183} INFO - Processing /home/airflow/.local/lib/python3.12/site-packages/airflow/example_dags/example_bash_decorator.py took 0.050 seconds
[2024-10-22T14:53:25.425+0000] {processor.py:161} INFO - Started process (PID=5826) to work on /home/airflow/.local/lib/python3.12/site-packages/airflow/example_dags/example_bash_decorator.py
[2024-10-22T14:53:25.425+0000] {processor.py:830} INFO - Processing file /home/airflow/.local/lib/python3.12/site-packages/airflow/example_dags/example_bash_decorator.py for tasks to queue
[2024-10-22T14:53:25.427+0000] {logging_mixin.py:188} INFO - [2024-10-22T14:53:25.427+0000] {dagbag.py:545} INFO - Filling up the DagBag from /home/airflow/.local/lib/python3.12/site-packages/airflow/example_dags/example_bash_decorator.py
[2024-10-22T14:53:25.436+0000] {processor.py:840} INFO - DAG(s) 'example_bash_decorator' retrieved from /home/airflow/.local/lib/python3.12/site-packages/airflow/example_dags/example_bash_decorator.py
[2024-10-22T14:53:25.452+0000] {logging_mixin.py:188} INFO - [2024-10-22T14:53:25.452+0000] {dag.py:3089} INFO - Sync 1 DAGs
[2024-10-22T14:53:25.461+0000] {logging_mixin.py:188} INFO - [2024-10-22T14:53:25.461+0000] {dag.py:3947} INFO - Setting next_dagrun for example_bash_decorator to None, run_after=None
[2024-10-22T14:53:25.474+0000] {processor.py:183} INFO - Processing /home/airflow/.local/lib/python3.12/site-packages/airflow/example_dags/example_bash_decorator.py took 0.053 seconds
[2024-10-22T14:53:55.834+0000] {processor.py:161} INFO - Started process (PID=6093) to work on /home/airflow/.local/lib/python3.12/site-packages/airflow/example_dags/example_bash_decorator.py
[2024-10-22T14:53:55.835+0000] {processor.py:830} INFO - Processing file /home/airflow/.local/lib/python3.12/site-packages/airflow/example_dags/example_bash_decorator.py for tasks to queue
[2024-10-22T14:53:55.836+0000] {logging_mixin.py:188} INFO - [2024-10-22T14:53:55.836+0000] {dagbag.py:545} INFO - Filling up the DagBag from /home/airflow/.local/lib/python3.12/site-packages/airflow/example_dags/example_bash_decorator.py
[2024-10-22T14:53:55.846+0000] {processor.py:840} INFO - DAG(s) 'example_bash_decorator' retrieved from /home/airflow/.local/lib/python3.12/site-packages/airflow/example_dags/example_bash_decorator.py
[2024-10-22T14:53:55.862+0000] {logging_mixin.py:188} INFO - [2024-10-22T14:53:55.862+0000] {dag.py:3089} INFO - Sync 1 DAGs
[2024-10-22T14:53:55.871+0000] {logging_mixin.py:188} INFO - [2024-10-22T14:53:55.871+0000] {dag.py:3947} INFO - Setting next_dagrun for example_bash_decorator to None, run_after=None
[2024-10-22T14:53:55.884+0000] {processor.py:183} INFO - Processing /home/airflow/.local/lib/python3.12/site-packages/airflow/example_dags/example_bash_decorator.py took 0.055 seconds
[2024-10-22T14:54:26.207+0000] {processor.py:161} INFO - Started process (PID=6360) to work on /home/airflow/.local/lib/python3.12/site-packages/airflow/example_dags/example_bash_decorator.py
[2024-10-22T14:54:26.208+0000] {processor.py:830} INFO - Processing file /home/airflow/.local/lib/python3.12/site-packages/airflow/example_dags/example_bash_decorator.py for tasks to queue
[2024-10-22T14:54:26.209+0000] {logging_mixin.py:188} INFO - [2024-10-22T14:54:26.209+0000] {dagbag.py:545} INFO - Filling up the DagBag from /home/airflow/.local/lib/python3.12/site-packages/airflow/example_dags/example_bash_decorator.py
[2024-10-22T14:54:26.218+0000] {processor.py:840} INFO - DAG(s) 'example_bash_decorator' retrieved from /home/airflow/.local/lib/python3.12/site-packages/airflow/example_dags/example_bash_decorator.py
[2024-10-22T14:54:26.234+0000] {logging_mixin.py:188} INFO - [2024-10-22T14:54:26.234+0000] {dag.py:3089} INFO - Sync 1 DAGs
[2024-10-22T14:54:26.242+0000] {logging_mixin.py:188} INFO - [2024-10-22T14:54:26.242+0000] {dag.py:3947} INFO - Setting next_dagrun for example_bash_decorator to None, run_after=None
[2024-10-22T14:54:26.255+0000] {processor.py:183} INFO - Processing /home/airflow/.local/lib/python3.12/site-packages/airflow/example_dags/example_bash_decorator.py took 0.052 seconds
[2024-10-22T14:54:56.709+0000] {processor.py:161} INFO - Started process (PID=6627) to work on /home/airflow/.local/lib/python3.12/site-packages/airflow/example_dags/example_bash_decorator.py
[2024-10-22T14:54:56.710+0000] {processor.py:830} INFO - Processing file /home/airflow/.local/lib/python3.12/site-packages/airflow/example_dags/example_bash_decorator.py for tasks to queue
[2024-10-22T14:54:56.711+0000] {logging_mixin.py:188} INFO - [2024-10-22T14:54:56.711+0000] {dagbag.py:545} INFO - Filling up the DagBag from /home/airflow/.local/lib/python3.12/site-packages/airflow/example_dags/example_bash_decorator.py
[2024-10-22T14:54:56.721+0000] {processor.py:840} INFO - DAG(s) 'example_bash_decorator' retrieved from /home/airflow/.local/lib/python3.12/site-packages/airflow/example_dags/example_bash_decorator.py
[2024-10-22T14:54:56.738+0000] {logging_mixin.py:188} INFO - [2024-10-22T14:54:56.738+0000] {dag.py:3089} INFO - Sync 1 DAGs
[2024-10-22T14:54:56.747+0000] {logging_mixin.py:188} INFO - [2024-10-22T14:54:56.747+0000] {dag.py:3947} INFO - Setting next_dagrun for example_bash_decorator to None, run_after=None
[2024-10-22T14:54:56.761+0000] {processor.py:183} INFO - Processing /home/airflow/.local/lib/python3.12/site-packages/airflow/example_dags/example_bash_decorator.py took 0.057 seconds
[2024-10-22T14:55:27.711+0000] {processor.py:161} INFO - Started process (PID=6899) to work on /home/airflow/.local/lib/python3.12/site-packages/airflow/example_dags/example_bash_decorator.py
[2024-10-22T14:55:27.712+0000] {processor.py:830} INFO - Processing file /home/airflow/.local/lib/python3.12/site-packages/airflow/example_dags/example_bash_decorator.py for tasks to queue
[2024-10-22T14:55:27.713+0000] {logging_mixin.py:188} INFO - [2024-10-22T14:55:27.713+0000] {dagbag.py:545} INFO - Filling up the DagBag from /home/airflow/.local/lib/python3.12/site-packages/airflow/example_dags/example_bash_decorator.py
[2024-10-22T14:55:27.722+0000] {processor.py:840} INFO - DAG(s) 'example_bash_decorator' retrieved from /home/airflow/.local/lib/python3.12/site-packages/airflow/example_dags/example_bash_decorator.py
[2024-10-22T14:55:27.738+0000] {logging_mixin.py:188} INFO - [2024-10-22T14:55:27.738+0000] {dag.py:3089} INFO - Sync 1 DAGs
[2024-10-22T14:55:27.747+0000] {logging_mixin.py:188} INFO - [2024-10-22T14:55:27.746+0000] {dag.py:3947} INFO - Setting next_dagrun for example_bash_decorator to None, run_after=None
[2024-10-22T14:55:27.760+0000] {processor.py:183} INFO - Processing /home/airflow/.local/lib/python3.12/site-packages/airflow/example_dags/example_bash_decorator.py took 0.053 seconds
[2024-10-22T14:55:58.034+0000] {processor.py:161} INFO - Started process (PID=7166) to work on /home/airflow/.local/lib/python3.12/site-packages/airflow/example_dags/example_bash_decorator.py
[2024-10-22T14:55:58.035+0000] {processor.py:830} INFO - Processing file /home/airflow/.local/lib/python3.12/site-packages/airflow/example_dags/example_bash_decorator.py for tasks to queue
[2024-10-22T14:55:58.036+0000] {logging_mixin.py:188} INFO - [2024-10-22T14:55:58.036+0000] {dagbag.py:545} INFO - Filling up the DagBag from /home/airflow/.local/lib/python3.12/site-packages/airflow/example_dags/example_bash_decorator.py
[2024-10-22T14:55:58.046+0000] {processor.py:840} INFO - DAG(s) 'example_bash_decorator' retrieved from /home/airflow/.local/lib/python3.12/site-packages/airflow/example_dags/example_bash_decorator.py
[2024-10-22T14:55:58.063+0000] {logging_mixin.py:188} INFO - [2024-10-22T14:55:58.062+0000] {dag.py:3089} INFO - Sync 1 DAGs
[2024-10-22T14:55:58.072+0000] {logging_mixin.py:188} INFO - [2024-10-22T14:55:58.072+0000] {dag.py:3947} INFO - Setting next_dagrun for example_bash_decorator to None, run_after=None
[2024-10-22T14:55:58.085+0000] {processor.py:183} INFO - Processing /home/airflow/.local/lib/python3.12/site-packages/airflow/example_dags/example_bash_decorator.py took 0.055 seconds
[2024-10-22T14:56:28.864+0000] {processor.py:161} INFO - Started process (PID=7433) to work on /home/airflow/.local/lib/python3.12/site-packages/airflow/example_dags/example_bash_decorator.py
[2024-10-22T14:56:28.865+0000] {processor.py:830} INFO - Processing file /home/airflow/.local/lib/python3.12/site-packages/airflow/example_dags/example_bash_decorator.py for tasks to queue
[2024-10-22T14:56:28.867+0000] {logging_mixin.py:188} INFO - [2024-10-22T14:56:28.866+0000] {dagbag.py:545} INFO - Filling up the DagBag from /home/airflow/.local/lib/python3.12/site-packages/airflow/example_dags/example_bash_decorator.py
[2024-10-22T14:56:28.876+0000] {processor.py:840} INFO - DAG(s) 'example_bash_decorator' retrieved from /home/airflow/.local/lib/python3.12/site-packages/airflow/example_dags/example_bash_decorator.py
[2024-10-22T14:56:28.892+0000] {logging_mixin.py:188} INFO - [2024-10-22T14:56:28.892+0000] {dag.py:3089} INFO - Sync 1 DAGs
[2024-10-22T14:56:28.901+0000] {logging_mixin.py:188} INFO - [2024-10-22T14:56:28.901+0000] {dag.py:3947} INFO - Setting next_dagrun for example_bash_decorator to None, run_after=None
[2024-10-22T14:56:28.913+0000] {processor.py:183} INFO - Processing /home/airflow/.local/lib/python3.12/site-packages/airflow/example_dags/example_bash_decorator.py took 0.053 seconds
[2024-10-22T14:56:59.054+0000] {processor.py:161} INFO - Started process (PID=7700) to work on /home/airflow/.local/lib/python3.12/site-packages/airflow/example_dags/example_bash_decorator.py
[2024-10-22T14:56:59.055+0000] {processor.py:830} INFO - Processing file /home/airflow/.local/lib/python3.12/site-packages/airflow/example_dags/example_bash_decorator.py for tasks to queue
[2024-10-22T14:56:59.057+0000] {logging_mixin.py:188} INFO - [2024-10-22T14:56:59.056+0000] {dagbag.py:545} INFO - Filling up the DagBag from /home/airflow/.local/lib/python3.12/site-packages/airflow/example_dags/example_bash_decorator.py
[2024-10-22T14:56:59.066+0000] {processor.py:840} INFO - DAG(s) 'example_bash_decorator' retrieved from /home/airflow/.local/lib/python3.12/site-packages/airflow/example_dags/example_bash_decorator.py
[2024-10-22T14:56:59.084+0000] {logging_mixin.py:188} INFO - [2024-10-22T14:56:59.083+0000] {dag.py:3089} INFO - Sync 1 DAGs
[2024-10-22T14:56:59.092+0000] {logging_mixin.py:188} INFO - [2024-10-22T14:56:59.092+0000] {dag.py:3947} INFO - Setting next_dagrun for example_bash_decorator to None, run_after=None
[2024-10-22T14:56:59.104+0000] {processor.py:183} INFO - Processing /home/airflow/.local/lib/python3.12/site-packages/airflow/example_dags/example_bash_decorator.py took 0.054 seconds
[2024-10-22T14:57:29.814+0000] {processor.py:161} INFO - Started process (PID=7967) to work on /home/airflow/.local/lib/python3.12/site-packages/airflow/example_dags/example_bash_decorator.py
[2024-10-22T14:57:29.814+0000] {processor.py:830} INFO - Processing file /home/airflow/.local/lib/python3.12/site-packages/airflow/example_dags/example_bash_decorator.py for tasks to queue
[2024-10-22T14:57:29.815+0000] {logging_mixin.py:188} INFO - [2024-10-22T14:57:29.815+0000] {dagbag.py:545} INFO - Filling up the DagBag from /home/airflow/.local/lib/python3.12/site-packages/airflow/example_dags/example_bash_decorator.py
[2024-10-22T14:57:29.824+0000] {processor.py:840} INFO - DAG(s) 'example_bash_decorator' retrieved from /home/airflow/.local/lib/python3.12/site-packages/airflow/example_dags/example_bash_decorator.py
[2024-10-22T14:57:29.946+0000] {logging_mixin.py:188} INFO - [2024-10-22T14:57:29.946+0000] {dag.py:3089} INFO - Sync 1 DAGs
[2024-10-22T14:57:29.953+0000] {logging_mixin.py:188} INFO - [2024-10-22T14:57:29.953+0000] {dag.py:3947} INFO - Setting next_dagrun for example_bash_decorator to None, run_after=None
[2024-10-22T14:57:29.966+0000] {processor.py:183} INFO - Processing /home/airflow/.local/lib/python3.12/site-packages/airflow/example_dags/example_bash_decorator.py took 0.157 seconds
