[2024-10-22T14:00:16.815+0000] {processor.py:161} INFO - Started process (PID=420) to work on /home/airflow/.local/lib/python3.12/site-packages/airflow/example_dags/example_sla_dag.py
[2024-10-22T14:00:16.816+0000] {processor.py:830} INFO - Processing file /home/airflow/.local/lib/python3.12/site-packages/airflow/example_dags/example_sla_dag.py for tasks to queue
[2024-10-22T14:00:16.818+0000] {logging_mixin.py:188} INFO - [2024-10-22T14:00:16.818+0000] {dagbag.py:545} INFO - Filling up the DagBag from /home/airflow/.local/lib/python3.12/site-packages/airflow/example_dags/example_sla_dag.py
[2024-10-22T14:00:16.831+0000] {processor.py:840} INFO - DAG(s) 'example_sla_dag' retrieved from /home/airflow/.local/lib/python3.12/site-packages/airflow/example_dags/example_sla_dag.py
[2024-10-22T14:00:16.942+0000] {logging_mixin.py:188} INFO - [2024-10-22T14:00:16.941+0000] {override.py:1858} INFO - Created Permission View: can delete on DAG:example_sla_dag
[2024-10-22T14:00:16.950+0000] {logging_mixin.py:188} INFO - [2024-10-22T14:00:16.950+0000] {override.py:1858} INFO - Created Permission View: can edit on DAG:example_sla_dag
[2024-10-22T14:00:16.956+0000] {logging_mixin.py:188} INFO - [2024-10-22T14:00:16.956+0000] {override.py:1858} INFO - Created Permission View: can read on DAG:example_sla_dag
[2024-10-22T14:00:16.957+0000] {logging_mixin.py:188} INFO - [2024-10-22T14:00:16.957+0000] {dag.py:3089} INFO - Sync 1 DAGs
[2024-10-22T14:00:16.966+0000] {logging_mixin.py:188} INFO - [2024-10-22T14:00:16.966+0000] {dag.py:3111} INFO - Creating ORM DAG for example_sla_dag
[2024-10-22T14:00:16.976+0000] {logging_mixin.py:188} INFO - [2024-10-22T14:00:16.976+0000] {dag.py:3947} INFO - Setting next_dagrun for example_sla_dag to 2024-10-22 13:58:00+00:00, run_after=2024-10-22 14:00:00+00:00
[2024-10-22T14:00:16.990+0000] {processor.py:183} INFO - Processing /home/airflow/.local/lib/python3.12/site-packages/airflow/example_dags/example_sla_dag.py took 0.179 seconds
[2024-10-22T14:00:47.239+0000] {processor.py:161} INFO - Started process (PID=689) to work on /home/airflow/.local/lib/python3.12/site-packages/airflow/example_dags/example_sla_dag.py
[2024-10-22T14:00:47.240+0000] {processor.py:830} INFO - Processing file /home/airflow/.local/lib/python3.12/site-packages/airflow/example_dags/example_sla_dag.py for tasks to queue
[2024-10-22T14:00:47.241+0000] {logging_mixin.py:188} INFO - [2024-10-22T14:00:47.241+0000] {dagbag.py:545} INFO - Filling up the DagBag from /home/airflow/.local/lib/python3.12/site-packages/airflow/example_dags/example_sla_dag.py
[2024-10-22T14:00:47.247+0000] {processor.py:840} INFO - DAG(s) 'example_sla_dag' retrieved from /home/airflow/.local/lib/python3.12/site-packages/airflow/example_dags/example_sla_dag.py
[2024-10-22T14:00:47.260+0000] {logging_mixin.py:188} INFO - [2024-10-22T14:00:47.260+0000] {dag.py:3089} INFO - Sync 1 DAGs
[2024-10-22T14:00:47.276+0000] {logging_mixin.py:188} INFO - [2024-10-22T14:00:47.276+0000] {dag.py:3947} INFO - Setting next_dagrun for example_sla_dag to 2024-10-22 13:58:00+00:00, run_after=2024-10-22 14:00:00+00:00
[2024-10-22T14:00:47.288+0000] {processor.py:183} INFO - Processing /home/airflow/.local/lib/python3.12/site-packages/airflow/example_dags/example_sla_dag.py took 0.053 seconds
[2024-10-22T14:01:17.504+0000] {processor.py:161} INFO - Started process (PID=954) to work on /home/airflow/.local/lib/python3.12/site-packages/airflow/example_dags/example_sla_dag.py
[2024-10-22T14:01:17.505+0000] {processor.py:830} INFO - Processing file /home/airflow/.local/lib/python3.12/site-packages/airflow/example_dags/example_sla_dag.py for tasks to queue
[2024-10-22T14:01:17.506+0000] {logging_mixin.py:188} INFO - [2024-10-22T14:01:17.506+0000] {dagbag.py:545} INFO - Filling up the DagBag from /home/airflow/.local/lib/python3.12/site-packages/airflow/example_dags/example_sla_dag.py
[2024-10-22T14:01:17.512+0000] {processor.py:840} INFO - DAG(s) 'example_sla_dag' retrieved from /home/airflow/.local/lib/python3.12/site-packages/airflow/example_dags/example_sla_dag.py
[2024-10-22T14:01:17.526+0000] {logging_mixin.py:188} INFO - [2024-10-22T14:01:17.525+0000] {dag.py:3089} INFO - Sync 1 DAGs
[2024-10-22T14:01:17.543+0000] {logging_mixin.py:188} INFO - [2024-10-22T14:01:17.543+0000] {dag.py:3947} INFO - Setting next_dagrun for example_sla_dag to 2024-10-22 13:58:00+00:00, run_after=2024-10-22 14:00:00+00:00
[2024-10-22T14:01:17.558+0000] {processor.py:183} INFO - Processing /home/airflow/.local/lib/python3.12/site-packages/airflow/example_dags/example_sla_dag.py took 0.058 seconds
[2024-10-22T14:01:47.826+0000] {processor.py:161} INFO - Started process (PID=1222) to work on /home/airflow/.local/lib/python3.12/site-packages/airflow/example_dags/example_sla_dag.py
[2024-10-22T14:01:47.827+0000] {processor.py:830} INFO - Processing file /home/airflow/.local/lib/python3.12/site-packages/airflow/example_dags/example_sla_dag.py for tasks to queue
[2024-10-22T14:01:47.828+0000] {logging_mixin.py:188} INFO - [2024-10-22T14:01:47.828+0000] {dagbag.py:545} INFO - Filling up the DagBag from /home/airflow/.local/lib/python3.12/site-packages/airflow/example_dags/example_sla_dag.py
[2024-10-22T14:01:47.834+0000] {processor.py:840} INFO - DAG(s) 'example_sla_dag' retrieved from /home/airflow/.local/lib/python3.12/site-packages/airflow/example_dags/example_sla_dag.py
[2024-10-22T14:01:47.848+0000] {logging_mixin.py:188} INFO - [2024-10-22T14:01:47.848+0000] {dag.py:3089} INFO - Sync 1 DAGs
[2024-10-22T14:01:47.864+0000] {logging_mixin.py:188} INFO - [2024-10-22T14:01:47.864+0000] {dag.py:3947} INFO - Setting next_dagrun for example_sla_dag to 2024-10-22 13:58:00+00:00, run_after=2024-10-22 14:00:00+00:00
[2024-10-22T14:01:47.877+0000] {processor.py:183} INFO - Processing /home/airflow/.local/lib/python3.12/site-packages/airflow/example_dags/example_sla_dag.py took 0.054 seconds
[2024-10-22T14:02:18.233+0000] {processor.py:161} INFO - Started process (PID=1488) to work on /home/airflow/.local/lib/python3.12/site-packages/airflow/example_dags/example_sla_dag.py
[2024-10-22T14:02:18.234+0000] {processor.py:830} INFO - Processing file /home/airflow/.local/lib/python3.12/site-packages/airflow/example_dags/example_sla_dag.py for tasks to queue
[2024-10-22T14:02:18.235+0000] {logging_mixin.py:188} INFO - [2024-10-22T14:02:18.235+0000] {dagbag.py:545} INFO - Filling up the DagBag from /home/airflow/.local/lib/python3.12/site-packages/airflow/example_dags/example_sla_dag.py
[2024-10-22T14:02:18.242+0000] {processor.py:840} INFO - DAG(s) 'example_sla_dag' retrieved from /home/airflow/.local/lib/python3.12/site-packages/airflow/example_dags/example_sla_dag.py
[2024-10-22T14:02:18.256+0000] {logging_mixin.py:188} INFO - [2024-10-22T14:02:18.256+0000] {dag.py:3089} INFO - Sync 1 DAGs
[2024-10-22T14:02:18.273+0000] {logging_mixin.py:188} INFO - [2024-10-22T14:02:18.273+0000] {dag.py:3947} INFO - Setting next_dagrun for example_sla_dag to 2024-10-22 14:00:00+00:00, run_after=2024-10-22 14:02:00+00:00
[2024-10-22T14:02:18.287+0000] {processor.py:183} INFO - Processing /home/airflow/.local/lib/python3.12/site-packages/airflow/example_dags/example_sla_dag.py took 0.058 seconds
[2024-10-22T14:02:48.515+0000] {processor.py:161} INFO - Started process (PID=1757) to work on /home/airflow/.local/lib/python3.12/site-packages/airflow/example_dags/example_sla_dag.py
[2024-10-22T14:02:48.516+0000] {processor.py:830} INFO - Processing file /home/airflow/.local/lib/python3.12/site-packages/airflow/example_dags/example_sla_dag.py for tasks to queue
[2024-10-22T14:02:48.517+0000] {logging_mixin.py:188} INFO - [2024-10-22T14:02:48.517+0000] {dagbag.py:545} INFO - Filling up the DagBag from /home/airflow/.local/lib/python3.12/site-packages/airflow/example_dags/example_sla_dag.py
[2024-10-22T14:02:48.523+0000] {processor.py:840} INFO - DAG(s) 'example_sla_dag' retrieved from /home/airflow/.local/lib/python3.12/site-packages/airflow/example_dags/example_sla_dag.py
[2024-10-22T14:02:48.536+0000] {logging_mixin.py:188} INFO - [2024-10-22T14:02:48.535+0000] {dag.py:3089} INFO - Sync 1 DAGs
[2024-10-22T14:02:48.552+0000] {logging_mixin.py:188} INFO - [2024-10-22T14:02:48.552+0000] {dag.py:3947} INFO - Setting next_dagrun for example_sla_dag to 2024-10-22 14:00:00+00:00, run_after=2024-10-22 14:02:00+00:00
[2024-10-22T14:02:48.565+0000] {processor.py:183} INFO - Processing /home/airflow/.local/lib/python3.12/site-packages/airflow/example_dags/example_sla_dag.py took 0.053 seconds
[2024-10-22T14:03:18.670+0000] {processor.py:161} INFO - Started process (PID=2022) to work on /home/airflow/.local/lib/python3.12/site-packages/airflow/example_dags/example_sla_dag.py
[2024-10-22T14:03:18.671+0000] {processor.py:830} INFO - Processing file /home/airflow/.local/lib/python3.12/site-packages/airflow/example_dags/example_sla_dag.py for tasks to queue
[2024-10-22T14:03:18.672+0000] {logging_mixin.py:188} INFO - [2024-10-22T14:03:18.672+0000] {dagbag.py:545} INFO - Filling up the DagBag from /home/airflow/.local/lib/python3.12/site-packages/airflow/example_dags/example_sla_dag.py
[2024-10-22T14:03:18.677+0000] {processor.py:840} INFO - DAG(s) 'example_sla_dag' retrieved from /home/airflow/.local/lib/python3.12/site-packages/airflow/example_dags/example_sla_dag.py
[2024-10-22T14:03:18.690+0000] {logging_mixin.py:188} INFO - [2024-10-22T14:03:18.690+0000] {dag.py:3089} INFO - Sync 1 DAGs
[2024-10-22T14:03:18.706+0000] {logging_mixin.py:188} INFO - [2024-10-22T14:03:18.706+0000] {dag.py:3947} INFO - Setting next_dagrun for example_sla_dag to 2024-10-22 14:00:00+00:00, run_after=2024-10-22 14:02:00+00:00
[2024-10-22T14:03:18.718+0000] {processor.py:183} INFO - Processing /home/airflow/.local/lib/python3.12/site-packages/airflow/example_dags/example_sla_dag.py took 0.052 seconds
[2024-10-22T14:03:49.176+0000] {processor.py:161} INFO - Started process (PID=2291) to work on /home/airflow/.local/lib/python3.12/site-packages/airflow/example_dags/example_sla_dag.py
[2024-10-22T14:03:49.177+0000] {processor.py:830} INFO - Processing file /home/airflow/.local/lib/python3.12/site-packages/airflow/example_dags/example_sla_dag.py for tasks to queue
[2024-10-22T14:03:49.178+0000] {logging_mixin.py:188} INFO - [2024-10-22T14:03:49.178+0000] {dagbag.py:545} INFO - Filling up the DagBag from /home/airflow/.local/lib/python3.12/site-packages/airflow/example_dags/example_sla_dag.py
[2024-10-22T14:03:49.184+0000] {processor.py:840} INFO - DAG(s) 'example_sla_dag' retrieved from /home/airflow/.local/lib/python3.12/site-packages/airflow/example_dags/example_sla_dag.py
[2024-10-22T14:03:49.198+0000] {logging_mixin.py:188} INFO - [2024-10-22T14:03:49.197+0000] {dag.py:3089} INFO - Sync 1 DAGs
[2024-10-22T14:03:49.215+0000] {logging_mixin.py:188} INFO - [2024-10-22T14:03:49.215+0000] {dag.py:3947} INFO - Setting next_dagrun for example_sla_dag to 2024-10-22 14:00:00+00:00, run_after=2024-10-22 14:02:00+00:00
[2024-10-22T14:03:49.227+0000] {processor.py:183} INFO - Processing /home/airflow/.local/lib/python3.12/site-packages/airflow/example_dags/example_sla_dag.py took 0.056 seconds
[2024-10-22T14:34:26.929+0000] {processor.py:161} INFO - Started process (PID=422) to work on /home/airflow/.local/lib/python3.12/site-packages/airflow/example_dags/example_sla_dag.py
[2024-10-22T14:34:26.929+0000] {processor.py:830} INFO - Processing file /home/airflow/.local/lib/python3.12/site-packages/airflow/example_dags/example_sla_dag.py for tasks to queue
[2024-10-22T14:34:26.931+0000] {logging_mixin.py:188} INFO - [2024-10-22T14:34:26.930+0000] {dagbag.py:545} INFO - Filling up the DagBag from /home/airflow/.local/lib/python3.12/site-packages/airflow/example_dags/example_sla_dag.py
[2024-10-22T14:34:26.937+0000] {processor.py:840} INFO - DAG(s) 'example_sla_dag' retrieved from /home/airflow/.local/lib/python3.12/site-packages/airflow/example_dags/example_sla_dag.py
[2024-10-22T14:34:26.945+0000] {logging_mixin.py:188} INFO - [2024-10-22T14:34:26.945+0000] {dag.py:3089} INFO - Sync 1 DAGs
[2024-10-22T14:34:26.962+0000] {logging_mixin.py:188} INFO - [2024-10-22T14:34:26.962+0000] {dag.py:3947} INFO - Setting next_dagrun for example_sla_dag to 2024-10-22 14:32:00+00:00, run_after=2024-10-22 14:34:00+00:00
[2024-10-22T14:34:26.977+0000] {processor.py:183} INFO - Processing /home/airflow/.local/lib/python3.12/site-packages/airflow/example_dags/example_sla_dag.py took 0.052 seconds
[2024-10-22T14:34:58.928+0000] {processor.py:161} INFO - Started process (PID=687) to work on /home/airflow/.local/lib/python3.12/site-packages/airflow/example_dags/example_sla_dag.py
[2024-10-22T14:34:58.929+0000] {processor.py:830} INFO - Processing file /home/airflow/.local/lib/python3.12/site-packages/airflow/example_dags/example_sla_dag.py for tasks to queue
[2024-10-22T14:34:58.930+0000] {logging_mixin.py:188} INFO - [2024-10-22T14:34:58.930+0000] {dagbag.py:545} INFO - Filling up the DagBag from /home/airflow/.local/lib/python3.12/site-packages/airflow/example_dags/example_sla_dag.py
[2024-10-22T14:34:58.939+0000] {processor.py:840} INFO - DAG(s) 'example_sla_dag' retrieved from /home/airflow/.local/lib/python3.12/site-packages/airflow/example_dags/example_sla_dag.py
[2024-10-22T14:34:59.018+0000] {logging_mixin.py:188} INFO - [2024-10-22T14:34:59.018+0000] {dag.py:3089} INFO - Sync 1 DAGs
[2024-10-22T14:34:59.034+0000] {logging_mixin.py:188} INFO - [2024-10-22T14:34:59.034+0000] {dag.py:3947} INFO - Setting next_dagrun for example_sla_dag to 2024-10-22 14:32:00+00:00, run_after=2024-10-22 14:34:00+00:00
[2024-10-22T14:34:59.048+0000] {processor.py:183} INFO - Processing /home/airflow/.local/lib/python3.12/site-packages/airflow/example_dags/example_sla_dag.py took 0.125 seconds
[2024-10-22T14:35:29.193+0000] {processor.py:161} INFO - Started process (PID=954) to work on /home/airflow/.local/lib/python3.12/site-packages/airflow/example_dags/example_sla_dag.py
[2024-10-22T14:35:29.194+0000] {processor.py:830} INFO - Processing file /home/airflow/.local/lib/python3.12/site-packages/airflow/example_dags/example_sla_dag.py for tasks to queue
[2024-10-22T14:35:29.195+0000] {logging_mixin.py:188} INFO - [2024-10-22T14:35:29.195+0000] {dagbag.py:545} INFO - Filling up the DagBag from /home/airflow/.local/lib/python3.12/site-packages/airflow/example_dags/example_sla_dag.py
[2024-10-22T14:35:29.201+0000] {processor.py:840} INFO - DAG(s) 'example_sla_dag' retrieved from /home/airflow/.local/lib/python3.12/site-packages/airflow/example_dags/example_sla_dag.py
[2024-10-22T14:35:29.214+0000] {logging_mixin.py:188} INFO - [2024-10-22T14:35:29.214+0000] {dag.py:3089} INFO - Sync 1 DAGs
[2024-10-22T14:35:29.229+0000] {logging_mixin.py:188} INFO - [2024-10-22T14:35:29.229+0000] {dag.py:3947} INFO - Setting next_dagrun for example_sla_dag to 2024-10-22 14:32:00+00:00, run_after=2024-10-22 14:34:00+00:00
[2024-10-22T14:35:29.243+0000] {processor.py:183} INFO - Processing /home/airflow/.local/lib/python3.12/site-packages/airflow/example_dags/example_sla_dag.py took 0.053 seconds
[2024-10-22T14:35:59.495+0000] {processor.py:161} INFO - Started process (PID=1221) to work on /home/airflow/.local/lib/python3.12/site-packages/airflow/example_dags/example_sla_dag.py
[2024-10-22T14:35:59.496+0000] {processor.py:830} INFO - Processing file /home/airflow/.local/lib/python3.12/site-packages/airflow/example_dags/example_sla_dag.py for tasks to queue
[2024-10-22T14:35:59.497+0000] {logging_mixin.py:188} INFO - [2024-10-22T14:35:59.497+0000] {dagbag.py:545} INFO - Filling up the DagBag from /home/airflow/.local/lib/python3.12/site-packages/airflow/example_dags/example_sla_dag.py
[2024-10-22T14:35:59.503+0000] {processor.py:840} INFO - DAG(s) 'example_sla_dag' retrieved from /home/airflow/.local/lib/python3.12/site-packages/airflow/example_dags/example_sla_dag.py
[2024-10-22T14:35:59.515+0000] {logging_mixin.py:188} INFO - [2024-10-22T14:35:59.515+0000] {dag.py:3089} INFO - Sync 1 DAGs
[2024-10-22T14:35:59.531+0000] {logging_mixin.py:188} INFO - [2024-10-22T14:35:59.531+0000] {dag.py:3947} INFO - Setting next_dagrun for example_sla_dag to 2024-10-22 14:32:00+00:00, run_after=2024-10-22 14:34:00+00:00
[2024-10-22T14:35:59.542+0000] {processor.py:183} INFO - Processing /home/airflow/.local/lib/python3.12/site-packages/airflow/example_dags/example_sla_dag.py took 0.051 seconds
[2024-10-22T14:36:29.833+0000] {processor.py:161} INFO - Started process (PID=1488) to work on /home/airflow/.local/lib/python3.12/site-packages/airflow/example_dags/example_sla_dag.py
[2024-10-22T14:36:29.834+0000] {processor.py:830} INFO - Processing file /home/airflow/.local/lib/python3.12/site-packages/airflow/example_dags/example_sla_dag.py for tasks to queue
[2024-10-22T14:36:29.835+0000] {logging_mixin.py:188} INFO - [2024-10-22T14:36:29.835+0000] {dagbag.py:545} INFO - Filling up the DagBag from /home/airflow/.local/lib/python3.12/site-packages/airflow/example_dags/example_sla_dag.py
[2024-10-22T14:36:29.841+0000] {processor.py:840} INFO - DAG(s) 'example_sla_dag' retrieved from /home/airflow/.local/lib/python3.12/site-packages/airflow/example_dags/example_sla_dag.py
[2024-10-22T14:36:29.853+0000] {logging_mixin.py:188} INFO - [2024-10-22T14:36:29.853+0000] {dag.py:3089} INFO - Sync 1 DAGs
[2024-10-22T14:36:29.868+0000] {logging_mixin.py:188} INFO - [2024-10-22T14:36:29.868+0000] {dag.py:3947} INFO - Setting next_dagrun for example_sla_dag to 2024-10-22 14:34:00+00:00, run_after=2024-10-22 14:36:00+00:00
[2024-10-22T14:36:29.880+0000] {processor.py:183} INFO - Processing /home/airflow/.local/lib/python3.12/site-packages/airflow/example_dags/example_sla_dag.py took 0.050 seconds
[2024-10-22T14:37:00.060+0000] {processor.py:161} INFO - Started process (PID=1755) to work on /home/airflow/.local/lib/python3.12/site-packages/airflow/example_dags/example_sla_dag.py
[2024-10-22T14:37:00.061+0000] {processor.py:830} INFO - Processing file /home/airflow/.local/lib/python3.12/site-packages/airflow/example_dags/example_sla_dag.py for tasks to queue
[2024-10-22T14:37:00.062+0000] {logging_mixin.py:188} INFO - [2024-10-22T14:37:00.062+0000] {dagbag.py:545} INFO - Filling up the DagBag from /home/airflow/.local/lib/python3.12/site-packages/airflow/example_dags/example_sla_dag.py
[2024-10-22T14:37:00.067+0000] {processor.py:840} INFO - DAG(s) 'example_sla_dag' retrieved from /home/airflow/.local/lib/python3.12/site-packages/airflow/example_dags/example_sla_dag.py
[2024-10-22T14:37:00.080+0000] {logging_mixin.py:188} INFO - [2024-10-22T14:37:00.080+0000] {dag.py:3089} INFO - Sync 1 DAGs
[2024-10-22T14:37:00.096+0000] {logging_mixin.py:188} INFO - [2024-10-22T14:37:00.095+0000] {dag.py:3947} INFO - Setting next_dagrun for example_sla_dag to 2024-10-22 14:34:00+00:00, run_after=2024-10-22 14:36:00+00:00
[2024-10-22T14:37:00.107+0000] {processor.py:183} INFO - Processing /home/airflow/.local/lib/python3.12/site-packages/airflow/example_dags/example_sla_dag.py took 0.051 seconds
[2024-10-22T14:37:30.236+0000] {processor.py:161} INFO - Started process (PID=2024) to work on /home/airflow/.local/lib/python3.12/site-packages/airflow/example_dags/example_sla_dag.py
[2024-10-22T14:37:30.236+0000] {processor.py:830} INFO - Processing file /home/airflow/.local/lib/python3.12/site-packages/airflow/example_dags/example_sla_dag.py for tasks to queue
[2024-10-22T14:37:30.238+0000] {logging_mixin.py:188} INFO - [2024-10-22T14:37:30.237+0000] {dagbag.py:545} INFO - Filling up the DagBag from /home/airflow/.local/lib/python3.12/site-packages/airflow/example_dags/example_sla_dag.py
[2024-10-22T14:37:30.243+0000] {processor.py:840} INFO - DAG(s) 'example_sla_dag' retrieved from /home/airflow/.local/lib/python3.12/site-packages/airflow/example_dags/example_sla_dag.py
[2024-10-22T14:37:30.256+0000] {logging_mixin.py:188} INFO - [2024-10-22T14:37:30.256+0000] {dag.py:3089} INFO - Sync 1 DAGs
[2024-10-22T14:37:30.274+0000] {logging_mixin.py:188} INFO - [2024-10-22T14:37:30.274+0000] {dag.py:3947} INFO - Setting next_dagrun for example_sla_dag to 2024-10-22 14:34:00+00:00, run_after=2024-10-22 14:36:00+00:00
[2024-10-22T14:37:30.286+0000] {processor.py:183} INFO - Processing /home/airflow/.local/lib/python3.12/site-packages/airflow/example_dags/example_sla_dag.py took 0.054 seconds
[2024-10-22T14:38:00.356+0000] {processor.py:161} INFO - Started process (PID=2289) to work on /home/airflow/.local/lib/python3.12/site-packages/airflow/example_dags/example_sla_dag.py
[2024-10-22T14:38:00.357+0000] {processor.py:830} INFO - Processing file /home/airflow/.local/lib/python3.12/site-packages/airflow/example_dags/example_sla_dag.py for tasks to queue
[2024-10-22T14:38:00.359+0000] {logging_mixin.py:188} INFO - [2024-10-22T14:38:00.358+0000] {dagbag.py:545} INFO - Filling up the DagBag from /home/airflow/.local/lib/python3.12/site-packages/airflow/example_dags/example_sla_dag.py
[2024-10-22T14:38:00.365+0000] {processor.py:840} INFO - DAG(s) 'example_sla_dag' retrieved from /home/airflow/.local/lib/python3.12/site-packages/airflow/example_dags/example_sla_dag.py
[2024-10-22T14:38:00.378+0000] {logging_mixin.py:188} INFO - [2024-10-22T14:38:00.378+0000] {dag.py:3089} INFO - Sync 1 DAGs
[2024-10-22T14:38:00.393+0000] {logging_mixin.py:188} INFO - [2024-10-22T14:38:00.393+0000] {dag.py:3947} INFO - Setting next_dagrun for example_sla_dag to 2024-10-22 14:36:00+00:00, run_after=2024-10-22 14:38:00+00:00
[2024-10-22T14:38:00.406+0000] {processor.py:183} INFO - Processing /home/airflow/.local/lib/python3.12/site-packages/airflow/example_dags/example_sla_dag.py took 0.053 seconds
[2024-10-22T14:38:30.476+0000] {processor.py:161} INFO - Started process (PID=2556) to work on /home/airflow/.local/lib/python3.12/site-packages/airflow/example_dags/example_sla_dag.py
[2024-10-22T14:38:30.477+0000] {processor.py:830} INFO - Processing file /home/airflow/.local/lib/python3.12/site-packages/airflow/example_dags/example_sla_dag.py for tasks to queue
[2024-10-22T14:38:30.478+0000] {logging_mixin.py:188} INFO - [2024-10-22T14:38:30.478+0000] {dagbag.py:545} INFO - Filling up the DagBag from /home/airflow/.local/lib/python3.12/site-packages/airflow/example_dags/example_sla_dag.py
[2024-10-22T14:38:30.485+0000] {processor.py:840} INFO - DAG(s) 'example_sla_dag' retrieved from /home/airflow/.local/lib/python3.12/site-packages/airflow/example_dags/example_sla_dag.py
[2024-10-22T14:38:30.499+0000] {logging_mixin.py:188} INFO - [2024-10-22T14:38:30.499+0000] {dag.py:3089} INFO - Sync 1 DAGs
[2024-10-22T14:38:30.516+0000] {logging_mixin.py:188} INFO - [2024-10-22T14:38:30.516+0000] {dag.py:3947} INFO - Setting next_dagrun for example_sla_dag to 2024-10-22 14:36:00+00:00, run_after=2024-10-22 14:38:00+00:00
[2024-10-22T14:38:30.530+0000] {processor.py:183} INFO - Processing /home/airflow/.local/lib/python3.12/site-packages/airflow/example_dags/example_sla_dag.py took 0.058 seconds
[2024-10-22T14:39:01.073+0000] {processor.py:161} INFO - Started process (PID=2823) to work on /home/airflow/.local/lib/python3.12/site-packages/airflow/example_dags/example_sla_dag.py
[2024-10-22T14:39:01.073+0000] {processor.py:830} INFO - Processing file /home/airflow/.local/lib/python3.12/site-packages/airflow/example_dags/example_sla_dag.py for tasks to queue
[2024-10-22T14:39:01.075+0000] {logging_mixin.py:188} INFO - [2024-10-22T14:39:01.074+0000] {dagbag.py:545} INFO - Filling up the DagBag from /home/airflow/.local/lib/python3.12/site-packages/airflow/example_dags/example_sla_dag.py
[2024-10-22T14:39:01.080+0000] {processor.py:840} INFO - DAG(s) 'example_sla_dag' retrieved from /home/airflow/.local/lib/python3.12/site-packages/airflow/example_dags/example_sla_dag.py
[2024-10-22T14:39:01.092+0000] {logging_mixin.py:188} INFO - [2024-10-22T14:39:01.092+0000] {dag.py:3089} INFO - Sync 1 DAGs
[2024-10-22T14:39:01.107+0000] {logging_mixin.py:188} INFO - [2024-10-22T14:39:01.107+0000] {dag.py:3947} INFO - Setting next_dagrun for example_sla_dag to 2024-10-22 14:36:00+00:00, run_after=2024-10-22 14:38:00+00:00
[2024-10-22T14:39:01.118+0000] {processor.py:183} INFO - Processing /home/airflow/.local/lib/python3.12/site-packages/airflow/example_dags/example_sla_dag.py took 0.049 seconds
[2024-10-22T14:39:31.193+0000] {processor.py:161} INFO - Started process (PID=3090) to work on /home/airflow/.local/lib/python3.12/site-packages/airflow/example_dags/example_sla_dag.py
[2024-10-22T14:39:31.194+0000] {processor.py:830} INFO - Processing file /home/airflow/.local/lib/python3.12/site-packages/airflow/example_dags/example_sla_dag.py for tasks to queue
[2024-10-22T14:39:31.196+0000] {logging_mixin.py:188} INFO - [2024-10-22T14:39:31.195+0000] {dagbag.py:545} INFO - Filling up the DagBag from /home/airflow/.local/lib/python3.12/site-packages/airflow/example_dags/example_sla_dag.py
[2024-10-22T14:39:31.202+0000] {processor.py:840} INFO - DAG(s) 'example_sla_dag' retrieved from /home/airflow/.local/lib/python3.12/site-packages/airflow/example_dags/example_sla_dag.py
[2024-10-22T14:39:31.216+0000] {logging_mixin.py:188} INFO - [2024-10-22T14:39:31.216+0000] {dag.py:3089} INFO - Sync 1 DAGs
[2024-10-22T14:39:31.231+0000] {logging_mixin.py:188} INFO - [2024-10-22T14:39:31.231+0000] {dag.py:3947} INFO - Setting next_dagrun for example_sla_dag to 2024-10-22 14:36:00+00:00, run_after=2024-10-22 14:38:00+00:00
[2024-10-22T14:39:31.243+0000] {processor.py:183} INFO - Processing /home/airflow/.local/lib/python3.12/site-packages/airflow/example_dags/example_sla_dag.py took 0.054 seconds
[2024-10-22T14:40:01.428+0000] {processor.py:161} INFO - Started process (PID=3357) to work on /home/airflow/.local/lib/python3.12/site-packages/airflow/example_dags/example_sla_dag.py
[2024-10-22T14:40:01.429+0000] {processor.py:830} INFO - Processing file /home/airflow/.local/lib/python3.12/site-packages/airflow/example_dags/example_sla_dag.py for tasks to queue
[2024-10-22T14:40:01.430+0000] {logging_mixin.py:188} INFO - [2024-10-22T14:40:01.430+0000] {dagbag.py:545} INFO - Filling up the DagBag from /home/airflow/.local/lib/python3.12/site-packages/airflow/example_dags/example_sla_dag.py
[2024-10-22T14:40:01.435+0000] {processor.py:840} INFO - DAG(s) 'example_sla_dag' retrieved from /home/airflow/.local/lib/python3.12/site-packages/airflow/example_dags/example_sla_dag.py
[2024-10-22T14:40:01.448+0000] {logging_mixin.py:188} INFO - [2024-10-22T14:40:01.448+0000] {dag.py:3089} INFO - Sync 1 DAGs
[2024-10-22T14:40:01.463+0000] {logging_mixin.py:188} INFO - [2024-10-22T14:40:01.463+0000] {dag.py:3947} INFO - Setting next_dagrun for example_sla_dag to 2024-10-22 14:38:00+00:00, run_after=2024-10-22 14:40:00+00:00
[2024-10-22T14:40:01.474+0000] {processor.py:183} INFO - Processing /home/airflow/.local/lib/python3.12/site-packages/airflow/example_dags/example_sla_dag.py took 0.050 seconds
[2024-10-22T14:40:31.677+0000] {processor.py:161} INFO - Started process (PID=3624) to work on /home/airflow/.local/lib/python3.12/site-packages/airflow/example_dags/example_sla_dag.py
[2024-10-22T14:40:31.678+0000] {processor.py:830} INFO - Processing file /home/airflow/.local/lib/python3.12/site-packages/airflow/example_dags/example_sla_dag.py for tasks to queue
[2024-10-22T14:40:31.679+0000] {logging_mixin.py:188} INFO - [2024-10-22T14:40:31.679+0000] {dagbag.py:545} INFO - Filling up the DagBag from /home/airflow/.local/lib/python3.12/site-packages/airflow/example_dags/example_sla_dag.py
[2024-10-22T14:40:31.685+0000] {processor.py:840} INFO - DAG(s) 'example_sla_dag' retrieved from /home/airflow/.local/lib/python3.12/site-packages/airflow/example_dags/example_sla_dag.py
[2024-10-22T14:40:31.697+0000] {logging_mixin.py:188} INFO - [2024-10-22T14:40:31.697+0000] {dag.py:3089} INFO - Sync 1 DAGs
[2024-10-22T14:40:31.713+0000] {logging_mixin.py:188} INFO - [2024-10-22T14:40:31.712+0000] {dag.py:3947} INFO - Setting next_dagrun for example_sla_dag to 2024-10-22 14:38:00+00:00, run_after=2024-10-22 14:40:00+00:00
[2024-10-22T14:40:31.724+0000] {processor.py:183} INFO - Processing /home/airflow/.local/lib/python3.12/site-packages/airflow/example_dags/example_sla_dag.py took 0.051 seconds
[2024-10-22T14:41:01.752+0000] {processor.py:161} INFO - Started process (PID=3891) to work on /home/airflow/.local/lib/python3.12/site-packages/airflow/example_dags/example_sla_dag.py
[2024-10-22T14:41:01.752+0000] {processor.py:830} INFO - Processing file /home/airflow/.local/lib/python3.12/site-packages/airflow/example_dags/example_sla_dag.py for tasks to queue
[2024-10-22T14:41:01.754+0000] {logging_mixin.py:188} INFO - [2024-10-22T14:41:01.753+0000] {dagbag.py:545} INFO - Filling up the DagBag from /home/airflow/.local/lib/python3.12/site-packages/airflow/example_dags/example_sla_dag.py
[2024-10-22T14:41:01.759+0000] {processor.py:840} INFO - DAG(s) 'example_sla_dag' retrieved from /home/airflow/.local/lib/python3.12/site-packages/airflow/example_dags/example_sla_dag.py
[2024-10-22T14:41:01.771+0000] {logging_mixin.py:188} INFO - [2024-10-22T14:41:01.771+0000] {dag.py:3089} INFO - Sync 1 DAGs
[2024-10-22T14:41:01.786+0000] {logging_mixin.py:188} INFO - [2024-10-22T14:41:01.786+0000] {dag.py:3947} INFO - Setting next_dagrun for example_sla_dag to 2024-10-22 14:38:00+00:00, run_after=2024-10-22 14:40:00+00:00
[2024-10-22T14:41:01.798+0000] {processor.py:183} INFO - Processing /home/airflow/.local/lib/python3.12/site-packages/airflow/example_dags/example_sla_dag.py took 0.050 seconds
[2024-10-22T14:41:32.107+0000] {processor.py:161} INFO - Started process (PID=4158) to work on /home/airflow/.local/lib/python3.12/site-packages/airflow/example_dags/example_sla_dag.py
[2024-10-22T14:41:32.108+0000] {processor.py:830} INFO - Processing file /home/airflow/.local/lib/python3.12/site-packages/airflow/example_dags/example_sla_dag.py for tasks to queue
[2024-10-22T14:41:32.109+0000] {logging_mixin.py:188} INFO - [2024-10-22T14:41:32.109+0000] {dagbag.py:545} INFO - Filling up the DagBag from /home/airflow/.local/lib/python3.12/site-packages/airflow/example_dags/example_sla_dag.py
[2024-10-22T14:41:32.115+0000] {processor.py:840} INFO - DAG(s) 'example_sla_dag' retrieved from /home/airflow/.local/lib/python3.12/site-packages/airflow/example_dags/example_sla_dag.py
[2024-10-22T14:41:32.129+0000] {logging_mixin.py:188} INFO - [2024-10-22T14:41:32.129+0000] {dag.py:3089} INFO - Sync 1 DAGs
[2024-10-22T14:41:32.146+0000] {logging_mixin.py:188} INFO - [2024-10-22T14:41:32.146+0000] {dag.py:3947} INFO - Setting next_dagrun for example_sla_dag to 2024-10-22 14:38:00+00:00, run_after=2024-10-22 14:40:00+00:00
[2024-10-22T14:41:32.159+0000] {processor.py:183} INFO - Processing /home/airflow/.local/lib/python3.12/site-packages/airflow/example_dags/example_sla_dag.py took 0.056 seconds
[2024-10-22T14:42:02.215+0000] {processor.py:161} INFO - Started process (PID=4425) to work on /home/airflow/.local/lib/python3.12/site-packages/airflow/example_dags/example_sla_dag.py
[2024-10-22T14:42:02.216+0000] {processor.py:830} INFO - Processing file /home/airflow/.local/lib/python3.12/site-packages/airflow/example_dags/example_sla_dag.py for tasks to queue
[2024-10-22T14:42:02.218+0000] {logging_mixin.py:188} INFO - [2024-10-22T14:42:02.217+0000] {dagbag.py:545} INFO - Filling up the DagBag from /home/airflow/.local/lib/python3.12/site-packages/airflow/example_dags/example_sla_dag.py
[2024-10-22T14:42:02.224+0000] {processor.py:840} INFO - DAG(s) 'example_sla_dag' retrieved from /home/airflow/.local/lib/python3.12/site-packages/airflow/example_dags/example_sla_dag.py
[2024-10-22T14:42:02.237+0000] {logging_mixin.py:188} INFO - [2024-10-22T14:42:02.237+0000] {dag.py:3089} INFO - Sync 1 DAGs
[2024-10-22T14:42:02.252+0000] {logging_mixin.py:188} INFO - [2024-10-22T14:42:02.252+0000] {dag.py:3947} INFO - Setting next_dagrun for example_sla_dag to 2024-10-22 14:40:00+00:00, run_after=2024-10-22 14:42:00+00:00
[2024-10-22T14:42:02.266+0000] {processor.py:183} INFO - Processing /home/airflow/.local/lib/python3.12/site-packages/airflow/example_dags/example_sla_dag.py took 0.055 seconds
[2024-10-22T14:42:49.532+0000] {processor.py:161} INFO - Started process (PID=422) to work on /home/airflow/.local/lib/python3.12/site-packages/airflow/example_dags/example_sla_dag.py
[2024-10-22T14:42:49.532+0000] {processor.py:830} INFO - Processing file /home/airflow/.local/lib/python3.12/site-packages/airflow/example_dags/example_sla_dag.py for tasks to queue
[2024-10-22T14:42:49.534+0000] {logging_mixin.py:188} INFO - [2024-10-22T14:42:49.534+0000] {dagbag.py:545} INFO - Filling up the DagBag from /home/airflow/.local/lib/python3.12/site-packages/airflow/example_dags/example_sla_dag.py
[2024-10-22T14:42:49.540+0000] {processor.py:840} INFO - DAG(s) 'example_sla_dag' retrieved from /home/airflow/.local/lib/python3.12/site-packages/airflow/example_dags/example_sla_dag.py
[2024-10-22T14:42:49.548+0000] {logging_mixin.py:188} INFO - [2024-10-22T14:42:49.548+0000] {dag.py:3089} INFO - Sync 1 DAGs
[2024-10-22T14:42:49.566+0000] {logging_mixin.py:188} INFO - [2024-10-22T14:42:49.566+0000] {dag.py:3947} INFO - Setting next_dagrun for example_sla_dag to 2024-10-22 14:40:00+00:00, run_after=2024-10-22 14:42:00+00:00
[2024-10-22T14:42:49.579+0000] {processor.py:183} INFO - Processing /home/airflow/.local/lib/python3.12/site-packages/airflow/example_dags/example_sla_dag.py took 0.052 seconds
[2024-10-22T14:43:20.883+0000] {processor.py:161} INFO - Started process (PID=687) to work on /home/airflow/.local/lib/python3.12/site-packages/airflow/example_dags/example_sla_dag.py
[2024-10-22T14:43:20.884+0000] {processor.py:830} INFO - Processing file /home/airflow/.local/lib/python3.12/site-packages/airflow/example_dags/example_sla_dag.py for tasks to queue
[2024-10-22T14:43:20.885+0000] {logging_mixin.py:188} INFO - [2024-10-22T14:43:20.885+0000] {dagbag.py:545} INFO - Filling up the DagBag from /home/airflow/.local/lib/python3.12/site-packages/airflow/example_dags/example_sla_dag.py
[2024-10-22T14:43:20.891+0000] {processor.py:840} INFO - DAG(s) 'example_sla_dag' retrieved from /home/airflow/.local/lib/python3.12/site-packages/airflow/example_dags/example_sla_dag.py
[2024-10-22T14:43:20.963+0000] {logging_mixin.py:188} INFO - [2024-10-22T14:43:20.963+0000] {dag.py:3089} INFO - Sync 1 DAGs
[2024-10-22T14:43:20.978+0000] {logging_mixin.py:188} INFO - [2024-10-22T14:43:20.978+0000] {dag.py:3947} INFO - Setting next_dagrun for example_sla_dag to 2024-10-22 14:40:00+00:00, run_after=2024-10-22 14:42:00+00:00
[2024-10-22T14:43:20.991+0000] {processor.py:183} INFO - Processing /home/airflow/.local/lib/python3.12/site-packages/airflow/example_dags/example_sla_dag.py took 0.112 seconds
[2024-10-22T14:43:51.030+0000] {processor.py:161} INFO - Started process (PID=962) to work on /home/airflow/.local/lib/python3.12/site-packages/airflow/example_dags/example_sla_dag.py
[2024-10-22T14:43:51.030+0000] {processor.py:830} INFO - Processing file /home/airflow/.local/lib/python3.12/site-packages/airflow/example_dags/example_sla_dag.py for tasks to queue
[2024-10-22T14:43:51.031+0000] {logging_mixin.py:188} INFO - [2024-10-22T14:43:51.031+0000] {dagbag.py:545} INFO - Filling up the DagBag from /home/airflow/.local/lib/python3.12/site-packages/airflow/example_dags/example_sla_dag.py
[2024-10-22T14:43:51.037+0000] {processor.py:840} INFO - DAG(s) 'example_sla_dag' retrieved from /home/airflow/.local/lib/python3.12/site-packages/airflow/example_dags/example_sla_dag.py
[2024-10-22T14:43:51.050+0000] {logging_mixin.py:188} INFO - [2024-10-22T14:43:51.050+0000] {dag.py:3089} INFO - Sync 1 DAGs
[2024-10-22T14:43:51.067+0000] {logging_mixin.py:188} INFO - [2024-10-22T14:43:51.067+0000] {dag.py:3947} INFO - Setting next_dagrun for example_sla_dag to 2024-10-22 14:40:00+00:00, run_after=2024-10-22 14:42:00+00:00
[2024-10-22T14:43:51.079+0000] {processor.py:183} INFO - Processing /home/airflow/.local/lib/python3.12/site-packages/airflow/example_dags/example_sla_dag.py took 0.053 seconds
[2024-10-22T14:44:21.130+0000] {processor.py:161} INFO - Started process (PID=1229) to work on /home/airflow/.local/lib/python3.12/site-packages/airflow/example_dags/example_sla_dag.py
[2024-10-22T14:44:21.130+0000] {processor.py:830} INFO - Processing file /home/airflow/.local/lib/python3.12/site-packages/airflow/example_dags/example_sla_dag.py for tasks to queue
[2024-10-22T14:44:21.132+0000] {logging_mixin.py:188} INFO - [2024-10-22T14:44:21.131+0000] {dagbag.py:545} INFO - Filling up the DagBag from /home/airflow/.local/lib/python3.12/site-packages/airflow/example_dags/example_sla_dag.py
[2024-10-22T14:44:21.137+0000] {processor.py:840} INFO - DAG(s) 'example_sla_dag' retrieved from /home/airflow/.local/lib/python3.12/site-packages/airflow/example_dags/example_sla_dag.py
[2024-10-22T14:44:21.152+0000] {logging_mixin.py:188} INFO - [2024-10-22T14:44:21.152+0000] {dag.py:3089} INFO - Sync 1 DAGs
[2024-10-22T14:44:21.169+0000] {logging_mixin.py:188} INFO - [2024-10-22T14:44:21.168+0000] {dag.py:3947} INFO - Setting next_dagrun for example_sla_dag to 2024-10-22 14:42:00+00:00, run_after=2024-10-22 14:44:00+00:00
[2024-10-22T14:44:21.182+0000] {processor.py:183} INFO - Processing /home/airflow/.local/lib/python3.12/site-packages/airflow/example_dags/example_sla_dag.py took 0.056 seconds
[2024-10-22T14:44:52.037+0000] {processor.py:161} INFO - Started process (PID=1493) to work on /home/airflow/.local/lib/python3.12/site-packages/airflow/example_dags/example_sla_dag.py
[2024-10-22T14:44:52.037+0000] {processor.py:830} INFO - Processing file /home/airflow/.local/lib/python3.12/site-packages/airflow/example_dags/example_sla_dag.py for tasks to queue
[2024-10-22T14:44:52.039+0000] {logging_mixin.py:188} INFO - [2024-10-22T14:44:52.039+0000] {dagbag.py:545} INFO - Filling up the DagBag from /home/airflow/.local/lib/python3.12/site-packages/airflow/example_dags/example_sla_dag.py
[2024-10-22T14:44:52.044+0000] {processor.py:840} INFO - DAG(s) 'example_sla_dag' retrieved from /home/airflow/.local/lib/python3.12/site-packages/airflow/example_dags/example_sla_dag.py
[2024-10-22T14:44:52.057+0000] {logging_mixin.py:188} INFO - [2024-10-22T14:44:52.057+0000] {dag.py:3089} INFO - Sync 1 DAGs
[2024-10-22T14:44:52.073+0000] {logging_mixin.py:188} INFO - [2024-10-22T14:44:52.073+0000] {dag.py:3947} INFO - Setting next_dagrun for example_sla_dag to 2024-10-22 14:42:00+00:00, run_after=2024-10-22 14:44:00+00:00
[2024-10-22T14:44:52.086+0000] {processor.py:183} INFO - Processing /home/airflow/.local/lib/python3.12/site-packages/airflow/example_dags/example_sla_dag.py took 0.053 seconds
[2024-10-22T14:45:22.190+0000] {processor.py:161} INFO - Started process (PID=1760) to work on /home/airflow/.local/lib/python3.12/site-packages/airflow/example_dags/example_sla_dag.py
[2024-10-22T14:45:22.191+0000] {processor.py:830} INFO - Processing file /home/airflow/.local/lib/python3.12/site-packages/airflow/example_dags/example_sla_dag.py for tasks to queue
[2024-10-22T14:45:22.192+0000] {logging_mixin.py:188} INFO - [2024-10-22T14:45:22.192+0000] {dagbag.py:545} INFO - Filling up the DagBag from /home/airflow/.local/lib/python3.12/site-packages/airflow/example_dags/example_sla_dag.py
[2024-10-22T14:45:22.197+0000] {processor.py:840} INFO - DAG(s) 'example_sla_dag' retrieved from /home/airflow/.local/lib/python3.12/site-packages/airflow/example_dags/example_sla_dag.py
[2024-10-22T14:45:22.211+0000] {logging_mixin.py:188} INFO - [2024-10-22T14:45:22.210+0000] {dag.py:3089} INFO - Sync 1 DAGs
[2024-10-22T14:45:22.227+0000] {logging_mixin.py:188} INFO - [2024-10-22T14:45:22.227+0000] {dag.py:3947} INFO - Setting next_dagrun for example_sla_dag to 2024-10-22 14:42:00+00:00, run_after=2024-10-22 14:44:00+00:00
[2024-10-22T14:45:22.239+0000] {processor.py:183} INFO - Processing /home/airflow/.local/lib/python3.12/site-packages/airflow/example_dags/example_sla_dag.py took 0.053 seconds
[2024-10-22T14:45:52.777+0000] {processor.py:161} INFO - Started process (PID=2025) to work on /home/airflow/.local/lib/python3.12/site-packages/airflow/example_dags/example_sla_dag.py
[2024-10-22T14:45:52.778+0000] {processor.py:830} INFO - Processing file /home/airflow/.local/lib/python3.12/site-packages/airflow/example_dags/example_sla_dag.py for tasks to queue
[2024-10-22T14:45:52.779+0000] {logging_mixin.py:188} INFO - [2024-10-22T14:45:52.779+0000] {dagbag.py:545} INFO - Filling up the DagBag from /home/airflow/.local/lib/python3.12/site-packages/airflow/example_dags/example_sla_dag.py
[2024-10-22T14:45:52.787+0000] {processor.py:840} INFO - DAG(s) 'example_sla_dag' retrieved from /home/airflow/.local/lib/python3.12/site-packages/airflow/example_dags/example_sla_dag.py
[2024-10-22T14:45:52.800+0000] {logging_mixin.py:188} INFO - [2024-10-22T14:45:52.800+0000] {dag.py:3089} INFO - Sync 1 DAGs
[2024-10-22T14:45:52.817+0000] {logging_mixin.py:188} INFO - [2024-10-22T14:45:52.816+0000] {dag.py:3947} INFO - Setting next_dagrun for example_sla_dag to 2024-10-22 14:42:00+00:00, run_after=2024-10-22 14:44:00+00:00
[2024-10-22T14:45:52.829+0000] {processor.py:183} INFO - Processing /home/airflow/.local/lib/python3.12/site-packages/airflow/example_dags/example_sla_dag.py took 0.057 seconds
[2024-10-22T14:46:23.776+0000] {processor.py:161} INFO - Started process (PID=2292) to work on /home/airflow/.local/lib/python3.12/site-packages/airflow/example_dags/example_sla_dag.py
[2024-10-22T14:46:23.776+0000] {processor.py:830} INFO - Processing file /home/airflow/.local/lib/python3.12/site-packages/airflow/example_dags/example_sla_dag.py for tasks to queue
[2024-10-22T14:46:23.777+0000] {logging_mixin.py:188} INFO - [2024-10-22T14:46:23.777+0000] {dagbag.py:545} INFO - Filling up the DagBag from /home/airflow/.local/lib/python3.12/site-packages/airflow/example_dags/example_sla_dag.py
[2024-10-22T14:46:23.783+0000] {processor.py:840} INFO - DAG(s) 'example_sla_dag' retrieved from /home/airflow/.local/lib/python3.12/site-packages/airflow/example_dags/example_sla_dag.py
[2024-10-22T14:46:23.796+0000] {logging_mixin.py:188} INFO - [2024-10-22T14:46:23.796+0000] {dag.py:3089} INFO - Sync 1 DAGs
[2024-10-22T14:46:23.812+0000] {logging_mixin.py:188} INFO - [2024-10-22T14:46:23.812+0000] {dag.py:3947} INFO - Setting next_dagrun for example_sla_dag to 2024-10-22 14:44:00+00:00, run_after=2024-10-22 14:46:00+00:00
[2024-10-22T14:46:23.824+0000] {processor.py:183} INFO - Processing /home/airflow/.local/lib/python3.12/site-packages/airflow/example_dags/example_sla_dag.py took 0.053 seconds
[2024-10-22T14:46:54.554+0000] {processor.py:161} INFO - Started process (PID=2564) to work on /home/airflow/.local/lib/python3.12/site-packages/airflow/example_dags/example_sla_dag.py
[2024-10-22T14:46:54.555+0000] {processor.py:830} INFO - Processing file /home/airflow/.local/lib/python3.12/site-packages/airflow/example_dags/example_sla_dag.py for tasks to queue
[2024-10-22T14:46:54.556+0000] {logging_mixin.py:188} INFO - [2024-10-22T14:46:54.556+0000] {dagbag.py:545} INFO - Filling up the DagBag from /home/airflow/.local/lib/python3.12/site-packages/airflow/example_dags/example_sla_dag.py
[2024-10-22T14:46:54.562+0000] {processor.py:840} INFO - DAG(s) 'example_sla_dag' retrieved from /home/airflow/.local/lib/python3.12/site-packages/airflow/example_dags/example_sla_dag.py
[2024-10-22T14:46:54.577+0000] {logging_mixin.py:188} INFO - [2024-10-22T14:46:54.577+0000] {dag.py:3089} INFO - Sync 1 DAGs
[2024-10-22T14:46:54.595+0000] {logging_mixin.py:188} INFO - [2024-10-22T14:46:54.594+0000] {dag.py:3947} INFO - Setting next_dagrun for example_sla_dag to 2024-10-22 14:44:00+00:00, run_after=2024-10-22 14:46:00+00:00
[2024-10-22T14:46:54.607+0000] {processor.py:183} INFO - Processing /home/airflow/.local/lib/python3.12/site-packages/airflow/example_dags/example_sla_dag.py took 0.057 seconds
[2024-10-22T14:47:24.878+0000] {processor.py:161} INFO - Started process (PID=2831) to work on /home/airflow/.local/lib/python3.12/site-packages/airflow/example_dags/example_sla_dag.py
[2024-10-22T14:47:24.879+0000] {processor.py:830} INFO - Processing file /home/airflow/.local/lib/python3.12/site-packages/airflow/example_dags/example_sla_dag.py for tasks to queue
[2024-10-22T14:47:24.880+0000] {logging_mixin.py:188} INFO - [2024-10-22T14:47:24.880+0000] {dagbag.py:545} INFO - Filling up the DagBag from /home/airflow/.local/lib/python3.12/site-packages/airflow/example_dags/example_sla_dag.py
[2024-10-22T14:47:24.886+0000] {processor.py:840} INFO - DAG(s) 'example_sla_dag' retrieved from /home/airflow/.local/lib/python3.12/site-packages/airflow/example_dags/example_sla_dag.py
[2024-10-22T14:47:24.901+0000] {logging_mixin.py:188} INFO - [2024-10-22T14:47:24.901+0000] {dag.py:3089} INFO - Sync 1 DAGs
[2024-10-22T14:47:24.919+0000] {logging_mixin.py:188} INFO - [2024-10-22T14:47:24.919+0000] {dag.py:3947} INFO - Setting next_dagrun for example_sla_dag to 2024-10-22 14:44:00+00:00, run_after=2024-10-22 14:46:00+00:00
[2024-10-22T14:47:24.933+0000] {processor.py:183} INFO - Processing /home/airflow/.local/lib/python3.12/site-packages/airflow/example_dags/example_sla_dag.py took 0.058 seconds
[2024-10-22T14:47:55.143+0000] {processor.py:161} INFO - Started process (PID=3101) to work on /home/airflow/.local/lib/python3.12/site-packages/airflow/example_dags/example_sla_dag.py
[2024-10-22T14:47:55.144+0000] {processor.py:830} INFO - Processing file /home/airflow/.local/lib/python3.12/site-packages/airflow/example_dags/example_sla_dag.py for tasks to queue
[2024-10-22T14:47:55.145+0000] {logging_mixin.py:188} INFO - [2024-10-22T14:47:55.145+0000] {dagbag.py:545} INFO - Filling up the DagBag from /home/airflow/.local/lib/python3.12/site-packages/airflow/example_dags/example_sla_dag.py
[2024-10-22T14:47:55.151+0000] {processor.py:840} INFO - DAG(s) 'example_sla_dag' retrieved from /home/airflow/.local/lib/python3.12/site-packages/airflow/example_dags/example_sla_dag.py
[2024-10-22T14:47:55.166+0000] {logging_mixin.py:188} INFO - [2024-10-22T14:47:55.165+0000] {dag.py:3089} INFO - Sync 1 DAGs
[2024-10-22T14:47:55.182+0000] {logging_mixin.py:188} INFO - [2024-10-22T14:47:55.182+0000] {dag.py:3947} INFO - Setting next_dagrun for example_sla_dag to 2024-10-22 14:44:00+00:00, run_after=2024-10-22 14:46:00+00:00
[2024-10-22T14:47:55.195+0000] {processor.py:183} INFO - Processing /home/airflow/.local/lib/python3.12/site-packages/airflow/example_dags/example_sla_dag.py took 0.055 seconds
[2024-10-22T14:48:25.607+0000] {processor.py:161} INFO - Started process (PID=3365) to work on /home/airflow/.local/lib/python3.12/site-packages/airflow/example_dags/example_sla_dag.py
[2024-10-22T14:48:25.607+0000] {processor.py:830} INFO - Processing file /home/airflow/.local/lib/python3.12/site-packages/airflow/example_dags/example_sla_dag.py for tasks to queue
[2024-10-22T14:48:25.608+0000] {logging_mixin.py:188} INFO - [2024-10-22T14:48:25.608+0000] {dagbag.py:545} INFO - Filling up the DagBag from /home/airflow/.local/lib/python3.12/site-packages/airflow/example_dags/example_sla_dag.py
[2024-10-22T14:48:25.614+0000] {processor.py:840} INFO - DAG(s) 'example_sla_dag' retrieved from /home/airflow/.local/lib/python3.12/site-packages/airflow/example_dags/example_sla_dag.py
[2024-10-22T14:48:25.628+0000] {logging_mixin.py:188} INFO - [2024-10-22T14:48:25.628+0000] {dag.py:3089} INFO - Sync 1 DAGs
[2024-10-22T14:48:25.644+0000] {logging_mixin.py:188} INFO - [2024-10-22T14:48:25.644+0000] {dag.py:3947} INFO - Setting next_dagrun for example_sla_dag to 2024-10-22 14:46:00+00:00, run_after=2024-10-22 14:48:00+00:00
[2024-10-22T14:48:25.656+0000] {processor.py:183} INFO - Processing /home/airflow/.local/lib/python3.12/site-packages/airflow/example_dags/example_sla_dag.py took 0.054 seconds
[2024-10-22T14:48:55.982+0000] {processor.py:161} INFO - Started process (PID=3630) to work on /home/airflow/.local/lib/python3.12/site-packages/airflow/example_dags/example_sla_dag.py
[2024-10-22T14:48:55.983+0000] {processor.py:830} INFO - Processing file /home/airflow/.local/lib/python3.12/site-packages/airflow/example_dags/example_sla_dag.py for tasks to queue
[2024-10-22T14:48:55.984+0000] {logging_mixin.py:188} INFO - [2024-10-22T14:48:55.984+0000] {dagbag.py:545} INFO - Filling up the DagBag from /home/airflow/.local/lib/python3.12/site-packages/airflow/example_dags/example_sla_dag.py
[2024-10-22T14:48:55.990+0000] {processor.py:840} INFO - DAG(s) 'example_sla_dag' retrieved from /home/airflow/.local/lib/python3.12/site-packages/airflow/example_dags/example_sla_dag.py
[2024-10-22T14:48:56.003+0000] {logging_mixin.py:188} INFO - [2024-10-22T14:48:56.003+0000] {dag.py:3089} INFO - Sync 1 DAGs
[2024-10-22T14:48:56.017+0000] {logging_mixin.py:188} INFO - [2024-10-22T14:48:56.017+0000] {dag.py:3947} INFO - Setting next_dagrun for example_sla_dag to 2024-10-22 14:46:00+00:00, run_after=2024-10-22 14:48:00+00:00
[2024-10-22T14:48:56.028+0000] {processor.py:183} INFO - Processing /home/airflow/.local/lib/python3.12/site-packages/airflow/example_dags/example_sla_dag.py took 0.049 seconds
[2024-10-22T14:49:26.293+0000] {processor.py:161} INFO - Started process (PID=3897) to work on /home/airflow/.local/lib/python3.12/site-packages/airflow/example_dags/example_sla_dag.py
[2024-10-22T14:49:26.293+0000] {processor.py:830} INFO - Processing file /home/airflow/.local/lib/python3.12/site-packages/airflow/example_dags/example_sla_dag.py for tasks to queue
[2024-10-22T14:49:26.295+0000] {logging_mixin.py:188} INFO - [2024-10-22T14:49:26.294+0000] {dagbag.py:545} INFO - Filling up the DagBag from /home/airflow/.local/lib/python3.12/site-packages/airflow/example_dags/example_sla_dag.py
[2024-10-22T14:49:26.300+0000] {processor.py:840} INFO - DAG(s) 'example_sla_dag' retrieved from /home/airflow/.local/lib/python3.12/site-packages/airflow/example_dags/example_sla_dag.py
[2024-10-22T14:49:26.313+0000] {logging_mixin.py:188} INFO - [2024-10-22T14:49:26.313+0000] {dag.py:3089} INFO - Sync 1 DAGs
[2024-10-22T14:49:26.329+0000] {logging_mixin.py:188} INFO - [2024-10-22T14:49:26.328+0000] {dag.py:3947} INFO - Setting next_dagrun for example_sla_dag to 2024-10-22 14:46:00+00:00, run_after=2024-10-22 14:48:00+00:00
[2024-10-22T14:49:26.340+0000] {processor.py:183} INFO - Processing /home/airflow/.local/lib/python3.12/site-packages/airflow/example_dags/example_sla_dag.py took 0.051 seconds
[2024-10-22T14:49:56.611+0000] {processor.py:161} INFO - Started process (PID=4164) to work on /home/airflow/.local/lib/python3.12/site-packages/airflow/example_dags/example_sla_dag.py
[2024-10-22T14:49:56.612+0000] {processor.py:830} INFO - Processing file /home/airflow/.local/lib/python3.12/site-packages/airflow/example_dags/example_sla_dag.py for tasks to queue
[2024-10-22T14:49:56.613+0000] {logging_mixin.py:188} INFO - [2024-10-22T14:49:56.613+0000] {dagbag.py:545} INFO - Filling up the DagBag from /home/airflow/.local/lib/python3.12/site-packages/airflow/example_dags/example_sla_dag.py
[2024-10-22T14:49:56.619+0000] {processor.py:840} INFO - DAG(s) 'example_sla_dag' retrieved from /home/airflow/.local/lib/python3.12/site-packages/airflow/example_dags/example_sla_dag.py
[2024-10-22T14:49:56.632+0000] {logging_mixin.py:188} INFO - [2024-10-22T14:49:56.631+0000] {dag.py:3089} INFO - Sync 1 DAGs
[2024-10-22T14:49:56.647+0000] {logging_mixin.py:188} INFO - [2024-10-22T14:49:56.647+0000] {dag.py:3947} INFO - Setting next_dagrun for example_sla_dag to 2024-10-22 14:46:00+00:00, run_after=2024-10-22 14:48:00+00:00
[2024-10-22T14:49:56.659+0000] {processor.py:183} INFO - Processing /home/airflow/.local/lib/python3.12/site-packages/airflow/example_dags/example_sla_dag.py took 0.052 seconds
[2024-10-22T14:50:27.043+0000] {processor.py:161} INFO - Started process (PID=4431) to work on /home/airflow/.local/lib/python3.12/site-packages/airflow/example_dags/example_sla_dag.py
[2024-10-22T14:50:27.044+0000] {processor.py:830} INFO - Processing file /home/airflow/.local/lib/python3.12/site-packages/airflow/example_dags/example_sla_dag.py for tasks to queue
[2024-10-22T14:50:27.045+0000] {logging_mixin.py:188} INFO - [2024-10-22T14:50:27.045+0000] {dagbag.py:545} INFO - Filling up the DagBag from /home/airflow/.local/lib/python3.12/site-packages/airflow/example_dags/example_sla_dag.py
[2024-10-22T14:50:27.051+0000] {processor.py:840} INFO - DAG(s) 'example_sla_dag' retrieved from /home/airflow/.local/lib/python3.12/site-packages/airflow/example_dags/example_sla_dag.py
[2024-10-22T14:50:27.064+0000] {logging_mixin.py:188} INFO - [2024-10-22T14:50:27.064+0000] {dag.py:3089} INFO - Sync 1 DAGs
[2024-10-22T14:50:27.079+0000] {logging_mixin.py:188} INFO - [2024-10-22T14:50:27.079+0000] {dag.py:3947} INFO - Setting next_dagrun for example_sla_dag to 2024-10-22 14:48:00+00:00, run_after=2024-10-22 14:50:00+00:00
[2024-10-22T14:50:27.093+0000] {processor.py:183} INFO - Processing /home/airflow/.local/lib/python3.12/site-packages/airflow/example_dags/example_sla_dag.py took 0.054 seconds
[2024-10-22T14:50:57.465+0000] {processor.py:161} INFO - Started process (PID=4698) to work on /home/airflow/.local/lib/python3.12/site-packages/airflow/example_dags/example_sla_dag.py
[2024-10-22T14:50:57.466+0000] {processor.py:830} INFO - Processing file /home/airflow/.local/lib/python3.12/site-packages/airflow/example_dags/example_sla_dag.py for tasks to queue
[2024-10-22T14:50:57.467+0000] {logging_mixin.py:188} INFO - [2024-10-22T14:50:57.467+0000] {dagbag.py:545} INFO - Filling up the DagBag from /home/airflow/.local/lib/python3.12/site-packages/airflow/example_dags/example_sla_dag.py
[2024-10-22T14:50:57.473+0000] {processor.py:840} INFO - DAG(s) 'example_sla_dag' retrieved from /home/airflow/.local/lib/python3.12/site-packages/airflow/example_dags/example_sla_dag.py
[2024-10-22T14:50:57.486+0000] {logging_mixin.py:188} INFO - [2024-10-22T14:50:57.485+0000] {dag.py:3089} INFO - Sync 1 DAGs
[2024-10-22T14:50:57.502+0000] {logging_mixin.py:188} INFO - [2024-10-22T14:50:57.501+0000] {dag.py:3947} INFO - Setting next_dagrun for example_sla_dag to 2024-10-22 14:48:00+00:00, run_after=2024-10-22 14:50:00+00:00
[2024-10-22T14:50:57.513+0000] {processor.py:183} INFO - Processing /home/airflow/.local/lib/python3.12/site-packages/airflow/example_dags/example_sla_dag.py took 0.052 seconds
[2024-10-22T14:51:27.925+0000] {processor.py:161} INFO - Started process (PID=4967) to work on /home/airflow/.local/lib/python3.12/site-packages/airflow/example_dags/example_sla_dag.py
[2024-10-22T14:51:27.925+0000] {processor.py:830} INFO - Processing file /home/airflow/.local/lib/python3.12/site-packages/airflow/example_dags/example_sla_dag.py for tasks to queue
[2024-10-22T14:51:27.927+0000] {logging_mixin.py:188} INFO - [2024-10-22T14:51:27.926+0000] {dagbag.py:545} INFO - Filling up the DagBag from /home/airflow/.local/lib/python3.12/site-packages/airflow/example_dags/example_sla_dag.py
[2024-10-22T14:51:27.933+0000] {processor.py:840} INFO - DAG(s) 'example_sla_dag' retrieved from /home/airflow/.local/lib/python3.12/site-packages/airflow/example_dags/example_sla_dag.py
[2024-10-22T14:51:27.946+0000] {logging_mixin.py:188} INFO - [2024-10-22T14:51:27.946+0000] {dag.py:3089} INFO - Sync 1 DAGs
[2024-10-22T14:51:27.963+0000] {logging_mixin.py:188} INFO - [2024-10-22T14:51:27.963+0000] {dag.py:3947} INFO - Setting next_dagrun for example_sla_dag to 2024-10-22 14:48:00+00:00, run_after=2024-10-22 14:50:00+00:00
[2024-10-22T14:51:27.975+0000] {processor.py:183} INFO - Processing /home/airflow/.local/lib/python3.12/site-packages/airflow/example_dags/example_sla_dag.py took 0.054 seconds
[2024-10-22T14:51:58.332+0000] {processor.py:161} INFO - Started process (PID=5234) to work on /home/airflow/.local/lib/python3.12/site-packages/airflow/example_dags/example_sla_dag.py
[2024-10-22T14:51:58.333+0000] {processor.py:830} INFO - Processing file /home/airflow/.local/lib/python3.12/site-packages/airflow/example_dags/example_sla_dag.py for tasks to queue
[2024-10-22T14:51:58.335+0000] {logging_mixin.py:188} INFO - [2024-10-22T14:51:58.334+0000] {dagbag.py:545} INFO - Filling up the DagBag from /home/airflow/.local/lib/python3.12/site-packages/airflow/example_dags/example_sla_dag.py
[2024-10-22T14:51:58.341+0000] {processor.py:840} INFO - DAG(s) 'example_sla_dag' retrieved from /home/airflow/.local/lib/python3.12/site-packages/airflow/example_dags/example_sla_dag.py
[2024-10-22T14:51:58.354+0000] {logging_mixin.py:188} INFO - [2024-10-22T14:51:58.354+0000] {dag.py:3089} INFO - Sync 1 DAGs
[2024-10-22T14:51:58.370+0000] {logging_mixin.py:188} INFO - [2024-10-22T14:51:58.370+0000] {dag.py:3947} INFO - Setting next_dagrun for example_sla_dag to 2024-10-22 14:48:00+00:00, run_after=2024-10-22 14:50:00+00:00
[2024-10-22T14:51:58.382+0000] {processor.py:183} INFO - Processing /home/airflow/.local/lib/python3.12/site-packages/airflow/example_dags/example_sla_dag.py took 0.054 seconds
[2024-10-22T14:52:28.673+0000] {processor.py:161} INFO - Started process (PID=5501) to work on /home/airflow/.local/lib/python3.12/site-packages/airflow/example_dags/example_sla_dag.py
[2024-10-22T14:52:28.674+0000] {processor.py:830} INFO - Processing file /home/airflow/.local/lib/python3.12/site-packages/airflow/example_dags/example_sla_dag.py for tasks to queue
[2024-10-22T14:52:28.675+0000] {logging_mixin.py:188} INFO - [2024-10-22T14:52:28.675+0000] {dagbag.py:545} INFO - Filling up the DagBag from /home/airflow/.local/lib/python3.12/site-packages/airflow/example_dags/example_sla_dag.py
[2024-10-22T14:52:28.681+0000] {processor.py:840} INFO - DAG(s) 'example_sla_dag' retrieved from /home/airflow/.local/lib/python3.12/site-packages/airflow/example_dags/example_sla_dag.py
[2024-10-22T14:52:28.695+0000] {logging_mixin.py:188} INFO - [2024-10-22T14:52:28.695+0000] {dag.py:3089} INFO - Sync 1 DAGs
[2024-10-22T14:52:28.712+0000] {logging_mixin.py:188} INFO - [2024-10-22T14:52:28.711+0000] {dag.py:3947} INFO - Setting next_dagrun for example_sla_dag to 2024-10-22 14:50:00+00:00, run_after=2024-10-22 14:52:00+00:00
[2024-10-22T14:52:28.724+0000] {processor.py:183} INFO - Processing /home/airflow/.local/lib/python3.12/site-packages/airflow/example_dags/example_sla_dag.py took 0.055 seconds
[2024-10-22T14:52:58.991+0000] {processor.py:161} INFO - Started process (PID=5769) to work on /home/airflow/.local/lib/python3.12/site-packages/airflow/example_dags/example_sla_dag.py
[2024-10-22T14:52:58.991+0000] {processor.py:830} INFO - Processing file /home/airflow/.local/lib/python3.12/site-packages/airflow/example_dags/example_sla_dag.py for tasks to queue
[2024-10-22T14:52:58.992+0000] {logging_mixin.py:188} INFO - [2024-10-22T14:52:58.992+0000] {dagbag.py:545} INFO - Filling up the DagBag from /home/airflow/.local/lib/python3.12/site-packages/airflow/example_dags/example_sla_dag.py
[2024-10-22T14:52:58.998+0000] {processor.py:840} INFO - DAG(s) 'example_sla_dag' retrieved from /home/airflow/.local/lib/python3.12/site-packages/airflow/example_dags/example_sla_dag.py
[2024-10-22T14:52:59.010+0000] {logging_mixin.py:188} INFO - [2024-10-22T14:52:59.010+0000] {dag.py:3089} INFO - Sync 1 DAGs
[2024-10-22T14:52:59.026+0000] {logging_mixin.py:188} INFO - [2024-10-22T14:52:59.026+0000] {dag.py:3947} INFO - Setting next_dagrun for example_sla_dag to 2024-10-22 14:50:00+00:00, run_after=2024-10-22 14:52:00+00:00
[2024-10-22T14:52:59.038+0000] {processor.py:183} INFO - Processing /home/airflow/.local/lib/python3.12/site-packages/airflow/example_dags/example_sla_dag.py took 0.051 seconds
[2024-10-22T14:53:29.399+0000] {processor.py:161} INFO - Started process (PID=6038) to work on /home/airflow/.local/lib/python3.12/site-packages/airflow/example_dags/example_sla_dag.py
[2024-10-22T14:53:29.400+0000] {processor.py:830} INFO - Processing file /home/airflow/.local/lib/python3.12/site-packages/airflow/example_dags/example_sla_dag.py for tasks to queue
[2024-10-22T14:53:29.401+0000] {logging_mixin.py:188} INFO - [2024-10-22T14:53:29.401+0000] {dagbag.py:545} INFO - Filling up the DagBag from /home/airflow/.local/lib/python3.12/site-packages/airflow/example_dags/example_sla_dag.py
[2024-10-22T14:53:29.407+0000] {processor.py:840} INFO - DAG(s) 'example_sla_dag' retrieved from /home/airflow/.local/lib/python3.12/site-packages/airflow/example_dags/example_sla_dag.py
[2024-10-22T14:53:29.421+0000] {logging_mixin.py:188} INFO - [2024-10-22T14:53:29.421+0000] {dag.py:3089} INFO - Sync 1 DAGs
[2024-10-22T14:53:29.437+0000] {logging_mixin.py:188} INFO - [2024-10-22T14:53:29.437+0000] {dag.py:3947} INFO - Setting next_dagrun for example_sla_dag to 2024-10-22 14:50:00+00:00, run_after=2024-10-22 14:52:00+00:00
[2024-10-22T14:53:29.449+0000] {processor.py:183} INFO - Processing /home/airflow/.local/lib/python3.12/site-packages/airflow/example_dags/example_sla_dag.py took 0.054 seconds
[2024-10-22T14:53:59.757+0000] {processor.py:161} INFO - Started process (PID=6303) to work on /home/airflow/.local/lib/python3.12/site-packages/airflow/example_dags/example_sla_dag.py
[2024-10-22T14:53:59.758+0000] {processor.py:830} INFO - Processing file /home/airflow/.local/lib/python3.12/site-packages/airflow/example_dags/example_sla_dag.py for tasks to queue
[2024-10-22T14:53:59.759+0000] {logging_mixin.py:188} INFO - [2024-10-22T14:53:59.759+0000] {dagbag.py:545} INFO - Filling up the DagBag from /home/airflow/.local/lib/python3.12/site-packages/airflow/example_dags/example_sla_dag.py
[2024-10-22T14:53:59.765+0000] {processor.py:840} INFO - DAG(s) 'example_sla_dag' retrieved from /home/airflow/.local/lib/python3.12/site-packages/airflow/example_dags/example_sla_dag.py
[2024-10-22T14:53:59.778+0000] {logging_mixin.py:188} INFO - [2024-10-22T14:53:59.778+0000] {dag.py:3089} INFO - Sync 1 DAGs
[2024-10-22T14:53:59.794+0000] {logging_mixin.py:188} INFO - [2024-10-22T14:53:59.794+0000] {dag.py:3947} INFO - Setting next_dagrun for example_sla_dag to 2024-10-22 14:50:00+00:00, run_after=2024-10-22 14:52:00+00:00
[2024-10-22T14:53:59.806+0000] {processor.py:183} INFO - Processing /home/airflow/.local/lib/python3.12/site-packages/airflow/example_dags/example_sla_dag.py took 0.052 seconds
[2024-10-22T14:54:30.068+0000] {processor.py:161} INFO - Started process (PID=6570) to work on /home/airflow/.local/lib/python3.12/site-packages/airflow/example_dags/example_sla_dag.py
[2024-10-22T14:54:30.069+0000] {processor.py:830} INFO - Processing file /home/airflow/.local/lib/python3.12/site-packages/airflow/example_dags/example_sla_dag.py for tasks to queue
[2024-10-22T14:54:30.070+0000] {logging_mixin.py:188} INFO - [2024-10-22T14:54:30.070+0000] {dagbag.py:545} INFO - Filling up the DagBag from /home/airflow/.local/lib/python3.12/site-packages/airflow/example_dags/example_sla_dag.py
[2024-10-22T14:54:30.077+0000] {processor.py:840} INFO - DAG(s) 'example_sla_dag' retrieved from /home/airflow/.local/lib/python3.12/site-packages/airflow/example_dags/example_sla_dag.py
[2024-10-22T14:54:30.091+0000] {logging_mixin.py:188} INFO - [2024-10-22T14:54:30.091+0000] {dag.py:3089} INFO - Sync 1 DAGs
[2024-10-22T14:54:30.107+0000] {logging_mixin.py:188} INFO - [2024-10-22T14:54:30.107+0000] {dag.py:3947} INFO - Setting next_dagrun for example_sla_dag to 2024-10-22 14:52:00+00:00, run_after=2024-10-22 14:54:00+00:00
[2024-10-22T14:54:30.121+0000] {processor.py:183} INFO - Processing /home/airflow/.local/lib/python3.12/site-packages/airflow/example_dags/example_sla_dag.py took 0.057 seconds
[2024-10-22T14:55:00.985+0000] {processor.py:161} INFO - Started process (PID=6842) to work on /home/airflow/.local/lib/python3.12/site-packages/airflow/example_dags/example_sla_dag.py
[2024-10-22T14:55:00.986+0000] {processor.py:830} INFO - Processing file /home/airflow/.local/lib/python3.12/site-packages/airflow/example_dags/example_sla_dag.py for tasks to queue
[2024-10-22T14:55:00.987+0000] {logging_mixin.py:188} INFO - [2024-10-22T14:55:00.987+0000] {dagbag.py:545} INFO - Filling up the DagBag from /home/airflow/.local/lib/python3.12/site-packages/airflow/example_dags/example_sla_dag.py
[2024-10-22T14:55:00.993+0000] {processor.py:840} INFO - DAG(s) 'example_sla_dag' retrieved from /home/airflow/.local/lib/python3.12/site-packages/airflow/example_dags/example_sla_dag.py
[2024-10-22T14:55:01.007+0000] {logging_mixin.py:188} INFO - [2024-10-22T14:55:01.007+0000] {dag.py:3089} INFO - Sync 1 DAGs
[2024-10-22T14:55:01.023+0000] {logging_mixin.py:188} INFO - [2024-10-22T14:55:01.023+0000] {dag.py:3947} INFO - Setting next_dagrun for example_sla_dag to 2024-10-22 14:52:00+00:00, run_after=2024-10-22 14:54:00+00:00
[2024-10-22T14:55:01.035+0000] {processor.py:183} INFO - Processing /home/airflow/.local/lib/python3.12/site-packages/airflow/example_dags/example_sla_dag.py took 0.054 seconds
[2024-10-22T14:55:31.589+0000] {processor.py:161} INFO - Started process (PID=7107) to work on /home/airflow/.local/lib/python3.12/site-packages/airflow/example_dags/example_sla_dag.py
[2024-10-22T14:55:31.590+0000] {processor.py:830} INFO - Processing file /home/airflow/.local/lib/python3.12/site-packages/airflow/example_dags/example_sla_dag.py for tasks to queue
[2024-10-22T14:55:31.591+0000] {logging_mixin.py:188} INFO - [2024-10-22T14:55:31.591+0000] {dagbag.py:545} INFO - Filling up the DagBag from /home/airflow/.local/lib/python3.12/site-packages/airflow/example_dags/example_sla_dag.py
[2024-10-22T14:55:31.597+0000] {processor.py:840} INFO - DAG(s) 'example_sla_dag' retrieved from /home/airflow/.local/lib/python3.12/site-packages/airflow/example_dags/example_sla_dag.py
[2024-10-22T14:55:31.610+0000] {logging_mixin.py:188} INFO - [2024-10-22T14:55:31.610+0000] {dag.py:3089} INFO - Sync 1 DAGs
[2024-10-22T14:55:31.625+0000] {logging_mixin.py:188} INFO - [2024-10-22T14:55:31.625+0000] {dag.py:3947} INFO - Setting next_dagrun for example_sla_dag to 2024-10-22 14:52:00+00:00, run_after=2024-10-22 14:54:00+00:00
[2024-10-22T14:55:31.637+0000] {processor.py:183} INFO - Processing /home/airflow/.local/lib/python3.12/site-packages/airflow/example_dags/example_sla_dag.py took 0.052 seconds
[2024-10-22T14:56:02.264+0000] {processor.py:161} INFO - Started process (PID=7374) to work on /home/airflow/.local/lib/python3.12/site-packages/airflow/example_dags/example_sla_dag.py
[2024-10-22T14:56:02.264+0000] {processor.py:830} INFO - Processing file /home/airflow/.local/lib/python3.12/site-packages/airflow/example_dags/example_sla_dag.py for tasks to queue
[2024-10-22T14:56:02.266+0000] {logging_mixin.py:188} INFO - [2024-10-22T14:56:02.265+0000] {dagbag.py:545} INFO - Filling up the DagBag from /home/airflow/.local/lib/python3.12/site-packages/airflow/example_dags/example_sla_dag.py
[2024-10-22T14:56:02.271+0000] {processor.py:840} INFO - DAG(s) 'example_sla_dag' retrieved from /home/airflow/.local/lib/python3.12/site-packages/airflow/example_dags/example_sla_dag.py
[2024-10-22T14:56:02.284+0000] {logging_mixin.py:188} INFO - [2024-10-22T14:56:02.284+0000] {dag.py:3089} INFO - Sync 1 DAGs
[2024-10-22T14:56:02.429+0000] {logging_mixin.py:188} INFO - [2024-10-22T14:56:02.429+0000] {dag.py:3947} INFO - Setting next_dagrun for example_sla_dag to 2024-10-22 14:54:00+00:00, run_after=2024-10-22 14:56:00+00:00
[2024-10-22T14:56:02.441+0000] {processor.py:183} INFO - Processing /home/airflow/.local/lib/python3.12/site-packages/airflow/example_dags/example_sla_dag.py took 0.181 seconds
[2024-10-22T14:56:33.376+0000] {processor.py:161} INFO - Started process (PID=7643) to work on /home/airflow/.local/lib/python3.12/site-packages/airflow/example_dags/example_sla_dag.py
[2024-10-22T14:56:33.377+0000] {processor.py:830} INFO - Processing file /home/airflow/.local/lib/python3.12/site-packages/airflow/example_dags/example_sla_dag.py for tasks to queue
[2024-10-22T14:56:33.379+0000] {logging_mixin.py:188} INFO - [2024-10-22T14:56:33.378+0000] {dagbag.py:545} INFO - Filling up the DagBag from /home/airflow/.local/lib/python3.12/site-packages/airflow/example_dags/example_sla_dag.py
[2024-10-22T14:56:33.385+0000] {processor.py:840} INFO - DAG(s) 'example_sla_dag' retrieved from /home/airflow/.local/lib/python3.12/site-packages/airflow/example_dags/example_sla_dag.py
[2024-10-22T14:56:33.412+0000] {logging_mixin.py:188} INFO - [2024-10-22T14:56:33.411+0000] {dag.py:3089} INFO - Sync 1 DAGs
[2024-10-22T14:56:33.431+0000] {logging_mixin.py:188} INFO - [2024-10-22T14:56:33.431+0000] {dag.py:3947} INFO - Setting next_dagrun for example_sla_dag to 2024-10-22 14:54:00+00:00, run_after=2024-10-22 14:56:00+00:00
[2024-10-22T14:56:33.553+0000] {processor.py:183} INFO - Processing /home/airflow/.local/lib/python3.12/site-packages/airflow/example_dags/example_sla_dag.py took 0.182 seconds
[2024-10-22T14:57:04.187+0000] {processor.py:161} INFO - Started process (PID=7908) to work on /home/airflow/.local/lib/python3.12/site-packages/airflow/example_dags/example_sla_dag.py
[2024-10-22T14:57:04.187+0000] {processor.py:830} INFO - Processing file /home/airflow/.local/lib/python3.12/site-packages/airflow/example_dags/example_sla_dag.py for tasks to queue
[2024-10-22T14:57:04.189+0000] {logging_mixin.py:188} INFO - [2024-10-22T14:57:04.188+0000] {dagbag.py:545} INFO - Filling up the DagBag from /home/airflow/.local/lib/python3.12/site-packages/airflow/example_dags/example_sla_dag.py
[2024-10-22T14:57:04.195+0000] {processor.py:840} INFO - DAG(s) 'example_sla_dag' retrieved from /home/airflow/.local/lib/python3.12/site-packages/airflow/example_dags/example_sla_dag.py
[2024-10-22T14:57:04.209+0000] {logging_mixin.py:188} INFO - [2024-10-22T14:57:04.209+0000] {dag.py:3089} INFO - Sync 1 DAGs
[2024-10-22T14:57:04.227+0000] {logging_mixin.py:188} INFO - [2024-10-22T14:57:04.227+0000] {dag.py:3947} INFO - Setting next_dagrun for example_sla_dag to 2024-10-22 14:54:00+00:00, run_after=2024-10-22 14:56:00+00:00
[2024-10-22T14:57:04.357+0000] {processor.py:183} INFO - Processing /home/airflow/.local/lib/python3.12/site-packages/airflow/example_dags/example_sla_dag.py took 0.175 seconds
[2024-10-22T14:57:34.951+0000] {processor.py:161} INFO - Started process (PID=8175) to work on /home/airflow/.local/lib/python3.12/site-packages/airflow/example_dags/example_sla_dag.py
[2024-10-22T14:57:34.951+0000] {processor.py:830} INFO - Processing file /home/airflow/.local/lib/python3.12/site-packages/airflow/example_dags/example_sla_dag.py for tasks to queue
[2024-10-22T14:57:34.953+0000] {logging_mixin.py:188} INFO - [2024-10-22T14:57:34.952+0000] {dagbag.py:545} INFO - Filling up the DagBag from /home/airflow/.local/lib/python3.12/site-packages/airflow/example_dags/example_sla_dag.py
[2024-10-22T14:57:34.958+0000] {processor.py:840} INFO - DAG(s) 'example_sla_dag' retrieved from /home/airflow/.local/lib/python3.12/site-packages/airflow/example_dags/example_sla_dag.py
[2024-10-22T14:57:34.971+0000] {logging_mixin.py:188} INFO - [2024-10-22T14:57:34.971+0000] {dag.py:3089} INFO - Sync 1 DAGs
[2024-10-22T14:57:34.987+0000] {logging_mixin.py:188} INFO - [2024-10-22T14:57:34.987+0000] {dag.py:3947} INFO - Setting next_dagrun for example_sla_dag to 2024-10-22 14:54:00+00:00, run_after=2024-10-22 14:56:00+00:00
[2024-10-22T14:57:34.999+0000] {processor.py:183} INFO - Processing /home/airflow/.local/lib/python3.12/site-packages/airflow/example_dags/example_sla_dag.py took 0.052 seconds
