[2024-10-22T14:00:12.757+0000] {processor.py:161} INFO - Started process (PID=227) to work on /home/airflow/.local/lib/python3.12/site-packages/airflow/example_dags/example_external_task_marker_dag.py
[2024-10-22T14:00:12.758+0000] {processor.py:830} INFO - Processing file /home/airflow/.local/lib/python3.12/site-packages/airflow/example_dags/example_external_task_marker_dag.py for tasks to queue
[2024-10-22T14:00:12.759+0000] {logging_mixin.py:188} INFO - [2024-10-22T14:00:12.759+0000] {dagbag.py:545} INFO - Filling up the DagBag from /home/airflow/.local/lib/python3.12/site-packages/airflow/example_dags/example_external_task_marker_dag.py
[2024-10-22T14:00:12.764+0000] {processor.py:840} INFO - DAG(s) 'example_external_task_marker_child', 'example_external_task_marker_parent' retrieved from /home/airflow/.local/lib/python3.12/site-packages/airflow/example_dags/example_external_task_marker_dag.py
[2024-10-22T14:00:12.842+0000] {logging_mixin.py:188} INFO - [2024-10-22T14:00:12.842+0000] {override.py:1858} INFO - Created Permission View: can delete on DAG:example_external_task_marker_child
[2024-10-22T14:00:12.853+0000] {logging_mixin.py:188} INFO - [2024-10-22T14:00:12.852+0000] {override.py:1858} INFO - Created Permission View: can edit on DAG:example_external_task_marker_child
[2024-10-22T14:00:12.857+0000] {logging_mixin.py:188} INFO - [2024-10-22T14:00:12.857+0000] {override.py:1858} INFO - Created Permission View: can read on DAG:example_external_task_marker_child
[2024-10-22T14:00:12.866+0000] {logging_mixin.py:188} INFO - [2024-10-22T14:00:12.866+0000] {override.py:1858} INFO - Created Permission View: can delete on DAG:example_external_task_marker_parent
[2024-10-22T14:00:12.871+0000] {logging_mixin.py:188} INFO - [2024-10-22T14:00:12.871+0000] {override.py:1858} INFO - Created Permission View: can edit on DAG:example_external_task_marker_parent
[2024-10-22T14:00:12.876+0000] {logging_mixin.py:188} INFO - [2024-10-22T14:00:12.876+0000] {override.py:1858} INFO - Created Permission View: can read on DAG:example_external_task_marker_parent
[2024-10-22T14:00:12.877+0000] {logging_mixin.py:188} INFO - [2024-10-22T14:00:12.877+0000] {dag.py:3089} INFO - Sync 2 DAGs
[2024-10-22T14:00:12.885+0000] {logging_mixin.py:188} INFO - [2024-10-22T14:00:12.885+0000] {dag.py:3111} INFO - Creating ORM DAG for example_external_task_marker_parent
[2024-10-22T14:00:12.886+0000] {logging_mixin.py:188} INFO - [2024-10-22T14:00:12.886+0000] {dag.py:3111} INFO - Creating ORM DAG for example_external_task_marker_child
[2024-10-22T14:00:12.887+0000] {logging_mixin.py:188} INFO - [2024-10-22T14:00:12.887+0000] {dag.py:3947} INFO - Setting next_dagrun for example_external_task_marker_child to None, run_after=None
[2024-10-22T14:00:12.888+0000] {logging_mixin.py:188} INFO - [2024-10-22T14:00:12.888+0000] {dag.py:3947} INFO - Setting next_dagrun for example_external_task_marker_parent to None, run_after=None
[2024-10-22T14:00:12.904+0000] {processor.py:183} INFO - Processing /home/airflow/.local/lib/python3.12/site-packages/airflow/example_dags/example_external_task_marker_dag.py took 0.150 seconds
[2024-10-22T14:00:43.500+0000] {processor.py:161} INFO - Started process (PID=492) to work on /home/airflow/.local/lib/python3.12/site-packages/airflow/example_dags/example_external_task_marker_dag.py
[2024-10-22T14:00:43.500+0000] {processor.py:830} INFO - Processing file /home/airflow/.local/lib/python3.12/site-packages/airflow/example_dags/example_external_task_marker_dag.py for tasks to queue
[2024-10-22T14:00:43.501+0000] {logging_mixin.py:188} INFO - [2024-10-22T14:00:43.501+0000] {dagbag.py:545} INFO - Filling up the DagBag from /home/airflow/.local/lib/python3.12/site-packages/airflow/example_dags/example_external_task_marker_dag.py
[2024-10-22T14:00:43.506+0000] {processor.py:840} INFO - DAG(s) 'example_external_task_marker_child', 'example_external_task_marker_parent' retrieved from /home/airflow/.local/lib/python3.12/site-packages/airflow/example_dags/example_external_task_marker_dag.py
[2024-10-22T14:00:43.521+0000] {logging_mixin.py:188} INFO - [2024-10-22T14:00:43.521+0000] {dag.py:3089} INFO - Sync 2 DAGs
[2024-10-22T14:00:43.530+0000] {logging_mixin.py:188} INFO - [2024-10-22T14:00:43.530+0000] {dag.py:3947} INFO - Setting next_dagrun for example_external_task_marker_child to None, run_after=None
[2024-10-22T14:00:43.533+0000] {logging_mixin.py:188} INFO - [2024-10-22T14:00:43.533+0000] {dag.py:3947} INFO - Setting next_dagrun for example_external_task_marker_parent to None, run_after=None
[2024-10-22T14:00:43.544+0000] {processor.py:183} INFO - Processing /home/airflow/.local/lib/python3.12/site-packages/airflow/example_dags/example_external_task_marker_dag.py took 0.049 seconds
[2024-10-22T14:01:13.719+0000] {processor.py:161} INFO - Started process (PID=759) to work on /home/airflow/.local/lib/python3.12/site-packages/airflow/example_dags/example_external_task_marker_dag.py
[2024-10-22T14:01:13.719+0000] {processor.py:830} INFO - Processing file /home/airflow/.local/lib/python3.12/site-packages/airflow/example_dags/example_external_task_marker_dag.py for tasks to queue
[2024-10-22T14:01:13.721+0000] {logging_mixin.py:188} INFO - [2024-10-22T14:01:13.720+0000] {dagbag.py:545} INFO - Filling up the DagBag from /home/airflow/.local/lib/python3.12/site-packages/airflow/example_dags/example_external_task_marker_dag.py
[2024-10-22T14:01:13.725+0000] {processor.py:840} INFO - DAG(s) 'example_external_task_marker_parent', 'example_external_task_marker_child' retrieved from /home/airflow/.local/lib/python3.12/site-packages/airflow/example_dags/example_external_task_marker_dag.py
[2024-10-22T14:01:13.741+0000] {logging_mixin.py:188} INFO - [2024-10-22T14:01:13.740+0000] {dag.py:3089} INFO - Sync 2 DAGs
[2024-10-22T14:01:13.749+0000] {logging_mixin.py:188} INFO - [2024-10-22T14:01:13.749+0000] {dag.py:3947} INFO - Setting next_dagrun for example_external_task_marker_child to None, run_after=None
[2024-10-22T14:01:13.752+0000] {logging_mixin.py:188} INFO - [2024-10-22T14:01:13.752+0000] {dag.py:3947} INFO - Setting next_dagrun for example_external_task_marker_parent to None, run_after=None
[2024-10-22T14:01:13.763+0000] {processor.py:183} INFO - Processing /home/airflow/.local/lib/python3.12/site-packages/airflow/example_dags/example_external_task_marker_dag.py took 0.048 seconds
[2024-10-22T14:01:43.962+0000] {processor.py:161} INFO - Started process (PID=1026) to work on /home/airflow/.local/lib/python3.12/site-packages/airflow/example_dags/example_external_task_marker_dag.py
[2024-10-22T14:01:43.963+0000] {processor.py:830} INFO - Processing file /home/airflow/.local/lib/python3.12/site-packages/airflow/example_dags/example_external_task_marker_dag.py for tasks to queue
[2024-10-22T14:01:43.964+0000] {logging_mixin.py:188} INFO - [2024-10-22T14:01:43.964+0000] {dagbag.py:545} INFO - Filling up the DagBag from /home/airflow/.local/lib/python3.12/site-packages/airflow/example_dags/example_external_task_marker_dag.py
[2024-10-22T14:01:43.968+0000] {processor.py:840} INFO - DAG(s) 'example_external_task_marker_child', 'example_external_task_marker_parent' retrieved from /home/airflow/.local/lib/python3.12/site-packages/airflow/example_dags/example_external_task_marker_dag.py
[2024-10-22T14:01:43.984+0000] {logging_mixin.py:188} INFO - [2024-10-22T14:01:43.984+0000] {dag.py:3089} INFO - Sync 2 DAGs
[2024-10-22T14:01:43.993+0000] {logging_mixin.py:188} INFO - [2024-10-22T14:01:43.992+0000] {dag.py:3947} INFO - Setting next_dagrun for example_external_task_marker_child to None, run_after=None
[2024-10-22T14:01:43.995+0000] {logging_mixin.py:188} INFO - [2024-10-22T14:01:43.995+0000] {dag.py:3947} INFO - Setting next_dagrun for example_external_task_marker_parent to None, run_after=None
[2024-10-22T14:01:44.008+0000] {processor.py:183} INFO - Processing /home/airflow/.local/lib/python3.12/site-packages/airflow/example_dags/example_external_task_marker_dag.py took 0.049 seconds
[2024-10-22T14:02:14.307+0000] {processor.py:161} INFO - Started process (PID=1293) to work on /home/airflow/.local/lib/python3.12/site-packages/airflow/example_dags/example_external_task_marker_dag.py
[2024-10-22T14:02:14.308+0000] {processor.py:830} INFO - Processing file /home/airflow/.local/lib/python3.12/site-packages/airflow/example_dags/example_external_task_marker_dag.py for tasks to queue
[2024-10-22T14:02:14.309+0000] {logging_mixin.py:188} INFO - [2024-10-22T14:02:14.309+0000] {dagbag.py:545} INFO - Filling up the DagBag from /home/airflow/.local/lib/python3.12/site-packages/airflow/example_dags/example_external_task_marker_dag.py
[2024-10-22T14:02:14.314+0000] {processor.py:840} INFO - DAG(s) 'example_external_task_marker_parent', 'example_external_task_marker_child' retrieved from /home/airflow/.local/lib/python3.12/site-packages/airflow/example_dags/example_external_task_marker_dag.py
[2024-10-22T14:02:14.330+0000] {logging_mixin.py:188} INFO - [2024-10-22T14:02:14.330+0000] {dag.py:3089} INFO - Sync 2 DAGs
[2024-10-22T14:02:14.339+0000] {logging_mixin.py:188} INFO - [2024-10-22T14:02:14.339+0000] {dag.py:3947} INFO - Setting next_dagrun for example_external_task_marker_child to None, run_after=None
[2024-10-22T14:02:14.342+0000] {logging_mixin.py:188} INFO - [2024-10-22T14:02:14.342+0000] {dag.py:3947} INFO - Setting next_dagrun for example_external_task_marker_parent to None, run_after=None
[2024-10-22T14:02:14.353+0000] {processor.py:183} INFO - Processing /home/airflow/.local/lib/python3.12/site-packages/airflow/example_dags/example_external_task_marker_dag.py took 0.050 seconds
[2024-10-22T14:02:44.693+0000] {processor.py:161} INFO - Started process (PID=1560) to work on /home/airflow/.local/lib/python3.12/site-packages/airflow/example_dags/example_external_task_marker_dag.py
[2024-10-22T14:02:44.694+0000] {processor.py:830} INFO - Processing file /home/airflow/.local/lib/python3.12/site-packages/airflow/example_dags/example_external_task_marker_dag.py for tasks to queue
[2024-10-22T14:02:44.695+0000] {logging_mixin.py:188} INFO - [2024-10-22T14:02:44.695+0000] {dagbag.py:545} INFO - Filling up the DagBag from /home/airflow/.local/lib/python3.12/site-packages/airflow/example_dags/example_external_task_marker_dag.py
[2024-10-22T14:02:44.699+0000] {processor.py:840} INFO - DAG(s) 'example_external_task_marker_child', 'example_external_task_marker_parent' retrieved from /home/airflow/.local/lib/python3.12/site-packages/airflow/example_dags/example_external_task_marker_dag.py
[2024-10-22T14:02:44.715+0000] {logging_mixin.py:188} INFO - [2024-10-22T14:02:44.714+0000] {dag.py:3089} INFO - Sync 2 DAGs
[2024-10-22T14:02:44.723+0000] {logging_mixin.py:188} INFO - [2024-10-22T14:02:44.723+0000] {dag.py:3947} INFO - Setting next_dagrun for example_external_task_marker_child to None, run_after=None
[2024-10-22T14:02:44.726+0000] {logging_mixin.py:188} INFO - [2024-10-22T14:02:44.726+0000] {dag.py:3947} INFO - Setting next_dagrun for example_external_task_marker_parent to None, run_after=None
[2024-10-22T14:02:44.738+0000] {processor.py:183} INFO - Processing /home/airflow/.local/lib/python3.12/site-packages/airflow/example_dags/example_external_task_marker_dag.py took 0.048 seconds
[2024-10-22T14:03:14.951+0000] {processor.py:161} INFO - Started process (PID=1827) to work on /home/airflow/.local/lib/python3.12/site-packages/airflow/example_dags/example_external_task_marker_dag.py
[2024-10-22T14:03:14.951+0000] {processor.py:830} INFO - Processing file /home/airflow/.local/lib/python3.12/site-packages/airflow/example_dags/example_external_task_marker_dag.py for tasks to queue
[2024-10-22T14:03:14.953+0000] {logging_mixin.py:188} INFO - [2024-10-22T14:03:14.952+0000] {dagbag.py:545} INFO - Filling up the DagBag from /home/airflow/.local/lib/python3.12/site-packages/airflow/example_dags/example_external_task_marker_dag.py
[2024-10-22T14:03:14.957+0000] {processor.py:840} INFO - DAG(s) 'example_external_task_marker_child', 'example_external_task_marker_parent' retrieved from /home/airflow/.local/lib/python3.12/site-packages/airflow/example_dags/example_external_task_marker_dag.py
[2024-10-22T14:03:14.972+0000] {logging_mixin.py:188} INFO - [2024-10-22T14:03:14.972+0000] {dag.py:3089} INFO - Sync 2 DAGs
[2024-10-22T14:03:14.980+0000] {logging_mixin.py:188} INFO - [2024-10-22T14:03:14.980+0000] {dag.py:3947} INFO - Setting next_dagrun for example_external_task_marker_child to None, run_after=None
[2024-10-22T14:03:14.983+0000] {logging_mixin.py:188} INFO - [2024-10-22T14:03:14.983+0000] {dag.py:3947} INFO - Setting next_dagrun for example_external_task_marker_parent to None, run_after=None
[2024-10-22T14:03:14.993+0000] {processor.py:183} INFO - Processing /home/airflow/.local/lib/python3.12/site-packages/airflow/example_dags/example_external_task_marker_dag.py took 0.046 seconds
[2024-10-22T14:03:45.197+0000] {processor.py:161} INFO - Started process (PID=2094) to work on /home/airflow/.local/lib/python3.12/site-packages/airflow/example_dags/example_external_task_marker_dag.py
[2024-10-22T14:03:45.198+0000] {processor.py:830} INFO - Processing file /home/airflow/.local/lib/python3.12/site-packages/airflow/example_dags/example_external_task_marker_dag.py for tasks to queue
[2024-10-22T14:03:45.199+0000] {logging_mixin.py:188} INFO - [2024-10-22T14:03:45.199+0000] {dagbag.py:545} INFO - Filling up the DagBag from /home/airflow/.local/lib/python3.12/site-packages/airflow/example_dags/example_external_task_marker_dag.py
[2024-10-22T14:03:45.203+0000] {processor.py:840} INFO - DAG(s) 'example_external_task_marker_parent', 'example_external_task_marker_child' retrieved from /home/airflow/.local/lib/python3.12/site-packages/airflow/example_dags/example_external_task_marker_dag.py
[2024-10-22T14:03:45.219+0000] {logging_mixin.py:188} INFO - [2024-10-22T14:03:45.219+0000] {dag.py:3089} INFO - Sync 2 DAGs
[2024-10-22T14:03:45.228+0000] {logging_mixin.py:188} INFO - [2024-10-22T14:03:45.227+0000] {dag.py:3947} INFO - Setting next_dagrun for example_external_task_marker_child to None, run_after=None
[2024-10-22T14:03:45.230+0000] {logging_mixin.py:188} INFO - [2024-10-22T14:03:45.230+0000] {dag.py:3947} INFO - Setting next_dagrun for example_external_task_marker_parent to None, run_after=None
[2024-10-22T14:03:45.241+0000] {processor.py:183} INFO - Processing /home/airflow/.local/lib/python3.12/site-packages/airflow/example_dags/example_external_task_marker_dag.py took 0.047 seconds
[2024-10-22T14:34:25.011+0000] {processor.py:161} INFO - Started process (PID=221) to work on /home/airflow/.local/lib/python3.12/site-packages/airflow/example_dags/example_external_task_marker_dag.py
[2024-10-22T14:34:25.012+0000] {processor.py:830} INFO - Processing file /home/airflow/.local/lib/python3.12/site-packages/airflow/example_dags/example_external_task_marker_dag.py for tasks to queue
[2024-10-22T14:34:25.013+0000] {logging_mixin.py:188} INFO - [2024-10-22T14:34:25.013+0000] {dagbag.py:545} INFO - Filling up the DagBag from /home/airflow/.local/lib/python3.12/site-packages/airflow/example_dags/example_external_task_marker_dag.py
[2024-10-22T14:34:25.018+0000] {processor.py:840} INFO - DAG(s) 'example_external_task_marker_parent', 'example_external_task_marker_child' retrieved from /home/airflow/.local/lib/python3.12/site-packages/airflow/example_dags/example_external_task_marker_dag.py
[2024-10-22T14:34:25.027+0000] {logging_mixin.py:188} INFO - [2024-10-22T14:34:25.027+0000] {dag.py:3089} INFO - Sync 2 DAGs
[2024-10-22T14:34:25.036+0000] {logging_mixin.py:188} INFO - [2024-10-22T14:34:25.036+0000] {dag.py:3947} INFO - Setting next_dagrun for example_external_task_marker_child to None, run_after=None
[2024-10-22T14:34:25.040+0000] {logging_mixin.py:188} INFO - [2024-10-22T14:34:25.040+0000] {dag.py:3947} INFO - Setting next_dagrun for example_external_task_marker_parent to None, run_after=None
[2024-10-22T14:34:25.051+0000] {processor.py:183} INFO - Processing /home/airflow/.local/lib/python3.12/site-packages/airflow/example_dags/example_external_task_marker_dag.py took 0.043 seconds
[2024-10-22T14:34:55.620+0000] {processor.py:161} INFO - Started process (PID=488) to work on /home/airflow/.local/lib/python3.12/site-packages/airflow/example_dags/example_external_task_marker_dag.py
[2024-10-22T14:34:55.621+0000] {processor.py:830} INFO - Processing file /home/airflow/.local/lib/python3.12/site-packages/airflow/example_dags/example_external_task_marker_dag.py for tasks to queue
[2024-10-22T14:34:55.622+0000] {logging_mixin.py:188} INFO - [2024-10-22T14:34:55.622+0000] {dagbag.py:545} INFO - Filling up the DagBag from /home/airflow/.local/lib/python3.12/site-packages/airflow/example_dags/example_external_task_marker_dag.py
[2024-10-22T14:34:55.627+0000] {processor.py:840} INFO - DAG(s) 'example_external_task_marker_parent', 'example_external_task_marker_child' retrieved from /home/airflow/.local/lib/python3.12/site-packages/airflow/example_dags/example_external_task_marker_dag.py
[2024-10-22T14:34:55.716+0000] {logging_mixin.py:188} INFO - [2024-10-22T14:34:55.716+0000] {dag.py:3089} INFO - Sync 2 DAGs
[2024-10-22T14:34:55.724+0000] {logging_mixin.py:188} INFO - [2024-10-22T14:34:55.724+0000] {dag.py:3947} INFO - Setting next_dagrun for example_external_task_marker_child to None, run_after=None
[2024-10-22T14:34:55.726+0000] {logging_mixin.py:188} INFO - [2024-10-22T14:34:55.726+0000] {dag.py:3947} INFO - Setting next_dagrun for example_external_task_marker_parent to None, run_after=None
[2024-10-22T14:34:55.739+0000] {processor.py:183} INFO - Processing /home/airflow/.local/lib/python3.12/site-packages/airflow/example_dags/example_external_task_marker_dag.py took 0.123 seconds
[2024-10-22T14:35:26.532+0000] {processor.py:161} INFO - Started process (PID=759) to work on /home/airflow/.local/lib/python3.12/site-packages/airflow/example_dags/example_external_task_marker_dag.py
[2024-10-22T14:35:26.533+0000] {processor.py:830} INFO - Processing file /home/airflow/.local/lib/python3.12/site-packages/airflow/example_dags/example_external_task_marker_dag.py for tasks to queue
[2024-10-22T14:35:26.534+0000] {logging_mixin.py:188} INFO - [2024-10-22T14:35:26.534+0000] {dagbag.py:545} INFO - Filling up the DagBag from /home/airflow/.local/lib/python3.12/site-packages/airflow/example_dags/example_external_task_marker_dag.py
[2024-10-22T14:35:26.538+0000] {processor.py:840} INFO - DAG(s) 'example_external_task_marker_parent', 'example_external_task_marker_child' retrieved from /home/airflow/.local/lib/python3.12/site-packages/airflow/example_dags/example_external_task_marker_dag.py
[2024-10-22T14:35:26.556+0000] {logging_mixin.py:188} INFO - [2024-10-22T14:35:26.556+0000] {dag.py:3089} INFO - Sync 2 DAGs
[2024-10-22T14:35:26.565+0000] {logging_mixin.py:188} INFO - [2024-10-22T14:35:26.565+0000] {dag.py:3947} INFO - Setting next_dagrun for example_external_task_marker_child to None, run_after=None
[2024-10-22T14:35:26.567+0000] {logging_mixin.py:188} INFO - [2024-10-22T14:35:26.567+0000] {dag.py:3947} INFO - Setting next_dagrun for example_external_task_marker_parent to None, run_after=None
[2024-10-22T14:35:26.579+0000] {processor.py:183} INFO - Processing /home/airflow/.local/lib/python3.12/site-packages/airflow/example_dags/example_external_task_marker_dag.py took 0.052 seconds
[2024-10-22T14:35:56.691+0000] {processor.py:161} INFO - Started process (PID=1026) to work on /home/airflow/.local/lib/python3.12/site-packages/airflow/example_dags/example_external_task_marker_dag.py
[2024-10-22T14:35:56.692+0000] {processor.py:830} INFO - Processing file /home/airflow/.local/lib/python3.12/site-packages/airflow/example_dags/example_external_task_marker_dag.py for tasks to queue
[2024-10-22T14:35:56.693+0000] {logging_mixin.py:188} INFO - [2024-10-22T14:35:56.693+0000] {dagbag.py:545} INFO - Filling up the DagBag from /home/airflow/.local/lib/python3.12/site-packages/airflow/example_dags/example_external_task_marker_dag.py
[2024-10-22T14:35:56.697+0000] {processor.py:840} INFO - DAG(s) 'example_external_task_marker_child', 'example_external_task_marker_parent' retrieved from /home/airflow/.local/lib/python3.12/site-packages/airflow/example_dags/example_external_task_marker_dag.py
[2024-10-22T14:35:56.712+0000] {logging_mixin.py:188} INFO - [2024-10-22T14:35:56.712+0000] {dag.py:3089} INFO - Sync 2 DAGs
[2024-10-22T14:35:56.720+0000] {logging_mixin.py:188} INFO - [2024-10-22T14:35:56.720+0000] {dag.py:3947} INFO - Setting next_dagrun for example_external_task_marker_child to None, run_after=None
[2024-10-22T14:35:56.723+0000] {logging_mixin.py:188} INFO - [2024-10-22T14:35:56.723+0000] {dag.py:3947} INFO - Setting next_dagrun for example_external_task_marker_parent to None, run_after=None
[2024-10-22T14:35:56.733+0000] {processor.py:183} INFO - Processing /home/airflow/.local/lib/python3.12/site-packages/airflow/example_dags/example_external_task_marker_dag.py took 0.046 seconds
[2024-10-22T14:36:27.016+0000] {processor.py:161} INFO - Started process (PID=1293) to work on /home/airflow/.local/lib/python3.12/site-packages/airflow/example_dags/example_external_task_marker_dag.py
[2024-10-22T14:36:27.017+0000] {processor.py:830} INFO - Processing file /home/airflow/.local/lib/python3.12/site-packages/airflow/example_dags/example_external_task_marker_dag.py for tasks to queue
[2024-10-22T14:36:27.019+0000] {logging_mixin.py:188} INFO - [2024-10-22T14:36:27.018+0000] {dagbag.py:545} INFO - Filling up the DagBag from /home/airflow/.local/lib/python3.12/site-packages/airflow/example_dags/example_external_task_marker_dag.py
[2024-10-22T14:36:27.023+0000] {processor.py:840} INFO - DAG(s) 'example_external_task_marker_child', 'example_external_task_marker_parent' retrieved from /home/airflow/.local/lib/python3.12/site-packages/airflow/example_dags/example_external_task_marker_dag.py
[2024-10-22T14:36:27.039+0000] {logging_mixin.py:188} INFO - [2024-10-22T14:36:27.039+0000] {dag.py:3089} INFO - Sync 2 DAGs
[2024-10-22T14:36:27.047+0000] {logging_mixin.py:188} INFO - [2024-10-22T14:36:27.047+0000] {dag.py:3947} INFO - Setting next_dagrun for example_external_task_marker_child to None, run_after=None
[2024-10-22T14:36:27.050+0000] {logging_mixin.py:188} INFO - [2024-10-22T14:36:27.050+0000] {dag.py:3947} INFO - Setting next_dagrun for example_external_task_marker_parent to None, run_after=None
[2024-10-22T14:36:27.060+0000] {processor.py:183} INFO - Processing /home/airflow/.local/lib/python3.12/site-packages/airflow/example_dags/example_external_task_marker_dag.py took 0.048 seconds
[2024-10-22T14:36:57.336+0000] {processor.py:161} INFO - Started process (PID=1560) to work on /home/airflow/.local/lib/python3.12/site-packages/airflow/example_dags/example_external_task_marker_dag.py
[2024-10-22T14:36:57.337+0000] {processor.py:830} INFO - Processing file /home/airflow/.local/lib/python3.12/site-packages/airflow/example_dags/example_external_task_marker_dag.py for tasks to queue
[2024-10-22T14:36:57.338+0000] {logging_mixin.py:188} INFO - [2024-10-22T14:36:57.338+0000] {dagbag.py:545} INFO - Filling up the DagBag from /home/airflow/.local/lib/python3.12/site-packages/airflow/example_dags/example_external_task_marker_dag.py
[2024-10-22T14:36:57.342+0000] {processor.py:840} INFO - DAG(s) 'example_external_task_marker_parent', 'example_external_task_marker_child' retrieved from /home/airflow/.local/lib/python3.12/site-packages/airflow/example_dags/example_external_task_marker_dag.py
[2024-10-22T14:36:57.358+0000] {logging_mixin.py:188} INFO - [2024-10-22T14:36:57.358+0000] {dag.py:3089} INFO - Sync 2 DAGs
[2024-10-22T14:36:57.367+0000] {logging_mixin.py:188} INFO - [2024-10-22T14:36:57.366+0000] {dag.py:3947} INFO - Setting next_dagrun for example_external_task_marker_child to None, run_after=None
[2024-10-22T14:36:57.369+0000] {logging_mixin.py:188} INFO - [2024-10-22T14:36:57.369+0000] {dag.py:3947} INFO - Setting next_dagrun for example_external_task_marker_parent to None, run_after=None
[2024-10-22T14:36:57.381+0000] {processor.py:183} INFO - Processing /home/airflow/.local/lib/python3.12/site-packages/airflow/example_dags/example_external_task_marker_dag.py took 0.049 seconds
[2024-10-22T14:37:27.590+0000] {processor.py:161} INFO - Started process (PID=1827) to work on /home/airflow/.local/lib/python3.12/site-packages/airflow/example_dags/example_external_task_marker_dag.py
[2024-10-22T14:37:27.591+0000] {processor.py:830} INFO - Processing file /home/airflow/.local/lib/python3.12/site-packages/airflow/example_dags/example_external_task_marker_dag.py for tasks to queue
[2024-10-22T14:37:27.593+0000] {logging_mixin.py:188} INFO - [2024-10-22T14:37:27.592+0000] {dagbag.py:545} INFO - Filling up the DagBag from /home/airflow/.local/lib/python3.12/site-packages/airflow/example_dags/example_external_task_marker_dag.py
[2024-10-22T14:37:27.597+0000] {processor.py:840} INFO - DAG(s) 'example_external_task_marker_parent', 'example_external_task_marker_child' retrieved from /home/airflow/.local/lib/python3.12/site-packages/airflow/example_dags/example_external_task_marker_dag.py
[2024-10-22T14:37:27.613+0000] {logging_mixin.py:188} INFO - [2024-10-22T14:37:27.613+0000] {dag.py:3089} INFO - Sync 2 DAGs
[2024-10-22T14:37:27.623+0000] {logging_mixin.py:188} INFO - [2024-10-22T14:37:27.623+0000] {dag.py:3947} INFO - Setting next_dagrun for example_external_task_marker_child to None, run_after=None
[2024-10-22T14:37:27.626+0000] {logging_mixin.py:188} INFO - [2024-10-22T14:37:27.626+0000] {dag.py:3947} INFO - Setting next_dagrun for example_external_task_marker_parent to None, run_after=None
[2024-10-22T14:37:27.638+0000] {processor.py:183} INFO - Processing /home/airflow/.local/lib/python3.12/site-packages/airflow/example_dags/example_external_task_marker_dag.py took 0.052 seconds
[2024-10-22T14:37:57.754+0000] {processor.py:161} INFO - Started process (PID=2094) to work on /home/airflow/.local/lib/python3.12/site-packages/airflow/example_dags/example_external_task_marker_dag.py
[2024-10-22T14:37:57.754+0000] {processor.py:830} INFO - Processing file /home/airflow/.local/lib/python3.12/site-packages/airflow/example_dags/example_external_task_marker_dag.py for tasks to queue
[2024-10-22T14:37:57.756+0000] {logging_mixin.py:188} INFO - [2024-10-22T14:37:57.755+0000] {dagbag.py:545} INFO - Filling up the DagBag from /home/airflow/.local/lib/python3.12/site-packages/airflow/example_dags/example_external_task_marker_dag.py
[2024-10-22T14:37:57.760+0000] {processor.py:840} INFO - DAG(s) 'example_external_task_marker_parent', 'example_external_task_marker_child' retrieved from /home/airflow/.local/lib/python3.12/site-packages/airflow/example_dags/example_external_task_marker_dag.py
[2024-10-22T14:37:57.775+0000] {logging_mixin.py:188} INFO - [2024-10-22T14:37:57.775+0000] {dag.py:3089} INFO - Sync 2 DAGs
[2024-10-22T14:37:57.784+0000] {logging_mixin.py:188} INFO - [2024-10-22T14:37:57.784+0000] {dag.py:3947} INFO - Setting next_dagrun for example_external_task_marker_child to None, run_after=None
[2024-10-22T14:37:57.786+0000] {logging_mixin.py:188} INFO - [2024-10-22T14:37:57.786+0000] {dag.py:3947} INFO - Setting next_dagrun for example_external_task_marker_parent to None, run_after=None
[2024-10-22T14:37:57.798+0000] {processor.py:183} INFO - Processing /home/airflow/.local/lib/python3.12/site-packages/airflow/example_dags/example_external_task_marker_dag.py took 0.048 seconds
[2024-10-22T14:38:27.847+0000] {processor.py:161} INFO - Started process (PID=2361) to work on /home/airflow/.local/lib/python3.12/site-packages/airflow/example_dags/example_external_task_marker_dag.py
[2024-10-22T14:38:27.848+0000] {processor.py:830} INFO - Processing file /home/airflow/.local/lib/python3.12/site-packages/airflow/example_dags/example_external_task_marker_dag.py for tasks to queue
[2024-10-22T14:38:27.849+0000] {logging_mixin.py:188} INFO - [2024-10-22T14:38:27.849+0000] {dagbag.py:545} INFO - Filling up the DagBag from /home/airflow/.local/lib/python3.12/site-packages/airflow/example_dags/example_external_task_marker_dag.py
[2024-10-22T14:38:27.854+0000] {processor.py:840} INFO - DAG(s) 'example_external_task_marker_child', 'example_external_task_marker_parent' retrieved from /home/airflow/.local/lib/python3.12/site-packages/airflow/example_dags/example_external_task_marker_dag.py
[2024-10-22T14:38:27.871+0000] {logging_mixin.py:188} INFO - [2024-10-22T14:38:27.871+0000] {dag.py:3089} INFO - Sync 2 DAGs
[2024-10-22T14:38:27.880+0000] {logging_mixin.py:188} INFO - [2024-10-22T14:38:27.880+0000] {dag.py:3947} INFO - Setting next_dagrun for example_external_task_marker_child to None, run_after=None
[2024-10-22T14:38:27.882+0000] {logging_mixin.py:188} INFO - [2024-10-22T14:38:27.882+0000] {dag.py:3947} INFO - Setting next_dagrun for example_external_task_marker_parent to None, run_after=None
[2024-10-22T14:38:27.893+0000] {processor.py:183} INFO - Processing /home/airflow/.local/lib/python3.12/site-packages/airflow/example_dags/example_external_task_marker_dag.py took 0.050 seconds
[2024-10-22T14:38:57.965+0000] {processor.py:161} INFO - Started process (PID=2628) to work on /home/airflow/.local/lib/python3.12/site-packages/airflow/example_dags/example_external_task_marker_dag.py
[2024-10-22T14:38:57.966+0000] {processor.py:830} INFO - Processing file /home/airflow/.local/lib/python3.12/site-packages/airflow/example_dags/example_external_task_marker_dag.py for tasks to queue
[2024-10-22T14:38:57.967+0000] {logging_mixin.py:188} INFO - [2024-10-22T14:38:57.967+0000] {dagbag.py:545} INFO - Filling up the DagBag from /home/airflow/.local/lib/python3.12/site-packages/airflow/example_dags/example_external_task_marker_dag.py
[2024-10-22T14:38:57.971+0000] {processor.py:840} INFO - DAG(s) 'example_external_task_marker_child', 'example_external_task_marker_parent' retrieved from /home/airflow/.local/lib/python3.12/site-packages/airflow/example_dags/example_external_task_marker_dag.py
[2024-10-22T14:38:57.986+0000] {logging_mixin.py:188} INFO - [2024-10-22T14:38:57.986+0000] {dag.py:3089} INFO - Sync 2 DAGs
[2024-10-22T14:38:57.995+0000] {logging_mixin.py:188} INFO - [2024-10-22T14:38:57.995+0000] {dag.py:3947} INFO - Setting next_dagrun for example_external_task_marker_child to None, run_after=None
[2024-10-22T14:38:57.997+0000] {logging_mixin.py:188} INFO - [2024-10-22T14:38:57.997+0000] {dag.py:3947} INFO - Setting next_dagrun for example_external_task_marker_parent to None, run_after=None
[2024-10-22T14:38:58.009+0000] {processor.py:183} INFO - Processing /home/airflow/.local/lib/python3.12/site-packages/airflow/example_dags/example_external_task_marker_dag.py took 0.048 seconds
[2024-10-22T14:39:28.570+0000] {processor.py:161} INFO - Started process (PID=2897) to work on /home/airflow/.local/lib/python3.12/site-packages/airflow/example_dags/example_external_task_marker_dag.py
[2024-10-22T14:39:28.570+0000] {processor.py:830} INFO - Processing file /home/airflow/.local/lib/python3.12/site-packages/airflow/example_dags/example_external_task_marker_dag.py for tasks to queue
[2024-10-22T14:39:28.572+0000] {logging_mixin.py:188} INFO - [2024-10-22T14:39:28.571+0000] {dagbag.py:545} INFO - Filling up the DagBag from /home/airflow/.local/lib/python3.12/site-packages/airflow/example_dags/example_external_task_marker_dag.py
[2024-10-22T14:39:28.576+0000] {processor.py:840} INFO - DAG(s) 'example_external_task_marker_child', 'example_external_task_marker_parent' retrieved from /home/airflow/.local/lib/python3.12/site-packages/airflow/example_dags/example_external_task_marker_dag.py
[2024-10-22T14:39:28.591+0000] {logging_mixin.py:188} INFO - [2024-10-22T14:39:28.591+0000] {dag.py:3089} INFO - Sync 2 DAGs
[2024-10-22T14:39:28.600+0000] {logging_mixin.py:188} INFO - [2024-10-22T14:39:28.600+0000] {dag.py:3947} INFO - Setting next_dagrun for example_external_task_marker_child to None, run_after=None
[2024-10-22T14:39:28.603+0000] {logging_mixin.py:188} INFO - [2024-10-22T14:39:28.603+0000] {dag.py:3947} INFO - Setting next_dagrun for example_external_task_marker_parent to None, run_after=None
[2024-10-22T14:39:28.614+0000] {processor.py:183} INFO - Processing /home/airflow/.local/lib/python3.12/site-packages/airflow/example_dags/example_external_task_marker_dag.py took 0.049 seconds
[2024-10-22T14:39:58.686+0000] {processor.py:161} INFO - Started process (PID=3162) to work on /home/airflow/.local/lib/python3.12/site-packages/airflow/example_dags/example_external_task_marker_dag.py
[2024-10-22T14:39:58.687+0000] {processor.py:830} INFO - Processing file /home/airflow/.local/lib/python3.12/site-packages/airflow/example_dags/example_external_task_marker_dag.py for tasks to queue
[2024-10-22T14:39:58.688+0000] {logging_mixin.py:188} INFO - [2024-10-22T14:39:58.688+0000] {dagbag.py:545} INFO - Filling up the DagBag from /home/airflow/.local/lib/python3.12/site-packages/airflow/example_dags/example_external_task_marker_dag.py
[2024-10-22T14:39:58.692+0000] {processor.py:840} INFO - DAG(s) 'example_external_task_marker_parent', 'example_external_task_marker_child' retrieved from /home/airflow/.local/lib/python3.12/site-packages/airflow/example_dags/example_external_task_marker_dag.py
[2024-10-22T14:39:58.708+0000] {logging_mixin.py:188} INFO - [2024-10-22T14:39:58.708+0000] {dag.py:3089} INFO - Sync 2 DAGs
[2024-10-22T14:39:58.718+0000] {logging_mixin.py:188} INFO - [2024-10-22T14:39:58.718+0000] {dag.py:3947} INFO - Setting next_dagrun for example_external_task_marker_child to None, run_after=None
[2024-10-22T14:39:58.721+0000] {logging_mixin.py:188} INFO - [2024-10-22T14:39:58.720+0000] {dag.py:3947} INFO - Setting next_dagrun for example_external_task_marker_parent to None, run_after=None
[2024-10-22T14:39:58.732+0000] {processor.py:183} INFO - Processing /home/airflow/.local/lib/python3.12/site-packages/airflow/example_dags/example_external_task_marker_dag.py took 0.050 seconds
[2024-10-22T14:40:29.035+0000] {processor.py:161} INFO - Started process (PID=3431) to work on /home/airflow/.local/lib/python3.12/site-packages/airflow/example_dags/example_external_task_marker_dag.py
[2024-10-22T14:40:29.036+0000] {processor.py:830} INFO - Processing file /home/airflow/.local/lib/python3.12/site-packages/airflow/example_dags/example_external_task_marker_dag.py for tasks to queue
[2024-10-22T14:40:29.037+0000] {logging_mixin.py:188} INFO - [2024-10-22T14:40:29.037+0000] {dagbag.py:545} INFO - Filling up the DagBag from /home/airflow/.local/lib/python3.12/site-packages/airflow/example_dags/example_external_task_marker_dag.py
[2024-10-22T14:40:29.042+0000] {processor.py:840} INFO - DAG(s) 'example_external_task_marker_child', 'example_external_task_marker_parent' retrieved from /home/airflow/.local/lib/python3.12/site-packages/airflow/example_dags/example_external_task_marker_dag.py
[2024-10-22T14:40:29.057+0000] {logging_mixin.py:188} INFO - [2024-10-22T14:40:29.057+0000] {dag.py:3089} INFO - Sync 2 DAGs
[2024-10-22T14:40:29.066+0000] {logging_mixin.py:188} INFO - [2024-10-22T14:40:29.065+0000] {dag.py:3947} INFO - Setting next_dagrun for example_external_task_marker_child to None, run_after=None
[2024-10-22T14:40:29.068+0000] {logging_mixin.py:188} INFO - [2024-10-22T14:40:29.068+0000] {dag.py:3947} INFO - Setting next_dagrun for example_external_task_marker_parent to None, run_after=None
[2024-10-22T14:40:29.079+0000] {processor.py:183} INFO - Processing /home/airflow/.local/lib/python3.12/site-packages/airflow/example_dags/example_external_task_marker_dag.py took 0.048 seconds
[2024-10-22T14:40:59.172+0000] {processor.py:161} INFO - Started process (PID=3696) to work on /home/airflow/.local/lib/python3.12/site-packages/airflow/example_dags/example_external_task_marker_dag.py
[2024-10-22T14:40:59.173+0000] {processor.py:830} INFO - Processing file /home/airflow/.local/lib/python3.12/site-packages/airflow/example_dags/example_external_task_marker_dag.py for tasks to queue
[2024-10-22T14:40:59.174+0000] {logging_mixin.py:188} INFO - [2024-10-22T14:40:59.174+0000] {dagbag.py:545} INFO - Filling up the DagBag from /home/airflow/.local/lib/python3.12/site-packages/airflow/example_dags/example_external_task_marker_dag.py
[2024-10-22T14:40:59.178+0000] {processor.py:840} INFO - DAG(s) 'example_external_task_marker_child', 'example_external_task_marker_parent' retrieved from /home/airflow/.local/lib/python3.12/site-packages/airflow/example_dags/example_external_task_marker_dag.py
[2024-10-22T14:40:59.194+0000] {logging_mixin.py:188} INFO - [2024-10-22T14:40:59.194+0000] {dag.py:3089} INFO - Sync 2 DAGs
[2024-10-22T14:40:59.202+0000] {logging_mixin.py:188} INFO - [2024-10-22T14:40:59.202+0000] {dag.py:3947} INFO - Setting next_dagrun for example_external_task_marker_child to None, run_after=None
[2024-10-22T14:40:59.205+0000] {logging_mixin.py:188} INFO - [2024-10-22T14:40:59.204+0000] {dag.py:3947} INFO - Setting next_dagrun for example_external_task_marker_parent to None, run_after=None
[2024-10-22T14:40:59.216+0000] {processor.py:183} INFO - Processing /home/airflow/.local/lib/python3.12/site-packages/airflow/example_dags/example_external_task_marker_dag.py took 0.047 seconds
[2024-10-22T14:41:29.286+0000] {processor.py:161} INFO - Started process (PID=3963) to work on /home/airflow/.local/lib/python3.12/site-packages/airflow/example_dags/example_external_task_marker_dag.py
[2024-10-22T14:41:29.286+0000] {processor.py:830} INFO - Processing file /home/airflow/.local/lib/python3.12/site-packages/airflow/example_dags/example_external_task_marker_dag.py for tasks to queue
[2024-10-22T14:41:29.287+0000] {logging_mixin.py:188} INFO - [2024-10-22T14:41:29.287+0000] {dagbag.py:545} INFO - Filling up the DagBag from /home/airflow/.local/lib/python3.12/site-packages/airflow/example_dags/example_external_task_marker_dag.py
[2024-10-22T14:41:29.291+0000] {processor.py:840} INFO - DAG(s) 'example_external_task_marker_child', 'example_external_task_marker_parent' retrieved from /home/airflow/.local/lib/python3.12/site-packages/airflow/example_dags/example_external_task_marker_dag.py
[2024-10-22T14:41:29.307+0000] {logging_mixin.py:188} INFO - [2024-10-22T14:41:29.306+0000] {dag.py:3089} INFO - Sync 2 DAGs
[2024-10-22T14:41:29.315+0000] {logging_mixin.py:188} INFO - [2024-10-22T14:41:29.315+0000] {dag.py:3947} INFO - Setting next_dagrun for example_external_task_marker_child to None, run_after=None
[2024-10-22T14:41:29.317+0000] {logging_mixin.py:188} INFO - [2024-10-22T14:41:29.317+0000] {dag.py:3947} INFO - Setting next_dagrun for example_external_task_marker_parent to None, run_after=None
[2024-10-22T14:41:29.328+0000] {processor.py:183} INFO - Processing /home/airflow/.local/lib/python3.12/site-packages/airflow/example_dags/example_external_task_marker_dag.py took 0.046 seconds
[2024-10-22T14:41:59.513+0000] {processor.py:161} INFO - Started process (PID=4225) to work on /home/airflow/.local/lib/python3.12/site-packages/airflow/example_dags/example_external_task_marker_dag.py
[2024-10-22T14:41:59.513+0000] {processor.py:830} INFO - Processing file /home/airflow/.local/lib/python3.12/site-packages/airflow/example_dags/example_external_task_marker_dag.py for tasks to queue
[2024-10-22T14:41:59.515+0000] {logging_mixin.py:188} INFO - [2024-10-22T14:41:59.514+0000] {dagbag.py:545} INFO - Filling up the DagBag from /home/airflow/.local/lib/python3.12/site-packages/airflow/example_dags/example_external_task_marker_dag.py
[2024-10-22T14:41:59.519+0000] {processor.py:840} INFO - DAG(s) 'example_external_task_marker_parent', 'example_external_task_marker_child' retrieved from /home/airflow/.local/lib/python3.12/site-packages/airflow/example_dags/example_external_task_marker_dag.py
[2024-10-22T14:41:59.533+0000] {logging_mixin.py:188} INFO - [2024-10-22T14:41:59.533+0000] {dag.py:3089} INFO - Sync 2 DAGs
[2024-10-22T14:41:59.541+0000] {logging_mixin.py:188} INFO - [2024-10-22T14:41:59.541+0000] {dag.py:3947} INFO - Setting next_dagrun for example_external_task_marker_child to None, run_after=None
[2024-10-22T14:41:59.543+0000] {logging_mixin.py:188} INFO - [2024-10-22T14:41:59.543+0000] {dag.py:3947} INFO - Setting next_dagrun for example_external_task_marker_parent to None, run_after=None
[2024-10-22T14:41:59.553+0000] {processor.py:183} INFO - Processing /home/airflow/.local/lib/python3.12/site-packages/airflow/example_dags/example_external_task_marker_dag.py took 0.045 seconds
[2024-10-22T14:42:47.563+0000] {processor.py:161} INFO - Started process (PID=219) to work on /home/airflow/.local/lib/python3.12/site-packages/airflow/example_dags/example_external_task_marker_dag.py
[2024-10-22T14:42:47.564+0000] {processor.py:830} INFO - Processing file /home/airflow/.local/lib/python3.12/site-packages/airflow/example_dags/example_external_task_marker_dag.py for tasks to queue
[2024-10-22T14:42:47.566+0000] {logging_mixin.py:188} INFO - [2024-10-22T14:42:47.565+0000] {dagbag.py:545} INFO - Filling up the DagBag from /home/airflow/.local/lib/python3.12/site-packages/airflow/example_dags/example_external_task_marker_dag.py
[2024-10-22T14:42:47.573+0000] {processor.py:840} INFO - DAG(s) 'example_external_task_marker_child', 'example_external_task_marker_parent' retrieved from /home/airflow/.local/lib/python3.12/site-packages/airflow/example_dags/example_external_task_marker_dag.py
[2024-10-22T14:42:47.583+0000] {logging_mixin.py:188} INFO - [2024-10-22T14:42:47.583+0000] {dag.py:3089} INFO - Sync 2 DAGs
[2024-10-22T14:42:47.593+0000] {logging_mixin.py:188} INFO - [2024-10-22T14:42:47.593+0000] {dag.py:3947} INFO - Setting next_dagrun for example_external_task_marker_child to None, run_after=None
[2024-10-22T14:42:47.598+0000] {logging_mixin.py:188} INFO - [2024-10-22T14:42:47.598+0000] {dag.py:3947} INFO - Setting next_dagrun for example_external_task_marker_parent to None, run_after=None
[2024-10-22T14:42:47.612+0000] {processor.py:183} INFO - Processing /home/airflow/.local/lib/python3.12/site-packages/airflow/example_dags/example_external_task_marker_dag.py took 0.056 seconds
[2024-10-22T14:43:18.214+0000] {processor.py:161} INFO - Started process (PID=492) to work on /home/airflow/.local/lib/python3.12/site-packages/airflow/example_dags/example_external_task_marker_dag.py
[2024-10-22T14:43:18.215+0000] {processor.py:830} INFO - Processing file /home/airflow/.local/lib/python3.12/site-packages/airflow/example_dags/example_external_task_marker_dag.py for tasks to queue
[2024-10-22T14:43:18.216+0000] {logging_mixin.py:188} INFO - [2024-10-22T14:43:18.216+0000] {dagbag.py:545} INFO - Filling up the DagBag from /home/airflow/.local/lib/python3.12/site-packages/airflow/example_dags/example_external_task_marker_dag.py
[2024-10-22T14:43:18.220+0000] {processor.py:840} INFO - DAG(s) 'example_external_task_marker_child', 'example_external_task_marker_parent' retrieved from /home/airflow/.local/lib/python3.12/site-packages/airflow/example_dags/example_external_task_marker_dag.py
[2024-10-22T14:43:18.300+0000] {logging_mixin.py:188} INFO - [2024-10-22T14:43:18.299+0000] {dag.py:3089} INFO - Sync 2 DAGs
[2024-10-22T14:43:18.307+0000] {logging_mixin.py:188} INFO - [2024-10-22T14:43:18.307+0000] {dag.py:3947} INFO - Setting next_dagrun for example_external_task_marker_child to None, run_after=None
[2024-10-22T14:43:18.309+0000] {logging_mixin.py:188} INFO - [2024-10-22T14:43:18.309+0000] {dag.py:3947} INFO - Setting next_dagrun for example_external_task_marker_parent to None, run_after=None
[2024-10-22T14:43:18.321+0000] {processor.py:183} INFO - Processing /home/airflow/.local/lib/python3.12/site-packages/airflow/example_dags/example_external_task_marker_dag.py took 0.112 seconds
[2024-10-22T14:43:48.582+0000] {processor.py:161} INFO - Started process (PID=762) to work on /home/airflow/.local/lib/python3.12/site-packages/airflow/example_dags/example_external_task_marker_dag.py
[2024-10-22T14:43:48.583+0000] {processor.py:830} INFO - Processing file /home/airflow/.local/lib/python3.12/site-packages/airflow/example_dags/example_external_task_marker_dag.py for tasks to queue
[2024-10-22T14:43:48.584+0000] {logging_mixin.py:188} INFO - [2024-10-22T14:43:48.584+0000] {dagbag.py:545} INFO - Filling up the DagBag from /home/airflow/.local/lib/python3.12/site-packages/airflow/example_dags/example_external_task_marker_dag.py
[2024-10-22T14:43:48.588+0000] {processor.py:840} INFO - DAG(s) 'example_external_task_marker_child', 'example_external_task_marker_parent' retrieved from /home/airflow/.local/lib/python3.12/site-packages/airflow/example_dags/example_external_task_marker_dag.py
[2024-10-22T14:43:48.604+0000] {logging_mixin.py:188} INFO - [2024-10-22T14:43:48.604+0000] {dag.py:3089} INFO - Sync 2 DAGs
[2024-10-22T14:43:48.613+0000] {logging_mixin.py:188} INFO - [2024-10-22T14:43:48.613+0000] {dag.py:3947} INFO - Setting next_dagrun for example_external_task_marker_child to None, run_after=None
[2024-10-22T14:43:48.616+0000] {logging_mixin.py:188} INFO - [2024-10-22T14:43:48.616+0000] {dag.py:3947} INFO - Setting next_dagrun for example_external_task_marker_parent to None, run_after=None
[2024-10-22T14:43:48.627+0000] {processor.py:183} INFO - Processing /home/airflow/.local/lib/python3.12/site-packages/airflow/example_dags/example_external_task_marker_dag.py took 0.049 seconds
[2024-10-22T14:44:18.900+0000] {processor.py:161} INFO - Started process (PID=1029) to work on /home/airflow/.local/lib/python3.12/site-packages/airflow/example_dags/example_external_task_marker_dag.py
[2024-10-22T14:44:18.901+0000] {processor.py:830} INFO - Processing file /home/airflow/.local/lib/python3.12/site-packages/airflow/example_dags/example_external_task_marker_dag.py for tasks to queue
[2024-10-22T14:44:18.902+0000] {logging_mixin.py:188} INFO - [2024-10-22T14:44:18.902+0000] {dagbag.py:545} INFO - Filling up the DagBag from /home/airflow/.local/lib/python3.12/site-packages/airflow/example_dags/example_external_task_marker_dag.py
[2024-10-22T14:44:18.907+0000] {processor.py:840} INFO - DAG(s) 'example_external_task_marker_parent', 'example_external_task_marker_child' retrieved from /home/airflow/.local/lib/python3.12/site-packages/airflow/example_dags/example_external_task_marker_dag.py
[2024-10-22T14:44:18.924+0000] {logging_mixin.py:188} INFO - [2024-10-22T14:44:18.924+0000] {dag.py:3089} INFO - Sync 2 DAGs
[2024-10-22T14:44:18.933+0000] {logging_mixin.py:188} INFO - [2024-10-22T14:44:18.933+0000] {dag.py:3947} INFO - Setting next_dagrun for example_external_task_marker_child to None, run_after=None
[2024-10-22T14:44:18.935+0000] {logging_mixin.py:188} INFO - [2024-10-22T14:44:18.935+0000] {dag.py:3947} INFO - Setting next_dagrun for example_external_task_marker_parent to None, run_after=None
[2024-10-22T14:44:18.946+0000] {processor.py:183} INFO - Processing /home/airflow/.local/lib/python3.12/site-packages/airflow/example_dags/example_external_task_marker_dag.py took 0.050 seconds
[2024-10-22T14:44:49.039+0000] {processor.py:161} INFO - Started process (PID=1296) to work on /home/airflow/.local/lib/python3.12/site-packages/airflow/example_dags/example_external_task_marker_dag.py
[2024-10-22T14:44:49.040+0000] {processor.py:830} INFO - Processing file /home/airflow/.local/lib/python3.12/site-packages/airflow/example_dags/example_external_task_marker_dag.py for tasks to queue
[2024-10-22T14:44:49.041+0000] {logging_mixin.py:188} INFO - [2024-10-22T14:44:49.041+0000] {dagbag.py:545} INFO - Filling up the DagBag from /home/airflow/.local/lib/python3.12/site-packages/airflow/example_dags/example_external_task_marker_dag.py
[2024-10-22T14:44:49.045+0000] {processor.py:840} INFO - DAG(s) 'example_external_task_marker_parent', 'example_external_task_marker_child' retrieved from /home/airflow/.local/lib/python3.12/site-packages/airflow/example_dags/example_external_task_marker_dag.py
[2024-10-22T14:44:49.060+0000] {logging_mixin.py:188} INFO - [2024-10-22T14:44:49.060+0000] {dag.py:3089} INFO - Sync 2 DAGs
[2024-10-22T14:44:49.069+0000] {logging_mixin.py:188} INFO - [2024-10-22T14:44:49.069+0000] {dag.py:3947} INFO - Setting next_dagrun for example_external_task_marker_child to None, run_after=None
[2024-10-22T14:44:49.071+0000] {logging_mixin.py:188} INFO - [2024-10-22T14:44:49.071+0000] {dag.py:3947} INFO - Setting next_dagrun for example_external_task_marker_parent to None, run_after=None
[2024-10-22T14:44:49.082+0000] {processor.py:183} INFO - Processing /home/airflow/.local/lib/python3.12/site-packages/airflow/example_dags/example_external_task_marker_dag.py took 0.047 seconds
[2024-10-22T14:45:19.517+0000] {processor.py:161} INFO - Started process (PID=1563) to work on /home/airflow/.local/lib/python3.12/site-packages/airflow/example_dags/example_external_task_marker_dag.py
[2024-10-22T14:45:19.518+0000] {processor.py:830} INFO - Processing file /home/airflow/.local/lib/python3.12/site-packages/airflow/example_dags/example_external_task_marker_dag.py for tasks to queue
[2024-10-22T14:45:19.519+0000] {logging_mixin.py:188} INFO - [2024-10-22T14:45:19.519+0000] {dagbag.py:545} INFO - Filling up the DagBag from /home/airflow/.local/lib/python3.12/site-packages/airflow/example_dags/example_external_task_marker_dag.py
[2024-10-22T14:45:19.523+0000] {processor.py:840} INFO - DAG(s) 'example_external_task_marker_child', 'example_external_task_marker_parent' retrieved from /home/airflow/.local/lib/python3.12/site-packages/airflow/example_dags/example_external_task_marker_dag.py
[2024-10-22T14:45:19.539+0000] {logging_mixin.py:188} INFO - [2024-10-22T14:45:19.539+0000] {dag.py:3089} INFO - Sync 2 DAGs
[2024-10-22T14:45:19.548+0000] {logging_mixin.py:188} INFO - [2024-10-22T14:45:19.548+0000] {dag.py:3947} INFO - Setting next_dagrun for example_external_task_marker_child to None, run_after=None
[2024-10-22T14:45:19.551+0000] {logging_mixin.py:188} INFO - [2024-10-22T14:45:19.551+0000] {dag.py:3947} INFO - Setting next_dagrun for example_external_task_marker_parent to None, run_after=None
[2024-10-22T14:45:19.562+0000] {processor.py:183} INFO - Processing /home/airflow/.local/lib/python3.12/site-packages/airflow/example_dags/example_external_task_marker_dag.py took 0.049 seconds
[2024-10-22T14:45:49.847+0000] {processor.py:161} INFO - Started process (PID=1832) to work on /home/airflow/.local/lib/python3.12/site-packages/airflow/example_dags/example_external_task_marker_dag.py
[2024-10-22T14:45:49.848+0000] {processor.py:830} INFO - Processing file /home/airflow/.local/lib/python3.12/site-packages/airflow/example_dags/example_external_task_marker_dag.py for tasks to queue
[2024-10-22T14:45:49.849+0000] {logging_mixin.py:188} INFO - [2024-10-22T14:45:49.849+0000] {dagbag.py:545} INFO - Filling up the DagBag from /home/airflow/.local/lib/python3.12/site-packages/airflow/example_dags/example_external_task_marker_dag.py
[2024-10-22T14:45:49.853+0000] {processor.py:840} INFO - DAG(s) 'example_external_task_marker_child', 'example_external_task_marker_parent' retrieved from /home/airflow/.local/lib/python3.12/site-packages/airflow/example_dags/example_external_task_marker_dag.py
[2024-10-22T14:45:49.870+0000] {logging_mixin.py:188} INFO - [2024-10-22T14:45:49.870+0000] {dag.py:3089} INFO - Sync 2 DAGs
[2024-10-22T14:45:49.879+0000] {logging_mixin.py:188} INFO - [2024-10-22T14:45:49.879+0000] {dag.py:3947} INFO - Setting next_dagrun for example_external_task_marker_child to None, run_after=None
[2024-10-22T14:45:49.882+0000] {logging_mixin.py:188} INFO - [2024-10-22T14:45:49.882+0000] {dag.py:3947} INFO - Setting next_dagrun for example_external_task_marker_parent to None, run_after=None
[2024-10-22T14:45:49.895+0000] {processor.py:183} INFO - Processing /home/airflow/.local/lib/python3.12/site-packages/airflow/example_dags/example_external_task_marker_dag.py took 0.052 seconds
[2024-10-22T14:46:20.422+0000] {processor.py:161} INFO - Started process (PID=2097) to work on /home/airflow/.local/lib/python3.12/site-packages/airflow/example_dags/example_external_task_marker_dag.py
[2024-10-22T14:46:20.423+0000] {processor.py:830} INFO - Processing file /home/airflow/.local/lib/python3.12/site-packages/airflow/example_dags/example_external_task_marker_dag.py for tasks to queue
[2024-10-22T14:46:20.425+0000] {logging_mixin.py:188} INFO - [2024-10-22T14:46:20.424+0000] {dagbag.py:545} INFO - Filling up the DagBag from /home/airflow/.local/lib/python3.12/site-packages/airflow/example_dags/example_external_task_marker_dag.py
[2024-10-22T14:46:20.429+0000] {processor.py:840} INFO - DAG(s) 'example_external_task_marker_parent', 'example_external_task_marker_child' retrieved from /home/airflow/.local/lib/python3.12/site-packages/airflow/example_dags/example_external_task_marker_dag.py
[2024-10-22T14:46:20.447+0000] {logging_mixin.py:188} INFO - [2024-10-22T14:46:20.447+0000] {dag.py:3089} INFO - Sync 2 DAGs
[2024-10-22T14:46:20.458+0000] {logging_mixin.py:188} INFO - [2024-10-22T14:46:20.458+0000] {dag.py:3947} INFO - Setting next_dagrun for example_external_task_marker_child to None, run_after=None
[2024-10-22T14:46:20.461+0000] {logging_mixin.py:188} INFO - [2024-10-22T14:46:20.461+0000] {dag.py:3947} INFO - Setting next_dagrun for example_external_task_marker_parent to None, run_after=None
[2024-10-22T14:46:20.478+0000] {processor.py:183} INFO - Processing /home/airflow/.local/lib/python3.12/site-packages/airflow/example_dags/example_external_task_marker_dag.py took 0.060 seconds
[2024-10-22T14:46:50.648+0000] {processor.py:161} INFO - Started process (PID=2365) to work on /home/airflow/.local/lib/python3.12/site-packages/airflow/example_dags/example_external_task_marker_dag.py
[2024-10-22T14:46:50.648+0000] {processor.py:830} INFO - Processing file /home/airflow/.local/lib/python3.12/site-packages/airflow/example_dags/example_external_task_marker_dag.py for tasks to queue
[2024-10-22T14:46:50.649+0000] {logging_mixin.py:188} INFO - [2024-10-22T14:46:50.649+0000] {dagbag.py:545} INFO - Filling up the DagBag from /home/airflow/.local/lib/python3.12/site-packages/airflow/example_dags/example_external_task_marker_dag.py
[2024-10-22T14:46:50.654+0000] {processor.py:840} INFO - DAG(s) 'example_external_task_marker_child', 'example_external_task_marker_parent' retrieved from /home/airflow/.local/lib/python3.12/site-packages/airflow/example_dags/example_external_task_marker_dag.py
[2024-10-22T14:46:50.671+0000] {logging_mixin.py:188} INFO - [2024-10-22T14:46:50.671+0000] {dag.py:3089} INFO - Sync 2 DAGs
[2024-10-22T14:46:50.680+0000] {logging_mixin.py:188} INFO - [2024-10-22T14:46:50.680+0000] {dag.py:3947} INFO - Setting next_dagrun for example_external_task_marker_child to None, run_after=None
[2024-10-22T14:46:50.683+0000] {logging_mixin.py:188} INFO - [2024-10-22T14:46:50.682+0000] {dag.py:3947} INFO - Setting next_dagrun for example_external_task_marker_parent to None, run_after=None
[2024-10-22T14:46:50.695+0000] {processor.py:183} INFO - Processing /home/airflow/.local/lib/python3.12/site-packages/airflow/example_dags/example_external_task_marker_dag.py took 0.050 seconds
[2024-10-22T14:47:21.156+0000] {processor.py:161} INFO - Started process (PID=2634) to work on /home/airflow/.local/lib/python3.12/site-packages/airflow/example_dags/example_external_task_marker_dag.py
[2024-10-22T14:47:21.157+0000] {processor.py:830} INFO - Processing file /home/airflow/.local/lib/python3.12/site-packages/airflow/example_dags/example_external_task_marker_dag.py for tasks to queue
[2024-10-22T14:47:21.159+0000] {logging_mixin.py:188} INFO - [2024-10-22T14:47:21.158+0000] {dagbag.py:545} INFO - Filling up the DagBag from /home/airflow/.local/lib/python3.12/site-packages/airflow/example_dags/example_external_task_marker_dag.py
[2024-10-22T14:47:21.163+0000] {processor.py:840} INFO - DAG(s) 'example_external_task_marker_child', 'example_external_task_marker_parent' retrieved from /home/airflow/.local/lib/python3.12/site-packages/airflow/example_dags/example_external_task_marker_dag.py
[2024-10-22T14:47:21.179+0000] {logging_mixin.py:188} INFO - [2024-10-22T14:47:21.179+0000] {dag.py:3089} INFO - Sync 2 DAGs
[2024-10-22T14:47:21.188+0000] {logging_mixin.py:188} INFO - [2024-10-22T14:47:21.188+0000] {dag.py:3947} INFO - Setting next_dagrun for example_external_task_marker_child to None, run_after=None
[2024-10-22T14:47:21.190+0000] {logging_mixin.py:188} INFO - [2024-10-22T14:47:21.190+0000] {dag.py:3947} INFO - Setting next_dagrun for example_external_task_marker_parent to None, run_after=None
[2024-10-22T14:47:21.201+0000] {processor.py:183} INFO - Processing /home/airflow/.local/lib/python3.12/site-packages/airflow/example_dags/example_external_task_marker_dag.py took 0.049 seconds
[2024-10-22T14:47:51.462+0000] {processor.py:161} INFO - Started process (PID=2903) to work on /home/airflow/.local/lib/python3.12/site-packages/airflow/example_dags/example_external_task_marker_dag.py
[2024-10-22T14:47:51.462+0000] {processor.py:830} INFO - Processing file /home/airflow/.local/lib/python3.12/site-packages/airflow/example_dags/example_external_task_marker_dag.py for tasks to queue
[2024-10-22T14:47:51.464+0000] {logging_mixin.py:188} INFO - [2024-10-22T14:47:51.464+0000] {dagbag.py:545} INFO - Filling up the DagBag from /home/airflow/.local/lib/python3.12/site-packages/airflow/example_dags/example_external_task_marker_dag.py
[2024-10-22T14:47:51.468+0000] {processor.py:840} INFO - DAG(s) 'example_external_task_marker_child', 'example_external_task_marker_parent' retrieved from /home/airflow/.local/lib/python3.12/site-packages/airflow/example_dags/example_external_task_marker_dag.py
[2024-10-22T14:47:51.484+0000] {logging_mixin.py:188} INFO - [2024-10-22T14:47:51.484+0000] {dag.py:3089} INFO - Sync 2 DAGs
[2024-10-22T14:47:51.492+0000] {logging_mixin.py:188} INFO - [2024-10-22T14:47:51.492+0000] {dag.py:3947} INFO - Setting next_dagrun for example_external_task_marker_child to None, run_after=None
[2024-10-22T14:47:51.495+0000] {logging_mixin.py:188} INFO - [2024-10-22T14:47:51.495+0000] {dag.py:3947} INFO - Setting next_dagrun for example_external_task_marker_parent to None, run_after=None
[2024-10-22T14:47:51.505+0000] {processor.py:183} INFO - Processing /home/airflow/.local/lib/python3.12/site-packages/airflow/example_dags/example_external_task_marker_dag.py took 0.048 seconds
[2024-10-22T14:48:21.737+0000] {processor.py:161} INFO - Started process (PID=3170) to work on /home/airflow/.local/lib/python3.12/site-packages/airflow/example_dags/example_external_task_marker_dag.py
[2024-10-22T14:48:21.738+0000] {processor.py:830} INFO - Processing file /home/airflow/.local/lib/python3.12/site-packages/airflow/example_dags/example_external_task_marker_dag.py for tasks to queue
[2024-10-22T14:48:21.739+0000] {logging_mixin.py:188} INFO - [2024-10-22T14:48:21.739+0000] {dagbag.py:545} INFO - Filling up the DagBag from /home/airflow/.local/lib/python3.12/site-packages/airflow/example_dags/example_external_task_marker_dag.py
[2024-10-22T14:48:21.744+0000] {processor.py:840} INFO - DAG(s) 'example_external_task_marker_child', 'example_external_task_marker_parent' retrieved from /home/airflow/.local/lib/python3.12/site-packages/airflow/example_dags/example_external_task_marker_dag.py
[2024-10-22T14:48:21.759+0000] {logging_mixin.py:188} INFO - [2024-10-22T14:48:21.759+0000] {dag.py:3089} INFO - Sync 2 DAGs
[2024-10-22T14:48:21.769+0000] {logging_mixin.py:188} INFO - [2024-10-22T14:48:21.769+0000] {dag.py:3947} INFO - Setting next_dagrun for example_external_task_marker_child to None, run_after=None
[2024-10-22T14:48:21.771+0000] {logging_mixin.py:188} INFO - [2024-10-22T14:48:21.771+0000] {dag.py:3947} INFO - Setting next_dagrun for example_external_task_marker_parent to None, run_after=None
[2024-10-22T14:48:21.783+0000] {processor.py:183} INFO - Processing /home/airflow/.local/lib/python3.12/site-packages/airflow/example_dags/example_external_task_marker_dag.py took 0.049 seconds
[2024-10-22T14:48:52.200+0000] {processor.py:161} INFO - Started process (PID=3437) to work on /home/airflow/.local/lib/python3.12/site-packages/airflow/example_dags/example_external_task_marker_dag.py
[2024-10-22T14:48:52.201+0000] {processor.py:830} INFO - Processing file /home/airflow/.local/lib/python3.12/site-packages/airflow/example_dags/example_external_task_marker_dag.py for tasks to queue
[2024-10-22T14:48:52.202+0000] {logging_mixin.py:188} INFO - [2024-10-22T14:48:52.202+0000] {dagbag.py:545} INFO - Filling up the DagBag from /home/airflow/.local/lib/python3.12/site-packages/airflow/example_dags/example_external_task_marker_dag.py
[2024-10-22T14:48:52.206+0000] {processor.py:840} INFO - DAG(s) 'example_external_task_marker_child', 'example_external_task_marker_parent' retrieved from /home/airflow/.local/lib/python3.12/site-packages/airflow/example_dags/example_external_task_marker_dag.py
[2024-10-22T14:48:52.222+0000] {logging_mixin.py:188} INFO - [2024-10-22T14:48:52.222+0000] {dag.py:3089} INFO - Sync 2 DAGs
[2024-10-22T14:48:52.231+0000] {logging_mixin.py:188} INFO - [2024-10-22T14:48:52.231+0000] {dag.py:3947} INFO - Setting next_dagrun for example_external_task_marker_child to None, run_after=None
[2024-10-22T14:48:52.235+0000] {logging_mixin.py:188} INFO - [2024-10-22T14:48:52.234+0000] {dag.py:3947} INFO - Setting next_dagrun for example_external_task_marker_parent to None, run_after=None
[2024-10-22T14:48:52.248+0000] {processor.py:183} INFO - Processing /home/airflow/.local/lib/python3.12/site-packages/airflow/example_dags/example_external_task_marker_dag.py took 0.051 seconds
[2024-10-22T14:49:22.568+0000] {processor.py:161} INFO - Started process (PID=3703) to work on /home/airflow/.local/lib/python3.12/site-packages/airflow/example_dags/example_external_task_marker_dag.py
[2024-10-22T14:49:22.569+0000] {processor.py:830} INFO - Processing file /home/airflow/.local/lib/python3.12/site-packages/airflow/example_dags/example_external_task_marker_dag.py for tasks to queue
[2024-10-22T14:49:22.570+0000] {logging_mixin.py:188} INFO - [2024-10-22T14:49:22.570+0000] {dagbag.py:545} INFO - Filling up the DagBag from /home/airflow/.local/lib/python3.12/site-packages/airflow/example_dags/example_external_task_marker_dag.py
[2024-10-22T14:49:22.575+0000] {processor.py:840} INFO - DAG(s) 'example_external_task_marker_child', 'example_external_task_marker_parent' retrieved from /home/airflow/.local/lib/python3.12/site-packages/airflow/example_dags/example_external_task_marker_dag.py
[2024-10-22T14:49:22.590+0000] {logging_mixin.py:188} INFO - [2024-10-22T14:49:22.590+0000] {dag.py:3089} INFO - Sync 2 DAGs
[2024-10-22T14:49:22.599+0000] {logging_mixin.py:188} INFO - [2024-10-22T14:49:22.598+0000] {dag.py:3947} INFO - Setting next_dagrun for example_external_task_marker_child to None, run_after=None
[2024-10-22T14:49:22.601+0000] {logging_mixin.py:188} INFO - [2024-10-22T14:49:22.601+0000] {dag.py:3947} INFO - Setting next_dagrun for example_external_task_marker_parent to None, run_after=None
[2024-10-22T14:49:22.612+0000] {processor.py:183} INFO - Processing /home/airflow/.local/lib/python3.12/site-packages/airflow/example_dags/example_external_task_marker_dag.py took 0.047 seconds
[2024-10-22T14:49:52.898+0000] {processor.py:161} INFO - Started process (PID=3969) to work on /home/airflow/.local/lib/python3.12/site-packages/airflow/example_dags/example_external_task_marker_dag.py
[2024-10-22T14:49:52.899+0000] {processor.py:830} INFO - Processing file /home/airflow/.local/lib/python3.12/site-packages/airflow/example_dags/example_external_task_marker_dag.py for tasks to queue
[2024-10-22T14:49:52.900+0000] {logging_mixin.py:188} INFO - [2024-10-22T14:49:52.900+0000] {dagbag.py:545} INFO - Filling up the DagBag from /home/airflow/.local/lib/python3.12/site-packages/airflow/example_dags/example_external_task_marker_dag.py
[2024-10-22T14:49:52.904+0000] {processor.py:840} INFO - DAG(s) 'example_external_task_marker_parent', 'example_external_task_marker_child' retrieved from /home/airflow/.local/lib/python3.12/site-packages/airflow/example_dags/example_external_task_marker_dag.py
[2024-10-22T14:49:52.921+0000] {logging_mixin.py:188} INFO - [2024-10-22T14:49:52.921+0000] {dag.py:3089} INFO - Sync 2 DAGs
[2024-10-22T14:49:52.930+0000] {logging_mixin.py:188} INFO - [2024-10-22T14:49:52.930+0000] {dag.py:3947} INFO - Setting next_dagrun for example_external_task_marker_child to None, run_after=None
[2024-10-22T14:49:52.933+0000] {logging_mixin.py:188} INFO - [2024-10-22T14:49:52.933+0000] {dag.py:3947} INFO - Setting next_dagrun for example_external_task_marker_parent to None, run_after=None
[2024-10-22T14:49:52.946+0000] {processor.py:183} INFO - Processing /home/airflow/.local/lib/python3.12/site-packages/airflow/example_dags/example_external_task_marker_dag.py took 0.052 seconds
[2024-10-22T14:50:23.218+0000] {processor.py:161} INFO - Started process (PID=4236) to work on /home/airflow/.local/lib/python3.12/site-packages/airflow/example_dags/example_external_task_marker_dag.py
[2024-10-22T14:50:23.219+0000] {processor.py:830} INFO - Processing file /home/airflow/.local/lib/python3.12/site-packages/airflow/example_dags/example_external_task_marker_dag.py for tasks to queue
[2024-10-22T14:50:23.220+0000] {logging_mixin.py:188} INFO - [2024-10-22T14:50:23.220+0000] {dagbag.py:545} INFO - Filling up the DagBag from /home/airflow/.local/lib/python3.12/site-packages/airflow/example_dags/example_external_task_marker_dag.py
[2024-10-22T14:50:23.225+0000] {processor.py:840} INFO - DAG(s) 'example_external_task_marker_parent', 'example_external_task_marker_child' retrieved from /home/airflow/.local/lib/python3.12/site-packages/airflow/example_dags/example_external_task_marker_dag.py
[2024-10-22T14:50:23.241+0000] {logging_mixin.py:188} INFO - [2024-10-22T14:50:23.241+0000] {dag.py:3089} INFO - Sync 2 DAGs
[2024-10-22T14:50:23.250+0000] {logging_mixin.py:188} INFO - [2024-10-22T14:50:23.250+0000] {dag.py:3947} INFO - Setting next_dagrun for example_external_task_marker_child to None, run_after=None
[2024-10-22T14:50:23.253+0000] {logging_mixin.py:188} INFO - [2024-10-22T14:50:23.253+0000] {dag.py:3947} INFO - Setting next_dagrun for example_external_task_marker_parent to None, run_after=None
[2024-10-22T14:50:23.264+0000] {processor.py:183} INFO - Processing /home/airflow/.local/lib/python3.12/site-packages/airflow/example_dags/example_external_task_marker_dag.py took 0.050 seconds
[2024-10-22T14:50:53.574+0000] {processor.py:161} INFO - Started process (PID=4503) to work on /home/airflow/.local/lib/python3.12/site-packages/airflow/example_dags/example_external_task_marker_dag.py
[2024-10-22T14:50:53.575+0000] {processor.py:830} INFO - Processing file /home/airflow/.local/lib/python3.12/site-packages/airflow/example_dags/example_external_task_marker_dag.py for tasks to queue
[2024-10-22T14:50:53.576+0000] {logging_mixin.py:188} INFO - [2024-10-22T14:50:53.576+0000] {dagbag.py:545} INFO - Filling up the DagBag from /home/airflow/.local/lib/python3.12/site-packages/airflow/example_dags/example_external_task_marker_dag.py
[2024-10-22T14:50:53.580+0000] {processor.py:840} INFO - DAG(s) 'example_external_task_marker_parent', 'example_external_task_marker_child' retrieved from /home/airflow/.local/lib/python3.12/site-packages/airflow/example_dags/example_external_task_marker_dag.py
[2024-10-22T14:50:53.597+0000] {logging_mixin.py:188} INFO - [2024-10-22T14:50:53.597+0000] {dag.py:3089} INFO - Sync 2 DAGs
[2024-10-22T14:50:53.609+0000] {logging_mixin.py:188} INFO - [2024-10-22T14:50:53.609+0000] {dag.py:3947} INFO - Setting next_dagrun for example_external_task_marker_child to None, run_after=None
[2024-10-22T14:50:53.612+0000] {logging_mixin.py:188} INFO - [2024-10-22T14:50:53.612+0000] {dag.py:3947} INFO - Setting next_dagrun for example_external_task_marker_parent to None, run_after=None
[2024-10-22T14:50:53.626+0000] {processor.py:183} INFO - Processing /home/airflow/.local/lib/python3.12/site-packages/airflow/example_dags/example_external_task_marker_dag.py took 0.056 seconds
[2024-10-22T14:51:24.065+0000] {processor.py:161} INFO - Started process (PID=4772) to work on /home/airflow/.local/lib/python3.12/site-packages/airflow/example_dags/example_external_task_marker_dag.py
[2024-10-22T14:51:24.065+0000] {processor.py:830} INFO - Processing file /home/airflow/.local/lib/python3.12/site-packages/airflow/example_dags/example_external_task_marker_dag.py for tasks to queue
[2024-10-22T14:51:24.067+0000] {logging_mixin.py:188} INFO - [2024-10-22T14:51:24.066+0000] {dagbag.py:545} INFO - Filling up the DagBag from /home/airflow/.local/lib/python3.12/site-packages/airflow/example_dags/example_external_task_marker_dag.py
[2024-10-22T14:51:24.071+0000] {processor.py:840} INFO - DAG(s) 'example_external_task_marker_parent', 'example_external_task_marker_child' retrieved from /home/airflow/.local/lib/python3.12/site-packages/airflow/example_dags/example_external_task_marker_dag.py
[2024-10-22T14:51:24.088+0000] {logging_mixin.py:188} INFO - [2024-10-22T14:51:24.088+0000] {dag.py:3089} INFO - Sync 2 DAGs
[2024-10-22T14:51:24.098+0000] {logging_mixin.py:188} INFO - [2024-10-22T14:51:24.097+0000] {dag.py:3947} INFO - Setting next_dagrun for example_external_task_marker_child to None, run_after=None
[2024-10-22T14:51:24.100+0000] {logging_mixin.py:188} INFO - [2024-10-22T14:51:24.100+0000] {dag.py:3947} INFO - Setting next_dagrun for example_external_task_marker_parent to None, run_after=None
[2024-10-22T14:51:24.112+0000] {processor.py:183} INFO - Processing /home/airflow/.local/lib/python3.12/site-packages/airflow/example_dags/example_external_task_marker_dag.py took 0.052 seconds
[2024-10-22T14:51:54.517+0000] {processor.py:161} INFO - Started process (PID=5039) to work on /home/airflow/.local/lib/python3.12/site-packages/airflow/example_dags/example_external_task_marker_dag.py
[2024-10-22T14:51:54.518+0000] {processor.py:830} INFO - Processing file /home/airflow/.local/lib/python3.12/site-packages/airflow/example_dags/example_external_task_marker_dag.py for tasks to queue
[2024-10-22T14:51:54.519+0000] {logging_mixin.py:188} INFO - [2024-10-22T14:51:54.519+0000] {dagbag.py:545} INFO - Filling up the DagBag from /home/airflow/.local/lib/python3.12/site-packages/airflow/example_dags/example_external_task_marker_dag.py
[2024-10-22T14:51:54.523+0000] {processor.py:840} INFO - DAG(s) 'example_external_task_marker_child', 'example_external_task_marker_parent' retrieved from /home/airflow/.local/lib/python3.12/site-packages/airflow/example_dags/example_external_task_marker_dag.py
[2024-10-22T14:51:54.539+0000] {logging_mixin.py:188} INFO - [2024-10-22T14:51:54.539+0000] {dag.py:3089} INFO - Sync 2 DAGs
[2024-10-22T14:51:54.548+0000] {logging_mixin.py:188} INFO - [2024-10-22T14:51:54.548+0000] {dag.py:3947} INFO - Setting next_dagrun for example_external_task_marker_child to None, run_after=None
[2024-10-22T14:51:54.551+0000] {logging_mixin.py:188} INFO - [2024-10-22T14:51:54.551+0000] {dag.py:3947} INFO - Setting next_dagrun for example_external_task_marker_parent to None, run_after=None
[2024-10-22T14:51:54.561+0000] {processor.py:183} INFO - Processing /home/airflow/.local/lib/python3.12/site-packages/airflow/example_dags/example_external_task_marker_dag.py took 0.048 seconds
[2024-10-22T14:52:24.916+0000] {processor.py:161} INFO - Started process (PID=5304) to work on /home/airflow/.local/lib/python3.12/site-packages/airflow/example_dags/example_external_task_marker_dag.py
[2024-10-22T14:52:24.917+0000] {processor.py:830} INFO - Processing file /home/airflow/.local/lib/python3.12/site-packages/airflow/example_dags/example_external_task_marker_dag.py for tasks to queue
[2024-10-22T14:52:24.918+0000] {logging_mixin.py:188} INFO - [2024-10-22T14:52:24.918+0000] {dagbag.py:545} INFO - Filling up the DagBag from /home/airflow/.local/lib/python3.12/site-packages/airflow/example_dags/example_external_task_marker_dag.py
[2024-10-22T14:52:24.923+0000] {processor.py:840} INFO - DAG(s) 'example_external_task_marker_parent', 'example_external_task_marker_child' retrieved from /home/airflow/.local/lib/python3.12/site-packages/airflow/example_dags/example_external_task_marker_dag.py
[2024-10-22T14:52:24.940+0000] {logging_mixin.py:188} INFO - [2024-10-22T14:52:24.940+0000] {dag.py:3089} INFO - Sync 2 DAGs
[2024-10-22T14:52:24.949+0000] {logging_mixin.py:188} INFO - [2024-10-22T14:52:24.949+0000] {dag.py:3947} INFO - Setting next_dagrun for example_external_task_marker_child to None, run_after=None
[2024-10-22T14:52:24.951+0000] {logging_mixin.py:188} INFO - [2024-10-22T14:52:24.951+0000] {dag.py:3947} INFO - Setting next_dagrun for example_external_task_marker_parent to None, run_after=None
[2024-10-22T14:52:24.962+0000] {processor.py:183} INFO - Processing /home/airflow/.local/lib/python3.12/site-packages/airflow/example_dags/example_external_task_marker_dag.py took 0.050 seconds
[2024-10-22T14:52:55.265+0000] {processor.py:161} INFO - Started process (PID=5576) to work on /home/airflow/.local/lib/python3.12/site-packages/airflow/example_dags/example_external_task_marker_dag.py
[2024-10-22T14:52:55.266+0000] {processor.py:830} INFO - Processing file /home/airflow/.local/lib/python3.12/site-packages/airflow/example_dags/example_external_task_marker_dag.py for tasks to queue
[2024-10-22T14:52:55.267+0000] {logging_mixin.py:188} INFO - [2024-10-22T14:52:55.267+0000] {dagbag.py:545} INFO - Filling up the DagBag from /home/airflow/.local/lib/python3.12/site-packages/airflow/example_dags/example_external_task_marker_dag.py
[2024-10-22T14:52:55.271+0000] {processor.py:840} INFO - DAG(s) 'example_external_task_marker_child', 'example_external_task_marker_parent' retrieved from /home/airflow/.local/lib/python3.12/site-packages/airflow/example_dags/example_external_task_marker_dag.py
[2024-10-22T14:52:55.287+0000] {logging_mixin.py:188} INFO - [2024-10-22T14:52:55.287+0000] {dag.py:3089} INFO - Sync 2 DAGs
[2024-10-22T14:52:55.297+0000] {logging_mixin.py:188} INFO - [2024-10-22T14:52:55.297+0000] {dag.py:3947} INFO - Setting next_dagrun for example_external_task_marker_child to None, run_after=None
[2024-10-22T14:52:55.300+0000] {logging_mixin.py:188} INFO - [2024-10-22T14:52:55.299+0000] {dag.py:3947} INFO - Setting next_dagrun for example_external_task_marker_parent to None, run_after=None
[2024-10-22T14:52:55.312+0000] {processor.py:183} INFO - Processing /home/airflow/.local/lib/python3.12/site-packages/airflow/example_dags/example_external_task_marker_dag.py took 0.051 seconds
[2024-10-22T14:53:25.557+0000] {processor.py:161} INFO - Started process (PID=5842) to work on /home/airflow/.local/lib/python3.12/site-packages/airflow/example_dags/example_external_task_marker_dag.py
[2024-10-22T14:53:25.557+0000] {processor.py:830} INFO - Processing file /home/airflow/.local/lib/python3.12/site-packages/airflow/example_dags/example_external_task_marker_dag.py for tasks to queue
[2024-10-22T14:53:25.559+0000] {logging_mixin.py:188} INFO - [2024-10-22T14:53:25.558+0000] {dagbag.py:545} INFO - Filling up the DagBag from /home/airflow/.local/lib/python3.12/site-packages/airflow/example_dags/example_external_task_marker_dag.py
[2024-10-22T14:53:25.563+0000] {processor.py:840} INFO - DAG(s) 'example_external_task_marker_child', 'example_external_task_marker_parent' retrieved from /home/airflow/.local/lib/python3.12/site-packages/airflow/example_dags/example_external_task_marker_dag.py
[2024-10-22T14:53:25.578+0000] {logging_mixin.py:188} INFO - [2024-10-22T14:53:25.578+0000] {dag.py:3089} INFO - Sync 2 DAGs
[2024-10-22T14:53:25.587+0000] {logging_mixin.py:188} INFO - [2024-10-22T14:53:25.587+0000] {dag.py:3947} INFO - Setting next_dagrun for example_external_task_marker_child to None, run_after=None
[2024-10-22T14:53:25.590+0000] {logging_mixin.py:188} INFO - [2024-10-22T14:53:25.590+0000] {dag.py:3947} INFO - Setting next_dagrun for example_external_task_marker_parent to None, run_after=None
[2024-10-22T14:53:25.601+0000] {processor.py:183} INFO - Processing /home/airflow/.local/lib/python3.12/site-packages/airflow/example_dags/example_external_task_marker_dag.py took 0.048 seconds
[2024-10-22T14:53:55.970+0000] {processor.py:161} INFO - Started process (PID=6108) to work on /home/airflow/.local/lib/python3.12/site-packages/airflow/example_dags/example_external_task_marker_dag.py
[2024-10-22T14:53:55.971+0000] {processor.py:830} INFO - Processing file /home/airflow/.local/lib/python3.12/site-packages/airflow/example_dags/example_external_task_marker_dag.py for tasks to queue
[2024-10-22T14:53:55.972+0000] {logging_mixin.py:188} INFO - [2024-10-22T14:53:55.972+0000] {dagbag.py:545} INFO - Filling up the DagBag from /home/airflow/.local/lib/python3.12/site-packages/airflow/example_dags/example_external_task_marker_dag.py
[2024-10-22T14:53:55.976+0000] {processor.py:840} INFO - DAG(s) 'example_external_task_marker_parent', 'example_external_task_marker_child' retrieved from /home/airflow/.local/lib/python3.12/site-packages/airflow/example_dags/example_external_task_marker_dag.py
[2024-10-22T14:53:55.994+0000] {logging_mixin.py:188} INFO - [2024-10-22T14:53:55.993+0000] {dag.py:3089} INFO - Sync 2 DAGs
[2024-10-22T14:53:56.004+0000] {logging_mixin.py:188} INFO - [2024-10-22T14:53:56.004+0000] {dag.py:3947} INFO - Setting next_dagrun for example_external_task_marker_child to None, run_after=None
[2024-10-22T14:53:56.007+0000] {logging_mixin.py:188} INFO - [2024-10-22T14:53:56.006+0000] {dag.py:3947} INFO - Setting next_dagrun for example_external_task_marker_parent to None, run_after=None
[2024-10-22T14:53:56.019+0000] {processor.py:183} INFO - Processing /home/airflow/.local/lib/python3.12/site-packages/airflow/example_dags/example_external_task_marker_dag.py took 0.054 seconds
[2024-10-22T14:54:26.337+0000] {processor.py:161} INFO - Started process (PID=6376) to work on /home/airflow/.local/lib/python3.12/site-packages/airflow/example_dags/example_external_task_marker_dag.py
[2024-10-22T14:54:26.337+0000] {processor.py:830} INFO - Processing file /home/airflow/.local/lib/python3.12/site-packages/airflow/example_dags/example_external_task_marker_dag.py for tasks to queue
[2024-10-22T14:54:26.339+0000] {logging_mixin.py:188} INFO - [2024-10-22T14:54:26.338+0000] {dagbag.py:545} INFO - Filling up the DagBag from /home/airflow/.local/lib/python3.12/site-packages/airflow/example_dags/example_external_task_marker_dag.py
[2024-10-22T14:54:26.343+0000] {processor.py:840} INFO - DAG(s) 'example_external_task_marker_parent', 'example_external_task_marker_child' retrieved from /home/airflow/.local/lib/python3.12/site-packages/airflow/example_dags/example_external_task_marker_dag.py
[2024-10-22T14:54:26.358+0000] {logging_mixin.py:188} INFO - [2024-10-22T14:54:26.358+0000] {dag.py:3089} INFO - Sync 2 DAGs
[2024-10-22T14:54:26.367+0000] {logging_mixin.py:188} INFO - [2024-10-22T14:54:26.367+0000] {dag.py:3947} INFO - Setting next_dagrun for example_external_task_marker_child to None, run_after=None
[2024-10-22T14:54:26.370+0000] {logging_mixin.py:188} INFO - [2024-10-22T14:54:26.370+0000] {dag.py:3947} INFO - Setting next_dagrun for example_external_task_marker_parent to None, run_after=None
[2024-10-22T14:54:26.380+0000] {processor.py:183} INFO - Processing /home/airflow/.local/lib/python3.12/site-packages/airflow/example_dags/example_external_task_marker_dag.py took 0.048 seconds
[2024-10-22T14:54:56.973+0000] {processor.py:161} INFO - Started process (PID=6644) to work on /home/airflow/.local/lib/python3.12/site-packages/airflow/example_dags/example_external_task_marker_dag.py
[2024-10-22T14:54:56.974+0000] {processor.py:830} INFO - Processing file /home/airflow/.local/lib/python3.12/site-packages/airflow/example_dags/example_external_task_marker_dag.py for tasks to queue
[2024-10-22T14:54:56.975+0000] {logging_mixin.py:188} INFO - [2024-10-22T14:54:56.975+0000] {dagbag.py:545} INFO - Filling up the DagBag from /home/airflow/.local/lib/python3.12/site-packages/airflow/example_dags/example_external_task_marker_dag.py
[2024-10-22T14:54:56.980+0000] {processor.py:840} INFO - DAG(s) 'example_external_task_marker_child', 'example_external_task_marker_parent' retrieved from /home/airflow/.local/lib/python3.12/site-packages/airflow/example_dags/example_external_task_marker_dag.py
[2024-10-22T14:54:56.996+0000] {logging_mixin.py:188} INFO - [2024-10-22T14:54:56.995+0000] {dag.py:3089} INFO - Sync 2 DAGs
[2024-10-22T14:54:57.005+0000] {logging_mixin.py:188} INFO - [2024-10-22T14:54:57.005+0000] {dag.py:3947} INFO - Setting next_dagrun for example_external_task_marker_child to None, run_after=None
[2024-10-22T14:54:57.007+0000] {logging_mixin.py:188} INFO - [2024-10-22T14:54:57.007+0000] {dag.py:3947} INFO - Setting next_dagrun for example_external_task_marker_parent to None, run_after=None
[2024-10-22T14:54:57.018+0000] {processor.py:183} INFO - Processing /home/airflow/.local/lib/python3.12/site-packages/airflow/example_dags/example_external_task_marker_dag.py took 0.050 seconds
[2024-10-22T14:55:27.865+0000] {processor.py:161} INFO - Started process (PID=6914) to work on /home/airflow/.local/lib/python3.12/site-packages/airflow/example_dags/example_external_task_marker_dag.py
[2024-10-22T14:55:27.866+0000] {processor.py:830} INFO - Processing file /home/airflow/.local/lib/python3.12/site-packages/airflow/example_dags/example_external_task_marker_dag.py for tasks to queue
[2024-10-22T14:55:27.867+0000] {logging_mixin.py:188} INFO - [2024-10-22T14:55:27.867+0000] {dagbag.py:545} INFO - Filling up the DagBag from /home/airflow/.local/lib/python3.12/site-packages/airflow/example_dags/example_external_task_marker_dag.py
[2024-10-22T14:55:27.871+0000] {processor.py:840} INFO - DAG(s) 'example_external_task_marker_parent', 'example_external_task_marker_child' retrieved from /home/airflow/.local/lib/python3.12/site-packages/airflow/example_dags/example_external_task_marker_dag.py
[2024-10-22T14:55:27.888+0000] {logging_mixin.py:188} INFO - [2024-10-22T14:55:27.888+0000] {dag.py:3089} INFO - Sync 2 DAGs
[2024-10-22T14:55:27.897+0000] {logging_mixin.py:188} INFO - [2024-10-22T14:55:27.897+0000] {dag.py:3947} INFO - Setting next_dagrun for example_external_task_marker_child to None, run_after=None
[2024-10-22T14:55:27.900+0000] {logging_mixin.py:188} INFO - [2024-10-22T14:55:27.899+0000] {dag.py:3947} INFO - Setting next_dagrun for example_external_task_marker_parent to None, run_after=None
[2024-10-22T14:55:27.914+0000] {processor.py:183} INFO - Processing /home/airflow/.local/lib/python3.12/site-packages/airflow/example_dags/example_external_task_marker_dag.py took 0.053 seconds
[2024-10-22T14:55:58.193+0000] {processor.py:161} INFO - Started process (PID=7181) to work on /home/airflow/.local/lib/python3.12/site-packages/airflow/example_dags/example_external_task_marker_dag.py
[2024-10-22T14:55:58.194+0000] {processor.py:830} INFO - Processing file /home/airflow/.local/lib/python3.12/site-packages/airflow/example_dags/example_external_task_marker_dag.py for tasks to queue
[2024-10-22T14:55:58.195+0000] {logging_mixin.py:188} INFO - [2024-10-22T14:55:58.195+0000] {dagbag.py:545} INFO - Filling up the DagBag from /home/airflow/.local/lib/python3.12/site-packages/airflow/example_dags/example_external_task_marker_dag.py
[2024-10-22T14:55:58.200+0000] {processor.py:840} INFO - DAG(s) 'example_external_task_marker_parent', 'example_external_task_marker_child' retrieved from /home/airflow/.local/lib/python3.12/site-packages/airflow/example_dags/example_external_task_marker_dag.py
[2024-10-22T14:55:58.218+0000] {logging_mixin.py:188} INFO - [2024-10-22T14:55:58.218+0000] {dag.py:3089} INFO - Sync 2 DAGs
[2024-10-22T14:55:58.227+0000] {logging_mixin.py:188} INFO - [2024-10-22T14:55:58.227+0000] {dag.py:3947} INFO - Setting next_dagrun for example_external_task_marker_child to None, run_after=None
[2024-10-22T14:55:58.230+0000] {logging_mixin.py:188} INFO - [2024-10-22T14:55:58.230+0000] {dag.py:3947} INFO - Setting next_dagrun for example_external_task_marker_parent to None, run_after=None
[2024-10-22T14:55:58.242+0000] {processor.py:183} INFO - Processing /home/airflow/.local/lib/python3.12/site-packages/airflow/example_dags/example_external_task_marker_dag.py took 0.053 seconds
[2024-10-22T14:56:29.019+0000] {processor.py:161} INFO - Started process (PID=7448) to work on /home/airflow/.local/lib/python3.12/site-packages/airflow/example_dags/example_external_task_marker_dag.py
[2024-10-22T14:56:29.020+0000] {processor.py:830} INFO - Processing file /home/airflow/.local/lib/python3.12/site-packages/airflow/example_dags/example_external_task_marker_dag.py for tasks to queue
[2024-10-22T14:56:29.021+0000] {logging_mixin.py:188} INFO - [2024-10-22T14:56:29.021+0000] {dagbag.py:545} INFO - Filling up the DagBag from /home/airflow/.local/lib/python3.12/site-packages/airflow/example_dags/example_external_task_marker_dag.py
[2024-10-22T14:56:29.025+0000] {processor.py:840} INFO - DAG(s) 'example_external_task_marker_child', 'example_external_task_marker_parent' retrieved from /home/airflow/.local/lib/python3.12/site-packages/airflow/example_dags/example_external_task_marker_dag.py
[2024-10-22T14:56:29.042+0000] {logging_mixin.py:188} INFO - [2024-10-22T14:56:29.042+0000] {dag.py:3089} INFO - Sync 2 DAGs
[2024-10-22T14:56:29.050+0000] {logging_mixin.py:188} INFO - [2024-10-22T14:56:29.050+0000] {dag.py:3947} INFO - Setting next_dagrun for example_external_task_marker_child to None, run_after=None
[2024-10-22T14:56:29.053+0000] {logging_mixin.py:188} INFO - [2024-10-22T14:56:29.053+0000] {dag.py:3947} INFO - Setting next_dagrun for example_external_task_marker_parent to None, run_after=None
[2024-10-22T14:56:29.064+0000] {processor.py:183} INFO - Processing /home/airflow/.local/lib/python3.12/site-packages/airflow/example_dags/example_external_task_marker_dag.py took 0.049 seconds
[2024-10-22T14:56:59.217+0000] {processor.py:161} INFO - Started process (PID=7713) to work on /home/airflow/.local/lib/python3.12/site-packages/airflow/example_dags/example_external_task_marker_dag.py
[2024-10-22T14:56:59.218+0000] {processor.py:830} INFO - Processing file /home/airflow/.local/lib/python3.12/site-packages/airflow/example_dags/example_external_task_marker_dag.py for tasks to queue
[2024-10-22T14:56:59.219+0000] {logging_mixin.py:188} INFO - [2024-10-22T14:56:59.219+0000] {dagbag.py:545} INFO - Filling up the DagBag from /home/airflow/.local/lib/python3.12/site-packages/airflow/example_dags/example_external_task_marker_dag.py
[2024-10-22T14:56:59.224+0000] {processor.py:840} INFO - DAG(s) 'example_external_task_marker_child', 'example_external_task_marker_parent' retrieved from /home/airflow/.local/lib/python3.12/site-packages/airflow/example_dags/example_external_task_marker_dag.py
[2024-10-22T14:56:59.240+0000] {logging_mixin.py:188} INFO - [2024-10-22T14:56:59.240+0000] {dag.py:3089} INFO - Sync 2 DAGs
[2024-10-22T14:56:59.249+0000] {logging_mixin.py:188} INFO - [2024-10-22T14:56:59.249+0000] {dag.py:3947} INFO - Setting next_dagrun for example_external_task_marker_child to None, run_after=None
[2024-10-22T14:56:59.251+0000] {logging_mixin.py:188} INFO - [2024-10-22T14:56:59.251+0000] {dag.py:3947} INFO - Setting next_dagrun for example_external_task_marker_parent to None, run_after=None
[2024-10-22T14:56:59.264+0000] {processor.py:183} INFO - Processing /home/airflow/.local/lib/python3.12/site-packages/airflow/example_dags/example_external_task_marker_dag.py took 0.053 seconds
[2024-10-22T14:57:30.180+0000] {processor.py:161} INFO - Started process (PID=7982) to work on /home/airflow/.local/lib/python3.12/site-packages/airflow/example_dags/example_external_task_marker_dag.py
[2024-10-22T14:57:30.181+0000] {processor.py:830} INFO - Processing file /home/airflow/.local/lib/python3.12/site-packages/airflow/example_dags/example_external_task_marker_dag.py for tasks to queue
[2024-10-22T14:57:30.182+0000] {logging_mixin.py:188} INFO - [2024-10-22T14:57:30.182+0000] {dagbag.py:545} INFO - Filling up the DagBag from /home/airflow/.local/lib/python3.12/site-packages/airflow/example_dags/example_external_task_marker_dag.py
[2024-10-22T14:57:30.187+0000] {processor.py:840} INFO - DAG(s) 'example_external_task_marker_child', 'example_external_task_marker_parent' retrieved from /home/airflow/.local/lib/python3.12/site-packages/airflow/example_dags/example_external_task_marker_dag.py
[2024-10-22T14:57:30.316+0000] {logging_mixin.py:188} INFO - [2024-10-22T14:57:30.316+0000] {dag.py:3089} INFO - Sync 2 DAGs
[2024-10-22T14:57:30.324+0000] {logging_mixin.py:188} INFO - [2024-10-22T14:57:30.324+0000] {dag.py:3947} INFO - Setting next_dagrun for example_external_task_marker_child to None, run_after=None
[2024-10-22T14:57:30.327+0000] {logging_mixin.py:188} INFO - [2024-10-22T14:57:30.327+0000] {dag.py:3947} INFO - Setting next_dagrun for example_external_task_marker_parent to None, run_after=None
[2024-10-22T14:57:30.338+0000] {processor.py:183} INFO - Processing /home/airflow/.local/lib/python3.12/site-packages/airflow/example_dags/example_external_task_marker_dag.py took 0.162 seconds
