[2024-10-22T14:00:11.926+0000] {processor.py:161} INFO - Started process (PID=200) to work on /home/airflow/.local/lib/python3.12/site-packages/airflow/example_dags/example_branch_operator_decorator.py
[2024-10-22T14:00:11.927+0000] {processor.py:830} INFO - Processing file /home/airflow/.local/lib/python3.12/site-packages/airflow/example_dags/example_branch_operator_decorator.py for tasks to queue
[2024-10-22T14:00:11.928+0000] {logging_mixin.py:188} INFO - [2024-10-22T14:00:11.928+0000] {dagbag.py:545} INFO - Filling up the DagBag from /home/airflow/.local/lib/python3.12/site-packages/airflow/example_dags/example_branch_operator_decorator.py
[2024-10-22T14:00:11.954+0000] {processor.py:840} INFO - DAG(s) 'example_branch_python_operator_decorator' retrieved from /home/airflow/.local/lib/python3.12/site-packages/airflow/example_dags/example_branch_operator_decorator.py
[2024-10-22T14:00:12.106+0000] {logging_mixin.py:188} INFO - [2024-10-22T14:00:12.105+0000] {override.py:1858} INFO - Created Permission View: can delete on DAG:example_branch_python_operator_decorator
[2024-10-22T14:00:12.113+0000] {logging_mixin.py:188} INFO - [2024-10-22T14:00:12.113+0000] {override.py:1858} INFO - Created Permission View: can edit on DAG:example_branch_python_operator_decorator
[2024-10-22T14:00:12.118+0000] {logging_mixin.py:188} INFO - [2024-10-22T14:00:12.118+0000] {override.py:1858} INFO - Created Permission View: can read on DAG:example_branch_python_operator_decorator
[2024-10-22T14:00:12.119+0000] {logging_mixin.py:188} INFO - [2024-10-22T14:00:12.119+0000] {dag.py:3089} INFO - Sync 1 DAGs
[2024-10-22T14:00:12.126+0000] {logging_mixin.py:188} INFO - [2024-10-22T14:00:12.126+0000] {dag.py:3111} INFO - Creating ORM DAG for example_branch_python_operator_decorator
[2024-10-22T14:00:12.134+0000] {logging_mixin.py:188} INFO - [2024-10-22T14:00:12.134+0000] {dag.py:3947} INFO - Setting next_dagrun for example_branch_python_operator_decorator to 2024-10-21 00:00:00+00:00, run_after=2024-10-22 00:00:00+00:00
[2024-10-22T14:00:12.149+0000] {processor.py:183} INFO - Processing /home/airflow/.local/lib/python3.12/site-packages/airflow/example_dags/example_branch_operator_decorator.py took 0.228 seconds
[2024-10-22T14:00:42.326+0000] {processor.py:161} INFO - Started process (PID=467) to work on /home/airflow/.local/lib/python3.12/site-packages/airflow/example_dags/example_branch_operator_decorator.py
[2024-10-22T14:00:42.327+0000] {processor.py:830} INFO - Processing file /home/airflow/.local/lib/python3.12/site-packages/airflow/example_dags/example_branch_operator_decorator.py for tasks to queue
[2024-10-22T14:00:42.328+0000] {logging_mixin.py:188} INFO - [2024-10-22T14:00:42.328+0000] {dagbag.py:545} INFO - Filling up the DagBag from /home/airflow/.local/lib/python3.12/site-packages/airflow/example_dags/example_branch_operator_decorator.py
[2024-10-22T14:00:42.342+0000] {processor.py:840} INFO - DAG(s) 'example_branch_python_operator_decorator' retrieved from /home/airflow/.local/lib/python3.12/site-packages/airflow/example_dags/example_branch_operator_decorator.py
[2024-10-22T14:00:42.361+0000] {logging_mixin.py:188} INFO - [2024-10-22T14:00:42.361+0000] {dag.py:3089} INFO - Sync 1 DAGs
[2024-10-22T14:00:42.375+0000] {logging_mixin.py:188} INFO - [2024-10-22T14:00:42.375+0000] {dag.py:3947} INFO - Setting next_dagrun for example_branch_python_operator_decorator to 2024-10-21 00:00:00+00:00, run_after=2024-10-22 00:00:00+00:00
[2024-10-22T14:00:42.388+0000] {processor.py:183} INFO - Processing /home/airflow/.local/lib/python3.12/site-packages/airflow/example_dags/example_branch_operator_decorator.py took 0.066 seconds
[2024-10-22T14:01:12.547+0000] {processor.py:161} INFO - Started process (PID=734) to work on /home/airflow/.local/lib/python3.12/site-packages/airflow/example_dags/example_branch_operator_decorator.py
[2024-10-22T14:01:12.548+0000] {processor.py:830} INFO - Processing file /home/airflow/.local/lib/python3.12/site-packages/airflow/example_dags/example_branch_operator_decorator.py for tasks to queue
[2024-10-22T14:01:12.550+0000] {logging_mixin.py:188} INFO - [2024-10-22T14:01:12.549+0000] {dagbag.py:545} INFO - Filling up the DagBag from /home/airflow/.local/lib/python3.12/site-packages/airflow/example_dags/example_branch_operator_decorator.py
[2024-10-22T14:01:12.564+0000] {processor.py:840} INFO - DAG(s) 'example_branch_python_operator_decorator' retrieved from /home/airflow/.local/lib/python3.12/site-packages/airflow/example_dags/example_branch_operator_decorator.py
[2024-10-22T14:01:12.585+0000] {logging_mixin.py:188} INFO - [2024-10-22T14:01:12.585+0000] {dag.py:3089} INFO - Sync 1 DAGs
[2024-10-22T14:01:12.601+0000] {logging_mixin.py:188} INFO - [2024-10-22T14:01:12.601+0000] {dag.py:3947} INFO - Setting next_dagrun for example_branch_python_operator_decorator to 2024-10-21 00:00:00+00:00, run_after=2024-10-22 00:00:00+00:00
[2024-10-22T14:01:12.613+0000] {processor.py:183} INFO - Processing /home/airflow/.local/lib/python3.12/site-packages/airflow/example_dags/example_branch_operator_decorator.py took 0.070 seconds
[2024-10-22T14:01:42.785+0000] {processor.py:161} INFO - Started process (PID=1001) to work on /home/airflow/.local/lib/python3.12/site-packages/airflow/example_dags/example_branch_operator_decorator.py
[2024-10-22T14:01:42.786+0000] {processor.py:830} INFO - Processing file /home/airflow/.local/lib/python3.12/site-packages/airflow/example_dags/example_branch_operator_decorator.py for tasks to queue
[2024-10-22T14:01:42.787+0000] {logging_mixin.py:188} INFO - [2024-10-22T14:01:42.787+0000] {dagbag.py:545} INFO - Filling up the DagBag from /home/airflow/.local/lib/python3.12/site-packages/airflow/example_dags/example_branch_operator_decorator.py
[2024-10-22T14:01:42.801+0000] {processor.py:840} INFO - DAG(s) 'example_branch_python_operator_decorator' retrieved from /home/airflow/.local/lib/python3.12/site-packages/airflow/example_dags/example_branch_operator_decorator.py
[2024-10-22T14:01:42.820+0000] {logging_mixin.py:188} INFO - [2024-10-22T14:01:42.820+0000] {dag.py:3089} INFO - Sync 1 DAGs
[2024-10-22T14:01:42.835+0000] {logging_mixin.py:188} INFO - [2024-10-22T14:01:42.835+0000] {dag.py:3947} INFO - Setting next_dagrun for example_branch_python_operator_decorator to 2024-10-21 00:00:00+00:00, run_after=2024-10-22 00:00:00+00:00
[2024-10-22T14:01:42.848+0000] {processor.py:183} INFO - Processing /home/airflow/.local/lib/python3.12/site-packages/airflow/example_dags/example_branch_operator_decorator.py took 0.067 seconds
[2024-10-22T14:02:13.109+0000] {processor.py:161} INFO - Started process (PID=1268) to work on /home/airflow/.local/lib/python3.12/site-packages/airflow/example_dags/example_branch_operator_decorator.py
[2024-10-22T14:02:13.110+0000] {processor.py:830} INFO - Processing file /home/airflow/.local/lib/python3.12/site-packages/airflow/example_dags/example_branch_operator_decorator.py for tasks to queue
[2024-10-22T14:02:13.111+0000] {logging_mixin.py:188} INFO - [2024-10-22T14:02:13.111+0000] {dagbag.py:545} INFO - Filling up the DagBag from /home/airflow/.local/lib/python3.12/site-packages/airflow/example_dags/example_branch_operator_decorator.py
[2024-10-22T14:02:13.125+0000] {processor.py:840} INFO - DAG(s) 'example_branch_python_operator_decorator' retrieved from /home/airflow/.local/lib/python3.12/site-packages/airflow/example_dags/example_branch_operator_decorator.py
[2024-10-22T14:02:13.146+0000] {logging_mixin.py:188} INFO - [2024-10-22T14:02:13.146+0000] {dag.py:3089} INFO - Sync 1 DAGs
[2024-10-22T14:02:13.162+0000] {logging_mixin.py:188} INFO - [2024-10-22T14:02:13.162+0000] {dag.py:3947} INFO - Setting next_dagrun for example_branch_python_operator_decorator to 2024-10-21 00:00:00+00:00, run_after=2024-10-22 00:00:00+00:00
[2024-10-22T14:02:13.178+0000] {processor.py:183} INFO - Processing /home/airflow/.local/lib/python3.12/site-packages/airflow/example_dags/example_branch_operator_decorator.py took 0.073 seconds
[2024-10-22T14:02:43.530+0000] {processor.py:161} INFO - Started process (PID=1535) to work on /home/airflow/.local/lib/python3.12/site-packages/airflow/example_dags/example_branch_operator_decorator.py
[2024-10-22T14:02:43.531+0000] {processor.py:830} INFO - Processing file /home/airflow/.local/lib/python3.12/site-packages/airflow/example_dags/example_branch_operator_decorator.py for tasks to queue
[2024-10-22T14:02:43.532+0000] {logging_mixin.py:188} INFO - [2024-10-22T14:02:43.532+0000] {dagbag.py:545} INFO - Filling up the DagBag from /home/airflow/.local/lib/python3.12/site-packages/airflow/example_dags/example_branch_operator_decorator.py
[2024-10-22T14:02:43.546+0000] {processor.py:840} INFO - DAG(s) 'example_branch_python_operator_decorator' retrieved from /home/airflow/.local/lib/python3.12/site-packages/airflow/example_dags/example_branch_operator_decorator.py
[2024-10-22T14:02:43.564+0000] {logging_mixin.py:188} INFO - [2024-10-22T14:02:43.564+0000] {dag.py:3089} INFO - Sync 1 DAGs
[2024-10-22T14:02:43.579+0000] {logging_mixin.py:188} INFO - [2024-10-22T14:02:43.579+0000] {dag.py:3947} INFO - Setting next_dagrun for example_branch_python_operator_decorator to 2024-10-21 00:00:00+00:00, run_after=2024-10-22 00:00:00+00:00
[2024-10-22T14:02:43.593+0000] {processor.py:183} INFO - Processing /home/airflow/.local/lib/python3.12/site-packages/airflow/example_dags/example_branch_operator_decorator.py took 0.066 seconds
[2024-10-22T14:03:13.781+0000] {processor.py:161} INFO - Started process (PID=1802) to work on /home/airflow/.local/lib/python3.12/site-packages/airflow/example_dags/example_branch_operator_decorator.py
[2024-10-22T14:03:13.782+0000] {processor.py:830} INFO - Processing file /home/airflow/.local/lib/python3.12/site-packages/airflow/example_dags/example_branch_operator_decorator.py for tasks to queue
[2024-10-22T14:03:13.783+0000] {logging_mixin.py:188} INFO - [2024-10-22T14:03:13.783+0000] {dagbag.py:545} INFO - Filling up the DagBag from /home/airflow/.local/lib/python3.12/site-packages/airflow/example_dags/example_branch_operator_decorator.py
[2024-10-22T14:03:13.796+0000] {processor.py:840} INFO - DAG(s) 'example_branch_python_operator_decorator' retrieved from /home/airflow/.local/lib/python3.12/site-packages/airflow/example_dags/example_branch_operator_decorator.py
[2024-10-22T14:03:13.815+0000] {logging_mixin.py:188} INFO - [2024-10-22T14:03:13.815+0000] {dag.py:3089} INFO - Sync 1 DAGs
[2024-10-22T14:03:13.830+0000] {logging_mixin.py:188} INFO - [2024-10-22T14:03:13.829+0000] {dag.py:3947} INFO - Setting next_dagrun for example_branch_python_operator_decorator to 2024-10-21 00:00:00+00:00, run_after=2024-10-22 00:00:00+00:00
[2024-10-22T14:03:13.842+0000] {processor.py:183} INFO - Processing /home/airflow/.local/lib/python3.12/site-packages/airflow/example_dags/example_branch_operator_decorator.py took 0.065 seconds
[2024-10-22T14:03:44.027+0000] {processor.py:161} INFO - Started process (PID=2069) to work on /home/airflow/.local/lib/python3.12/site-packages/airflow/example_dags/example_branch_operator_decorator.py
[2024-10-22T14:03:44.027+0000] {processor.py:830} INFO - Processing file /home/airflow/.local/lib/python3.12/site-packages/airflow/example_dags/example_branch_operator_decorator.py for tasks to queue
[2024-10-22T14:03:44.029+0000] {logging_mixin.py:188} INFO - [2024-10-22T14:03:44.029+0000] {dagbag.py:545} INFO - Filling up the DagBag from /home/airflow/.local/lib/python3.12/site-packages/airflow/example_dags/example_branch_operator_decorator.py
[2024-10-22T14:03:44.043+0000] {processor.py:840} INFO - DAG(s) 'example_branch_python_operator_decorator' retrieved from /home/airflow/.local/lib/python3.12/site-packages/airflow/example_dags/example_branch_operator_decorator.py
[2024-10-22T14:03:44.063+0000] {logging_mixin.py:188} INFO - [2024-10-22T14:03:44.063+0000] {dag.py:3089} INFO - Sync 1 DAGs
[2024-10-22T14:03:44.078+0000] {logging_mixin.py:188} INFO - [2024-10-22T14:03:44.078+0000] {dag.py:3947} INFO - Setting next_dagrun for example_branch_python_operator_decorator to 2024-10-21 00:00:00+00:00, run_after=2024-10-22 00:00:00+00:00
[2024-10-22T14:03:44.092+0000] {processor.py:183} INFO - Processing /home/airflow/.local/lib/python3.12/site-packages/airflow/example_dags/example_branch_operator_decorator.py took 0.069 seconds
[2024-10-22T14:34:24.770+0000] {processor.py:161} INFO - Started process (PID=196) to work on /home/airflow/.local/lib/python3.12/site-packages/airflow/example_dags/example_branch_operator_decorator.py
[2024-10-22T14:34:24.771+0000] {processor.py:830} INFO - Processing file /home/airflow/.local/lib/python3.12/site-packages/airflow/example_dags/example_branch_operator_decorator.py for tasks to queue
[2024-10-22T14:34:24.772+0000] {logging_mixin.py:188} INFO - [2024-10-22T14:34:24.772+0000] {dagbag.py:545} INFO - Filling up the DagBag from /home/airflow/.local/lib/python3.12/site-packages/airflow/example_dags/example_branch_operator_decorator.py
[2024-10-22T14:34:24.801+0000] {processor.py:840} INFO - DAG(s) 'example_branch_python_operator_decorator' retrieved from /home/airflow/.local/lib/python3.12/site-packages/airflow/example_dags/example_branch_operator_decorator.py
[2024-10-22T14:34:24.810+0000] {logging_mixin.py:188} INFO - [2024-10-22T14:34:24.810+0000] {dag.py:3089} INFO - Sync 1 DAGs
[2024-10-22T14:34:24.827+0000] {logging_mixin.py:188} INFO - [2024-10-22T14:34:24.827+0000] {dag.py:3947} INFO - Setting next_dagrun for example_branch_python_operator_decorator to 2024-10-21 00:00:00+00:00, run_after=2024-10-22 00:00:00+00:00
[2024-10-22T14:34:24.839+0000] {processor.py:183} INFO - Processing /home/airflow/.local/lib/python3.12/site-packages/airflow/example_dags/example_branch_operator_decorator.py took 0.073 seconds
[2024-10-22T14:34:55.232+0000] {processor.py:161} INFO - Started process (PID=461) to work on /home/airflow/.local/lib/python3.12/site-packages/airflow/example_dags/example_branch_operator_decorator.py
[2024-10-22T14:34:55.233+0000] {processor.py:830} INFO - Processing file /home/airflow/.local/lib/python3.12/site-packages/airflow/example_dags/example_branch_operator_decorator.py for tasks to queue
[2024-10-22T14:34:55.234+0000] {logging_mixin.py:188} INFO - [2024-10-22T14:34:55.234+0000] {dagbag.py:545} INFO - Filling up the DagBag from /home/airflow/.local/lib/python3.12/site-packages/airflow/example_dags/example_branch_operator_decorator.py
[2024-10-22T14:34:55.249+0000] {processor.py:840} INFO - DAG(s) 'example_branch_python_operator_decorator' retrieved from /home/airflow/.local/lib/python3.12/site-packages/airflow/example_dags/example_branch_operator_decorator.py
[2024-10-22T14:34:55.326+0000] {logging_mixin.py:188} INFO - [2024-10-22T14:34:55.325+0000] {dag.py:3089} INFO - Sync 1 DAGs
[2024-10-22T14:34:55.341+0000] {logging_mixin.py:188} INFO - [2024-10-22T14:34:55.341+0000] {dag.py:3947} INFO - Setting next_dagrun for example_branch_python_operator_decorator to 2024-10-21 00:00:00+00:00, run_after=2024-10-22 00:00:00+00:00
[2024-10-22T14:34:55.355+0000] {processor.py:183} INFO - Processing /home/airflow/.local/lib/python3.12/site-packages/airflow/example_dags/example_branch_operator_decorator.py took 0.126 seconds
[2024-10-22T14:35:26.308+0000] {processor.py:161} INFO - Started process (PID=734) to work on /home/airflow/.local/lib/python3.12/site-packages/airflow/example_dags/example_branch_operator_decorator.py
[2024-10-22T14:35:26.308+0000] {processor.py:830} INFO - Processing file /home/airflow/.local/lib/python3.12/site-packages/airflow/example_dags/example_branch_operator_decorator.py for tasks to queue
[2024-10-22T14:35:26.310+0000] {logging_mixin.py:188} INFO - [2024-10-22T14:35:26.309+0000] {dagbag.py:545} INFO - Filling up the DagBag from /home/airflow/.local/lib/python3.12/site-packages/airflow/example_dags/example_branch_operator_decorator.py
[2024-10-22T14:35:26.323+0000] {processor.py:840} INFO - DAG(s) 'example_branch_python_operator_decorator' retrieved from /home/airflow/.local/lib/python3.12/site-packages/airflow/example_dags/example_branch_operator_decorator.py
[2024-10-22T14:35:26.341+0000] {logging_mixin.py:188} INFO - [2024-10-22T14:35:26.341+0000] {dag.py:3089} INFO - Sync 1 DAGs
[2024-10-22T14:35:26.356+0000] {logging_mixin.py:188} INFO - [2024-10-22T14:35:26.356+0000] {dag.py:3947} INFO - Setting next_dagrun for example_branch_python_operator_decorator to 2024-10-21 00:00:00+00:00, run_after=2024-10-22 00:00:00+00:00
[2024-10-22T14:35:26.369+0000] {processor.py:183} INFO - Processing /home/airflow/.local/lib/python3.12/site-packages/airflow/example_dags/example_branch_operator_decorator.py took 0.065 seconds
[2024-10-22T14:35:56.472+0000] {processor.py:161} INFO - Started process (PID=1001) to work on /home/airflow/.local/lib/python3.12/site-packages/airflow/example_dags/example_branch_operator_decorator.py
[2024-10-22T14:35:56.472+0000] {processor.py:830} INFO - Processing file /home/airflow/.local/lib/python3.12/site-packages/airflow/example_dags/example_branch_operator_decorator.py for tasks to queue
[2024-10-22T14:35:56.474+0000] {logging_mixin.py:188} INFO - [2024-10-22T14:35:56.473+0000] {dagbag.py:545} INFO - Filling up the DagBag from /home/airflow/.local/lib/python3.12/site-packages/airflow/example_dags/example_branch_operator_decorator.py
[2024-10-22T14:35:56.487+0000] {processor.py:840} INFO - DAG(s) 'example_branch_python_operator_decorator' retrieved from /home/airflow/.local/lib/python3.12/site-packages/airflow/example_dags/example_branch_operator_decorator.py
[2024-10-22T14:35:56.506+0000] {logging_mixin.py:188} INFO - [2024-10-22T14:35:56.506+0000] {dag.py:3089} INFO - Sync 1 DAGs
[2024-10-22T14:35:56.523+0000] {logging_mixin.py:188} INFO - [2024-10-22T14:35:56.522+0000] {dag.py:3947} INFO - Setting next_dagrun for example_branch_python_operator_decorator to 2024-10-21 00:00:00+00:00, run_after=2024-10-22 00:00:00+00:00
[2024-10-22T14:35:56.537+0000] {processor.py:183} INFO - Processing /home/airflow/.local/lib/python3.12/site-packages/airflow/example_dags/example_branch_operator_decorator.py took 0.069 seconds
[2024-10-22T14:36:26.786+0000] {processor.py:161} INFO - Started process (PID=1268) to work on /home/airflow/.local/lib/python3.12/site-packages/airflow/example_dags/example_branch_operator_decorator.py
[2024-10-22T14:36:26.787+0000] {processor.py:830} INFO - Processing file /home/airflow/.local/lib/python3.12/site-packages/airflow/example_dags/example_branch_operator_decorator.py for tasks to queue
[2024-10-22T14:36:26.788+0000] {logging_mixin.py:188} INFO - [2024-10-22T14:36:26.788+0000] {dagbag.py:545} INFO - Filling up the DagBag from /home/airflow/.local/lib/python3.12/site-packages/airflow/example_dags/example_branch_operator_decorator.py
[2024-10-22T14:36:26.804+0000] {processor.py:840} INFO - DAG(s) 'example_branch_python_operator_decorator' retrieved from /home/airflow/.local/lib/python3.12/site-packages/airflow/example_dags/example_branch_operator_decorator.py
[2024-10-22T14:36:26.823+0000] {logging_mixin.py:188} INFO - [2024-10-22T14:36:26.823+0000] {dag.py:3089} INFO - Sync 1 DAGs
[2024-10-22T14:36:26.841+0000] {logging_mixin.py:188} INFO - [2024-10-22T14:36:26.841+0000] {dag.py:3947} INFO - Setting next_dagrun for example_branch_python_operator_decorator to 2024-10-21 00:00:00+00:00, run_after=2024-10-22 00:00:00+00:00
[2024-10-22T14:36:26.857+0000] {processor.py:183} INFO - Processing /home/airflow/.local/lib/python3.12/site-packages/airflow/example_dags/example_branch_operator_decorator.py took 0.075 seconds
[2024-10-22T14:36:57.126+0000] {processor.py:161} INFO - Started process (PID=1535) to work on /home/airflow/.local/lib/python3.12/site-packages/airflow/example_dags/example_branch_operator_decorator.py
[2024-10-22T14:36:57.127+0000] {processor.py:830} INFO - Processing file /home/airflow/.local/lib/python3.12/site-packages/airflow/example_dags/example_branch_operator_decorator.py for tasks to queue
[2024-10-22T14:36:57.128+0000] {logging_mixin.py:188} INFO - [2024-10-22T14:36:57.128+0000] {dagbag.py:545} INFO - Filling up the DagBag from /home/airflow/.local/lib/python3.12/site-packages/airflow/example_dags/example_branch_operator_decorator.py
[2024-10-22T14:36:57.141+0000] {processor.py:840} INFO - DAG(s) 'example_branch_python_operator_decorator' retrieved from /home/airflow/.local/lib/python3.12/site-packages/airflow/example_dags/example_branch_operator_decorator.py
[2024-10-22T14:36:57.160+0000] {logging_mixin.py:188} INFO - [2024-10-22T14:36:57.160+0000] {dag.py:3089} INFO - Sync 1 DAGs
[2024-10-22T14:36:57.175+0000] {logging_mixin.py:188} INFO - [2024-10-22T14:36:57.175+0000] {dag.py:3947} INFO - Setting next_dagrun for example_branch_python_operator_decorator to 2024-10-21 00:00:00+00:00, run_after=2024-10-22 00:00:00+00:00
[2024-10-22T14:36:57.188+0000] {processor.py:183} INFO - Processing /home/airflow/.local/lib/python3.12/site-packages/airflow/example_dags/example_branch_operator_decorator.py took 0.065 seconds
[2024-10-22T14:37:27.345+0000] {processor.py:161} INFO - Started process (PID=1802) to work on /home/airflow/.local/lib/python3.12/site-packages/airflow/example_dags/example_branch_operator_decorator.py
[2024-10-22T14:37:27.346+0000] {processor.py:830} INFO - Processing file /home/airflow/.local/lib/python3.12/site-packages/airflow/example_dags/example_branch_operator_decorator.py for tasks to queue
[2024-10-22T14:37:27.347+0000] {logging_mixin.py:188} INFO - [2024-10-22T14:37:27.347+0000] {dagbag.py:545} INFO - Filling up the DagBag from /home/airflow/.local/lib/python3.12/site-packages/airflow/example_dags/example_branch_operator_decorator.py
[2024-10-22T14:37:27.361+0000] {processor.py:840} INFO - DAG(s) 'example_branch_python_operator_decorator' retrieved from /home/airflow/.local/lib/python3.12/site-packages/airflow/example_dags/example_branch_operator_decorator.py
[2024-10-22T14:37:27.390+0000] {logging_mixin.py:188} INFO - [2024-10-22T14:37:27.390+0000] {dag.py:3089} INFO - Sync 1 DAGs
[2024-10-22T14:37:27.412+0000] {logging_mixin.py:188} INFO - [2024-10-22T14:37:27.411+0000] {dag.py:3947} INFO - Setting next_dagrun for example_branch_python_operator_decorator to 2024-10-21 00:00:00+00:00, run_after=2024-10-22 00:00:00+00:00
[2024-10-22T14:37:27.430+0000] {processor.py:183} INFO - Processing /home/airflow/.local/lib/python3.12/site-packages/airflow/example_dags/example_branch_operator_decorator.py took 0.089 seconds
[2024-10-22T14:37:57.540+0000] {processor.py:161} INFO - Started process (PID=2069) to work on /home/airflow/.local/lib/python3.12/site-packages/airflow/example_dags/example_branch_operator_decorator.py
[2024-10-22T14:37:57.540+0000] {processor.py:830} INFO - Processing file /home/airflow/.local/lib/python3.12/site-packages/airflow/example_dags/example_branch_operator_decorator.py for tasks to queue
[2024-10-22T14:37:57.542+0000] {logging_mixin.py:188} INFO - [2024-10-22T14:37:57.542+0000] {dagbag.py:545} INFO - Filling up the DagBag from /home/airflow/.local/lib/python3.12/site-packages/airflow/example_dags/example_branch_operator_decorator.py
[2024-10-22T14:37:57.556+0000] {processor.py:840} INFO - DAG(s) 'example_branch_python_operator_decorator' retrieved from /home/airflow/.local/lib/python3.12/site-packages/airflow/example_dags/example_branch_operator_decorator.py
[2024-10-22T14:37:57.573+0000] {logging_mixin.py:188} INFO - [2024-10-22T14:37:57.573+0000] {dag.py:3089} INFO - Sync 1 DAGs
[2024-10-22T14:37:57.588+0000] {logging_mixin.py:188} INFO - [2024-10-22T14:37:57.588+0000] {dag.py:3947} INFO - Setting next_dagrun for example_branch_python_operator_decorator to 2024-10-21 00:00:00+00:00, run_after=2024-10-22 00:00:00+00:00
[2024-10-22T14:37:57.600+0000] {processor.py:183} INFO - Processing /home/airflow/.local/lib/python3.12/site-packages/airflow/example_dags/example_branch_operator_decorator.py took 0.064 seconds
[2024-10-22T14:38:27.658+0000] {processor.py:161} INFO - Started process (PID=2336) to work on /home/airflow/.local/lib/python3.12/site-packages/airflow/example_dags/example_branch_operator_decorator.py
[2024-10-22T14:38:27.659+0000] {processor.py:830} INFO - Processing file /home/airflow/.local/lib/python3.12/site-packages/airflow/example_dags/example_branch_operator_decorator.py for tasks to queue
[2024-10-22T14:38:27.660+0000] {logging_mixin.py:188} INFO - [2024-10-22T14:38:27.660+0000] {dagbag.py:545} INFO - Filling up the DagBag from /home/airflow/.local/lib/python3.12/site-packages/airflow/example_dags/example_branch_operator_decorator.py
[2024-10-22T14:38:27.674+0000] {processor.py:840} INFO - DAG(s) 'example_branch_python_operator_decorator' retrieved from /home/airflow/.local/lib/python3.12/site-packages/airflow/example_dags/example_branch_operator_decorator.py
[2024-10-22T14:38:27.696+0000] {logging_mixin.py:188} INFO - [2024-10-22T14:38:27.695+0000] {dag.py:3089} INFO - Sync 1 DAGs
[2024-10-22T14:38:27.713+0000] {logging_mixin.py:188} INFO - [2024-10-22T14:38:27.713+0000] {dag.py:3947} INFO - Setting next_dagrun for example_branch_python_operator_decorator to 2024-10-21 00:00:00+00:00, run_after=2024-10-22 00:00:00+00:00
[2024-10-22T14:38:27.727+0000] {processor.py:183} INFO - Processing /home/airflow/.local/lib/python3.12/site-packages/airflow/example_dags/example_branch_operator_decorator.py took 0.073 seconds
[2024-10-22T14:38:57.779+0000] {processor.py:161} INFO - Started process (PID=2603) to work on /home/airflow/.local/lib/python3.12/site-packages/airflow/example_dags/example_branch_operator_decorator.py
[2024-10-22T14:38:57.780+0000] {processor.py:830} INFO - Processing file /home/airflow/.local/lib/python3.12/site-packages/airflow/example_dags/example_branch_operator_decorator.py for tasks to queue
[2024-10-22T14:38:57.781+0000] {logging_mixin.py:188} INFO - [2024-10-22T14:38:57.781+0000] {dagbag.py:545} INFO - Filling up the DagBag from /home/airflow/.local/lib/python3.12/site-packages/airflow/example_dags/example_branch_operator_decorator.py
[2024-10-22T14:38:57.795+0000] {processor.py:840} INFO - DAG(s) 'example_branch_python_operator_decorator' retrieved from /home/airflow/.local/lib/python3.12/site-packages/airflow/example_dags/example_branch_operator_decorator.py
[2024-10-22T14:38:57.814+0000] {logging_mixin.py:188} INFO - [2024-10-22T14:38:57.814+0000] {dag.py:3089} INFO - Sync 1 DAGs
[2024-10-22T14:38:57.829+0000] {logging_mixin.py:188} INFO - [2024-10-22T14:38:57.829+0000] {dag.py:3947} INFO - Setting next_dagrun for example_branch_python_operator_decorator to 2024-10-21 00:00:00+00:00, run_after=2024-10-22 00:00:00+00:00
[2024-10-22T14:38:57.841+0000] {processor.py:183} INFO - Processing /home/airflow/.local/lib/python3.12/site-packages/airflow/example_dags/example_branch_operator_decorator.py took 0.066 seconds
[2024-10-22T14:39:28.356+0000] {processor.py:161} INFO - Started process (PID=2870) to work on /home/airflow/.local/lib/python3.12/site-packages/airflow/example_dags/example_branch_operator_decorator.py
[2024-10-22T14:39:28.356+0000] {processor.py:830} INFO - Processing file /home/airflow/.local/lib/python3.12/site-packages/airflow/example_dags/example_branch_operator_decorator.py for tasks to queue
[2024-10-22T14:39:28.358+0000] {logging_mixin.py:188} INFO - [2024-10-22T14:39:28.357+0000] {dagbag.py:545} INFO - Filling up the DagBag from /home/airflow/.local/lib/python3.12/site-packages/airflow/example_dags/example_branch_operator_decorator.py
[2024-10-22T14:39:28.370+0000] {processor.py:840} INFO - DAG(s) 'example_branch_python_operator_decorator' retrieved from /home/airflow/.local/lib/python3.12/site-packages/airflow/example_dags/example_branch_operator_decorator.py
[2024-10-22T14:39:28.389+0000] {logging_mixin.py:188} INFO - [2024-10-22T14:39:28.389+0000] {dag.py:3089} INFO - Sync 1 DAGs
[2024-10-22T14:39:28.403+0000] {logging_mixin.py:188} INFO - [2024-10-22T14:39:28.403+0000] {dag.py:3947} INFO - Setting next_dagrun for example_branch_python_operator_decorator to 2024-10-21 00:00:00+00:00, run_after=2024-10-22 00:00:00+00:00
[2024-10-22T14:39:28.415+0000] {processor.py:183} INFO - Processing /home/airflow/.local/lib/python3.12/site-packages/airflow/example_dags/example_branch_operator_decorator.py took 0.063 seconds
[2024-10-22T14:39:58.476+0000] {processor.py:161} INFO - Started process (PID=3137) to work on /home/airflow/.local/lib/python3.12/site-packages/airflow/example_dags/example_branch_operator_decorator.py
[2024-10-22T14:39:58.477+0000] {processor.py:830} INFO - Processing file /home/airflow/.local/lib/python3.12/site-packages/airflow/example_dags/example_branch_operator_decorator.py for tasks to queue
[2024-10-22T14:39:58.478+0000] {logging_mixin.py:188} INFO - [2024-10-22T14:39:58.478+0000] {dagbag.py:545} INFO - Filling up the DagBag from /home/airflow/.local/lib/python3.12/site-packages/airflow/example_dags/example_branch_operator_decorator.py
[2024-10-22T14:39:58.491+0000] {processor.py:840} INFO - DAG(s) 'example_branch_python_operator_decorator' retrieved from /home/airflow/.local/lib/python3.12/site-packages/airflow/example_dags/example_branch_operator_decorator.py
[2024-10-22T14:39:58.509+0000] {logging_mixin.py:188} INFO - [2024-10-22T14:39:58.509+0000] {dag.py:3089} INFO - Sync 1 DAGs
[2024-10-22T14:39:58.524+0000] {logging_mixin.py:188} INFO - [2024-10-22T14:39:58.524+0000] {dag.py:3947} INFO - Setting next_dagrun for example_branch_python_operator_decorator to 2024-10-21 00:00:00+00:00, run_after=2024-10-22 00:00:00+00:00
[2024-10-22T14:39:58.537+0000] {processor.py:183} INFO - Processing /home/airflow/.local/lib/python3.12/site-packages/airflow/example_dags/example_branch_operator_decorator.py took 0.065 seconds
[2024-10-22T14:40:28.748+0000] {processor.py:161} INFO - Started process (PID=3404) to work on /home/airflow/.local/lib/python3.12/site-packages/airflow/example_dags/example_branch_operator_decorator.py
[2024-10-22T14:40:28.748+0000] {processor.py:830} INFO - Processing file /home/airflow/.local/lib/python3.12/site-packages/airflow/example_dags/example_branch_operator_decorator.py for tasks to queue
[2024-10-22T14:40:28.750+0000] {logging_mixin.py:188} INFO - [2024-10-22T14:40:28.749+0000] {dagbag.py:545} INFO - Filling up the DagBag from /home/airflow/.local/lib/python3.12/site-packages/airflow/example_dags/example_branch_operator_decorator.py
[2024-10-22T14:40:28.762+0000] {processor.py:840} INFO - DAG(s) 'example_branch_python_operator_decorator' retrieved from /home/airflow/.local/lib/python3.12/site-packages/airflow/example_dags/example_branch_operator_decorator.py
[2024-10-22T14:40:28.780+0000] {logging_mixin.py:188} INFO - [2024-10-22T14:40:28.780+0000] {dag.py:3089} INFO - Sync 1 DAGs
[2024-10-22T14:40:28.794+0000] {logging_mixin.py:188} INFO - [2024-10-22T14:40:28.794+0000] {dag.py:3947} INFO - Setting next_dagrun for example_branch_python_operator_decorator to 2024-10-21 00:00:00+00:00, run_after=2024-10-22 00:00:00+00:00
[2024-10-22T14:40:28.807+0000] {processor.py:183} INFO - Processing /home/airflow/.local/lib/python3.12/site-packages/airflow/example_dags/example_branch_operator_decorator.py took 0.063 seconds
[2024-10-22T14:40:58.952+0000] {processor.py:161} INFO - Started process (PID=3671) to work on /home/airflow/.local/lib/python3.12/site-packages/airflow/example_dags/example_branch_operator_decorator.py
[2024-10-22T14:40:58.953+0000] {processor.py:830} INFO - Processing file /home/airflow/.local/lib/python3.12/site-packages/airflow/example_dags/example_branch_operator_decorator.py for tasks to queue
[2024-10-22T14:40:58.954+0000] {logging_mixin.py:188} INFO - [2024-10-22T14:40:58.954+0000] {dagbag.py:545} INFO - Filling up the DagBag from /home/airflow/.local/lib/python3.12/site-packages/airflow/example_dags/example_branch_operator_decorator.py
[2024-10-22T14:40:58.968+0000] {processor.py:840} INFO - DAG(s) 'example_branch_python_operator_decorator' retrieved from /home/airflow/.local/lib/python3.12/site-packages/airflow/example_dags/example_branch_operator_decorator.py
[2024-10-22T14:40:58.986+0000] {logging_mixin.py:188} INFO - [2024-10-22T14:40:58.985+0000] {dag.py:3089} INFO - Sync 1 DAGs
[2024-10-22T14:40:59.002+0000] {logging_mixin.py:188} INFO - [2024-10-22T14:40:59.001+0000] {dag.py:3947} INFO - Setting next_dagrun for example_branch_python_operator_decorator to 2024-10-21 00:00:00+00:00, run_after=2024-10-22 00:00:00+00:00
[2024-10-22T14:40:59.017+0000] {processor.py:183} INFO - Processing /home/airflow/.local/lib/python3.12/site-packages/airflow/example_dags/example_branch_operator_decorator.py took 0.068 seconds
[2024-10-22T14:41:29.066+0000] {processor.py:161} INFO - Started process (PID=3938) to work on /home/airflow/.local/lib/python3.12/site-packages/airflow/example_dags/example_branch_operator_decorator.py
[2024-10-22T14:41:29.067+0000] {processor.py:830} INFO - Processing file /home/airflow/.local/lib/python3.12/site-packages/airflow/example_dags/example_branch_operator_decorator.py for tasks to queue
[2024-10-22T14:41:29.068+0000] {logging_mixin.py:188} INFO - [2024-10-22T14:41:29.068+0000] {dagbag.py:545} INFO - Filling up the DagBag from /home/airflow/.local/lib/python3.12/site-packages/airflow/example_dags/example_branch_operator_decorator.py
[2024-10-22T14:41:29.081+0000] {processor.py:840} INFO - DAG(s) 'example_branch_python_operator_decorator' retrieved from /home/airflow/.local/lib/python3.12/site-packages/airflow/example_dags/example_branch_operator_decorator.py
[2024-10-22T14:41:29.100+0000] {logging_mixin.py:188} INFO - [2024-10-22T14:41:29.099+0000] {dag.py:3089} INFO - Sync 1 DAGs
[2024-10-22T14:41:29.113+0000] {logging_mixin.py:188} INFO - [2024-10-22T14:41:29.113+0000] {dag.py:3947} INFO - Setting next_dagrun for example_branch_python_operator_decorator to 2024-10-21 00:00:00+00:00, run_after=2024-10-22 00:00:00+00:00
[2024-10-22T14:41:29.124+0000] {processor.py:183} INFO - Processing /home/airflow/.local/lib/python3.12/site-packages/airflow/example_dags/example_branch_operator_decorator.py took 0.062 seconds
[2024-10-22T14:41:59.364+0000] {processor.py:161} INFO - Started process (PID=4205) to work on /home/airflow/.local/lib/python3.12/site-packages/airflow/example_dags/example_branch_operator_decorator.py
[2024-10-22T14:41:59.364+0000] {processor.py:830} INFO - Processing file /home/airflow/.local/lib/python3.12/site-packages/airflow/example_dags/example_branch_operator_decorator.py for tasks to queue
[2024-10-22T14:41:59.366+0000] {logging_mixin.py:188} INFO - [2024-10-22T14:41:59.365+0000] {dagbag.py:545} INFO - Filling up the DagBag from /home/airflow/.local/lib/python3.12/site-packages/airflow/example_dags/example_branch_operator_decorator.py
[2024-10-22T14:41:59.378+0000] {processor.py:840} INFO - DAG(s) 'example_branch_python_operator_decorator' retrieved from /home/airflow/.local/lib/python3.12/site-packages/airflow/example_dags/example_branch_operator_decorator.py
[2024-10-22T14:41:59.396+0000] {logging_mixin.py:188} INFO - [2024-10-22T14:41:59.396+0000] {dag.py:3089} INFO - Sync 1 DAGs
[2024-10-22T14:41:59.410+0000] {logging_mixin.py:188} INFO - [2024-10-22T14:41:59.410+0000] {dag.py:3947} INFO - Setting next_dagrun for example_branch_python_operator_decorator to 2024-10-21 00:00:00+00:00, run_after=2024-10-22 00:00:00+00:00
[2024-10-22T14:41:59.422+0000] {processor.py:183} INFO - Processing /home/airflow/.local/lib/python3.12/site-packages/airflow/example_dags/example_branch_operator_decorator.py took 0.063 seconds
[2024-10-22T14:42:47.228+0000] {processor.py:161} INFO - Started process (PID=194) to work on /home/airflow/.local/lib/python3.12/site-packages/airflow/example_dags/example_branch_operator_decorator.py
[2024-10-22T14:42:47.229+0000] {processor.py:830} INFO - Processing file /home/airflow/.local/lib/python3.12/site-packages/airflow/example_dags/example_branch_operator_decorator.py for tasks to queue
[2024-10-22T14:42:47.230+0000] {logging_mixin.py:188} INFO - [2024-10-22T14:42:47.230+0000] {dagbag.py:545} INFO - Filling up the DagBag from /home/airflow/.local/lib/python3.12/site-packages/airflow/example_dags/example_branch_operator_decorator.py
[2024-10-22T14:42:47.250+0000] {processor.py:840} INFO - DAG(s) 'example_branch_python_operator_decorator' retrieved from /home/airflow/.local/lib/python3.12/site-packages/airflow/example_dags/example_branch_operator_decorator.py
[2024-10-22T14:42:47.259+0000] {logging_mixin.py:188} INFO - [2024-10-22T14:42:47.259+0000] {dag.py:3089} INFO - Sync 1 DAGs
[2024-10-22T14:42:47.279+0000] {logging_mixin.py:188} INFO - [2024-10-22T14:42:47.278+0000] {dag.py:3947} INFO - Setting next_dagrun for example_branch_python_operator_decorator to 2024-10-21 00:00:00+00:00, run_after=2024-10-22 00:00:00+00:00
[2024-10-22T14:42:47.293+0000] {processor.py:183} INFO - Processing /home/airflow/.local/lib/python3.12/site-packages/airflow/example_dags/example_branch_operator_decorator.py took 0.069 seconds
[2024-10-22T14:43:17.869+0000] {processor.py:161} INFO - Started process (PID=467) to work on /home/airflow/.local/lib/python3.12/site-packages/airflow/example_dags/example_branch_operator_decorator.py
[2024-10-22T14:43:17.870+0000] {processor.py:830} INFO - Processing file /home/airflow/.local/lib/python3.12/site-packages/airflow/example_dags/example_branch_operator_decorator.py for tasks to queue
[2024-10-22T14:43:17.871+0000] {logging_mixin.py:188} INFO - [2024-10-22T14:43:17.871+0000] {dagbag.py:545} INFO - Filling up the DagBag from /home/airflow/.local/lib/python3.12/site-packages/airflow/example_dags/example_branch_operator_decorator.py
[2024-10-22T14:43:17.885+0000] {processor.py:840} INFO - DAG(s) 'example_branch_python_operator_decorator' retrieved from /home/airflow/.local/lib/python3.12/site-packages/airflow/example_dags/example_branch_operator_decorator.py
[2024-10-22T14:43:17.957+0000] {logging_mixin.py:188} INFO - [2024-10-22T14:43:17.957+0000] {dag.py:3089} INFO - Sync 1 DAGs
[2024-10-22T14:43:17.977+0000] {logging_mixin.py:188} INFO - [2024-10-22T14:43:17.977+0000] {dag.py:3947} INFO - Setting next_dagrun for example_branch_python_operator_decorator to 2024-10-21 00:00:00+00:00, run_after=2024-10-22 00:00:00+00:00
[2024-10-22T14:43:17.997+0000] {processor.py:183} INFO - Processing /home/airflow/.local/lib/python3.12/site-packages/airflow/example_dags/example_branch_operator_decorator.py took 0.132 seconds
[2024-10-22T14:43:48.325+0000] {processor.py:161} INFO - Started process (PID=739) to work on /home/airflow/.local/lib/python3.12/site-packages/airflow/example_dags/example_branch_operator_decorator.py
[2024-10-22T14:43:48.326+0000] {processor.py:830} INFO - Processing file /home/airflow/.local/lib/python3.12/site-packages/airflow/example_dags/example_branch_operator_decorator.py for tasks to queue
[2024-10-22T14:43:48.327+0000] {logging_mixin.py:188} INFO - [2024-10-22T14:43:48.327+0000] {dagbag.py:545} INFO - Filling up the DagBag from /home/airflow/.local/lib/python3.12/site-packages/airflow/example_dags/example_branch_operator_decorator.py
[2024-10-22T14:43:48.344+0000] {processor.py:840} INFO - DAG(s) 'example_branch_python_operator_decorator' retrieved from /home/airflow/.local/lib/python3.12/site-packages/airflow/example_dags/example_branch_operator_decorator.py
[2024-10-22T14:43:48.371+0000] {logging_mixin.py:188} INFO - [2024-10-22T14:43:48.371+0000] {dag.py:3089} INFO - Sync 1 DAGs
[2024-10-22T14:43:48.388+0000] {logging_mixin.py:188} INFO - [2024-10-22T14:43:48.388+0000] {dag.py:3947} INFO - Setting next_dagrun for example_branch_python_operator_decorator to 2024-10-21 00:00:00+00:00, run_after=2024-10-22 00:00:00+00:00
[2024-10-22T14:43:48.405+0000] {processor.py:183} INFO - Processing /home/airflow/.local/lib/python3.12/site-packages/airflow/example_dags/example_branch_operator_decorator.py took 0.083 seconds
[2024-10-22T14:44:18.669+0000] {processor.py:161} INFO - Started process (PID=1006) to work on /home/airflow/.local/lib/python3.12/site-packages/airflow/example_dags/example_branch_operator_decorator.py
[2024-10-22T14:44:18.670+0000] {processor.py:830} INFO - Processing file /home/airflow/.local/lib/python3.12/site-packages/airflow/example_dags/example_branch_operator_decorator.py for tasks to queue
[2024-10-22T14:44:18.671+0000] {logging_mixin.py:188} INFO - [2024-10-22T14:44:18.671+0000] {dagbag.py:545} INFO - Filling up the DagBag from /home/airflow/.local/lib/python3.12/site-packages/airflow/example_dags/example_branch_operator_decorator.py
[2024-10-22T14:44:18.684+0000] {processor.py:840} INFO - DAG(s) 'example_branch_python_operator_decorator' retrieved from /home/airflow/.local/lib/python3.12/site-packages/airflow/example_dags/example_branch_operator_decorator.py
[2024-10-22T14:44:18.703+0000] {logging_mixin.py:188} INFO - [2024-10-22T14:44:18.703+0000] {dag.py:3089} INFO - Sync 1 DAGs
[2024-10-22T14:44:18.717+0000] {logging_mixin.py:188} INFO - [2024-10-22T14:44:18.717+0000] {dag.py:3947} INFO - Setting next_dagrun for example_branch_python_operator_decorator to 2024-10-21 00:00:00+00:00, run_after=2024-10-22 00:00:00+00:00
[2024-10-22T14:44:18.729+0000] {processor.py:183} INFO - Processing /home/airflow/.local/lib/python3.12/site-packages/airflow/example_dags/example_branch_operator_decorator.py took 0.063 seconds
[2024-10-22T14:44:48.811+0000] {processor.py:161} INFO - Started process (PID=1273) to work on /home/airflow/.local/lib/python3.12/site-packages/airflow/example_dags/example_branch_operator_decorator.py
[2024-10-22T14:44:48.811+0000] {processor.py:830} INFO - Processing file /home/airflow/.local/lib/python3.12/site-packages/airflow/example_dags/example_branch_operator_decorator.py for tasks to queue
[2024-10-22T14:44:48.813+0000] {logging_mixin.py:188} INFO - [2024-10-22T14:44:48.812+0000] {dagbag.py:545} INFO - Filling up the DagBag from /home/airflow/.local/lib/python3.12/site-packages/airflow/example_dags/example_branch_operator_decorator.py
[2024-10-22T14:44:48.826+0000] {processor.py:840} INFO - DAG(s) 'example_branch_python_operator_decorator' retrieved from /home/airflow/.local/lib/python3.12/site-packages/airflow/example_dags/example_branch_operator_decorator.py
[2024-10-22T14:44:48.845+0000] {logging_mixin.py:188} INFO - [2024-10-22T14:44:48.845+0000] {dag.py:3089} INFO - Sync 1 DAGs
[2024-10-22T14:44:48.860+0000] {logging_mixin.py:188} INFO - [2024-10-22T14:44:48.860+0000] {dag.py:3947} INFO - Setting next_dagrun for example_branch_python_operator_decorator to 2024-10-21 00:00:00+00:00, run_after=2024-10-22 00:00:00+00:00
[2024-10-22T14:44:48.872+0000] {processor.py:183} INFO - Processing /home/airflow/.local/lib/python3.12/site-packages/airflow/example_dags/example_branch_operator_decorator.py took 0.065 seconds
[2024-10-22T14:45:19.349+0000] {processor.py:161} INFO - Started process (PID=1540) to work on /home/airflow/.local/lib/python3.12/site-packages/airflow/example_dags/example_branch_operator_decorator.py
[2024-10-22T14:45:19.350+0000] {processor.py:830} INFO - Processing file /home/airflow/.local/lib/python3.12/site-packages/airflow/example_dags/example_branch_operator_decorator.py for tasks to queue
[2024-10-22T14:45:19.351+0000] {logging_mixin.py:188} INFO - [2024-10-22T14:45:19.351+0000] {dagbag.py:545} INFO - Filling up the DagBag from /home/airflow/.local/lib/python3.12/site-packages/airflow/example_dags/example_branch_operator_decorator.py
[2024-10-22T14:45:19.364+0000] {processor.py:840} INFO - DAG(s) 'example_branch_python_operator_decorator' retrieved from /home/airflow/.local/lib/python3.12/site-packages/airflow/example_dags/example_branch_operator_decorator.py
[2024-10-22T14:45:19.383+0000] {logging_mixin.py:188} INFO - [2024-10-22T14:45:19.383+0000] {dag.py:3089} INFO - Sync 1 DAGs
[2024-10-22T14:45:19.398+0000] {logging_mixin.py:188} INFO - [2024-10-22T14:45:19.398+0000] {dag.py:3947} INFO - Setting next_dagrun for example_branch_python_operator_decorator to 2024-10-21 00:00:00+00:00, run_after=2024-10-22 00:00:00+00:00
[2024-10-22T14:45:19.412+0000] {processor.py:183} INFO - Processing /home/airflow/.local/lib/python3.12/site-packages/airflow/example_dags/example_branch_operator_decorator.py took 0.066 seconds
[2024-10-22T14:45:49.578+0000] {processor.py:161} INFO - Started process (PID=1806) to work on /home/airflow/.local/lib/python3.12/site-packages/airflow/example_dags/example_branch_operator_decorator.py
[2024-10-22T14:45:49.579+0000] {processor.py:830} INFO - Processing file /home/airflow/.local/lib/python3.12/site-packages/airflow/example_dags/example_branch_operator_decorator.py for tasks to queue
[2024-10-22T14:45:49.580+0000] {logging_mixin.py:188} INFO - [2024-10-22T14:45:49.580+0000] {dagbag.py:545} INFO - Filling up the DagBag from /home/airflow/.local/lib/python3.12/site-packages/airflow/example_dags/example_branch_operator_decorator.py
[2024-10-22T14:45:49.595+0000] {processor.py:840} INFO - DAG(s) 'example_branch_python_operator_decorator' retrieved from /home/airflow/.local/lib/python3.12/site-packages/airflow/example_dags/example_branch_operator_decorator.py
[2024-10-22T14:45:49.618+0000] {logging_mixin.py:188} INFO - [2024-10-22T14:45:49.618+0000] {dag.py:3089} INFO - Sync 1 DAGs
[2024-10-22T14:45:49.636+0000] {logging_mixin.py:188} INFO - [2024-10-22T14:45:49.636+0000] {dag.py:3947} INFO - Setting next_dagrun for example_branch_python_operator_decorator to 2024-10-21 00:00:00+00:00, run_after=2024-10-22 00:00:00+00:00
[2024-10-22T14:45:49.651+0000] {processor.py:183} INFO - Processing /home/airflow/.local/lib/python3.12/site-packages/airflow/example_dags/example_branch_operator_decorator.py took 0.078 seconds
[2024-10-22T14:46:20.217+0000] {processor.py:161} INFO - Started process (PID=2072) to work on /home/airflow/.local/lib/python3.12/site-packages/airflow/example_dags/example_branch_operator_decorator.py
[2024-10-22T14:46:20.218+0000] {processor.py:830} INFO - Processing file /home/airflow/.local/lib/python3.12/site-packages/airflow/example_dags/example_branch_operator_decorator.py for tasks to queue
[2024-10-22T14:46:20.219+0000] {logging_mixin.py:188} INFO - [2024-10-22T14:46:20.219+0000] {dagbag.py:545} INFO - Filling up the DagBag from /home/airflow/.local/lib/python3.12/site-packages/airflow/example_dags/example_branch_operator_decorator.py
[2024-10-22T14:46:20.235+0000] {processor.py:840} INFO - DAG(s) 'example_branch_python_operator_decorator' retrieved from /home/airflow/.local/lib/python3.12/site-packages/airflow/example_dags/example_branch_operator_decorator.py
[2024-10-22T14:46:20.263+0000] {logging_mixin.py:188} INFO - [2024-10-22T14:46:20.263+0000] {dag.py:3089} INFO - Sync 1 DAGs
[2024-10-22T14:46:20.282+0000] {logging_mixin.py:188} INFO - [2024-10-22T14:46:20.282+0000] {dag.py:3947} INFO - Setting next_dagrun for example_branch_python_operator_decorator to 2024-10-21 00:00:00+00:00, run_after=2024-10-22 00:00:00+00:00
[2024-10-22T14:46:20.297+0000] {processor.py:183} INFO - Processing /home/airflow/.local/lib/python3.12/site-packages/airflow/example_dags/example_branch_operator_decorator.py took 0.084 seconds
[2024-10-22T14:46:50.469+0000] {processor.py:161} INFO - Started process (PID=2342) to work on /home/airflow/.local/lib/python3.12/site-packages/airflow/example_dags/example_branch_operator_decorator.py
[2024-10-22T14:46:50.470+0000] {processor.py:830} INFO - Processing file /home/airflow/.local/lib/python3.12/site-packages/airflow/example_dags/example_branch_operator_decorator.py for tasks to queue
[2024-10-22T14:46:50.471+0000] {logging_mixin.py:188} INFO - [2024-10-22T14:46:50.471+0000] {dagbag.py:545} INFO - Filling up the DagBag from /home/airflow/.local/lib/python3.12/site-packages/airflow/example_dags/example_branch_operator_decorator.py
[2024-10-22T14:46:50.488+0000] {processor.py:840} INFO - DAG(s) 'example_branch_python_operator_decorator' retrieved from /home/airflow/.local/lib/python3.12/site-packages/airflow/example_dags/example_branch_operator_decorator.py
[2024-10-22T14:46:50.512+0000] {logging_mixin.py:188} INFO - [2024-10-22T14:46:50.512+0000] {dag.py:3089} INFO - Sync 1 DAGs
[2024-10-22T14:46:50.528+0000] {logging_mixin.py:188} INFO - [2024-10-22T14:46:50.528+0000] {dag.py:3947} INFO - Setting next_dagrun for example_branch_python_operator_decorator to 2024-10-21 00:00:00+00:00, run_after=2024-10-22 00:00:00+00:00
[2024-10-22T14:46:50.541+0000] {processor.py:183} INFO - Processing /home/airflow/.local/lib/python3.12/site-packages/airflow/example_dags/example_branch_operator_decorator.py took 0.077 seconds
[2024-10-22T14:47:20.913+0000] {processor.py:161} INFO - Started process (PID=2611) to work on /home/airflow/.local/lib/python3.12/site-packages/airflow/example_dags/example_branch_operator_decorator.py
[2024-10-22T14:47:20.914+0000] {processor.py:830} INFO - Processing file /home/airflow/.local/lib/python3.12/site-packages/airflow/example_dags/example_branch_operator_decorator.py for tasks to queue
[2024-10-22T14:47:20.915+0000] {logging_mixin.py:188} INFO - [2024-10-22T14:47:20.915+0000] {dagbag.py:545} INFO - Filling up the DagBag from /home/airflow/.local/lib/python3.12/site-packages/airflow/example_dags/example_branch_operator_decorator.py
[2024-10-22T14:47:20.928+0000] {processor.py:840} INFO - DAG(s) 'example_branch_python_operator_decorator' retrieved from /home/airflow/.local/lib/python3.12/site-packages/airflow/example_dags/example_branch_operator_decorator.py
[2024-10-22T14:47:20.949+0000] {logging_mixin.py:188} INFO - [2024-10-22T14:47:20.949+0000] {dag.py:3089} INFO - Sync 1 DAGs
[2024-10-22T14:47:20.965+0000] {logging_mixin.py:188} INFO - [2024-10-22T14:47:20.965+0000] {dag.py:3947} INFO - Setting next_dagrun for example_branch_python_operator_decorator to 2024-10-21 00:00:00+00:00, run_after=2024-10-22 00:00:00+00:00
[2024-10-22T14:47:20.978+0000] {processor.py:183} INFO - Processing /home/airflow/.local/lib/python3.12/site-packages/airflow/example_dags/example_branch_operator_decorator.py took 0.069 seconds
[2024-10-22T14:47:51.228+0000] {processor.py:161} INFO - Started process (PID=2878) to work on /home/airflow/.local/lib/python3.12/site-packages/airflow/example_dags/example_branch_operator_decorator.py
[2024-10-22T14:47:51.229+0000] {processor.py:830} INFO - Processing file /home/airflow/.local/lib/python3.12/site-packages/airflow/example_dags/example_branch_operator_decorator.py for tasks to queue
[2024-10-22T14:47:51.230+0000] {logging_mixin.py:188} INFO - [2024-10-22T14:47:51.230+0000] {dagbag.py:545} INFO - Filling up the DagBag from /home/airflow/.local/lib/python3.12/site-packages/airflow/example_dags/example_branch_operator_decorator.py
[2024-10-22T14:47:51.243+0000] {processor.py:840} INFO - DAG(s) 'example_branch_python_operator_decorator' retrieved from /home/airflow/.local/lib/python3.12/site-packages/airflow/example_dags/example_branch_operator_decorator.py
[2024-10-22T14:47:51.262+0000] {logging_mixin.py:188} INFO - [2024-10-22T14:47:51.262+0000] {dag.py:3089} INFO - Sync 1 DAGs
[2024-10-22T14:47:51.278+0000] {logging_mixin.py:188} INFO - [2024-10-22T14:47:51.278+0000] {dag.py:3947} INFO - Setting next_dagrun for example_branch_python_operator_decorator to 2024-10-21 00:00:00+00:00, run_after=2024-10-22 00:00:00+00:00
[2024-10-22T14:47:51.290+0000] {processor.py:183} INFO - Processing /home/airflow/.local/lib/python3.12/site-packages/airflow/example_dags/example_branch_operator_decorator.py took 0.065 seconds
[2024-10-22T14:48:21.509+0000] {processor.py:161} INFO - Started process (PID=3145) to work on /home/airflow/.local/lib/python3.12/site-packages/airflow/example_dags/example_branch_operator_decorator.py
[2024-10-22T14:48:21.510+0000] {processor.py:830} INFO - Processing file /home/airflow/.local/lib/python3.12/site-packages/airflow/example_dags/example_branch_operator_decorator.py for tasks to queue
[2024-10-22T14:48:21.511+0000] {logging_mixin.py:188} INFO - [2024-10-22T14:48:21.511+0000] {dagbag.py:545} INFO - Filling up the DagBag from /home/airflow/.local/lib/python3.12/site-packages/airflow/example_dags/example_branch_operator_decorator.py
[2024-10-22T14:48:21.524+0000] {processor.py:840} INFO - DAG(s) 'example_branch_python_operator_decorator' retrieved from /home/airflow/.local/lib/python3.12/site-packages/airflow/example_dags/example_branch_operator_decorator.py
[2024-10-22T14:48:21.543+0000] {logging_mixin.py:188} INFO - [2024-10-22T14:48:21.542+0000] {dag.py:3089} INFO - Sync 1 DAGs
[2024-10-22T14:48:21.557+0000] {logging_mixin.py:188} INFO - [2024-10-22T14:48:21.557+0000] {dag.py:3947} INFO - Setting next_dagrun for example_branch_python_operator_decorator to 2024-10-21 00:00:00+00:00, run_after=2024-10-22 00:00:00+00:00
[2024-10-22T14:48:21.568+0000] {processor.py:183} INFO - Processing /home/airflow/.local/lib/python3.12/site-packages/airflow/example_dags/example_branch_operator_decorator.py took 0.063 seconds
[2024-10-22T14:48:51.969+0000] {processor.py:161} INFO - Started process (PID=3412) to work on /home/airflow/.local/lib/python3.12/site-packages/airflow/example_dags/example_branch_operator_decorator.py
[2024-10-22T14:48:51.970+0000] {processor.py:830} INFO - Processing file /home/airflow/.local/lib/python3.12/site-packages/airflow/example_dags/example_branch_operator_decorator.py for tasks to queue
[2024-10-22T14:48:51.971+0000] {logging_mixin.py:188} INFO - [2024-10-22T14:48:51.971+0000] {dagbag.py:545} INFO - Filling up the DagBag from /home/airflow/.local/lib/python3.12/site-packages/airflow/example_dags/example_branch_operator_decorator.py
[2024-10-22T14:48:51.984+0000] {processor.py:840} INFO - DAG(s) 'example_branch_python_operator_decorator' retrieved from /home/airflow/.local/lib/python3.12/site-packages/airflow/example_dags/example_branch_operator_decorator.py
[2024-10-22T14:48:52.003+0000] {logging_mixin.py:188} INFO - [2024-10-22T14:48:52.002+0000] {dag.py:3089} INFO - Sync 1 DAGs
[2024-10-22T14:48:52.017+0000] {logging_mixin.py:188} INFO - [2024-10-22T14:48:52.016+0000] {dag.py:3947} INFO - Setting next_dagrun for example_branch_python_operator_decorator to 2024-10-21 00:00:00+00:00, run_after=2024-10-22 00:00:00+00:00
[2024-10-22T14:48:52.029+0000] {processor.py:183} INFO - Processing /home/airflow/.local/lib/python3.12/site-packages/airflow/example_dags/example_branch_operator_decorator.py took 0.065 seconds
[2024-10-22T14:49:22.342+0000] {processor.py:161} INFO - Started process (PID=3679) to work on /home/airflow/.local/lib/python3.12/site-packages/airflow/example_dags/example_branch_operator_decorator.py
[2024-10-22T14:49:22.343+0000] {processor.py:830} INFO - Processing file /home/airflow/.local/lib/python3.12/site-packages/airflow/example_dags/example_branch_operator_decorator.py for tasks to queue
[2024-10-22T14:49:22.344+0000] {logging_mixin.py:188} INFO - [2024-10-22T14:49:22.344+0000] {dagbag.py:545} INFO - Filling up the DagBag from /home/airflow/.local/lib/python3.12/site-packages/airflow/example_dags/example_branch_operator_decorator.py
[2024-10-22T14:49:22.358+0000] {processor.py:840} INFO - DAG(s) 'example_branch_python_operator_decorator' retrieved from /home/airflow/.local/lib/python3.12/site-packages/airflow/example_dags/example_branch_operator_decorator.py
[2024-10-22T14:49:22.377+0000] {logging_mixin.py:188} INFO - [2024-10-22T14:49:22.376+0000] {dag.py:3089} INFO - Sync 1 DAGs
[2024-10-22T14:49:22.390+0000] {logging_mixin.py:188} INFO - [2024-10-22T14:49:22.390+0000] {dag.py:3947} INFO - Setting next_dagrun for example_branch_python_operator_decorator to 2024-10-21 00:00:00+00:00, run_after=2024-10-22 00:00:00+00:00
[2024-10-22T14:49:22.401+0000] {processor.py:183} INFO - Processing /home/airflow/.local/lib/python3.12/site-packages/airflow/example_dags/example_branch_operator_decorator.py took 0.063 seconds
[2024-10-22T14:49:52.660+0000] {processor.py:161} INFO - Started process (PID=3946) to work on /home/airflow/.local/lib/python3.12/site-packages/airflow/example_dags/example_branch_operator_decorator.py
[2024-10-22T14:49:52.660+0000] {processor.py:830} INFO - Processing file /home/airflow/.local/lib/python3.12/site-packages/airflow/example_dags/example_branch_operator_decorator.py for tasks to queue
[2024-10-22T14:49:52.662+0000] {logging_mixin.py:188} INFO - [2024-10-22T14:49:52.661+0000] {dagbag.py:545} INFO - Filling up the DagBag from /home/airflow/.local/lib/python3.12/site-packages/airflow/example_dags/example_branch_operator_decorator.py
[2024-10-22T14:49:52.675+0000] {processor.py:840} INFO - DAG(s) 'example_branch_python_operator_decorator' retrieved from /home/airflow/.local/lib/python3.12/site-packages/airflow/example_dags/example_branch_operator_decorator.py
[2024-10-22T14:49:52.696+0000] {logging_mixin.py:188} INFO - [2024-10-22T14:49:52.695+0000] {dag.py:3089} INFO - Sync 1 DAGs
[2024-10-22T14:49:52.710+0000] {logging_mixin.py:188} INFO - [2024-10-22T14:49:52.710+0000] {dag.py:3947} INFO - Setting next_dagrun for example_branch_python_operator_decorator to 2024-10-21 00:00:00+00:00, run_after=2024-10-22 00:00:00+00:00
[2024-10-22T14:49:52.722+0000] {processor.py:183} INFO - Processing /home/airflow/.local/lib/python3.12/site-packages/airflow/example_dags/example_branch_operator_decorator.py took 0.067 seconds
[2024-10-22T14:50:22.984+0000] {processor.py:161} INFO - Started process (PID=4213) to work on /home/airflow/.local/lib/python3.12/site-packages/airflow/example_dags/example_branch_operator_decorator.py
[2024-10-22T14:50:22.985+0000] {processor.py:830} INFO - Processing file /home/airflow/.local/lib/python3.12/site-packages/airflow/example_dags/example_branch_operator_decorator.py for tasks to queue
[2024-10-22T14:50:22.986+0000] {logging_mixin.py:188} INFO - [2024-10-22T14:50:22.986+0000] {dagbag.py:545} INFO - Filling up the DagBag from /home/airflow/.local/lib/python3.12/site-packages/airflow/example_dags/example_branch_operator_decorator.py
[2024-10-22T14:50:23.000+0000] {processor.py:840} INFO - DAG(s) 'example_branch_python_operator_decorator' retrieved from /home/airflow/.local/lib/python3.12/site-packages/airflow/example_dags/example_branch_operator_decorator.py
[2024-10-22T14:50:23.019+0000] {logging_mixin.py:188} INFO - [2024-10-22T14:50:23.019+0000] {dag.py:3089} INFO - Sync 1 DAGs
[2024-10-22T14:50:23.034+0000] {logging_mixin.py:188} INFO - [2024-10-22T14:50:23.033+0000] {dag.py:3947} INFO - Setting next_dagrun for example_branch_python_operator_decorator to 2024-10-21 00:00:00+00:00, run_after=2024-10-22 00:00:00+00:00
[2024-10-22T14:50:23.046+0000] {processor.py:183} INFO - Processing /home/airflow/.local/lib/python3.12/site-packages/airflow/example_dags/example_branch_operator_decorator.py took 0.066 seconds
[2024-10-22T14:50:53.403+0000] {processor.py:161} INFO - Started process (PID=4480) to work on /home/airflow/.local/lib/python3.12/site-packages/airflow/example_dags/example_branch_operator_decorator.py
[2024-10-22T14:50:53.403+0000] {processor.py:830} INFO - Processing file /home/airflow/.local/lib/python3.12/site-packages/airflow/example_dags/example_branch_operator_decorator.py for tasks to queue
[2024-10-22T14:50:53.405+0000] {logging_mixin.py:188} INFO - [2024-10-22T14:50:53.404+0000] {dagbag.py:545} INFO - Filling up the DagBag from /home/airflow/.local/lib/python3.12/site-packages/airflow/example_dags/example_branch_operator_decorator.py
[2024-10-22T14:50:53.418+0000] {processor.py:840} INFO - DAG(s) 'example_branch_python_operator_decorator' retrieved from /home/airflow/.local/lib/python3.12/site-packages/airflow/example_dags/example_branch_operator_decorator.py
[2024-10-22T14:50:53.439+0000] {logging_mixin.py:188} INFO - [2024-10-22T14:50:53.439+0000] {dag.py:3089} INFO - Sync 1 DAGs
[2024-10-22T14:50:53.454+0000] {logging_mixin.py:188} INFO - [2024-10-22T14:50:53.454+0000] {dag.py:3947} INFO - Setting next_dagrun for example_branch_python_operator_decorator to 2024-10-21 00:00:00+00:00, run_after=2024-10-22 00:00:00+00:00
[2024-10-22T14:50:53.467+0000] {processor.py:183} INFO - Processing /home/airflow/.local/lib/python3.12/site-packages/airflow/example_dags/example_branch_operator_decorator.py took 0.068 seconds
[2024-10-22T14:51:23.817+0000] {processor.py:161} INFO - Started process (PID=4747) to work on /home/airflow/.local/lib/python3.12/site-packages/airflow/example_dags/example_branch_operator_decorator.py
[2024-10-22T14:51:23.817+0000] {processor.py:830} INFO - Processing file /home/airflow/.local/lib/python3.12/site-packages/airflow/example_dags/example_branch_operator_decorator.py for tasks to queue
[2024-10-22T14:51:23.819+0000] {logging_mixin.py:188} INFO - [2024-10-22T14:51:23.819+0000] {dagbag.py:545} INFO - Filling up the DagBag from /home/airflow/.local/lib/python3.12/site-packages/airflow/example_dags/example_branch_operator_decorator.py
[2024-10-22T14:51:23.833+0000] {processor.py:840} INFO - DAG(s) 'example_branch_python_operator_decorator' retrieved from /home/airflow/.local/lib/python3.12/site-packages/airflow/example_dags/example_branch_operator_decorator.py
[2024-10-22T14:51:23.853+0000] {logging_mixin.py:188} INFO - [2024-10-22T14:51:23.853+0000] {dag.py:3089} INFO - Sync 1 DAGs
[2024-10-22T14:51:23.869+0000] {logging_mixin.py:188} INFO - [2024-10-22T14:51:23.869+0000] {dag.py:3947} INFO - Setting next_dagrun for example_branch_python_operator_decorator to 2024-10-21 00:00:00+00:00, run_after=2024-10-22 00:00:00+00:00
[2024-10-22T14:51:23.882+0000] {processor.py:183} INFO - Processing /home/airflow/.local/lib/python3.12/site-packages/airflow/example_dags/example_branch_operator_decorator.py took 0.069 seconds
[2024-10-22T14:51:54.281+0000] {processor.py:161} INFO - Started process (PID=5014) to work on /home/airflow/.local/lib/python3.12/site-packages/airflow/example_dags/example_branch_operator_decorator.py
[2024-10-22T14:51:54.282+0000] {processor.py:830} INFO - Processing file /home/airflow/.local/lib/python3.12/site-packages/airflow/example_dags/example_branch_operator_decorator.py for tasks to queue
[2024-10-22T14:51:54.283+0000] {logging_mixin.py:188} INFO - [2024-10-22T14:51:54.283+0000] {dagbag.py:545} INFO - Filling up the DagBag from /home/airflow/.local/lib/python3.12/site-packages/airflow/example_dags/example_branch_operator_decorator.py
[2024-10-22T14:51:54.296+0000] {processor.py:840} INFO - DAG(s) 'example_branch_python_operator_decorator' retrieved from /home/airflow/.local/lib/python3.12/site-packages/airflow/example_dags/example_branch_operator_decorator.py
[2024-10-22T14:51:54.314+0000] {logging_mixin.py:188} INFO - [2024-10-22T14:51:54.314+0000] {dag.py:3089} INFO - Sync 1 DAGs
[2024-10-22T14:51:54.329+0000] {logging_mixin.py:188} INFO - [2024-10-22T14:51:54.329+0000] {dag.py:3947} INFO - Setting next_dagrun for example_branch_python_operator_decorator to 2024-10-21 00:00:00+00:00, run_after=2024-10-22 00:00:00+00:00
[2024-10-22T14:51:54.341+0000] {processor.py:183} INFO - Processing /home/airflow/.local/lib/python3.12/site-packages/airflow/example_dags/example_branch_operator_decorator.py took 0.064 seconds
[2024-10-22T14:52:24.690+0000] {processor.py:161} INFO - Started process (PID=5281) to work on /home/airflow/.local/lib/python3.12/site-packages/airflow/example_dags/example_branch_operator_decorator.py
[2024-10-22T14:52:24.691+0000] {processor.py:830} INFO - Processing file /home/airflow/.local/lib/python3.12/site-packages/airflow/example_dags/example_branch_operator_decorator.py for tasks to queue
[2024-10-22T14:52:24.692+0000] {logging_mixin.py:188} INFO - [2024-10-22T14:52:24.692+0000] {dagbag.py:545} INFO - Filling up the DagBag from /home/airflow/.local/lib/python3.12/site-packages/airflow/example_dags/example_branch_operator_decorator.py
[2024-10-22T14:52:24.705+0000] {processor.py:840} INFO - DAG(s) 'example_branch_python_operator_decorator' retrieved from /home/airflow/.local/lib/python3.12/site-packages/airflow/example_dags/example_branch_operator_decorator.py
[2024-10-22T14:52:24.724+0000] {logging_mixin.py:188} INFO - [2024-10-22T14:52:24.724+0000] {dag.py:3089} INFO - Sync 1 DAGs
[2024-10-22T14:52:24.738+0000] {logging_mixin.py:188} INFO - [2024-10-22T14:52:24.738+0000] {dag.py:3947} INFO - Setting next_dagrun for example_branch_python_operator_decorator to 2024-10-21 00:00:00+00:00, run_after=2024-10-22 00:00:00+00:00
[2024-10-22T14:52:24.750+0000] {processor.py:183} INFO - Processing /home/airflow/.local/lib/python3.12/site-packages/airflow/example_dags/example_branch_operator_decorator.py took 0.063 seconds
[2024-10-22T14:52:54.974+0000] {processor.py:161} INFO - Started process (PID=5549) to work on /home/airflow/.local/lib/python3.12/site-packages/airflow/example_dags/example_branch_operator_decorator.py
[2024-10-22T14:52:54.974+0000] {processor.py:830} INFO - Processing file /home/airflow/.local/lib/python3.12/site-packages/airflow/example_dags/example_branch_operator_decorator.py for tasks to queue
[2024-10-22T14:52:54.975+0000] {logging_mixin.py:188} INFO - [2024-10-22T14:52:54.975+0000] {dagbag.py:545} INFO - Filling up the DagBag from /home/airflow/.local/lib/python3.12/site-packages/airflow/example_dags/example_branch_operator_decorator.py
[2024-10-22T14:52:54.988+0000] {processor.py:840} INFO - DAG(s) 'example_branch_python_operator_decorator' retrieved from /home/airflow/.local/lib/python3.12/site-packages/airflow/example_dags/example_branch_operator_decorator.py
[2024-10-22T14:52:55.007+0000] {logging_mixin.py:188} INFO - [2024-10-22T14:52:55.007+0000] {dag.py:3089} INFO - Sync 1 DAGs
[2024-10-22T14:52:55.021+0000] {logging_mixin.py:188} INFO - [2024-10-22T14:52:55.021+0000] {dag.py:3947} INFO - Setting next_dagrun for example_branch_python_operator_decorator to 2024-10-21 00:00:00+00:00, run_after=2024-10-22 00:00:00+00:00
[2024-10-22T14:52:55.034+0000] {processor.py:183} INFO - Processing /home/airflow/.local/lib/python3.12/site-packages/airflow/example_dags/example_branch_operator_decorator.py took 0.064 seconds
[2024-10-22T14:53:25.336+0000] {processor.py:161} INFO - Started process (PID=5816) to work on /home/airflow/.local/lib/python3.12/site-packages/airflow/example_dags/example_branch_operator_decorator.py
[2024-10-22T14:53:25.337+0000] {processor.py:830} INFO - Processing file /home/airflow/.local/lib/python3.12/site-packages/airflow/example_dags/example_branch_operator_decorator.py for tasks to queue
[2024-10-22T14:53:25.338+0000] {logging_mixin.py:188} INFO - [2024-10-22T14:53:25.338+0000] {dagbag.py:545} INFO - Filling up the DagBag from /home/airflow/.local/lib/python3.12/site-packages/airflow/example_dags/example_branch_operator_decorator.py
[2024-10-22T14:53:25.352+0000] {processor.py:840} INFO - DAG(s) 'example_branch_python_operator_decorator' retrieved from /home/airflow/.local/lib/python3.12/site-packages/airflow/example_dags/example_branch_operator_decorator.py
[2024-10-22T14:53:25.371+0000] {logging_mixin.py:188} INFO - [2024-10-22T14:53:25.371+0000] {dag.py:3089} INFO - Sync 1 DAGs
[2024-10-22T14:53:25.386+0000] {logging_mixin.py:188} INFO - [2024-10-22T14:53:25.386+0000] {dag.py:3947} INFO - Setting next_dagrun for example_branch_python_operator_decorator to 2024-10-21 00:00:00+00:00, run_after=2024-10-22 00:00:00+00:00
[2024-10-22T14:53:25.400+0000] {processor.py:183} INFO - Processing /home/airflow/.local/lib/python3.12/site-packages/airflow/example_dags/example_branch_operator_decorator.py took 0.068 seconds
[2024-10-22T14:53:55.741+0000] {processor.py:161} INFO - Started process (PID=6083) to work on /home/airflow/.local/lib/python3.12/site-packages/airflow/example_dags/example_branch_operator_decorator.py
[2024-10-22T14:53:55.741+0000] {processor.py:830} INFO - Processing file /home/airflow/.local/lib/python3.12/site-packages/airflow/example_dags/example_branch_operator_decorator.py for tasks to queue
[2024-10-22T14:53:55.743+0000] {logging_mixin.py:188} INFO - [2024-10-22T14:53:55.743+0000] {dagbag.py:545} INFO - Filling up the DagBag from /home/airflow/.local/lib/python3.12/site-packages/airflow/example_dags/example_branch_operator_decorator.py
[2024-10-22T14:53:55.757+0000] {processor.py:840} INFO - DAG(s) 'example_branch_python_operator_decorator' retrieved from /home/airflow/.local/lib/python3.12/site-packages/airflow/example_dags/example_branch_operator_decorator.py
[2024-10-22T14:53:55.777+0000] {logging_mixin.py:188} INFO - [2024-10-22T14:53:55.777+0000] {dag.py:3089} INFO - Sync 1 DAGs
[2024-10-22T14:53:55.792+0000] {logging_mixin.py:188} INFO - [2024-10-22T14:53:55.792+0000] {dag.py:3947} INFO - Setting next_dagrun for example_branch_python_operator_decorator to 2024-10-21 00:00:00+00:00, run_after=2024-10-22 00:00:00+00:00
[2024-10-22T14:53:55.808+0000] {processor.py:183} INFO - Processing /home/airflow/.local/lib/python3.12/site-packages/airflow/example_dags/example_branch_operator_decorator.py took 0.071 seconds
[2024-10-22T14:54:26.121+0000] {processor.py:161} INFO - Started process (PID=6350) to work on /home/airflow/.local/lib/python3.12/site-packages/airflow/example_dags/example_branch_operator_decorator.py
[2024-10-22T14:54:26.121+0000] {processor.py:830} INFO - Processing file /home/airflow/.local/lib/python3.12/site-packages/airflow/example_dags/example_branch_operator_decorator.py for tasks to queue
[2024-10-22T14:54:26.123+0000] {logging_mixin.py:188} INFO - [2024-10-22T14:54:26.123+0000] {dagbag.py:545} INFO - Filling up the DagBag from /home/airflow/.local/lib/python3.12/site-packages/airflow/example_dags/example_branch_operator_decorator.py
[2024-10-22T14:54:26.136+0000] {processor.py:840} INFO - DAG(s) 'example_branch_python_operator_decorator' retrieved from /home/airflow/.local/lib/python3.12/site-packages/airflow/example_dags/example_branch_operator_decorator.py
[2024-10-22T14:54:26.155+0000] {logging_mixin.py:188} INFO - [2024-10-22T14:54:26.155+0000] {dag.py:3089} INFO - Sync 1 DAGs
[2024-10-22T14:54:26.170+0000] {logging_mixin.py:188} INFO - [2024-10-22T14:54:26.170+0000] {dag.py:3947} INFO - Setting next_dagrun for example_branch_python_operator_decorator to 2024-10-21 00:00:00+00:00, run_after=2024-10-22 00:00:00+00:00
[2024-10-22T14:54:26.183+0000] {processor.py:183} INFO - Processing /home/airflow/.local/lib/python3.12/site-packages/airflow/example_dags/example_branch_operator_decorator.py took 0.066 seconds
[2024-10-22T14:54:56.491+0000] {processor.py:161} INFO - Started process (PID=6617) to work on /home/airflow/.local/lib/python3.12/site-packages/airflow/example_dags/example_branch_operator_decorator.py
[2024-10-22T14:54:56.491+0000] {processor.py:830} INFO - Processing file /home/airflow/.local/lib/python3.12/site-packages/airflow/example_dags/example_branch_operator_decorator.py for tasks to queue
[2024-10-22T14:54:56.493+0000] {logging_mixin.py:188} INFO - [2024-10-22T14:54:56.492+0000] {dagbag.py:545} INFO - Filling up the DagBag from /home/airflow/.local/lib/python3.12/site-packages/airflow/example_dags/example_branch_operator_decorator.py
[2024-10-22T14:54:56.507+0000] {processor.py:840} INFO - DAG(s) 'example_branch_python_operator_decorator' retrieved from /home/airflow/.local/lib/python3.12/site-packages/airflow/example_dags/example_branch_operator_decorator.py
[2024-10-22T14:54:56.528+0000] {logging_mixin.py:188} INFO - [2024-10-22T14:54:56.528+0000] {dag.py:3089} INFO - Sync 1 DAGs
[2024-10-22T14:54:56.546+0000] {logging_mixin.py:188} INFO - [2024-10-22T14:54:56.545+0000] {dag.py:3947} INFO - Setting next_dagrun for example_branch_python_operator_decorator to 2024-10-21 00:00:00+00:00, run_after=2024-10-22 00:00:00+00:00
[2024-10-22T14:54:56.681+0000] {processor.py:183} INFO - Processing /home/airflow/.local/lib/python3.12/site-packages/airflow/example_dags/example_branch_operator_decorator.py took 0.195 seconds
[2024-10-22T14:55:27.617+0000] {processor.py:161} INFO - Started process (PID=6889) to work on /home/airflow/.local/lib/python3.12/site-packages/airflow/example_dags/example_branch_operator_decorator.py
[2024-10-22T14:55:27.618+0000] {processor.py:830} INFO - Processing file /home/airflow/.local/lib/python3.12/site-packages/airflow/example_dags/example_branch_operator_decorator.py for tasks to queue
[2024-10-22T14:55:27.619+0000] {logging_mixin.py:188} INFO - [2024-10-22T14:55:27.619+0000] {dagbag.py:545} INFO - Filling up the DagBag from /home/airflow/.local/lib/python3.12/site-packages/airflow/example_dags/example_branch_operator_decorator.py
[2024-10-22T14:55:27.632+0000] {processor.py:840} INFO - DAG(s) 'example_branch_python_operator_decorator' retrieved from /home/airflow/.local/lib/python3.12/site-packages/airflow/example_dags/example_branch_operator_decorator.py
[2024-10-22T14:55:27.652+0000] {logging_mixin.py:188} INFO - [2024-10-22T14:55:27.652+0000] {dag.py:3089} INFO - Sync 1 DAGs
[2024-10-22T14:55:27.669+0000] {logging_mixin.py:188} INFO - [2024-10-22T14:55:27.669+0000] {dag.py:3947} INFO - Setting next_dagrun for example_branch_python_operator_decorator to 2024-10-21 00:00:00+00:00, run_after=2024-10-22 00:00:00+00:00
[2024-10-22T14:55:27.682+0000] {processor.py:183} INFO - Processing /home/airflow/.local/lib/python3.12/site-packages/airflow/example_dags/example_branch_operator_decorator.py took 0.069 seconds
[2024-10-22T14:55:57.945+0000] {processor.py:161} INFO - Started process (PID=7156) to work on /home/airflow/.local/lib/python3.12/site-packages/airflow/example_dags/example_branch_operator_decorator.py
[2024-10-22T14:55:57.946+0000] {processor.py:830} INFO - Processing file /home/airflow/.local/lib/python3.12/site-packages/airflow/example_dags/example_branch_operator_decorator.py for tasks to queue
[2024-10-22T14:55:57.947+0000] {logging_mixin.py:188} INFO - [2024-10-22T14:55:57.947+0000] {dagbag.py:545} INFO - Filling up the DagBag from /home/airflow/.local/lib/python3.12/site-packages/airflow/example_dags/example_branch_operator_decorator.py
[2024-10-22T14:55:57.961+0000] {processor.py:840} INFO - DAG(s) 'example_branch_python_operator_decorator' retrieved from /home/airflow/.local/lib/python3.12/site-packages/airflow/example_dags/example_branch_operator_decorator.py
[2024-10-22T14:55:57.982+0000] {logging_mixin.py:188} INFO - [2024-10-22T14:55:57.981+0000] {dag.py:3089} INFO - Sync 1 DAGs
[2024-10-22T14:55:57.998+0000] {logging_mixin.py:188} INFO - [2024-10-22T14:55:57.998+0000] {dag.py:3947} INFO - Setting next_dagrun for example_branch_python_operator_decorator to 2024-10-21 00:00:00+00:00, run_after=2024-10-22 00:00:00+00:00
[2024-10-22T14:55:58.011+0000] {processor.py:183} INFO - Processing /home/airflow/.local/lib/python3.12/site-packages/airflow/example_dags/example_branch_operator_decorator.py took 0.069 seconds
[2024-10-22T14:56:28.747+0000] {processor.py:161} INFO - Started process (PID=7423) to work on /home/airflow/.local/lib/python3.12/site-packages/airflow/example_dags/example_branch_operator_decorator.py
[2024-10-22T14:56:28.748+0000] {processor.py:830} INFO - Processing file /home/airflow/.local/lib/python3.12/site-packages/airflow/example_dags/example_branch_operator_decorator.py for tasks to queue
[2024-10-22T14:56:28.750+0000] {logging_mixin.py:188} INFO - [2024-10-22T14:56:28.750+0000] {dagbag.py:545} INFO - Filling up the DagBag from /home/airflow/.local/lib/python3.12/site-packages/airflow/example_dags/example_branch_operator_decorator.py
[2024-10-22T14:56:28.766+0000] {processor.py:840} INFO - DAG(s) 'example_branch_python_operator_decorator' retrieved from /home/airflow/.local/lib/python3.12/site-packages/airflow/example_dags/example_branch_operator_decorator.py
[2024-10-22T14:56:28.792+0000] {logging_mixin.py:188} INFO - [2024-10-22T14:56:28.791+0000] {dag.py:3089} INFO - Sync 1 DAGs
[2024-10-22T14:56:28.812+0000] {logging_mixin.py:188} INFO - [2024-10-22T14:56:28.812+0000] {dag.py:3947} INFO - Setting next_dagrun for example_branch_python_operator_decorator to 2024-10-21 00:00:00+00:00, run_after=2024-10-22 00:00:00+00:00
[2024-10-22T14:56:28.828+0000] {processor.py:183} INFO - Processing /home/airflow/.local/lib/python3.12/site-packages/airflow/example_dags/example_branch_operator_decorator.py took 0.085 seconds
[2024-10-22T14:56:58.964+0000] {processor.py:161} INFO - Started process (PID=7690) to work on /home/airflow/.local/lib/python3.12/site-packages/airflow/example_dags/example_branch_operator_decorator.py
[2024-10-22T14:56:58.964+0000] {processor.py:830} INFO - Processing file /home/airflow/.local/lib/python3.12/site-packages/airflow/example_dags/example_branch_operator_decorator.py for tasks to queue
[2024-10-22T14:56:58.966+0000] {logging_mixin.py:188} INFO - [2024-10-22T14:56:58.965+0000] {dagbag.py:545} INFO - Filling up the DagBag from /home/airflow/.local/lib/python3.12/site-packages/airflow/example_dags/example_branch_operator_decorator.py
[2024-10-22T14:56:58.979+0000] {processor.py:840} INFO - DAG(s) 'example_branch_python_operator_decorator' retrieved from /home/airflow/.local/lib/python3.12/site-packages/airflow/example_dags/example_branch_operator_decorator.py
[2024-10-22T14:56:59.000+0000] {logging_mixin.py:188} INFO - [2024-10-22T14:56:59.000+0000] {dag.py:3089} INFO - Sync 1 DAGs
[2024-10-22T14:56:59.015+0000] {logging_mixin.py:188} INFO - [2024-10-22T14:56:59.014+0000] {dag.py:3947} INFO - Setting next_dagrun for example_branch_python_operator_decorator to 2024-10-21 00:00:00+00:00, run_after=2024-10-22 00:00:00+00:00
[2024-10-22T14:56:59.027+0000] {processor.py:183} INFO - Processing /home/airflow/.local/lib/python3.12/site-packages/airflow/example_dags/example_branch_operator_decorator.py took 0.068 seconds
[2024-10-22T14:57:29.604+0000] {processor.py:161} INFO - Started process (PID=7957) to work on /home/airflow/.local/lib/python3.12/site-packages/airflow/example_dags/example_branch_operator_decorator.py
[2024-10-22T14:57:29.605+0000] {processor.py:830} INFO - Processing file /home/airflow/.local/lib/python3.12/site-packages/airflow/example_dags/example_branch_operator_decorator.py for tasks to queue
[2024-10-22T14:57:29.606+0000] {logging_mixin.py:188} INFO - [2024-10-22T14:57:29.606+0000] {dagbag.py:545} INFO - Filling up the DagBag from /home/airflow/.local/lib/python3.12/site-packages/airflow/example_dags/example_branch_operator_decorator.py
[2024-10-22T14:57:29.620+0000] {processor.py:840} INFO - DAG(s) 'example_branch_python_operator_decorator' retrieved from /home/airflow/.local/lib/python3.12/site-packages/airflow/example_dags/example_branch_operator_decorator.py
[2024-10-22T14:57:29.763+0000] {logging_mixin.py:188} INFO - [2024-10-22T14:57:29.763+0000] {dag.py:3089} INFO - Sync 1 DAGs
[2024-10-22T14:57:29.777+0000] {logging_mixin.py:188} INFO - [2024-10-22T14:57:29.776+0000] {dag.py:3947} INFO - Setting next_dagrun for example_branch_python_operator_decorator to 2024-10-21 00:00:00+00:00, run_after=2024-10-22 00:00:00+00:00
[2024-10-22T14:57:29.789+0000] {processor.py:183} INFO - Processing /home/airflow/.local/lib/python3.12/site-packages/airflow/example_dags/example_branch_operator_decorator.py took 0.189 seconds
