[2024-10-22T14:00:13.937+0000] {processor.py:161} INFO - Started process (PID=275) to work on /home/airflow/.local/lib/python3.12/site-packages/airflow/example_dags/example_short_circuit_operator.py
[2024-10-22T14:00:13.938+0000] {processor.py:830} INFO - Processing file /home/airflow/.local/lib/python3.12/site-packages/airflow/example_dags/example_short_circuit_operator.py for tasks to queue
[2024-10-22T14:00:13.939+0000] {logging_mixin.py:188} INFO - [2024-10-22T14:00:13.939+0000] {dagbag.py:545} INFO - Filling up the DagBag from /home/airflow/.local/lib/python3.12/site-packages/airflow/example_dags/example_short_circuit_operator.py
[2024-10-22T14:00:13.951+0000] {processor.py:840} INFO - DAG(s) 'example_short_circuit_operator' retrieved from /home/airflow/.local/lib/python3.12/site-packages/airflow/example_dags/example_short_circuit_operator.py
[2024-10-22T14:00:14.040+0000] {logging_mixin.py:188} INFO - [2024-10-22T14:00:14.039+0000] {override.py:1858} INFO - Created Permission View: can delete on DAG:example_short_circuit_operator
[2024-10-22T14:00:14.049+0000] {logging_mixin.py:188} INFO - [2024-10-22T14:00:14.048+0000] {override.py:1858} INFO - Created Permission View: can edit on DAG:example_short_circuit_operator
[2024-10-22T14:00:14.054+0000] {logging_mixin.py:188} INFO - [2024-10-22T14:00:14.054+0000] {override.py:1858} INFO - Created Permission View: can read on DAG:example_short_circuit_operator
[2024-10-22T14:00:14.055+0000] {logging_mixin.py:188} INFO - [2024-10-22T14:00:14.055+0000] {dag.py:3089} INFO - Sync 1 DAGs
[2024-10-22T14:00:14.064+0000] {logging_mixin.py:188} INFO - [2024-10-22T14:00:14.064+0000] {dag.py:3111} INFO - Creating ORM DAG for example_short_circuit_operator
[2024-10-22T14:00:14.074+0000] {logging_mixin.py:188} INFO - [2024-10-22T14:00:14.074+0000] {dag.py:3947} INFO - Setting next_dagrun for example_short_circuit_operator to 2024-10-21 00:00:00+00:00, run_after=2024-10-22 00:00:00+00:00
[2024-10-22T14:00:14.090+0000] {processor.py:183} INFO - Processing /home/airflow/.local/lib/python3.12/site-packages/airflow/example_dags/example_short_circuit_operator.py took 0.158 seconds
[2024-10-22T14:00:44.944+0000] {processor.py:161} INFO - Started process (PID=544) to work on /home/airflow/.local/lib/python3.12/site-packages/airflow/example_dags/example_short_circuit_operator.py
[2024-10-22T14:00:44.945+0000] {processor.py:830} INFO - Processing file /home/airflow/.local/lib/python3.12/site-packages/airflow/example_dags/example_short_circuit_operator.py for tasks to queue
[2024-10-22T14:00:44.946+0000] {logging_mixin.py:188} INFO - [2024-10-22T14:00:44.946+0000] {dagbag.py:545} INFO - Filling up the DagBag from /home/airflow/.local/lib/python3.12/site-packages/airflow/example_dags/example_short_circuit_operator.py
[2024-10-22T14:00:44.951+0000] {processor.py:840} INFO - DAG(s) 'example_short_circuit_operator' retrieved from /home/airflow/.local/lib/python3.12/site-packages/airflow/example_dags/example_short_circuit_operator.py
[2024-10-22T14:00:44.966+0000] {logging_mixin.py:188} INFO - [2024-10-22T14:00:44.966+0000] {dag.py:3089} INFO - Sync 1 DAGs
[2024-10-22T14:00:44.981+0000] {logging_mixin.py:188} INFO - [2024-10-22T14:00:44.981+0000] {dag.py:3947} INFO - Setting next_dagrun for example_short_circuit_operator to 2024-10-21 00:00:00+00:00, run_after=2024-10-22 00:00:00+00:00
[2024-10-22T14:00:44.996+0000] {processor.py:183} INFO - Processing /home/airflow/.local/lib/python3.12/site-packages/airflow/example_dags/example_short_circuit_operator.py took 0.055 seconds
[2024-10-22T14:01:15.293+0000] {processor.py:161} INFO - Started process (PID=811) to work on /home/airflow/.local/lib/python3.12/site-packages/airflow/example_dags/example_short_circuit_operator.py
[2024-10-22T14:01:15.294+0000] {processor.py:830} INFO - Processing file /home/airflow/.local/lib/python3.12/site-packages/airflow/example_dags/example_short_circuit_operator.py for tasks to queue
[2024-10-22T14:01:15.295+0000] {logging_mixin.py:188} INFO - [2024-10-22T14:01:15.295+0000] {dagbag.py:545} INFO - Filling up the DagBag from /home/airflow/.local/lib/python3.12/site-packages/airflow/example_dags/example_short_circuit_operator.py
[2024-10-22T14:01:15.300+0000] {processor.py:840} INFO - DAG(s) 'example_short_circuit_operator' retrieved from /home/airflow/.local/lib/python3.12/site-packages/airflow/example_dags/example_short_circuit_operator.py
[2024-10-22T14:01:15.317+0000] {logging_mixin.py:188} INFO - [2024-10-22T14:01:15.317+0000] {dag.py:3089} INFO - Sync 1 DAGs
[2024-10-22T14:01:15.333+0000] {logging_mixin.py:188} INFO - [2024-10-22T14:01:15.333+0000] {dag.py:3947} INFO - Setting next_dagrun for example_short_circuit_operator to 2024-10-21 00:00:00+00:00, run_after=2024-10-22 00:00:00+00:00
[2024-10-22T14:01:15.346+0000] {processor.py:183} INFO - Processing /home/airflow/.local/lib/python3.12/site-packages/airflow/example_dags/example_short_circuit_operator.py took 0.057 seconds
[2024-10-22T14:01:45.664+0000] {processor.py:161} INFO - Started process (PID=1078) to work on /home/airflow/.local/lib/python3.12/site-packages/airflow/example_dags/example_short_circuit_operator.py
[2024-10-22T14:01:45.665+0000] {processor.py:830} INFO - Processing file /home/airflow/.local/lib/python3.12/site-packages/airflow/example_dags/example_short_circuit_operator.py for tasks to queue
[2024-10-22T14:01:45.666+0000] {logging_mixin.py:188} INFO - [2024-10-22T14:01:45.666+0000] {dagbag.py:545} INFO - Filling up the DagBag from /home/airflow/.local/lib/python3.12/site-packages/airflow/example_dags/example_short_circuit_operator.py
[2024-10-22T14:01:45.671+0000] {processor.py:840} INFO - DAG(s) 'example_short_circuit_operator' retrieved from /home/airflow/.local/lib/python3.12/site-packages/airflow/example_dags/example_short_circuit_operator.py
[2024-10-22T14:01:45.686+0000] {logging_mixin.py:188} INFO - [2024-10-22T14:01:45.686+0000] {dag.py:3089} INFO - Sync 1 DAGs
[2024-10-22T14:01:45.700+0000] {logging_mixin.py:188} INFO - [2024-10-22T14:01:45.700+0000] {dag.py:3947} INFO - Setting next_dagrun for example_short_circuit_operator to 2024-10-21 00:00:00+00:00, run_after=2024-10-22 00:00:00+00:00
[2024-10-22T14:01:45.713+0000] {processor.py:183} INFO - Processing /home/airflow/.local/lib/python3.12/site-packages/airflow/example_dags/example_short_circuit_operator.py took 0.052 seconds
[2024-10-22T14:02:15.882+0000] {processor.py:161} INFO - Started process (PID=1345) to work on /home/airflow/.local/lib/python3.12/site-packages/airflow/example_dags/example_short_circuit_operator.py
[2024-10-22T14:02:15.883+0000] {processor.py:830} INFO - Processing file /home/airflow/.local/lib/python3.12/site-packages/airflow/example_dags/example_short_circuit_operator.py for tasks to queue
[2024-10-22T14:02:15.884+0000] {logging_mixin.py:188} INFO - [2024-10-22T14:02:15.884+0000] {dagbag.py:545} INFO - Filling up the DagBag from /home/airflow/.local/lib/python3.12/site-packages/airflow/example_dags/example_short_circuit_operator.py
[2024-10-22T14:02:15.889+0000] {processor.py:840} INFO - DAG(s) 'example_short_circuit_operator' retrieved from /home/airflow/.local/lib/python3.12/site-packages/airflow/example_dags/example_short_circuit_operator.py
[2024-10-22T14:02:15.906+0000] {logging_mixin.py:188} INFO - [2024-10-22T14:02:15.906+0000] {dag.py:3089} INFO - Sync 1 DAGs
[2024-10-22T14:02:15.920+0000] {logging_mixin.py:188} INFO - [2024-10-22T14:02:15.919+0000] {dag.py:3947} INFO - Setting next_dagrun for example_short_circuit_operator to 2024-10-21 00:00:00+00:00, run_after=2024-10-22 00:00:00+00:00
[2024-10-22T14:02:15.931+0000] {processor.py:183} INFO - Processing /home/airflow/.local/lib/python3.12/site-packages/airflow/example_dags/example_short_circuit_operator.py took 0.053 seconds
[2024-10-22T14:02:46.241+0000] {processor.py:161} INFO - Started process (PID=1612) to work on /home/airflow/.local/lib/python3.12/site-packages/airflow/example_dags/example_short_circuit_operator.py
[2024-10-22T14:02:46.242+0000] {processor.py:830} INFO - Processing file /home/airflow/.local/lib/python3.12/site-packages/airflow/example_dags/example_short_circuit_operator.py for tasks to queue
[2024-10-22T14:02:46.243+0000] {logging_mixin.py:188} INFO - [2024-10-22T14:02:46.243+0000] {dagbag.py:545} INFO - Filling up the DagBag from /home/airflow/.local/lib/python3.12/site-packages/airflow/example_dags/example_short_circuit_operator.py
[2024-10-22T14:02:46.248+0000] {processor.py:840} INFO - DAG(s) 'example_short_circuit_operator' retrieved from /home/airflow/.local/lib/python3.12/site-packages/airflow/example_dags/example_short_circuit_operator.py
[2024-10-22T14:02:46.264+0000] {logging_mixin.py:188} INFO - [2024-10-22T14:02:46.263+0000] {dag.py:3089} INFO - Sync 1 DAGs
[2024-10-22T14:02:46.278+0000] {logging_mixin.py:188} INFO - [2024-10-22T14:02:46.277+0000] {dag.py:3947} INFO - Setting next_dagrun for example_short_circuit_operator to 2024-10-21 00:00:00+00:00, run_after=2024-10-22 00:00:00+00:00
[2024-10-22T14:02:46.289+0000] {processor.py:183} INFO - Processing /home/airflow/.local/lib/python3.12/site-packages/airflow/example_dags/example_short_circuit_operator.py took 0.052 seconds
[2024-10-22T14:03:16.513+0000] {processor.py:161} INFO - Started process (PID=1879) to work on /home/airflow/.local/lib/python3.12/site-packages/airflow/example_dags/example_short_circuit_operator.py
[2024-10-22T14:03:16.514+0000] {processor.py:830} INFO - Processing file /home/airflow/.local/lib/python3.12/site-packages/airflow/example_dags/example_short_circuit_operator.py for tasks to queue
[2024-10-22T14:03:16.515+0000] {logging_mixin.py:188} INFO - [2024-10-22T14:03:16.515+0000] {dagbag.py:545} INFO - Filling up the DagBag from /home/airflow/.local/lib/python3.12/site-packages/airflow/example_dags/example_short_circuit_operator.py
[2024-10-22T14:03:16.520+0000] {processor.py:840} INFO - DAG(s) 'example_short_circuit_operator' retrieved from /home/airflow/.local/lib/python3.12/site-packages/airflow/example_dags/example_short_circuit_operator.py
[2024-10-22T14:03:16.535+0000] {logging_mixin.py:188} INFO - [2024-10-22T14:03:16.535+0000] {dag.py:3089} INFO - Sync 1 DAGs
[2024-10-22T14:03:16.548+0000] {logging_mixin.py:188} INFO - [2024-10-22T14:03:16.548+0000] {dag.py:3947} INFO - Setting next_dagrun for example_short_circuit_operator to 2024-10-21 00:00:00+00:00, run_after=2024-10-22 00:00:00+00:00
[2024-10-22T14:03:16.560+0000] {processor.py:183} INFO - Processing /home/airflow/.local/lib/python3.12/site-packages/airflow/example_dags/example_short_circuit_operator.py took 0.051 seconds
[2024-10-22T14:03:46.882+0000] {processor.py:161} INFO - Started process (PID=2146) to work on /home/airflow/.local/lib/python3.12/site-packages/airflow/example_dags/example_short_circuit_operator.py
[2024-10-22T14:03:46.883+0000] {processor.py:830} INFO - Processing file /home/airflow/.local/lib/python3.12/site-packages/airflow/example_dags/example_short_circuit_operator.py for tasks to queue
[2024-10-22T14:03:46.885+0000] {logging_mixin.py:188} INFO - [2024-10-22T14:03:46.884+0000] {dagbag.py:545} INFO - Filling up the DagBag from /home/airflow/.local/lib/python3.12/site-packages/airflow/example_dags/example_short_circuit_operator.py
[2024-10-22T14:03:46.892+0000] {processor.py:840} INFO - DAG(s) 'example_short_circuit_operator' retrieved from /home/airflow/.local/lib/python3.12/site-packages/airflow/example_dags/example_short_circuit_operator.py
[2024-10-22T14:03:46.908+0000] {logging_mixin.py:188} INFO - [2024-10-22T14:03:46.908+0000] {dag.py:3089} INFO - Sync 1 DAGs
[2024-10-22T14:03:46.924+0000] {logging_mixin.py:188} INFO - [2024-10-22T14:03:46.923+0000] {dag.py:3947} INFO - Setting next_dagrun for example_short_circuit_operator to 2024-10-21 00:00:00+00:00, run_after=2024-10-22 00:00:00+00:00
[2024-10-22T14:03:46.937+0000] {processor.py:183} INFO - Processing /home/airflow/.local/lib/python3.12/site-packages/airflow/example_dags/example_short_circuit_operator.py took 0.059 seconds
[2024-10-22T14:34:25.509+0000] {processor.py:161} INFO - Started process (PID=269) to work on /home/airflow/.local/lib/python3.12/site-packages/airflow/example_dags/example_short_circuit_operator.py
[2024-10-22T14:34:25.510+0000] {processor.py:830} INFO - Processing file /home/airflow/.local/lib/python3.12/site-packages/airflow/example_dags/example_short_circuit_operator.py for tasks to queue
[2024-10-22T14:34:25.511+0000] {logging_mixin.py:188} INFO - [2024-10-22T14:34:25.511+0000] {dagbag.py:545} INFO - Filling up the DagBag from /home/airflow/.local/lib/python3.12/site-packages/airflow/example_dags/example_short_circuit_operator.py
[2024-10-22T14:34:25.517+0000] {processor.py:840} INFO - DAG(s) 'example_short_circuit_operator' retrieved from /home/airflow/.local/lib/python3.12/site-packages/airflow/example_dags/example_short_circuit_operator.py
[2024-10-22T14:34:25.525+0000] {logging_mixin.py:188} INFO - [2024-10-22T14:34:25.525+0000] {dag.py:3089} INFO - Sync 1 DAGs
[2024-10-22T14:34:25.543+0000] {logging_mixin.py:188} INFO - [2024-10-22T14:34:25.542+0000] {dag.py:3947} INFO - Setting next_dagrun for example_short_circuit_operator to 2024-10-21 00:00:00+00:00, run_after=2024-10-22 00:00:00+00:00
[2024-10-22T14:34:25.555+0000] {processor.py:183} INFO - Processing /home/airflow/.local/lib/python3.12/site-packages/airflow/example_dags/example_short_circuit_operator.py took 0.050 seconds
[2024-10-22T14:34:56.809+0000] {processor.py:161} INFO - Started process (PID=542) to work on /home/airflow/.local/lib/python3.12/site-packages/airflow/example_dags/example_short_circuit_operator.py
[2024-10-22T14:34:56.810+0000] {processor.py:830} INFO - Processing file /home/airflow/.local/lib/python3.12/site-packages/airflow/example_dags/example_short_circuit_operator.py for tasks to queue
[2024-10-22T14:34:56.811+0000] {logging_mixin.py:188} INFO - [2024-10-22T14:34:56.811+0000] {dagbag.py:545} INFO - Filling up the DagBag from /home/airflow/.local/lib/python3.12/site-packages/airflow/example_dags/example_short_circuit_operator.py
[2024-10-22T14:34:56.816+0000] {processor.py:840} INFO - DAG(s) 'example_short_circuit_operator' retrieved from /home/airflow/.local/lib/python3.12/site-packages/airflow/example_dags/example_short_circuit_operator.py
[2024-10-22T14:34:56.909+0000] {logging_mixin.py:188} INFO - [2024-10-22T14:34:56.909+0000] {dag.py:3089} INFO - Sync 1 DAGs
[2024-10-22T14:34:56.924+0000] {logging_mixin.py:188} INFO - [2024-10-22T14:34:56.924+0000] {dag.py:3947} INFO - Setting next_dagrun for example_short_circuit_operator to 2024-10-21 00:00:00+00:00, run_after=2024-10-22 00:00:00+00:00
[2024-10-22T14:34:56.939+0000] {processor.py:183} INFO - Processing /home/airflow/.local/lib/python3.12/site-packages/airflow/example_dags/example_short_circuit_operator.py took 0.134 seconds
[2024-10-22T14:35:27.044+0000] {processor.py:161} INFO - Started process (PID=811) to work on /home/airflow/.local/lib/python3.12/site-packages/airflow/example_dags/example_short_circuit_operator.py
[2024-10-22T14:35:27.045+0000] {processor.py:830} INFO - Processing file /home/airflow/.local/lib/python3.12/site-packages/airflow/example_dags/example_short_circuit_operator.py for tasks to queue
[2024-10-22T14:35:27.046+0000] {logging_mixin.py:188} INFO - [2024-10-22T14:35:27.046+0000] {dagbag.py:545} INFO - Filling up the DagBag from /home/airflow/.local/lib/python3.12/site-packages/airflow/example_dags/example_short_circuit_operator.py
[2024-10-22T14:35:27.051+0000] {processor.py:840} INFO - DAG(s) 'example_short_circuit_operator' retrieved from /home/airflow/.local/lib/python3.12/site-packages/airflow/example_dags/example_short_circuit_operator.py
[2024-10-22T14:35:27.066+0000] {logging_mixin.py:188} INFO - [2024-10-22T14:35:27.066+0000] {dag.py:3089} INFO - Sync 1 DAGs
[2024-10-22T14:35:27.080+0000] {logging_mixin.py:188} INFO - [2024-10-22T14:35:27.080+0000] {dag.py:3947} INFO - Setting next_dagrun for example_short_circuit_operator to 2024-10-21 00:00:00+00:00, run_after=2024-10-22 00:00:00+00:00
[2024-10-22T14:35:27.092+0000] {processor.py:183} INFO - Processing /home/airflow/.local/lib/python3.12/site-packages/airflow/example_dags/example_short_circuit_operator.py took 0.051 seconds
[2024-10-22T14:35:57.229+0000] {processor.py:161} INFO - Started process (PID=1078) to work on /home/airflow/.local/lib/python3.12/site-packages/airflow/example_dags/example_short_circuit_operator.py
[2024-10-22T14:35:57.230+0000] {processor.py:830} INFO - Processing file /home/airflow/.local/lib/python3.12/site-packages/airflow/example_dags/example_short_circuit_operator.py for tasks to queue
[2024-10-22T14:35:57.231+0000] {logging_mixin.py:188} INFO - [2024-10-22T14:35:57.231+0000] {dagbag.py:545} INFO - Filling up the DagBag from /home/airflow/.local/lib/python3.12/site-packages/airflow/example_dags/example_short_circuit_operator.py
[2024-10-22T14:35:57.237+0000] {processor.py:840} INFO - DAG(s) 'example_short_circuit_operator' retrieved from /home/airflow/.local/lib/python3.12/site-packages/airflow/example_dags/example_short_circuit_operator.py
[2024-10-22T14:35:57.253+0000] {logging_mixin.py:188} INFO - [2024-10-22T14:35:57.252+0000] {dag.py:3089} INFO - Sync 1 DAGs
[2024-10-22T14:35:57.266+0000] {logging_mixin.py:188} INFO - [2024-10-22T14:35:57.266+0000] {dag.py:3947} INFO - Setting next_dagrun for example_short_circuit_operator to 2024-10-21 00:00:00+00:00, run_after=2024-10-22 00:00:00+00:00
[2024-10-22T14:35:57.279+0000] {processor.py:183} INFO - Processing /home/airflow/.local/lib/python3.12/site-packages/airflow/example_dags/example_short_circuit_operator.py took 0.055 seconds
[2024-10-22T14:36:27.571+0000] {processor.py:161} INFO - Started process (PID=1345) to work on /home/airflow/.local/lib/python3.12/site-packages/airflow/example_dags/example_short_circuit_operator.py
[2024-10-22T14:36:27.572+0000] {processor.py:830} INFO - Processing file /home/airflow/.local/lib/python3.12/site-packages/airflow/example_dags/example_short_circuit_operator.py for tasks to queue
[2024-10-22T14:36:27.574+0000] {logging_mixin.py:188} INFO - [2024-10-22T14:36:27.573+0000] {dagbag.py:545} INFO - Filling up the DagBag from /home/airflow/.local/lib/python3.12/site-packages/airflow/example_dags/example_short_circuit_operator.py
[2024-10-22T14:36:27.579+0000] {processor.py:840} INFO - DAG(s) 'example_short_circuit_operator' retrieved from /home/airflow/.local/lib/python3.12/site-packages/airflow/example_dags/example_short_circuit_operator.py
[2024-10-22T14:36:27.594+0000] {logging_mixin.py:188} INFO - [2024-10-22T14:36:27.594+0000] {dag.py:3089} INFO - Sync 1 DAGs
[2024-10-22T14:36:27.608+0000] {logging_mixin.py:188} INFO - [2024-10-22T14:36:27.608+0000] {dag.py:3947} INFO - Setting next_dagrun for example_short_circuit_operator to 2024-10-21 00:00:00+00:00, run_after=2024-10-22 00:00:00+00:00
[2024-10-22T14:36:27.619+0000] {processor.py:183} INFO - Processing /home/airflow/.local/lib/python3.12/site-packages/airflow/example_dags/example_short_circuit_operator.py took 0.052 seconds
[2024-10-22T14:36:57.758+0000] {processor.py:161} INFO - Started process (PID=1610) to work on /home/airflow/.local/lib/python3.12/site-packages/airflow/example_dags/example_short_circuit_operator.py
[2024-10-22T14:36:57.758+0000] {processor.py:830} INFO - Processing file /home/airflow/.local/lib/python3.12/site-packages/airflow/example_dags/example_short_circuit_operator.py for tasks to queue
[2024-10-22T14:36:57.760+0000] {logging_mixin.py:188} INFO - [2024-10-22T14:36:57.759+0000] {dagbag.py:545} INFO - Filling up the DagBag from /home/airflow/.local/lib/python3.12/site-packages/airflow/example_dags/example_short_circuit_operator.py
[2024-10-22T14:36:57.764+0000] {processor.py:840} INFO - DAG(s) 'example_short_circuit_operator' retrieved from /home/airflow/.local/lib/python3.12/site-packages/airflow/example_dags/example_short_circuit_operator.py
[2024-10-22T14:36:57.780+0000] {logging_mixin.py:188} INFO - [2024-10-22T14:36:57.779+0000] {dag.py:3089} INFO - Sync 1 DAGs
[2024-10-22T14:36:57.793+0000] {logging_mixin.py:188} INFO - [2024-10-22T14:36:57.793+0000] {dag.py:3947} INFO - Setting next_dagrun for example_short_circuit_operator to 2024-10-21 00:00:00+00:00, run_after=2024-10-22 00:00:00+00:00
[2024-10-22T14:36:57.807+0000] {processor.py:183} INFO - Processing /home/airflow/.local/lib/python3.12/site-packages/airflow/example_dags/example_short_circuit_operator.py took 0.054 seconds
[2024-10-22T14:37:28.041+0000] {processor.py:161} INFO - Started process (PID=1877) to work on /home/airflow/.local/lib/python3.12/site-packages/airflow/example_dags/example_short_circuit_operator.py
[2024-10-22T14:37:28.042+0000] {processor.py:830} INFO - Processing file /home/airflow/.local/lib/python3.12/site-packages/airflow/example_dags/example_short_circuit_operator.py for tasks to queue
[2024-10-22T14:37:28.043+0000] {logging_mixin.py:188} INFO - [2024-10-22T14:37:28.043+0000] {dagbag.py:545} INFO - Filling up the DagBag from /home/airflow/.local/lib/python3.12/site-packages/airflow/example_dags/example_short_circuit_operator.py
[2024-10-22T14:37:28.048+0000] {processor.py:840} INFO - DAG(s) 'example_short_circuit_operator' retrieved from /home/airflow/.local/lib/python3.12/site-packages/airflow/example_dags/example_short_circuit_operator.py
[2024-10-22T14:37:28.064+0000] {logging_mixin.py:188} INFO - [2024-10-22T14:37:28.064+0000] {dag.py:3089} INFO - Sync 1 DAGs
[2024-10-22T14:37:28.079+0000] {logging_mixin.py:188} INFO - [2024-10-22T14:37:28.079+0000] {dag.py:3947} INFO - Setting next_dagrun for example_short_circuit_operator to 2024-10-21 00:00:00+00:00, run_after=2024-10-22 00:00:00+00:00
[2024-10-22T14:37:28.091+0000] {processor.py:183} INFO - Processing /home/airflow/.local/lib/python3.12/site-packages/airflow/example_dags/example_short_circuit_operator.py took 0.054 seconds
[2024-10-22T14:37:58.250+0000] {processor.py:161} INFO - Started process (PID=2144) to work on /home/airflow/.local/lib/python3.12/site-packages/airflow/example_dags/example_short_circuit_operator.py
[2024-10-22T14:37:58.251+0000] {processor.py:830} INFO - Processing file /home/airflow/.local/lib/python3.12/site-packages/airflow/example_dags/example_short_circuit_operator.py for tasks to queue
[2024-10-22T14:37:58.253+0000] {logging_mixin.py:188} INFO - [2024-10-22T14:37:58.252+0000] {dagbag.py:545} INFO - Filling up the DagBag from /home/airflow/.local/lib/python3.12/site-packages/airflow/example_dags/example_short_circuit_operator.py
[2024-10-22T14:37:58.258+0000] {processor.py:840} INFO - DAG(s) 'example_short_circuit_operator' retrieved from /home/airflow/.local/lib/python3.12/site-packages/airflow/example_dags/example_short_circuit_operator.py
[2024-10-22T14:37:58.273+0000] {logging_mixin.py:188} INFO - [2024-10-22T14:37:58.272+0000] {dag.py:3089} INFO - Sync 1 DAGs
[2024-10-22T14:37:58.287+0000] {logging_mixin.py:188} INFO - [2024-10-22T14:37:58.286+0000] {dag.py:3947} INFO - Setting next_dagrun for example_short_circuit_operator to 2024-10-21 00:00:00+00:00, run_after=2024-10-22 00:00:00+00:00
[2024-10-22T14:37:58.299+0000] {processor.py:183} INFO - Processing /home/airflow/.local/lib/python3.12/site-packages/airflow/example_dags/example_short_circuit_operator.py took 0.052 seconds
[2024-10-22T14:38:29.399+0000] {processor.py:161} INFO - Started process (PID=2411) to work on /home/airflow/.local/lib/python3.12/site-packages/airflow/example_dags/example_short_circuit_operator.py
[2024-10-22T14:38:29.400+0000] {processor.py:830} INFO - Processing file /home/airflow/.local/lib/python3.12/site-packages/airflow/example_dags/example_short_circuit_operator.py for tasks to queue
[2024-10-22T14:38:29.401+0000] {logging_mixin.py:188} INFO - [2024-10-22T14:38:29.401+0000] {dagbag.py:545} INFO - Filling up the DagBag from /home/airflow/.local/lib/python3.12/site-packages/airflow/example_dags/example_short_circuit_operator.py
[2024-10-22T14:38:29.407+0000] {processor.py:840} INFO - DAG(s) 'example_short_circuit_operator' retrieved from /home/airflow/.local/lib/python3.12/site-packages/airflow/example_dags/example_short_circuit_operator.py
[2024-10-22T14:38:29.422+0000] {logging_mixin.py:188} INFO - [2024-10-22T14:38:29.422+0000] {dag.py:3089} INFO - Sync 1 DAGs
[2024-10-22T14:38:29.436+0000] {logging_mixin.py:188} INFO - [2024-10-22T14:38:29.436+0000] {dag.py:3947} INFO - Setting next_dagrun for example_short_circuit_operator to 2024-10-21 00:00:00+00:00, run_after=2024-10-22 00:00:00+00:00
[2024-10-22T14:38:29.448+0000] {processor.py:183} INFO - Processing /home/airflow/.local/lib/python3.12/site-packages/airflow/example_dags/example_short_circuit_operator.py took 0.052 seconds
[2024-10-22T14:38:59.790+0000] {processor.py:161} INFO - Started process (PID=2680) to work on /home/airflow/.local/lib/python3.12/site-packages/airflow/example_dags/example_short_circuit_operator.py
[2024-10-22T14:38:59.791+0000] {processor.py:830} INFO - Processing file /home/airflow/.local/lib/python3.12/site-packages/airflow/example_dags/example_short_circuit_operator.py for tasks to queue
[2024-10-22T14:38:59.792+0000] {logging_mixin.py:188} INFO - [2024-10-22T14:38:59.792+0000] {dagbag.py:545} INFO - Filling up the DagBag from /home/airflow/.local/lib/python3.12/site-packages/airflow/example_dags/example_short_circuit_operator.py
[2024-10-22T14:38:59.797+0000] {processor.py:840} INFO - DAG(s) 'example_short_circuit_operator' retrieved from /home/airflow/.local/lib/python3.12/site-packages/airflow/example_dags/example_short_circuit_operator.py
[2024-10-22T14:38:59.812+0000] {logging_mixin.py:188} INFO - [2024-10-22T14:38:59.812+0000] {dag.py:3089} INFO - Sync 1 DAGs
[2024-10-22T14:38:59.826+0000] {logging_mixin.py:188} INFO - [2024-10-22T14:38:59.826+0000] {dag.py:3947} INFO - Setting next_dagrun for example_short_circuit_operator to 2024-10-21 00:00:00+00:00, run_after=2024-10-22 00:00:00+00:00
[2024-10-22T14:38:59.837+0000] {processor.py:183} INFO - Processing /home/airflow/.local/lib/python3.12/site-packages/airflow/example_dags/example_short_circuit_operator.py took 0.051 seconds
[2024-10-22T14:39:29.984+0000] {processor.py:161} INFO - Started process (PID=2947) to work on /home/airflow/.local/lib/python3.12/site-packages/airflow/example_dags/example_short_circuit_operator.py
[2024-10-22T14:39:29.985+0000] {processor.py:830} INFO - Processing file /home/airflow/.local/lib/python3.12/site-packages/airflow/example_dags/example_short_circuit_operator.py for tasks to queue
[2024-10-22T14:39:29.986+0000] {logging_mixin.py:188} INFO - [2024-10-22T14:39:29.986+0000] {dagbag.py:545} INFO - Filling up the DagBag from /home/airflow/.local/lib/python3.12/site-packages/airflow/example_dags/example_short_circuit_operator.py
[2024-10-22T14:39:29.991+0000] {processor.py:840} INFO - DAG(s) 'example_short_circuit_operator' retrieved from /home/airflow/.local/lib/python3.12/site-packages/airflow/example_dags/example_short_circuit_operator.py
[2024-10-22T14:39:30.006+0000] {logging_mixin.py:188} INFO - [2024-10-22T14:39:30.006+0000] {dag.py:3089} INFO - Sync 1 DAGs
[2024-10-22T14:39:30.020+0000] {logging_mixin.py:188} INFO - [2024-10-22T14:39:30.019+0000] {dag.py:3947} INFO - Setting next_dagrun for example_short_circuit_operator to 2024-10-21 00:00:00+00:00, run_after=2024-10-22 00:00:00+00:00
[2024-10-22T14:39:30.031+0000] {processor.py:183} INFO - Processing /home/airflow/.local/lib/python3.12/site-packages/airflow/example_dags/example_short_circuit_operator.py took 0.051 seconds
[2024-10-22T14:40:00.262+0000] {processor.py:161} INFO - Started process (PID=3214) to work on /home/airflow/.local/lib/python3.12/site-packages/airflow/example_dags/example_short_circuit_operator.py
[2024-10-22T14:40:00.263+0000] {processor.py:830} INFO - Processing file /home/airflow/.local/lib/python3.12/site-packages/airflow/example_dags/example_short_circuit_operator.py for tasks to queue
[2024-10-22T14:40:00.264+0000] {logging_mixin.py:188} INFO - [2024-10-22T14:40:00.264+0000] {dagbag.py:545} INFO - Filling up the DagBag from /home/airflow/.local/lib/python3.12/site-packages/airflow/example_dags/example_short_circuit_operator.py
[2024-10-22T14:40:00.269+0000] {processor.py:840} INFO - DAG(s) 'example_short_circuit_operator' retrieved from /home/airflow/.local/lib/python3.12/site-packages/airflow/example_dags/example_short_circuit_operator.py
[2024-10-22T14:40:00.285+0000] {logging_mixin.py:188} INFO - [2024-10-22T14:40:00.285+0000] {dag.py:3089} INFO - Sync 1 DAGs
[2024-10-22T14:40:00.299+0000] {logging_mixin.py:188} INFO - [2024-10-22T14:40:00.299+0000] {dag.py:3947} INFO - Setting next_dagrun for example_short_circuit_operator to 2024-10-21 00:00:00+00:00, run_after=2024-10-22 00:00:00+00:00
[2024-10-22T14:40:00.311+0000] {processor.py:183} INFO - Processing /home/airflow/.local/lib/python3.12/site-packages/airflow/example_dags/example_short_circuit_operator.py took 0.053 seconds
[2024-10-22T14:40:30.453+0000] {processor.py:161} INFO - Started process (PID=3479) to work on /home/airflow/.local/lib/python3.12/site-packages/airflow/example_dags/example_short_circuit_operator.py
[2024-10-22T14:40:30.454+0000] {processor.py:830} INFO - Processing file /home/airflow/.local/lib/python3.12/site-packages/airflow/example_dags/example_short_circuit_operator.py for tasks to queue
[2024-10-22T14:40:30.455+0000] {logging_mixin.py:188} INFO - [2024-10-22T14:40:30.455+0000] {dagbag.py:545} INFO - Filling up the DagBag from /home/airflow/.local/lib/python3.12/site-packages/airflow/example_dags/example_short_circuit_operator.py
[2024-10-22T14:40:30.460+0000] {processor.py:840} INFO - DAG(s) 'example_short_circuit_operator' retrieved from /home/airflow/.local/lib/python3.12/site-packages/airflow/example_dags/example_short_circuit_operator.py
[2024-10-22T14:40:30.475+0000] {logging_mixin.py:188} INFO - [2024-10-22T14:40:30.475+0000] {dag.py:3089} INFO - Sync 1 DAGs
[2024-10-22T14:40:30.489+0000] {logging_mixin.py:188} INFO - [2024-10-22T14:40:30.489+0000] {dag.py:3947} INFO - Setting next_dagrun for example_short_circuit_operator to 2024-10-21 00:00:00+00:00, run_after=2024-10-22 00:00:00+00:00
[2024-10-22T14:40:30.501+0000] {processor.py:183} INFO - Processing /home/airflow/.local/lib/python3.12/site-packages/airflow/example_dags/example_short_circuit_operator.py took 0.052 seconds
[2024-10-22T14:41:00.542+0000] {processor.py:161} INFO - Started process (PID=3741) to work on /home/airflow/.local/lib/python3.12/site-packages/airflow/example_dags/example_short_circuit_operator.py
[2024-10-22T14:41:00.543+0000] {processor.py:830} INFO - Processing file /home/airflow/.local/lib/python3.12/site-packages/airflow/example_dags/example_short_circuit_operator.py for tasks to queue
[2024-10-22T14:41:00.544+0000] {logging_mixin.py:188} INFO - [2024-10-22T14:41:00.544+0000] {dagbag.py:545} INFO - Filling up the DagBag from /home/airflow/.local/lib/python3.12/site-packages/airflow/example_dags/example_short_circuit_operator.py
[2024-10-22T14:41:00.549+0000] {processor.py:840} INFO - DAG(s) 'example_short_circuit_operator' retrieved from /home/airflow/.local/lib/python3.12/site-packages/airflow/example_dags/example_short_circuit_operator.py
[2024-10-22T14:41:00.566+0000] {logging_mixin.py:188} INFO - [2024-10-22T14:41:00.565+0000] {dag.py:3089} INFO - Sync 1 DAGs
[2024-10-22T14:41:00.581+0000] {logging_mixin.py:188} INFO - [2024-10-22T14:41:00.581+0000] {dag.py:3947} INFO - Setting next_dagrun for example_short_circuit_operator to 2024-10-21 00:00:00+00:00, run_after=2024-10-22 00:00:00+00:00
[2024-10-22T14:41:00.593+0000] {processor.py:183} INFO - Processing /home/airflow/.local/lib/python3.12/site-packages/airflow/example_dags/example_short_circuit_operator.py took 0.055 seconds
[2024-10-22T14:41:30.658+0000] {processor.py:161} INFO - Started process (PID=4008) to work on /home/airflow/.local/lib/python3.12/site-packages/airflow/example_dags/example_short_circuit_operator.py
[2024-10-22T14:41:30.659+0000] {processor.py:830} INFO - Processing file /home/airflow/.local/lib/python3.12/site-packages/airflow/example_dags/example_short_circuit_operator.py for tasks to queue
[2024-10-22T14:41:30.660+0000] {logging_mixin.py:188} INFO - [2024-10-22T14:41:30.660+0000] {dagbag.py:545} INFO - Filling up the DagBag from /home/airflow/.local/lib/python3.12/site-packages/airflow/example_dags/example_short_circuit_operator.py
[2024-10-22T14:41:30.665+0000] {processor.py:840} INFO - DAG(s) 'example_short_circuit_operator' retrieved from /home/airflow/.local/lib/python3.12/site-packages/airflow/example_dags/example_short_circuit_operator.py
[2024-10-22T14:41:30.681+0000] {logging_mixin.py:188} INFO - [2024-10-22T14:41:30.681+0000] {dag.py:3089} INFO - Sync 1 DAGs
[2024-10-22T14:41:30.696+0000] {logging_mixin.py:188} INFO - [2024-10-22T14:41:30.696+0000] {dag.py:3947} INFO - Setting next_dagrun for example_short_circuit_operator to 2024-10-21 00:00:00+00:00, run_after=2024-10-22 00:00:00+00:00
[2024-10-22T14:41:30.709+0000] {processor.py:183} INFO - Processing /home/airflow/.local/lib/python3.12/site-packages/airflow/example_dags/example_short_circuit_operator.py took 0.055 seconds
[2024-10-22T14:42:00.938+0000] {processor.py:161} INFO - Started process (PID=4275) to work on /home/airflow/.local/lib/python3.12/site-packages/airflow/example_dags/example_short_circuit_operator.py
[2024-10-22T14:42:00.939+0000] {processor.py:830} INFO - Processing file /home/airflow/.local/lib/python3.12/site-packages/airflow/example_dags/example_short_circuit_operator.py for tasks to queue
[2024-10-22T14:42:00.940+0000] {logging_mixin.py:188} INFO - [2024-10-22T14:42:00.940+0000] {dagbag.py:545} INFO - Filling up the DagBag from /home/airflow/.local/lib/python3.12/site-packages/airflow/example_dags/example_short_circuit_operator.py
[2024-10-22T14:42:00.945+0000] {processor.py:840} INFO - DAG(s) 'example_short_circuit_operator' retrieved from /home/airflow/.local/lib/python3.12/site-packages/airflow/example_dags/example_short_circuit_operator.py
[2024-10-22T14:42:00.960+0000] {logging_mixin.py:188} INFO - [2024-10-22T14:42:00.960+0000] {dag.py:3089} INFO - Sync 1 DAGs
[2024-10-22T14:42:00.975+0000] {logging_mixin.py:188} INFO - [2024-10-22T14:42:00.975+0000] {dag.py:3947} INFO - Setting next_dagrun for example_short_circuit_operator to 2024-10-21 00:00:00+00:00, run_after=2024-10-22 00:00:00+00:00
[2024-10-22T14:42:00.988+0000] {processor.py:183} INFO - Processing /home/airflow/.local/lib/python3.12/site-packages/airflow/example_dags/example_short_circuit_operator.py took 0.054 seconds
[2024-10-22T14:42:48.040+0000] {processor.py:161} INFO - Started process (PID=275) to work on /home/airflow/.local/lib/python3.12/site-packages/airflow/example_dags/example_short_circuit_operator.py
[2024-10-22T14:42:48.041+0000] {processor.py:830} INFO - Processing file /home/airflow/.local/lib/python3.12/site-packages/airflow/example_dags/example_short_circuit_operator.py for tasks to queue
[2024-10-22T14:42:48.043+0000] {logging_mixin.py:188} INFO - [2024-10-22T14:42:48.043+0000] {dagbag.py:545} INFO - Filling up the DagBag from /home/airflow/.local/lib/python3.12/site-packages/airflow/example_dags/example_short_circuit_operator.py
[2024-10-22T14:42:48.051+0000] {processor.py:840} INFO - DAG(s) 'example_short_circuit_operator' retrieved from /home/airflow/.local/lib/python3.12/site-packages/airflow/example_dags/example_short_circuit_operator.py
[2024-10-22T14:42:48.061+0000] {logging_mixin.py:188} INFO - [2024-10-22T14:42:48.061+0000] {dag.py:3089} INFO - Sync 1 DAGs
[2024-10-22T14:42:48.078+0000] {logging_mixin.py:188} INFO - [2024-10-22T14:42:48.078+0000] {dag.py:3947} INFO - Setting next_dagrun for example_short_circuit_operator to 2024-10-21 00:00:00+00:00, run_after=2024-10-22 00:00:00+00:00
[2024-10-22T14:42:48.092+0000] {processor.py:183} INFO - Processing /home/airflow/.local/lib/python3.12/site-packages/airflow/example_dags/example_short_circuit_operator.py took 0.056 seconds
[2024-10-22T14:43:18.958+0000] {processor.py:161} INFO - Started process (PID=542) to work on /home/airflow/.local/lib/python3.12/site-packages/airflow/example_dags/example_short_circuit_operator.py
[2024-10-22T14:43:18.959+0000] {processor.py:830} INFO - Processing file /home/airflow/.local/lib/python3.12/site-packages/airflow/example_dags/example_short_circuit_operator.py for tasks to queue
[2024-10-22T14:43:18.960+0000] {logging_mixin.py:188} INFO - [2024-10-22T14:43:18.960+0000] {dagbag.py:545} INFO - Filling up the DagBag from /home/airflow/.local/lib/python3.12/site-packages/airflow/example_dags/example_short_circuit_operator.py
[2024-10-22T14:43:18.965+0000] {processor.py:840} INFO - DAG(s) 'example_short_circuit_operator' retrieved from /home/airflow/.local/lib/python3.12/site-packages/airflow/example_dags/example_short_circuit_operator.py
[2024-10-22T14:43:19.036+0000] {logging_mixin.py:188} INFO - [2024-10-22T14:43:19.036+0000] {dag.py:3089} INFO - Sync 1 DAGs
[2024-10-22T14:43:19.050+0000] {logging_mixin.py:188} INFO - [2024-10-22T14:43:19.050+0000] {dag.py:3947} INFO - Setting next_dagrun for example_short_circuit_operator to 2024-10-21 00:00:00+00:00, run_after=2024-10-22 00:00:00+00:00
[2024-10-22T14:43:19.062+0000] {processor.py:183} INFO - Processing /home/airflow/.local/lib/python3.12/site-packages/airflow/example_dags/example_short_circuit_operator.py took 0.108 seconds
[2024-10-22T14:43:49.132+0000] {processor.py:161} INFO - Started process (PID=814) to work on /home/airflow/.local/lib/python3.12/site-packages/airflow/example_dags/example_short_circuit_operator.py
[2024-10-22T14:43:49.133+0000] {processor.py:830} INFO - Processing file /home/airflow/.local/lib/python3.12/site-packages/airflow/example_dags/example_short_circuit_operator.py for tasks to queue
[2024-10-22T14:43:49.134+0000] {logging_mixin.py:188} INFO - [2024-10-22T14:43:49.134+0000] {dagbag.py:545} INFO - Filling up the DagBag from /home/airflow/.local/lib/python3.12/site-packages/airflow/example_dags/example_short_circuit_operator.py
[2024-10-22T14:43:49.139+0000] {processor.py:840} INFO - DAG(s) 'example_short_circuit_operator' retrieved from /home/airflow/.local/lib/python3.12/site-packages/airflow/example_dags/example_short_circuit_operator.py
[2024-10-22T14:43:49.155+0000] {logging_mixin.py:188} INFO - [2024-10-22T14:43:49.155+0000] {dag.py:3089} INFO - Sync 1 DAGs
[2024-10-22T14:43:49.169+0000] {logging_mixin.py:188} INFO - [2024-10-22T14:43:49.169+0000] {dag.py:3947} INFO - Setting next_dagrun for example_short_circuit_operator to 2024-10-21 00:00:00+00:00, run_after=2024-10-22 00:00:00+00:00
[2024-10-22T14:43:49.181+0000] {processor.py:183} INFO - Processing /home/airflow/.local/lib/python3.12/site-packages/airflow/example_dags/example_short_circuit_operator.py took 0.053 seconds
[2024-10-22T14:44:19.352+0000] {processor.py:161} INFO - Started process (PID=1079) to work on /home/airflow/.local/lib/python3.12/site-packages/airflow/example_dags/example_short_circuit_operator.py
[2024-10-22T14:44:19.353+0000] {processor.py:830} INFO - Processing file /home/airflow/.local/lib/python3.12/site-packages/airflow/example_dags/example_short_circuit_operator.py for tasks to queue
[2024-10-22T14:44:19.354+0000] {logging_mixin.py:188} INFO - [2024-10-22T14:44:19.354+0000] {dagbag.py:545} INFO - Filling up the DagBag from /home/airflow/.local/lib/python3.12/site-packages/airflow/example_dags/example_short_circuit_operator.py
[2024-10-22T14:44:19.359+0000] {processor.py:840} INFO - DAG(s) 'example_short_circuit_operator' retrieved from /home/airflow/.local/lib/python3.12/site-packages/airflow/example_dags/example_short_circuit_operator.py
[2024-10-22T14:44:19.375+0000] {logging_mixin.py:188} INFO - [2024-10-22T14:44:19.375+0000] {dag.py:3089} INFO - Sync 1 DAGs
[2024-10-22T14:44:19.390+0000] {logging_mixin.py:188} INFO - [2024-10-22T14:44:19.390+0000] {dag.py:3947} INFO - Setting next_dagrun for example_short_circuit_operator to 2024-10-21 00:00:00+00:00, run_after=2024-10-22 00:00:00+00:00
[2024-10-22T14:44:19.402+0000] {processor.py:183} INFO - Processing /home/airflow/.local/lib/python3.12/site-packages/airflow/example_dags/example_short_circuit_operator.py took 0.054 seconds
[2024-10-22T14:44:49.568+0000] {processor.py:161} INFO - Started process (PID=1346) to work on /home/airflow/.local/lib/python3.12/site-packages/airflow/example_dags/example_short_circuit_operator.py
[2024-10-22T14:44:49.569+0000] {processor.py:830} INFO - Processing file /home/airflow/.local/lib/python3.12/site-packages/airflow/example_dags/example_short_circuit_operator.py for tasks to queue
[2024-10-22T14:44:49.570+0000] {logging_mixin.py:188} INFO - [2024-10-22T14:44:49.570+0000] {dagbag.py:545} INFO - Filling up the DagBag from /home/airflow/.local/lib/python3.12/site-packages/airflow/example_dags/example_short_circuit_operator.py
[2024-10-22T14:44:49.575+0000] {processor.py:840} INFO - DAG(s) 'example_short_circuit_operator' retrieved from /home/airflow/.local/lib/python3.12/site-packages/airflow/example_dags/example_short_circuit_operator.py
[2024-10-22T14:44:49.591+0000] {logging_mixin.py:188} INFO - [2024-10-22T14:44:49.591+0000] {dag.py:3089} INFO - Sync 1 DAGs
[2024-10-22T14:44:49.605+0000] {logging_mixin.py:188} INFO - [2024-10-22T14:44:49.605+0000] {dag.py:3947} INFO - Setting next_dagrun for example_short_circuit_operator to 2024-10-21 00:00:00+00:00, run_after=2024-10-22 00:00:00+00:00
[2024-10-22T14:44:49.618+0000] {processor.py:183} INFO - Processing /home/airflow/.local/lib/python3.12/site-packages/airflow/example_dags/example_short_circuit_operator.py took 0.053 seconds
[2024-10-22T14:45:20.077+0000] {processor.py:161} INFO - Started process (PID=1613) to work on /home/airflow/.local/lib/python3.12/site-packages/airflow/example_dags/example_short_circuit_operator.py
[2024-10-22T14:45:20.078+0000] {processor.py:830} INFO - Processing file /home/airflow/.local/lib/python3.12/site-packages/airflow/example_dags/example_short_circuit_operator.py for tasks to queue
[2024-10-22T14:45:20.079+0000] {logging_mixin.py:188} INFO - [2024-10-22T14:45:20.079+0000] {dagbag.py:545} INFO - Filling up the DagBag from /home/airflow/.local/lib/python3.12/site-packages/airflow/example_dags/example_short_circuit_operator.py
[2024-10-22T14:45:20.085+0000] {processor.py:840} INFO - DAG(s) 'example_short_circuit_operator' retrieved from /home/airflow/.local/lib/python3.12/site-packages/airflow/example_dags/example_short_circuit_operator.py
[2024-10-22T14:45:20.102+0000] {logging_mixin.py:188} INFO - [2024-10-22T14:45:20.102+0000] {dag.py:3089} INFO - Sync 1 DAGs
[2024-10-22T14:45:20.118+0000] {logging_mixin.py:188} INFO - [2024-10-22T14:45:20.118+0000] {dag.py:3947} INFO - Setting next_dagrun for example_short_circuit_operator to 2024-10-21 00:00:00+00:00, run_after=2024-10-22 00:00:00+00:00
[2024-10-22T14:45:20.132+0000] {processor.py:183} INFO - Processing /home/airflow/.local/lib/python3.12/site-packages/airflow/example_dags/example_short_circuit_operator.py took 0.059 seconds
[2024-10-22T14:45:50.489+0000] {processor.py:161} INFO - Started process (PID=1880) to work on /home/airflow/.local/lib/python3.12/site-packages/airflow/example_dags/example_short_circuit_operator.py
[2024-10-22T14:45:50.489+0000] {processor.py:830} INFO - Processing file /home/airflow/.local/lib/python3.12/site-packages/airflow/example_dags/example_short_circuit_operator.py for tasks to queue
[2024-10-22T14:45:50.491+0000] {logging_mixin.py:188} INFO - [2024-10-22T14:45:50.490+0000] {dagbag.py:545} INFO - Filling up the DagBag from /home/airflow/.local/lib/python3.12/site-packages/airflow/example_dags/example_short_circuit_operator.py
[2024-10-22T14:45:50.496+0000] {processor.py:840} INFO - DAG(s) 'example_short_circuit_operator' retrieved from /home/airflow/.local/lib/python3.12/site-packages/airflow/example_dags/example_short_circuit_operator.py
[2024-10-22T14:45:50.514+0000] {logging_mixin.py:188} INFO - [2024-10-22T14:45:50.513+0000] {dag.py:3089} INFO - Sync 1 DAGs
[2024-10-22T14:45:50.530+0000] {logging_mixin.py:188} INFO - [2024-10-22T14:45:50.530+0000] {dag.py:3947} INFO - Setting next_dagrun for example_short_circuit_operator to 2024-10-21 00:00:00+00:00, run_after=2024-10-22 00:00:00+00:00
[2024-10-22T14:45:50.544+0000] {processor.py:183} INFO - Processing /home/airflow/.local/lib/python3.12/site-packages/airflow/example_dags/example_short_circuit_operator.py took 0.060 seconds
[2024-10-22T14:46:21.253+0000] {processor.py:161} INFO - Started process (PID=2149) to work on /home/airflow/.local/lib/python3.12/site-packages/airflow/example_dags/example_short_circuit_operator.py
[2024-10-22T14:46:21.254+0000] {processor.py:830} INFO - Processing file /home/airflow/.local/lib/python3.12/site-packages/airflow/example_dags/example_short_circuit_operator.py for tasks to queue
[2024-10-22T14:46:21.256+0000] {logging_mixin.py:188} INFO - [2024-10-22T14:46:21.256+0000] {dagbag.py:545} INFO - Filling up the DagBag from /home/airflow/.local/lib/python3.12/site-packages/airflow/example_dags/example_short_circuit_operator.py
[2024-10-22T14:46:21.262+0000] {processor.py:840} INFO - DAG(s) 'example_short_circuit_operator' retrieved from /home/airflow/.local/lib/python3.12/site-packages/airflow/example_dags/example_short_circuit_operator.py
[2024-10-22T14:46:21.283+0000] {logging_mixin.py:188} INFO - [2024-10-22T14:46:21.283+0000] {dag.py:3089} INFO - Sync 1 DAGs
[2024-10-22T14:46:21.303+0000] {logging_mixin.py:188} INFO - [2024-10-22T14:46:21.302+0000] {dag.py:3947} INFO - Setting next_dagrun for example_short_circuit_operator to 2024-10-21 00:00:00+00:00, run_after=2024-10-22 00:00:00+00:00
[2024-10-22T14:46:21.322+0000] {processor.py:183} INFO - Processing /home/airflow/.local/lib/python3.12/site-packages/airflow/example_dags/example_short_circuit_operator.py took 0.075 seconds
[2024-10-22T14:46:52.246+0000] {processor.py:161} INFO - Started process (PID=2417) to work on /home/airflow/.local/lib/python3.12/site-packages/airflow/example_dags/example_short_circuit_operator.py
[2024-10-22T14:46:52.247+0000] {processor.py:830} INFO - Processing file /home/airflow/.local/lib/python3.12/site-packages/airflow/example_dags/example_short_circuit_operator.py for tasks to queue
[2024-10-22T14:46:52.248+0000] {logging_mixin.py:188} INFO - [2024-10-22T14:46:52.248+0000] {dagbag.py:545} INFO - Filling up the DagBag from /home/airflow/.local/lib/python3.12/site-packages/airflow/example_dags/example_short_circuit_operator.py
[2024-10-22T14:46:52.253+0000] {processor.py:840} INFO - DAG(s) 'example_short_circuit_operator' retrieved from /home/airflow/.local/lib/python3.12/site-packages/airflow/example_dags/example_short_circuit_operator.py
[2024-10-22T14:46:52.270+0000] {logging_mixin.py:188} INFO - [2024-10-22T14:46:52.270+0000] {dag.py:3089} INFO - Sync 1 DAGs
[2024-10-22T14:46:52.285+0000] {logging_mixin.py:188} INFO - [2024-10-22T14:46:52.285+0000] {dag.py:3947} INFO - Setting next_dagrun for example_short_circuit_operator to 2024-10-21 00:00:00+00:00, run_after=2024-10-22 00:00:00+00:00
[2024-10-22T14:46:52.297+0000] {processor.py:183} INFO - Processing /home/airflow/.local/lib/python3.12/site-packages/airflow/example_dags/example_short_circuit_operator.py took 0.055 seconds
[2024-10-22T14:47:22.593+0000] {processor.py:161} INFO - Started process (PID=2684) to work on /home/airflow/.local/lib/python3.12/site-packages/airflow/example_dags/example_short_circuit_operator.py
[2024-10-22T14:47:22.593+0000] {processor.py:830} INFO - Processing file /home/airflow/.local/lib/python3.12/site-packages/airflow/example_dags/example_short_circuit_operator.py for tasks to queue
[2024-10-22T14:47:22.595+0000] {logging_mixin.py:188} INFO - [2024-10-22T14:47:22.594+0000] {dagbag.py:545} INFO - Filling up the DagBag from /home/airflow/.local/lib/python3.12/site-packages/airflow/example_dags/example_short_circuit_operator.py
[2024-10-22T14:47:22.600+0000] {processor.py:840} INFO - DAG(s) 'example_short_circuit_operator' retrieved from /home/airflow/.local/lib/python3.12/site-packages/airflow/example_dags/example_short_circuit_operator.py
[2024-10-22T14:47:22.616+0000] {logging_mixin.py:188} INFO - [2024-10-22T14:47:22.616+0000] {dag.py:3089} INFO - Sync 1 DAGs
[2024-10-22T14:47:22.630+0000] {logging_mixin.py:188} INFO - [2024-10-22T14:47:22.630+0000] {dag.py:3947} INFO - Setting next_dagrun for example_short_circuit_operator to 2024-10-21 00:00:00+00:00, run_after=2024-10-22 00:00:00+00:00
[2024-10-22T14:47:22.642+0000] {processor.py:183} INFO - Processing /home/airflow/.local/lib/python3.12/site-packages/airflow/example_dags/example_short_circuit_operator.py took 0.054 seconds
[2024-10-22T14:47:52.805+0000] {processor.py:161} INFO - Started process (PID=2948) to work on /home/airflow/.local/lib/python3.12/site-packages/airflow/example_dags/example_short_circuit_operator.py
[2024-10-22T14:47:52.806+0000] {processor.py:830} INFO - Processing file /home/airflow/.local/lib/python3.12/site-packages/airflow/example_dags/example_short_circuit_operator.py for tasks to queue
[2024-10-22T14:47:52.807+0000] {logging_mixin.py:188} INFO - [2024-10-22T14:47:52.807+0000] {dagbag.py:545} INFO - Filling up the DagBag from /home/airflow/.local/lib/python3.12/site-packages/airflow/example_dags/example_short_circuit_operator.py
[2024-10-22T14:47:52.812+0000] {processor.py:840} INFO - DAG(s) 'example_short_circuit_operator' retrieved from /home/airflow/.local/lib/python3.12/site-packages/airflow/example_dags/example_short_circuit_operator.py
[2024-10-22T14:47:52.828+0000] {logging_mixin.py:188} INFO - [2024-10-22T14:47:52.828+0000] {dag.py:3089} INFO - Sync 1 DAGs
[2024-10-22T14:47:52.842+0000] {logging_mixin.py:188} INFO - [2024-10-22T14:47:52.841+0000] {dag.py:3947} INFO - Setting next_dagrun for example_short_circuit_operator to 2024-10-21 00:00:00+00:00, run_after=2024-10-22 00:00:00+00:00
[2024-10-22T14:47:52.855+0000] {processor.py:183} INFO - Processing /home/airflow/.local/lib/python3.12/site-packages/airflow/example_dags/example_short_circuit_operator.py took 0.054 seconds
[2024-10-22T14:48:23.101+0000] {processor.py:161} INFO - Started process (PID=3215) to work on /home/airflow/.local/lib/python3.12/site-packages/airflow/example_dags/example_short_circuit_operator.py
[2024-10-22T14:48:23.101+0000] {processor.py:830} INFO - Processing file /home/airflow/.local/lib/python3.12/site-packages/airflow/example_dags/example_short_circuit_operator.py for tasks to queue
[2024-10-22T14:48:23.103+0000] {logging_mixin.py:188} INFO - [2024-10-22T14:48:23.102+0000] {dagbag.py:545} INFO - Filling up the DagBag from /home/airflow/.local/lib/python3.12/site-packages/airflow/example_dags/example_short_circuit_operator.py
[2024-10-22T14:48:23.107+0000] {processor.py:840} INFO - DAG(s) 'example_short_circuit_operator' retrieved from /home/airflow/.local/lib/python3.12/site-packages/airflow/example_dags/example_short_circuit_operator.py
[2024-10-22T14:48:23.123+0000] {logging_mixin.py:188} INFO - [2024-10-22T14:48:23.123+0000] {dag.py:3089} INFO - Sync 1 DAGs
[2024-10-22T14:48:23.136+0000] {logging_mixin.py:188} INFO - [2024-10-22T14:48:23.136+0000] {dag.py:3947} INFO - Setting next_dagrun for example_short_circuit_operator to 2024-10-21 00:00:00+00:00, run_after=2024-10-22 00:00:00+00:00
[2024-10-22T14:48:23.148+0000] {processor.py:183} INFO - Processing /home/airflow/.local/lib/python3.12/site-packages/airflow/example_dags/example_short_circuit_operator.py took 0.051 seconds
[2024-10-22T14:48:53.558+0000] {processor.py:161} INFO - Started process (PID=3482) to work on /home/airflow/.local/lib/python3.12/site-packages/airflow/example_dags/example_short_circuit_operator.py
[2024-10-22T14:48:53.559+0000] {processor.py:830} INFO - Processing file /home/airflow/.local/lib/python3.12/site-packages/airflow/example_dags/example_short_circuit_operator.py for tasks to queue
[2024-10-22T14:48:53.560+0000] {logging_mixin.py:188} INFO - [2024-10-22T14:48:53.560+0000] {dagbag.py:545} INFO - Filling up the DagBag from /home/airflow/.local/lib/python3.12/site-packages/airflow/example_dags/example_short_circuit_operator.py
[2024-10-22T14:48:53.565+0000] {processor.py:840} INFO - DAG(s) 'example_short_circuit_operator' retrieved from /home/airflow/.local/lib/python3.12/site-packages/airflow/example_dags/example_short_circuit_operator.py
[2024-10-22T14:48:53.580+0000] {logging_mixin.py:188} INFO - [2024-10-22T14:48:53.580+0000] {dag.py:3089} INFO - Sync 1 DAGs
[2024-10-22T14:48:53.594+0000] {logging_mixin.py:188} INFO - [2024-10-22T14:48:53.594+0000] {dag.py:3947} INFO - Setting next_dagrun for example_short_circuit_operator to 2024-10-21 00:00:00+00:00, run_after=2024-10-22 00:00:00+00:00
[2024-10-22T14:48:53.606+0000] {processor.py:183} INFO - Processing /home/airflow/.local/lib/python3.12/site-packages/airflow/example_dags/example_short_circuit_operator.py took 0.052 seconds
[2024-10-22T14:49:23.943+0000] {processor.py:161} INFO - Started process (PID=3749) to work on /home/airflow/.local/lib/python3.12/site-packages/airflow/example_dags/example_short_circuit_operator.py
[2024-10-22T14:49:23.944+0000] {processor.py:830} INFO - Processing file /home/airflow/.local/lib/python3.12/site-packages/airflow/example_dags/example_short_circuit_operator.py for tasks to queue
[2024-10-22T14:49:23.945+0000] {logging_mixin.py:188} INFO - [2024-10-22T14:49:23.945+0000] {dagbag.py:545} INFO - Filling up the DagBag from /home/airflow/.local/lib/python3.12/site-packages/airflow/example_dags/example_short_circuit_operator.py
[2024-10-22T14:49:23.950+0000] {processor.py:840} INFO - DAG(s) 'example_short_circuit_operator' retrieved from /home/airflow/.local/lib/python3.12/site-packages/airflow/example_dags/example_short_circuit_operator.py
[2024-10-22T14:49:23.966+0000] {logging_mixin.py:188} INFO - [2024-10-22T14:49:23.965+0000] {dag.py:3089} INFO - Sync 1 DAGs
[2024-10-22T14:49:23.979+0000] {logging_mixin.py:188} INFO - [2024-10-22T14:49:23.979+0000] {dag.py:3947} INFO - Setting next_dagrun for example_short_circuit_operator to 2024-10-21 00:00:00+00:00, run_after=2024-10-22 00:00:00+00:00
[2024-10-22T14:49:23.992+0000] {processor.py:183} INFO - Processing /home/airflow/.local/lib/python3.12/site-packages/airflow/example_dags/example_short_circuit_operator.py took 0.053 seconds
[2024-10-22T14:49:54.262+0000] {processor.py:161} INFO - Started process (PID=4016) to work on /home/airflow/.local/lib/python3.12/site-packages/airflow/example_dags/example_short_circuit_operator.py
[2024-10-22T14:49:54.262+0000] {processor.py:830} INFO - Processing file /home/airflow/.local/lib/python3.12/site-packages/airflow/example_dags/example_short_circuit_operator.py for tasks to queue
[2024-10-22T14:49:54.264+0000] {logging_mixin.py:188} INFO - [2024-10-22T14:49:54.263+0000] {dagbag.py:545} INFO - Filling up the DagBag from /home/airflow/.local/lib/python3.12/site-packages/airflow/example_dags/example_short_circuit_operator.py
[2024-10-22T14:49:54.269+0000] {processor.py:840} INFO - DAG(s) 'example_short_circuit_operator' retrieved from /home/airflow/.local/lib/python3.12/site-packages/airflow/example_dags/example_short_circuit_operator.py
[2024-10-22T14:49:54.284+0000] {logging_mixin.py:188} INFO - [2024-10-22T14:49:54.284+0000] {dag.py:3089} INFO - Sync 1 DAGs
[2024-10-22T14:49:54.298+0000] {logging_mixin.py:188} INFO - [2024-10-22T14:49:54.298+0000] {dag.py:3947} INFO - Setting next_dagrun for example_short_circuit_operator to 2024-10-21 00:00:00+00:00, run_after=2024-10-22 00:00:00+00:00
[2024-10-22T14:49:54.310+0000] {processor.py:183} INFO - Processing /home/airflow/.local/lib/python3.12/site-packages/airflow/example_dags/example_short_circuit_operator.py took 0.052 seconds
[2024-10-22T14:50:24.585+0000] {processor.py:161} INFO - Started process (PID=4283) to work on /home/airflow/.local/lib/python3.12/site-packages/airflow/example_dags/example_short_circuit_operator.py
[2024-10-22T14:50:24.586+0000] {processor.py:830} INFO - Processing file /home/airflow/.local/lib/python3.12/site-packages/airflow/example_dags/example_short_circuit_operator.py for tasks to queue
[2024-10-22T14:50:24.587+0000] {logging_mixin.py:188} INFO - [2024-10-22T14:50:24.587+0000] {dagbag.py:545} INFO - Filling up the DagBag from /home/airflow/.local/lib/python3.12/site-packages/airflow/example_dags/example_short_circuit_operator.py
[2024-10-22T14:50:24.592+0000] {processor.py:840} INFO - DAG(s) 'example_short_circuit_operator' retrieved from /home/airflow/.local/lib/python3.12/site-packages/airflow/example_dags/example_short_circuit_operator.py
[2024-10-22T14:50:24.608+0000] {logging_mixin.py:188} INFO - [2024-10-22T14:50:24.608+0000] {dag.py:3089} INFO - Sync 1 DAGs
[2024-10-22T14:50:24.623+0000] {logging_mixin.py:188} INFO - [2024-10-22T14:50:24.622+0000] {dag.py:3947} INFO - Setting next_dagrun for example_short_circuit_operator to 2024-10-21 00:00:00+00:00, run_after=2024-10-22 00:00:00+00:00
[2024-10-22T14:50:24.636+0000] {processor.py:183} INFO - Processing /home/airflow/.local/lib/python3.12/site-packages/airflow/example_dags/example_short_circuit_operator.py took 0.055 seconds
[2024-10-22T14:50:55.023+0000] {processor.py:161} INFO - Started process (PID=4550) to work on /home/airflow/.local/lib/python3.12/site-packages/airflow/example_dags/example_short_circuit_operator.py
[2024-10-22T14:50:55.024+0000] {processor.py:830} INFO - Processing file /home/airflow/.local/lib/python3.12/site-packages/airflow/example_dags/example_short_circuit_operator.py for tasks to queue
[2024-10-22T14:50:55.025+0000] {logging_mixin.py:188} INFO - [2024-10-22T14:50:55.025+0000] {dagbag.py:545} INFO - Filling up the DagBag from /home/airflow/.local/lib/python3.12/site-packages/airflow/example_dags/example_short_circuit_operator.py
[2024-10-22T14:50:55.030+0000] {processor.py:840} INFO - DAG(s) 'example_short_circuit_operator' retrieved from /home/airflow/.local/lib/python3.12/site-packages/airflow/example_dags/example_short_circuit_operator.py
[2024-10-22T14:50:55.048+0000] {logging_mixin.py:188} INFO - [2024-10-22T14:50:55.048+0000] {dag.py:3089} INFO - Sync 1 DAGs
[2024-10-22T14:50:55.063+0000] {logging_mixin.py:188} INFO - [2024-10-22T14:50:55.063+0000] {dag.py:3947} INFO - Setting next_dagrun for example_short_circuit_operator to 2024-10-21 00:00:00+00:00, run_after=2024-10-22 00:00:00+00:00
[2024-10-22T14:50:55.077+0000] {processor.py:183} INFO - Processing /home/airflow/.local/lib/python3.12/site-packages/airflow/example_dags/example_short_circuit_operator.py took 0.058 seconds
[2024-10-22T14:51:25.456+0000] {processor.py:161} INFO - Started process (PID=4817) to work on /home/airflow/.local/lib/python3.12/site-packages/airflow/example_dags/example_short_circuit_operator.py
[2024-10-22T14:51:25.457+0000] {processor.py:830} INFO - Processing file /home/airflow/.local/lib/python3.12/site-packages/airflow/example_dags/example_short_circuit_operator.py for tasks to queue
[2024-10-22T14:51:25.458+0000] {logging_mixin.py:188} INFO - [2024-10-22T14:51:25.458+0000] {dagbag.py:545} INFO - Filling up the DagBag from /home/airflow/.local/lib/python3.12/site-packages/airflow/example_dags/example_short_circuit_operator.py
[2024-10-22T14:51:25.463+0000] {processor.py:840} INFO - DAG(s) 'example_short_circuit_operator' retrieved from /home/airflow/.local/lib/python3.12/site-packages/airflow/example_dags/example_short_circuit_operator.py
[2024-10-22T14:51:25.480+0000] {logging_mixin.py:188} INFO - [2024-10-22T14:51:25.480+0000] {dag.py:3089} INFO - Sync 1 DAGs
[2024-10-22T14:51:25.497+0000] {logging_mixin.py:188} INFO - [2024-10-22T14:51:25.497+0000] {dag.py:3947} INFO - Setting next_dagrun for example_short_circuit_operator to 2024-10-21 00:00:00+00:00, run_after=2024-10-22 00:00:00+00:00
[2024-10-22T14:51:25.512+0000] {processor.py:183} INFO - Processing /home/airflow/.local/lib/python3.12/site-packages/airflow/example_dags/example_short_circuit_operator.py took 0.061 seconds
[2024-10-22T14:51:55.900+0000] {processor.py:161} INFO - Started process (PID=5084) to work on /home/airflow/.local/lib/python3.12/site-packages/airflow/example_dags/example_short_circuit_operator.py
[2024-10-22T14:51:55.901+0000] {processor.py:830} INFO - Processing file /home/airflow/.local/lib/python3.12/site-packages/airflow/example_dags/example_short_circuit_operator.py for tasks to queue
[2024-10-22T14:51:55.902+0000] {logging_mixin.py:188} INFO - [2024-10-22T14:51:55.902+0000] {dagbag.py:545} INFO - Filling up the DagBag from /home/airflow/.local/lib/python3.12/site-packages/airflow/example_dags/example_short_circuit_operator.py
[2024-10-22T14:51:55.908+0000] {processor.py:840} INFO - DAG(s) 'example_short_circuit_operator' retrieved from /home/airflow/.local/lib/python3.12/site-packages/airflow/example_dags/example_short_circuit_operator.py
[2024-10-22T14:51:55.924+0000] {logging_mixin.py:188} INFO - [2024-10-22T14:51:55.923+0000] {dag.py:3089} INFO - Sync 1 DAGs
[2024-10-22T14:51:55.939+0000] {logging_mixin.py:188} INFO - [2024-10-22T14:51:55.939+0000] {dag.py:3947} INFO - Setting next_dagrun for example_short_circuit_operator to 2024-10-21 00:00:00+00:00, run_after=2024-10-22 00:00:00+00:00
[2024-10-22T14:51:55.953+0000] {processor.py:183} INFO - Processing /home/airflow/.local/lib/python3.12/site-packages/airflow/example_dags/example_short_circuit_operator.py took 0.057 seconds
[2024-10-22T14:52:26.269+0000] {processor.py:161} INFO - Started process (PID=5351) to work on /home/airflow/.local/lib/python3.12/site-packages/airflow/example_dags/example_short_circuit_operator.py
[2024-10-22T14:52:26.270+0000] {processor.py:830} INFO - Processing file /home/airflow/.local/lib/python3.12/site-packages/airflow/example_dags/example_short_circuit_operator.py for tasks to queue
[2024-10-22T14:52:26.271+0000] {logging_mixin.py:188} INFO - [2024-10-22T14:52:26.271+0000] {dagbag.py:545} INFO - Filling up the DagBag from /home/airflow/.local/lib/python3.12/site-packages/airflow/example_dags/example_short_circuit_operator.py
[2024-10-22T14:52:26.276+0000] {processor.py:840} INFO - DAG(s) 'example_short_circuit_operator' retrieved from /home/airflow/.local/lib/python3.12/site-packages/airflow/example_dags/example_short_circuit_operator.py
[2024-10-22T14:52:26.292+0000] {logging_mixin.py:188} INFO - [2024-10-22T14:52:26.292+0000] {dag.py:3089} INFO - Sync 1 DAGs
[2024-10-22T14:52:26.306+0000] {logging_mixin.py:188} INFO - [2024-10-22T14:52:26.306+0000] {dag.py:3947} INFO - Setting next_dagrun for example_short_circuit_operator to 2024-10-21 00:00:00+00:00, run_after=2024-10-22 00:00:00+00:00
[2024-10-22T14:52:26.319+0000] {processor.py:183} INFO - Processing /home/airflow/.local/lib/python3.12/site-packages/airflow/example_dags/example_short_circuit_operator.py took 0.054 seconds
[2024-10-22T14:52:56.621+0000] {processor.py:161} INFO - Started process (PID=5621) to work on /home/airflow/.local/lib/python3.12/site-packages/airflow/example_dags/example_short_circuit_operator.py
[2024-10-22T14:52:56.622+0000] {processor.py:830} INFO - Processing file /home/airflow/.local/lib/python3.12/site-packages/airflow/example_dags/example_short_circuit_operator.py for tasks to queue
[2024-10-22T14:52:56.623+0000] {logging_mixin.py:188} INFO - [2024-10-22T14:52:56.623+0000] {dagbag.py:545} INFO - Filling up the DagBag from /home/airflow/.local/lib/python3.12/site-packages/airflow/example_dags/example_short_circuit_operator.py
[2024-10-22T14:52:56.629+0000] {processor.py:840} INFO - DAG(s) 'example_short_circuit_operator' retrieved from /home/airflow/.local/lib/python3.12/site-packages/airflow/example_dags/example_short_circuit_operator.py
[2024-10-22T14:52:56.644+0000] {logging_mixin.py:188} INFO - [2024-10-22T14:52:56.644+0000] {dag.py:3089} INFO - Sync 1 DAGs
[2024-10-22T14:52:56.658+0000] {logging_mixin.py:188} INFO - [2024-10-22T14:52:56.658+0000] {dag.py:3947} INFO - Setting next_dagrun for example_short_circuit_operator to 2024-10-21 00:00:00+00:00, run_after=2024-10-22 00:00:00+00:00
[2024-10-22T14:52:56.670+0000] {processor.py:183} INFO - Processing /home/airflow/.local/lib/python3.12/site-packages/airflow/example_dags/example_short_circuit_operator.py took 0.053 seconds
[2024-10-22T14:53:26.923+0000] {processor.py:161} INFO - Started process (PID=5888) to work on /home/airflow/.local/lib/python3.12/site-packages/airflow/example_dags/example_short_circuit_operator.py
[2024-10-22T14:53:26.924+0000] {processor.py:830} INFO - Processing file /home/airflow/.local/lib/python3.12/site-packages/airflow/example_dags/example_short_circuit_operator.py for tasks to queue
[2024-10-22T14:53:26.925+0000] {logging_mixin.py:188} INFO - [2024-10-22T14:53:26.925+0000] {dagbag.py:545} INFO - Filling up the DagBag from /home/airflow/.local/lib/python3.12/site-packages/airflow/example_dags/example_short_circuit_operator.py
[2024-10-22T14:53:26.930+0000] {processor.py:840} INFO - DAG(s) 'example_short_circuit_operator' retrieved from /home/airflow/.local/lib/python3.12/site-packages/airflow/example_dags/example_short_circuit_operator.py
[2024-10-22T14:53:26.946+0000] {logging_mixin.py:188} INFO - [2024-10-22T14:53:26.946+0000] {dag.py:3089} INFO - Sync 1 DAGs
[2024-10-22T14:53:26.960+0000] {logging_mixin.py:188} INFO - [2024-10-22T14:53:26.960+0000] {dag.py:3947} INFO - Setting next_dagrun for example_short_circuit_operator to 2024-10-21 00:00:00+00:00, run_after=2024-10-22 00:00:00+00:00
[2024-10-22T14:53:26.972+0000] {processor.py:183} INFO - Processing /home/airflow/.local/lib/python3.12/site-packages/airflow/example_dags/example_short_circuit_operator.py took 0.053 seconds
[2024-10-22T14:53:57.373+0000] {processor.py:161} INFO - Started process (PID=6155) to work on /home/airflow/.local/lib/python3.12/site-packages/airflow/example_dags/example_short_circuit_operator.py
[2024-10-22T14:53:57.374+0000] {processor.py:830} INFO - Processing file /home/airflow/.local/lib/python3.12/site-packages/airflow/example_dags/example_short_circuit_operator.py for tasks to queue
[2024-10-22T14:53:57.375+0000] {logging_mixin.py:188} INFO - [2024-10-22T14:53:57.375+0000] {dagbag.py:545} INFO - Filling up the DagBag from /home/airflow/.local/lib/python3.12/site-packages/airflow/example_dags/example_short_circuit_operator.py
[2024-10-22T14:53:57.380+0000] {processor.py:840} INFO - DAG(s) 'example_short_circuit_operator' retrieved from /home/airflow/.local/lib/python3.12/site-packages/airflow/example_dags/example_short_circuit_operator.py
[2024-10-22T14:53:57.397+0000] {logging_mixin.py:188} INFO - [2024-10-22T14:53:57.397+0000] {dag.py:3089} INFO - Sync 1 DAGs
[2024-10-22T14:53:57.413+0000] {logging_mixin.py:188} INFO - [2024-10-22T14:53:57.413+0000] {dag.py:3947} INFO - Setting next_dagrun for example_short_circuit_operator to 2024-10-21 00:00:00+00:00, run_after=2024-10-22 00:00:00+00:00
[2024-10-22T14:53:57.426+0000] {processor.py:183} INFO - Processing /home/airflow/.local/lib/python3.12/site-packages/airflow/example_dags/example_short_circuit_operator.py took 0.057 seconds
[2024-10-22T14:54:27.704+0000] {processor.py:161} INFO - Started process (PID=6422) to work on /home/airflow/.local/lib/python3.12/site-packages/airflow/example_dags/example_short_circuit_operator.py
[2024-10-22T14:54:27.705+0000] {processor.py:830} INFO - Processing file /home/airflow/.local/lib/python3.12/site-packages/airflow/example_dags/example_short_circuit_operator.py for tasks to queue
[2024-10-22T14:54:27.706+0000] {logging_mixin.py:188} INFO - [2024-10-22T14:54:27.706+0000] {dagbag.py:545} INFO - Filling up the DagBag from /home/airflow/.local/lib/python3.12/site-packages/airflow/example_dags/example_short_circuit_operator.py
[2024-10-22T14:54:27.711+0000] {processor.py:840} INFO - DAG(s) 'example_short_circuit_operator' retrieved from /home/airflow/.local/lib/python3.12/site-packages/airflow/example_dags/example_short_circuit_operator.py
[2024-10-22T14:54:27.727+0000] {logging_mixin.py:188} INFO - [2024-10-22T14:54:27.727+0000] {dag.py:3089} INFO - Sync 1 DAGs
[2024-10-22T14:54:27.741+0000] {logging_mixin.py:188} INFO - [2024-10-22T14:54:27.741+0000] {dag.py:3947} INFO - Setting next_dagrun for example_short_circuit_operator to 2024-10-21 00:00:00+00:00, run_after=2024-10-22 00:00:00+00:00
[2024-10-22T14:54:27.752+0000] {processor.py:183} INFO - Processing /home/airflow/.local/lib/python3.12/site-packages/airflow/example_dags/example_short_circuit_operator.py took 0.052 seconds
[2024-10-22T14:54:58.362+0000] {processor.py:161} INFO - Started process (PID=6691) to work on /home/airflow/.local/lib/python3.12/site-packages/airflow/example_dags/example_short_circuit_operator.py
[2024-10-22T14:54:58.362+0000] {processor.py:830} INFO - Processing file /home/airflow/.local/lib/python3.12/site-packages/airflow/example_dags/example_short_circuit_operator.py for tasks to queue
[2024-10-22T14:54:58.364+0000] {logging_mixin.py:188} INFO - [2024-10-22T14:54:58.364+0000] {dagbag.py:545} INFO - Filling up the DagBag from /home/airflow/.local/lib/python3.12/site-packages/airflow/example_dags/example_short_circuit_operator.py
[2024-10-22T14:54:58.369+0000] {processor.py:840} INFO - DAG(s) 'example_short_circuit_operator' retrieved from /home/airflow/.local/lib/python3.12/site-packages/airflow/example_dags/example_short_circuit_operator.py
[2024-10-22T14:54:58.386+0000] {logging_mixin.py:188} INFO - [2024-10-22T14:54:58.386+0000] {dag.py:3089} INFO - Sync 1 DAGs
[2024-10-22T14:54:58.402+0000] {logging_mixin.py:188} INFO - [2024-10-22T14:54:58.401+0000] {dag.py:3947} INFO - Setting next_dagrun for example_short_circuit_operator to 2024-10-21 00:00:00+00:00, run_after=2024-10-22 00:00:00+00:00
[2024-10-22T14:54:58.415+0000] {processor.py:183} INFO - Processing /home/airflow/.local/lib/python3.12/site-packages/airflow/example_dags/example_short_circuit_operator.py took 0.057 seconds
[2024-10-22T14:55:28.535+0000] {processor.py:161} INFO - Started process (PID=6957) to work on /home/airflow/.local/lib/python3.12/site-packages/airflow/example_dags/example_short_circuit_operator.py
[2024-10-22T14:55:28.536+0000] {processor.py:830} INFO - Processing file /home/airflow/.local/lib/python3.12/site-packages/airflow/example_dags/example_short_circuit_operator.py for tasks to queue
[2024-10-22T14:55:28.537+0000] {logging_mixin.py:188} INFO - [2024-10-22T14:55:28.537+0000] {dagbag.py:545} INFO - Filling up the DagBag from /home/airflow/.local/lib/python3.12/site-packages/airflow/example_dags/example_short_circuit_operator.py
[2024-10-22T14:55:28.542+0000] {processor.py:840} INFO - DAG(s) 'example_short_circuit_operator' retrieved from /home/airflow/.local/lib/python3.12/site-packages/airflow/example_dags/example_short_circuit_operator.py
[2024-10-22T14:55:28.558+0000] {logging_mixin.py:188} INFO - [2024-10-22T14:55:28.558+0000] {dag.py:3089} INFO - Sync 1 DAGs
[2024-10-22T14:55:28.573+0000] {logging_mixin.py:188} INFO - [2024-10-22T14:55:28.573+0000] {dag.py:3947} INFO - Setting next_dagrun for example_short_circuit_operator to 2024-10-21 00:00:00+00:00, run_after=2024-10-22 00:00:00+00:00
[2024-10-22T14:55:28.692+0000] {processor.py:183} INFO - Processing /home/airflow/.local/lib/python3.12/site-packages/airflow/example_dags/example_short_circuit_operator.py took 0.163 seconds
[2024-10-22T14:55:58.744+0000] {processor.py:161} INFO - Started process (PID=7226) to work on /home/airflow/.local/lib/python3.12/site-packages/airflow/example_dags/example_short_circuit_operator.py
[2024-10-22T14:55:58.745+0000] {processor.py:830} INFO - Processing file /home/airflow/.local/lib/python3.12/site-packages/airflow/example_dags/example_short_circuit_operator.py for tasks to queue
[2024-10-22T14:55:58.746+0000] {logging_mixin.py:188} INFO - [2024-10-22T14:55:58.746+0000] {dagbag.py:545} INFO - Filling up the DagBag from /home/airflow/.local/lib/python3.12/site-packages/airflow/example_dags/example_short_circuit_operator.py
[2024-10-22T14:55:58.751+0000] {processor.py:840} INFO - DAG(s) 'example_short_circuit_operator' retrieved from /home/airflow/.local/lib/python3.12/site-packages/airflow/example_dags/example_short_circuit_operator.py
[2024-10-22T14:55:58.769+0000] {logging_mixin.py:188} INFO - [2024-10-22T14:55:58.769+0000] {dag.py:3089} INFO - Sync 1 DAGs
[2024-10-22T14:55:58.785+0000] {logging_mixin.py:188} INFO - [2024-10-22T14:55:58.785+0000] {dag.py:3947} INFO - Setting next_dagrun for example_short_circuit_operator to 2024-10-21 00:00:00+00:00, run_after=2024-10-22 00:00:00+00:00
[2024-10-22T14:55:58.798+0000] {processor.py:183} INFO - Processing /home/airflow/.local/lib/python3.12/site-packages/airflow/example_dags/example_short_circuit_operator.py took 0.058 seconds
[2024-10-22T14:56:29.468+0000] {processor.py:161} INFO - Started process (PID=7493) to work on /home/airflow/.local/lib/python3.12/site-packages/airflow/example_dags/example_short_circuit_operator.py
[2024-10-22T14:56:29.469+0000] {processor.py:830} INFO - Processing file /home/airflow/.local/lib/python3.12/site-packages/airflow/example_dags/example_short_circuit_operator.py for tasks to queue
[2024-10-22T14:56:29.470+0000] {logging_mixin.py:188} INFO - [2024-10-22T14:56:29.470+0000] {dagbag.py:545} INFO - Filling up the DagBag from /home/airflow/.local/lib/python3.12/site-packages/airflow/example_dags/example_short_circuit_operator.py
[2024-10-22T14:56:29.476+0000] {processor.py:840} INFO - DAG(s) 'example_short_circuit_operator' retrieved from /home/airflow/.local/lib/python3.12/site-packages/airflow/example_dags/example_short_circuit_operator.py
[2024-10-22T14:56:29.491+0000] {logging_mixin.py:188} INFO - [2024-10-22T14:56:29.491+0000] {dag.py:3089} INFO - Sync 1 DAGs
[2024-10-22T14:56:29.506+0000] {logging_mixin.py:188} INFO - [2024-10-22T14:56:29.506+0000] {dag.py:3947} INFO - Setting next_dagrun for example_short_circuit_operator to 2024-10-21 00:00:00+00:00, run_after=2024-10-22 00:00:00+00:00
[2024-10-22T14:56:29.518+0000] {processor.py:183} INFO - Processing /home/airflow/.local/lib/python3.12/site-packages/airflow/example_dags/example_short_circuit_operator.py took 0.053 seconds
[2024-10-22T14:56:59.604+0000] {processor.py:161} INFO - Started process (PID=7758) to work on /home/airflow/.local/lib/python3.12/site-packages/airflow/example_dags/example_short_circuit_operator.py
[2024-10-22T14:56:59.605+0000] {processor.py:830} INFO - Processing file /home/airflow/.local/lib/python3.12/site-packages/airflow/example_dags/example_short_circuit_operator.py for tasks to queue
[2024-10-22T14:56:59.606+0000] {logging_mixin.py:188} INFO - [2024-10-22T14:56:59.606+0000] {dagbag.py:545} INFO - Filling up the DagBag from /home/airflow/.local/lib/python3.12/site-packages/airflow/example_dags/example_short_circuit_operator.py
[2024-10-22T14:56:59.611+0000] {processor.py:840} INFO - DAG(s) 'example_short_circuit_operator' retrieved from /home/airflow/.local/lib/python3.12/site-packages/airflow/example_dags/example_short_circuit_operator.py
[2024-10-22T14:56:59.628+0000] {logging_mixin.py:188} INFO - [2024-10-22T14:56:59.627+0000] {dag.py:3089} INFO - Sync 1 DAGs
[2024-10-22T14:56:59.643+0000] {logging_mixin.py:188} INFO - [2024-10-22T14:56:59.643+0000] {dag.py:3947} INFO - Setting next_dagrun for example_short_circuit_operator to 2024-10-21 00:00:00+00:00, run_after=2024-10-22 00:00:00+00:00
[2024-10-22T14:56:59.655+0000] {processor.py:183} INFO - Processing /home/airflow/.local/lib/python3.12/site-packages/airflow/example_dags/example_short_circuit_operator.py took 0.055 seconds
[2024-10-22T14:57:31.148+0000] {processor.py:161} INFO - Started process (PID=8025) to work on /home/airflow/.local/lib/python3.12/site-packages/airflow/example_dags/example_short_circuit_operator.py
[2024-10-22T14:57:31.149+0000] {processor.py:830} INFO - Processing file /home/airflow/.local/lib/python3.12/site-packages/airflow/example_dags/example_short_circuit_operator.py for tasks to queue
[2024-10-22T14:57:31.150+0000] {logging_mixin.py:188} INFO - [2024-10-22T14:57:31.150+0000] {dagbag.py:545} INFO - Filling up the DagBag from /home/airflow/.local/lib/python3.12/site-packages/airflow/example_dags/example_short_circuit_operator.py
[2024-10-22T14:57:31.276+0000] {processor.py:840} INFO - DAG(s) 'example_short_circuit_operator' retrieved from /home/airflow/.local/lib/python3.12/site-packages/airflow/example_dags/example_short_circuit_operator.py
[2024-10-22T14:57:31.291+0000] {logging_mixin.py:188} INFO - [2024-10-22T14:57:31.290+0000] {dag.py:3089} INFO - Sync 1 DAGs
[2024-10-22T14:57:31.303+0000] {logging_mixin.py:188} INFO - [2024-10-22T14:57:31.303+0000] {dag.py:3947} INFO - Setting next_dagrun for example_short_circuit_operator to 2024-10-21 00:00:00+00:00, run_after=2024-10-22 00:00:00+00:00
[2024-10-22T14:57:31.315+0000] {processor.py:183} INFO - Processing /home/airflow/.local/lib/python3.12/site-packages/airflow/example_dags/example_short_circuit_operator.py took 0.171 seconds
