[2024-10-22T14:00:12.363+0000] {processor.py:161} INFO - Started process (PID=215) to work on /home/airflow/.local/lib/python3.12/site-packages/airflow/example_dags/example_latest_only.py
[2024-10-22T14:00:12.363+0000] {processor.py:830} INFO - Processing file /home/airflow/.local/lib/python3.12/site-packages/airflow/example_dags/example_latest_only.py for tasks to queue
[2024-10-22T14:00:12.365+0000] {logging_mixin.py:188} INFO - [2024-10-22T14:00:12.364+0000] {dagbag.py:545} INFO - Filling up the DagBag from /home/airflow/.local/lib/python3.12/site-packages/airflow/example_dags/example_latest_only.py
[2024-10-22T14:00:12.368+0000] {processor.py:840} INFO - DAG(s) 'latest_only' retrieved from /home/airflow/.local/lib/python3.12/site-packages/airflow/example_dags/example_latest_only.py
[2024-10-22T14:00:12.458+0000] {logging_mixin.py:188} INFO - [2024-10-22T14:00:12.458+0000] {override.py:1858} INFO - Created Permission View: can delete on DAG:latest_only
[2024-10-22T14:00:12.466+0000] {logging_mixin.py:188} INFO - [2024-10-22T14:00:12.466+0000] {override.py:1858} INFO - Created Permission View: can edit on DAG:latest_only
[2024-10-22T14:00:12.472+0000] {logging_mixin.py:188} INFO - [2024-10-22T14:00:12.471+0000] {override.py:1858} INFO - Created Permission View: can read on DAG:latest_only
[2024-10-22T14:00:12.472+0000] {logging_mixin.py:188} INFO - [2024-10-22T14:00:12.472+0000] {dag.py:3089} INFO - Sync 1 DAGs
[2024-10-22T14:00:12.482+0000] {logging_mixin.py:188} INFO - [2024-10-22T14:00:12.482+0000] {dag.py:3111} INFO - Creating ORM DAG for latest_only
[2024-10-22T14:00:12.490+0000] {logging_mixin.py:188} INFO - [2024-10-22T14:00:12.490+0000] {dag.py:3947} INFO - Setting next_dagrun for latest_only to 2024-10-22 08:00:00+00:00, run_after=2024-10-22 12:00:00+00:00
[2024-10-22T14:00:12.503+0000] {processor.py:183} INFO - Processing /home/airflow/.local/lib/python3.12/site-packages/airflow/example_dags/example_latest_only.py took 0.144 seconds
[2024-10-22T14:00:43.424+0000] {processor.py:161} INFO - Started process (PID=482) to work on /home/airflow/.local/lib/python3.12/site-packages/airflow/example_dags/example_latest_only.py
[2024-10-22T14:00:43.425+0000] {processor.py:830} INFO - Processing file /home/airflow/.local/lib/python3.12/site-packages/airflow/example_dags/example_latest_only.py for tasks to queue
[2024-10-22T14:00:43.426+0000] {logging_mixin.py:188} INFO - [2024-10-22T14:00:43.426+0000] {dagbag.py:545} INFO - Filling up the DagBag from /home/airflow/.local/lib/python3.12/site-packages/airflow/example_dags/example_latest_only.py
[2024-10-22T14:00:43.429+0000] {processor.py:840} INFO - DAG(s) 'latest_only' retrieved from /home/airflow/.local/lib/python3.12/site-packages/airflow/example_dags/example_latest_only.py
[2024-10-22T14:00:43.445+0000] {logging_mixin.py:188} INFO - [2024-10-22T14:00:43.444+0000] {dag.py:3089} INFO - Sync 1 DAGs
[2024-10-22T14:00:43.461+0000] {logging_mixin.py:188} INFO - [2024-10-22T14:00:43.461+0000] {dag.py:3947} INFO - Setting next_dagrun for latest_only to 2024-10-22 08:00:00+00:00, run_after=2024-10-22 12:00:00+00:00
[2024-10-22T14:00:43.474+0000] {processor.py:183} INFO - Processing /home/airflow/.local/lib/python3.12/site-packages/airflow/example_dags/example_latest_only.py took 0.054 seconds
[2024-10-22T14:01:13.645+0000] {processor.py:161} INFO - Started process (PID=749) to work on /home/airflow/.local/lib/python3.12/site-packages/airflow/example_dags/example_latest_only.py
[2024-10-22T14:01:13.645+0000] {processor.py:830} INFO - Processing file /home/airflow/.local/lib/python3.12/site-packages/airflow/example_dags/example_latest_only.py for tasks to queue
[2024-10-22T14:01:13.647+0000] {logging_mixin.py:188} INFO - [2024-10-22T14:01:13.646+0000] {dagbag.py:545} INFO - Filling up the DagBag from /home/airflow/.local/lib/python3.12/site-packages/airflow/example_dags/example_latest_only.py
[2024-10-22T14:01:13.650+0000] {processor.py:840} INFO - DAG(s) 'latest_only' retrieved from /home/airflow/.local/lib/python3.12/site-packages/airflow/example_dags/example_latest_only.py
[2024-10-22T14:01:13.664+0000] {logging_mixin.py:188} INFO - [2024-10-22T14:01:13.664+0000] {dag.py:3089} INFO - Sync 1 DAGs
[2024-10-22T14:01:13.679+0000] {logging_mixin.py:188} INFO - [2024-10-22T14:01:13.679+0000] {dag.py:3947} INFO - Setting next_dagrun for latest_only to 2024-10-22 08:00:00+00:00, run_after=2024-10-22 12:00:00+00:00
[2024-10-22T14:01:13.692+0000] {processor.py:183} INFO - Processing /home/airflow/.local/lib/python3.12/site-packages/airflow/example_dags/example_latest_only.py took 0.051 seconds
[2024-10-22T14:01:43.880+0000] {processor.py:161} INFO - Started process (PID=1016) to work on /home/airflow/.local/lib/python3.12/site-packages/airflow/example_dags/example_latest_only.py
[2024-10-22T14:01:43.880+0000] {processor.py:830} INFO - Processing file /home/airflow/.local/lib/python3.12/site-packages/airflow/example_dags/example_latest_only.py for tasks to queue
[2024-10-22T14:01:43.881+0000] {logging_mixin.py:188} INFO - [2024-10-22T14:01:43.881+0000] {dagbag.py:545} INFO - Filling up the DagBag from /home/airflow/.local/lib/python3.12/site-packages/airflow/example_dags/example_latest_only.py
[2024-10-22T14:01:43.885+0000] {processor.py:840} INFO - DAG(s) 'latest_only' retrieved from /home/airflow/.local/lib/python3.12/site-packages/airflow/example_dags/example_latest_only.py
[2024-10-22T14:01:43.900+0000] {logging_mixin.py:188} INFO - [2024-10-22T14:01:43.900+0000] {dag.py:3089} INFO - Sync 1 DAGs
[2024-10-22T14:01:43.917+0000] {logging_mixin.py:188} INFO - [2024-10-22T14:01:43.917+0000] {dag.py:3947} INFO - Setting next_dagrun for latest_only to 2024-10-22 08:00:00+00:00, run_after=2024-10-22 12:00:00+00:00
[2024-10-22T14:01:43.930+0000] {processor.py:183} INFO - Processing /home/airflow/.local/lib/python3.12/site-packages/airflow/example_dags/example_latest_only.py took 0.054 seconds
[2024-10-22T14:02:14.217+0000] {processor.py:161} INFO - Started process (PID=1283) to work on /home/airflow/.local/lib/python3.12/site-packages/airflow/example_dags/example_latest_only.py
[2024-10-22T14:02:14.217+0000] {processor.py:830} INFO - Processing file /home/airflow/.local/lib/python3.12/site-packages/airflow/example_dags/example_latest_only.py for tasks to queue
[2024-10-22T14:02:14.219+0000] {logging_mixin.py:188} INFO - [2024-10-22T14:02:14.219+0000] {dagbag.py:545} INFO - Filling up the DagBag from /home/airflow/.local/lib/python3.12/site-packages/airflow/example_dags/example_latest_only.py
[2024-10-22T14:02:14.223+0000] {processor.py:840} INFO - DAG(s) 'latest_only' retrieved from /home/airflow/.local/lib/python3.12/site-packages/airflow/example_dags/example_latest_only.py
[2024-10-22T14:02:14.239+0000] {logging_mixin.py:188} INFO - [2024-10-22T14:02:14.239+0000] {dag.py:3089} INFO - Sync 1 DAGs
[2024-10-22T14:02:14.260+0000] {logging_mixin.py:188} INFO - [2024-10-22T14:02:14.260+0000] {dag.py:3947} INFO - Setting next_dagrun for latest_only to 2024-10-22 08:00:00+00:00, run_after=2024-10-22 12:00:00+00:00
[2024-10-22T14:02:14.275+0000] {processor.py:183} INFO - Processing /home/airflow/.local/lib/python3.12/site-packages/airflow/example_dags/example_latest_only.py took 0.063 seconds
[2024-10-22T14:02:44.623+0000] {processor.py:161} INFO - Started process (PID=1550) to work on /home/airflow/.local/lib/python3.12/site-packages/airflow/example_dags/example_latest_only.py
[2024-10-22T14:02:44.624+0000] {processor.py:830} INFO - Processing file /home/airflow/.local/lib/python3.12/site-packages/airflow/example_dags/example_latest_only.py for tasks to queue
[2024-10-22T14:02:44.625+0000] {logging_mixin.py:188} INFO - [2024-10-22T14:02:44.625+0000] {dagbag.py:545} INFO - Filling up the DagBag from /home/airflow/.local/lib/python3.12/site-packages/airflow/example_dags/example_latest_only.py
[2024-10-22T14:02:44.628+0000] {processor.py:840} INFO - DAG(s) 'latest_only' retrieved from /home/airflow/.local/lib/python3.12/site-packages/airflow/example_dags/example_latest_only.py
[2024-10-22T14:02:44.643+0000] {logging_mixin.py:188} INFO - [2024-10-22T14:02:44.643+0000] {dag.py:3089} INFO - Sync 1 DAGs
[2024-10-22T14:02:44.657+0000] {logging_mixin.py:188} INFO - [2024-10-22T14:02:44.657+0000] {dag.py:3947} INFO - Setting next_dagrun for latest_only to 2024-10-22 08:00:00+00:00, run_after=2024-10-22 12:00:00+00:00
[2024-10-22T14:02:44.669+0000] {processor.py:183} INFO - Processing /home/airflow/.local/lib/python3.12/site-packages/airflow/example_dags/example_latest_only.py took 0.049 seconds
[2024-10-22T14:03:14.875+0000] {processor.py:161} INFO - Started process (PID=1817) to work on /home/airflow/.local/lib/python3.12/site-packages/airflow/example_dags/example_latest_only.py
[2024-10-22T14:03:14.875+0000] {processor.py:830} INFO - Processing file /home/airflow/.local/lib/python3.12/site-packages/airflow/example_dags/example_latest_only.py for tasks to queue
[2024-10-22T14:03:14.877+0000] {logging_mixin.py:188} INFO - [2024-10-22T14:03:14.876+0000] {dagbag.py:545} INFO - Filling up the DagBag from /home/airflow/.local/lib/python3.12/site-packages/airflow/example_dags/example_latest_only.py
[2024-10-22T14:03:14.880+0000] {processor.py:840} INFO - DAG(s) 'latest_only' retrieved from /home/airflow/.local/lib/python3.12/site-packages/airflow/example_dags/example_latest_only.py
[2024-10-22T14:03:14.893+0000] {logging_mixin.py:188} INFO - [2024-10-22T14:03:14.893+0000] {dag.py:3089} INFO - Sync 1 DAGs
[2024-10-22T14:03:14.907+0000] {logging_mixin.py:188} INFO - [2024-10-22T14:03:14.907+0000] {dag.py:3947} INFO - Setting next_dagrun for latest_only to 2024-10-22 08:00:00+00:00, run_after=2024-10-22 12:00:00+00:00
[2024-10-22T14:03:14.920+0000] {processor.py:183} INFO - Processing /home/airflow/.local/lib/python3.12/site-packages/airflow/example_dags/example_latest_only.py took 0.049 seconds
[2024-10-22T14:03:45.124+0000] {processor.py:161} INFO - Started process (PID=2084) to work on /home/airflow/.local/lib/python3.12/site-packages/airflow/example_dags/example_latest_only.py
[2024-10-22T14:03:45.125+0000] {processor.py:830} INFO - Processing file /home/airflow/.local/lib/python3.12/site-packages/airflow/example_dags/example_latest_only.py for tasks to queue
[2024-10-22T14:03:45.127+0000] {logging_mixin.py:188} INFO - [2024-10-22T14:03:45.126+0000] {dagbag.py:545} INFO - Filling up the DagBag from /home/airflow/.local/lib/python3.12/site-packages/airflow/example_dags/example_latest_only.py
[2024-10-22T14:03:45.130+0000] {processor.py:840} INFO - DAG(s) 'latest_only' retrieved from /home/airflow/.local/lib/python3.12/site-packages/airflow/example_dags/example_latest_only.py
[2024-10-22T14:03:45.145+0000] {logging_mixin.py:188} INFO - [2024-10-22T14:03:45.144+0000] {dag.py:3089} INFO - Sync 1 DAGs
[2024-10-22T14:03:45.158+0000] {logging_mixin.py:188} INFO - [2024-10-22T14:03:45.158+0000] {dag.py:3947} INFO - Setting next_dagrun for latest_only to 2024-10-22 08:00:00+00:00, run_after=2024-10-22 12:00:00+00:00
[2024-10-22T14:03:45.170+0000] {processor.py:183} INFO - Processing /home/airflow/.local/lib/python3.12/site-packages/airflow/example_dags/example_latest_only.py took 0.050 seconds
[2024-10-22T14:34:24.929+0000] {processor.py:161} INFO - Started process (PID=211) to work on /home/airflow/.local/lib/python3.12/site-packages/airflow/example_dags/example_latest_only.py
[2024-10-22T14:34:24.930+0000] {processor.py:830} INFO - Processing file /home/airflow/.local/lib/python3.12/site-packages/airflow/example_dags/example_latest_only.py for tasks to queue
[2024-10-22T14:34:24.931+0000] {logging_mixin.py:188} INFO - [2024-10-22T14:34:24.931+0000] {dagbag.py:545} INFO - Filling up the DagBag from /home/airflow/.local/lib/python3.12/site-packages/airflow/example_dags/example_latest_only.py
[2024-10-22T14:34:24.935+0000] {processor.py:840} INFO - DAG(s) 'latest_only' retrieved from /home/airflow/.local/lib/python3.12/site-packages/airflow/example_dags/example_latest_only.py
[2024-10-22T14:34:24.943+0000] {logging_mixin.py:188} INFO - [2024-10-22T14:34:24.943+0000] {dag.py:3089} INFO - Sync 1 DAGs
[2024-10-22T14:34:24.960+0000] {logging_mixin.py:188} INFO - [2024-10-22T14:34:24.959+0000] {dag.py:3947} INFO - Setting next_dagrun for latest_only to 2024-10-22 08:00:00+00:00, run_after=2024-10-22 12:00:00+00:00
[2024-10-22T14:34:24.974+0000] {processor.py:183} INFO - Processing /home/airflow/.local/lib/python3.12/site-packages/airflow/example_dags/example_latest_only.py took 0.049 seconds
[2024-10-22T14:34:55.499+0000] {processor.py:161} INFO - Started process (PID=478) to work on /home/airflow/.local/lib/python3.12/site-packages/airflow/example_dags/example_latest_only.py
[2024-10-22T14:34:55.500+0000] {processor.py:830} INFO - Processing file /home/airflow/.local/lib/python3.12/site-packages/airflow/example_dags/example_latest_only.py for tasks to queue
[2024-10-22T14:34:55.501+0000] {logging_mixin.py:188} INFO - [2024-10-22T14:34:55.501+0000] {dagbag.py:545} INFO - Filling up the DagBag from /home/airflow/.local/lib/python3.12/site-packages/airflow/example_dags/example_latest_only.py
[2024-10-22T14:34:55.504+0000] {processor.py:840} INFO - DAG(s) 'latest_only' retrieved from /home/airflow/.local/lib/python3.12/site-packages/airflow/example_dags/example_latest_only.py
[2024-10-22T14:34:55.570+0000] {logging_mixin.py:188} INFO - [2024-10-22T14:34:55.570+0000] {dag.py:3089} INFO - Sync 1 DAGs
[2024-10-22T14:34:55.583+0000] {logging_mixin.py:188} INFO - [2024-10-22T14:34:55.583+0000] {dag.py:3947} INFO - Setting next_dagrun for latest_only to 2024-10-22 08:00:00+00:00, run_after=2024-10-22 12:00:00+00:00
[2024-10-22T14:34:55.597+0000] {processor.py:183} INFO - Processing /home/airflow/.local/lib/python3.12/site-packages/airflow/example_dags/example_latest_only.py took 0.101 seconds
[2024-10-22T14:35:26.458+0000] {processor.py:161} INFO - Started process (PID=751) to work on /home/airflow/.local/lib/python3.12/site-packages/airflow/example_dags/example_latest_only.py
[2024-10-22T14:35:26.459+0000] {processor.py:830} INFO - Processing file /home/airflow/.local/lib/python3.12/site-packages/airflow/example_dags/example_latest_only.py for tasks to queue
[2024-10-22T14:35:26.460+0000] {logging_mixin.py:188} INFO - [2024-10-22T14:35:26.460+0000] {dagbag.py:545} INFO - Filling up the DagBag from /home/airflow/.local/lib/python3.12/site-packages/airflow/example_dags/example_latest_only.py
[2024-10-22T14:35:26.464+0000] {processor.py:840} INFO - DAG(s) 'latest_only' retrieved from /home/airflow/.local/lib/python3.12/site-packages/airflow/example_dags/example_latest_only.py
[2024-10-22T14:35:26.477+0000] {logging_mixin.py:188} INFO - [2024-10-22T14:35:26.477+0000] {dag.py:3089} INFO - Sync 1 DAGs
[2024-10-22T14:35:26.491+0000] {logging_mixin.py:188} INFO - [2024-10-22T14:35:26.491+0000] {dag.py:3947} INFO - Setting next_dagrun for latest_only to 2024-10-22 08:00:00+00:00, run_after=2024-10-22 12:00:00+00:00
[2024-10-22T14:35:26.504+0000] {processor.py:183} INFO - Processing /home/airflow/.local/lib/python3.12/site-packages/airflow/example_dags/example_latest_only.py took 0.050 seconds
[2024-10-22T14:35:56.624+0000] {processor.py:161} INFO - Started process (PID=1018) to work on /home/airflow/.local/lib/python3.12/site-packages/airflow/example_dags/example_latest_only.py
[2024-10-22T14:35:56.625+0000] {processor.py:830} INFO - Processing file /home/airflow/.local/lib/python3.12/site-packages/airflow/example_dags/example_latest_only.py for tasks to queue
[2024-10-22T14:35:56.626+0000] {logging_mixin.py:188} INFO - [2024-10-22T14:35:56.626+0000] {dagbag.py:545} INFO - Filling up the DagBag from /home/airflow/.local/lib/python3.12/site-packages/airflow/example_dags/example_latest_only.py
[2024-10-22T14:35:56.629+0000] {processor.py:840} INFO - DAG(s) 'latest_only' retrieved from /home/airflow/.local/lib/python3.12/site-packages/airflow/example_dags/example_latest_only.py
[2024-10-22T14:35:56.642+0000] {logging_mixin.py:188} INFO - [2024-10-22T14:35:56.642+0000] {dag.py:3089} INFO - Sync 1 DAGs
[2024-10-22T14:35:56.655+0000] {logging_mixin.py:188} INFO - [2024-10-22T14:35:56.655+0000] {dag.py:3947} INFO - Setting next_dagrun for latest_only to 2024-10-22 08:00:00+00:00, run_after=2024-10-22 12:00:00+00:00
[2024-10-22T14:35:56.667+0000] {processor.py:183} INFO - Processing /home/airflow/.local/lib/python3.12/site-packages/airflow/example_dags/example_latest_only.py took 0.047 seconds
[2024-10-22T14:36:26.946+0000] {processor.py:161} INFO - Started process (PID=1283) to work on /home/airflow/.local/lib/python3.12/site-packages/airflow/example_dags/example_latest_only.py
[2024-10-22T14:36:26.947+0000] {processor.py:830} INFO - Processing file /home/airflow/.local/lib/python3.12/site-packages/airflow/example_dags/example_latest_only.py for tasks to queue
[2024-10-22T14:36:26.949+0000] {logging_mixin.py:188} INFO - [2024-10-22T14:36:26.949+0000] {dagbag.py:545} INFO - Filling up the DagBag from /home/airflow/.local/lib/python3.12/site-packages/airflow/example_dags/example_latest_only.py
[2024-10-22T14:36:26.952+0000] {processor.py:840} INFO - DAG(s) 'latest_only' retrieved from /home/airflow/.local/lib/python3.12/site-packages/airflow/example_dags/example_latest_only.py
[2024-10-22T14:36:26.966+0000] {logging_mixin.py:188} INFO - [2024-10-22T14:36:26.966+0000] {dag.py:3089} INFO - Sync 1 DAGs
[2024-10-22T14:36:26.981+0000] {logging_mixin.py:188} INFO - [2024-10-22T14:36:26.980+0000] {dag.py:3947} INFO - Setting next_dagrun for latest_only to 2024-10-22 08:00:00+00:00, run_after=2024-10-22 12:00:00+00:00
[2024-10-22T14:36:26.993+0000] {processor.py:183} INFO - Processing /home/airflow/.local/lib/python3.12/site-packages/airflow/example_dags/example_latest_only.py took 0.050 seconds
[2024-10-22T14:36:57.269+0000] {processor.py:161} INFO - Started process (PID=1550) to work on /home/airflow/.local/lib/python3.12/site-packages/airflow/example_dags/example_latest_only.py
[2024-10-22T14:36:57.270+0000] {processor.py:830} INFO - Processing file /home/airflow/.local/lib/python3.12/site-packages/airflow/example_dags/example_latest_only.py for tasks to queue
[2024-10-22T14:36:57.271+0000] {logging_mixin.py:188} INFO - [2024-10-22T14:36:57.271+0000] {dagbag.py:545} INFO - Filling up the DagBag from /home/airflow/.local/lib/python3.12/site-packages/airflow/example_dags/example_latest_only.py
[2024-10-22T14:36:57.274+0000] {processor.py:840} INFO - DAG(s) 'latest_only' retrieved from /home/airflow/.local/lib/python3.12/site-packages/airflow/example_dags/example_latest_only.py
[2024-10-22T14:36:57.287+0000] {logging_mixin.py:188} INFO - [2024-10-22T14:36:57.287+0000] {dag.py:3089} INFO - Sync 1 DAGs
[2024-10-22T14:36:57.302+0000] {logging_mixin.py:188} INFO - [2024-10-22T14:36:57.302+0000] {dag.py:3947} INFO - Setting next_dagrun for latest_only to 2024-10-22 08:00:00+00:00, run_after=2024-10-22 12:00:00+00:00
[2024-10-22T14:36:57.313+0000] {processor.py:183} INFO - Processing /home/airflow/.local/lib/python3.12/site-packages/airflow/example_dags/example_latest_only.py took 0.048 seconds
[2024-10-22T14:37:27.519+0000] {processor.py:161} INFO - Started process (PID=1817) to work on /home/airflow/.local/lib/python3.12/site-packages/airflow/example_dags/example_latest_only.py
[2024-10-22T14:37:27.520+0000] {processor.py:830} INFO - Processing file /home/airflow/.local/lib/python3.12/site-packages/airflow/example_dags/example_latest_only.py for tasks to queue
[2024-10-22T14:37:27.521+0000] {logging_mixin.py:188} INFO - [2024-10-22T14:37:27.521+0000] {dagbag.py:545} INFO - Filling up the DagBag from /home/airflow/.local/lib/python3.12/site-packages/airflow/example_dags/example_latest_only.py
[2024-10-22T14:37:27.525+0000] {processor.py:840} INFO - DAG(s) 'latest_only' retrieved from /home/airflow/.local/lib/python3.12/site-packages/airflow/example_dags/example_latest_only.py
[2024-10-22T14:37:27.539+0000] {logging_mixin.py:188} INFO - [2024-10-22T14:37:27.539+0000] {dag.py:3089} INFO - Sync 1 DAGs
[2024-10-22T14:37:27.553+0000] {logging_mixin.py:188} INFO - [2024-10-22T14:37:27.552+0000] {dag.py:3947} INFO - Setting next_dagrun for latest_only to 2024-10-22 08:00:00+00:00, run_after=2024-10-22 12:00:00+00:00
[2024-10-22T14:37:27.565+0000] {processor.py:183} INFO - Processing /home/airflow/.local/lib/python3.12/site-packages/airflow/example_dags/example_latest_only.py took 0.049 seconds
[2024-10-22T14:37:57.686+0000] {processor.py:161} INFO - Started process (PID=2086) to work on /home/airflow/.local/lib/python3.12/site-packages/airflow/example_dags/example_latest_only.py
[2024-10-22T14:37:57.687+0000] {processor.py:830} INFO - Processing file /home/airflow/.local/lib/python3.12/site-packages/airflow/example_dags/example_latest_only.py for tasks to queue
[2024-10-22T14:37:57.688+0000] {logging_mixin.py:188} INFO - [2024-10-22T14:37:57.688+0000] {dagbag.py:545} INFO - Filling up the DagBag from /home/airflow/.local/lib/python3.12/site-packages/airflow/example_dags/example_latest_only.py
[2024-10-22T14:37:57.691+0000] {processor.py:840} INFO - DAG(s) 'latest_only' retrieved from /home/airflow/.local/lib/python3.12/site-packages/airflow/example_dags/example_latest_only.py
[2024-10-22T14:37:57.704+0000] {logging_mixin.py:188} INFO - [2024-10-22T14:37:57.704+0000] {dag.py:3089} INFO - Sync 1 DAGs
[2024-10-22T14:37:57.718+0000] {logging_mixin.py:188} INFO - [2024-10-22T14:37:57.718+0000] {dag.py:3947} INFO - Setting next_dagrun for latest_only to 2024-10-22 08:00:00+00:00, run_after=2024-10-22 12:00:00+00:00
[2024-10-22T14:37:57.729+0000] {processor.py:183} INFO - Processing /home/airflow/.local/lib/python3.12/site-packages/airflow/example_dags/example_latest_only.py took 0.046 seconds
[2024-10-22T14:38:27.779+0000] {processor.py:161} INFO - Started process (PID=2351) to work on /home/airflow/.local/lib/python3.12/site-packages/airflow/example_dags/example_latest_only.py
[2024-10-22T14:38:27.779+0000] {processor.py:830} INFO - Processing file /home/airflow/.local/lib/python3.12/site-packages/airflow/example_dags/example_latest_only.py for tasks to queue
[2024-10-22T14:38:27.781+0000] {logging_mixin.py:188} INFO - [2024-10-22T14:38:27.780+0000] {dagbag.py:545} INFO - Filling up the DagBag from /home/airflow/.local/lib/python3.12/site-packages/airflow/example_dags/example_latest_only.py
[2024-10-22T14:38:27.784+0000] {processor.py:840} INFO - DAG(s) 'latest_only' retrieved from /home/airflow/.local/lib/python3.12/site-packages/airflow/example_dags/example_latest_only.py
[2024-10-22T14:38:27.797+0000] {logging_mixin.py:188} INFO - [2024-10-22T14:38:27.797+0000] {dag.py:3089} INFO - Sync 1 DAGs
[2024-10-22T14:38:27.812+0000] {logging_mixin.py:188} INFO - [2024-10-22T14:38:27.811+0000] {dag.py:3947} INFO - Setting next_dagrun for latest_only to 2024-10-22 08:00:00+00:00, run_after=2024-10-22 12:00:00+00:00
[2024-10-22T14:38:27.824+0000] {processor.py:183} INFO - Processing /home/airflow/.local/lib/python3.12/site-packages/airflow/example_dags/example_latest_only.py took 0.049 seconds
[2024-10-22T14:38:57.898+0000] {processor.py:161} INFO - Started process (PID=2618) to work on /home/airflow/.local/lib/python3.12/site-packages/airflow/example_dags/example_latest_only.py
[2024-10-22T14:38:57.899+0000] {processor.py:830} INFO - Processing file /home/airflow/.local/lib/python3.12/site-packages/airflow/example_dags/example_latest_only.py for tasks to queue
[2024-10-22T14:38:57.900+0000] {logging_mixin.py:188} INFO - [2024-10-22T14:38:57.900+0000] {dagbag.py:545} INFO - Filling up the DagBag from /home/airflow/.local/lib/python3.12/site-packages/airflow/example_dags/example_latest_only.py
[2024-10-22T14:38:57.903+0000] {processor.py:840} INFO - DAG(s) 'latest_only' retrieved from /home/airflow/.local/lib/python3.12/site-packages/airflow/example_dags/example_latest_only.py
[2024-10-22T14:38:57.916+0000] {logging_mixin.py:188} INFO - [2024-10-22T14:38:57.916+0000] {dag.py:3089} INFO - Sync 1 DAGs
[2024-10-22T14:38:57.930+0000] {logging_mixin.py:188} INFO - [2024-10-22T14:38:57.930+0000] {dag.py:3947} INFO - Setting next_dagrun for latest_only to 2024-10-22 08:00:00+00:00, run_after=2024-10-22 12:00:00+00:00
[2024-10-22T14:38:57.942+0000] {processor.py:183} INFO - Processing /home/airflow/.local/lib/python3.12/site-packages/airflow/example_dags/example_latest_only.py took 0.048 seconds
[2024-10-22T14:39:28.502+0000] {processor.py:161} INFO - Started process (PID=2887) to work on /home/airflow/.local/lib/python3.12/site-packages/airflow/example_dags/example_latest_only.py
[2024-10-22T14:39:28.503+0000] {processor.py:830} INFO - Processing file /home/airflow/.local/lib/python3.12/site-packages/airflow/example_dags/example_latest_only.py for tasks to queue
[2024-10-22T14:39:28.504+0000] {logging_mixin.py:188} INFO - [2024-10-22T14:39:28.504+0000] {dagbag.py:545} INFO - Filling up the DagBag from /home/airflow/.local/lib/python3.12/site-packages/airflow/example_dags/example_latest_only.py
[2024-10-22T14:39:28.507+0000] {processor.py:840} INFO - DAG(s) 'latest_only' retrieved from /home/airflow/.local/lib/python3.12/site-packages/airflow/example_dags/example_latest_only.py
[2024-10-22T14:39:28.521+0000] {logging_mixin.py:188} INFO - [2024-10-22T14:39:28.520+0000] {dag.py:3089} INFO - Sync 1 DAGs
[2024-10-22T14:39:28.534+0000] {logging_mixin.py:188} INFO - [2024-10-22T14:39:28.534+0000] {dag.py:3947} INFO - Setting next_dagrun for latest_only to 2024-10-22 08:00:00+00:00, run_after=2024-10-22 12:00:00+00:00
[2024-10-22T14:39:28.545+0000] {processor.py:183} INFO - Processing /home/airflow/.local/lib/python3.12/site-packages/airflow/example_dags/example_latest_only.py took 0.047 seconds
[2024-10-22T14:39:58.620+0000] {processor.py:161} INFO - Started process (PID=3152) to work on /home/airflow/.local/lib/python3.12/site-packages/airflow/example_dags/example_latest_only.py
[2024-10-22T14:39:58.620+0000] {processor.py:830} INFO - Processing file /home/airflow/.local/lib/python3.12/site-packages/airflow/example_dags/example_latest_only.py for tasks to queue
[2024-10-22T14:39:58.622+0000] {logging_mixin.py:188} INFO - [2024-10-22T14:39:58.622+0000] {dagbag.py:545} INFO - Filling up the DagBag from /home/airflow/.local/lib/python3.12/site-packages/airflow/example_dags/example_latest_only.py
[2024-10-22T14:39:58.625+0000] {processor.py:840} INFO - DAG(s) 'latest_only' retrieved from /home/airflow/.local/lib/python3.12/site-packages/airflow/example_dags/example_latest_only.py
[2024-10-22T14:39:58.638+0000] {logging_mixin.py:188} INFO - [2024-10-22T14:39:58.638+0000] {dag.py:3089} INFO - Sync 1 DAGs
[2024-10-22T14:39:58.651+0000] {logging_mixin.py:188} INFO - [2024-10-22T14:39:58.651+0000] {dag.py:3947} INFO - Setting next_dagrun for latest_only to 2024-10-22 08:00:00+00:00, run_after=2024-10-22 12:00:00+00:00
[2024-10-22T14:39:58.663+0000] {processor.py:183} INFO - Processing /home/airflow/.local/lib/python3.12/site-packages/airflow/example_dags/example_latest_only.py took 0.047 seconds
[2024-10-22T14:40:28.892+0000] {processor.py:161} INFO - Started process (PID=3421) to work on /home/airflow/.local/lib/python3.12/site-packages/airflow/example_dags/example_latest_only.py
[2024-10-22T14:40:28.893+0000] {processor.py:830} INFO - Processing file /home/airflow/.local/lib/python3.12/site-packages/airflow/example_dags/example_latest_only.py for tasks to queue
[2024-10-22T14:40:28.894+0000] {logging_mixin.py:188} INFO - [2024-10-22T14:40:28.894+0000] {dagbag.py:545} INFO - Filling up the DagBag from /home/airflow/.local/lib/python3.12/site-packages/airflow/example_dags/example_latest_only.py
[2024-10-22T14:40:28.897+0000] {processor.py:840} INFO - DAG(s) 'latest_only' retrieved from /home/airflow/.local/lib/python3.12/site-packages/airflow/example_dags/example_latest_only.py
[2024-10-22T14:40:28.910+0000] {logging_mixin.py:188} INFO - [2024-10-22T14:40:28.910+0000] {dag.py:3089} INFO - Sync 1 DAGs
[2024-10-22T14:40:28.924+0000] {logging_mixin.py:188} INFO - [2024-10-22T14:40:28.924+0000] {dag.py:3947} INFO - Setting next_dagrun for latest_only to 2024-10-22 08:00:00+00:00, run_after=2024-10-22 12:00:00+00:00
[2024-10-22T14:40:28.938+0000] {processor.py:183} INFO - Processing /home/airflow/.local/lib/python3.12/site-packages/airflow/example_dags/example_latest_only.py took 0.049 seconds
[2024-10-22T14:40:59.105+0000] {processor.py:161} INFO - Started process (PID=3688) to work on /home/airflow/.local/lib/python3.12/site-packages/airflow/example_dags/example_latest_only.py
[2024-10-22T14:40:59.105+0000] {processor.py:830} INFO - Processing file /home/airflow/.local/lib/python3.12/site-packages/airflow/example_dags/example_latest_only.py for tasks to queue
[2024-10-22T14:40:59.107+0000] {logging_mixin.py:188} INFO - [2024-10-22T14:40:59.107+0000] {dagbag.py:545} INFO - Filling up the DagBag from /home/airflow/.local/lib/python3.12/site-packages/airflow/example_dags/example_latest_only.py
[2024-10-22T14:40:59.110+0000] {processor.py:840} INFO - DAG(s) 'latest_only' retrieved from /home/airflow/.local/lib/python3.12/site-packages/airflow/example_dags/example_latest_only.py
[2024-10-22T14:40:59.123+0000] {logging_mixin.py:188} INFO - [2024-10-22T14:40:59.122+0000] {dag.py:3089} INFO - Sync 1 DAGs
[2024-10-22T14:40:59.136+0000] {logging_mixin.py:188} INFO - [2024-10-22T14:40:59.136+0000] {dag.py:3947} INFO - Setting next_dagrun for latest_only to 2024-10-22 08:00:00+00:00, run_after=2024-10-22 12:00:00+00:00
[2024-10-22T14:40:59.147+0000] {processor.py:183} INFO - Processing /home/airflow/.local/lib/python3.12/site-packages/airflow/example_dags/example_latest_only.py took 0.046 seconds
[2024-10-22T14:41:29.219+0000] {processor.py:161} INFO - Started process (PID=3953) to work on /home/airflow/.local/lib/python3.12/site-packages/airflow/example_dags/example_latest_only.py
[2024-10-22T14:41:29.220+0000] {processor.py:830} INFO - Processing file /home/airflow/.local/lib/python3.12/site-packages/airflow/example_dags/example_latest_only.py for tasks to queue
[2024-10-22T14:41:29.221+0000] {logging_mixin.py:188} INFO - [2024-10-22T14:41:29.221+0000] {dagbag.py:545} INFO - Filling up the DagBag from /home/airflow/.local/lib/python3.12/site-packages/airflow/example_dags/example_latest_only.py
[2024-10-22T14:41:29.224+0000] {processor.py:840} INFO - DAG(s) 'latest_only' retrieved from /home/airflow/.local/lib/python3.12/site-packages/airflow/example_dags/example_latest_only.py
[2024-10-22T14:41:29.236+0000] {logging_mixin.py:188} INFO - [2024-10-22T14:41:29.236+0000] {dag.py:3089} INFO - Sync 1 DAGs
[2024-10-22T14:41:29.250+0000] {logging_mixin.py:188} INFO - [2024-10-22T14:41:29.250+0000] {dag.py:3947} INFO - Setting next_dagrun for latest_only to 2024-10-22 08:00:00+00:00, run_after=2024-10-22 12:00:00+00:00
[2024-10-22T14:41:29.261+0000] {processor.py:183} INFO - Processing /home/airflow/.local/lib/python3.12/site-packages/airflow/example_dags/example_latest_only.py took 0.046 seconds
[2024-10-22T14:41:59.508+0000] {processor.py:161} INFO - Started process (PID=4222) to work on /home/airflow/.local/lib/python3.12/site-packages/airflow/example_dags/example_latest_only.py
[2024-10-22T14:41:59.509+0000] {processor.py:830} INFO - Processing file /home/airflow/.local/lib/python3.12/site-packages/airflow/example_dags/example_latest_only.py for tasks to queue
[2024-10-22T14:41:59.510+0000] {logging_mixin.py:188} INFO - [2024-10-22T14:41:59.510+0000] {dagbag.py:545} INFO - Filling up the DagBag from /home/airflow/.local/lib/python3.12/site-packages/airflow/example_dags/example_latest_only.py
[2024-10-22T14:41:59.514+0000] {processor.py:840} INFO - DAG(s) 'latest_only' retrieved from /home/airflow/.local/lib/python3.12/site-packages/airflow/example_dags/example_latest_only.py
[2024-10-22T14:41:59.529+0000] {logging_mixin.py:188} INFO - [2024-10-22T14:41:59.529+0000] {dag.py:3089} INFO - Sync 1 DAGs
[2024-10-22T14:41:59.544+0000] {logging_mixin.py:188} INFO - [2024-10-22T14:41:59.544+0000] {dag.py:3947} INFO - Setting next_dagrun for latest_only to 2024-10-22 08:00:00+00:00, run_after=2024-10-22 12:00:00+00:00
[2024-10-22T14:41:59.556+0000] {processor.py:183} INFO - Processing /home/airflow/.local/lib/python3.12/site-packages/airflow/example_dags/example_latest_only.py took 0.052 seconds
[2024-10-22T14:42:47.407+0000] {processor.py:161} INFO - Started process (PID=209) to work on /home/airflow/.local/lib/python3.12/site-packages/airflow/example_dags/example_latest_only.py
[2024-10-22T14:42:47.408+0000] {processor.py:830} INFO - Processing file /home/airflow/.local/lib/python3.12/site-packages/airflow/example_dags/example_latest_only.py for tasks to queue
[2024-10-22T14:42:47.409+0000] {logging_mixin.py:188} INFO - [2024-10-22T14:42:47.409+0000] {dagbag.py:545} INFO - Filling up the DagBag from /home/airflow/.local/lib/python3.12/site-packages/airflow/example_dags/example_latest_only.py
[2024-10-22T14:42:47.413+0000] {processor.py:840} INFO - DAG(s) 'latest_only' retrieved from /home/airflow/.local/lib/python3.12/site-packages/airflow/example_dags/example_latest_only.py
[2024-10-22T14:42:47.422+0000] {logging_mixin.py:188} INFO - [2024-10-22T14:42:47.421+0000] {dag.py:3089} INFO - Sync 1 DAGs
[2024-10-22T14:42:47.440+0000] {logging_mixin.py:188} INFO - [2024-10-22T14:42:47.440+0000] {dag.py:3947} INFO - Setting next_dagrun for latest_only to 2024-10-22 08:00:00+00:00, run_after=2024-10-22 12:00:00+00:00
[2024-10-22T14:42:47.456+0000] {processor.py:183} INFO - Processing /home/airflow/.local/lib/python3.12/site-packages/airflow/example_dags/example_latest_only.py took 0.054 seconds
[2024-10-22T14:43:18.080+0000] {processor.py:161} INFO - Started process (PID=482) to work on /home/airflow/.local/lib/python3.12/site-packages/airflow/example_dags/example_latest_only.py
[2024-10-22T14:43:18.081+0000] {processor.py:830} INFO - Processing file /home/airflow/.local/lib/python3.12/site-packages/airflow/example_dags/example_latest_only.py for tasks to queue
[2024-10-22T14:43:18.082+0000] {logging_mixin.py:188} INFO - [2024-10-22T14:43:18.082+0000] {dagbag.py:545} INFO - Filling up the DagBag from /home/airflow/.local/lib/python3.12/site-packages/airflow/example_dags/example_latest_only.py
[2024-10-22T14:43:18.085+0000] {processor.py:840} INFO - DAG(s) 'latest_only' retrieved from /home/airflow/.local/lib/python3.12/site-packages/airflow/example_dags/example_latest_only.py
[2024-10-22T14:43:18.163+0000] {logging_mixin.py:188} INFO - [2024-10-22T14:43:18.163+0000] {dag.py:3089} INFO - Sync 1 DAGs
[2024-10-22T14:43:18.176+0000] {logging_mixin.py:188} INFO - [2024-10-22T14:43:18.176+0000] {dag.py:3947} INFO - Setting next_dagrun for latest_only to 2024-10-22 08:00:00+00:00, run_after=2024-10-22 12:00:00+00:00
[2024-10-22T14:43:18.189+0000] {processor.py:183} INFO - Processing /home/airflow/.local/lib/python3.12/site-packages/airflow/example_dags/example_latest_only.py took 0.113 seconds
[2024-10-22T14:43:48.510+0000] {processor.py:161} INFO - Started process (PID=752) to work on /home/airflow/.local/lib/python3.12/site-packages/airflow/example_dags/example_latest_only.py
[2024-10-22T14:43:48.510+0000] {processor.py:830} INFO - Processing file /home/airflow/.local/lib/python3.12/site-packages/airflow/example_dags/example_latest_only.py for tasks to queue
[2024-10-22T14:43:48.512+0000] {logging_mixin.py:188} INFO - [2024-10-22T14:43:48.512+0000] {dagbag.py:545} INFO - Filling up the DagBag from /home/airflow/.local/lib/python3.12/site-packages/airflow/example_dags/example_latest_only.py
[2024-10-22T14:43:48.515+0000] {processor.py:840} INFO - DAG(s) 'latest_only' retrieved from /home/airflow/.local/lib/python3.12/site-packages/airflow/example_dags/example_latest_only.py
[2024-10-22T14:43:48.529+0000] {logging_mixin.py:188} INFO - [2024-10-22T14:43:48.529+0000] {dag.py:3089} INFO - Sync 1 DAGs
[2024-10-22T14:43:48.545+0000] {logging_mixin.py:188} INFO - [2024-10-22T14:43:48.545+0000] {dag.py:3947} INFO - Setting next_dagrun for latest_only to 2024-10-22 08:00:00+00:00, run_after=2024-10-22 12:00:00+00:00
[2024-10-22T14:43:48.559+0000] {processor.py:183} INFO - Processing /home/airflow/.local/lib/python3.12/site-packages/airflow/example_dags/example_latest_only.py took 0.053 seconds
[2024-10-22T14:44:18.830+0000] {processor.py:161} INFO - Started process (PID=1019) to work on /home/airflow/.local/lib/python3.12/site-packages/airflow/example_dags/example_latest_only.py
[2024-10-22T14:44:18.830+0000] {processor.py:830} INFO - Processing file /home/airflow/.local/lib/python3.12/site-packages/airflow/example_dags/example_latest_only.py for tasks to queue
[2024-10-22T14:44:18.832+0000] {logging_mixin.py:188} INFO - [2024-10-22T14:44:18.832+0000] {dagbag.py:545} INFO - Filling up the DagBag from /home/airflow/.local/lib/python3.12/site-packages/airflow/example_dags/example_latest_only.py
[2024-10-22T14:44:18.835+0000] {processor.py:840} INFO - DAG(s) 'latest_only' retrieved from /home/airflow/.local/lib/python3.12/site-packages/airflow/example_dags/example_latest_only.py
[2024-10-22T14:44:18.849+0000] {logging_mixin.py:188} INFO - [2024-10-22T14:44:18.849+0000] {dag.py:3089} INFO - Sync 1 DAGs
[2024-10-22T14:44:18.863+0000] {logging_mixin.py:188} INFO - [2024-10-22T14:44:18.863+0000] {dag.py:3947} INFO - Setting next_dagrun for latest_only to 2024-10-22 08:00:00+00:00, run_after=2024-10-22 12:00:00+00:00
[2024-10-22T14:44:18.877+0000] {processor.py:183} INFO - Processing /home/airflow/.local/lib/python3.12/site-packages/airflow/example_dags/example_latest_only.py took 0.051 seconds
[2024-10-22T14:44:48.970+0000] {processor.py:161} INFO - Started process (PID=1286) to work on /home/airflow/.local/lib/python3.12/site-packages/airflow/example_dags/example_latest_only.py
[2024-10-22T14:44:48.970+0000] {processor.py:830} INFO - Processing file /home/airflow/.local/lib/python3.12/site-packages/airflow/example_dags/example_latest_only.py for tasks to queue
[2024-10-22T14:44:48.972+0000] {logging_mixin.py:188} INFO - [2024-10-22T14:44:48.971+0000] {dagbag.py:545} INFO - Filling up the DagBag from /home/airflow/.local/lib/python3.12/site-packages/airflow/example_dags/example_latest_only.py
[2024-10-22T14:44:48.975+0000] {processor.py:840} INFO - DAG(s) 'latest_only' retrieved from /home/airflow/.local/lib/python3.12/site-packages/airflow/example_dags/example_latest_only.py
[2024-10-22T14:44:48.988+0000] {logging_mixin.py:188} INFO - [2024-10-22T14:44:48.988+0000] {dag.py:3089} INFO - Sync 1 DAGs
[2024-10-22T14:44:49.002+0000] {logging_mixin.py:188} INFO - [2024-10-22T14:44:49.002+0000] {dag.py:3947} INFO - Setting next_dagrun for latest_only to 2024-10-22 08:00:00+00:00, run_after=2024-10-22 12:00:00+00:00
[2024-10-22T14:44:49.015+0000] {processor.py:183} INFO - Processing /home/airflow/.local/lib/python3.12/site-packages/airflow/example_dags/example_latest_only.py took 0.049 seconds
[2024-10-22T14:45:19.442+0000] {processor.py:161} INFO - Started process (PID=1553) to work on /home/airflow/.local/lib/python3.12/site-packages/airflow/example_dags/example_latest_only.py
[2024-10-22T14:45:19.442+0000] {processor.py:830} INFO - Processing file /home/airflow/.local/lib/python3.12/site-packages/airflow/example_dags/example_latest_only.py for tasks to queue
[2024-10-22T14:45:19.444+0000] {logging_mixin.py:188} INFO - [2024-10-22T14:45:19.443+0000] {dagbag.py:545} INFO - Filling up the DagBag from /home/airflow/.local/lib/python3.12/site-packages/airflow/example_dags/example_latest_only.py
[2024-10-22T14:45:19.447+0000] {processor.py:840} INFO - DAG(s) 'latest_only' retrieved from /home/airflow/.local/lib/python3.12/site-packages/airflow/example_dags/example_latest_only.py
[2024-10-22T14:45:19.461+0000] {logging_mixin.py:188} INFO - [2024-10-22T14:45:19.461+0000] {dag.py:3089} INFO - Sync 1 DAGs
[2024-10-22T14:45:19.476+0000] {logging_mixin.py:188} INFO - [2024-10-22T14:45:19.476+0000] {dag.py:3947} INFO - Setting next_dagrun for latest_only to 2024-10-22 08:00:00+00:00, run_after=2024-10-22 12:00:00+00:00
[2024-10-22T14:45:19.488+0000] {processor.py:183} INFO - Processing /home/airflow/.local/lib/python3.12/site-packages/airflow/example_dags/example_latest_only.py took 0.050 seconds
[2024-10-22T14:45:49.764+0000] {processor.py:161} INFO - Started process (PID=1822) to work on /home/airflow/.local/lib/python3.12/site-packages/airflow/example_dags/example_latest_only.py
[2024-10-22T14:45:49.765+0000] {processor.py:830} INFO - Processing file /home/airflow/.local/lib/python3.12/site-packages/airflow/example_dags/example_latest_only.py for tasks to queue
[2024-10-22T14:45:49.766+0000] {logging_mixin.py:188} INFO - [2024-10-22T14:45:49.766+0000] {dagbag.py:545} INFO - Filling up the DagBag from /home/airflow/.local/lib/python3.12/site-packages/airflow/example_dags/example_latest_only.py
[2024-10-22T14:45:49.770+0000] {processor.py:840} INFO - DAG(s) 'latest_only' retrieved from /home/airflow/.local/lib/python3.12/site-packages/airflow/example_dags/example_latest_only.py
[2024-10-22T14:45:49.787+0000] {logging_mixin.py:188} INFO - [2024-10-22T14:45:49.786+0000] {dag.py:3089} INFO - Sync 1 DAGs
[2024-10-22T14:45:49.804+0000] {logging_mixin.py:188} INFO - [2024-10-22T14:45:49.804+0000] {dag.py:3947} INFO - Setting next_dagrun for latest_only to 2024-10-22 08:00:00+00:00, run_after=2024-10-22 12:00:00+00:00
[2024-10-22T14:45:49.819+0000] {processor.py:183} INFO - Processing /home/airflow/.local/lib/python3.12/site-packages/airflow/example_dags/example_latest_only.py took 0.059 seconds
[2024-10-22T14:46:20.341+0000] {processor.py:161} INFO - Started process (PID=2087) to work on /home/airflow/.local/lib/python3.12/site-packages/airflow/example_dags/example_latest_only.py
[2024-10-22T14:46:20.342+0000] {processor.py:830} INFO - Processing file /home/airflow/.local/lib/python3.12/site-packages/airflow/example_dags/example_latest_only.py for tasks to queue
[2024-10-22T14:46:20.343+0000] {logging_mixin.py:188} INFO - [2024-10-22T14:46:20.343+0000] {dagbag.py:545} INFO - Filling up the DagBag from /home/airflow/.local/lib/python3.12/site-packages/airflow/example_dags/example_latest_only.py
[2024-10-22T14:46:20.346+0000] {processor.py:840} INFO - DAG(s) 'latest_only' retrieved from /home/airflow/.local/lib/python3.12/site-packages/airflow/example_dags/example_latest_only.py
[2024-10-22T14:46:20.362+0000] {logging_mixin.py:188} INFO - [2024-10-22T14:46:20.361+0000] {dag.py:3089} INFO - Sync 1 DAGs
[2024-10-22T14:46:20.379+0000] {logging_mixin.py:188} INFO - [2024-10-22T14:46:20.379+0000] {dag.py:3947} INFO - Setting next_dagrun for latest_only to 2024-10-22 08:00:00+00:00, run_after=2024-10-22 12:00:00+00:00
[2024-10-22T14:46:20.394+0000] {processor.py:183} INFO - Processing /home/airflow/.local/lib/python3.12/site-packages/airflow/example_dags/example_latest_only.py took 0.057 seconds
[2024-10-22T14:46:50.571+0000] {processor.py:161} INFO - Started process (PID=2355) to work on /home/airflow/.local/lib/python3.12/site-packages/airflow/example_dags/example_latest_only.py
[2024-10-22T14:46:50.572+0000] {processor.py:830} INFO - Processing file /home/airflow/.local/lib/python3.12/site-packages/airflow/example_dags/example_latest_only.py for tasks to queue
[2024-10-22T14:46:50.573+0000] {logging_mixin.py:188} INFO - [2024-10-22T14:46:50.573+0000] {dagbag.py:545} INFO - Filling up the DagBag from /home/airflow/.local/lib/python3.12/site-packages/airflow/example_dags/example_latest_only.py
[2024-10-22T14:46:50.576+0000] {processor.py:840} INFO - DAG(s) 'latest_only' retrieved from /home/airflow/.local/lib/python3.12/site-packages/airflow/example_dags/example_latest_only.py
[2024-10-22T14:46:50.590+0000] {logging_mixin.py:188} INFO - [2024-10-22T14:46:50.590+0000] {dag.py:3089} INFO - Sync 1 DAGs
[2024-10-22T14:46:50.606+0000] {logging_mixin.py:188} INFO - [2024-10-22T14:46:50.605+0000] {dag.py:3947} INFO - Setting next_dagrun for latest_only to 2024-10-22 08:00:00+00:00, run_after=2024-10-22 12:00:00+00:00
[2024-10-22T14:46:50.619+0000] {processor.py:183} INFO - Processing /home/airflow/.local/lib/python3.12/site-packages/airflow/example_dags/example_latest_only.py took 0.052 seconds
[2024-10-22T14:47:21.085+0000] {processor.py:161} INFO - Started process (PID=2624) to work on /home/airflow/.local/lib/python3.12/site-packages/airflow/example_dags/example_latest_only.py
[2024-10-22T14:47:21.086+0000] {processor.py:830} INFO - Processing file /home/airflow/.local/lib/python3.12/site-packages/airflow/example_dags/example_latest_only.py for tasks to queue
[2024-10-22T14:47:21.087+0000] {logging_mixin.py:188} INFO - [2024-10-22T14:47:21.087+0000] {dagbag.py:545} INFO - Filling up the DagBag from /home/airflow/.local/lib/python3.12/site-packages/airflow/example_dags/example_latest_only.py
[2024-10-22T14:47:21.091+0000] {processor.py:840} INFO - DAG(s) 'latest_only' retrieved from /home/airflow/.local/lib/python3.12/site-packages/airflow/example_dags/example_latest_only.py
[2024-10-22T14:47:21.106+0000] {logging_mixin.py:188} INFO - [2024-10-22T14:47:21.106+0000] {dag.py:3089} INFO - Sync 1 DAGs
[2024-10-22T14:47:21.120+0000] {logging_mixin.py:188} INFO - [2024-10-22T14:47:21.120+0000] {dag.py:3947} INFO - Setting next_dagrun for latest_only to 2024-10-22 08:00:00+00:00, run_after=2024-10-22 12:00:00+00:00
[2024-10-22T14:47:21.133+0000] {processor.py:183} INFO - Processing /home/airflow/.local/lib/python3.12/site-packages/airflow/example_dags/example_latest_only.py took 0.051 seconds
[2024-10-22T14:47:51.389+0000] {processor.py:161} INFO - Started process (PID=2893) to work on /home/airflow/.local/lib/python3.12/site-packages/airflow/example_dags/example_latest_only.py
[2024-10-22T14:47:51.389+0000] {processor.py:830} INFO - Processing file /home/airflow/.local/lib/python3.12/site-packages/airflow/example_dags/example_latest_only.py for tasks to queue
[2024-10-22T14:47:51.391+0000] {logging_mixin.py:188} INFO - [2024-10-22T14:47:51.390+0000] {dagbag.py:545} INFO - Filling up the DagBag from /home/airflow/.local/lib/python3.12/site-packages/airflow/example_dags/example_latest_only.py
[2024-10-22T14:47:51.394+0000] {processor.py:840} INFO - DAG(s) 'latest_only' retrieved from /home/airflow/.local/lib/python3.12/site-packages/airflow/example_dags/example_latest_only.py
[2024-10-22T14:47:51.408+0000] {logging_mixin.py:188} INFO - [2024-10-22T14:47:51.408+0000] {dag.py:3089} INFO - Sync 1 DAGs
[2024-10-22T14:47:51.423+0000] {logging_mixin.py:188} INFO - [2024-10-22T14:47:51.422+0000] {dag.py:3947} INFO - Setting next_dagrun for latest_only to 2024-10-22 08:00:00+00:00, run_after=2024-10-22 12:00:00+00:00
[2024-10-22T14:47:51.435+0000] {processor.py:183} INFO - Processing /home/airflow/.local/lib/python3.12/site-packages/airflow/example_dags/example_latest_only.py took 0.050 seconds
[2024-10-22T14:48:21.665+0000] {processor.py:161} INFO - Started process (PID=3160) to work on /home/airflow/.local/lib/python3.12/site-packages/airflow/example_dags/example_latest_only.py
[2024-10-22T14:48:21.666+0000] {processor.py:830} INFO - Processing file /home/airflow/.local/lib/python3.12/site-packages/airflow/example_dags/example_latest_only.py for tasks to queue
[2024-10-22T14:48:21.667+0000] {logging_mixin.py:188} INFO - [2024-10-22T14:48:21.667+0000] {dagbag.py:545} INFO - Filling up the DagBag from /home/airflow/.local/lib/python3.12/site-packages/airflow/example_dags/example_latest_only.py
[2024-10-22T14:48:21.670+0000] {processor.py:840} INFO - DAG(s) 'latest_only' retrieved from /home/airflow/.local/lib/python3.12/site-packages/airflow/example_dags/example_latest_only.py
[2024-10-22T14:48:21.684+0000] {logging_mixin.py:188} INFO - [2024-10-22T14:48:21.683+0000] {dag.py:3089} INFO - Sync 1 DAGs
[2024-10-22T14:48:21.698+0000] {logging_mixin.py:188} INFO - [2024-10-22T14:48:21.698+0000] {dag.py:3947} INFO - Setting next_dagrun for latest_only to 2024-10-22 08:00:00+00:00, run_after=2024-10-22 12:00:00+00:00
[2024-10-22T14:48:21.710+0000] {processor.py:183} INFO - Processing /home/airflow/.local/lib/python3.12/site-packages/airflow/example_dags/example_latest_only.py took 0.049 seconds
[2024-10-22T14:48:52.128+0000] {processor.py:161} INFO - Started process (PID=3427) to work on /home/airflow/.local/lib/python3.12/site-packages/airflow/example_dags/example_latest_only.py
[2024-10-22T14:48:52.129+0000] {processor.py:830} INFO - Processing file /home/airflow/.local/lib/python3.12/site-packages/airflow/example_dags/example_latest_only.py for tasks to queue
[2024-10-22T14:48:52.130+0000] {logging_mixin.py:188} INFO - [2024-10-22T14:48:52.130+0000] {dagbag.py:545} INFO - Filling up the DagBag from /home/airflow/.local/lib/python3.12/site-packages/airflow/example_dags/example_latest_only.py
[2024-10-22T14:48:52.133+0000] {processor.py:840} INFO - DAG(s) 'latest_only' retrieved from /home/airflow/.local/lib/python3.12/site-packages/airflow/example_dags/example_latest_only.py
[2024-10-22T14:48:52.147+0000] {logging_mixin.py:188} INFO - [2024-10-22T14:48:52.147+0000] {dag.py:3089} INFO - Sync 1 DAGs
[2024-10-22T14:48:52.161+0000] {logging_mixin.py:188} INFO - [2024-10-22T14:48:52.161+0000] {dag.py:3947} INFO - Setting next_dagrun for latest_only to 2024-10-22 08:00:00+00:00, run_after=2024-10-22 12:00:00+00:00
[2024-10-22T14:48:52.173+0000] {processor.py:183} INFO - Processing /home/airflow/.local/lib/python3.12/site-packages/airflow/example_dags/example_latest_only.py took 0.049 seconds
[2024-10-22T14:49:22.498+0000] {processor.py:161} INFO - Started process (PID=3692) to work on /home/airflow/.local/lib/python3.12/site-packages/airflow/example_dags/example_latest_only.py
[2024-10-22T14:49:22.498+0000] {processor.py:830} INFO - Processing file /home/airflow/.local/lib/python3.12/site-packages/airflow/example_dags/example_latest_only.py for tasks to queue
[2024-10-22T14:49:22.500+0000] {logging_mixin.py:188} INFO - [2024-10-22T14:49:22.499+0000] {dagbag.py:545} INFO - Filling up the DagBag from /home/airflow/.local/lib/python3.12/site-packages/airflow/example_dags/example_latest_only.py
[2024-10-22T14:49:22.503+0000] {processor.py:840} INFO - DAG(s) 'latest_only' retrieved from /home/airflow/.local/lib/python3.12/site-packages/airflow/example_dags/example_latest_only.py
[2024-10-22T14:49:22.517+0000] {logging_mixin.py:188} INFO - [2024-10-22T14:49:22.517+0000] {dag.py:3089} INFO - Sync 1 DAGs
[2024-10-22T14:49:22.532+0000] {logging_mixin.py:188} INFO - [2024-10-22T14:49:22.532+0000] {dag.py:3947} INFO - Setting next_dagrun for latest_only to 2024-10-22 08:00:00+00:00, run_after=2024-10-22 12:00:00+00:00
[2024-10-22T14:49:22.544+0000] {processor.py:183} INFO - Processing /home/airflow/.local/lib/python3.12/site-packages/airflow/example_dags/example_latest_only.py took 0.051 seconds
[2024-10-22T14:49:52.824+0000] {processor.py:161} INFO - Started process (PID=3959) to work on /home/airflow/.local/lib/python3.12/site-packages/airflow/example_dags/example_latest_only.py
[2024-10-22T14:49:52.824+0000] {processor.py:830} INFO - Processing file /home/airflow/.local/lib/python3.12/site-packages/airflow/example_dags/example_latest_only.py for tasks to queue
[2024-10-22T14:49:52.826+0000] {logging_mixin.py:188} INFO - [2024-10-22T14:49:52.826+0000] {dagbag.py:545} INFO - Filling up the DagBag from /home/airflow/.local/lib/python3.12/site-packages/airflow/example_dags/example_latest_only.py
[2024-10-22T14:49:52.829+0000] {processor.py:840} INFO - DAG(s) 'latest_only' retrieved from /home/airflow/.local/lib/python3.12/site-packages/airflow/example_dags/example_latest_only.py
[2024-10-22T14:49:52.845+0000] {logging_mixin.py:188} INFO - [2024-10-22T14:49:52.845+0000] {dag.py:3089} INFO - Sync 1 DAGs
[2024-10-22T14:49:52.860+0000] {logging_mixin.py:188} INFO - [2024-10-22T14:49:52.860+0000] {dag.py:3947} INFO - Setting next_dagrun for latest_only to 2024-10-22 08:00:00+00:00, run_after=2024-10-22 12:00:00+00:00
[2024-10-22T14:49:52.873+0000] {processor.py:183} INFO - Processing /home/airflow/.local/lib/python3.12/site-packages/airflow/example_dags/example_latest_only.py took 0.054 seconds
[2024-10-22T14:50:23.147+0000] {processor.py:161} INFO - Started process (PID=4226) to work on /home/airflow/.local/lib/python3.12/site-packages/airflow/example_dags/example_latest_only.py
[2024-10-22T14:50:23.147+0000] {processor.py:830} INFO - Processing file /home/airflow/.local/lib/python3.12/site-packages/airflow/example_dags/example_latest_only.py for tasks to queue
[2024-10-22T14:50:23.149+0000] {logging_mixin.py:188} INFO - [2024-10-22T14:50:23.148+0000] {dagbag.py:545} INFO - Filling up the DagBag from /home/airflow/.local/lib/python3.12/site-packages/airflow/example_dags/example_latest_only.py
[2024-10-22T14:50:23.152+0000] {processor.py:840} INFO - DAG(s) 'latest_only' retrieved from /home/airflow/.local/lib/python3.12/site-packages/airflow/example_dags/example_latest_only.py
[2024-10-22T14:50:23.166+0000] {logging_mixin.py:188} INFO - [2024-10-22T14:50:23.166+0000] {dag.py:3089} INFO - Sync 1 DAGs
[2024-10-22T14:50:23.181+0000] {logging_mixin.py:188} INFO - [2024-10-22T14:50:23.181+0000] {dag.py:3947} INFO - Setting next_dagrun for latest_only to 2024-10-22 08:00:00+00:00, run_after=2024-10-22 12:00:00+00:00
[2024-10-22T14:50:23.194+0000] {processor.py:183} INFO - Processing /home/airflow/.local/lib/python3.12/site-packages/airflow/example_dags/example_latest_only.py took 0.051 seconds
[2024-10-22T14:50:53.497+0000] {processor.py:161} INFO - Started process (PID=4493) to work on /home/airflow/.local/lib/python3.12/site-packages/airflow/example_dags/example_latest_only.py
[2024-10-22T14:50:53.498+0000] {processor.py:830} INFO - Processing file /home/airflow/.local/lib/python3.12/site-packages/airflow/example_dags/example_latest_only.py for tasks to queue
[2024-10-22T14:50:53.499+0000] {logging_mixin.py:188} INFO - [2024-10-22T14:50:53.499+0000] {dagbag.py:545} INFO - Filling up the DagBag from /home/airflow/.local/lib/python3.12/site-packages/airflow/example_dags/example_latest_only.py
[2024-10-22T14:50:53.502+0000] {processor.py:840} INFO - DAG(s) 'latest_only' retrieved from /home/airflow/.local/lib/python3.12/site-packages/airflow/example_dags/example_latest_only.py
[2024-10-22T14:50:53.517+0000] {logging_mixin.py:188} INFO - [2024-10-22T14:50:53.517+0000] {dag.py:3089} INFO - Sync 1 DAGs
[2024-10-22T14:50:53.531+0000] {logging_mixin.py:188} INFO - [2024-10-22T14:50:53.531+0000] {dag.py:3947} INFO - Setting next_dagrun for latest_only to 2024-10-22 08:00:00+00:00, run_after=2024-10-22 12:00:00+00:00
[2024-10-22T14:50:53.544+0000] {processor.py:183} INFO - Processing /home/airflow/.local/lib/python3.12/site-packages/airflow/example_dags/example_latest_only.py took 0.051 seconds
[2024-10-22T14:51:23.988+0000] {processor.py:161} INFO - Started process (PID=4762) to work on /home/airflow/.local/lib/python3.12/site-packages/airflow/example_dags/example_latest_only.py
[2024-10-22T14:51:23.989+0000] {processor.py:830} INFO - Processing file /home/airflow/.local/lib/python3.12/site-packages/airflow/example_dags/example_latest_only.py for tasks to queue
[2024-10-22T14:51:23.990+0000] {logging_mixin.py:188} INFO - [2024-10-22T14:51:23.990+0000] {dagbag.py:545} INFO - Filling up the DagBag from /home/airflow/.local/lib/python3.12/site-packages/airflow/example_dags/example_latest_only.py
[2024-10-22T14:51:23.994+0000] {processor.py:840} INFO - DAG(s) 'latest_only' retrieved from /home/airflow/.local/lib/python3.12/site-packages/airflow/example_dags/example_latest_only.py
[2024-10-22T14:51:24.008+0000] {logging_mixin.py:188} INFO - [2024-10-22T14:51:24.008+0000] {dag.py:3089} INFO - Sync 1 DAGs
[2024-10-22T14:51:24.024+0000] {logging_mixin.py:188} INFO - [2024-10-22T14:51:24.023+0000] {dag.py:3947} INFO - Setting next_dagrun for latest_only to 2024-10-22 08:00:00+00:00, run_after=2024-10-22 12:00:00+00:00
[2024-10-22T14:51:24.037+0000] {processor.py:183} INFO - Processing /home/airflow/.local/lib/python3.12/site-packages/airflow/example_dags/example_latest_only.py took 0.053 seconds
[2024-10-22T14:51:54.446+0000] {processor.py:161} INFO - Started process (PID=5029) to work on /home/airflow/.local/lib/python3.12/site-packages/airflow/example_dags/example_latest_only.py
[2024-10-22T14:51:54.446+0000] {processor.py:830} INFO - Processing file /home/airflow/.local/lib/python3.12/site-packages/airflow/example_dags/example_latest_only.py for tasks to queue
[2024-10-22T14:51:54.448+0000] {logging_mixin.py:188} INFO - [2024-10-22T14:51:54.448+0000] {dagbag.py:545} INFO - Filling up the DagBag from /home/airflow/.local/lib/python3.12/site-packages/airflow/example_dags/example_latest_only.py
[2024-10-22T14:51:54.451+0000] {processor.py:840} INFO - DAG(s) 'latest_only' retrieved from /home/airflow/.local/lib/python3.12/site-packages/airflow/example_dags/example_latest_only.py
[2024-10-22T14:51:54.465+0000] {logging_mixin.py:188} INFO - [2024-10-22T14:51:54.465+0000] {dag.py:3089} INFO - Sync 1 DAGs
[2024-10-22T14:51:54.479+0000] {logging_mixin.py:188} INFO - [2024-10-22T14:51:54.479+0000] {dag.py:3947} INFO - Setting next_dagrun for latest_only to 2024-10-22 08:00:00+00:00, run_after=2024-10-22 12:00:00+00:00
[2024-10-22T14:51:54.491+0000] {processor.py:183} INFO - Processing /home/airflow/.local/lib/python3.12/site-packages/airflow/example_dags/example_latest_only.py took 0.049 seconds
[2024-10-22T14:52:24.846+0000] {processor.py:161} INFO - Started process (PID=5294) to work on /home/airflow/.local/lib/python3.12/site-packages/airflow/example_dags/example_latest_only.py
[2024-10-22T14:52:24.847+0000] {processor.py:830} INFO - Processing file /home/airflow/.local/lib/python3.12/site-packages/airflow/example_dags/example_latest_only.py for tasks to queue
[2024-10-22T14:52:24.848+0000] {logging_mixin.py:188} INFO - [2024-10-22T14:52:24.848+0000] {dagbag.py:545} INFO - Filling up the DagBag from /home/airflow/.local/lib/python3.12/site-packages/airflow/example_dags/example_latest_only.py
[2024-10-22T14:52:24.851+0000] {processor.py:840} INFO - DAG(s) 'latest_only' retrieved from /home/airflow/.local/lib/python3.12/site-packages/airflow/example_dags/example_latest_only.py
[2024-10-22T14:52:24.865+0000] {logging_mixin.py:188} INFO - [2024-10-22T14:52:24.864+0000] {dag.py:3089} INFO - Sync 1 DAGs
[2024-10-22T14:52:24.878+0000] {logging_mixin.py:188} INFO - [2024-10-22T14:52:24.878+0000] {dag.py:3947} INFO - Setting next_dagrun for latest_only to 2024-10-22 08:00:00+00:00, run_after=2024-10-22 12:00:00+00:00
[2024-10-22T14:52:24.890+0000] {processor.py:183} INFO - Processing /home/airflow/.local/lib/python3.12/site-packages/airflow/example_dags/example_latest_only.py took 0.048 seconds
[2024-10-22T14:52:55.122+0000] {processor.py:161} INFO - Started process (PID=5566) to work on /home/airflow/.local/lib/python3.12/site-packages/airflow/example_dags/example_latest_only.py
[2024-10-22T14:52:55.123+0000] {processor.py:830} INFO - Processing file /home/airflow/.local/lib/python3.12/site-packages/airflow/example_dags/example_latest_only.py for tasks to queue
[2024-10-22T14:52:55.125+0000] {logging_mixin.py:188} INFO - [2024-10-22T14:52:55.124+0000] {dagbag.py:545} INFO - Filling up the DagBag from /home/airflow/.local/lib/python3.12/site-packages/airflow/example_dags/example_latest_only.py
[2024-10-22T14:52:55.128+0000] {processor.py:840} INFO - DAG(s) 'latest_only' retrieved from /home/airflow/.local/lib/python3.12/site-packages/airflow/example_dags/example_latest_only.py
[2024-10-22T14:52:55.141+0000] {logging_mixin.py:188} INFO - [2024-10-22T14:52:55.141+0000] {dag.py:3089} INFO - Sync 1 DAGs
[2024-10-22T14:52:55.155+0000] {logging_mixin.py:188} INFO - [2024-10-22T14:52:55.155+0000] {dag.py:3947} INFO - Setting next_dagrun for latest_only to 2024-10-22 08:00:00+00:00, run_after=2024-10-22 12:00:00+00:00
[2024-10-22T14:52:55.166+0000] {processor.py:183} INFO - Processing /home/airflow/.local/lib/python3.12/site-packages/airflow/example_dags/example_latest_only.py took 0.048 seconds
[2024-10-22T14:53:25.487+0000] {processor.py:161} INFO - Started process (PID=5833) to work on /home/airflow/.local/lib/python3.12/site-packages/airflow/example_dags/example_latest_only.py
[2024-10-22T14:53:25.487+0000] {processor.py:830} INFO - Processing file /home/airflow/.local/lib/python3.12/site-packages/airflow/example_dags/example_latest_only.py for tasks to queue
[2024-10-22T14:53:25.489+0000] {logging_mixin.py:188} INFO - [2024-10-22T14:53:25.489+0000] {dagbag.py:545} INFO - Filling up the DagBag from /home/airflow/.local/lib/python3.12/site-packages/airflow/example_dags/example_latest_only.py
[2024-10-22T14:53:25.492+0000] {processor.py:840} INFO - DAG(s) 'latest_only' retrieved from /home/airflow/.local/lib/python3.12/site-packages/airflow/example_dags/example_latest_only.py
[2024-10-22T14:53:25.506+0000] {logging_mixin.py:188} INFO - [2024-10-22T14:53:25.506+0000] {dag.py:3089} INFO - Sync 1 DAGs
[2024-10-22T14:53:25.520+0000] {logging_mixin.py:188} INFO - [2024-10-22T14:53:25.520+0000] {dag.py:3947} INFO - Setting next_dagrun for latest_only to 2024-10-22 08:00:00+00:00, run_after=2024-10-22 12:00:00+00:00
[2024-10-22T14:53:25.532+0000] {processor.py:183} INFO - Processing /home/airflow/.local/lib/python3.12/site-packages/airflow/example_dags/example_latest_only.py took 0.049 seconds
[2024-10-22T14:53:55.897+0000] {processor.py:161} INFO - Started process (PID=6100) to work on /home/airflow/.local/lib/python3.12/site-packages/airflow/example_dags/example_latest_only.py
[2024-10-22T14:53:55.898+0000] {processor.py:830} INFO - Processing file /home/airflow/.local/lib/python3.12/site-packages/airflow/example_dags/example_latest_only.py for tasks to queue
[2024-10-22T14:53:55.899+0000] {logging_mixin.py:188} INFO - [2024-10-22T14:53:55.899+0000] {dagbag.py:545} INFO - Filling up the DagBag from /home/airflow/.local/lib/python3.12/site-packages/airflow/example_dags/example_latest_only.py
[2024-10-22T14:53:55.903+0000] {processor.py:840} INFO - DAG(s) 'latest_only' retrieved from /home/airflow/.local/lib/python3.12/site-packages/airflow/example_dags/example_latest_only.py
[2024-10-22T14:53:55.917+0000] {logging_mixin.py:188} INFO - [2024-10-22T14:53:55.917+0000] {dag.py:3089} INFO - Sync 1 DAGs
[2024-10-22T14:53:55.932+0000] {logging_mixin.py:188} INFO - [2024-10-22T14:53:55.932+0000] {dag.py:3947} INFO - Setting next_dagrun for latest_only to 2024-10-22 08:00:00+00:00, run_after=2024-10-22 12:00:00+00:00
[2024-10-22T14:53:55.945+0000] {processor.py:183} INFO - Processing /home/airflow/.local/lib/python3.12/site-packages/airflow/example_dags/example_latest_only.py took 0.052 seconds
[2024-10-22T14:54:26.266+0000] {processor.py:161} INFO - Started process (PID=6365) to work on /home/airflow/.local/lib/python3.12/site-packages/airflow/example_dags/example_latest_only.py
[2024-10-22T14:54:26.267+0000] {processor.py:830} INFO - Processing file /home/airflow/.local/lib/python3.12/site-packages/airflow/example_dags/example_latest_only.py for tasks to queue
[2024-10-22T14:54:26.268+0000] {logging_mixin.py:188} INFO - [2024-10-22T14:54:26.268+0000] {dagbag.py:545} INFO - Filling up the DagBag from /home/airflow/.local/lib/python3.12/site-packages/airflow/example_dags/example_latest_only.py
[2024-10-22T14:54:26.271+0000] {processor.py:840} INFO - DAG(s) 'latest_only' retrieved from /home/airflow/.local/lib/python3.12/site-packages/airflow/example_dags/example_latest_only.py
[2024-10-22T14:54:26.286+0000] {logging_mixin.py:188} INFO - [2024-10-22T14:54:26.286+0000] {dag.py:3089} INFO - Sync 1 DAGs
[2024-10-22T14:54:26.301+0000] {logging_mixin.py:188} INFO - [2024-10-22T14:54:26.301+0000] {dag.py:3947} INFO - Setting next_dagrun for latest_only to 2024-10-22 08:00:00+00:00, run_after=2024-10-22 12:00:00+00:00
[2024-10-22T14:54:26.314+0000] {processor.py:183} INFO - Processing /home/airflow/.local/lib/python3.12/site-packages/airflow/example_dags/example_latest_only.py took 0.052 seconds
[2024-10-22T14:54:56.773+0000] {processor.py:161} INFO - Started process (PID=6633) to work on /home/airflow/.local/lib/python3.12/site-packages/airflow/example_dags/example_latest_only.py
[2024-10-22T14:54:56.774+0000] {processor.py:830} INFO - Processing file /home/airflow/.local/lib/python3.12/site-packages/airflow/example_dags/example_latest_only.py for tasks to queue
[2024-10-22T14:54:56.775+0000] {logging_mixin.py:188} INFO - [2024-10-22T14:54:56.775+0000] {dagbag.py:545} INFO - Filling up the DagBag from /home/airflow/.local/lib/python3.12/site-packages/airflow/example_dags/example_latest_only.py
[2024-10-22T14:54:56.779+0000] {processor.py:840} INFO - DAG(s) 'latest_only' retrieved from /home/airflow/.local/lib/python3.12/site-packages/airflow/example_dags/example_latest_only.py
[2024-10-22T14:54:56.793+0000] {logging_mixin.py:188} INFO - [2024-10-22T14:54:56.792+0000] {dag.py:3089} INFO - Sync 1 DAGs
[2024-10-22T14:54:56.808+0000] {logging_mixin.py:188} INFO - [2024-10-22T14:54:56.808+0000] {dag.py:3947} INFO - Setting next_dagrun for latest_only to 2024-10-22 08:00:00+00:00, run_after=2024-10-22 12:00:00+00:00
[2024-10-22T14:54:56.944+0000] {processor.py:183} INFO - Processing /home/airflow/.local/lib/python3.12/site-packages/airflow/example_dags/example_latest_only.py took 0.175 seconds
[2024-10-22T14:55:27.714+0000] {processor.py:161} INFO - Started process (PID=6902) to work on /home/airflow/.local/lib/python3.12/site-packages/airflow/example_dags/example_latest_only.py
[2024-10-22T14:55:27.715+0000] {processor.py:830} INFO - Processing file /home/airflow/.local/lib/python3.12/site-packages/airflow/example_dags/example_latest_only.py for tasks to queue
[2024-10-22T14:55:27.716+0000] {logging_mixin.py:188} INFO - [2024-10-22T14:55:27.716+0000] {dagbag.py:545} INFO - Filling up the DagBag from /home/airflow/.local/lib/python3.12/site-packages/airflow/example_dags/example_latest_only.py
[2024-10-22T14:55:27.719+0000] {processor.py:840} INFO - DAG(s) 'latest_only' retrieved from /home/airflow/.local/lib/python3.12/site-packages/airflow/example_dags/example_latest_only.py
[2024-10-22T14:55:27.735+0000] {logging_mixin.py:188} INFO - [2024-10-22T14:55:27.735+0000] {dag.py:3089} INFO - Sync 1 DAGs
[2024-10-22T14:55:27.750+0000] {logging_mixin.py:188} INFO - [2024-10-22T14:55:27.750+0000] {dag.py:3947} INFO - Setting next_dagrun for latest_only to 2024-10-22 08:00:00+00:00, run_after=2024-10-22 12:00:00+00:00
[2024-10-22T14:55:27.763+0000] {processor.py:183} INFO - Processing /home/airflow/.local/lib/python3.12/site-packages/airflow/example_dags/example_latest_only.py took 0.054 seconds
[2024-10-22T14:55:58.112+0000] {processor.py:161} INFO - Started process (PID=7171) to work on /home/airflow/.local/lib/python3.12/site-packages/airflow/example_dags/example_latest_only.py
[2024-10-22T14:55:58.113+0000] {processor.py:830} INFO - Processing file /home/airflow/.local/lib/python3.12/site-packages/airflow/example_dags/example_latest_only.py for tasks to queue
[2024-10-22T14:55:58.114+0000] {logging_mixin.py:188} INFO - [2024-10-22T14:55:58.114+0000] {dagbag.py:545} INFO - Filling up the DagBag from /home/airflow/.local/lib/python3.12/site-packages/airflow/example_dags/example_latest_only.py
[2024-10-22T14:55:58.118+0000] {processor.py:840} INFO - DAG(s) 'latest_only' retrieved from /home/airflow/.local/lib/python3.12/site-packages/airflow/example_dags/example_latest_only.py
[2024-10-22T14:55:58.133+0000] {logging_mixin.py:188} INFO - [2024-10-22T14:55:58.132+0000] {dag.py:3089} INFO - Sync 1 DAGs
[2024-10-22T14:55:58.148+0000] {logging_mixin.py:188} INFO - [2024-10-22T14:55:58.148+0000] {dag.py:3947} INFO - Setting next_dagrun for latest_only to 2024-10-22 08:00:00+00:00, run_after=2024-10-22 12:00:00+00:00
[2024-10-22T14:55:58.162+0000] {processor.py:183} INFO - Processing /home/airflow/.local/lib/python3.12/site-packages/airflow/example_dags/example_latest_only.py took 0.054 seconds
[2024-10-22T14:56:28.864+0000] {processor.py:161} INFO - Started process (PID=7436) to work on /home/airflow/.local/lib/python3.12/site-packages/airflow/example_dags/example_latest_only.py
[2024-10-22T14:56:28.865+0000] {processor.py:830} INFO - Processing file /home/airflow/.local/lib/python3.12/site-packages/airflow/example_dags/example_latest_only.py for tasks to queue
[2024-10-22T14:56:28.866+0000] {logging_mixin.py:188} INFO - [2024-10-22T14:56:28.866+0000] {dagbag.py:545} INFO - Filling up the DagBag from /home/airflow/.local/lib/python3.12/site-packages/airflow/example_dags/example_latest_only.py
[2024-10-22T14:56:28.871+0000] {processor.py:840} INFO - DAG(s) 'latest_only' retrieved from /home/airflow/.local/lib/python3.12/site-packages/airflow/example_dags/example_latest_only.py
[2024-10-22T14:56:28.888+0000] {logging_mixin.py:188} INFO - [2024-10-22T14:56:28.888+0000] {dag.py:3089} INFO - Sync 1 DAGs
[2024-10-22T14:56:28.904+0000] {logging_mixin.py:188} INFO - [2024-10-22T14:56:28.904+0000] {dag.py:3947} INFO - Setting next_dagrun for latest_only to 2024-10-22 08:00:00+00:00, run_after=2024-10-22 12:00:00+00:00
[2024-10-22T14:56:28.917+0000] {processor.py:183} INFO - Processing /home/airflow/.local/lib/python3.12/site-packages/airflow/example_dags/example_latest_only.py took 0.057 seconds
[2024-10-22T14:56:59.133+0000] {processor.py:161} INFO - Started process (PID=7705) to work on /home/airflow/.local/lib/python3.12/site-packages/airflow/example_dags/example_latest_only.py
[2024-10-22T14:56:59.134+0000] {processor.py:830} INFO - Processing file /home/airflow/.local/lib/python3.12/site-packages/airflow/example_dags/example_latest_only.py for tasks to queue
[2024-10-22T14:56:59.135+0000] {logging_mixin.py:188} INFO - [2024-10-22T14:56:59.135+0000] {dagbag.py:545} INFO - Filling up the DagBag from /home/airflow/.local/lib/python3.12/site-packages/airflow/example_dags/example_latest_only.py
[2024-10-22T14:56:59.139+0000] {processor.py:840} INFO - DAG(s) 'latest_only' retrieved from /home/airflow/.local/lib/python3.12/site-packages/airflow/example_dags/example_latest_only.py
[2024-10-22T14:56:59.154+0000] {logging_mixin.py:188} INFO - [2024-10-22T14:56:59.154+0000] {dag.py:3089} INFO - Sync 1 DAGs
[2024-10-22T14:56:59.169+0000] {logging_mixin.py:188} INFO - [2024-10-22T14:56:59.169+0000] {dag.py:3947} INFO - Setting next_dagrun for latest_only to 2024-10-22 08:00:00+00:00, run_after=2024-10-22 12:00:00+00:00
[2024-10-22T14:56:59.183+0000] {processor.py:183} INFO - Processing /home/airflow/.local/lib/python3.12/site-packages/airflow/example_dags/example_latest_only.py took 0.054 seconds
[2024-10-22T14:57:29.996+0000] {processor.py:161} INFO - Started process (PID=7972) to work on /home/airflow/.local/lib/python3.12/site-packages/airflow/example_dags/example_latest_only.py
[2024-10-22T14:57:29.997+0000] {processor.py:830} INFO - Processing file /home/airflow/.local/lib/python3.12/site-packages/airflow/example_dags/example_latest_only.py for tasks to queue
[2024-10-22T14:57:29.999+0000] {logging_mixin.py:188} INFO - [2024-10-22T14:57:29.998+0000] {dagbag.py:545} INFO - Filling up the DagBag from /home/airflow/.local/lib/python3.12/site-packages/airflow/example_dags/example_latest_only.py
[2024-10-22T14:57:30.002+0000] {processor.py:840} INFO - DAG(s) 'latest_only' retrieved from /home/airflow/.local/lib/python3.12/site-packages/airflow/example_dags/example_latest_only.py
[2024-10-22T14:57:30.017+0000] {logging_mixin.py:188} INFO - [2024-10-22T14:57:30.016+0000] {dag.py:3089} INFO - Sync 1 DAGs
[2024-10-22T14:57:30.142+0000] {logging_mixin.py:188} INFO - [2024-10-22T14:57:30.141+0000] {dag.py:3947} INFO - Setting next_dagrun for latest_only to 2024-10-22 08:00:00+00:00, run_after=2024-10-22 12:00:00+00:00
[2024-10-22T14:57:30.154+0000] {processor.py:183} INFO - Processing /home/airflow/.local/lib/python3.12/site-packages/airflow/example_dags/example_latest_only.py took 0.162 seconds
