[2024-10-22T14:00:16.254+0000] {processor.py:161} INFO - Started process (PID=390) to work on /home/airflow/.local/lib/python3.12/site-packages/airflow/example_dags/example_python_operator.py
[2024-10-22T14:00:16.256+0000] {processor.py:830} INFO - Processing file /home/airflow/.local/lib/python3.12/site-packages/airflow/example_dags/example_python_operator.py for tasks to queue
[2024-10-22T14:00:16.257+0000] {logging_mixin.py:188} INFO - [2024-10-22T14:00:16.257+0000] {dagbag.py:545} INFO - Filling up the DagBag from /home/airflow/.local/lib/python3.12/site-packages/airflow/example_dags/example_python_operator.py
[2024-10-22T14:00:16.266+0000] {processor.py:840} INFO - DAG(s) 'example_python_operator' retrieved from /home/airflow/.local/lib/python3.12/site-packages/airflow/example_dags/example_python_operator.py
[2024-10-22T14:00:16.363+0000] {logging_mixin.py:188} INFO - [2024-10-22T14:00:16.362+0000] {override.py:1858} INFO - Created Permission View: can delete on DAG:example_python_operator
[2024-10-22T14:00:16.371+0000] {logging_mixin.py:188} INFO - [2024-10-22T14:00:16.370+0000] {override.py:1858} INFO - Created Permission View: can edit on DAG:example_python_operator
[2024-10-22T14:00:16.377+0000] {logging_mixin.py:188} INFO - [2024-10-22T14:00:16.376+0000] {override.py:1858} INFO - Created Permission View: can read on DAG:example_python_operator
[2024-10-22T14:00:16.377+0000] {logging_mixin.py:188} INFO - [2024-10-22T14:00:16.377+0000] {dag.py:3089} INFO - Sync 1 DAGs
[2024-10-22T14:00:16.386+0000] {logging_mixin.py:188} INFO - [2024-10-22T14:00:16.385+0000] {dag.py:3111} INFO - Creating ORM DAG for example_python_operator
[2024-10-22T14:00:16.386+0000] {logging_mixin.py:188} INFO - [2024-10-22T14:00:16.386+0000] {dag.py:3947} INFO - Setting next_dagrun for example_python_operator to None, run_after=None
[2024-10-22T14:00:16.401+0000] {processor.py:183} INFO - Processing /home/airflow/.local/lib/python3.12/site-packages/airflow/example_dags/example_python_operator.py took 0.150 seconds
[2024-10-22T14:00:46.925+0000] {processor.py:161} INFO - Started process (PID=657) to work on /home/airflow/.local/lib/python3.12/site-packages/airflow/example_dags/example_python_operator.py
[2024-10-22T14:00:46.925+0000] {processor.py:830} INFO - Processing file /home/airflow/.local/lib/python3.12/site-packages/airflow/example_dags/example_python_operator.py for tasks to queue
[2024-10-22T14:00:46.927+0000] {logging_mixin.py:188} INFO - [2024-10-22T14:00:46.926+0000] {dagbag.py:545} INFO - Filling up the DagBag from /home/airflow/.local/lib/python3.12/site-packages/airflow/example_dags/example_python_operator.py
[2024-10-22T14:00:46.934+0000] {processor.py:840} INFO - DAG(s) 'example_python_operator' retrieved from /home/airflow/.local/lib/python3.12/site-packages/airflow/example_dags/example_python_operator.py
[2024-10-22T14:00:46.950+0000] {logging_mixin.py:188} INFO - [2024-10-22T14:00:46.950+0000] {dag.py:3089} INFO - Sync 1 DAGs
[2024-10-22T14:00:46.960+0000] {logging_mixin.py:188} INFO - [2024-10-22T14:00:46.960+0000] {dag.py:3947} INFO - Setting next_dagrun for example_python_operator to None, run_after=None
[2024-10-22T14:00:46.974+0000] {processor.py:183} INFO - Processing /home/airflow/.local/lib/python3.12/site-packages/airflow/example_dags/example_python_operator.py took 0.053 seconds
[2024-10-22T14:01:17.270+0000] {processor.py:161} INFO - Started process (PID=924) to work on /home/airflow/.local/lib/python3.12/site-packages/airflow/example_dags/example_python_operator.py
[2024-10-22T14:01:17.271+0000] {processor.py:830} INFO - Processing file /home/airflow/.local/lib/python3.12/site-packages/airflow/example_dags/example_python_operator.py for tasks to queue
[2024-10-22T14:01:17.272+0000] {logging_mixin.py:188} INFO - [2024-10-22T14:01:17.272+0000] {dagbag.py:545} INFO - Filling up the DagBag from /home/airflow/.local/lib/python3.12/site-packages/airflow/example_dags/example_python_operator.py
[2024-10-22T14:01:17.280+0000] {processor.py:840} INFO - DAG(s) 'example_python_operator' retrieved from /home/airflow/.local/lib/python3.12/site-packages/airflow/example_dags/example_python_operator.py
[2024-10-22T14:01:17.296+0000] {logging_mixin.py:188} INFO - [2024-10-22T14:01:17.296+0000] {dag.py:3089} INFO - Sync 1 DAGs
[2024-10-22T14:01:17.305+0000] {logging_mixin.py:188} INFO - [2024-10-22T14:01:17.305+0000] {dag.py:3947} INFO - Setting next_dagrun for example_python_operator to None, run_after=None
[2024-10-22T14:01:17.318+0000] {processor.py:183} INFO - Processing /home/airflow/.local/lib/python3.12/site-packages/airflow/example_dags/example_python_operator.py took 0.051 seconds
[2024-10-22T14:01:47.599+0000] {processor.py:161} INFO - Started process (PID=1193) to work on /home/airflow/.local/lib/python3.12/site-packages/airflow/example_dags/example_python_operator.py
[2024-10-22T14:01:47.600+0000] {processor.py:830} INFO - Processing file /home/airflow/.local/lib/python3.12/site-packages/airflow/example_dags/example_python_operator.py for tasks to queue
[2024-10-22T14:01:47.602+0000] {logging_mixin.py:188} INFO - [2024-10-22T14:01:47.601+0000] {dagbag.py:545} INFO - Filling up the DagBag from /home/airflow/.local/lib/python3.12/site-packages/airflow/example_dags/example_python_operator.py
[2024-10-22T14:01:47.609+0000] {processor.py:840} INFO - DAG(s) 'example_python_operator' retrieved from /home/airflow/.local/lib/python3.12/site-packages/airflow/example_dags/example_python_operator.py
[2024-10-22T14:01:47.624+0000] {logging_mixin.py:188} INFO - [2024-10-22T14:01:47.624+0000] {dag.py:3089} INFO - Sync 1 DAGs
[2024-10-22T14:01:47.632+0000] {logging_mixin.py:188} INFO - [2024-10-22T14:01:47.632+0000] {dag.py:3947} INFO - Setting next_dagrun for example_python_operator to None, run_after=None
[2024-10-22T14:01:47.645+0000] {processor.py:183} INFO - Processing /home/airflow/.local/lib/python3.12/site-packages/airflow/example_dags/example_python_operator.py took 0.049 seconds
[2024-10-22T14:02:17.990+0000] {processor.py:161} INFO - Started process (PID=1458) to work on /home/airflow/.local/lib/python3.12/site-packages/airflow/example_dags/example_python_operator.py
[2024-10-22T14:02:17.990+0000] {processor.py:830} INFO - Processing file /home/airflow/.local/lib/python3.12/site-packages/airflow/example_dags/example_python_operator.py for tasks to queue
[2024-10-22T14:02:17.992+0000] {logging_mixin.py:188} INFO - [2024-10-22T14:02:17.992+0000] {dagbag.py:545} INFO - Filling up the DagBag from /home/airflow/.local/lib/python3.12/site-packages/airflow/example_dags/example_python_operator.py
[2024-10-22T14:02:17.999+0000] {processor.py:840} INFO - DAG(s) 'example_python_operator' retrieved from /home/airflow/.local/lib/python3.12/site-packages/airflow/example_dags/example_python_operator.py
[2024-10-22T14:02:18.016+0000] {logging_mixin.py:188} INFO - [2024-10-22T14:02:18.015+0000] {dag.py:3089} INFO - Sync 1 DAGs
[2024-10-22T14:02:18.025+0000] {logging_mixin.py:188} INFO - [2024-10-22T14:02:18.025+0000] {dag.py:3947} INFO - Setting next_dagrun for example_python_operator to None, run_after=None
[2024-10-22T14:02:18.038+0000] {processor.py:183} INFO - Processing /home/airflow/.local/lib/python3.12/site-packages/airflow/example_dags/example_python_operator.py took 0.053 seconds
[2024-10-22T14:02:48.181+0000] {processor.py:161} INFO - Started process (PID=1727) to work on /home/airflow/.local/lib/python3.12/site-packages/airflow/example_dags/example_python_operator.py
[2024-10-22T14:02:48.182+0000] {processor.py:830} INFO - Processing file /home/airflow/.local/lib/python3.12/site-packages/airflow/example_dags/example_python_operator.py for tasks to queue
[2024-10-22T14:02:48.183+0000] {logging_mixin.py:188} INFO - [2024-10-22T14:02:48.183+0000] {dagbag.py:545} INFO - Filling up the DagBag from /home/airflow/.local/lib/python3.12/site-packages/airflow/example_dags/example_python_operator.py
[2024-10-22T14:02:48.191+0000] {processor.py:840} INFO - DAG(s) 'example_python_operator' retrieved from /home/airflow/.local/lib/python3.12/site-packages/airflow/example_dags/example_python_operator.py
[2024-10-22T14:02:48.206+0000] {logging_mixin.py:188} INFO - [2024-10-22T14:02:48.206+0000] {dag.py:3089} INFO - Sync 1 DAGs
[2024-10-22T14:02:48.217+0000] {logging_mixin.py:188} INFO - [2024-10-22T14:02:48.216+0000] {dag.py:3947} INFO - Setting next_dagrun for example_python_operator to None, run_after=None
[2024-10-22T14:02:48.231+0000] {processor.py:183} INFO - Processing /home/airflow/.local/lib/python3.12/site-packages/airflow/example_dags/example_python_operator.py took 0.054 seconds
[2024-10-22T14:03:18.437+0000] {processor.py:161} INFO - Started process (PID=1994) to work on /home/airflow/.local/lib/python3.12/site-packages/airflow/example_dags/example_python_operator.py
[2024-10-22T14:03:18.438+0000] {processor.py:830} INFO - Processing file /home/airflow/.local/lib/python3.12/site-packages/airflow/example_dags/example_python_operator.py for tasks to queue
[2024-10-22T14:03:18.439+0000] {logging_mixin.py:188} INFO - [2024-10-22T14:03:18.439+0000] {dagbag.py:545} INFO - Filling up the DagBag from /home/airflow/.local/lib/python3.12/site-packages/airflow/example_dags/example_python_operator.py
[2024-10-22T14:03:18.447+0000] {processor.py:840} INFO - DAG(s) 'example_python_operator' retrieved from /home/airflow/.local/lib/python3.12/site-packages/airflow/example_dags/example_python_operator.py
[2024-10-22T14:03:18.463+0000] {logging_mixin.py:188} INFO - [2024-10-22T14:03:18.463+0000] {dag.py:3089} INFO - Sync 1 DAGs
[2024-10-22T14:03:18.473+0000] {logging_mixin.py:188} INFO - [2024-10-22T14:03:18.473+0000] {dag.py:3947} INFO - Setting next_dagrun for example_python_operator to None, run_after=None
[2024-10-22T14:03:18.486+0000] {processor.py:183} INFO - Processing /home/airflow/.local/lib/python3.12/site-packages/airflow/example_dags/example_python_operator.py took 0.053 seconds
[2024-10-22T14:03:48.855+0000] {processor.py:161} INFO - Started process (PID=2259) to work on /home/airflow/.local/lib/python3.12/site-packages/airflow/example_dags/example_python_operator.py
[2024-10-22T14:03:48.856+0000] {processor.py:830} INFO - Processing file /home/airflow/.local/lib/python3.12/site-packages/airflow/example_dags/example_python_operator.py for tasks to queue
[2024-10-22T14:03:48.857+0000] {logging_mixin.py:188} INFO - [2024-10-22T14:03:48.857+0000] {dagbag.py:545} INFO - Filling up the DagBag from /home/airflow/.local/lib/python3.12/site-packages/airflow/example_dags/example_python_operator.py
[2024-10-22T14:03:48.864+0000] {processor.py:840} INFO - DAG(s) 'example_python_operator' retrieved from /home/airflow/.local/lib/python3.12/site-packages/airflow/example_dags/example_python_operator.py
[2024-10-22T14:03:48.882+0000] {logging_mixin.py:188} INFO - [2024-10-22T14:03:48.882+0000] {dag.py:3089} INFO - Sync 1 DAGs
[2024-10-22T14:03:48.892+0000] {logging_mixin.py:188} INFO - [2024-10-22T14:03:48.892+0000] {dag.py:3947} INFO - Setting next_dagrun for example_python_operator to None, run_after=None
[2024-10-22T14:03:48.906+0000] {processor.py:183} INFO - Processing /home/airflow/.local/lib/python3.12/site-packages/airflow/example_dags/example_python_operator.py took 0.054 seconds
[2024-10-22T14:34:26.642+0000] {processor.py:161} INFO - Started process (PID=392) to work on /home/airflow/.local/lib/python3.12/site-packages/airflow/example_dags/example_python_operator.py
[2024-10-22T14:34:26.642+0000] {processor.py:830} INFO - Processing file /home/airflow/.local/lib/python3.12/site-packages/airflow/example_dags/example_python_operator.py for tasks to queue
[2024-10-22T14:34:26.644+0000] {logging_mixin.py:188} INFO - [2024-10-22T14:34:26.644+0000] {dagbag.py:545} INFO - Filling up the DagBag from /home/airflow/.local/lib/python3.12/site-packages/airflow/example_dags/example_python_operator.py
[2024-10-22T14:34:26.653+0000] {processor.py:840} INFO - DAG(s) 'example_python_operator' retrieved from /home/airflow/.local/lib/python3.12/site-packages/airflow/example_dags/example_python_operator.py
[2024-10-22T14:34:26.663+0000] {logging_mixin.py:188} INFO - [2024-10-22T14:34:26.662+0000] {dag.py:3089} INFO - Sync 1 DAGs
[2024-10-22T14:34:26.672+0000] {logging_mixin.py:188} INFO - [2024-10-22T14:34:26.672+0000] {dag.py:3947} INFO - Setting next_dagrun for example_python_operator to None, run_after=None
[2024-10-22T14:34:26.685+0000] {processor.py:183} INFO - Processing /home/airflow/.local/lib/python3.12/site-packages/airflow/example_dags/example_python_operator.py took 0.047 seconds
[2024-10-22T14:34:58.522+0000] {processor.py:161} INFO - Started process (PID=657) to work on /home/airflow/.local/lib/python3.12/site-packages/airflow/example_dags/example_python_operator.py
[2024-10-22T14:34:58.523+0000] {processor.py:830} INFO - Processing file /home/airflow/.local/lib/python3.12/site-packages/airflow/example_dags/example_python_operator.py for tasks to queue
[2024-10-22T14:34:58.525+0000] {logging_mixin.py:188} INFO - [2024-10-22T14:34:58.524+0000] {dagbag.py:545} INFO - Filling up the DagBag from /home/airflow/.local/lib/python3.12/site-packages/airflow/example_dags/example_python_operator.py
[2024-10-22T14:34:58.532+0000] {processor.py:840} INFO - DAG(s) 'example_python_operator' retrieved from /home/airflow/.local/lib/python3.12/site-packages/airflow/example_dags/example_python_operator.py
[2024-10-22T14:34:58.603+0000] {logging_mixin.py:188} INFO - [2024-10-22T14:34:58.603+0000] {dag.py:3089} INFO - Sync 1 DAGs
[2024-10-22T14:34:58.610+0000] {logging_mixin.py:188} INFO - [2024-10-22T14:34:58.610+0000] {dag.py:3947} INFO - Setting next_dagrun for example_python_operator to None, run_after=None
[2024-10-22T14:34:58.624+0000] {processor.py:183} INFO - Processing /home/airflow/.local/lib/python3.12/site-packages/airflow/example_dags/example_python_operator.py took 0.105 seconds
[2024-10-22T14:35:28.972+0000] {processor.py:161} INFO - Started process (PID=924) to work on /home/airflow/.local/lib/python3.12/site-packages/airflow/example_dags/example_python_operator.py
[2024-10-22T14:35:28.973+0000] {processor.py:830} INFO - Processing file /home/airflow/.local/lib/python3.12/site-packages/airflow/example_dags/example_python_operator.py for tasks to queue
[2024-10-22T14:35:28.974+0000] {logging_mixin.py:188} INFO - [2024-10-22T14:35:28.974+0000] {dagbag.py:545} INFO - Filling up the DagBag from /home/airflow/.local/lib/python3.12/site-packages/airflow/example_dags/example_python_operator.py
[2024-10-22T14:35:28.983+0000] {processor.py:840} INFO - DAG(s) 'example_python_operator' retrieved from /home/airflow/.local/lib/python3.12/site-packages/airflow/example_dags/example_python_operator.py
[2024-10-22T14:35:29.000+0000] {logging_mixin.py:188} INFO - [2024-10-22T14:35:28.999+0000] {dag.py:3089} INFO - Sync 1 DAGs
[2024-10-22T14:35:29.008+0000] {logging_mixin.py:188} INFO - [2024-10-22T14:35:29.008+0000] {dag.py:3947} INFO - Setting next_dagrun for example_python_operator to None, run_after=None
[2024-10-22T14:35:29.022+0000] {processor.py:183} INFO - Processing /home/airflow/.local/lib/python3.12/site-packages/airflow/example_dags/example_python_operator.py took 0.055 seconds
[2024-10-22T14:35:59.194+0000] {processor.py:161} INFO - Started process (PID=1191) to work on /home/airflow/.local/lib/python3.12/site-packages/airflow/example_dags/example_python_operator.py
[2024-10-22T14:35:59.195+0000] {processor.py:830} INFO - Processing file /home/airflow/.local/lib/python3.12/site-packages/airflow/example_dags/example_python_operator.py for tasks to queue
[2024-10-22T14:35:59.196+0000] {logging_mixin.py:188} INFO - [2024-10-22T14:35:59.196+0000] {dagbag.py:545} INFO - Filling up the DagBag from /home/airflow/.local/lib/python3.12/site-packages/airflow/example_dags/example_python_operator.py
[2024-10-22T14:35:59.203+0000] {processor.py:840} INFO - DAG(s) 'example_python_operator' retrieved from /home/airflow/.local/lib/python3.12/site-packages/airflow/example_dags/example_python_operator.py
[2024-10-22T14:35:59.218+0000] {logging_mixin.py:188} INFO - [2024-10-22T14:35:59.218+0000] {dag.py:3089} INFO - Sync 1 DAGs
[2024-10-22T14:35:59.226+0000] {logging_mixin.py:188} INFO - [2024-10-22T14:35:59.226+0000] {dag.py:3947} INFO - Setting next_dagrun for example_python_operator to None, run_after=None
[2024-10-22T14:35:59.238+0000] {processor.py:183} INFO - Processing /home/airflow/.local/lib/python3.12/site-packages/airflow/example_dags/example_python_operator.py took 0.047 seconds
[2024-10-22T14:36:29.533+0000] {processor.py:161} INFO - Started process (PID=1458) to work on /home/airflow/.local/lib/python3.12/site-packages/airflow/example_dags/example_python_operator.py
[2024-10-22T14:36:29.533+0000] {processor.py:830} INFO - Processing file /home/airflow/.local/lib/python3.12/site-packages/airflow/example_dags/example_python_operator.py for tasks to queue
[2024-10-22T14:36:29.535+0000] {logging_mixin.py:188} INFO - [2024-10-22T14:36:29.535+0000] {dagbag.py:545} INFO - Filling up the DagBag from /home/airflow/.local/lib/python3.12/site-packages/airflow/example_dags/example_python_operator.py
[2024-10-22T14:36:29.543+0000] {processor.py:840} INFO - DAG(s) 'example_python_operator' retrieved from /home/airflow/.local/lib/python3.12/site-packages/airflow/example_dags/example_python_operator.py
[2024-10-22T14:36:29.562+0000] {logging_mixin.py:188} INFO - [2024-10-22T14:36:29.561+0000] {dag.py:3089} INFO - Sync 1 DAGs
[2024-10-22T14:36:29.570+0000] {logging_mixin.py:188} INFO - [2024-10-22T14:36:29.570+0000] {dag.py:3947} INFO - Setting next_dagrun for example_python_operator to None, run_after=None
[2024-10-22T14:36:29.583+0000] {processor.py:183} INFO - Processing /home/airflow/.local/lib/python3.12/site-packages/airflow/example_dags/example_python_operator.py took 0.054 seconds
[2024-10-22T14:36:59.745+0000] {processor.py:161} INFO - Started process (PID=1727) to work on /home/airflow/.local/lib/python3.12/site-packages/airflow/example_dags/example_python_operator.py
[2024-10-22T14:36:59.746+0000] {processor.py:830} INFO - Processing file /home/airflow/.local/lib/python3.12/site-packages/airflow/example_dags/example_python_operator.py for tasks to queue
[2024-10-22T14:36:59.747+0000] {logging_mixin.py:188} INFO - [2024-10-22T14:36:59.747+0000] {dagbag.py:545} INFO - Filling up the DagBag from /home/airflow/.local/lib/python3.12/site-packages/airflow/example_dags/example_python_operator.py
[2024-10-22T14:36:59.755+0000] {processor.py:840} INFO - DAG(s) 'example_python_operator' retrieved from /home/airflow/.local/lib/python3.12/site-packages/airflow/example_dags/example_python_operator.py
[2024-10-22T14:36:59.770+0000] {logging_mixin.py:188} INFO - [2024-10-22T14:36:59.770+0000] {dag.py:3089} INFO - Sync 1 DAGs
[2024-10-22T14:36:59.779+0000] {logging_mixin.py:188} INFO - [2024-10-22T14:36:59.779+0000] {dag.py:3947} INFO - Setting next_dagrun for example_python_operator to None, run_after=None
[2024-10-22T14:36:59.792+0000] {processor.py:183} INFO - Processing /home/airflow/.local/lib/python3.12/site-packages/airflow/example_dags/example_python_operator.py took 0.051 seconds
[2024-10-22T14:37:29.948+0000] {processor.py:161} INFO - Started process (PID=1994) to work on /home/airflow/.local/lib/python3.12/site-packages/airflow/example_dags/example_python_operator.py
[2024-10-22T14:37:29.948+0000] {processor.py:830} INFO - Processing file /home/airflow/.local/lib/python3.12/site-packages/airflow/example_dags/example_python_operator.py for tasks to queue
[2024-10-22T14:37:29.950+0000] {logging_mixin.py:188} INFO - [2024-10-22T14:37:29.949+0000] {dagbag.py:545} INFO - Filling up the DagBag from /home/airflow/.local/lib/python3.12/site-packages/airflow/example_dags/example_python_operator.py
[2024-10-22T14:37:29.957+0000] {processor.py:840} INFO - DAG(s) 'example_python_operator' retrieved from /home/airflow/.local/lib/python3.12/site-packages/airflow/example_dags/example_python_operator.py
[2024-10-22T14:37:29.971+0000] {logging_mixin.py:188} INFO - [2024-10-22T14:37:29.971+0000] {dag.py:3089} INFO - Sync 1 DAGs
[2024-10-22T14:37:29.979+0000] {logging_mixin.py:188} INFO - [2024-10-22T14:37:29.979+0000] {dag.py:3947} INFO - Setting next_dagrun for example_python_operator to None, run_after=None
[2024-10-22T14:37:29.991+0000] {processor.py:183} INFO - Processing /home/airflow/.local/lib/python3.12/site-packages/airflow/example_dags/example_python_operator.py took 0.047 seconds
[2024-10-22T14:38:00.130+0000] {processor.py:161} INFO - Started process (PID=2259) to work on /home/airflow/.local/lib/python3.12/site-packages/airflow/example_dags/example_python_operator.py
[2024-10-22T14:38:00.130+0000] {processor.py:830} INFO - Processing file /home/airflow/.local/lib/python3.12/site-packages/airflow/example_dags/example_python_operator.py for tasks to queue
[2024-10-22T14:38:00.132+0000] {logging_mixin.py:188} INFO - [2024-10-22T14:38:00.132+0000] {dagbag.py:545} INFO - Filling up the DagBag from /home/airflow/.local/lib/python3.12/site-packages/airflow/example_dags/example_python_operator.py
[2024-10-22T14:38:00.139+0000] {processor.py:840} INFO - DAG(s) 'example_python_operator' retrieved from /home/airflow/.local/lib/python3.12/site-packages/airflow/example_dags/example_python_operator.py
[2024-10-22T14:38:00.154+0000] {logging_mixin.py:188} INFO - [2024-10-22T14:38:00.154+0000] {dag.py:3089} INFO - Sync 1 DAGs
[2024-10-22T14:38:00.162+0000] {logging_mixin.py:188} INFO - [2024-10-22T14:38:00.162+0000] {dag.py:3947} INFO - Setting next_dagrun for example_python_operator to None, run_after=None
[2024-10-22T14:38:00.174+0000] {processor.py:183} INFO - Processing /home/airflow/.local/lib/python3.12/site-packages/airflow/example_dags/example_python_operator.py took 0.048 seconds
[2024-10-22T14:38:30.247+0000] {processor.py:161} INFO - Started process (PID=2526) to work on /home/airflow/.local/lib/python3.12/site-packages/airflow/example_dags/example_python_operator.py
[2024-10-22T14:38:30.247+0000] {processor.py:830} INFO - Processing file /home/airflow/.local/lib/python3.12/site-packages/airflow/example_dags/example_python_operator.py for tasks to queue
[2024-10-22T14:38:30.249+0000] {logging_mixin.py:188} INFO - [2024-10-22T14:38:30.248+0000] {dagbag.py:545} INFO - Filling up the DagBag from /home/airflow/.local/lib/python3.12/site-packages/airflow/example_dags/example_python_operator.py
[2024-10-22T14:38:30.257+0000] {processor.py:840} INFO - DAG(s) 'example_python_operator' retrieved from /home/airflow/.local/lib/python3.12/site-packages/airflow/example_dags/example_python_operator.py
[2024-10-22T14:38:30.275+0000] {logging_mixin.py:188} INFO - [2024-10-22T14:38:30.275+0000] {dag.py:3089} INFO - Sync 1 DAGs
[2024-10-22T14:38:30.285+0000] {logging_mixin.py:188} INFO - [2024-10-22T14:38:30.285+0000] {dag.py:3947} INFO - Setting next_dagrun for example_python_operator to None, run_after=None
[2024-10-22T14:38:30.300+0000] {processor.py:183} INFO - Processing /home/airflow/.local/lib/python3.12/site-packages/airflow/example_dags/example_python_operator.py took 0.058 seconds
[2024-10-22T14:39:00.854+0000] {processor.py:161} INFO - Started process (PID=2795) to work on /home/airflow/.local/lib/python3.12/site-packages/airflow/example_dags/example_python_operator.py
[2024-10-22T14:39:00.855+0000] {processor.py:830} INFO - Processing file /home/airflow/.local/lib/python3.12/site-packages/airflow/example_dags/example_python_operator.py for tasks to queue
[2024-10-22T14:39:00.856+0000] {logging_mixin.py:188} INFO - [2024-10-22T14:39:00.856+0000] {dagbag.py:545} INFO - Filling up the DagBag from /home/airflow/.local/lib/python3.12/site-packages/airflow/example_dags/example_python_operator.py
[2024-10-22T14:39:00.863+0000] {processor.py:840} INFO - DAG(s) 'example_python_operator' retrieved from /home/airflow/.local/lib/python3.12/site-packages/airflow/example_dags/example_python_operator.py
[2024-10-22T14:39:00.878+0000] {logging_mixin.py:188} INFO - [2024-10-22T14:39:00.878+0000] {dag.py:3089} INFO - Sync 1 DAGs
[2024-10-22T14:39:00.886+0000] {logging_mixin.py:188} INFO - [2024-10-22T14:39:00.886+0000] {dag.py:3947} INFO - Setting next_dagrun for example_python_operator to None, run_after=None
[2024-10-22T14:39:00.898+0000] {processor.py:183} INFO - Processing /home/airflow/.local/lib/python3.12/site-packages/airflow/example_dags/example_python_operator.py took 0.048 seconds
[2024-10-22T14:39:30.973+0000] {processor.py:161} INFO - Started process (PID=3062) to work on /home/airflow/.local/lib/python3.12/site-packages/airflow/example_dags/example_python_operator.py
[2024-10-22T14:39:30.973+0000] {processor.py:830} INFO - Processing file /home/airflow/.local/lib/python3.12/site-packages/airflow/example_dags/example_python_operator.py for tasks to queue
[2024-10-22T14:39:30.974+0000] {logging_mixin.py:188} INFO - [2024-10-22T14:39:30.974+0000] {dagbag.py:545} INFO - Filling up the DagBag from /home/airflow/.local/lib/python3.12/site-packages/airflow/example_dags/example_python_operator.py
[2024-10-22T14:39:30.981+0000] {processor.py:840} INFO - DAG(s) 'example_python_operator' retrieved from /home/airflow/.local/lib/python3.12/site-packages/airflow/example_dags/example_python_operator.py
[2024-10-22T14:39:30.996+0000] {logging_mixin.py:188} INFO - [2024-10-22T14:39:30.996+0000] {dag.py:3089} INFO - Sync 1 DAGs
[2024-10-22T14:39:31.004+0000] {logging_mixin.py:188} INFO - [2024-10-22T14:39:31.004+0000] {dag.py:3947} INFO - Setting next_dagrun for example_python_operator to None, run_after=None
[2024-10-22T14:39:31.016+0000] {processor.py:183} INFO - Processing /home/airflow/.local/lib/python3.12/site-packages/airflow/example_dags/example_python_operator.py took 0.047 seconds
[2024-10-22T14:40:01.198+0000] {processor.py:161} INFO - Started process (PID=3327) to work on /home/airflow/.local/lib/python3.12/site-packages/airflow/example_dags/example_python_operator.py
[2024-10-22T14:40:01.199+0000] {processor.py:830} INFO - Processing file /home/airflow/.local/lib/python3.12/site-packages/airflow/example_dags/example_python_operator.py for tasks to queue
[2024-10-22T14:40:01.200+0000] {logging_mixin.py:188} INFO - [2024-10-22T14:40:01.200+0000] {dagbag.py:545} INFO - Filling up the DagBag from /home/airflow/.local/lib/python3.12/site-packages/airflow/example_dags/example_python_operator.py
[2024-10-22T14:40:01.207+0000] {processor.py:840} INFO - DAG(s) 'example_python_operator' retrieved from /home/airflow/.local/lib/python3.12/site-packages/airflow/example_dags/example_python_operator.py
[2024-10-22T14:40:01.223+0000] {logging_mixin.py:188} INFO - [2024-10-22T14:40:01.222+0000] {dag.py:3089} INFO - Sync 1 DAGs
[2024-10-22T14:40:01.231+0000] {logging_mixin.py:188} INFO - [2024-10-22T14:40:01.231+0000] {dag.py:3947} INFO - Setting next_dagrun for example_python_operator to None, run_after=None
[2024-10-22T14:40:01.243+0000] {processor.py:183} INFO - Processing /home/airflow/.local/lib/python3.12/site-packages/airflow/example_dags/example_python_operator.py took 0.048 seconds
[2024-10-22T14:40:31.382+0000] {processor.py:161} INFO - Started process (PID=3594) to work on /home/airflow/.local/lib/python3.12/site-packages/airflow/example_dags/example_python_operator.py
[2024-10-22T14:40:31.383+0000] {processor.py:830} INFO - Processing file /home/airflow/.local/lib/python3.12/site-packages/airflow/example_dags/example_python_operator.py for tasks to queue
[2024-10-22T14:40:31.384+0000] {logging_mixin.py:188} INFO - [2024-10-22T14:40:31.384+0000] {dagbag.py:545} INFO - Filling up the DagBag from /home/airflow/.local/lib/python3.12/site-packages/airflow/example_dags/example_python_operator.py
[2024-10-22T14:40:31.391+0000] {processor.py:840} INFO - DAG(s) 'example_python_operator' retrieved from /home/airflow/.local/lib/python3.12/site-packages/airflow/example_dags/example_python_operator.py
[2024-10-22T14:40:31.406+0000] {logging_mixin.py:188} INFO - [2024-10-22T14:40:31.406+0000] {dag.py:3089} INFO - Sync 1 DAGs
[2024-10-22T14:40:31.414+0000] {logging_mixin.py:188} INFO - [2024-10-22T14:40:31.414+0000] {dag.py:3947} INFO - Setting next_dagrun for example_python_operator to None, run_after=None
[2024-10-22T14:40:31.427+0000] {processor.py:183} INFO - Processing /home/airflow/.local/lib/python3.12/site-packages/airflow/example_dags/example_python_operator.py took 0.049 seconds
[2024-10-22T14:41:01.530+0000] {processor.py:161} INFO - Started process (PID=3861) to work on /home/airflow/.local/lib/python3.12/site-packages/airflow/example_dags/example_python_operator.py
[2024-10-22T14:41:01.531+0000] {processor.py:830} INFO - Processing file /home/airflow/.local/lib/python3.12/site-packages/airflow/example_dags/example_python_operator.py for tasks to queue
[2024-10-22T14:41:01.532+0000] {logging_mixin.py:188} INFO - [2024-10-22T14:41:01.532+0000] {dagbag.py:545} INFO - Filling up the DagBag from /home/airflow/.local/lib/python3.12/site-packages/airflow/example_dags/example_python_operator.py
[2024-10-22T14:41:01.540+0000] {processor.py:840} INFO - DAG(s) 'example_python_operator' retrieved from /home/airflow/.local/lib/python3.12/site-packages/airflow/example_dags/example_python_operator.py
[2024-10-22T14:41:01.555+0000] {logging_mixin.py:188} INFO - [2024-10-22T14:41:01.555+0000] {dag.py:3089} INFO - Sync 1 DAGs
[2024-10-22T14:41:01.563+0000] {logging_mixin.py:188} INFO - [2024-10-22T14:41:01.563+0000] {dag.py:3947} INFO - Setting next_dagrun for example_python_operator to None, run_after=None
[2024-10-22T14:41:01.575+0000] {processor.py:183} INFO - Processing /home/airflow/.local/lib/python3.12/site-packages/airflow/example_dags/example_python_operator.py took 0.049 seconds
[2024-10-22T14:41:31.879+0000] {processor.py:161} INFO - Started process (PID=4128) to work on /home/airflow/.local/lib/python3.12/site-packages/airflow/example_dags/example_python_operator.py
[2024-10-22T14:41:31.879+0000] {processor.py:830} INFO - Processing file /home/airflow/.local/lib/python3.12/site-packages/airflow/example_dags/example_python_operator.py for tasks to queue
[2024-10-22T14:41:31.881+0000] {logging_mixin.py:188} INFO - [2024-10-22T14:41:31.881+0000] {dagbag.py:545} INFO - Filling up the DagBag from /home/airflow/.local/lib/python3.12/site-packages/airflow/example_dags/example_python_operator.py
[2024-10-22T14:41:31.888+0000] {processor.py:840} INFO - DAG(s) 'example_python_operator' retrieved from /home/airflow/.local/lib/python3.12/site-packages/airflow/example_dags/example_python_operator.py
[2024-10-22T14:41:31.904+0000] {logging_mixin.py:188} INFO - [2024-10-22T14:41:31.903+0000] {dag.py:3089} INFO - Sync 1 DAGs
[2024-10-22T14:41:31.912+0000] {logging_mixin.py:188} INFO - [2024-10-22T14:41:31.912+0000] {dag.py:3947} INFO - Setting next_dagrun for example_python_operator to None, run_after=None
[2024-10-22T14:41:31.925+0000] {processor.py:183} INFO - Processing /home/airflow/.local/lib/python3.12/site-packages/airflow/example_dags/example_python_operator.py took 0.050 seconds
[2024-10-22T14:42:01.993+0000] {processor.py:161} INFO - Started process (PID=4395) to work on /home/airflow/.local/lib/python3.12/site-packages/airflow/example_dags/example_python_operator.py
[2024-10-22T14:42:01.994+0000] {processor.py:830} INFO - Processing file /home/airflow/.local/lib/python3.12/site-packages/airflow/example_dags/example_python_operator.py for tasks to queue
[2024-10-22T14:42:01.995+0000] {logging_mixin.py:188} INFO - [2024-10-22T14:42:01.995+0000] {dagbag.py:545} INFO - Filling up the DagBag from /home/airflow/.local/lib/python3.12/site-packages/airflow/example_dags/example_python_operator.py
[2024-10-22T14:42:02.003+0000] {processor.py:840} INFO - DAG(s) 'example_python_operator' retrieved from /home/airflow/.local/lib/python3.12/site-packages/airflow/example_dags/example_python_operator.py
[2024-10-22T14:42:02.019+0000] {logging_mixin.py:188} INFO - [2024-10-22T14:42:02.018+0000] {dag.py:3089} INFO - Sync 1 DAGs
[2024-10-22T14:42:02.027+0000] {logging_mixin.py:188} INFO - [2024-10-22T14:42:02.027+0000] {dag.py:3947} INFO - Setting next_dagrun for example_python_operator to None, run_after=None
[2024-10-22T14:42:02.039+0000] {processor.py:183} INFO - Processing /home/airflow/.local/lib/python3.12/site-packages/airflow/example_dags/example_python_operator.py took 0.050 seconds
[2024-10-22T14:42:49.225+0000] {processor.py:161} INFO - Started process (PID=390) to work on /home/airflow/.local/lib/python3.12/site-packages/airflow/example_dags/example_python_operator.py
[2024-10-22T14:42:49.226+0000] {processor.py:830} INFO - Processing file /home/airflow/.local/lib/python3.12/site-packages/airflow/example_dags/example_python_operator.py for tasks to queue
[2024-10-22T14:42:49.227+0000] {logging_mixin.py:188} INFO - [2024-10-22T14:42:49.227+0000] {dagbag.py:545} INFO - Filling up the DagBag from /home/airflow/.local/lib/python3.12/site-packages/airflow/example_dags/example_python_operator.py
[2024-10-22T14:42:49.235+0000] {processor.py:840} INFO - DAG(s) 'example_python_operator' retrieved from /home/airflow/.local/lib/python3.12/site-packages/airflow/example_dags/example_python_operator.py
[2024-10-22T14:42:49.243+0000] {logging_mixin.py:188} INFO - [2024-10-22T14:42:49.243+0000] {dag.py:3089} INFO - Sync 1 DAGs
[2024-10-22T14:42:49.253+0000] {logging_mixin.py:188} INFO - [2024-10-22T14:42:49.253+0000] {dag.py:3947} INFO - Setting next_dagrun for example_python_operator to None, run_after=None
[2024-10-22T14:42:49.267+0000] {processor.py:183} INFO - Processing /home/airflow/.local/lib/python3.12/site-packages/airflow/example_dags/example_python_operator.py took 0.047 seconds
[2024-10-22T14:43:20.489+0000] {processor.py:161} INFO - Started process (PID=657) to work on /home/airflow/.local/lib/python3.12/site-packages/airflow/example_dags/example_python_operator.py
[2024-10-22T14:43:20.490+0000] {processor.py:830} INFO - Processing file /home/airflow/.local/lib/python3.12/site-packages/airflow/example_dags/example_python_operator.py for tasks to queue
[2024-10-22T14:43:20.491+0000] {logging_mixin.py:188} INFO - [2024-10-22T14:43:20.491+0000] {dagbag.py:545} INFO - Filling up the DagBag from /home/airflow/.local/lib/python3.12/site-packages/airflow/example_dags/example_python_operator.py
[2024-10-22T14:43:20.499+0000] {processor.py:840} INFO - DAG(s) 'example_python_operator' retrieved from /home/airflow/.local/lib/python3.12/site-packages/airflow/example_dags/example_python_operator.py
[2024-10-22T14:43:20.574+0000] {logging_mixin.py:188} INFO - [2024-10-22T14:43:20.574+0000] {dag.py:3089} INFO - Sync 1 DAGs
[2024-10-22T14:43:20.582+0000] {logging_mixin.py:188} INFO - [2024-10-22T14:43:20.582+0000] {dag.py:3947} INFO - Setting next_dagrun for example_python_operator to None, run_after=None
[2024-10-22T14:43:20.595+0000] {processor.py:183} INFO - Processing /home/airflow/.local/lib/python3.12/site-packages/airflow/example_dags/example_python_operator.py took 0.110 seconds
[2024-10-22T14:43:50.622+0000] {processor.py:161} INFO - Started process (PID=929) to work on /home/airflow/.local/lib/python3.12/site-packages/airflow/example_dags/example_python_operator.py
[2024-10-22T14:43:50.623+0000] {processor.py:830} INFO - Processing file /home/airflow/.local/lib/python3.12/site-packages/airflow/example_dags/example_python_operator.py for tasks to queue
[2024-10-22T14:43:50.624+0000] {logging_mixin.py:188} INFO - [2024-10-22T14:43:50.624+0000] {dagbag.py:545} INFO - Filling up the DagBag from /home/airflow/.local/lib/python3.12/site-packages/airflow/example_dags/example_python_operator.py
[2024-10-22T14:43:50.631+0000] {processor.py:840} INFO - DAG(s) 'example_python_operator' retrieved from /home/airflow/.local/lib/python3.12/site-packages/airflow/example_dags/example_python_operator.py
[2024-10-22T14:43:50.646+0000] {logging_mixin.py:188} INFO - [2024-10-22T14:43:50.646+0000] {dag.py:3089} INFO - Sync 1 DAGs
[2024-10-22T14:43:50.654+0000] {logging_mixin.py:188} INFO - [2024-10-22T14:43:50.654+0000] {dag.py:3947} INFO - Setting next_dagrun for example_python_operator to None, run_after=None
[2024-10-22T14:43:50.667+0000] {processor.py:183} INFO - Processing /home/airflow/.local/lib/python3.12/site-packages/airflow/example_dags/example_python_operator.py took 0.048 seconds
[2024-10-22T14:44:20.724+0000] {processor.py:161} INFO - Started process (PID=1196) to work on /home/airflow/.local/lib/python3.12/site-packages/airflow/example_dags/example_python_operator.py
[2024-10-22T14:44:20.725+0000] {processor.py:830} INFO - Processing file /home/airflow/.local/lib/python3.12/site-packages/airflow/example_dags/example_python_operator.py for tasks to queue
[2024-10-22T14:44:20.726+0000] {logging_mixin.py:188} INFO - [2024-10-22T14:44:20.726+0000] {dagbag.py:545} INFO - Filling up the DagBag from /home/airflow/.local/lib/python3.12/site-packages/airflow/example_dags/example_python_operator.py
[2024-10-22T14:44:20.733+0000] {processor.py:840} INFO - DAG(s) 'example_python_operator' retrieved from /home/airflow/.local/lib/python3.12/site-packages/airflow/example_dags/example_python_operator.py
[2024-10-22T14:44:20.749+0000] {logging_mixin.py:188} INFO - [2024-10-22T14:44:20.748+0000] {dag.py:3089} INFO - Sync 1 DAGs
[2024-10-22T14:44:20.757+0000] {logging_mixin.py:188} INFO - [2024-10-22T14:44:20.757+0000] {dag.py:3947} INFO - Setting next_dagrun for example_python_operator to None, run_after=None
[2024-10-22T14:44:20.771+0000] {processor.py:183} INFO - Processing /home/airflow/.local/lib/python3.12/site-packages/airflow/example_dags/example_python_operator.py took 0.051 seconds
[2024-10-22T14:44:50.799+0000] {processor.py:161} INFO - Started process (PID=1463) to work on /home/airflow/.local/lib/python3.12/site-packages/airflow/example_dags/example_python_operator.py
[2024-10-22T14:44:50.800+0000] {processor.py:830} INFO - Processing file /home/airflow/.local/lib/python3.12/site-packages/airflow/example_dags/example_python_operator.py for tasks to queue
[2024-10-22T14:44:50.801+0000] {logging_mixin.py:188} INFO - [2024-10-22T14:44:50.801+0000] {dagbag.py:545} INFO - Filling up the DagBag from /home/airflow/.local/lib/python3.12/site-packages/airflow/example_dags/example_python_operator.py
[2024-10-22T14:44:50.808+0000] {processor.py:840} INFO - DAG(s) 'example_python_operator' retrieved from /home/airflow/.local/lib/python3.12/site-packages/airflow/example_dags/example_python_operator.py
[2024-10-22T14:44:50.823+0000] {logging_mixin.py:188} INFO - [2024-10-22T14:44:50.823+0000] {dag.py:3089} INFO - Sync 1 DAGs
[2024-10-22T14:44:50.831+0000] {logging_mixin.py:188} INFO - [2024-10-22T14:44:50.831+0000] {dag.py:3947} INFO - Setting next_dagrun for example_python_operator to None, run_after=None
[2024-10-22T14:44:50.845+0000] {processor.py:183} INFO - Processing /home/airflow/.local/lib/python3.12/site-packages/airflow/example_dags/example_python_operator.py took 0.050 seconds
[2024-10-22T14:45:20.937+0000] {processor.py:161} INFO - Started process (PID=1728) to work on /home/airflow/.local/lib/python3.12/site-packages/airflow/example_dags/example_python_operator.py
[2024-10-22T14:45:20.938+0000] {processor.py:830} INFO - Processing file /home/airflow/.local/lib/python3.12/site-packages/airflow/example_dags/example_python_operator.py for tasks to queue
[2024-10-22T14:45:20.939+0000] {logging_mixin.py:188} INFO - [2024-10-22T14:45:20.939+0000] {dagbag.py:545} INFO - Filling up the DagBag from /home/airflow/.local/lib/python3.12/site-packages/airflow/example_dags/example_python_operator.py
[2024-10-22T14:45:20.946+0000] {processor.py:840} INFO - DAG(s) 'example_python_operator' retrieved from /home/airflow/.local/lib/python3.12/site-packages/airflow/example_dags/example_python_operator.py
[2024-10-22T14:45:20.961+0000] {logging_mixin.py:188} INFO - [2024-10-22T14:45:20.960+0000] {dag.py:3089} INFO - Sync 1 DAGs
[2024-10-22T14:45:20.969+0000] {logging_mixin.py:188} INFO - [2024-10-22T14:45:20.969+0000] {dag.py:3947} INFO - Setting next_dagrun for example_python_operator to None, run_after=None
[2024-10-22T14:45:20.980+0000] {processor.py:183} INFO - Processing /home/airflow/.local/lib/python3.12/site-packages/airflow/example_dags/example_python_operator.py took 0.048 seconds
[2024-10-22T14:45:51.552+0000] {processor.py:161} INFO - Started process (PID=1995) to work on /home/airflow/.local/lib/python3.12/site-packages/airflow/example_dags/example_python_operator.py
[2024-10-22T14:45:51.553+0000] {processor.py:830} INFO - Processing file /home/airflow/.local/lib/python3.12/site-packages/airflow/example_dags/example_python_operator.py for tasks to queue
[2024-10-22T14:45:51.554+0000] {logging_mixin.py:188} INFO - [2024-10-22T14:45:51.554+0000] {dagbag.py:545} INFO - Filling up the DagBag from /home/airflow/.local/lib/python3.12/site-packages/airflow/example_dags/example_python_operator.py
[2024-10-22T14:45:51.563+0000] {processor.py:840} INFO - DAG(s) 'example_python_operator' retrieved from /home/airflow/.local/lib/python3.12/site-packages/airflow/example_dags/example_python_operator.py
[2024-10-22T14:45:51.581+0000] {logging_mixin.py:188} INFO - [2024-10-22T14:45:51.581+0000] {dag.py:3089} INFO - Sync 1 DAGs
[2024-10-22T14:45:51.591+0000] {logging_mixin.py:188} INFO - [2024-10-22T14:45:51.590+0000] {dag.py:3947} INFO - Setting next_dagrun for example_python_operator to None, run_after=None
[2024-10-22T14:45:51.607+0000] {processor.py:183} INFO - Processing /home/airflow/.local/lib/python3.12/site-packages/airflow/example_dags/example_python_operator.py took 0.060 seconds
[2024-10-22T14:46:22.542+0000] {processor.py:161} INFO - Started process (PID=2262) to work on /home/airflow/.local/lib/python3.12/site-packages/airflow/example_dags/example_python_operator.py
[2024-10-22T14:46:22.543+0000] {processor.py:830} INFO - Processing file /home/airflow/.local/lib/python3.12/site-packages/airflow/example_dags/example_python_operator.py for tasks to queue
[2024-10-22T14:46:22.544+0000] {logging_mixin.py:188} INFO - [2024-10-22T14:46:22.544+0000] {dagbag.py:545} INFO - Filling up the DagBag from /home/airflow/.local/lib/python3.12/site-packages/airflow/example_dags/example_python_operator.py
[2024-10-22T14:46:22.551+0000] {processor.py:840} INFO - DAG(s) 'example_python_operator' retrieved from /home/airflow/.local/lib/python3.12/site-packages/airflow/example_dags/example_python_operator.py
[2024-10-22T14:46:22.568+0000] {logging_mixin.py:188} INFO - [2024-10-22T14:46:22.568+0000] {dag.py:3089} INFO - Sync 1 DAGs
[2024-10-22T14:46:22.577+0000] {logging_mixin.py:188} INFO - [2024-10-22T14:46:22.577+0000] {dag.py:3947} INFO - Setting next_dagrun for example_python_operator to None, run_after=None
[2024-10-22T14:46:22.591+0000] {processor.py:183} INFO - Processing /home/airflow/.local/lib/python3.12/site-packages/airflow/example_dags/example_python_operator.py took 0.053 seconds
[2024-10-22T14:46:53.267+0000] {processor.py:161} INFO - Started process (PID=2532) to work on /home/airflow/.local/lib/python3.12/site-packages/airflow/example_dags/example_python_operator.py
[2024-10-22T14:46:53.268+0000] {processor.py:830} INFO - Processing file /home/airflow/.local/lib/python3.12/site-packages/airflow/example_dags/example_python_operator.py for tasks to queue
[2024-10-22T14:46:53.270+0000] {logging_mixin.py:188} INFO - [2024-10-22T14:46:53.270+0000] {dagbag.py:545} INFO - Filling up the DagBag from /home/airflow/.local/lib/python3.12/site-packages/airflow/example_dags/example_python_operator.py
[2024-10-22T14:46:53.278+0000] {processor.py:840} INFO - DAG(s) 'example_python_operator' retrieved from /home/airflow/.local/lib/python3.12/site-packages/airflow/example_dags/example_python_operator.py
[2024-10-22T14:46:53.294+0000] {logging_mixin.py:188} INFO - [2024-10-22T14:46:53.294+0000] {dag.py:3089} INFO - Sync 1 DAGs
[2024-10-22T14:46:53.304+0000] {logging_mixin.py:188} INFO - [2024-10-22T14:46:53.304+0000] {dag.py:3947} INFO - Setting next_dagrun for example_python_operator to None, run_after=None
[2024-10-22T14:46:53.318+0000] {processor.py:183} INFO - Processing /home/airflow/.local/lib/python3.12/site-packages/airflow/example_dags/example_python_operator.py took 0.054 seconds
[2024-10-22T14:47:23.633+0000] {processor.py:161} INFO - Started process (PID=2801) to work on /home/airflow/.local/lib/python3.12/site-packages/airflow/example_dags/example_python_operator.py
[2024-10-22T14:47:23.633+0000] {processor.py:830} INFO - Processing file /home/airflow/.local/lib/python3.12/site-packages/airflow/example_dags/example_python_operator.py for tasks to queue
[2024-10-22T14:47:23.635+0000] {logging_mixin.py:188} INFO - [2024-10-22T14:47:23.635+0000] {dagbag.py:545} INFO - Filling up the DagBag from /home/airflow/.local/lib/python3.12/site-packages/airflow/example_dags/example_python_operator.py
[2024-10-22T14:47:23.643+0000] {processor.py:840} INFO - DAG(s) 'example_python_operator' retrieved from /home/airflow/.local/lib/python3.12/site-packages/airflow/example_dags/example_python_operator.py
[2024-10-22T14:47:23.658+0000] {logging_mixin.py:188} INFO - [2024-10-22T14:47:23.657+0000] {dag.py:3089} INFO - Sync 1 DAGs
[2024-10-22T14:47:23.666+0000] {logging_mixin.py:188} INFO - [2024-10-22T14:47:23.666+0000] {dag.py:3947} INFO - Setting next_dagrun for example_python_operator to None, run_after=None
[2024-10-22T14:47:23.678+0000] {processor.py:183} INFO - Processing /home/airflow/.local/lib/python3.12/site-packages/airflow/example_dags/example_python_operator.py took 0.049 seconds
[2024-10-22T14:47:53.903+0000] {processor.py:161} INFO - Started process (PID=3066) to work on /home/airflow/.local/lib/python3.12/site-packages/airflow/example_dags/example_python_operator.py
[2024-10-22T14:47:53.904+0000] {processor.py:830} INFO - Processing file /home/airflow/.local/lib/python3.12/site-packages/airflow/example_dags/example_python_operator.py for tasks to queue
[2024-10-22T14:47:53.905+0000] {logging_mixin.py:188} INFO - [2024-10-22T14:47:53.905+0000] {dagbag.py:545} INFO - Filling up the DagBag from /home/airflow/.local/lib/python3.12/site-packages/airflow/example_dags/example_python_operator.py
[2024-10-22T14:47:53.912+0000] {processor.py:840} INFO - DAG(s) 'example_python_operator' retrieved from /home/airflow/.local/lib/python3.12/site-packages/airflow/example_dags/example_python_operator.py
[2024-10-22T14:47:53.928+0000] {logging_mixin.py:188} INFO - [2024-10-22T14:47:53.928+0000] {dag.py:3089} INFO - Sync 1 DAGs
[2024-10-22T14:47:53.937+0000] {logging_mixin.py:188} INFO - [2024-10-22T14:47:53.937+0000] {dag.py:3947} INFO - Setting next_dagrun for example_python_operator to None, run_after=None
[2024-10-22T14:47:53.950+0000] {processor.py:183} INFO - Processing /home/airflow/.local/lib/python3.12/site-packages/airflow/example_dags/example_python_operator.py took 0.051 seconds
[2024-10-22T14:48:24.360+0000] {processor.py:161} INFO - Started process (PID=3335) to work on /home/airflow/.local/lib/python3.12/site-packages/airflow/example_dags/example_python_operator.py
[2024-10-22T14:48:24.360+0000] {processor.py:830} INFO - Processing file /home/airflow/.local/lib/python3.12/site-packages/airflow/example_dags/example_python_operator.py for tasks to queue
[2024-10-22T14:48:24.362+0000] {logging_mixin.py:188} INFO - [2024-10-22T14:48:24.361+0000] {dagbag.py:545} INFO - Filling up the DagBag from /home/airflow/.local/lib/python3.12/site-packages/airflow/example_dags/example_python_operator.py
[2024-10-22T14:48:24.369+0000] {processor.py:840} INFO - DAG(s) 'example_python_operator' retrieved from /home/airflow/.local/lib/python3.12/site-packages/airflow/example_dags/example_python_operator.py
[2024-10-22T14:48:24.384+0000] {logging_mixin.py:188} INFO - [2024-10-22T14:48:24.384+0000] {dag.py:3089} INFO - Sync 1 DAGs
[2024-10-22T14:48:24.393+0000] {logging_mixin.py:188} INFO - [2024-10-22T14:48:24.392+0000] {dag.py:3947} INFO - Setting next_dagrun for example_python_operator to None, run_after=None
[2024-10-22T14:48:24.404+0000] {processor.py:183} INFO - Processing /home/airflow/.local/lib/python3.12/site-packages/airflow/example_dags/example_python_operator.py took 0.049 seconds
[2024-10-22T14:48:54.809+0000] {processor.py:161} INFO - Started process (PID=3602) to work on /home/airflow/.local/lib/python3.12/site-packages/airflow/example_dags/example_python_operator.py
[2024-10-22T14:48:54.810+0000] {processor.py:830} INFO - Processing file /home/airflow/.local/lib/python3.12/site-packages/airflow/example_dags/example_python_operator.py for tasks to queue
[2024-10-22T14:48:54.811+0000] {logging_mixin.py:188} INFO - [2024-10-22T14:48:54.811+0000] {dagbag.py:545} INFO - Filling up the DagBag from /home/airflow/.local/lib/python3.12/site-packages/airflow/example_dags/example_python_operator.py
[2024-10-22T14:48:54.819+0000] {processor.py:840} INFO - DAG(s) 'example_python_operator' retrieved from /home/airflow/.local/lib/python3.12/site-packages/airflow/example_dags/example_python_operator.py
[2024-10-22T14:48:54.836+0000] {logging_mixin.py:188} INFO - [2024-10-22T14:48:54.836+0000] {dag.py:3089} INFO - Sync 1 DAGs
[2024-10-22T14:48:54.846+0000] {logging_mixin.py:188} INFO - [2024-10-22T14:48:54.846+0000] {dag.py:3947} INFO - Setting next_dagrun for example_python_operator to None, run_after=None
[2024-10-22T14:48:54.860+0000] {processor.py:183} INFO - Processing /home/airflow/.local/lib/python3.12/site-packages/airflow/example_dags/example_python_operator.py took 0.054 seconds
[2024-10-22T14:49:25.116+0000] {processor.py:161} INFO - Started process (PID=3867) to work on /home/airflow/.local/lib/python3.12/site-packages/airflow/example_dags/example_python_operator.py
[2024-10-22T14:49:25.117+0000] {processor.py:830} INFO - Processing file /home/airflow/.local/lib/python3.12/site-packages/airflow/example_dags/example_python_operator.py for tasks to queue
[2024-10-22T14:49:25.118+0000] {logging_mixin.py:188} INFO - [2024-10-22T14:49:25.118+0000] {dagbag.py:545} INFO - Filling up the DagBag from /home/airflow/.local/lib/python3.12/site-packages/airflow/example_dags/example_python_operator.py
[2024-10-22T14:49:25.126+0000] {processor.py:840} INFO - DAG(s) 'example_python_operator' retrieved from /home/airflow/.local/lib/python3.12/site-packages/airflow/example_dags/example_python_operator.py
[2024-10-22T14:49:25.141+0000] {logging_mixin.py:188} INFO - [2024-10-22T14:49:25.141+0000] {dag.py:3089} INFO - Sync 1 DAGs
[2024-10-22T14:49:25.150+0000] {logging_mixin.py:188} INFO - [2024-10-22T14:49:25.150+0000] {dag.py:3947} INFO - Setting next_dagrun for example_python_operator to None, run_after=None
[2024-10-22T14:49:25.162+0000] {processor.py:183} INFO - Processing /home/airflow/.local/lib/python3.12/site-packages/airflow/example_dags/example_python_operator.py took 0.050 seconds
[2024-10-22T14:49:55.420+0000] {processor.py:161} INFO - Started process (PID=4134) to work on /home/airflow/.local/lib/python3.12/site-packages/airflow/example_dags/example_python_operator.py
[2024-10-22T14:49:55.420+0000] {processor.py:830} INFO - Processing file /home/airflow/.local/lib/python3.12/site-packages/airflow/example_dags/example_python_operator.py for tasks to queue
[2024-10-22T14:49:55.422+0000] {logging_mixin.py:188} INFO - [2024-10-22T14:49:55.421+0000] {dagbag.py:545} INFO - Filling up the DagBag from /home/airflow/.local/lib/python3.12/site-packages/airflow/example_dags/example_python_operator.py
[2024-10-22T14:49:55.430+0000] {processor.py:840} INFO - DAG(s) 'example_python_operator' retrieved from /home/airflow/.local/lib/python3.12/site-packages/airflow/example_dags/example_python_operator.py
[2024-10-22T14:49:55.447+0000] {logging_mixin.py:188} INFO - [2024-10-22T14:49:55.446+0000] {dag.py:3089} INFO - Sync 1 DAGs
[2024-10-22T14:49:55.456+0000] {logging_mixin.py:188} INFO - [2024-10-22T14:49:55.455+0000] {dag.py:3947} INFO - Setting next_dagrun for example_python_operator to None, run_after=None
[2024-10-22T14:49:55.469+0000] {processor.py:183} INFO - Processing /home/airflow/.local/lib/python3.12/site-packages/airflow/example_dags/example_python_operator.py took 0.054 seconds
[2024-10-22T14:50:25.842+0000] {processor.py:161} INFO - Started process (PID=4401) to work on /home/airflow/.local/lib/python3.12/site-packages/airflow/example_dags/example_python_operator.py
[2024-10-22T14:50:25.843+0000] {processor.py:830} INFO - Processing file /home/airflow/.local/lib/python3.12/site-packages/airflow/example_dags/example_python_operator.py for tasks to queue
[2024-10-22T14:50:25.845+0000] {logging_mixin.py:188} INFO - [2024-10-22T14:50:25.844+0000] {dagbag.py:545} INFO - Filling up the DagBag from /home/airflow/.local/lib/python3.12/site-packages/airflow/example_dags/example_python_operator.py
[2024-10-22T14:50:25.853+0000] {processor.py:840} INFO - DAG(s) 'example_python_operator' retrieved from /home/airflow/.local/lib/python3.12/site-packages/airflow/example_dags/example_python_operator.py
[2024-10-22T14:50:25.868+0000] {logging_mixin.py:188} INFO - [2024-10-22T14:50:25.868+0000] {dag.py:3089} INFO - Sync 1 DAGs
[2024-10-22T14:50:25.877+0000] {logging_mixin.py:188} INFO - [2024-10-22T14:50:25.877+0000] {dag.py:3947} INFO - Setting next_dagrun for example_python_operator to None, run_after=None
[2024-10-22T14:50:25.890+0000] {processor.py:183} INFO - Processing /home/airflow/.local/lib/python3.12/site-packages/airflow/example_dags/example_python_operator.py took 0.052 seconds
[2024-10-22T14:50:56.275+0000] {processor.py:161} INFO - Started process (PID=4668) to work on /home/airflow/.local/lib/python3.12/site-packages/airflow/example_dags/example_python_operator.py
[2024-10-22T14:50:56.276+0000] {processor.py:830} INFO - Processing file /home/airflow/.local/lib/python3.12/site-packages/airflow/example_dags/example_python_operator.py for tasks to queue
[2024-10-22T14:50:56.277+0000] {logging_mixin.py:188} INFO - [2024-10-22T14:50:56.277+0000] {dagbag.py:545} INFO - Filling up the DagBag from /home/airflow/.local/lib/python3.12/site-packages/airflow/example_dags/example_python_operator.py
[2024-10-22T14:50:56.284+0000] {processor.py:840} INFO - DAG(s) 'example_python_operator' retrieved from /home/airflow/.local/lib/python3.12/site-packages/airflow/example_dags/example_python_operator.py
[2024-10-22T14:50:56.300+0000] {logging_mixin.py:188} INFO - [2024-10-22T14:50:56.299+0000] {dag.py:3089} INFO - Sync 1 DAGs
[2024-10-22T14:50:56.308+0000] {logging_mixin.py:188} INFO - [2024-10-22T14:50:56.308+0000] {dag.py:3947} INFO - Setting next_dagrun for example_python_operator to None, run_after=None
[2024-10-22T14:50:56.320+0000] {processor.py:183} INFO - Processing /home/airflow/.local/lib/python3.12/site-packages/airflow/example_dags/example_python_operator.py took 0.050 seconds
[2024-10-22T14:51:26.584+0000] {processor.py:161} INFO - Started process (PID=4935) to work on /home/airflow/.local/lib/python3.12/site-packages/airflow/example_dags/example_python_operator.py
[2024-10-22T14:51:26.584+0000] {processor.py:830} INFO - Processing file /home/airflow/.local/lib/python3.12/site-packages/airflow/example_dags/example_python_operator.py for tasks to queue
[2024-10-22T14:51:26.586+0000] {logging_mixin.py:188} INFO - [2024-10-22T14:51:26.586+0000] {dagbag.py:545} INFO - Filling up the DagBag from /home/airflow/.local/lib/python3.12/site-packages/airflow/example_dags/example_python_operator.py
[2024-10-22T14:51:26.593+0000] {processor.py:840} INFO - DAG(s) 'example_python_operator' retrieved from /home/airflow/.local/lib/python3.12/site-packages/airflow/example_dags/example_python_operator.py
[2024-10-22T14:51:26.612+0000] {logging_mixin.py:188} INFO - [2024-10-22T14:51:26.612+0000] {dag.py:3089} INFO - Sync 1 DAGs
[2024-10-22T14:51:26.622+0000] {logging_mixin.py:188} INFO - [2024-10-22T14:51:26.622+0000] {dag.py:3947} INFO - Setting next_dagrun for example_python_operator to None, run_after=None
[2024-10-22T14:51:26.656+0000] {processor.py:183} INFO - Processing /home/airflow/.local/lib/python3.12/site-packages/airflow/example_dags/example_python_operator.py took 0.077 seconds
[2024-10-22T14:51:57.070+0000] {processor.py:161} INFO - Started process (PID=5202) to work on /home/airflow/.local/lib/python3.12/site-packages/airflow/example_dags/example_python_operator.py
[2024-10-22T14:51:57.071+0000] {processor.py:830} INFO - Processing file /home/airflow/.local/lib/python3.12/site-packages/airflow/example_dags/example_python_operator.py for tasks to queue
[2024-10-22T14:51:57.072+0000] {logging_mixin.py:188} INFO - [2024-10-22T14:51:57.072+0000] {dagbag.py:545} INFO - Filling up the DagBag from /home/airflow/.local/lib/python3.12/site-packages/airflow/example_dags/example_python_operator.py
[2024-10-22T14:51:57.080+0000] {processor.py:840} INFO - DAG(s) 'example_python_operator' retrieved from /home/airflow/.local/lib/python3.12/site-packages/airflow/example_dags/example_python_operator.py
[2024-10-22T14:51:57.094+0000] {logging_mixin.py:188} INFO - [2024-10-22T14:51:57.094+0000] {dag.py:3089} INFO - Sync 1 DAGs
[2024-10-22T14:51:57.103+0000] {logging_mixin.py:188} INFO - [2024-10-22T14:51:57.103+0000] {dag.py:3947} INFO - Setting next_dagrun for example_python_operator to None, run_after=None
[2024-10-22T14:51:57.114+0000] {processor.py:183} INFO - Processing /home/airflow/.local/lib/python3.12/site-packages/airflow/example_dags/example_python_operator.py took 0.048 seconds
[2024-10-22T14:52:27.381+0000] {processor.py:161} INFO - Started process (PID=5469) to work on /home/airflow/.local/lib/python3.12/site-packages/airflow/example_dags/example_python_operator.py
[2024-10-22T14:52:27.382+0000] {processor.py:830} INFO - Processing file /home/airflow/.local/lib/python3.12/site-packages/airflow/example_dags/example_python_operator.py for tasks to queue
[2024-10-22T14:52:27.383+0000] {logging_mixin.py:188} INFO - [2024-10-22T14:52:27.383+0000] {dagbag.py:545} INFO - Filling up the DagBag from /home/airflow/.local/lib/python3.12/site-packages/airflow/example_dags/example_python_operator.py
[2024-10-22T14:52:27.390+0000] {processor.py:840} INFO - DAG(s) 'example_python_operator' retrieved from /home/airflow/.local/lib/python3.12/site-packages/airflow/example_dags/example_python_operator.py
[2024-10-22T14:52:27.407+0000] {logging_mixin.py:188} INFO - [2024-10-22T14:52:27.407+0000] {dag.py:3089} INFO - Sync 1 DAGs
[2024-10-22T14:52:27.417+0000] {logging_mixin.py:188} INFO - [2024-10-22T14:52:27.417+0000] {dag.py:3947} INFO - Setting next_dagrun for example_python_operator to None, run_after=None
[2024-10-22T14:52:27.431+0000] {processor.py:183} INFO - Processing /home/airflow/.local/lib/python3.12/site-packages/airflow/example_dags/example_python_operator.py took 0.055 seconds
[2024-10-22T14:52:57.826+0000] {processor.py:161} INFO - Started process (PID=5741) to work on /home/airflow/.local/lib/python3.12/site-packages/airflow/example_dags/example_python_operator.py
[2024-10-22T14:52:57.826+0000] {processor.py:830} INFO - Processing file /home/airflow/.local/lib/python3.12/site-packages/airflow/example_dags/example_python_operator.py for tasks to queue
[2024-10-22T14:52:57.828+0000] {logging_mixin.py:188} INFO - [2024-10-22T14:52:57.827+0000] {dagbag.py:545} INFO - Filling up the DagBag from /home/airflow/.local/lib/python3.12/site-packages/airflow/example_dags/example_python_operator.py
[2024-10-22T14:52:57.835+0000] {processor.py:840} INFO - DAG(s) 'example_python_operator' retrieved from /home/airflow/.local/lib/python3.12/site-packages/airflow/example_dags/example_python_operator.py
[2024-10-22T14:52:57.852+0000] {logging_mixin.py:188} INFO - [2024-10-22T14:52:57.851+0000] {dag.py:3089} INFO - Sync 1 DAGs
[2024-10-22T14:52:57.860+0000] {logging_mixin.py:188} INFO - [2024-10-22T14:52:57.860+0000] {dag.py:3947} INFO - Setting next_dagrun for example_python_operator to None, run_after=None
[2024-10-22T14:52:57.872+0000] {processor.py:183} INFO - Processing /home/airflow/.local/lib/python3.12/site-packages/airflow/example_dags/example_python_operator.py took 0.051 seconds
[2024-10-22T14:53:28.131+0000] {processor.py:161} INFO - Started process (PID=6008) to work on /home/airflow/.local/lib/python3.12/site-packages/airflow/example_dags/example_python_operator.py
[2024-10-22T14:53:28.132+0000] {processor.py:830} INFO - Processing file /home/airflow/.local/lib/python3.12/site-packages/airflow/example_dags/example_python_operator.py for tasks to queue
[2024-10-22T14:53:28.133+0000] {logging_mixin.py:188} INFO - [2024-10-22T14:53:28.133+0000] {dagbag.py:545} INFO - Filling up the DagBag from /home/airflow/.local/lib/python3.12/site-packages/airflow/example_dags/example_python_operator.py
[2024-10-22T14:53:28.141+0000] {processor.py:840} INFO - DAG(s) 'example_python_operator' retrieved from /home/airflow/.local/lib/python3.12/site-packages/airflow/example_dags/example_python_operator.py
[2024-10-22T14:53:28.157+0000] {logging_mixin.py:188} INFO - [2024-10-22T14:53:28.157+0000] {dag.py:3089} INFO - Sync 1 DAGs
[2024-10-22T14:53:28.166+0000] {logging_mixin.py:188} INFO - [2024-10-22T14:53:28.166+0000] {dag.py:3947} INFO - Setting next_dagrun for example_python_operator to None, run_after=None
[2024-10-22T14:53:28.178+0000] {processor.py:183} INFO - Processing /home/airflow/.local/lib/python3.12/site-packages/airflow/example_dags/example_python_operator.py took 0.051 seconds
[2024-10-22T14:53:58.583+0000] {processor.py:161} INFO - Started process (PID=6273) to work on /home/airflow/.local/lib/python3.12/site-packages/airflow/example_dags/example_python_operator.py
[2024-10-22T14:53:58.583+0000] {processor.py:830} INFO - Processing file /home/airflow/.local/lib/python3.12/site-packages/airflow/example_dags/example_python_operator.py for tasks to queue
[2024-10-22T14:53:58.585+0000] {logging_mixin.py:188} INFO - [2024-10-22T14:53:58.585+0000] {dagbag.py:545} INFO - Filling up the DagBag from /home/airflow/.local/lib/python3.12/site-packages/airflow/example_dags/example_python_operator.py
[2024-10-22T14:53:58.593+0000] {processor.py:840} INFO - DAG(s) 'example_python_operator' retrieved from /home/airflow/.local/lib/python3.12/site-packages/airflow/example_dags/example_python_operator.py
[2024-10-22T14:53:58.609+0000] {logging_mixin.py:188} INFO - [2024-10-22T14:53:58.609+0000] {dag.py:3089} INFO - Sync 1 DAGs
[2024-10-22T14:53:58.618+0000] {logging_mixin.py:188} INFO - [2024-10-22T14:53:58.618+0000] {dag.py:3947} INFO - Setting next_dagrun for example_python_operator to None, run_after=None
[2024-10-22T14:53:58.631+0000] {processor.py:183} INFO - Processing /home/airflow/.local/lib/python3.12/site-packages/airflow/example_dags/example_python_operator.py took 0.053 seconds
[2024-10-22T14:54:28.855+0000] {processor.py:161} INFO - Started process (PID=6540) to work on /home/airflow/.local/lib/python3.12/site-packages/airflow/example_dags/example_python_operator.py
[2024-10-22T14:54:28.855+0000] {processor.py:830} INFO - Processing file /home/airflow/.local/lib/python3.12/site-packages/airflow/example_dags/example_python_operator.py for tasks to queue
[2024-10-22T14:54:28.856+0000] {logging_mixin.py:188} INFO - [2024-10-22T14:54:28.856+0000] {dagbag.py:545} INFO - Filling up the DagBag from /home/airflow/.local/lib/python3.12/site-packages/airflow/example_dags/example_python_operator.py
[2024-10-22T14:54:28.864+0000] {processor.py:840} INFO - DAG(s) 'example_python_operator' retrieved from /home/airflow/.local/lib/python3.12/site-packages/airflow/example_dags/example_python_operator.py
[2024-10-22T14:54:28.880+0000] {logging_mixin.py:188} INFO - [2024-10-22T14:54:28.879+0000] {dag.py:3089} INFO - Sync 1 DAGs
[2024-10-22T14:54:28.888+0000] {logging_mixin.py:188} INFO - [2024-10-22T14:54:28.888+0000] {dag.py:3947} INFO - Setting next_dagrun for example_python_operator to None, run_after=None
[2024-10-22T14:54:28.901+0000] {processor.py:183} INFO - Processing /home/airflow/.local/lib/python3.12/site-packages/airflow/example_dags/example_python_operator.py took 0.050 seconds
[2024-10-22T14:54:59.736+0000] {processor.py:161} INFO - Started process (PID=6810) to work on /home/airflow/.local/lib/python3.12/site-packages/airflow/example_dags/example_python_operator.py
[2024-10-22T14:54:59.736+0000] {processor.py:830} INFO - Processing file /home/airflow/.local/lib/python3.12/site-packages/airflow/example_dags/example_python_operator.py for tasks to queue
[2024-10-22T14:54:59.738+0000] {logging_mixin.py:188} INFO - [2024-10-22T14:54:59.737+0000] {dagbag.py:545} INFO - Filling up the DagBag from /home/airflow/.local/lib/python3.12/site-packages/airflow/example_dags/example_python_operator.py
[2024-10-22T14:54:59.745+0000] {processor.py:840} INFO - DAG(s) 'example_python_operator' retrieved from /home/airflow/.local/lib/python3.12/site-packages/airflow/example_dags/example_python_operator.py
[2024-10-22T14:54:59.761+0000] {logging_mixin.py:188} INFO - [2024-10-22T14:54:59.760+0000] {dag.py:3089} INFO - Sync 1 DAGs
[2024-10-22T14:54:59.770+0000] {logging_mixin.py:188} INFO - [2024-10-22T14:54:59.769+0000] {dag.py:3947} INFO - Setting next_dagrun for example_python_operator to None, run_after=None
[2024-10-22T14:54:59.783+0000] {processor.py:183} INFO - Processing /home/airflow/.local/lib/python3.12/site-packages/airflow/example_dags/example_python_operator.py took 0.052 seconds
[2024-10-22T14:55:30.371+0000] {processor.py:161} INFO - Started process (PID=7077) to work on /home/airflow/.local/lib/python3.12/site-packages/airflow/example_dags/example_python_operator.py
[2024-10-22T14:55:30.372+0000] {processor.py:830} INFO - Processing file /home/airflow/.local/lib/python3.12/site-packages/airflow/example_dags/example_python_operator.py for tasks to queue
[2024-10-22T14:55:30.373+0000] {logging_mixin.py:188} INFO - [2024-10-22T14:55:30.373+0000] {dagbag.py:545} INFO - Filling up the DagBag from /home/airflow/.local/lib/python3.12/site-packages/airflow/example_dags/example_python_operator.py
[2024-10-22T14:55:30.380+0000] {processor.py:840} INFO - DAG(s) 'example_python_operator' retrieved from /home/airflow/.local/lib/python3.12/site-packages/airflow/example_dags/example_python_operator.py
[2024-10-22T14:55:30.395+0000] {logging_mixin.py:188} INFO - [2024-10-22T14:55:30.395+0000] {dag.py:3089} INFO - Sync 1 DAGs
[2024-10-22T14:55:30.403+0000] {logging_mixin.py:188} INFO - [2024-10-22T14:55:30.403+0000] {dag.py:3947} INFO - Setting next_dagrun for example_python_operator to None, run_after=None
[2024-10-22T14:55:30.416+0000] {processor.py:183} INFO - Processing /home/airflow/.local/lib/python3.12/site-packages/airflow/example_dags/example_python_operator.py took 0.049 seconds
[2024-10-22T14:56:01.689+0000] {processor.py:161} INFO - Started process (PID=7346) to work on /home/airflow/.local/lib/python3.12/site-packages/airflow/example_dags/example_python_operator.py
[2024-10-22T14:56:01.690+0000] {processor.py:830} INFO - Processing file /home/airflow/.local/lib/python3.12/site-packages/airflow/example_dags/example_python_operator.py for tasks to queue
[2024-10-22T14:56:01.691+0000] {logging_mixin.py:188} INFO - [2024-10-22T14:56:01.691+0000] {dagbag.py:545} INFO - Filling up the DagBag from /home/airflow/.local/lib/python3.12/site-packages/airflow/example_dags/example_python_operator.py
[2024-10-22T14:56:01.699+0000] {processor.py:840} INFO - DAG(s) 'example_python_operator' retrieved from /home/airflow/.local/lib/python3.12/site-packages/airflow/example_dags/example_python_operator.py
[2024-10-22T14:56:01.715+0000] {logging_mixin.py:188} INFO - [2024-10-22T14:56:01.714+0000] {dag.py:3089} INFO - Sync 1 DAGs
[2024-10-22T14:56:01.820+0000] {logging_mixin.py:188} INFO - [2024-10-22T14:56:01.820+0000] {dag.py:3947} INFO - Setting next_dagrun for example_python_operator to None, run_after=None
[2024-10-22T14:56:01.832+0000] {processor.py:183} INFO - Processing /home/airflow/.local/lib/python3.12/site-packages/airflow/example_dags/example_python_operator.py took 0.147 seconds
[2024-10-22T14:56:32.608+0000] {processor.py:161} INFO - Started process (PID=7613) to work on /home/airflow/.local/lib/python3.12/site-packages/airflow/example_dags/example_python_operator.py
[2024-10-22T14:56:32.609+0000] {processor.py:830} INFO - Processing file /home/airflow/.local/lib/python3.12/site-packages/airflow/example_dags/example_python_operator.py for tasks to queue
[2024-10-22T14:56:32.610+0000] {logging_mixin.py:188} INFO - [2024-10-22T14:56:32.610+0000] {dagbag.py:545} INFO - Filling up the DagBag from /home/airflow/.local/lib/python3.12/site-packages/airflow/example_dags/example_python_operator.py
[2024-10-22T14:56:32.618+0000] {processor.py:840} INFO - DAG(s) 'example_python_operator' retrieved from /home/airflow/.local/lib/python3.12/site-packages/airflow/example_dags/example_python_operator.py
[2024-10-22T14:56:32.635+0000] {logging_mixin.py:188} INFO - [2024-10-22T14:56:32.635+0000] {dag.py:3089} INFO - Sync 1 DAGs
[2024-10-22T14:56:32.644+0000] {logging_mixin.py:188} INFO - [2024-10-22T14:56:32.644+0000] {dag.py:3947} INFO - Setting next_dagrun for example_python_operator to None, run_after=None
[2024-10-22T14:56:32.775+0000] {processor.py:183} INFO - Processing /home/airflow/.local/lib/python3.12/site-packages/airflow/example_dags/example_python_operator.py took 0.172 seconds
[2024-10-22T14:57:03.731+0000] {processor.py:161} INFO - Started process (PID=7880) to work on /home/airflow/.local/lib/python3.12/site-packages/airflow/example_dags/example_python_operator.py
[2024-10-22T14:57:03.732+0000] {processor.py:830} INFO - Processing file /home/airflow/.local/lib/python3.12/site-packages/airflow/example_dags/example_python_operator.py for tasks to queue
[2024-10-22T14:57:03.733+0000] {logging_mixin.py:188} INFO - [2024-10-22T14:57:03.733+0000] {dagbag.py:545} INFO - Filling up the DagBag from /home/airflow/.local/lib/python3.12/site-packages/airflow/example_dags/example_python_operator.py
[2024-10-22T14:57:03.740+0000] {processor.py:840} INFO - DAG(s) 'example_python_operator' retrieved from /home/airflow/.local/lib/python3.12/site-packages/airflow/example_dags/example_python_operator.py
[2024-10-22T14:57:03.755+0000] {logging_mixin.py:188} INFO - [2024-10-22T14:57:03.755+0000] {dag.py:3089} INFO - Sync 1 DAGs
[2024-10-22T14:57:03.763+0000] {logging_mixin.py:188} INFO - [2024-10-22T14:57:03.763+0000] {dag.py:3947} INFO - Setting next_dagrun for example_python_operator to None, run_after=None
[2024-10-22T14:57:03.777+0000] {processor.py:183} INFO - Processing /home/airflow/.local/lib/python3.12/site-packages/airflow/example_dags/example_python_operator.py took 0.050 seconds
[2024-10-22T14:57:34.712+0000] {processor.py:161} INFO - Started process (PID=8147) to work on /home/airflow/.local/lib/python3.12/site-packages/airflow/example_dags/example_python_operator.py
[2024-10-22T14:57:34.713+0000] {processor.py:830} INFO - Processing file /home/airflow/.local/lib/python3.12/site-packages/airflow/example_dags/example_python_operator.py for tasks to queue
[2024-10-22T14:57:34.714+0000] {logging_mixin.py:188} INFO - [2024-10-22T14:57:34.714+0000] {dagbag.py:545} INFO - Filling up the DagBag from /home/airflow/.local/lib/python3.12/site-packages/airflow/example_dags/example_python_operator.py
[2024-10-22T14:57:34.721+0000] {processor.py:840} INFO - DAG(s) 'example_python_operator' retrieved from /home/airflow/.local/lib/python3.12/site-packages/airflow/example_dags/example_python_operator.py
[2024-10-22T14:57:34.737+0000] {logging_mixin.py:188} INFO - [2024-10-22T14:57:34.737+0000] {dag.py:3089} INFO - Sync 1 DAGs
[2024-10-22T14:57:34.745+0000] {logging_mixin.py:188} INFO - [2024-10-22T14:57:34.745+0000] {dag.py:3947} INFO - Setting next_dagrun for example_python_operator to None, run_after=None
[2024-10-22T14:57:34.757+0000] {processor.py:183} INFO - Processing /home/airflow/.local/lib/python3.12/site-packages/airflow/example_dags/example_python_operator.py took 0.049 seconds
