[2024-10-22T14:00:14.306+0000] {processor.py:161} INFO - Started process (PID=295) to work on /home/airflow/.local/lib/python3.12/site-packages/airflow/example_dags/example_setup_teardown.py
[2024-10-22T14:00:14.307+0000] {processor.py:830} INFO - Processing file /home/airflow/.local/lib/python3.12/site-packages/airflow/example_dags/example_setup_teardown.py for tasks to queue
[2024-10-22T14:00:14.308+0000] {logging_mixin.py:188} INFO - [2024-10-22T14:00:14.308+0000] {dagbag.py:545} INFO - Filling up the DagBag from /home/airflow/.local/lib/python3.12/site-packages/airflow/example_dags/example_setup_teardown.py
[2024-10-22T14:00:14.314+0000] {processor.py:840} INFO - DAG(s) 'example_setup_teardown' retrieved from /home/airflow/.local/lib/python3.12/site-packages/airflow/example_dags/example_setup_teardown.py
[2024-10-22T14:00:14.401+0000] {logging_mixin.py:188} INFO - [2024-10-22T14:00:14.401+0000] {override.py:1858} INFO - Created Permission View: can delete on DAG:example_setup_teardown
[2024-10-22T14:00:14.410+0000] {logging_mixin.py:188} INFO - [2024-10-22T14:00:14.410+0000] {override.py:1858} INFO - Created Permission View: can edit on DAG:example_setup_teardown
[2024-10-22T14:00:14.414+0000] {logging_mixin.py:188} INFO - [2024-10-22T14:00:14.414+0000] {override.py:1858} INFO - Created Permission View: can read on DAG:example_setup_teardown
[2024-10-22T14:00:14.415+0000] {logging_mixin.py:188} INFO - [2024-10-22T14:00:14.415+0000] {dag.py:3089} INFO - Sync 1 DAGs
[2024-10-22T14:00:14.423+0000] {logging_mixin.py:188} INFO - [2024-10-22T14:00:14.423+0000] {dag.py:3111} INFO - Creating ORM DAG for example_setup_teardown
[2024-10-22T14:00:14.431+0000] {logging_mixin.py:188} INFO - [2024-10-22T14:00:14.430+0000] {dag.py:3947} INFO - Setting next_dagrun for example_setup_teardown to 2024-10-21 00:00:00+00:00, run_after=2024-10-22 00:00:00+00:00
[2024-10-22T14:00:14.443+0000] {processor.py:183} INFO - Processing /home/airflow/.local/lib/python3.12/site-packages/airflow/example_dags/example_setup_teardown.py took 0.142 seconds
[2024-10-22T14:00:45.111+0000] {processor.py:161} INFO - Started process (PID=562) to work on /home/airflow/.local/lib/python3.12/site-packages/airflow/example_dags/example_setup_teardown.py
[2024-10-22T14:00:45.112+0000] {processor.py:830} INFO - Processing file /home/airflow/.local/lib/python3.12/site-packages/airflow/example_dags/example_setup_teardown.py for tasks to queue
[2024-10-22T14:00:45.113+0000] {logging_mixin.py:188} INFO - [2024-10-22T14:00:45.113+0000] {dagbag.py:545} INFO - Filling up the DagBag from /home/airflow/.local/lib/python3.12/site-packages/airflow/example_dags/example_setup_teardown.py
[2024-10-22T14:00:45.118+0000] {processor.py:840} INFO - DAG(s) 'example_setup_teardown' retrieved from /home/airflow/.local/lib/python3.12/site-packages/airflow/example_dags/example_setup_teardown.py
[2024-10-22T14:00:45.132+0000] {logging_mixin.py:188} INFO - [2024-10-22T14:00:45.132+0000] {dag.py:3089} INFO - Sync 1 DAGs
[2024-10-22T14:00:45.148+0000] {logging_mixin.py:188} INFO - [2024-10-22T14:00:45.148+0000] {dag.py:3947} INFO - Setting next_dagrun for example_setup_teardown to 2024-10-21 00:00:00+00:00, run_after=2024-10-22 00:00:00+00:00
[2024-10-22T14:00:45.161+0000] {processor.py:183} INFO - Processing /home/airflow/.local/lib/python3.12/site-packages/airflow/example_dags/example_setup_teardown.py took 0.054 seconds
[2024-10-22T14:01:15.521+0000] {processor.py:161} INFO - Started process (PID=831) to work on /home/airflow/.local/lib/python3.12/site-packages/airflow/example_dags/example_setup_teardown.py
[2024-10-22T14:01:15.522+0000] {processor.py:830} INFO - Processing file /home/airflow/.local/lib/python3.12/site-packages/airflow/example_dags/example_setup_teardown.py for tasks to queue
[2024-10-22T14:01:15.523+0000] {logging_mixin.py:188} INFO - [2024-10-22T14:01:15.523+0000] {dagbag.py:545} INFO - Filling up the DagBag from /home/airflow/.local/lib/python3.12/site-packages/airflow/example_dags/example_setup_teardown.py
[2024-10-22T14:01:15.527+0000] {processor.py:840} INFO - DAG(s) 'example_setup_teardown' retrieved from /home/airflow/.local/lib/python3.12/site-packages/airflow/example_dags/example_setup_teardown.py
[2024-10-22T14:01:15.541+0000] {logging_mixin.py:188} INFO - [2024-10-22T14:01:15.541+0000] {dag.py:3089} INFO - Sync 1 DAGs
[2024-10-22T14:01:15.557+0000] {logging_mixin.py:188} INFO - [2024-10-22T14:01:15.557+0000] {dag.py:3947} INFO - Setting next_dagrun for example_setup_teardown to 2024-10-21 00:00:00+00:00, run_after=2024-10-22 00:00:00+00:00
[2024-10-22T14:01:15.569+0000] {processor.py:183} INFO - Processing /home/airflow/.local/lib/python3.12/site-packages/airflow/example_dags/example_setup_teardown.py took 0.052 seconds
[2024-10-22T14:01:45.832+0000] {processor.py:161} INFO - Started process (PID=1096) to work on /home/airflow/.local/lib/python3.12/site-packages/airflow/example_dags/example_setup_teardown.py
[2024-10-22T14:01:45.833+0000] {processor.py:830} INFO - Processing file /home/airflow/.local/lib/python3.12/site-packages/airflow/example_dags/example_setup_teardown.py for tasks to queue
[2024-10-22T14:01:45.835+0000] {logging_mixin.py:188} INFO - [2024-10-22T14:01:45.834+0000] {dagbag.py:545} INFO - Filling up the DagBag from /home/airflow/.local/lib/python3.12/site-packages/airflow/example_dags/example_setup_teardown.py
[2024-10-22T14:01:45.840+0000] {processor.py:840} INFO - DAG(s) 'example_setup_teardown' retrieved from /home/airflow/.local/lib/python3.12/site-packages/airflow/example_dags/example_setup_teardown.py
[2024-10-22T14:01:45.855+0000] {logging_mixin.py:188} INFO - [2024-10-22T14:01:45.854+0000] {dag.py:3089} INFO - Sync 1 DAGs
[2024-10-22T14:01:45.870+0000] {logging_mixin.py:188} INFO - [2024-10-22T14:01:45.870+0000] {dag.py:3947} INFO - Setting next_dagrun for example_setup_teardown to 2024-10-21 00:00:00+00:00, run_after=2024-10-22 00:00:00+00:00
[2024-10-22T14:01:45.883+0000] {processor.py:183} INFO - Processing /home/airflow/.local/lib/python3.12/site-packages/airflow/example_dags/example_setup_teardown.py took 0.055 seconds
[2024-10-22T14:02:16.114+0000] {processor.py:161} INFO - Started process (PID=1365) to work on /home/airflow/.local/lib/python3.12/site-packages/airflow/example_dags/example_setup_teardown.py
[2024-10-22T14:02:16.115+0000] {processor.py:830} INFO - Processing file /home/airflow/.local/lib/python3.12/site-packages/airflow/example_dags/example_setup_teardown.py for tasks to queue
[2024-10-22T14:02:16.116+0000] {logging_mixin.py:188} INFO - [2024-10-22T14:02:16.116+0000] {dagbag.py:545} INFO - Filling up the DagBag from /home/airflow/.local/lib/python3.12/site-packages/airflow/example_dags/example_setup_teardown.py
[2024-10-22T14:02:16.121+0000] {processor.py:840} INFO - DAG(s) 'example_setup_teardown' retrieved from /home/airflow/.local/lib/python3.12/site-packages/airflow/example_dags/example_setup_teardown.py
[2024-10-22T14:02:16.135+0000] {logging_mixin.py:188} INFO - [2024-10-22T14:02:16.135+0000] {dag.py:3089} INFO - Sync 1 DAGs
[2024-10-22T14:02:16.149+0000] {logging_mixin.py:188} INFO - [2024-10-22T14:02:16.149+0000] {dag.py:3947} INFO - Setting next_dagrun for example_setup_teardown to 2024-10-21 00:00:00+00:00, run_after=2024-10-22 00:00:00+00:00
[2024-10-22T14:02:16.162+0000] {processor.py:183} INFO - Processing /home/airflow/.local/lib/python3.12/site-packages/airflow/example_dags/example_setup_teardown.py took 0.051 seconds
[2024-10-22T14:02:46.463+0000] {processor.py:161} INFO - Started process (PID=1632) to work on /home/airflow/.local/lib/python3.12/site-packages/airflow/example_dags/example_setup_teardown.py
[2024-10-22T14:02:46.464+0000] {processor.py:830} INFO - Processing file /home/airflow/.local/lib/python3.12/site-packages/airflow/example_dags/example_setup_teardown.py for tasks to queue
[2024-10-22T14:02:46.465+0000] {logging_mixin.py:188} INFO - [2024-10-22T14:02:46.465+0000] {dagbag.py:545} INFO - Filling up the DagBag from /home/airflow/.local/lib/python3.12/site-packages/airflow/example_dags/example_setup_teardown.py
[2024-10-22T14:02:46.470+0000] {processor.py:840} INFO - DAG(s) 'example_setup_teardown' retrieved from /home/airflow/.local/lib/python3.12/site-packages/airflow/example_dags/example_setup_teardown.py
[2024-10-22T14:02:46.485+0000] {logging_mixin.py:188} INFO - [2024-10-22T14:02:46.484+0000] {dag.py:3089} INFO - Sync 1 DAGs
[2024-10-22T14:02:46.499+0000] {logging_mixin.py:188} INFO - [2024-10-22T14:02:46.499+0000] {dag.py:3947} INFO - Setting next_dagrun for example_setup_teardown to 2024-10-21 00:00:00+00:00, run_after=2024-10-22 00:00:00+00:00
[2024-10-22T14:02:46.511+0000] {processor.py:183} INFO - Processing /home/airflow/.local/lib/python3.12/site-packages/airflow/example_dags/example_setup_teardown.py took 0.051 seconds
[2024-10-22T14:03:16.668+0000] {processor.py:161} INFO - Started process (PID=1897) to work on /home/airflow/.local/lib/python3.12/site-packages/airflow/example_dags/example_setup_teardown.py
[2024-10-22T14:03:16.668+0000] {processor.py:830} INFO - Processing file /home/airflow/.local/lib/python3.12/site-packages/airflow/example_dags/example_setup_teardown.py for tasks to queue
[2024-10-22T14:03:16.669+0000] {logging_mixin.py:188} INFO - [2024-10-22T14:03:16.669+0000] {dagbag.py:545} INFO - Filling up the DagBag from /home/airflow/.local/lib/python3.12/site-packages/airflow/example_dags/example_setup_teardown.py
[2024-10-22T14:03:16.674+0000] {processor.py:840} INFO - DAG(s) 'example_setup_teardown' retrieved from /home/airflow/.local/lib/python3.12/site-packages/airflow/example_dags/example_setup_teardown.py
[2024-10-22T14:03:16.687+0000] {logging_mixin.py:188} INFO - [2024-10-22T14:03:16.687+0000] {dag.py:3089} INFO - Sync 1 DAGs
[2024-10-22T14:03:16.701+0000] {logging_mixin.py:188} INFO - [2024-10-22T14:03:16.701+0000] {dag.py:3947} INFO - Setting next_dagrun for example_setup_teardown to 2024-10-21 00:00:00+00:00, run_after=2024-10-22 00:00:00+00:00
[2024-10-22T14:03:16.714+0000] {processor.py:183} INFO - Processing /home/airflow/.local/lib/python3.12/site-packages/airflow/example_dags/example_setup_teardown.py took 0.050 seconds
[2024-10-22T14:03:47.046+0000] {processor.py:161} INFO - Started process (PID=2164) to work on /home/airflow/.local/lib/python3.12/site-packages/airflow/example_dags/example_setup_teardown.py
[2024-10-22T14:03:47.047+0000] {processor.py:830} INFO - Processing file /home/airflow/.local/lib/python3.12/site-packages/airflow/example_dags/example_setup_teardown.py for tasks to queue
[2024-10-22T14:03:47.048+0000] {logging_mixin.py:188} INFO - [2024-10-22T14:03:47.048+0000] {dagbag.py:545} INFO - Filling up the DagBag from /home/airflow/.local/lib/python3.12/site-packages/airflow/example_dags/example_setup_teardown.py
[2024-10-22T14:03:47.053+0000] {processor.py:840} INFO - DAG(s) 'example_setup_teardown' retrieved from /home/airflow/.local/lib/python3.12/site-packages/airflow/example_dags/example_setup_teardown.py
[2024-10-22T14:03:47.067+0000] {logging_mixin.py:188} INFO - [2024-10-22T14:03:47.067+0000] {dag.py:3089} INFO - Sync 1 DAGs
[2024-10-22T14:03:47.082+0000] {logging_mixin.py:188} INFO - [2024-10-22T14:03:47.082+0000] {dag.py:3947} INFO - Setting next_dagrun for example_setup_teardown to 2024-10-21 00:00:00+00:00, run_after=2024-10-22 00:00:00+00:00
[2024-10-22T14:03:47.095+0000] {processor.py:183} INFO - Processing /home/airflow/.local/lib/python3.12/site-packages/airflow/example_dags/example_setup_teardown.py took 0.052 seconds
[2024-10-22T14:34:25.652+0000] {processor.py:161} INFO - Started process (PID=295) to work on /home/airflow/.local/lib/python3.12/site-packages/airflow/example_dags/example_setup_teardown.py
[2024-10-22T14:34:25.653+0000] {processor.py:830} INFO - Processing file /home/airflow/.local/lib/python3.12/site-packages/airflow/example_dags/example_setup_teardown.py for tasks to queue
[2024-10-22T14:34:25.655+0000] {logging_mixin.py:188} INFO - [2024-10-22T14:34:25.654+0000] {dagbag.py:545} INFO - Filling up the DagBag from /home/airflow/.local/lib/python3.12/site-packages/airflow/example_dags/example_setup_teardown.py
[2024-10-22T14:34:25.662+0000] {processor.py:840} INFO - DAG(s) 'example_setup_teardown' retrieved from /home/airflow/.local/lib/python3.12/site-packages/airflow/example_dags/example_setup_teardown.py
[2024-10-22T14:34:25.673+0000] {logging_mixin.py:188} INFO - [2024-10-22T14:34:25.672+0000] {dag.py:3089} INFO - Sync 1 DAGs
[2024-10-22T14:34:25.692+0000] {logging_mixin.py:188} INFO - [2024-10-22T14:34:25.691+0000] {dag.py:3947} INFO - Setting next_dagrun for example_setup_teardown to 2024-10-21 00:00:00+00:00, run_after=2024-10-22 00:00:00+00:00
[2024-10-22T14:34:25.715+0000] {processor.py:183} INFO - Processing /home/airflow/.local/lib/python3.12/site-packages/airflow/example_dags/example_setup_teardown.py took 0.068 seconds
[2024-10-22T14:34:57.229+0000] {processor.py:161} INFO - Started process (PID=564) to work on /home/airflow/.local/lib/python3.12/site-packages/airflow/example_dags/example_setup_teardown.py
[2024-10-22T14:34:57.230+0000] {processor.py:830} INFO - Processing file /home/airflow/.local/lib/python3.12/site-packages/airflow/example_dags/example_setup_teardown.py for tasks to queue
[2024-10-22T14:34:57.231+0000] {logging_mixin.py:188} INFO - [2024-10-22T14:34:57.231+0000] {dagbag.py:545} INFO - Filling up the DagBag from /home/airflow/.local/lib/python3.12/site-packages/airflow/example_dags/example_setup_teardown.py
[2024-10-22T14:34:57.236+0000] {processor.py:840} INFO - DAG(s) 'example_setup_teardown' retrieved from /home/airflow/.local/lib/python3.12/site-packages/airflow/example_dags/example_setup_teardown.py
[2024-10-22T14:34:57.301+0000] {logging_mixin.py:188} INFO - [2024-10-22T14:34:57.301+0000] {dag.py:3089} INFO - Sync 1 DAGs
[2024-10-22T14:34:57.315+0000] {logging_mixin.py:188} INFO - [2024-10-22T14:34:57.314+0000] {dag.py:3947} INFO - Setting next_dagrun for example_setup_teardown to 2024-10-21 00:00:00+00:00, run_after=2024-10-22 00:00:00+00:00
[2024-10-22T14:34:57.327+0000] {processor.py:183} INFO - Processing /home/airflow/.local/lib/python3.12/site-packages/airflow/example_dags/example_setup_teardown.py took 0.103 seconds
[2024-10-22T14:35:28.203+0000] {processor.py:161} INFO - Started process (PID=829) to work on /home/airflow/.local/lib/python3.12/site-packages/airflow/example_dags/example_setup_teardown.py
[2024-10-22T14:35:28.203+0000] {processor.py:830} INFO - Processing file /home/airflow/.local/lib/python3.12/site-packages/airflow/example_dags/example_setup_teardown.py for tasks to queue
[2024-10-22T14:35:28.205+0000] {logging_mixin.py:188} INFO - [2024-10-22T14:35:28.205+0000] {dagbag.py:545} INFO - Filling up the DagBag from /home/airflow/.local/lib/python3.12/site-packages/airflow/example_dags/example_setup_teardown.py
[2024-10-22T14:35:28.210+0000] {processor.py:840} INFO - DAG(s) 'example_setup_teardown' retrieved from /home/airflow/.local/lib/python3.12/site-packages/airflow/example_dags/example_setup_teardown.py
[2024-10-22T14:35:28.224+0000] {logging_mixin.py:188} INFO - [2024-10-22T14:35:28.223+0000] {dag.py:3089} INFO - Sync 1 DAGs
[2024-10-22T14:35:28.238+0000] {logging_mixin.py:188} INFO - [2024-10-22T14:35:28.238+0000] {dag.py:3947} INFO - Setting next_dagrun for example_setup_teardown to 2024-10-21 00:00:00+00:00, run_after=2024-10-22 00:00:00+00:00
[2024-10-22T14:35:28.251+0000] {processor.py:183} INFO - Processing /home/airflow/.local/lib/python3.12/site-packages/airflow/example_dags/example_setup_teardown.py took 0.053 seconds
[2024-10-22T14:35:58.393+0000] {processor.py:161} INFO - Started process (PID=1096) to work on /home/airflow/.local/lib/python3.12/site-packages/airflow/example_dags/example_setup_teardown.py
[2024-10-22T14:35:58.394+0000] {processor.py:830} INFO - Processing file /home/airflow/.local/lib/python3.12/site-packages/airflow/example_dags/example_setup_teardown.py for tasks to queue
[2024-10-22T14:35:58.395+0000] {logging_mixin.py:188} INFO - [2024-10-22T14:35:58.395+0000] {dagbag.py:545} INFO - Filling up the DagBag from /home/airflow/.local/lib/python3.12/site-packages/airflow/example_dags/example_setup_teardown.py
[2024-10-22T14:35:58.400+0000] {processor.py:840} INFO - DAG(s) 'example_setup_teardown' retrieved from /home/airflow/.local/lib/python3.12/site-packages/airflow/example_dags/example_setup_teardown.py
[2024-10-22T14:35:58.413+0000] {logging_mixin.py:188} INFO - [2024-10-22T14:35:58.413+0000] {dag.py:3089} INFO - Sync 1 DAGs
[2024-10-22T14:35:58.427+0000] {logging_mixin.py:188} INFO - [2024-10-22T14:35:58.427+0000] {dag.py:3947} INFO - Setting next_dagrun for example_setup_teardown to 2024-10-21 00:00:00+00:00, run_after=2024-10-22 00:00:00+00:00
[2024-10-22T14:35:58.440+0000] {processor.py:183} INFO - Processing /home/airflow/.local/lib/python3.12/site-packages/airflow/example_dags/example_setup_teardown.py took 0.050 seconds
[2024-10-22T14:36:28.728+0000] {processor.py:161} INFO - Started process (PID=1363) to work on /home/airflow/.local/lib/python3.12/site-packages/airflow/example_dags/example_setup_teardown.py
[2024-10-22T14:36:28.728+0000] {processor.py:830} INFO - Processing file /home/airflow/.local/lib/python3.12/site-packages/airflow/example_dags/example_setup_teardown.py for tasks to queue
[2024-10-22T14:36:28.730+0000] {logging_mixin.py:188} INFO - [2024-10-22T14:36:28.729+0000] {dagbag.py:545} INFO - Filling up the DagBag from /home/airflow/.local/lib/python3.12/site-packages/airflow/example_dags/example_setup_teardown.py
[2024-10-22T14:36:28.734+0000] {processor.py:840} INFO - DAG(s) 'example_setup_teardown' retrieved from /home/airflow/.local/lib/python3.12/site-packages/airflow/example_dags/example_setup_teardown.py
[2024-10-22T14:36:28.748+0000] {logging_mixin.py:188} INFO - [2024-10-22T14:36:28.748+0000] {dag.py:3089} INFO - Sync 1 DAGs
[2024-10-22T14:36:28.762+0000] {logging_mixin.py:188} INFO - [2024-10-22T14:36:28.762+0000] {dag.py:3947} INFO - Setting next_dagrun for example_setup_teardown to 2024-10-21 00:00:00+00:00, run_after=2024-10-22 00:00:00+00:00
[2024-10-22T14:36:28.775+0000] {processor.py:183} INFO - Processing /home/airflow/.local/lib/python3.12/site-packages/airflow/example_dags/example_setup_teardown.py took 0.051 seconds
[2024-10-22T14:36:58.871+0000] {processor.py:161} INFO - Started process (PID=1630) to work on /home/airflow/.local/lib/python3.12/site-packages/airflow/example_dags/example_setup_teardown.py
[2024-10-22T14:36:58.872+0000] {processor.py:830} INFO - Processing file /home/airflow/.local/lib/python3.12/site-packages/airflow/example_dags/example_setup_teardown.py for tasks to queue
[2024-10-22T14:36:58.873+0000] {logging_mixin.py:188} INFO - [2024-10-22T14:36:58.873+0000] {dagbag.py:545} INFO - Filling up the DagBag from /home/airflow/.local/lib/python3.12/site-packages/airflow/example_dags/example_setup_teardown.py
[2024-10-22T14:36:58.877+0000] {processor.py:840} INFO - DAG(s) 'example_setup_teardown' retrieved from /home/airflow/.local/lib/python3.12/site-packages/airflow/example_dags/example_setup_teardown.py
[2024-10-22T14:36:58.892+0000] {logging_mixin.py:188} INFO - [2024-10-22T14:36:58.892+0000] {dag.py:3089} INFO - Sync 1 DAGs
[2024-10-22T14:36:58.906+0000] {logging_mixin.py:188} INFO - [2024-10-22T14:36:58.905+0000] {dag.py:3947} INFO - Setting next_dagrun for example_setup_teardown to 2024-10-21 00:00:00+00:00, run_after=2024-10-22 00:00:00+00:00
[2024-10-22T14:36:58.918+0000] {processor.py:183} INFO - Processing /home/airflow/.local/lib/python3.12/site-packages/airflow/example_dags/example_setup_teardown.py took 0.050 seconds
[2024-10-22T14:37:29.154+0000] {processor.py:161} INFO - Started process (PID=1897) to work on /home/airflow/.local/lib/python3.12/site-packages/airflow/example_dags/example_setup_teardown.py
[2024-10-22T14:37:29.154+0000] {processor.py:830} INFO - Processing file /home/airflow/.local/lib/python3.12/site-packages/airflow/example_dags/example_setup_teardown.py for tasks to queue
[2024-10-22T14:37:29.155+0000] {logging_mixin.py:188} INFO - [2024-10-22T14:37:29.155+0000] {dagbag.py:545} INFO - Filling up the DagBag from /home/airflow/.local/lib/python3.12/site-packages/airflow/example_dags/example_setup_teardown.py
[2024-10-22T14:37:29.160+0000] {processor.py:840} INFO - DAG(s) 'example_setup_teardown' retrieved from /home/airflow/.local/lib/python3.12/site-packages/airflow/example_dags/example_setup_teardown.py
[2024-10-22T14:37:29.173+0000] {logging_mixin.py:188} INFO - [2024-10-22T14:37:29.173+0000] {dag.py:3089} INFO - Sync 1 DAGs
[2024-10-22T14:37:29.187+0000] {logging_mixin.py:188} INFO - [2024-10-22T14:37:29.187+0000] {dag.py:3947} INFO - Setting next_dagrun for example_setup_teardown to 2024-10-21 00:00:00+00:00, run_after=2024-10-22 00:00:00+00:00
[2024-10-22T14:37:29.199+0000] {processor.py:183} INFO - Processing /home/airflow/.local/lib/python3.12/site-packages/airflow/example_dags/example_setup_teardown.py took 0.049 seconds
[2024-10-22T14:37:59.390+0000] {processor.py:161} INFO - Started process (PID=2164) to work on /home/airflow/.local/lib/python3.12/site-packages/airflow/example_dags/example_setup_teardown.py
[2024-10-22T14:37:59.391+0000] {processor.py:830} INFO - Processing file /home/airflow/.local/lib/python3.12/site-packages/airflow/example_dags/example_setup_teardown.py for tasks to queue
[2024-10-22T14:37:59.392+0000] {logging_mixin.py:188} INFO - [2024-10-22T14:37:59.392+0000] {dagbag.py:545} INFO - Filling up the DagBag from /home/airflow/.local/lib/python3.12/site-packages/airflow/example_dags/example_setup_teardown.py
[2024-10-22T14:37:59.397+0000] {processor.py:840} INFO - DAG(s) 'example_setup_teardown' retrieved from /home/airflow/.local/lib/python3.12/site-packages/airflow/example_dags/example_setup_teardown.py
[2024-10-22T14:37:59.410+0000] {logging_mixin.py:188} INFO - [2024-10-22T14:37:59.410+0000] {dag.py:3089} INFO - Sync 1 DAGs
[2024-10-22T14:37:59.424+0000] {logging_mixin.py:188} INFO - [2024-10-22T14:37:59.424+0000] {dag.py:3947} INFO - Setting next_dagrun for example_setup_teardown to 2024-10-21 00:00:00+00:00, run_after=2024-10-22 00:00:00+00:00
[2024-10-22T14:37:59.436+0000] {processor.py:183} INFO - Processing /home/airflow/.local/lib/python3.12/site-packages/airflow/example_dags/example_setup_teardown.py took 0.049 seconds
[2024-10-22T14:38:29.550+0000] {processor.py:161} INFO - Started process (PID=2431) to work on /home/airflow/.local/lib/python3.12/site-packages/airflow/example_dags/example_setup_teardown.py
[2024-10-22T14:38:29.551+0000] {processor.py:830} INFO - Processing file /home/airflow/.local/lib/python3.12/site-packages/airflow/example_dags/example_setup_teardown.py for tasks to queue
[2024-10-22T14:38:29.552+0000] {logging_mixin.py:188} INFO - [2024-10-22T14:38:29.552+0000] {dagbag.py:545} INFO - Filling up the DagBag from /home/airflow/.local/lib/python3.12/site-packages/airflow/example_dags/example_setup_teardown.py
[2024-10-22T14:38:29.557+0000] {processor.py:840} INFO - DAG(s) 'example_setup_teardown' retrieved from /home/airflow/.local/lib/python3.12/site-packages/airflow/example_dags/example_setup_teardown.py
[2024-10-22T14:38:29.572+0000] {logging_mixin.py:188} INFO - [2024-10-22T14:38:29.571+0000] {dag.py:3089} INFO - Sync 1 DAGs
[2024-10-22T14:38:29.586+0000] {logging_mixin.py:188} INFO - [2024-10-22T14:38:29.586+0000] {dag.py:3947} INFO - Setting next_dagrun for example_setup_teardown to 2024-10-21 00:00:00+00:00, run_after=2024-10-22 00:00:00+00:00
[2024-10-22T14:38:29.599+0000] {processor.py:183} INFO - Processing /home/airflow/.local/lib/python3.12/site-packages/airflow/example_dags/example_setup_teardown.py took 0.053 seconds
[2024-10-22T14:39:00.009+0000] {processor.py:161} INFO - Started process (PID=2700) to work on /home/airflow/.local/lib/python3.12/site-packages/airflow/example_dags/example_setup_teardown.py
[2024-10-22T14:39:00.010+0000] {processor.py:830} INFO - Processing file /home/airflow/.local/lib/python3.12/site-packages/airflow/example_dags/example_setup_teardown.py for tasks to queue
[2024-10-22T14:39:00.011+0000] {logging_mixin.py:188} INFO - [2024-10-22T14:39:00.011+0000] {dagbag.py:545} INFO - Filling up the DagBag from /home/airflow/.local/lib/python3.12/site-packages/airflow/example_dags/example_setup_teardown.py
[2024-10-22T14:39:00.016+0000] {processor.py:840} INFO - DAG(s) 'example_setup_teardown' retrieved from /home/airflow/.local/lib/python3.12/site-packages/airflow/example_dags/example_setup_teardown.py
[2024-10-22T14:39:00.031+0000] {logging_mixin.py:188} INFO - [2024-10-22T14:39:00.031+0000] {dag.py:3089} INFO - Sync 1 DAGs
[2024-10-22T14:39:00.045+0000] {logging_mixin.py:188} INFO - [2024-10-22T14:39:00.044+0000] {dag.py:3947} INFO - Setting next_dagrun for example_setup_teardown to 2024-10-21 00:00:00+00:00, run_after=2024-10-22 00:00:00+00:00
[2024-10-22T14:39:00.056+0000] {processor.py:183} INFO - Processing /home/airflow/.local/lib/python3.12/site-packages/airflow/example_dags/example_setup_teardown.py took 0.051 seconds
[2024-10-22T14:39:30.125+0000] {processor.py:161} INFO - Started process (PID=2965) to work on /home/airflow/.local/lib/python3.12/site-packages/airflow/example_dags/example_setup_teardown.py
[2024-10-22T14:39:30.125+0000] {processor.py:830} INFO - Processing file /home/airflow/.local/lib/python3.12/site-packages/airflow/example_dags/example_setup_teardown.py for tasks to queue
[2024-10-22T14:39:30.127+0000] {logging_mixin.py:188} INFO - [2024-10-22T14:39:30.126+0000] {dagbag.py:545} INFO - Filling up the DagBag from /home/airflow/.local/lib/python3.12/site-packages/airflow/example_dags/example_setup_teardown.py
[2024-10-22T14:39:30.131+0000] {processor.py:840} INFO - DAG(s) 'example_setup_teardown' retrieved from /home/airflow/.local/lib/python3.12/site-packages/airflow/example_dags/example_setup_teardown.py
[2024-10-22T14:39:30.145+0000] {logging_mixin.py:188} INFO - [2024-10-22T14:39:30.145+0000] {dag.py:3089} INFO - Sync 1 DAGs
[2024-10-22T14:39:30.158+0000] {logging_mixin.py:188} INFO - [2024-10-22T14:39:30.158+0000] {dag.py:3947} INFO - Setting next_dagrun for example_setup_teardown to 2024-10-21 00:00:00+00:00, run_after=2024-10-22 00:00:00+00:00
[2024-10-22T14:39:30.171+0000] {processor.py:183} INFO - Processing /home/airflow/.local/lib/python3.12/site-packages/airflow/example_dags/example_setup_teardown.py took 0.050 seconds
[2024-10-22T14:40:00.412+0000] {processor.py:161} INFO - Started process (PID=3232) to work on /home/airflow/.local/lib/python3.12/site-packages/airflow/example_dags/example_setup_teardown.py
[2024-10-22T14:40:00.412+0000] {processor.py:830} INFO - Processing file /home/airflow/.local/lib/python3.12/site-packages/airflow/example_dags/example_setup_teardown.py for tasks to queue
[2024-10-22T14:40:00.414+0000] {logging_mixin.py:188} INFO - [2024-10-22T14:40:00.413+0000] {dagbag.py:545} INFO - Filling up the DagBag from /home/airflow/.local/lib/python3.12/site-packages/airflow/example_dags/example_setup_teardown.py
[2024-10-22T14:40:00.418+0000] {processor.py:840} INFO - DAG(s) 'example_setup_teardown' retrieved from /home/airflow/.local/lib/python3.12/site-packages/airflow/example_dags/example_setup_teardown.py
[2024-10-22T14:40:00.432+0000] {logging_mixin.py:188} INFO - [2024-10-22T14:40:00.432+0000] {dag.py:3089} INFO - Sync 1 DAGs
[2024-10-22T14:40:00.446+0000] {logging_mixin.py:188} INFO - [2024-10-22T14:40:00.445+0000] {dag.py:3947} INFO - Setting next_dagrun for example_setup_teardown to 2024-10-21 00:00:00+00:00, run_after=2024-10-22 00:00:00+00:00
[2024-10-22T14:40:00.458+0000] {processor.py:183} INFO - Processing /home/airflow/.local/lib/python3.12/site-packages/airflow/example_dags/example_setup_teardown.py took 0.050 seconds
[2024-10-22T14:40:30.615+0000] {processor.py:161} INFO - Started process (PID=3499) to work on /home/airflow/.local/lib/python3.12/site-packages/airflow/example_dags/example_setup_teardown.py
[2024-10-22T14:40:30.616+0000] {processor.py:830} INFO - Processing file /home/airflow/.local/lib/python3.12/site-packages/airflow/example_dags/example_setup_teardown.py for tasks to queue
[2024-10-22T14:40:30.617+0000] {logging_mixin.py:188} INFO - [2024-10-22T14:40:30.617+0000] {dagbag.py:545} INFO - Filling up the DagBag from /home/airflow/.local/lib/python3.12/site-packages/airflow/example_dags/example_setup_teardown.py
[2024-10-22T14:40:30.622+0000] {processor.py:840} INFO - DAG(s) 'example_setup_teardown' retrieved from /home/airflow/.local/lib/python3.12/site-packages/airflow/example_dags/example_setup_teardown.py
[2024-10-22T14:40:30.635+0000] {logging_mixin.py:188} INFO - [2024-10-22T14:40:30.635+0000] {dag.py:3089} INFO - Sync 1 DAGs
[2024-10-22T14:40:30.649+0000] {logging_mixin.py:188} INFO - [2024-10-22T14:40:30.649+0000] {dag.py:3947} INFO - Setting next_dagrun for example_setup_teardown to 2024-10-21 00:00:00+00:00, run_after=2024-10-22 00:00:00+00:00
[2024-10-22T14:40:30.661+0000] {processor.py:183} INFO - Processing /home/airflow/.local/lib/python3.12/site-packages/airflow/example_dags/example_setup_teardown.py took 0.049 seconds
[2024-10-22T14:41:00.838+0000] {processor.py:161} INFO - Started process (PID=3766) to work on /home/airflow/.local/lib/python3.12/site-packages/airflow/example_dags/example_setup_teardown.py
[2024-10-22T14:41:00.839+0000] {processor.py:830} INFO - Processing file /home/airflow/.local/lib/python3.12/site-packages/airflow/example_dags/example_setup_teardown.py for tasks to queue
[2024-10-22T14:41:00.840+0000] {logging_mixin.py:188} INFO - [2024-10-22T14:41:00.840+0000] {dagbag.py:545} INFO - Filling up the DagBag from /home/airflow/.local/lib/python3.12/site-packages/airflow/example_dags/example_setup_teardown.py
[2024-10-22T14:41:00.845+0000] {processor.py:840} INFO - DAG(s) 'example_setup_teardown' retrieved from /home/airflow/.local/lib/python3.12/site-packages/airflow/example_dags/example_setup_teardown.py
[2024-10-22T14:41:00.859+0000] {logging_mixin.py:188} INFO - [2024-10-22T14:41:00.859+0000] {dag.py:3089} INFO - Sync 1 DAGs
[2024-10-22T14:41:00.873+0000] {logging_mixin.py:188} INFO - [2024-10-22T14:41:00.873+0000] {dag.py:3947} INFO - Setting next_dagrun for example_setup_teardown to 2024-10-21 00:00:00+00:00, run_after=2024-10-22 00:00:00+00:00
[2024-10-22T14:41:00.886+0000] {processor.py:183} INFO - Processing /home/airflow/.local/lib/python3.12/site-packages/airflow/example_dags/example_setup_teardown.py took 0.052 seconds
[2024-10-22T14:41:30.934+0000] {processor.py:161} INFO - Started process (PID=4033) to work on /home/airflow/.local/lib/python3.12/site-packages/airflow/example_dags/example_setup_teardown.py
[2024-10-22T14:41:30.935+0000] {processor.py:830} INFO - Processing file /home/airflow/.local/lib/python3.12/site-packages/airflow/example_dags/example_setup_teardown.py for tasks to queue
[2024-10-22T14:41:30.936+0000] {logging_mixin.py:188} INFO - [2024-10-22T14:41:30.936+0000] {dagbag.py:545} INFO - Filling up the DagBag from /home/airflow/.local/lib/python3.12/site-packages/airflow/example_dags/example_setup_teardown.py
[2024-10-22T14:41:30.941+0000] {processor.py:840} INFO - DAG(s) 'example_setup_teardown' retrieved from /home/airflow/.local/lib/python3.12/site-packages/airflow/example_dags/example_setup_teardown.py
[2024-10-22T14:41:30.958+0000] {logging_mixin.py:188} INFO - [2024-10-22T14:41:30.958+0000] {dag.py:3089} INFO - Sync 1 DAGs
[2024-10-22T14:41:30.973+0000] {logging_mixin.py:188} INFO - [2024-10-22T14:41:30.973+0000] {dag.py:3947} INFO - Setting next_dagrun for example_setup_teardown to 2024-10-21 00:00:00+00:00, run_after=2024-10-22 00:00:00+00:00
[2024-10-22T14:41:30.985+0000] {processor.py:183} INFO - Processing /home/airflow/.local/lib/python3.12/site-packages/airflow/example_dags/example_setup_teardown.py took 0.055 seconds
[2024-10-22T14:42:01.083+0000] {processor.py:161} INFO - Started process (PID=4295) to work on /home/airflow/.local/lib/python3.12/site-packages/airflow/example_dags/example_setup_teardown.py
[2024-10-22T14:42:01.084+0000] {processor.py:830} INFO - Processing file /home/airflow/.local/lib/python3.12/site-packages/airflow/example_dags/example_setup_teardown.py for tasks to queue
[2024-10-22T14:42:01.085+0000] {logging_mixin.py:188} INFO - [2024-10-22T14:42:01.085+0000] {dagbag.py:545} INFO - Filling up the DagBag from /home/airflow/.local/lib/python3.12/site-packages/airflow/example_dags/example_setup_teardown.py
[2024-10-22T14:42:01.090+0000] {processor.py:840} INFO - DAG(s) 'example_setup_teardown' retrieved from /home/airflow/.local/lib/python3.12/site-packages/airflow/example_dags/example_setup_teardown.py
[2024-10-22T14:42:01.103+0000] {logging_mixin.py:188} INFO - [2024-10-22T14:42:01.103+0000] {dag.py:3089} INFO - Sync 1 DAGs
[2024-10-22T14:42:01.117+0000] {logging_mixin.py:188} INFO - [2024-10-22T14:42:01.117+0000] {dag.py:3947} INFO - Setting next_dagrun for example_setup_teardown to 2024-10-21 00:00:00+00:00, run_after=2024-10-22 00:00:00+00:00
[2024-10-22T14:42:01.130+0000] {processor.py:183} INFO - Processing /home/airflow/.local/lib/python3.12/site-packages/airflow/example_dags/example_setup_teardown.py took 0.051 seconds
[2024-10-22T14:42:48.261+0000] {processor.py:161} INFO - Started process (PID=297) to work on /home/airflow/.local/lib/python3.12/site-packages/airflow/example_dags/example_setup_teardown.py
[2024-10-22T14:42:48.261+0000] {processor.py:830} INFO - Processing file /home/airflow/.local/lib/python3.12/site-packages/airflow/example_dags/example_setup_teardown.py for tasks to queue
[2024-10-22T14:42:48.263+0000] {logging_mixin.py:188} INFO - [2024-10-22T14:42:48.262+0000] {dagbag.py:545} INFO - Filling up the DagBag from /home/airflow/.local/lib/python3.12/site-packages/airflow/example_dags/example_setup_teardown.py
[2024-10-22T14:42:48.271+0000] {processor.py:840} INFO - DAG(s) 'example_setup_teardown' retrieved from /home/airflow/.local/lib/python3.12/site-packages/airflow/example_dags/example_setup_teardown.py
[2024-10-22T14:42:48.280+0000] {logging_mixin.py:188} INFO - [2024-10-22T14:42:48.280+0000] {dag.py:3089} INFO - Sync 1 DAGs
[2024-10-22T14:42:48.297+0000] {logging_mixin.py:188} INFO - [2024-10-22T14:42:48.297+0000] {dag.py:3947} INFO - Setting next_dagrun for example_setup_teardown to 2024-10-21 00:00:00+00:00, run_after=2024-10-22 00:00:00+00:00
[2024-10-22T14:42:48.309+0000] {processor.py:183} INFO - Processing /home/airflow/.local/lib/python3.12/site-packages/airflow/example_dags/example_setup_teardown.py took 0.053 seconds
[2024-10-22T14:43:19.218+0000] {processor.py:161} INFO - Started process (PID=562) to work on /home/airflow/.local/lib/python3.12/site-packages/airflow/example_dags/example_setup_teardown.py
[2024-10-22T14:43:19.219+0000] {processor.py:830} INFO - Processing file /home/airflow/.local/lib/python3.12/site-packages/airflow/example_dags/example_setup_teardown.py for tasks to queue
[2024-10-22T14:43:19.220+0000] {logging_mixin.py:188} INFO - [2024-10-22T14:43:19.220+0000] {dagbag.py:545} INFO - Filling up the DagBag from /home/airflow/.local/lib/python3.12/site-packages/airflow/example_dags/example_setup_teardown.py
[2024-10-22T14:43:19.224+0000] {processor.py:840} INFO - DAG(s) 'example_setup_teardown' retrieved from /home/airflow/.local/lib/python3.12/site-packages/airflow/example_dags/example_setup_teardown.py
[2024-10-22T14:43:19.295+0000] {logging_mixin.py:188} INFO - [2024-10-22T14:43:19.295+0000] {dag.py:3089} INFO - Sync 1 DAGs
[2024-10-22T14:43:19.311+0000] {logging_mixin.py:188} INFO - [2024-10-22T14:43:19.311+0000] {dag.py:3947} INFO - Setting next_dagrun for example_setup_teardown to 2024-10-21 00:00:00+00:00, run_after=2024-10-22 00:00:00+00:00
[2024-10-22T14:43:19.325+0000] {processor.py:183} INFO - Processing /home/airflow/.local/lib/python3.12/site-packages/airflow/example_dags/example_setup_teardown.py took 0.111 seconds
[2024-10-22T14:43:49.374+0000] {processor.py:161} INFO - Started process (PID=834) to work on /home/airflow/.local/lib/python3.12/site-packages/airflow/example_dags/example_setup_teardown.py
[2024-10-22T14:43:49.375+0000] {processor.py:830} INFO - Processing file /home/airflow/.local/lib/python3.12/site-packages/airflow/example_dags/example_setup_teardown.py for tasks to queue
[2024-10-22T14:43:49.376+0000] {logging_mixin.py:188} INFO - [2024-10-22T14:43:49.376+0000] {dagbag.py:545} INFO - Filling up the DagBag from /home/airflow/.local/lib/python3.12/site-packages/airflow/example_dags/example_setup_teardown.py
[2024-10-22T14:43:49.381+0000] {processor.py:840} INFO - DAG(s) 'example_setup_teardown' retrieved from /home/airflow/.local/lib/python3.12/site-packages/airflow/example_dags/example_setup_teardown.py
[2024-10-22T14:43:49.396+0000] {logging_mixin.py:188} INFO - [2024-10-22T14:43:49.395+0000] {dag.py:3089} INFO - Sync 1 DAGs
[2024-10-22T14:43:49.409+0000] {logging_mixin.py:188} INFO - [2024-10-22T14:43:49.409+0000] {dag.py:3947} INFO - Setting next_dagrun for example_setup_teardown to 2024-10-21 00:00:00+00:00, run_after=2024-10-22 00:00:00+00:00
[2024-10-22T14:43:49.422+0000] {processor.py:183} INFO - Processing /home/airflow/.local/lib/python3.12/site-packages/airflow/example_dags/example_setup_teardown.py took 0.052 seconds
[2024-10-22T14:44:19.502+0000] {processor.py:161} INFO - Started process (PID=1099) to work on /home/airflow/.local/lib/python3.12/site-packages/airflow/example_dags/example_setup_teardown.py
[2024-10-22T14:44:19.502+0000] {processor.py:830} INFO - Processing file /home/airflow/.local/lib/python3.12/site-packages/airflow/example_dags/example_setup_teardown.py for tasks to queue
[2024-10-22T14:44:19.504+0000] {logging_mixin.py:188} INFO - [2024-10-22T14:44:19.503+0000] {dagbag.py:545} INFO - Filling up the DagBag from /home/airflow/.local/lib/python3.12/site-packages/airflow/example_dags/example_setup_teardown.py
[2024-10-22T14:44:19.508+0000] {processor.py:840} INFO - DAG(s) 'example_setup_teardown' retrieved from /home/airflow/.local/lib/python3.12/site-packages/airflow/example_dags/example_setup_teardown.py
[2024-10-22T14:44:19.524+0000] {logging_mixin.py:188} INFO - [2024-10-22T14:44:19.523+0000] {dag.py:3089} INFO - Sync 1 DAGs
[2024-10-22T14:44:19.539+0000] {logging_mixin.py:188} INFO - [2024-10-22T14:44:19.539+0000] {dag.py:3947} INFO - Setting next_dagrun for example_setup_teardown to 2024-10-21 00:00:00+00:00, run_after=2024-10-22 00:00:00+00:00
[2024-10-22T14:44:19.551+0000] {processor.py:183} INFO - Processing /home/airflow/.local/lib/python3.12/site-packages/airflow/example_dags/example_setup_teardown.py took 0.053 seconds
[2024-10-22T14:44:49.719+0000] {processor.py:161} INFO - Started process (PID=1366) to work on /home/airflow/.local/lib/python3.12/site-packages/airflow/example_dags/example_setup_teardown.py
[2024-10-22T14:44:49.719+0000] {processor.py:830} INFO - Processing file /home/airflow/.local/lib/python3.12/site-packages/airflow/example_dags/example_setup_teardown.py for tasks to queue
[2024-10-22T14:44:49.721+0000] {logging_mixin.py:188} INFO - [2024-10-22T14:44:49.720+0000] {dagbag.py:545} INFO - Filling up the DagBag from /home/airflow/.local/lib/python3.12/site-packages/airflow/example_dags/example_setup_teardown.py
[2024-10-22T14:44:49.725+0000] {processor.py:840} INFO - DAG(s) 'example_setup_teardown' retrieved from /home/airflow/.local/lib/python3.12/site-packages/airflow/example_dags/example_setup_teardown.py
[2024-10-22T14:44:49.740+0000] {logging_mixin.py:188} INFO - [2024-10-22T14:44:49.739+0000] {dag.py:3089} INFO - Sync 1 DAGs
[2024-10-22T14:44:49.754+0000] {logging_mixin.py:188} INFO - [2024-10-22T14:44:49.753+0000] {dag.py:3947} INFO - Setting next_dagrun for example_setup_teardown to 2024-10-21 00:00:00+00:00, run_after=2024-10-22 00:00:00+00:00
[2024-10-22T14:44:49.766+0000] {processor.py:183} INFO - Processing /home/airflow/.local/lib/python3.12/site-packages/airflow/example_dags/example_setup_teardown.py took 0.052 seconds
[2024-10-22T14:45:20.236+0000] {processor.py:161} INFO - Started process (PID=1633) to work on /home/airflow/.local/lib/python3.12/site-packages/airflow/example_dags/example_setup_teardown.py
[2024-10-22T14:45:20.237+0000] {processor.py:830} INFO - Processing file /home/airflow/.local/lib/python3.12/site-packages/airflow/example_dags/example_setup_teardown.py for tasks to queue
[2024-10-22T14:45:20.238+0000] {logging_mixin.py:188} INFO - [2024-10-22T14:45:20.238+0000] {dagbag.py:545} INFO - Filling up the DagBag from /home/airflow/.local/lib/python3.12/site-packages/airflow/example_dags/example_setup_teardown.py
[2024-10-22T14:45:20.243+0000] {processor.py:840} INFO - DAG(s) 'example_setup_teardown' retrieved from /home/airflow/.local/lib/python3.12/site-packages/airflow/example_dags/example_setup_teardown.py
[2024-10-22T14:45:20.258+0000] {logging_mixin.py:188} INFO - [2024-10-22T14:45:20.258+0000] {dag.py:3089} INFO - Sync 1 DAGs
[2024-10-22T14:45:20.274+0000] {logging_mixin.py:188} INFO - [2024-10-22T14:45:20.274+0000] {dag.py:3947} INFO - Setting next_dagrun for example_setup_teardown to 2024-10-21 00:00:00+00:00, run_after=2024-10-22 00:00:00+00:00
[2024-10-22T14:45:20.286+0000] {processor.py:183} INFO - Processing /home/airflow/.local/lib/python3.12/site-packages/airflow/example_dags/example_setup_teardown.py took 0.055 seconds
[2024-10-22T14:45:50.753+0000] {processor.py:161} INFO - Started process (PID=1902) to work on /home/airflow/.local/lib/python3.12/site-packages/airflow/example_dags/example_setup_teardown.py
[2024-10-22T14:45:50.754+0000] {processor.py:830} INFO - Processing file /home/airflow/.local/lib/python3.12/site-packages/airflow/example_dags/example_setup_teardown.py for tasks to queue
[2024-10-22T14:45:50.755+0000] {logging_mixin.py:188} INFO - [2024-10-22T14:45:50.755+0000] {dagbag.py:545} INFO - Filling up the DagBag from /home/airflow/.local/lib/python3.12/site-packages/airflow/example_dags/example_setup_teardown.py
[2024-10-22T14:45:50.761+0000] {processor.py:840} INFO - DAG(s) 'example_setup_teardown' retrieved from /home/airflow/.local/lib/python3.12/site-packages/airflow/example_dags/example_setup_teardown.py
[2024-10-22T14:45:50.777+0000] {logging_mixin.py:188} INFO - [2024-10-22T14:45:50.777+0000] {dag.py:3089} INFO - Sync 1 DAGs
[2024-10-22T14:45:50.794+0000] {logging_mixin.py:188} INFO - [2024-10-22T14:45:50.794+0000] {dag.py:3947} INFO - Setting next_dagrun for example_setup_teardown to 2024-10-21 00:00:00+00:00, run_after=2024-10-22 00:00:00+00:00
[2024-10-22T14:45:50.808+0000] {processor.py:183} INFO - Processing /home/airflow/.local/lib/python3.12/site-packages/airflow/example_dags/example_setup_teardown.py took 0.060 seconds
[2024-10-22T14:46:21.467+0000] {processor.py:161} INFO - Started process (PID=2167) to work on /home/airflow/.local/lib/python3.12/site-packages/airflow/example_dags/example_setup_teardown.py
[2024-10-22T14:46:21.469+0000] {processor.py:830} INFO - Processing file /home/airflow/.local/lib/python3.12/site-packages/airflow/example_dags/example_setup_teardown.py for tasks to queue
[2024-10-22T14:46:21.470+0000] {logging_mixin.py:188} INFO - [2024-10-22T14:46:21.470+0000] {dagbag.py:545} INFO - Filling up the DagBag from /home/airflow/.local/lib/python3.12/site-packages/airflow/example_dags/example_setup_teardown.py
[2024-10-22T14:46:21.477+0000] {processor.py:840} INFO - DAG(s) 'example_setup_teardown' retrieved from /home/airflow/.local/lib/python3.12/site-packages/airflow/example_dags/example_setup_teardown.py
[2024-10-22T14:46:21.495+0000] {logging_mixin.py:188} INFO - [2024-10-22T14:46:21.494+0000] {dag.py:3089} INFO - Sync 1 DAGs
[2024-10-22T14:46:21.513+0000] {logging_mixin.py:188} INFO - [2024-10-22T14:46:21.512+0000] {dag.py:3947} INFO - Setting next_dagrun for example_setup_teardown to 2024-10-21 00:00:00+00:00, run_after=2024-10-22 00:00:00+00:00
[2024-10-22T14:46:21.531+0000] {processor.py:183} INFO - Processing /home/airflow/.local/lib/python3.12/site-packages/airflow/example_dags/example_setup_teardown.py took 0.068 seconds
[2024-10-22T14:46:52.473+0000] {processor.py:161} INFO - Started process (PID=2439) to work on /home/airflow/.local/lib/python3.12/site-packages/airflow/example_dags/example_setup_teardown.py
[2024-10-22T14:46:52.474+0000] {processor.py:830} INFO - Processing file /home/airflow/.local/lib/python3.12/site-packages/airflow/example_dags/example_setup_teardown.py for tasks to queue
[2024-10-22T14:46:52.475+0000] {logging_mixin.py:188} INFO - [2024-10-22T14:46:52.475+0000] {dagbag.py:545} INFO - Filling up the DagBag from /home/airflow/.local/lib/python3.12/site-packages/airflow/example_dags/example_setup_teardown.py
[2024-10-22T14:46:52.480+0000] {processor.py:840} INFO - DAG(s) 'example_setup_teardown' retrieved from /home/airflow/.local/lib/python3.12/site-packages/airflow/example_dags/example_setup_teardown.py
[2024-10-22T14:46:52.494+0000] {logging_mixin.py:188} INFO - [2024-10-22T14:46:52.494+0000] {dag.py:3089} INFO - Sync 1 DAGs
[2024-10-22T14:46:52.508+0000] {logging_mixin.py:188} INFO - [2024-10-22T14:46:52.508+0000] {dag.py:3947} INFO - Setting next_dagrun for example_setup_teardown to 2024-10-21 00:00:00+00:00, run_after=2024-10-22 00:00:00+00:00
[2024-10-22T14:46:52.520+0000] {processor.py:183} INFO - Processing /home/airflow/.local/lib/python3.12/site-packages/airflow/example_dags/example_setup_teardown.py took 0.051 seconds
[2024-10-22T14:47:22.817+0000] {processor.py:161} INFO - Started process (PID=2704) to work on /home/airflow/.local/lib/python3.12/site-packages/airflow/example_dags/example_setup_teardown.py
[2024-10-22T14:47:22.818+0000] {processor.py:830} INFO - Processing file /home/airflow/.local/lib/python3.12/site-packages/airflow/example_dags/example_setup_teardown.py for tasks to queue
[2024-10-22T14:47:22.819+0000] {logging_mixin.py:188} INFO - [2024-10-22T14:47:22.819+0000] {dagbag.py:545} INFO - Filling up the DagBag from /home/airflow/.local/lib/python3.12/site-packages/airflow/example_dags/example_setup_teardown.py
[2024-10-22T14:47:22.823+0000] {processor.py:840} INFO - DAG(s) 'example_setup_teardown' retrieved from /home/airflow/.local/lib/python3.12/site-packages/airflow/example_dags/example_setup_teardown.py
[2024-10-22T14:47:22.837+0000] {logging_mixin.py:188} INFO - [2024-10-22T14:47:22.837+0000] {dag.py:3089} INFO - Sync 1 DAGs
[2024-10-22T14:47:22.851+0000] {logging_mixin.py:188} INFO - [2024-10-22T14:47:22.851+0000] {dag.py:3947} INFO - Setting next_dagrun for example_setup_teardown to 2024-10-21 00:00:00+00:00, run_after=2024-10-22 00:00:00+00:00
[2024-10-22T14:47:22.863+0000] {processor.py:183} INFO - Processing /home/airflow/.local/lib/python3.12/site-packages/airflow/example_dags/example_setup_teardown.py took 0.050 seconds
[2024-10-22T14:47:53.128+0000] {processor.py:161} INFO - Started process (PID=2971) to work on /home/airflow/.local/lib/python3.12/site-packages/airflow/example_dags/example_setup_teardown.py
[2024-10-22T14:47:53.129+0000] {processor.py:830} INFO - Processing file /home/airflow/.local/lib/python3.12/site-packages/airflow/example_dags/example_setup_teardown.py for tasks to queue
[2024-10-22T14:47:53.131+0000] {logging_mixin.py:188} INFO - [2024-10-22T14:47:53.130+0000] {dagbag.py:545} INFO - Filling up the DagBag from /home/airflow/.local/lib/python3.12/site-packages/airflow/example_dags/example_setup_teardown.py
[2024-10-22T14:47:53.136+0000] {processor.py:840} INFO - DAG(s) 'example_setup_teardown' retrieved from /home/airflow/.local/lib/python3.12/site-packages/airflow/example_dags/example_setup_teardown.py
[2024-10-22T14:47:53.151+0000] {logging_mixin.py:188} INFO - [2024-10-22T14:47:53.151+0000] {dag.py:3089} INFO - Sync 1 DAGs
[2024-10-22T14:47:53.166+0000] {logging_mixin.py:188} INFO - [2024-10-22T14:47:53.166+0000] {dag.py:3947} INFO - Setting next_dagrun for example_setup_teardown to 2024-10-21 00:00:00+00:00, run_after=2024-10-22 00:00:00+00:00
[2024-10-22T14:47:53.179+0000] {processor.py:183} INFO - Processing /home/airflow/.local/lib/python3.12/site-packages/airflow/example_dags/example_setup_teardown.py took 0.054 seconds
[2024-10-22T14:48:23.405+0000] {processor.py:161} INFO - Started process (PID=3238) to work on /home/airflow/.local/lib/python3.12/site-packages/airflow/example_dags/example_setup_teardown.py
[2024-10-22T14:48:23.406+0000] {processor.py:830} INFO - Processing file /home/airflow/.local/lib/python3.12/site-packages/airflow/example_dags/example_setup_teardown.py for tasks to queue
[2024-10-22T14:48:23.407+0000] {logging_mixin.py:188} INFO - [2024-10-22T14:48:23.407+0000] {dagbag.py:545} INFO - Filling up the DagBag from /home/airflow/.local/lib/python3.12/site-packages/airflow/example_dags/example_setup_teardown.py
[2024-10-22T14:48:23.412+0000] {processor.py:840} INFO - DAG(s) 'example_setup_teardown' retrieved from /home/airflow/.local/lib/python3.12/site-packages/airflow/example_dags/example_setup_teardown.py
[2024-10-22T14:48:23.426+0000] {logging_mixin.py:188} INFO - [2024-10-22T14:48:23.426+0000] {dag.py:3089} INFO - Sync 1 DAGs
[2024-10-22T14:48:23.443+0000] {logging_mixin.py:188} INFO - [2024-10-22T14:48:23.443+0000] {dag.py:3947} INFO - Setting next_dagrun for example_setup_teardown to 2024-10-21 00:00:00+00:00, run_after=2024-10-22 00:00:00+00:00
[2024-10-22T14:48:23.456+0000] {processor.py:183} INFO - Processing /home/airflow/.local/lib/python3.12/site-packages/airflow/example_dags/example_setup_teardown.py took 0.055 seconds
[2024-10-22T14:48:53.779+0000] {processor.py:161} INFO - Started process (PID=3502) to work on /home/airflow/.local/lib/python3.12/site-packages/airflow/example_dags/example_setup_teardown.py
[2024-10-22T14:48:53.780+0000] {processor.py:830} INFO - Processing file /home/airflow/.local/lib/python3.12/site-packages/airflow/example_dags/example_setup_teardown.py for tasks to queue
[2024-10-22T14:48:53.781+0000] {logging_mixin.py:188} INFO - [2024-10-22T14:48:53.781+0000] {dagbag.py:545} INFO - Filling up the DagBag from /home/airflow/.local/lib/python3.12/site-packages/airflow/example_dags/example_setup_teardown.py
[2024-10-22T14:48:53.785+0000] {processor.py:840} INFO - DAG(s) 'example_setup_teardown' retrieved from /home/airflow/.local/lib/python3.12/site-packages/airflow/example_dags/example_setup_teardown.py
[2024-10-22T14:48:53.799+0000] {logging_mixin.py:188} INFO - [2024-10-22T14:48:53.799+0000] {dag.py:3089} INFO - Sync 1 DAGs
[2024-10-22T14:48:53.813+0000] {logging_mixin.py:188} INFO - [2024-10-22T14:48:53.813+0000] {dag.py:3947} INFO - Setting next_dagrun for example_setup_teardown to 2024-10-21 00:00:00+00:00, run_after=2024-10-22 00:00:00+00:00
[2024-10-22T14:48:53.826+0000] {processor.py:183} INFO - Processing /home/airflow/.local/lib/python3.12/site-packages/airflow/example_dags/example_setup_teardown.py took 0.051 seconds
[2024-10-22T14:49:24.102+0000] {processor.py:161} INFO - Started process (PID=3767) to work on /home/airflow/.local/lib/python3.12/site-packages/airflow/example_dags/example_setup_teardown.py
[2024-10-22T14:49:24.103+0000] {processor.py:830} INFO - Processing file /home/airflow/.local/lib/python3.12/site-packages/airflow/example_dags/example_setup_teardown.py for tasks to queue
[2024-10-22T14:49:24.104+0000] {logging_mixin.py:188} INFO - [2024-10-22T14:49:24.104+0000] {dagbag.py:545} INFO - Filling up the DagBag from /home/airflow/.local/lib/python3.12/site-packages/airflow/example_dags/example_setup_teardown.py
[2024-10-22T14:49:24.109+0000] {processor.py:840} INFO - DAG(s) 'example_setup_teardown' retrieved from /home/airflow/.local/lib/python3.12/site-packages/airflow/example_dags/example_setup_teardown.py
[2024-10-22T14:49:24.122+0000] {logging_mixin.py:188} INFO - [2024-10-22T14:49:24.122+0000] {dag.py:3089} INFO - Sync 1 DAGs
[2024-10-22T14:49:24.136+0000] {logging_mixin.py:188} INFO - [2024-10-22T14:49:24.136+0000] {dag.py:3947} INFO - Setting next_dagrun for example_setup_teardown to 2024-10-21 00:00:00+00:00, run_after=2024-10-22 00:00:00+00:00
[2024-10-22T14:49:24.149+0000] {processor.py:183} INFO - Processing /home/airflow/.local/lib/python3.12/site-packages/airflow/example_dags/example_setup_teardown.py took 0.050 seconds
[2024-10-22T14:49:54.424+0000] {processor.py:161} INFO - Started process (PID=4034) to work on /home/airflow/.local/lib/python3.12/site-packages/airflow/example_dags/example_setup_teardown.py
[2024-10-22T14:49:54.425+0000] {processor.py:830} INFO - Processing file /home/airflow/.local/lib/python3.12/site-packages/airflow/example_dags/example_setup_teardown.py for tasks to queue
[2024-10-22T14:49:54.426+0000] {logging_mixin.py:188} INFO - [2024-10-22T14:49:54.426+0000] {dagbag.py:545} INFO - Filling up the DagBag from /home/airflow/.local/lib/python3.12/site-packages/airflow/example_dags/example_setup_teardown.py
[2024-10-22T14:49:54.431+0000] {processor.py:840} INFO - DAG(s) 'example_setup_teardown' retrieved from /home/airflow/.local/lib/python3.12/site-packages/airflow/example_dags/example_setup_teardown.py
[2024-10-22T14:49:54.445+0000] {logging_mixin.py:188} INFO - [2024-10-22T14:49:54.445+0000] {dag.py:3089} INFO - Sync 1 DAGs
[2024-10-22T14:49:54.459+0000] {logging_mixin.py:188} INFO - [2024-10-22T14:49:54.458+0000] {dag.py:3947} INFO - Setting next_dagrun for example_setup_teardown to 2024-10-21 00:00:00+00:00, run_after=2024-10-22 00:00:00+00:00
[2024-10-22T14:49:54.472+0000] {processor.py:183} INFO - Processing /home/airflow/.local/lib/python3.12/site-packages/airflow/example_dags/example_setup_teardown.py took 0.052 seconds
[2024-10-22T14:50:24.827+0000] {processor.py:161} INFO - Started process (PID=4303) to work on /home/airflow/.local/lib/python3.12/site-packages/airflow/example_dags/example_setup_teardown.py
[2024-10-22T14:50:24.827+0000] {processor.py:830} INFO - Processing file /home/airflow/.local/lib/python3.12/site-packages/airflow/example_dags/example_setup_teardown.py for tasks to queue
[2024-10-22T14:50:24.829+0000] {logging_mixin.py:188} INFO - [2024-10-22T14:50:24.828+0000] {dagbag.py:545} INFO - Filling up the DagBag from /home/airflow/.local/lib/python3.12/site-packages/airflow/example_dags/example_setup_teardown.py
[2024-10-22T14:50:24.833+0000] {processor.py:840} INFO - DAG(s) 'example_setup_teardown' retrieved from /home/airflow/.local/lib/python3.12/site-packages/airflow/example_dags/example_setup_teardown.py
[2024-10-22T14:50:24.848+0000] {logging_mixin.py:188} INFO - [2024-10-22T14:50:24.847+0000] {dag.py:3089} INFO - Sync 1 DAGs
[2024-10-22T14:50:24.862+0000] {logging_mixin.py:188} INFO - [2024-10-22T14:50:24.862+0000] {dag.py:3947} INFO - Setting next_dagrun for example_setup_teardown to 2024-10-21 00:00:00+00:00, run_after=2024-10-22 00:00:00+00:00
[2024-10-22T14:50:24.874+0000] {processor.py:183} INFO - Processing /home/airflow/.local/lib/python3.12/site-packages/airflow/example_dags/example_setup_teardown.py took 0.051 seconds
[2024-10-22T14:50:55.263+0000] {processor.py:161} INFO - Started process (PID=4570) to work on /home/airflow/.local/lib/python3.12/site-packages/airflow/example_dags/example_setup_teardown.py
[2024-10-22T14:50:55.263+0000] {processor.py:830} INFO - Processing file /home/airflow/.local/lib/python3.12/site-packages/airflow/example_dags/example_setup_teardown.py for tasks to queue
[2024-10-22T14:50:55.265+0000] {logging_mixin.py:188} INFO - [2024-10-22T14:50:55.264+0000] {dagbag.py:545} INFO - Filling up the DagBag from /home/airflow/.local/lib/python3.12/site-packages/airflow/example_dags/example_setup_teardown.py
[2024-10-22T14:50:55.270+0000] {processor.py:840} INFO - DAG(s) 'example_setup_teardown' retrieved from /home/airflow/.local/lib/python3.12/site-packages/airflow/example_dags/example_setup_teardown.py
[2024-10-22T14:50:55.286+0000] {logging_mixin.py:188} INFO - [2024-10-22T14:50:55.286+0000] {dag.py:3089} INFO - Sync 1 DAGs
[2024-10-22T14:50:55.315+0000] {logging_mixin.py:188} INFO - [2024-10-22T14:50:55.314+0000] {dag.py:3947} INFO - Setting next_dagrun for example_setup_teardown to 2024-10-21 00:00:00+00:00, run_after=2024-10-22 00:00:00+00:00
[2024-10-22T14:50:55.334+0000] {processor.py:183} INFO - Processing /home/airflow/.local/lib/python3.12/site-packages/airflow/example_dags/example_setup_teardown.py took 0.075 seconds
[2024-10-22T14:51:25.706+0000] {processor.py:161} INFO - Started process (PID=4837) to work on /home/airflow/.local/lib/python3.12/site-packages/airflow/example_dags/example_setup_teardown.py
[2024-10-22T14:51:25.707+0000] {processor.py:830} INFO - Processing file /home/airflow/.local/lib/python3.12/site-packages/airflow/example_dags/example_setup_teardown.py for tasks to queue
[2024-10-22T14:51:25.708+0000] {logging_mixin.py:188} INFO - [2024-10-22T14:51:25.708+0000] {dagbag.py:545} INFO - Filling up the DagBag from /home/airflow/.local/lib/python3.12/site-packages/airflow/example_dags/example_setup_teardown.py
[2024-10-22T14:51:25.713+0000] {processor.py:840} INFO - DAG(s) 'example_setup_teardown' retrieved from /home/airflow/.local/lib/python3.12/site-packages/airflow/example_dags/example_setup_teardown.py
[2024-10-22T14:51:25.729+0000] {logging_mixin.py:188} INFO - [2024-10-22T14:51:25.729+0000] {dag.py:3089} INFO - Sync 1 DAGs
[2024-10-22T14:51:25.746+0000] {logging_mixin.py:188} INFO - [2024-10-22T14:51:25.745+0000] {dag.py:3947} INFO - Setting next_dagrun for example_setup_teardown to 2024-10-21 00:00:00+00:00, run_after=2024-10-22 00:00:00+00:00
[2024-10-22T14:51:25.759+0000] {processor.py:183} INFO - Processing /home/airflow/.local/lib/python3.12/site-packages/airflow/example_dags/example_setup_teardown.py took 0.057 seconds
[2024-10-22T14:51:56.126+0000] {processor.py:161} INFO - Started process (PID=5104) to work on /home/airflow/.local/lib/python3.12/site-packages/airflow/example_dags/example_setup_teardown.py
[2024-10-22T14:51:56.127+0000] {processor.py:830} INFO - Processing file /home/airflow/.local/lib/python3.12/site-packages/airflow/example_dags/example_setup_teardown.py for tasks to queue
[2024-10-22T14:51:56.128+0000] {logging_mixin.py:188} INFO - [2024-10-22T14:51:56.128+0000] {dagbag.py:545} INFO - Filling up the DagBag from /home/airflow/.local/lib/python3.12/site-packages/airflow/example_dags/example_setup_teardown.py
[2024-10-22T14:51:56.132+0000] {processor.py:840} INFO - DAG(s) 'example_setup_teardown' retrieved from /home/airflow/.local/lib/python3.12/site-packages/airflow/example_dags/example_setup_teardown.py
[2024-10-22T14:51:56.146+0000] {logging_mixin.py:188} INFO - [2024-10-22T14:51:56.146+0000] {dag.py:3089} INFO - Sync 1 DAGs
[2024-10-22T14:51:56.160+0000] {logging_mixin.py:188} INFO - [2024-10-22T14:51:56.160+0000] {dag.py:3947} INFO - Setting next_dagrun for example_setup_teardown to 2024-10-21 00:00:00+00:00, run_after=2024-10-22 00:00:00+00:00
[2024-10-22T14:51:56.171+0000] {processor.py:183} INFO - Processing /home/airflow/.local/lib/python3.12/site-packages/airflow/example_dags/example_setup_teardown.py took 0.049 seconds
[2024-10-22T14:52:26.513+0000] {processor.py:161} INFO - Started process (PID=5374) to work on /home/airflow/.local/lib/python3.12/site-packages/airflow/example_dags/example_setup_teardown.py
[2024-10-22T14:52:26.514+0000] {processor.py:830} INFO - Processing file /home/airflow/.local/lib/python3.12/site-packages/airflow/example_dags/example_setup_teardown.py for tasks to queue
[2024-10-22T14:52:26.515+0000] {logging_mixin.py:188} INFO - [2024-10-22T14:52:26.515+0000] {dagbag.py:545} INFO - Filling up the DagBag from /home/airflow/.local/lib/python3.12/site-packages/airflow/example_dags/example_setup_teardown.py
[2024-10-22T14:52:26.519+0000] {processor.py:840} INFO - DAG(s) 'example_setup_teardown' retrieved from /home/airflow/.local/lib/python3.12/site-packages/airflow/example_dags/example_setup_teardown.py
[2024-10-22T14:52:26.535+0000] {logging_mixin.py:188} INFO - [2024-10-22T14:52:26.534+0000] {dag.py:3089} INFO - Sync 1 DAGs
[2024-10-22T14:52:26.549+0000] {logging_mixin.py:188} INFO - [2024-10-22T14:52:26.549+0000] {dag.py:3947} INFO - Setting next_dagrun for example_setup_teardown to 2024-10-21 00:00:00+00:00, run_after=2024-10-22 00:00:00+00:00
[2024-10-22T14:52:26.562+0000] {processor.py:183} INFO - Processing /home/airflow/.local/lib/python3.12/site-packages/airflow/example_dags/example_setup_teardown.py took 0.053 seconds
[2024-10-22T14:52:56.846+0000] {processor.py:161} INFO - Started process (PID=5644) to work on /home/airflow/.local/lib/python3.12/site-packages/airflow/example_dags/example_setup_teardown.py
[2024-10-22T14:52:56.846+0000] {processor.py:830} INFO - Processing file /home/airflow/.local/lib/python3.12/site-packages/airflow/example_dags/example_setup_teardown.py for tasks to queue
[2024-10-22T14:52:56.848+0000] {logging_mixin.py:188} INFO - [2024-10-22T14:52:56.848+0000] {dagbag.py:545} INFO - Filling up the DagBag from /home/airflow/.local/lib/python3.12/site-packages/airflow/example_dags/example_setup_teardown.py
[2024-10-22T14:52:56.852+0000] {processor.py:840} INFO - DAG(s) 'example_setup_teardown' retrieved from /home/airflow/.local/lib/python3.12/site-packages/airflow/example_dags/example_setup_teardown.py
[2024-10-22T14:52:56.867+0000] {logging_mixin.py:188} INFO - [2024-10-22T14:52:56.867+0000] {dag.py:3089} INFO - Sync 1 DAGs
[2024-10-22T14:52:56.881+0000] {logging_mixin.py:188} INFO - [2024-10-22T14:52:56.881+0000] {dag.py:3947} INFO - Setting next_dagrun for example_setup_teardown to 2024-10-21 00:00:00+00:00, run_after=2024-10-22 00:00:00+00:00
[2024-10-22T14:52:56.894+0000] {processor.py:183} INFO - Processing /home/airflow/.local/lib/python3.12/site-packages/airflow/example_dags/example_setup_teardown.py took 0.052 seconds
[2024-10-22T14:53:27.156+0000] {processor.py:161} INFO - Started process (PID=5911) to work on /home/airflow/.local/lib/python3.12/site-packages/airflow/example_dags/example_setup_teardown.py
[2024-10-22T14:53:27.157+0000] {processor.py:830} INFO - Processing file /home/airflow/.local/lib/python3.12/site-packages/airflow/example_dags/example_setup_teardown.py for tasks to queue
[2024-10-22T14:53:27.158+0000] {logging_mixin.py:188} INFO - [2024-10-22T14:53:27.158+0000] {dagbag.py:545} INFO - Filling up the DagBag from /home/airflow/.local/lib/python3.12/site-packages/airflow/example_dags/example_setup_teardown.py
[2024-10-22T14:53:27.163+0000] {processor.py:840} INFO - DAG(s) 'example_setup_teardown' retrieved from /home/airflow/.local/lib/python3.12/site-packages/airflow/example_dags/example_setup_teardown.py
[2024-10-22T14:53:27.180+0000] {logging_mixin.py:188} INFO - [2024-10-22T14:53:27.179+0000] {dag.py:3089} INFO - Sync 1 DAGs
[2024-10-22T14:53:27.196+0000] {logging_mixin.py:188} INFO - [2024-10-22T14:53:27.196+0000] {dag.py:3947} INFO - Setting next_dagrun for example_setup_teardown to 2024-10-21 00:00:00+00:00, run_after=2024-10-22 00:00:00+00:00
[2024-10-22T14:53:27.209+0000] {processor.py:183} INFO - Processing /home/airflow/.local/lib/python3.12/site-packages/airflow/example_dags/example_setup_teardown.py took 0.057 seconds
[2024-10-22T14:53:57.604+0000] {processor.py:161} INFO - Started process (PID=6175) to work on /home/airflow/.local/lib/python3.12/site-packages/airflow/example_dags/example_setup_teardown.py
[2024-10-22T14:53:57.604+0000] {processor.py:830} INFO - Processing file /home/airflow/.local/lib/python3.12/site-packages/airflow/example_dags/example_setup_teardown.py for tasks to queue
[2024-10-22T14:53:57.606+0000] {logging_mixin.py:188} INFO - [2024-10-22T14:53:57.606+0000] {dagbag.py:545} INFO - Filling up the DagBag from /home/airflow/.local/lib/python3.12/site-packages/airflow/example_dags/example_setup_teardown.py
[2024-10-22T14:53:57.611+0000] {processor.py:840} INFO - DAG(s) 'example_setup_teardown' retrieved from /home/airflow/.local/lib/python3.12/site-packages/airflow/example_dags/example_setup_teardown.py
[2024-10-22T14:53:57.625+0000] {logging_mixin.py:188} INFO - [2024-10-22T14:53:57.625+0000] {dag.py:3089} INFO - Sync 1 DAGs
[2024-10-22T14:53:57.639+0000] {logging_mixin.py:188} INFO - [2024-10-22T14:53:57.639+0000] {dag.py:3947} INFO - Setting next_dagrun for example_setup_teardown to 2024-10-21 00:00:00+00:00, run_after=2024-10-22 00:00:00+00:00
[2024-10-22T14:53:57.651+0000] {processor.py:183} INFO - Processing /home/airflow/.local/lib/python3.12/site-packages/airflow/example_dags/example_setup_teardown.py took 0.052 seconds
[2024-10-22T14:54:27.932+0000] {processor.py:161} INFO - Started process (PID=6442) to work on /home/airflow/.local/lib/python3.12/site-packages/airflow/example_dags/example_setup_teardown.py
[2024-10-22T14:54:27.933+0000] {processor.py:830} INFO - Processing file /home/airflow/.local/lib/python3.12/site-packages/airflow/example_dags/example_setup_teardown.py for tasks to queue
[2024-10-22T14:54:27.934+0000] {logging_mixin.py:188} INFO - [2024-10-22T14:54:27.934+0000] {dagbag.py:545} INFO - Filling up the DagBag from /home/airflow/.local/lib/python3.12/site-packages/airflow/example_dags/example_setup_teardown.py
[2024-10-22T14:54:27.939+0000] {processor.py:840} INFO - DAG(s) 'example_setup_teardown' retrieved from /home/airflow/.local/lib/python3.12/site-packages/airflow/example_dags/example_setup_teardown.py
[2024-10-22T14:54:27.954+0000] {logging_mixin.py:188} INFO - [2024-10-22T14:54:27.953+0000] {dag.py:3089} INFO - Sync 1 DAGs
[2024-10-22T14:54:27.968+0000] {logging_mixin.py:188} INFO - [2024-10-22T14:54:27.968+0000] {dag.py:3947} INFO - Setting next_dagrun for example_setup_teardown to 2024-10-21 00:00:00+00:00, run_after=2024-10-22 00:00:00+00:00
[2024-10-22T14:54:27.981+0000] {processor.py:183} INFO - Processing /home/airflow/.local/lib/python3.12/site-packages/airflow/example_dags/example_setup_teardown.py took 0.052 seconds
[2024-10-22T14:54:58.598+0000] {processor.py:161} INFO - Started process (PID=6711) to work on /home/airflow/.local/lib/python3.12/site-packages/airflow/example_dags/example_setup_teardown.py
[2024-10-22T14:54:58.598+0000] {processor.py:830} INFO - Processing file /home/airflow/.local/lib/python3.12/site-packages/airflow/example_dags/example_setup_teardown.py for tasks to queue
[2024-10-22T14:54:58.600+0000] {logging_mixin.py:188} INFO - [2024-10-22T14:54:58.599+0000] {dagbag.py:545} INFO - Filling up the DagBag from /home/airflow/.local/lib/python3.12/site-packages/airflow/example_dags/example_setup_teardown.py
[2024-10-22T14:54:58.604+0000] {processor.py:840} INFO - DAG(s) 'example_setup_teardown' retrieved from /home/airflow/.local/lib/python3.12/site-packages/airflow/example_dags/example_setup_teardown.py
[2024-10-22T14:54:58.619+0000] {logging_mixin.py:188} INFO - [2024-10-22T14:54:58.619+0000] {dag.py:3089} INFO - Sync 1 DAGs
[2024-10-22T14:54:58.636+0000] {logging_mixin.py:188} INFO - [2024-10-22T14:54:58.636+0000] {dag.py:3947} INFO - Setting next_dagrun for example_setup_teardown to 2024-10-21 00:00:00+00:00, run_after=2024-10-22 00:00:00+00:00
[2024-10-22T14:54:58.650+0000] {processor.py:183} INFO - Processing /home/airflow/.local/lib/python3.12/site-packages/airflow/example_dags/example_setup_teardown.py took 0.056 seconds
[2024-10-22T14:55:28.914+0000] {processor.py:161} INFO - Started process (PID=6977) to work on /home/airflow/.local/lib/python3.12/site-packages/airflow/example_dags/example_setup_teardown.py
[2024-10-22T14:55:28.915+0000] {processor.py:830} INFO - Processing file /home/airflow/.local/lib/python3.12/site-packages/airflow/example_dags/example_setup_teardown.py for tasks to queue
[2024-10-22T14:55:28.916+0000] {logging_mixin.py:188} INFO - [2024-10-22T14:55:28.916+0000] {dagbag.py:545} INFO - Filling up the DagBag from /home/airflow/.local/lib/python3.12/site-packages/airflow/example_dags/example_setup_teardown.py
[2024-10-22T14:55:28.921+0000] {processor.py:840} INFO - DAG(s) 'example_setup_teardown' retrieved from /home/airflow/.local/lib/python3.12/site-packages/airflow/example_dags/example_setup_teardown.py
[2024-10-22T14:55:28.936+0000] {logging_mixin.py:188} INFO - [2024-10-22T14:55:28.936+0000] {dag.py:3089} INFO - Sync 1 DAGs
[2024-10-22T14:55:28.952+0000] {logging_mixin.py:188} INFO - [2024-10-22T14:55:28.951+0000] {dag.py:3947} INFO - Setting next_dagrun for example_setup_teardown to 2024-10-21 00:00:00+00:00, run_after=2024-10-22 00:00:00+00:00
[2024-10-22T14:55:29.081+0000] {processor.py:183} INFO - Processing /home/airflow/.local/lib/python3.12/site-packages/airflow/example_dags/example_setup_teardown.py took 0.171 seconds
[2024-10-22T14:55:59.912+0000] {processor.py:161} INFO - Started process (PID=7246) to work on /home/airflow/.local/lib/python3.12/site-packages/airflow/example_dags/example_setup_teardown.py
[2024-10-22T14:55:59.913+0000] {processor.py:830} INFO - Processing file /home/airflow/.local/lib/python3.12/site-packages/airflow/example_dags/example_setup_teardown.py for tasks to queue
[2024-10-22T14:55:59.914+0000] {logging_mixin.py:188} INFO - [2024-10-22T14:55:59.914+0000] {dagbag.py:545} INFO - Filling up the DagBag from /home/airflow/.local/lib/python3.12/site-packages/airflow/example_dags/example_setup_teardown.py
[2024-10-22T14:55:59.919+0000] {processor.py:840} INFO - DAG(s) 'example_setup_teardown' retrieved from /home/airflow/.local/lib/python3.12/site-packages/airflow/example_dags/example_setup_teardown.py
[2024-10-22T14:55:59.933+0000] {logging_mixin.py:188} INFO - [2024-10-22T14:55:59.933+0000] {dag.py:3089} INFO - Sync 1 DAGs
[2024-10-22T14:55:59.948+0000] {logging_mixin.py:188} INFO - [2024-10-22T14:55:59.948+0000] {dag.py:3947} INFO - Setting next_dagrun for example_setup_teardown to 2024-10-21 00:00:00+00:00, run_after=2024-10-22 00:00:00+00:00
[2024-10-22T14:55:59.960+0000] {processor.py:183} INFO - Processing /home/airflow/.local/lib/python3.12/site-packages/airflow/example_dags/example_setup_teardown.py took 0.052 seconds
[2024-10-22T14:56:30.562+0000] {processor.py:161} INFO - Started process (PID=7511) to work on /home/airflow/.local/lib/python3.12/site-packages/airflow/example_dags/example_setup_teardown.py
[2024-10-22T14:56:30.563+0000] {processor.py:830} INFO - Processing file /home/airflow/.local/lib/python3.12/site-packages/airflow/example_dags/example_setup_teardown.py for tasks to queue
[2024-10-22T14:56:30.564+0000] {logging_mixin.py:188} INFO - [2024-10-22T14:56:30.564+0000] {dagbag.py:545} INFO - Filling up the DagBag from /home/airflow/.local/lib/python3.12/site-packages/airflow/example_dags/example_setup_teardown.py
[2024-10-22T14:56:30.569+0000] {processor.py:840} INFO - DAG(s) 'example_setup_teardown' retrieved from /home/airflow/.local/lib/python3.12/site-packages/airflow/example_dags/example_setup_teardown.py
[2024-10-22T14:56:30.582+0000] {logging_mixin.py:188} INFO - [2024-10-22T14:56:30.582+0000] {dag.py:3089} INFO - Sync 1 DAGs
[2024-10-22T14:56:30.595+0000] {logging_mixin.py:188} INFO - [2024-10-22T14:56:30.595+0000] {dag.py:3947} INFO - Setting next_dagrun for example_setup_teardown to 2024-10-21 00:00:00+00:00, run_after=2024-10-22 00:00:00+00:00
[2024-10-22T14:56:30.608+0000] {processor.py:183} INFO - Processing /home/airflow/.local/lib/python3.12/site-packages/airflow/example_dags/example_setup_teardown.py took 0.049 seconds
[2024-10-22T14:57:00.737+0000] {processor.py:161} INFO - Started process (PID=7778) to work on /home/airflow/.local/lib/python3.12/site-packages/airflow/example_dags/example_setup_teardown.py
[2024-10-22T14:57:00.738+0000] {processor.py:830} INFO - Processing file /home/airflow/.local/lib/python3.12/site-packages/airflow/example_dags/example_setup_teardown.py for tasks to queue
[2024-10-22T14:57:00.739+0000] {logging_mixin.py:188} INFO - [2024-10-22T14:57:00.739+0000] {dagbag.py:545} INFO - Filling up the DagBag from /home/airflow/.local/lib/python3.12/site-packages/airflow/example_dags/example_setup_teardown.py
[2024-10-22T14:57:00.744+0000] {processor.py:840} INFO - DAG(s) 'example_setup_teardown' retrieved from /home/airflow/.local/lib/python3.12/site-packages/airflow/example_dags/example_setup_teardown.py
[2024-10-22T14:57:00.757+0000] {logging_mixin.py:188} INFO - [2024-10-22T14:57:00.757+0000] {dag.py:3089} INFO - Sync 1 DAGs
[2024-10-22T14:57:00.771+0000] {logging_mixin.py:188} INFO - [2024-10-22T14:57:00.771+0000] {dag.py:3947} INFO - Setting next_dagrun for example_setup_teardown to 2024-10-21 00:00:00+00:00, run_after=2024-10-22 00:00:00+00:00
[2024-10-22T14:57:00.784+0000] {processor.py:183} INFO - Processing /home/airflow/.local/lib/python3.12/site-packages/airflow/example_dags/example_setup_teardown.py took 0.050 seconds
[2024-10-22T14:57:31.535+0000] {processor.py:161} INFO - Started process (PID=8047) to work on /home/airflow/.local/lib/python3.12/site-packages/airflow/example_dags/example_setup_teardown.py
[2024-10-22T14:57:31.536+0000] {processor.py:830} INFO - Processing file /home/airflow/.local/lib/python3.12/site-packages/airflow/example_dags/example_setup_teardown.py for tasks to queue
[2024-10-22T14:57:31.537+0000] {logging_mixin.py:188} INFO - [2024-10-22T14:57:31.537+0000] {dagbag.py:545} INFO - Filling up the DagBag from /home/airflow/.local/lib/python3.12/site-packages/airflow/example_dags/example_setup_teardown.py
[2024-10-22T14:57:31.652+0000] {processor.py:840} INFO - DAG(s) 'example_setup_teardown' retrieved from /home/airflow/.local/lib/python3.12/site-packages/airflow/example_dags/example_setup_teardown.py
[2024-10-22T14:57:31.667+0000] {logging_mixin.py:188} INFO - [2024-10-22T14:57:31.667+0000] {dag.py:3089} INFO - Sync 1 DAGs
[2024-10-22T14:57:31.679+0000] {logging_mixin.py:188} INFO - [2024-10-22T14:57:31.679+0000] {dag.py:3947} INFO - Setting next_dagrun for example_setup_teardown to 2024-10-21 00:00:00+00:00, run_after=2024-10-22 00:00:00+00:00
[2024-10-22T14:57:31.690+0000] {processor.py:183} INFO - Processing /home/airflow/.local/lib/python3.12/site-packages/airflow/example_dags/example_setup_teardown.py took 0.159 seconds
