[2024-10-22T14:00:16.279+0000] {processor.py:161} INFO - Started process (PID=395) to work on /home/airflow/.local/lib/python3.12/site-packages/airflow/example_dags/example_branch_labels.py
[2024-10-22T14:00:16.279+0000] {processor.py:830} INFO - Processing file /home/airflow/.local/lib/python3.12/site-packages/airflow/example_dags/example_branch_labels.py for tasks to queue
[2024-10-22T14:00:16.281+0000] {logging_mixin.py:188} INFO - [2024-10-22T14:00:16.281+0000] {dagbag.py:545} INFO - Filling up the DagBag from /home/airflow/.local/lib/python3.12/site-packages/airflow/example_dags/example_branch_labels.py
[2024-10-22T14:00:16.288+0000] {processor.py:840} INFO - DAG(s) 'example_branch_labels' retrieved from /home/airflow/.local/lib/python3.12/site-packages/airflow/example_dags/example_branch_labels.py
[2024-10-22T14:00:16.369+0000] {logging_mixin.py:188} INFO - [2024-10-22T14:00:16.369+0000] {override.py:1858} INFO - Created Permission View: can delete on DAG:example_branch_labels
[2024-10-22T14:00:16.380+0000] {logging_mixin.py:188} INFO - [2024-10-22T14:00:16.380+0000] {override.py:1858} INFO - Created Permission View: can edit on DAG:example_branch_labels
[2024-10-22T14:00:16.385+0000] {logging_mixin.py:188} INFO - [2024-10-22T14:00:16.385+0000] {override.py:1858} INFO - Created Permission View: can read on DAG:example_branch_labels
[2024-10-22T14:00:16.385+0000] {logging_mixin.py:188} INFO - [2024-10-22T14:00:16.385+0000] {dag.py:3089} INFO - Sync 1 DAGs
[2024-10-22T14:00:16.395+0000] {logging_mixin.py:188} INFO - [2024-10-22T14:00:16.395+0000] {dag.py:3111} INFO - Creating ORM DAG for example_branch_labels
[2024-10-22T14:00:16.404+0000] {logging_mixin.py:188} INFO - [2024-10-22T14:00:16.403+0000] {dag.py:3947} INFO - Setting next_dagrun for example_branch_labels to 2024-10-21 00:00:00+00:00, run_after=2024-10-22 00:00:00+00:00
[2024-10-22T14:00:16.419+0000] {processor.py:183} INFO - Processing /home/airflow/.local/lib/python3.12/site-packages/airflow/example_dags/example_branch_labels.py took 0.144 seconds
[2024-10-22T14:00:47.002+0000] {processor.py:161} INFO - Started process (PID=664) to work on /home/airflow/.local/lib/python3.12/site-packages/airflow/example_dags/example_branch_labels.py
[2024-10-22T14:00:47.003+0000] {processor.py:830} INFO - Processing file /home/airflow/.local/lib/python3.12/site-packages/airflow/example_dags/example_branch_labels.py for tasks to queue
[2024-10-22T14:00:47.004+0000] {logging_mixin.py:188} INFO - [2024-10-22T14:00:47.004+0000] {dagbag.py:545} INFO - Filling up the DagBag from /home/airflow/.local/lib/python3.12/site-packages/airflow/example_dags/example_branch_labels.py
[2024-10-22T14:00:47.009+0000] {processor.py:840} INFO - DAG(s) 'example_branch_labels' retrieved from /home/airflow/.local/lib/python3.12/site-packages/airflow/example_dags/example_branch_labels.py
[2024-10-22T14:00:47.024+0000] {logging_mixin.py:188} INFO - [2024-10-22T14:00:47.024+0000] {dag.py:3089} INFO - Sync 1 DAGs
[2024-10-22T14:00:47.041+0000] {logging_mixin.py:188} INFO - [2024-10-22T14:00:47.040+0000] {dag.py:3947} INFO - Setting next_dagrun for example_branch_labels to 2024-10-21 00:00:00+00:00, run_after=2024-10-22 00:00:00+00:00
[2024-10-22T14:00:47.052+0000] {processor.py:183} INFO - Processing /home/airflow/.local/lib/python3.12/site-packages/airflow/example_dags/example_branch_labels.py took 0.054 seconds
[2024-10-22T14:01:17.286+0000] {processor.py:161} INFO - Started process (PID=929) to work on /home/airflow/.local/lib/python3.12/site-packages/airflow/example_dags/example_branch_labels.py
[2024-10-22T14:01:17.287+0000] {processor.py:830} INFO - Processing file /home/airflow/.local/lib/python3.12/site-packages/airflow/example_dags/example_branch_labels.py for tasks to queue
[2024-10-22T14:01:17.288+0000] {logging_mixin.py:188} INFO - [2024-10-22T14:01:17.288+0000] {dagbag.py:545} INFO - Filling up the DagBag from /home/airflow/.local/lib/python3.12/site-packages/airflow/example_dags/example_branch_labels.py
[2024-10-22T14:01:17.293+0000] {processor.py:840} INFO - DAG(s) 'example_branch_labels' retrieved from /home/airflow/.local/lib/python3.12/site-packages/airflow/example_dags/example_branch_labels.py
[2024-10-22T14:01:17.308+0000] {logging_mixin.py:188} INFO - [2024-10-22T14:01:17.308+0000] {dag.py:3089} INFO - Sync 1 DAGs
[2024-10-22T14:01:17.325+0000] {logging_mixin.py:188} INFO - [2024-10-22T14:01:17.325+0000] {dag.py:3947} INFO - Setting next_dagrun for example_branch_labels to 2024-10-21 00:00:00+00:00, run_after=2024-10-22 00:00:00+00:00
[2024-10-22T14:01:17.339+0000] {processor.py:183} INFO - Processing /home/airflow/.local/lib/python3.12/site-packages/airflow/example_dags/example_branch_labels.py took 0.057 seconds
[2024-10-22T14:01:47.608+0000] {processor.py:161} INFO - Started process (PID=1196) to work on /home/airflow/.local/lib/python3.12/site-packages/airflow/example_dags/example_branch_labels.py
[2024-10-22T14:01:47.609+0000] {processor.py:830} INFO - Processing file /home/airflow/.local/lib/python3.12/site-packages/airflow/example_dags/example_branch_labels.py for tasks to queue
[2024-10-22T14:01:47.610+0000] {logging_mixin.py:188} INFO - [2024-10-22T14:01:47.610+0000] {dagbag.py:545} INFO - Filling up the DagBag from /home/airflow/.local/lib/python3.12/site-packages/airflow/example_dags/example_branch_labels.py
[2024-10-22T14:01:47.615+0000] {processor.py:840} INFO - DAG(s) 'example_branch_labels' retrieved from /home/airflow/.local/lib/python3.12/site-packages/airflow/example_dags/example_branch_labels.py
[2024-10-22T14:01:47.629+0000] {logging_mixin.py:188} INFO - [2024-10-22T14:01:47.629+0000] {dag.py:3089} INFO - Sync 1 DAGs
[2024-10-22T14:01:47.644+0000] {logging_mixin.py:188} INFO - [2024-10-22T14:01:47.644+0000] {dag.py:3947} INFO - Setting next_dagrun for example_branch_labels to 2024-10-21 00:00:00+00:00, run_after=2024-10-22 00:00:00+00:00
[2024-10-22T14:01:47.657+0000] {processor.py:183} INFO - Processing /home/airflow/.local/lib/python3.12/site-packages/airflow/example_dags/example_branch_labels.py took 0.053 seconds
[2024-10-22T14:02:18.011+0000] {processor.py:161} INFO - Started process (PID=1463) to work on /home/airflow/.local/lib/python3.12/site-packages/airflow/example_dags/example_branch_labels.py
[2024-10-22T14:02:18.012+0000] {processor.py:830} INFO - Processing file /home/airflow/.local/lib/python3.12/site-packages/airflow/example_dags/example_branch_labels.py for tasks to queue
[2024-10-22T14:02:18.013+0000] {logging_mixin.py:188} INFO - [2024-10-22T14:02:18.013+0000] {dagbag.py:545} INFO - Filling up the DagBag from /home/airflow/.local/lib/python3.12/site-packages/airflow/example_dags/example_branch_labels.py
[2024-10-22T14:02:18.018+0000] {processor.py:840} INFO - DAG(s) 'example_branch_labels' retrieved from /home/airflow/.local/lib/python3.12/site-packages/airflow/example_dags/example_branch_labels.py
[2024-10-22T14:02:18.033+0000] {logging_mixin.py:188} INFO - [2024-10-22T14:02:18.033+0000] {dag.py:3089} INFO - Sync 1 DAGs
[2024-10-22T14:02:18.050+0000] {logging_mixin.py:188} INFO - [2024-10-22T14:02:18.049+0000] {dag.py:3947} INFO - Setting next_dagrun for example_branch_labels to 2024-10-21 00:00:00+00:00, run_after=2024-10-22 00:00:00+00:00
[2024-10-22T14:02:18.066+0000] {processor.py:183} INFO - Processing /home/airflow/.local/lib/python3.12/site-packages/airflow/example_dags/example_branch_labels.py took 0.059 seconds
[2024-10-22T14:02:48.187+0000] {processor.py:161} INFO - Started process (PID=1730) to work on /home/airflow/.local/lib/python3.12/site-packages/airflow/example_dags/example_branch_labels.py
[2024-10-22T14:02:48.187+0000] {processor.py:830} INFO - Processing file /home/airflow/.local/lib/python3.12/site-packages/airflow/example_dags/example_branch_labels.py for tasks to queue
[2024-10-22T14:02:48.189+0000] {logging_mixin.py:188} INFO - [2024-10-22T14:02:48.189+0000] {dagbag.py:545} INFO - Filling up the DagBag from /home/airflow/.local/lib/python3.12/site-packages/airflow/example_dags/example_branch_labels.py
[2024-10-22T14:02:48.195+0000] {processor.py:840} INFO - DAG(s) 'example_branch_labels' retrieved from /home/airflow/.local/lib/python3.12/site-packages/airflow/example_dags/example_branch_labels.py
[2024-10-22T14:02:48.210+0000] {logging_mixin.py:188} INFO - [2024-10-22T14:02:48.209+0000] {dag.py:3089} INFO - Sync 1 DAGs
[2024-10-22T14:02:48.227+0000] {logging_mixin.py:188} INFO - [2024-10-22T14:02:48.226+0000] {dag.py:3947} INFO - Setting next_dagrun for example_branch_labels to 2024-10-21 00:00:00+00:00, run_after=2024-10-22 00:00:00+00:00
[2024-10-22T14:02:48.241+0000] {processor.py:183} INFO - Processing /home/airflow/.local/lib/python3.12/site-packages/airflow/example_dags/example_branch_labels.py took 0.058 seconds
[2024-10-22T14:03:18.443+0000] {processor.py:161} INFO - Started process (PID=1997) to work on /home/airflow/.local/lib/python3.12/site-packages/airflow/example_dags/example_branch_labels.py
[2024-10-22T14:03:18.444+0000] {processor.py:830} INFO - Processing file /home/airflow/.local/lib/python3.12/site-packages/airflow/example_dags/example_branch_labels.py for tasks to queue
[2024-10-22T14:03:18.445+0000] {logging_mixin.py:188} INFO - [2024-10-22T14:03:18.445+0000] {dagbag.py:545} INFO - Filling up the DagBag from /home/airflow/.local/lib/python3.12/site-packages/airflow/example_dags/example_branch_labels.py
[2024-10-22T14:03:18.450+0000] {processor.py:840} INFO - DAG(s) 'example_branch_labels' retrieved from /home/airflow/.local/lib/python3.12/site-packages/airflow/example_dags/example_branch_labels.py
[2024-10-22T14:03:18.465+0000] {logging_mixin.py:188} INFO - [2024-10-22T14:03:18.465+0000] {dag.py:3089} INFO - Sync 1 DAGs
[2024-10-22T14:03:18.481+0000] {logging_mixin.py:188} INFO - [2024-10-22T14:03:18.481+0000] {dag.py:3947} INFO - Setting next_dagrun for example_branch_labels to 2024-10-21 00:00:00+00:00, run_after=2024-10-22 00:00:00+00:00
[2024-10-22T14:03:18.494+0000] {processor.py:183} INFO - Processing /home/airflow/.local/lib/python3.12/site-packages/airflow/example_dags/example_branch_labels.py took 0.055 seconds
[2024-10-22T14:03:48.934+0000] {processor.py:161} INFO - Started process (PID=2266) to work on /home/airflow/.local/lib/python3.12/site-packages/airflow/example_dags/example_branch_labels.py
[2024-10-22T14:03:48.935+0000] {processor.py:830} INFO - Processing file /home/airflow/.local/lib/python3.12/site-packages/airflow/example_dags/example_branch_labels.py for tasks to queue
[2024-10-22T14:03:48.936+0000] {logging_mixin.py:188} INFO - [2024-10-22T14:03:48.936+0000] {dagbag.py:545} INFO - Filling up the DagBag from /home/airflow/.local/lib/python3.12/site-packages/airflow/example_dags/example_branch_labels.py
[2024-10-22T14:03:48.942+0000] {processor.py:840} INFO - DAG(s) 'example_branch_labels' retrieved from /home/airflow/.local/lib/python3.12/site-packages/airflow/example_dags/example_branch_labels.py
[2024-10-22T14:03:48.957+0000] {logging_mixin.py:188} INFO - [2024-10-22T14:03:48.957+0000] {dag.py:3089} INFO - Sync 1 DAGs
[2024-10-22T14:03:48.972+0000] {logging_mixin.py:188} INFO - [2024-10-22T14:03:48.972+0000] {dag.py:3947} INFO - Setting next_dagrun for example_branch_labels to 2024-10-21 00:00:00+00:00, run_after=2024-10-22 00:00:00+00:00
[2024-10-22T14:03:48.984+0000] {processor.py:183} INFO - Processing /home/airflow/.local/lib/python3.12/site-packages/airflow/example_dags/example_branch_labels.py took 0.054 seconds
[2024-10-22T14:34:26.713+0000] {processor.py:161} INFO - Started process (PID=397) to work on /home/airflow/.local/lib/python3.12/site-packages/airflow/example_dags/example_branch_labels.py
[2024-10-22T14:34:26.714+0000] {processor.py:830} INFO - Processing file /home/airflow/.local/lib/python3.12/site-packages/airflow/example_dags/example_branch_labels.py for tasks to queue
[2024-10-22T14:34:26.715+0000] {logging_mixin.py:188} INFO - [2024-10-22T14:34:26.715+0000] {dagbag.py:545} INFO - Filling up the DagBag from /home/airflow/.local/lib/python3.12/site-packages/airflow/example_dags/example_branch_labels.py
[2024-10-22T14:34:26.721+0000] {processor.py:840} INFO - DAG(s) 'example_branch_labels' retrieved from /home/airflow/.local/lib/python3.12/site-packages/airflow/example_dags/example_branch_labels.py
[2024-10-22T14:34:26.729+0000] {logging_mixin.py:188} INFO - [2024-10-22T14:34:26.729+0000] {dag.py:3089} INFO - Sync 1 DAGs
[2024-10-22T14:34:26.745+0000] {logging_mixin.py:188} INFO - [2024-10-22T14:34:26.745+0000] {dag.py:3947} INFO - Setting next_dagrun for example_branch_labels to 2024-10-21 00:00:00+00:00, run_after=2024-10-22 00:00:00+00:00
[2024-10-22T14:34:26.760+0000] {processor.py:183} INFO - Processing /home/airflow/.local/lib/python3.12/site-packages/airflow/example_dags/example_branch_labels.py took 0.050 seconds
[2024-10-22T14:34:58.608+0000] {processor.py:161} INFO - Started process (PID=662) to work on /home/airflow/.local/lib/python3.12/site-packages/airflow/example_dags/example_branch_labels.py
[2024-10-22T14:34:58.608+0000] {processor.py:830} INFO - Processing file /home/airflow/.local/lib/python3.12/site-packages/airflow/example_dags/example_branch_labels.py for tasks to queue
[2024-10-22T14:34:58.610+0000] {logging_mixin.py:188} INFO - [2024-10-22T14:34:58.609+0000] {dagbag.py:545} INFO - Filling up the DagBag from /home/airflow/.local/lib/python3.12/site-packages/airflow/example_dags/example_branch_labels.py
[2024-10-22T14:34:58.615+0000] {processor.py:840} INFO - DAG(s) 'example_branch_labels' retrieved from /home/airflow/.local/lib/python3.12/site-packages/airflow/example_dags/example_branch_labels.py
[2024-10-22T14:34:58.685+0000] {logging_mixin.py:188} INFO - [2024-10-22T14:34:58.685+0000] {dag.py:3089} INFO - Sync 1 DAGs
[2024-10-22T14:34:58.699+0000] {logging_mixin.py:188} INFO - [2024-10-22T14:34:58.699+0000] {dag.py:3947} INFO - Setting next_dagrun for example_branch_labels to 2024-10-21 00:00:00+00:00, run_after=2024-10-22 00:00:00+00:00
[2024-10-22T14:34:58.712+0000] {processor.py:183} INFO - Processing /home/airflow/.local/lib/python3.12/site-packages/airflow/example_dags/example_branch_labels.py took 0.109 seconds
[2024-10-22T14:35:29.033+0000] {processor.py:161} INFO - Started process (PID=929) to work on /home/airflow/.local/lib/python3.12/site-packages/airflow/example_dags/example_branch_labels.py
[2024-10-22T14:35:29.033+0000] {processor.py:830} INFO - Processing file /home/airflow/.local/lib/python3.12/site-packages/airflow/example_dags/example_branch_labels.py for tasks to queue
[2024-10-22T14:35:29.035+0000] {logging_mixin.py:188} INFO - [2024-10-22T14:35:29.035+0000] {dagbag.py:545} INFO - Filling up the DagBag from /home/airflow/.local/lib/python3.12/site-packages/airflow/example_dags/example_branch_labels.py
[2024-10-22T14:35:29.040+0000] {processor.py:840} INFO - DAG(s) 'example_branch_labels' retrieved from /home/airflow/.local/lib/python3.12/site-packages/airflow/example_dags/example_branch_labels.py
[2024-10-22T14:35:29.054+0000] {logging_mixin.py:188} INFO - [2024-10-22T14:35:29.054+0000] {dag.py:3089} INFO - Sync 1 DAGs
[2024-10-22T14:35:29.068+0000] {logging_mixin.py:188} INFO - [2024-10-22T14:35:29.068+0000] {dag.py:3947} INFO - Setting next_dagrun for example_branch_labels to 2024-10-21 00:00:00+00:00, run_after=2024-10-22 00:00:00+00:00
[2024-10-22T14:35:29.080+0000] {processor.py:183} INFO - Processing /home/airflow/.local/lib/python3.12/site-packages/airflow/example_dags/example_branch_labels.py took 0.051 seconds
[2024-10-22T14:35:59.264+0000] {processor.py:161} INFO - Started process (PID=1198) to work on /home/airflow/.local/lib/python3.12/site-packages/airflow/example_dags/example_branch_labels.py
[2024-10-22T14:35:59.265+0000] {processor.py:830} INFO - Processing file /home/airflow/.local/lib/python3.12/site-packages/airflow/example_dags/example_branch_labels.py for tasks to queue
[2024-10-22T14:35:59.266+0000] {logging_mixin.py:188} INFO - [2024-10-22T14:35:59.266+0000] {dagbag.py:545} INFO - Filling up the DagBag from /home/airflow/.local/lib/python3.12/site-packages/airflow/example_dags/example_branch_labels.py
[2024-10-22T14:35:59.271+0000] {processor.py:840} INFO - DAG(s) 'example_branch_labels' retrieved from /home/airflow/.local/lib/python3.12/site-packages/airflow/example_dags/example_branch_labels.py
[2024-10-22T14:35:59.285+0000] {logging_mixin.py:188} INFO - [2024-10-22T14:35:59.285+0000] {dag.py:3089} INFO - Sync 1 DAGs
[2024-10-22T14:35:59.300+0000] {logging_mixin.py:188} INFO - [2024-10-22T14:35:59.300+0000] {dag.py:3947} INFO - Setting next_dagrun for example_branch_labels to 2024-10-21 00:00:00+00:00, run_after=2024-10-22 00:00:00+00:00
[2024-10-22T14:35:59.311+0000] {processor.py:183} INFO - Processing /home/airflow/.local/lib/python3.12/site-packages/airflow/example_dags/example_branch_labels.py took 0.051 seconds
[2024-10-22T14:36:29.601+0000] {processor.py:161} INFO - Started process (PID=1465) to work on /home/airflow/.local/lib/python3.12/site-packages/airflow/example_dags/example_branch_labels.py
[2024-10-22T14:36:29.602+0000] {processor.py:830} INFO - Processing file /home/airflow/.local/lib/python3.12/site-packages/airflow/example_dags/example_branch_labels.py for tasks to queue
[2024-10-22T14:36:29.603+0000] {logging_mixin.py:188} INFO - [2024-10-22T14:36:29.603+0000] {dagbag.py:545} INFO - Filling up the DagBag from /home/airflow/.local/lib/python3.12/site-packages/airflow/example_dags/example_branch_labels.py
[2024-10-22T14:36:29.609+0000] {processor.py:840} INFO - DAG(s) 'example_branch_labels' retrieved from /home/airflow/.local/lib/python3.12/site-packages/airflow/example_dags/example_branch_labels.py
[2024-10-22T14:36:29.623+0000] {logging_mixin.py:188} INFO - [2024-10-22T14:36:29.623+0000] {dag.py:3089} INFO - Sync 1 DAGs
[2024-10-22T14:36:29.638+0000] {logging_mixin.py:188} INFO - [2024-10-22T14:36:29.638+0000] {dag.py:3947} INFO - Setting next_dagrun for example_branch_labels to 2024-10-21 00:00:00+00:00, run_after=2024-10-22 00:00:00+00:00
[2024-10-22T14:36:29.650+0000] {processor.py:183} INFO - Processing /home/airflow/.local/lib/python3.12/site-packages/airflow/example_dags/example_branch_labels.py took 0.053 seconds
[2024-10-22T14:36:59.819+0000] {processor.py:161} INFO - Started process (PID=1732) to work on /home/airflow/.local/lib/python3.12/site-packages/airflow/example_dags/example_branch_labels.py
[2024-10-22T14:36:59.819+0000] {processor.py:830} INFO - Processing file /home/airflow/.local/lib/python3.12/site-packages/airflow/example_dags/example_branch_labels.py for tasks to queue
[2024-10-22T14:36:59.821+0000] {logging_mixin.py:188} INFO - [2024-10-22T14:36:59.821+0000] {dagbag.py:545} INFO - Filling up the DagBag from /home/airflow/.local/lib/python3.12/site-packages/airflow/example_dags/example_branch_labels.py
[2024-10-22T14:36:59.826+0000] {processor.py:840} INFO - DAG(s) 'example_branch_labels' retrieved from /home/airflow/.local/lib/python3.12/site-packages/airflow/example_dags/example_branch_labels.py
[2024-10-22T14:36:59.841+0000] {logging_mixin.py:188} INFO - [2024-10-22T14:36:59.841+0000] {dag.py:3089} INFO - Sync 1 DAGs
[2024-10-22T14:36:59.857+0000] {logging_mixin.py:188} INFO - [2024-10-22T14:36:59.856+0000] {dag.py:3947} INFO - Setting next_dagrun for example_branch_labels to 2024-10-21 00:00:00+00:00, run_after=2024-10-22 00:00:00+00:00
[2024-10-22T14:36:59.869+0000] {processor.py:183} INFO - Processing /home/airflow/.local/lib/python3.12/site-packages/airflow/example_dags/example_branch_labels.py took 0.055 seconds
[2024-10-22T14:37:30.016+0000] {processor.py:161} INFO - Started process (PID=1999) to work on /home/airflow/.local/lib/python3.12/site-packages/airflow/example_dags/example_branch_labels.py
[2024-10-22T14:37:30.016+0000] {processor.py:830} INFO - Processing file /home/airflow/.local/lib/python3.12/site-packages/airflow/example_dags/example_branch_labels.py for tasks to queue
[2024-10-22T14:37:30.018+0000] {logging_mixin.py:188} INFO - [2024-10-22T14:37:30.017+0000] {dagbag.py:545} INFO - Filling up the DagBag from /home/airflow/.local/lib/python3.12/site-packages/airflow/example_dags/example_branch_labels.py
[2024-10-22T14:37:30.023+0000] {processor.py:840} INFO - DAG(s) 'example_branch_labels' retrieved from /home/airflow/.local/lib/python3.12/site-packages/airflow/example_dags/example_branch_labels.py
[2024-10-22T14:37:30.037+0000] {logging_mixin.py:188} INFO - [2024-10-22T14:37:30.037+0000] {dag.py:3089} INFO - Sync 1 DAGs
[2024-10-22T14:37:30.051+0000] {logging_mixin.py:188} INFO - [2024-10-22T14:37:30.051+0000] {dag.py:3947} INFO - Setting next_dagrun for example_branch_labels to 2024-10-21 00:00:00+00:00, run_after=2024-10-22 00:00:00+00:00
[2024-10-22T14:37:30.062+0000] {processor.py:183} INFO - Processing /home/airflow/.local/lib/python3.12/site-packages/airflow/example_dags/example_branch_labels.py took 0.051 seconds
[2024-10-22T14:38:00.148+0000] {processor.py:161} INFO - Started process (PID=2264) to work on /home/airflow/.local/lib/python3.12/site-packages/airflow/example_dags/example_branch_labels.py
[2024-10-22T14:38:00.149+0000] {processor.py:830} INFO - Processing file /home/airflow/.local/lib/python3.12/site-packages/airflow/example_dags/example_branch_labels.py for tasks to queue
[2024-10-22T14:38:00.150+0000] {logging_mixin.py:188} INFO - [2024-10-22T14:38:00.150+0000] {dagbag.py:545} INFO - Filling up the DagBag from /home/airflow/.local/lib/python3.12/site-packages/airflow/example_dags/example_branch_labels.py
[2024-10-22T14:38:00.155+0000] {processor.py:840} INFO - DAG(s) 'example_branch_labels' retrieved from /home/airflow/.local/lib/python3.12/site-packages/airflow/example_dags/example_branch_labels.py
[2024-10-22T14:38:00.169+0000] {logging_mixin.py:188} INFO - [2024-10-22T14:38:00.169+0000] {dag.py:3089} INFO - Sync 1 DAGs
[2024-10-22T14:38:00.184+0000] {logging_mixin.py:188} INFO - [2024-10-22T14:38:00.184+0000] {dag.py:3947} INFO - Setting next_dagrun for example_branch_labels to 2024-10-21 00:00:00+00:00, run_after=2024-10-22 00:00:00+00:00
[2024-10-22T14:38:00.196+0000] {processor.py:183} INFO - Processing /home/airflow/.local/lib/python3.12/site-packages/airflow/example_dags/example_branch_labels.py took 0.052 seconds
[2024-10-22T14:38:30.270+0000] {processor.py:161} INFO - Started process (PID=2531) to work on /home/airflow/.local/lib/python3.12/site-packages/airflow/example_dags/example_branch_labels.py
[2024-10-22T14:38:30.271+0000] {processor.py:830} INFO - Processing file /home/airflow/.local/lib/python3.12/site-packages/airflow/example_dags/example_branch_labels.py for tasks to queue
[2024-10-22T14:38:30.272+0000] {logging_mixin.py:188} INFO - [2024-10-22T14:38:30.272+0000] {dagbag.py:545} INFO - Filling up the DagBag from /home/airflow/.local/lib/python3.12/site-packages/airflow/example_dags/example_branch_labels.py
[2024-10-22T14:38:30.278+0000] {processor.py:840} INFO - DAG(s) 'example_branch_labels' retrieved from /home/airflow/.local/lib/python3.12/site-packages/airflow/example_dags/example_branch_labels.py
[2024-10-22T14:38:30.294+0000] {logging_mixin.py:188} INFO - [2024-10-22T14:38:30.294+0000] {dag.py:3089} INFO - Sync 1 DAGs
[2024-10-22T14:38:30.313+0000] {logging_mixin.py:188} INFO - [2024-10-22T14:38:30.313+0000] {dag.py:3947} INFO - Setting next_dagrun for example_branch_labels to 2024-10-21 00:00:00+00:00, run_after=2024-10-22 00:00:00+00:00
[2024-10-22T14:38:30.327+0000] {processor.py:183} INFO - Processing /home/airflow/.local/lib/python3.12/site-packages/airflow/example_dags/example_branch_labels.py took 0.061 seconds
[2024-10-22T14:39:00.923+0000] {processor.py:161} INFO - Started process (PID=2800) to work on /home/airflow/.local/lib/python3.12/site-packages/airflow/example_dags/example_branch_labels.py
[2024-10-22T14:39:00.923+0000] {processor.py:830} INFO - Processing file /home/airflow/.local/lib/python3.12/site-packages/airflow/example_dags/example_branch_labels.py for tasks to queue
[2024-10-22T14:39:00.925+0000] {logging_mixin.py:188} INFO - [2024-10-22T14:39:00.924+0000] {dagbag.py:545} INFO - Filling up the DagBag from /home/airflow/.local/lib/python3.12/site-packages/airflow/example_dags/example_branch_labels.py
[2024-10-22T14:39:00.929+0000] {processor.py:840} INFO - DAG(s) 'example_branch_labels' retrieved from /home/airflow/.local/lib/python3.12/site-packages/airflow/example_dags/example_branch_labels.py
[2024-10-22T14:39:00.944+0000] {logging_mixin.py:188} INFO - [2024-10-22T14:39:00.944+0000] {dag.py:3089} INFO - Sync 1 DAGs
[2024-10-22T14:39:00.959+0000] {logging_mixin.py:188} INFO - [2024-10-22T14:39:00.958+0000] {dag.py:3947} INFO - Setting next_dagrun for example_branch_labels to 2024-10-21 00:00:00+00:00, run_after=2024-10-22 00:00:00+00:00
[2024-10-22T14:39:00.970+0000] {processor.py:183} INFO - Processing /home/airflow/.local/lib/python3.12/site-packages/airflow/example_dags/example_branch_labels.py took 0.051 seconds
[2024-10-22T14:39:31.041+0000] {processor.py:161} INFO - Started process (PID=3067) to work on /home/airflow/.local/lib/python3.12/site-packages/airflow/example_dags/example_branch_labels.py
[2024-10-22T14:39:31.041+0000] {processor.py:830} INFO - Processing file /home/airflow/.local/lib/python3.12/site-packages/airflow/example_dags/example_branch_labels.py for tasks to queue
[2024-10-22T14:39:31.043+0000] {logging_mixin.py:188} INFO - [2024-10-22T14:39:31.042+0000] {dagbag.py:545} INFO - Filling up the DagBag from /home/airflow/.local/lib/python3.12/site-packages/airflow/example_dags/example_branch_labels.py
[2024-10-22T14:39:31.048+0000] {processor.py:840} INFO - DAG(s) 'example_branch_labels' retrieved from /home/airflow/.local/lib/python3.12/site-packages/airflow/example_dags/example_branch_labels.py
[2024-10-22T14:39:31.062+0000] {logging_mixin.py:188} INFO - [2024-10-22T14:39:31.062+0000] {dag.py:3089} INFO - Sync 1 DAGs
[2024-10-22T14:39:31.076+0000] {logging_mixin.py:188} INFO - [2024-10-22T14:39:31.076+0000] {dag.py:3947} INFO - Setting next_dagrun for example_branch_labels to 2024-10-21 00:00:00+00:00, run_after=2024-10-22 00:00:00+00:00
[2024-10-22T14:39:31.088+0000] {processor.py:183} INFO - Processing /home/airflow/.local/lib/python3.12/site-packages/airflow/example_dags/example_branch_labels.py took 0.051 seconds
[2024-10-22T14:40:01.269+0000] {processor.py:161} INFO - Started process (PID=3334) to work on /home/airflow/.local/lib/python3.12/site-packages/airflow/example_dags/example_branch_labels.py
[2024-10-22T14:40:01.270+0000] {processor.py:830} INFO - Processing file /home/airflow/.local/lib/python3.12/site-packages/airflow/example_dags/example_branch_labels.py for tasks to queue
[2024-10-22T14:40:01.271+0000] {logging_mixin.py:188} INFO - [2024-10-22T14:40:01.271+0000] {dagbag.py:545} INFO - Filling up the DagBag from /home/airflow/.local/lib/python3.12/site-packages/airflow/example_dags/example_branch_labels.py
[2024-10-22T14:40:01.277+0000] {processor.py:840} INFO - DAG(s) 'example_branch_labels' retrieved from /home/airflow/.local/lib/python3.12/site-packages/airflow/example_dags/example_branch_labels.py
[2024-10-22T14:40:01.292+0000] {logging_mixin.py:188} INFO - [2024-10-22T14:40:01.292+0000] {dag.py:3089} INFO - Sync 1 DAGs
[2024-10-22T14:40:01.310+0000] {logging_mixin.py:188} INFO - [2024-10-22T14:40:01.310+0000] {dag.py:3947} INFO - Setting next_dagrun for example_branch_labels to 2024-10-21 00:00:00+00:00, run_after=2024-10-22 00:00:00+00:00
[2024-10-22T14:40:01.322+0000] {processor.py:183} INFO - Processing /home/airflow/.local/lib/python3.12/site-packages/airflow/example_dags/example_branch_labels.py took 0.057 seconds
[2024-10-22T14:40:31.456+0000] {processor.py:161} INFO - Started process (PID=3601) to work on /home/airflow/.local/lib/python3.12/site-packages/airflow/example_dags/example_branch_labels.py
[2024-10-22T14:40:31.457+0000] {processor.py:830} INFO - Processing file /home/airflow/.local/lib/python3.12/site-packages/airflow/example_dags/example_branch_labels.py for tasks to queue
[2024-10-22T14:40:31.458+0000] {logging_mixin.py:188} INFO - [2024-10-22T14:40:31.458+0000] {dagbag.py:545} INFO - Filling up the DagBag from /home/airflow/.local/lib/python3.12/site-packages/airflow/example_dags/example_branch_labels.py
[2024-10-22T14:40:31.464+0000] {processor.py:840} INFO - DAG(s) 'example_branch_labels' retrieved from /home/airflow/.local/lib/python3.12/site-packages/airflow/example_dags/example_branch_labels.py
[2024-10-22T14:40:31.480+0000] {logging_mixin.py:188} INFO - [2024-10-22T14:40:31.480+0000] {dag.py:3089} INFO - Sync 1 DAGs
[2024-10-22T14:40:31.496+0000] {logging_mixin.py:188} INFO - [2024-10-22T14:40:31.496+0000] {dag.py:3947} INFO - Setting next_dagrun for example_branch_labels to 2024-10-21 00:00:00+00:00, run_after=2024-10-22 00:00:00+00:00
[2024-10-22T14:40:31.508+0000] {processor.py:183} INFO - Processing /home/airflow/.local/lib/python3.12/site-packages/airflow/example_dags/example_branch_labels.py took 0.055 seconds
[2024-10-22T14:41:01.557+0000] {processor.py:161} INFO - Started process (PID=3866) to work on /home/airflow/.local/lib/python3.12/site-packages/airflow/example_dags/example_branch_labels.py
[2024-10-22T14:41:01.557+0000] {processor.py:830} INFO - Processing file /home/airflow/.local/lib/python3.12/site-packages/airflow/example_dags/example_branch_labels.py for tasks to queue
[2024-10-22T14:41:01.559+0000] {logging_mixin.py:188} INFO - [2024-10-22T14:41:01.558+0000] {dagbag.py:545} INFO - Filling up the DagBag from /home/airflow/.local/lib/python3.12/site-packages/airflow/example_dags/example_branch_labels.py
[2024-10-22T14:41:01.564+0000] {processor.py:840} INFO - DAG(s) 'example_branch_labels' retrieved from /home/airflow/.local/lib/python3.12/site-packages/airflow/example_dags/example_branch_labels.py
[2024-10-22T14:41:01.578+0000] {logging_mixin.py:188} INFO - [2024-10-22T14:41:01.578+0000] {dag.py:3089} INFO - Sync 1 DAGs
[2024-10-22T14:41:01.594+0000] {logging_mixin.py:188} INFO - [2024-10-22T14:41:01.594+0000] {dag.py:3947} INFO - Setting next_dagrun for example_branch_labels to 2024-10-21 00:00:00+00:00, run_after=2024-10-22 00:00:00+00:00
[2024-10-22T14:41:01.605+0000] {processor.py:183} INFO - Processing /home/airflow/.local/lib/python3.12/site-packages/airflow/example_dags/example_branch_labels.py took 0.053 seconds
[2024-10-22T14:41:31.899+0000] {processor.py:161} INFO - Started process (PID=4133) to work on /home/airflow/.local/lib/python3.12/site-packages/airflow/example_dags/example_branch_labels.py
[2024-10-22T14:41:31.900+0000] {processor.py:830} INFO - Processing file /home/airflow/.local/lib/python3.12/site-packages/airflow/example_dags/example_branch_labels.py for tasks to queue
[2024-10-22T14:41:31.901+0000] {logging_mixin.py:188} INFO - [2024-10-22T14:41:31.901+0000] {dagbag.py:545} INFO - Filling up the DagBag from /home/airflow/.local/lib/python3.12/site-packages/airflow/example_dags/example_branch_labels.py
[2024-10-22T14:41:31.907+0000] {processor.py:840} INFO - DAG(s) 'example_branch_labels' retrieved from /home/airflow/.local/lib/python3.12/site-packages/airflow/example_dags/example_branch_labels.py
[2024-10-22T14:41:31.921+0000] {logging_mixin.py:188} INFO - [2024-10-22T14:41:31.921+0000] {dag.py:3089} INFO - Sync 1 DAGs
[2024-10-22T14:41:31.936+0000] {logging_mixin.py:188} INFO - [2024-10-22T14:41:31.936+0000] {dag.py:3947} INFO - Setting next_dagrun for example_branch_labels to 2024-10-21 00:00:00+00:00, run_after=2024-10-22 00:00:00+00:00
[2024-10-22T14:41:31.949+0000] {processor.py:183} INFO - Processing /home/airflow/.local/lib/python3.12/site-packages/airflow/example_dags/example_branch_labels.py took 0.053 seconds
[2024-10-22T14:42:02.015+0000] {processor.py:161} INFO - Started process (PID=4400) to work on /home/airflow/.local/lib/python3.12/site-packages/airflow/example_dags/example_branch_labels.py
[2024-10-22T14:42:02.016+0000] {processor.py:830} INFO - Processing file /home/airflow/.local/lib/python3.12/site-packages/airflow/example_dags/example_branch_labels.py for tasks to queue
[2024-10-22T14:42:02.017+0000] {logging_mixin.py:188} INFO - [2024-10-22T14:42:02.017+0000] {dagbag.py:545} INFO - Filling up the DagBag from /home/airflow/.local/lib/python3.12/site-packages/airflow/example_dags/example_branch_labels.py
[2024-10-22T14:42:02.022+0000] {processor.py:840} INFO - DAG(s) 'example_branch_labels' retrieved from /home/airflow/.local/lib/python3.12/site-packages/airflow/example_dags/example_branch_labels.py
[2024-10-22T14:42:02.036+0000] {logging_mixin.py:188} INFO - [2024-10-22T14:42:02.036+0000] {dag.py:3089} INFO - Sync 1 DAGs
[2024-10-22T14:42:02.050+0000] {logging_mixin.py:188} INFO - [2024-10-22T14:42:02.050+0000] {dag.py:3947} INFO - Setting next_dagrun for example_branch_labels to 2024-10-21 00:00:00+00:00, run_after=2024-10-22 00:00:00+00:00
[2024-10-22T14:42:02.062+0000] {processor.py:183} INFO - Processing /home/airflow/.local/lib/python3.12/site-packages/airflow/example_dags/example_branch_labels.py took 0.051 seconds
[2024-10-22T14:42:49.295+0000] {processor.py:161} INFO - Started process (PID=397) to work on /home/airflow/.local/lib/python3.12/site-packages/airflow/example_dags/example_branch_labels.py
[2024-10-22T14:42:49.296+0000] {processor.py:830} INFO - Processing file /home/airflow/.local/lib/python3.12/site-packages/airflow/example_dags/example_branch_labels.py for tasks to queue
[2024-10-22T14:42:49.297+0000] {logging_mixin.py:188} INFO - [2024-10-22T14:42:49.297+0000] {dagbag.py:545} INFO - Filling up the DagBag from /home/airflow/.local/lib/python3.12/site-packages/airflow/example_dags/example_branch_labels.py
[2024-10-22T14:42:49.303+0000] {processor.py:840} INFO - DAG(s) 'example_branch_labels' retrieved from /home/airflow/.local/lib/python3.12/site-packages/airflow/example_dags/example_branch_labels.py
[2024-10-22T14:42:49.314+0000] {logging_mixin.py:188} INFO - [2024-10-22T14:42:49.313+0000] {dag.py:3089} INFO - Sync 1 DAGs
[2024-10-22T14:42:49.331+0000] {logging_mixin.py:188} INFO - [2024-10-22T14:42:49.330+0000] {dag.py:3947} INFO - Setting next_dagrun for example_branch_labels to 2024-10-21 00:00:00+00:00, run_after=2024-10-22 00:00:00+00:00
[2024-10-22T14:42:49.346+0000] {processor.py:183} INFO - Processing /home/airflow/.local/lib/python3.12/site-packages/airflow/example_dags/example_branch_labels.py took 0.055 seconds
[2024-10-22T14:43:20.535+0000] {processor.py:161} INFO - Started process (PID=662) to work on /home/airflow/.local/lib/python3.12/site-packages/airflow/example_dags/example_branch_labels.py
[2024-10-22T14:43:20.536+0000] {processor.py:830} INFO - Processing file /home/airflow/.local/lib/python3.12/site-packages/airflow/example_dags/example_branch_labels.py for tasks to queue
[2024-10-22T14:43:20.537+0000] {logging_mixin.py:188} INFO - [2024-10-22T14:43:20.537+0000] {dagbag.py:545} INFO - Filling up the DagBag from /home/airflow/.local/lib/python3.12/site-packages/airflow/example_dags/example_branch_labels.py
[2024-10-22T14:43:20.542+0000] {processor.py:840} INFO - DAG(s) 'example_branch_labels' retrieved from /home/airflow/.local/lib/python3.12/site-packages/airflow/example_dags/example_branch_labels.py
[2024-10-22T14:43:20.615+0000] {logging_mixin.py:188} INFO - [2024-10-22T14:43:20.615+0000] {dag.py:3089} INFO - Sync 1 DAGs
[2024-10-22T14:43:20.629+0000] {logging_mixin.py:188} INFO - [2024-10-22T14:43:20.628+0000] {dag.py:3947} INFO - Setting next_dagrun for example_branch_labels to 2024-10-21 00:00:00+00:00, run_after=2024-10-22 00:00:00+00:00
[2024-10-22T14:43:20.642+0000] {processor.py:183} INFO - Processing /home/airflow/.local/lib/python3.12/site-packages/airflow/example_dags/example_branch_labels.py took 0.111 seconds
[2024-10-22T14:43:50.694+0000] {processor.py:161} INFO - Started process (PID=934) to work on /home/airflow/.local/lib/python3.12/site-packages/airflow/example_dags/example_branch_labels.py
[2024-10-22T14:43:50.694+0000] {processor.py:830} INFO - Processing file /home/airflow/.local/lib/python3.12/site-packages/airflow/example_dags/example_branch_labels.py for tasks to queue
[2024-10-22T14:43:50.696+0000] {logging_mixin.py:188} INFO - [2024-10-22T14:43:50.696+0000] {dagbag.py:545} INFO - Filling up the DagBag from /home/airflow/.local/lib/python3.12/site-packages/airflow/example_dags/example_branch_labels.py
[2024-10-22T14:43:50.701+0000] {processor.py:840} INFO - DAG(s) 'example_branch_labels' retrieved from /home/airflow/.local/lib/python3.12/site-packages/airflow/example_dags/example_branch_labels.py
[2024-10-22T14:43:50.715+0000] {logging_mixin.py:188} INFO - [2024-10-22T14:43:50.715+0000] {dag.py:3089} INFO - Sync 1 DAGs
[2024-10-22T14:43:50.730+0000] {logging_mixin.py:188} INFO - [2024-10-22T14:43:50.730+0000] {dag.py:3947} INFO - Setting next_dagrun for example_branch_labels to 2024-10-21 00:00:00+00:00, run_after=2024-10-22 00:00:00+00:00
[2024-10-22T14:43:50.741+0000] {processor.py:183} INFO - Processing /home/airflow/.local/lib/python3.12/site-packages/airflow/example_dags/example_branch_labels.py took 0.052 seconds
[2024-10-22T14:44:20.799+0000] {processor.py:161} INFO - Started process (PID=1201) to work on /home/airflow/.local/lib/python3.12/site-packages/airflow/example_dags/example_branch_labels.py
[2024-10-22T14:44:20.800+0000] {processor.py:830} INFO - Processing file /home/airflow/.local/lib/python3.12/site-packages/airflow/example_dags/example_branch_labels.py for tasks to queue
[2024-10-22T14:44:20.801+0000] {logging_mixin.py:188} INFO - [2024-10-22T14:44:20.801+0000] {dagbag.py:545} INFO - Filling up the DagBag from /home/airflow/.local/lib/python3.12/site-packages/airflow/example_dags/example_branch_labels.py
[2024-10-22T14:44:20.807+0000] {processor.py:840} INFO - DAG(s) 'example_branch_labels' retrieved from /home/airflow/.local/lib/python3.12/site-packages/airflow/example_dags/example_branch_labels.py
[2024-10-22T14:44:20.822+0000] {logging_mixin.py:188} INFO - [2024-10-22T14:44:20.822+0000] {dag.py:3089} INFO - Sync 1 DAGs
[2024-10-22T14:44:20.840+0000] {logging_mixin.py:188} INFO - [2024-10-22T14:44:20.840+0000] {dag.py:3947} INFO - Setting next_dagrun for example_branch_labels to 2024-10-21 00:00:00+00:00, run_after=2024-10-22 00:00:00+00:00
[2024-10-22T14:44:20.854+0000] {processor.py:183} INFO - Processing /home/airflow/.local/lib/python3.12/site-packages/airflow/example_dags/example_branch_labels.py took 0.059 seconds
[2024-10-22T14:44:51.811+0000] {processor.py:161} INFO - Started process (PID=1468) to work on /home/airflow/.local/lib/python3.12/site-packages/airflow/example_dags/example_branch_labels.py
[2024-10-22T14:44:51.811+0000] {processor.py:830} INFO - Processing file /home/airflow/.local/lib/python3.12/site-packages/airflow/example_dags/example_branch_labels.py for tasks to queue
[2024-10-22T14:44:51.813+0000] {logging_mixin.py:188} INFO - [2024-10-22T14:44:51.812+0000] {dagbag.py:545} INFO - Filling up the DagBag from /home/airflow/.local/lib/python3.12/site-packages/airflow/example_dags/example_branch_labels.py
[2024-10-22T14:44:51.817+0000] {processor.py:840} INFO - DAG(s) 'example_branch_labels' retrieved from /home/airflow/.local/lib/python3.12/site-packages/airflow/example_dags/example_branch_labels.py
[2024-10-22T14:44:51.833+0000] {logging_mixin.py:188} INFO - [2024-10-22T14:44:51.832+0000] {dag.py:3089} INFO - Sync 1 DAGs
[2024-10-22T14:44:51.847+0000] {logging_mixin.py:188} INFO - [2024-10-22T14:44:51.847+0000] {dag.py:3947} INFO - Setting next_dagrun for example_branch_labels to 2024-10-21 00:00:00+00:00, run_after=2024-10-22 00:00:00+00:00
[2024-10-22T14:44:51.859+0000] {processor.py:183} INFO - Processing /home/airflow/.local/lib/python3.12/site-packages/airflow/example_dags/example_branch_labels.py took 0.052 seconds
[2024-10-22T14:45:21.965+0000] {processor.py:161} INFO - Started process (PID=1735) to work on /home/airflow/.local/lib/python3.12/site-packages/airflow/example_dags/example_branch_labels.py
[2024-10-22T14:45:21.966+0000] {processor.py:830} INFO - Processing file /home/airflow/.local/lib/python3.12/site-packages/airflow/example_dags/example_branch_labels.py for tasks to queue
[2024-10-22T14:45:21.967+0000] {logging_mixin.py:188} INFO - [2024-10-22T14:45:21.967+0000] {dagbag.py:545} INFO - Filling up the DagBag from /home/airflow/.local/lib/python3.12/site-packages/airflow/example_dags/example_branch_labels.py
[2024-10-22T14:45:21.972+0000] {processor.py:840} INFO - DAG(s) 'example_branch_labels' retrieved from /home/airflow/.local/lib/python3.12/site-packages/airflow/example_dags/example_branch_labels.py
[2024-10-22T14:45:21.988+0000] {logging_mixin.py:188} INFO - [2024-10-22T14:45:21.988+0000] {dag.py:3089} INFO - Sync 1 DAGs
[2024-10-22T14:45:22.003+0000] {logging_mixin.py:188} INFO - [2024-10-22T14:45:22.002+0000] {dag.py:3947} INFO - Setting next_dagrun for example_branch_labels to 2024-10-21 00:00:00+00:00, run_after=2024-10-22 00:00:00+00:00
[2024-10-22T14:45:22.014+0000] {processor.py:183} INFO - Processing /home/airflow/.local/lib/python3.12/site-packages/airflow/example_dags/example_branch_labels.py took 0.053 seconds
[2024-10-22T14:45:52.598+0000] {processor.py:161} INFO - Started process (PID=2002) to work on /home/airflow/.local/lib/python3.12/site-packages/airflow/example_dags/example_branch_labels.py
[2024-10-22T14:45:52.599+0000] {processor.py:830} INFO - Processing file /home/airflow/.local/lib/python3.12/site-packages/airflow/example_dags/example_branch_labels.py for tasks to queue
[2024-10-22T14:45:52.600+0000] {logging_mixin.py:188} INFO - [2024-10-22T14:45:52.600+0000] {dagbag.py:545} INFO - Filling up the DagBag from /home/airflow/.local/lib/python3.12/site-packages/airflow/example_dags/example_branch_labels.py
[2024-10-22T14:45:52.605+0000] {processor.py:840} INFO - DAG(s) 'example_branch_labels' retrieved from /home/airflow/.local/lib/python3.12/site-packages/airflow/example_dags/example_branch_labels.py
[2024-10-22T14:45:52.623+0000] {logging_mixin.py:188} INFO - [2024-10-22T14:45:52.622+0000] {dag.py:3089} INFO - Sync 1 DAGs
[2024-10-22T14:45:52.639+0000] {logging_mixin.py:188} INFO - [2024-10-22T14:45:52.639+0000] {dag.py:3947} INFO - Setting next_dagrun for example_branch_labels to 2024-10-21 00:00:00+00:00, run_after=2024-10-22 00:00:00+00:00
[2024-10-22T14:45:52.653+0000] {processor.py:183} INFO - Processing /home/airflow/.local/lib/python3.12/site-packages/airflow/example_dags/example_branch_labels.py took 0.060 seconds
[2024-10-22T14:46:23.608+0000] {processor.py:161} INFO - Started process (PID=2269) to work on /home/airflow/.local/lib/python3.12/site-packages/airflow/example_dags/example_branch_labels.py
[2024-10-22T14:46:23.609+0000] {processor.py:830} INFO - Processing file /home/airflow/.local/lib/python3.12/site-packages/airflow/example_dags/example_branch_labels.py for tasks to queue
[2024-10-22T14:46:23.610+0000] {logging_mixin.py:188} INFO - [2024-10-22T14:46:23.610+0000] {dagbag.py:545} INFO - Filling up the DagBag from /home/airflow/.local/lib/python3.12/site-packages/airflow/example_dags/example_branch_labels.py
[2024-10-22T14:46:23.615+0000] {processor.py:840} INFO - DAG(s) 'example_branch_labels' retrieved from /home/airflow/.local/lib/python3.12/site-packages/airflow/example_dags/example_branch_labels.py
[2024-10-22T14:46:23.631+0000] {logging_mixin.py:188} INFO - [2024-10-22T14:46:23.631+0000] {dag.py:3089} INFO - Sync 1 DAGs
[2024-10-22T14:46:23.647+0000] {logging_mixin.py:188} INFO - [2024-10-22T14:46:23.647+0000] {dag.py:3947} INFO - Setting next_dagrun for example_branch_labels to 2024-10-21 00:00:00+00:00, run_after=2024-10-22 00:00:00+00:00
[2024-10-22T14:46:23.660+0000] {processor.py:183} INFO - Processing /home/airflow/.local/lib/python3.12/site-packages/airflow/example_dags/example_branch_labels.py took 0.055 seconds
[2024-10-22T14:46:54.322+0000] {processor.py:161} INFO - Started process (PID=2539) to work on /home/airflow/.local/lib/python3.12/site-packages/airflow/example_dags/example_branch_labels.py
[2024-10-22T14:46:54.322+0000] {processor.py:830} INFO - Processing file /home/airflow/.local/lib/python3.12/site-packages/airflow/example_dags/example_branch_labels.py for tasks to queue
[2024-10-22T14:46:54.324+0000] {logging_mixin.py:188} INFO - [2024-10-22T14:46:54.323+0000] {dagbag.py:545} INFO - Filling up the DagBag from /home/airflow/.local/lib/python3.12/site-packages/airflow/example_dags/example_branch_labels.py
[2024-10-22T14:46:54.329+0000] {processor.py:840} INFO - DAG(s) 'example_branch_labels' retrieved from /home/airflow/.local/lib/python3.12/site-packages/airflow/example_dags/example_branch_labels.py
[2024-10-22T14:46:54.344+0000] {logging_mixin.py:188} INFO - [2024-10-22T14:46:54.343+0000] {dag.py:3089} INFO - Sync 1 DAGs
[2024-10-22T14:46:54.359+0000] {logging_mixin.py:188} INFO - [2024-10-22T14:46:54.359+0000] {dag.py:3947} INFO - Setting next_dagrun for example_branch_labels to 2024-10-21 00:00:00+00:00, run_after=2024-10-22 00:00:00+00:00
[2024-10-22T14:46:54.372+0000] {processor.py:183} INFO - Processing /home/airflow/.local/lib/python3.12/site-packages/airflow/example_dags/example_branch_labels.py took 0.054 seconds
[2024-10-22T14:47:24.651+0000] {processor.py:161} INFO - Started process (PID=2806) to work on /home/airflow/.local/lib/python3.12/site-packages/airflow/example_dags/example_branch_labels.py
[2024-10-22T14:47:24.652+0000] {processor.py:830} INFO - Processing file /home/airflow/.local/lib/python3.12/site-packages/airflow/example_dags/example_branch_labels.py for tasks to queue
[2024-10-22T14:47:24.653+0000] {logging_mixin.py:188} INFO - [2024-10-22T14:47:24.653+0000] {dagbag.py:545} INFO - Filling up the DagBag from /home/airflow/.local/lib/python3.12/site-packages/airflow/example_dags/example_branch_labels.py
[2024-10-22T14:47:24.658+0000] {processor.py:840} INFO - DAG(s) 'example_branch_labels' retrieved from /home/airflow/.local/lib/python3.12/site-packages/airflow/example_dags/example_branch_labels.py
[2024-10-22T14:47:24.673+0000] {logging_mixin.py:188} INFO - [2024-10-22T14:47:24.672+0000] {dag.py:3089} INFO - Sync 1 DAGs
[2024-10-22T14:47:24.687+0000] {logging_mixin.py:188} INFO - [2024-10-22T14:47:24.687+0000] {dag.py:3947} INFO - Setting next_dagrun for example_branch_labels to 2024-10-21 00:00:00+00:00, run_after=2024-10-22 00:00:00+00:00
[2024-10-22T14:47:24.698+0000] {processor.py:183} INFO - Processing /home/airflow/.local/lib/python3.12/site-packages/airflow/example_dags/example_branch_labels.py took 0.051 seconds
[2024-10-22T14:47:54.939+0000] {processor.py:161} INFO - Started process (PID=3073) to work on /home/airflow/.local/lib/python3.12/site-packages/airflow/example_dags/example_branch_labels.py
[2024-10-22T14:47:54.940+0000] {processor.py:830} INFO - Processing file /home/airflow/.local/lib/python3.12/site-packages/airflow/example_dags/example_branch_labels.py for tasks to queue
[2024-10-22T14:47:54.941+0000] {logging_mixin.py:188} INFO - [2024-10-22T14:47:54.941+0000] {dagbag.py:545} INFO - Filling up the DagBag from /home/airflow/.local/lib/python3.12/site-packages/airflow/example_dags/example_branch_labels.py
[2024-10-22T14:47:54.947+0000] {processor.py:840} INFO - DAG(s) 'example_branch_labels' retrieved from /home/airflow/.local/lib/python3.12/site-packages/airflow/example_dags/example_branch_labels.py
[2024-10-22T14:47:54.962+0000] {logging_mixin.py:188} INFO - [2024-10-22T14:47:54.962+0000] {dag.py:3089} INFO - Sync 1 DAGs
[2024-10-22T14:47:54.977+0000] {logging_mixin.py:188} INFO - [2024-10-22T14:47:54.977+0000] {dag.py:3947} INFO - Setting next_dagrun for example_branch_labels to 2024-10-21 00:00:00+00:00, run_after=2024-10-22 00:00:00+00:00
[2024-10-22T14:47:54.989+0000] {processor.py:183} INFO - Processing /home/airflow/.local/lib/python3.12/site-packages/airflow/example_dags/example_branch_labels.py took 0.054 seconds
[2024-10-22T14:48:25.376+0000] {processor.py:161} INFO - Started process (PID=3340) to work on /home/airflow/.local/lib/python3.12/site-packages/airflow/example_dags/example_branch_labels.py
[2024-10-22T14:48:25.377+0000] {processor.py:830} INFO - Processing file /home/airflow/.local/lib/python3.12/site-packages/airflow/example_dags/example_branch_labels.py for tasks to queue
[2024-10-22T14:48:25.378+0000] {logging_mixin.py:188} INFO - [2024-10-22T14:48:25.378+0000] {dagbag.py:545} INFO - Filling up the DagBag from /home/airflow/.local/lib/python3.12/site-packages/airflow/example_dags/example_branch_labels.py
[2024-10-22T14:48:25.383+0000] {processor.py:840} INFO - DAG(s) 'example_branch_labels' retrieved from /home/airflow/.local/lib/python3.12/site-packages/airflow/example_dags/example_branch_labels.py
[2024-10-22T14:48:25.398+0000] {logging_mixin.py:188} INFO - [2024-10-22T14:48:25.397+0000] {dag.py:3089} INFO - Sync 1 DAGs
[2024-10-22T14:48:25.413+0000] {logging_mixin.py:188} INFO - [2024-10-22T14:48:25.412+0000] {dag.py:3947} INFO - Setting next_dagrun for example_branch_labels to 2024-10-21 00:00:00+00:00, run_after=2024-10-22 00:00:00+00:00
[2024-10-22T14:48:25.424+0000] {processor.py:183} INFO - Processing /home/airflow/.local/lib/python3.12/site-packages/airflow/example_dags/example_branch_labels.py took 0.052 seconds
[2024-10-22T14:48:55.822+0000] {processor.py:161} INFO - Started process (PID=3607) to work on /home/airflow/.local/lib/python3.12/site-packages/airflow/example_dags/example_branch_labels.py
[2024-10-22T14:48:55.823+0000] {processor.py:830} INFO - Processing file /home/airflow/.local/lib/python3.12/site-packages/airflow/example_dags/example_branch_labels.py for tasks to queue
[2024-10-22T14:48:55.824+0000] {logging_mixin.py:188} INFO - [2024-10-22T14:48:55.824+0000] {dagbag.py:545} INFO - Filling up the DagBag from /home/airflow/.local/lib/python3.12/site-packages/airflow/example_dags/example_branch_labels.py
[2024-10-22T14:48:55.829+0000] {processor.py:840} INFO - DAG(s) 'example_branch_labels' retrieved from /home/airflow/.local/lib/python3.12/site-packages/airflow/example_dags/example_branch_labels.py
[2024-10-22T14:48:55.845+0000] {logging_mixin.py:188} INFO - [2024-10-22T14:48:55.844+0000] {dag.py:3089} INFO - Sync 1 DAGs
[2024-10-22T14:48:55.859+0000] {logging_mixin.py:188} INFO - [2024-10-22T14:48:55.859+0000] {dag.py:3947} INFO - Setting next_dagrun for example_branch_labels to 2024-10-21 00:00:00+00:00, run_after=2024-10-22 00:00:00+00:00
[2024-10-22T14:48:55.872+0000] {processor.py:183} INFO - Processing /home/airflow/.local/lib/python3.12/site-packages/airflow/example_dags/example_branch_labels.py took 0.054 seconds
[2024-10-22T14:49:26.130+0000] {processor.py:161} INFO - Started process (PID=3874) to work on /home/airflow/.local/lib/python3.12/site-packages/airflow/example_dags/example_branch_labels.py
[2024-10-22T14:49:26.131+0000] {processor.py:830} INFO - Processing file /home/airflow/.local/lib/python3.12/site-packages/airflow/example_dags/example_branch_labels.py for tasks to queue
[2024-10-22T14:49:26.132+0000] {logging_mixin.py:188} INFO - [2024-10-22T14:49:26.132+0000] {dagbag.py:545} INFO - Filling up the DagBag from /home/airflow/.local/lib/python3.12/site-packages/airflow/example_dags/example_branch_labels.py
[2024-10-22T14:49:26.138+0000] {processor.py:840} INFO - DAG(s) 'example_branch_labels' retrieved from /home/airflow/.local/lib/python3.12/site-packages/airflow/example_dags/example_branch_labels.py
[2024-10-22T14:49:26.154+0000] {logging_mixin.py:188} INFO - [2024-10-22T14:49:26.154+0000] {dag.py:3089} INFO - Sync 1 DAGs
[2024-10-22T14:49:26.170+0000] {logging_mixin.py:188} INFO - [2024-10-22T14:49:26.170+0000] {dag.py:3947} INFO - Setting next_dagrun for example_branch_labels to 2024-10-21 00:00:00+00:00, run_after=2024-10-22 00:00:00+00:00
[2024-10-22T14:49:26.183+0000] {processor.py:183} INFO - Processing /home/airflow/.local/lib/python3.12/site-packages/airflow/example_dags/example_branch_labels.py took 0.057 seconds
[2024-10-22T14:49:56.457+0000] {processor.py:161} INFO - Started process (PID=4141) to work on /home/airflow/.local/lib/python3.12/site-packages/airflow/example_dags/example_branch_labels.py
[2024-10-22T14:49:56.458+0000] {processor.py:830} INFO - Processing file /home/airflow/.local/lib/python3.12/site-packages/airflow/example_dags/example_branch_labels.py for tasks to queue
[2024-10-22T14:49:56.459+0000] {logging_mixin.py:188} INFO - [2024-10-22T14:49:56.459+0000] {dagbag.py:545} INFO - Filling up the DagBag from /home/airflow/.local/lib/python3.12/site-packages/airflow/example_dags/example_branch_labels.py
[2024-10-22T14:49:56.464+0000] {processor.py:840} INFO - DAG(s) 'example_branch_labels' retrieved from /home/airflow/.local/lib/python3.12/site-packages/airflow/example_dags/example_branch_labels.py
[2024-10-22T14:49:56.479+0000] {logging_mixin.py:188} INFO - [2024-10-22T14:49:56.478+0000] {dag.py:3089} INFO - Sync 1 DAGs
[2024-10-22T14:49:56.493+0000] {logging_mixin.py:188} INFO - [2024-10-22T14:49:56.493+0000] {dag.py:3947} INFO - Setting next_dagrun for example_branch_labels to 2024-10-21 00:00:00+00:00, run_after=2024-10-22 00:00:00+00:00
[2024-10-22T14:49:56.505+0000] {processor.py:183} INFO - Processing /home/airflow/.local/lib/python3.12/site-packages/airflow/example_dags/example_branch_labels.py took 0.052 seconds
[2024-10-22T14:50:26.875+0000] {processor.py:161} INFO - Started process (PID=4408) to work on /home/airflow/.local/lib/python3.12/site-packages/airflow/example_dags/example_branch_labels.py
[2024-10-22T14:50:26.875+0000] {processor.py:830} INFO - Processing file /home/airflow/.local/lib/python3.12/site-packages/airflow/example_dags/example_branch_labels.py for tasks to queue
[2024-10-22T14:50:26.877+0000] {logging_mixin.py:188} INFO - [2024-10-22T14:50:26.877+0000] {dagbag.py:545} INFO - Filling up the DagBag from /home/airflow/.local/lib/python3.12/site-packages/airflow/example_dags/example_branch_labels.py
[2024-10-22T14:50:26.882+0000] {processor.py:840} INFO - DAG(s) 'example_branch_labels' retrieved from /home/airflow/.local/lib/python3.12/site-packages/airflow/example_dags/example_branch_labels.py
[2024-10-22T14:50:26.898+0000] {logging_mixin.py:188} INFO - [2024-10-22T14:50:26.897+0000] {dag.py:3089} INFO - Sync 1 DAGs
[2024-10-22T14:50:26.913+0000] {logging_mixin.py:188} INFO - [2024-10-22T14:50:26.912+0000] {dag.py:3947} INFO - Setting next_dagrun for example_branch_labels to 2024-10-21 00:00:00+00:00, run_after=2024-10-22 00:00:00+00:00
[2024-10-22T14:50:26.925+0000] {processor.py:183} INFO - Processing /home/airflow/.local/lib/python3.12/site-packages/airflow/example_dags/example_branch_labels.py took 0.055 seconds
[2024-10-22T14:50:57.302+0000] {processor.py:161} INFO - Started process (PID=4675) to work on /home/airflow/.local/lib/python3.12/site-packages/airflow/example_dags/example_branch_labels.py
[2024-10-22T14:50:57.303+0000] {processor.py:830} INFO - Processing file /home/airflow/.local/lib/python3.12/site-packages/airflow/example_dags/example_branch_labels.py for tasks to queue
[2024-10-22T14:50:57.304+0000] {logging_mixin.py:188} INFO - [2024-10-22T14:50:57.304+0000] {dagbag.py:545} INFO - Filling up the DagBag from /home/airflow/.local/lib/python3.12/site-packages/airflow/example_dags/example_branch_labels.py
[2024-10-22T14:50:57.309+0000] {processor.py:840} INFO - DAG(s) 'example_branch_labels' retrieved from /home/airflow/.local/lib/python3.12/site-packages/airflow/example_dags/example_branch_labels.py
[2024-10-22T14:50:57.325+0000] {logging_mixin.py:188} INFO - [2024-10-22T14:50:57.325+0000] {dag.py:3089} INFO - Sync 1 DAGs
[2024-10-22T14:50:57.340+0000] {logging_mixin.py:188} INFO - [2024-10-22T14:50:57.339+0000] {dag.py:3947} INFO - Setting next_dagrun for example_branch_labels to 2024-10-21 00:00:00+00:00, run_after=2024-10-22 00:00:00+00:00
[2024-10-22T14:50:57.351+0000] {processor.py:183} INFO - Processing /home/airflow/.local/lib/python3.12/site-packages/airflow/example_dags/example_branch_labels.py took 0.053 seconds
[2024-10-22T14:51:27.691+0000] {processor.py:161} INFO - Started process (PID=4942) to work on /home/airflow/.local/lib/python3.12/site-packages/airflow/example_dags/example_branch_labels.py
[2024-10-22T14:51:27.692+0000] {processor.py:830} INFO - Processing file /home/airflow/.local/lib/python3.12/site-packages/airflow/example_dags/example_branch_labels.py for tasks to queue
[2024-10-22T14:51:27.693+0000] {logging_mixin.py:188} INFO - [2024-10-22T14:51:27.693+0000] {dagbag.py:545} INFO - Filling up the DagBag from /home/airflow/.local/lib/python3.12/site-packages/airflow/example_dags/example_branch_labels.py
[2024-10-22T14:51:27.698+0000] {processor.py:840} INFO - DAG(s) 'example_branch_labels' retrieved from /home/airflow/.local/lib/python3.12/site-packages/airflow/example_dags/example_branch_labels.py
[2024-10-22T14:51:27.713+0000] {logging_mixin.py:188} INFO - [2024-10-22T14:51:27.712+0000] {dag.py:3089} INFO - Sync 1 DAGs
[2024-10-22T14:51:27.728+0000] {logging_mixin.py:188} INFO - [2024-10-22T14:51:27.728+0000] {dag.py:3947} INFO - Setting next_dagrun for example_branch_labels to 2024-10-21 00:00:00+00:00, run_after=2024-10-22 00:00:00+00:00
[2024-10-22T14:51:27.740+0000] {processor.py:183} INFO - Processing /home/airflow/.local/lib/python3.12/site-packages/airflow/example_dags/example_branch_labels.py took 0.053 seconds
[2024-10-22T14:51:58.100+0000] {processor.py:161} INFO - Started process (PID=5209) to work on /home/airflow/.local/lib/python3.12/site-packages/airflow/example_dags/example_branch_labels.py
[2024-10-22T14:51:58.101+0000] {processor.py:830} INFO - Processing file /home/airflow/.local/lib/python3.12/site-packages/airflow/example_dags/example_branch_labels.py for tasks to queue
[2024-10-22T14:51:58.102+0000] {logging_mixin.py:188} INFO - [2024-10-22T14:51:58.102+0000] {dagbag.py:545} INFO - Filling up the DagBag from /home/airflow/.local/lib/python3.12/site-packages/airflow/example_dags/example_branch_labels.py
[2024-10-22T14:51:58.107+0000] {processor.py:840} INFO - DAG(s) 'example_branch_labels' retrieved from /home/airflow/.local/lib/python3.12/site-packages/airflow/example_dags/example_branch_labels.py
[2024-10-22T14:51:58.122+0000] {logging_mixin.py:188} INFO - [2024-10-22T14:51:58.122+0000] {dag.py:3089} INFO - Sync 1 DAGs
[2024-10-22T14:51:58.138+0000] {logging_mixin.py:188} INFO - [2024-10-22T14:51:58.138+0000] {dag.py:3947} INFO - Setting next_dagrun for example_branch_labels to 2024-10-21 00:00:00+00:00, run_after=2024-10-22 00:00:00+00:00
[2024-10-22T14:51:58.151+0000] {processor.py:183} INFO - Processing /home/airflow/.local/lib/python3.12/site-packages/airflow/example_dags/example_branch_labels.py took 0.055 seconds
[2024-10-22T14:52:28.415+0000] {processor.py:161} INFO - Started process (PID=5476) to work on /home/airflow/.local/lib/python3.12/site-packages/airflow/example_dags/example_branch_labels.py
[2024-10-22T14:52:28.415+0000] {processor.py:830} INFO - Processing file /home/airflow/.local/lib/python3.12/site-packages/airflow/example_dags/example_branch_labels.py for tasks to queue
[2024-10-22T14:52:28.417+0000] {logging_mixin.py:188} INFO - [2024-10-22T14:52:28.417+0000] {dagbag.py:545} INFO - Filling up the DagBag from /home/airflow/.local/lib/python3.12/site-packages/airflow/example_dags/example_branch_labels.py
[2024-10-22T14:52:28.422+0000] {processor.py:840} INFO - DAG(s) 'example_branch_labels' retrieved from /home/airflow/.local/lib/python3.12/site-packages/airflow/example_dags/example_branch_labels.py
[2024-10-22T14:52:28.438+0000] {logging_mixin.py:188} INFO - [2024-10-22T14:52:28.438+0000] {dag.py:3089} INFO - Sync 1 DAGs
[2024-10-22T14:52:28.454+0000] {logging_mixin.py:188} INFO - [2024-10-22T14:52:28.454+0000] {dag.py:3947} INFO - Setting next_dagrun for example_branch_labels to 2024-10-21 00:00:00+00:00, run_after=2024-10-22 00:00:00+00:00
[2024-10-22T14:52:28.468+0000] {processor.py:183} INFO - Processing /home/airflow/.local/lib/python3.12/site-packages/airflow/example_dags/example_branch_labels.py took 0.058 seconds
[2024-10-22T14:52:58.836+0000] {processor.py:161} INFO - Started process (PID=5746) to work on /home/airflow/.local/lib/python3.12/site-packages/airflow/example_dags/example_branch_labels.py
[2024-10-22T14:52:58.837+0000] {processor.py:830} INFO - Processing file /home/airflow/.local/lib/python3.12/site-packages/airflow/example_dags/example_branch_labels.py for tasks to queue
[2024-10-22T14:52:58.838+0000] {logging_mixin.py:188} INFO - [2024-10-22T14:52:58.838+0000] {dagbag.py:545} INFO - Filling up the DagBag from /home/airflow/.local/lib/python3.12/site-packages/airflow/example_dags/example_branch_labels.py
[2024-10-22T14:52:58.843+0000] {processor.py:840} INFO - DAG(s) 'example_branch_labels' retrieved from /home/airflow/.local/lib/python3.12/site-packages/airflow/example_dags/example_branch_labels.py
[2024-10-22T14:52:58.857+0000] {logging_mixin.py:188} INFO - [2024-10-22T14:52:58.857+0000] {dag.py:3089} INFO - Sync 1 DAGs
[2024-10-22T14:52:58.872+0000] {logging_mixin.py:188} INFO - [2024-10-22T14:52:58.872+0000] {dag.py:3947} INFO - Setting next_dagrun for example_branch_labels to 2024-10-21 00:00:00+00:00, run_after=2024-10-22 00:00:00+00:00
[2024-10-22T14:52:58.883+0000] {processor.py:183} INFO - Processing /home/airflow/.local/lib/python3.12/site-packages/airflow/example_dags/example_branch_labels.py took 0.052 seconds
[2024-10-22T14:53:29.153+0000] {processor.py:161} INFO - Started process (PID=6013) to work on /home/airflow/.local/lib/python3.12/site-packages/airflow/example_dags/example_branch_labels.py
[2024-10-22T14:53:29.154+0000] {processor.py:830} INFO - Processing file /home/airflow/.local/lib/python3.12/site-packages/airflow/example_dags/example_branch_labels.py for tasks to queue
[2024-10-22T14:53:29.155+0000] {logging_mixin.py:188} INFO - [2024-10-22T14:53:29.155+0000] {dagbag.py:545} INFO - Filling up the DagBag from /home/airflow/.local/lib/python3.12/site-packages/airflow/example_dags/example_branch_labels.py
[2024-10-22T14:53:29.160+0000] {processor.py:840} INFO - DAG(s) 'example_branch_labels' retrieved from /home/airflow/.local/lib/python3.12/site-packages/airflow/example_dags/example_branch_labels.py
[2024-10-22T14:53:29.176+0000] {logging_mixin.py:188} INFO - [2024-10-22T14:53:29.176+0000] {dag.py:3089} INFO - Sync 1 DAGs
[2024-10-22T14:53:29.191+0000] {logging_mixin.py:188} INFO - [2024-10-22T14:53:29.191+0000] {dag.py:3947} INFO - Setting next_dagrun for example_branch_labels to 2024-10-21 00:00:00+00:00, run_after=2024-10-22 00:00:00+00:00
[2024-10-22T14:53:29.202+0000] {processor.py:183} INFO - Processing /home/airflow/.local/lib/python3.12/site-packages/airflow/example_dags/example_branch_labels.py took 0.053 seconds
[2024-10-22T14:53:59.596+0000] {processor.py:161} INFO - Started process (PID=6280) to work on /home/airflow/.local/lib/python3.12/site-packages/airflow/example_dags/example_branch_labels.py
[2024-10-22T14:53:59.597+0000] {processor.py:830} INFO - Processing file /home/airflow/.local/lib/python3.12/site-packages/airflow/example_dags/example_branch_labels.py for tasks to queue
[2024-10-22T14:53:59.598+0000] {logging_mixin.py:188} INFO - [2024-10-22T14:53:59.598+0000] {dagbag.py:545} INFO - Filling up the DagBag from /home/airflow/.local/lib/python3.12/site-packages/airflow/example_dags/example_branch_labels.py
[2024-10-22T14:53:59.604+0000] {processor.py:840} INFO - DAG(s) 'example_branch_labels' retrieved from /home/airflow/.local/lib/python3.12/site-packages/airflow/example_dags/example_branch_labels.py
[2024-10-22T14:53:59.619+0000] {logging_mixin.py:188} INFO - [2024-10-22T14:53:59.619+0000] {dag.py:3089} INFO - Sync 1 DAGs
[2024-10-22T14:53:59.634+0000] {logging_mixin.py:188} INFO - [2024-10-22T14:53:59.634+0000] {dag.py:3947} INFO - Setting next_dagrun for example_branch_labels to 2024-10-21 00:00:00+00:00, run_after=2024-10-22 00:00:00+00:00
[2024-10-22T14:53:59.646+0000] {processor.py:183} INFO - Processing /home/airflow/.local/lib/python3.12/site-packages/airflow/example_dags/example_branch_labels.py took 0.054 seconds
[2024-10-22T14:54:29.907+0000] {processor.py:161} INFO - Started process (PID=6547) to work on /home/airflow/.local/lib/python3.12/site-packages/airflow/example_dags/example_branch_labels.py
[2024-10-22T14:54:29.907+0000] {processor.py:830} INFO - Processing file /home/airflow/.local/lib/python3.12/site-packages/airflow/example_dags/example_branch_labels.py for tasks to queue
[2024-10-22T14:54:29.908+0000] {logging_mixin.py:188} INFO - [2024-10-22T14:54:29.908+0000] {dagbag.py:545} INFO - Filling up the DagBag from /home/airflow/.local/lib/python3.12/site-packages/airflow/example_dags/example_branch_labels.py
[2024-10-22T14:54:29.913+0000] {processor.py:840} INFO - DAG(s) 'example_branch_labels' retrieved from /home/airflow/.local/lib/python3.12/site-packages/airflow/example_dags/example_branch_labels.py
[2024-10-22T14:54:29.929+0000] {logging_mixin.py:188} INFO - [2024-10-22T14:54:29.928+0000] {dag.py:3089} INFO - Sync 1 DAGs
[2024-10-22T14:54:29.943+0000] {logging_mixin.py:188} INFO - [2024-10-22T14:54:29.943+0000] {dag.py:3947} INFO - Setting next_dagrun for example_branch_labels to 2024-10-21 00:00:00+00:00, run_after=2024-10-22 00:00:00+00:00
[2024-10-22T14:54:29.955+0000] {processor.py:183} INFO - Processing /home/airflow/.local/lib/python3.12/site-packages/airflow/example_dags/example_branch_labels.py took 0.053 seconds
[2024-10-22T14:55:00.749+0000] {processor.py:161} INFO - Started process (PID=6817) to work on /home/airflow/.local/lib/python3.12/site-packages/airflow/example_dags/example_branch_labels.py
[2024-10-22T14:55:00.750+0000] {processor.py:830} INFO - Processing file /home/airflow/.local/lib/python3.12/site-packages/airflow/example_dags/example_branch_labels.py for tasks to queue
[2024-10-22T14:55:00.751+0000] {logging_mixin.py:188} INFO - [2024-10-22T14:55:00.751+0000] {dagbag.py:545} INFO - Filling up the DagBag from /home/airflow/.local/lib/python3.12/site-packages/airflow/example_dags/example_branch_labels.py
[2024-10-22T14:55:00.756+0000] {processor.py:840} INFO - DAG(s) 'example_branch_labels' retrieved from /home/airflow/.local/lib/python3.12/site-packages/airflow/example_dags/example_branch_labels.py
[2024-10-22T14:55:00.772+0000] {logging_mixin.py:188} INFO - [2024-10-22T14:55:00.771+0000] {dag.py:3089} INFO - Sync 1 DAGs
[2024-10-22T14:55:00.787+0000] {logging_mixin.py:188} INFO - [2024-10-22T14:55:00.787+0000] {dag.py:3947} INFO - Setting next_dagrun for example_branch_labels to 2024-10-21 00:00:00+00:00, run_after=2024-10-22 00:00:00+00:00
[2024-10-22T14:55:00.800+0000] {processor.py:183} INFO - Processing /home/airflow/.local/lib/python3.12/site-packages/airflow/example_dags/example_branch_labels.py took 0.055 seconds
[2024-10-22T14:55:31.431+0000] {processor.py:161} INFO - Started process (PID=7084) to work on /home/airflow/.local/lib/python3.12/site-packages/airflow/example_dags/example_branch_labels.py
[2024-10-22T14:55:31.432+0000] {processor.py:830} INFO - Processing file /home/airflow/.local/lib/python3.12/site-packages/airflow/example_dags/example_branch_labels.py for tasks to queue
[2024-10-22T14:55:31.433+0000] {logging_mixin.py:188} INFO - [2024-10-22T14:55:31.433+0000] {dagbag.py:545} INFO - Filling up the DagBag from /home/airflow/.local/lib/python3.12/site-packages/airflow/example_dags/example_branch_labels.py
[2024-10-22T14:55:31.438+0000] {processor.py:840} INFO - DAG(s) 'example_branch_labels' retrieved from /home/airflow/.local/lib/python3.12/site-packages/airflow/example_dags/example_branch_labels.py
[2024-10-22T14:55:31.453+0000] {logging_mixin.py:188} INFO - [2024-10-22T14:55:31.452+0000] {dag.py:3089} INFO - Sync 1 DAGs
[2024-10-22T14:55:31.468+0000] {logging_mixin.py:188} INFO - [2024-10-22T14:55:31.468+0000] {dag.py:3947} INFO - Setting next_dagrun for example_branch_labels to 2024-10-21 00:00:00+00:00, run_after=2024-10-22 00:00:00+00:00
[2024-10-22T14:55:31.481+0000] {processor.py:183} INFO - Processing /home/airflow/.local/lib/python3.12/site-packages/airflow/example_dags/example_branch_labels.py took 0.053 seconds
[2024-10-22T14:56:01.863+0000] {processor.py:161} INFO - Started process (PID=7351) to work on /home/airflow/.local/lib/python3.12/site-packages/airflow/example_dags/example_branch_labels.py
[2024-10-22T14:56:01.864+0000] {processor.py:830} INFO - Processing file /home/airflow/.local/lib/python3.12/site-packages/airflow/example_dags/example_branch_labels.py for tasks to queue
[2024-10-22T14:56:01.865+0000] {logging_mixin.py:188} INFO - [2024-10-22T14:56:01.865+0000] {dagbag.py:545} INFO - Filling up the DagBag from /home/airflow/.local/lib/python3.12/site-packages/airflow/example_dags/example_branch_labels.py
[2024-10-22T14:56:01.871+0000] {processor.py:840} INFO - DAG(s) 'example_branch_labels' retrieved from /home/airflow/.local/lib/python3.12/site-packages/airflow/example_dags/example_branch_labels.py
[2024-10-22T14:56:01.886+0000] {logging_mixin.py:188} INFO - [2024-10-22T14:56:01.886+0000] {dag.py:3089} INFO - Sync 1 DAGs
[2024-10-22T14:56:02.022+0000] {logging_mixin.py:188} INFO - [2024-10-22T14:56:02.022+0000] {dag.py:3947} INFO - Setting next_dagrun for example_branch_labels to 2024-10-21 00:00:00+00:00, run_after=2024-10-22 00:00:00+00:00
[2024-10-22T14:56:02.033+0000] {processor.py:183} INFO - Processing /home/airflow/.local/lib/python3.12/site-packages/airflow/example_dags/example_branch_labels.py took 0.174 seconds
[2024-10-22T14:56:32.609+0000] {processor.py:161} INFO - Started process (PID=7616) to work on /home/airflow/.local/lib/python3.12/site-packages/airflow/example_dags/example_branch_labels.py
[2024-10-22T14:56:32.610+0000] {processor.py:830} INFO - Processing file /home/airflow/.local/lib/python3.12/site-packages/airflow/example_dags/example_branch_labels.py for tasks to queue
[2024-10-22T14:56:32.611+0000] {logging_mixin.py:188} INFO - [2024-10-22T14:56:32.611+0000] {dagbag.py:545} INFO - Filling up the DagBag from /home/airflow/.local/lib/python3.12/site-packages/airflow/example_dags/example_branch_labels.py
[2024-10-22T14:56:32.616+0000] {processor.py:840} INFO - DAG(s) 'example_branch_labels' retrieved from /home/airflow/.local/lib/python3.12/site-packages/airflow/example_dags/example_branch_labels.py
[2024-10-22T14:56:32.632+0000] {logging_mixin.py:188} INFO - [2024-10-22T14:56:32.632+0000] {dag.py:3089} INFO - Sync 1 DAGs
[2024-10-22T14:56:32.649+0000] {logging_mixin.py:188} INFO - [2024-10-22T14:56:32.649+0000] {dag.py:3947} INFO - Setting next_dagrun for example_branch_labels to 2024-10-21 00:00:00+00:00, run_after=2024-10-22 00:00:00+00:00
[2024-10-22T14:56:32.780+0000] {processor.py:183} INFO - Processing /home/airflow/.local/lib/python3.12/site-packages/airflow/example_dags/example_branch_labels.py took 0.175 seconds
[2024-10-22T14:57:03.732+0000] {processor.py:161} INFO - Started process (PID=7883) to work on /home/airflow/.local/lib/python3.12/site-packages/airflow/example_dags/example_branch_labels.py
[2024-10-22T14:57:03.733+0000] {processor.py:830} INFO - Processing file /home/airflow/.local/lib/python3.12/site-packages/airflow/example_dags/example_branch_labels.py for tasks to queue
[2024-10-22T14:57:03.734+0000] {logging_mixin.py:188} INFO - [2024-10-22T14:57:03.734+0000] {dagbag.py:545} INFO - Filling up the DagBag from /home/airflow/.local/lib/python3.12/site-packages/airflow/example_dags/example_branch_labels.py
[2024-10-22T14:57:03.739+0000] {processor.py:840} INFO - DAG(s) 'example_branch_labels' retrieved from /home/airflow/.local/lib/python3.12/site-packages/airflow/example_dags/example_branch_labels.py
[2024-10-22T14:57:03.754+0000] {logging_mixin.py:188} INFO - [2024-10-22T14:57:03.754+0000] {dag.py:3089} INFO - Sync 1 DAGs
[2024-10-22T14:57:03.770+0000] {logging_mixin.py:188} INFO - [2024-10-22T14:57:03.769+0000] {dag.py:3947} INFO - Setting next_dagrun for example_branch_labels to 2024-10-21 00:00:00+00:00, run_after=2024-10-22 00:00:00+00:00
[2024-10-22T14:57:03.782+0000] {processor.py:183} INFO - Processing /home/airflow/.local/lib/python3.12/site-packages/airflow/example_dags/example_branch_labels.py took 0.054 seconds
[2024-10-22T14:57:34.714+0000] {processor.py:161} INFO - Started process (PID=8150) to work on /home/airflow/.local/lib/python3.12/site-packages/airflow/example_dags/example_branch_labels.py
[2024-10-22T14:57:34.715+0000] {processor.py:830} INFO - Processing file /home/airflow/.local/lib/python3.12/site-packages/airflow/example_dags/example_branch_labels.py for tasks to queue
[2024-10-22T14:57:34.716+0000] {logging_mixin.py:188} INFO - [2024-10-22T14:57:34.716+0000] {dagbag.py:545} INFO - Filling up the DagBag from /home/airflow/.local/lib/python3.12/site-packages/airflow/example_dags/example_branch_labels.py
[2024-10-22T14:57:34.721+0000] {processor.py:840} INFO - DAG(s) 'example_branch_labels' retrieved from /home/airflow/.local/lib/python3.12/site-packages/airflow/example_dags/example_branch_labels.py
[2024-10-22T14:57:34.736+0000] {logging_mixin.py:188} INFO - [2024-10-22T14:57:34.736+0000] {dag.py:3089} INFO - Sync 1 DAGs
[2024-10-22T14:57:34.751+0000] {logging_mixin.py:188} INFO - [2024-10-22T14:57:34.751+0000] {dag.py:3947} INFO - Setting next_dagrun for example_branch_labels to 2024-10-21 00:00:00+00:00, run_after=2024-10-22 00:00:00+00:00
[2024-10-22T14:57:34.763+0000] {processor.py:183} INFO - Processing /home/airflow/.local/lib/python3.12/site-packages/airflow/example_dags/example_branch_labels.py took 0.053 seconds
