[2024-10-22T14:00:12.757+0000] {processor.py:161} INFO - Started process (PID=230) to work on /home/airflow/.local/lib/python3.12/site-packages/airflow/example_dags/example_dag_decorator.py
[2024-10-22T14:00:12.758+0000] {processor.py:830} INFO - Processing file /home/airflow/.local/lib/python3.12/site-packages/airflow/example_dags/example_dag_decorator.py for tasks to queue
[2024-10-22T14:00:12.759+0000] {logging_mixin.py:188} INFO - [2024-10-22T14:00:12.759+0000] {dagbag.py:545} INFO - Filling up the DagBag from /home/airflow/.local/lib/python3.12/site-packages/airflow/example_dags/example_dag_decorator.py
[2024-10-22T14:00:13.052+0000] {processor.py:840} INFO - DAG(s) 'example_dag_decorator' retrieved from /home/airflow/.local/lib/python3.12/site-packages/airflow/example_dags/example_dag_decorator.py
[2024-10-22T14:00:13.180+0000] {logging_mixin.py:188} INFO - [2024-10-22T14:00:13.179+0000] {override.py:1858} INFO - Created Permission View: can delete on DAG:example_dag_decorator
[2024-10-22T14:00:13.187+0000] {logging_mixin.py:188} INFO - [2024-10-22T14:00:13.187+0000] {override.py:1858} INFO - Created Permission View: can edit on DAG:example_dag_decorator
[2024-10-22T14:00:13.192+0000] {logging_mixin.py:188} INFO - [2024-10-22T14:00:13.192+0000] {override.py:1858} INFO - Created Permission View: can read on DAG:example_dag_decorator
[2024-10-22T14:00:13.192+0000] {logging_mixin.py:188} INFO - [2024-10-22T14:00:13.192+0000] {dag.py:3089} INFO - Sync 1 DAGs
[2024-10-22T14:00:13.201+0000] {logging_mixin.py:188} INFO - [2024-10-22T14:00:13.200+0000] {dag.py:3111} INFO - Creating ORM DAG for example_dag_decorator
[2024-10-22T14:00:13.201+0000] {logging_mixin.py:188} INFO - [2024-10-22T14:00:13.201+0000] {dag.py:3947} INFO - Setting next_dagrun for example_dag_decorator to None, run_after=None
[2024-10-22T14:00:13.215+0000] {processor.py:183} INFO - Processing /home/airflow/.local/lib/python3.12/site-packages/airflow/example_dags/example_dag_decorator.py took 0.462 seconds
[2024-10-22T14:00:43.570+0000] {processor.py:161} INFO - Started process (PID=499) to work on /home/airflow/.local/lib/python3.12/site-packages/airflow/example_dags/example_dag_decorator.py
[2024-10-22T14:00:43.571+0000] {processor.py:830} INFO - Processing file /home/airflow/.local/lib/python3.12/site-packages/airflow/example_dags/example_dag_decorator.py for tasks to queue
[2024-10-22T14:00:43.572+0000] {logging_mixin.py:188} INFO - [2024-10-22T14:00:43.572+0000] {dagbag.py:545} INFO - Filling up the DagBag from /home/airflow/.local/lib/python3.12/site-packages/airflow/example_dags/example_dag_decorator.py
[2024-10-22T14:00:43.643+0000] {processor.py:840} INFO - DAG(s) 'example_dag_decorator' retrieved from /home/airflow/.local/lib/python3.12/site-packages/airflow/example_dags/example_dag_decorator.py
[2024-10-22T14:00:43.660+0000] {logging_mixin.py:188} INFO - [2024-10-22T14:00:43.659+0000] {dag.py:3089} INFO - Sync 1 DAGs
[2024-10-22T14:00:43.668+0000] {logging_mixin.py:188} INFO - [2024-10-22T14:00:43.668+0000] {dag.py:3947} INFO - Setting next_dagrun for example_dag_decorator to None, run_after=None
[2024-10-22T14:00:43.680+0000] {processor.py:183} INFO - Processing /home/airflow/.local/lib/python3.12/site-packages/airflow/example_dags/example_dag_decorator.py took 0.114 seconds
[2024-10-22T14:01:13.789+0000] {processor.py:161} INFO - Started process (PID=766) to work on /home/airflow/.local/lib/python3.12/site-packages/airflow/example_dags/example_dag_decorator.py
[2024-10-22T14:01:13.790+0000] {processor.py:830} INFO - Processing file /home/airflow/.local/lib/python3.12/site-packages/airflow/example_dags/example_dag_decorator.py for tasks to queue
[2024-10-22T14:01:13.791+0000] {logging_mixin.py:188} INFO - [2024-10-22T14:01:13.791+0000] {dagbag.py:545} INFO - Filling up the DagBag from /home/airflow/.local/lib/python3.12/site-packages/airflow/example_dags/example_dag_decorator.py
[2024-10-22T14:01:13.857+0000] {processor.py:840} INFO - DAG(s) 'example_dag_decorator' retrieved from /home/airflow/.local/lib/python3.12/site-packages/airflow/example_dags/example_dag_decorator.py
[2024-10-22T14:01:13.924+0000] {logging_mixin.py:188} INFO - [2024-10-22T14:01:13.924+0000] {dag.py:3089} INFO - Sync 1 DAGs
[2024-10-22T14:01:13.931+0000] {logging_mixin.py:188} INFO - [2024-10-22T14:01:13.931+0000] {dag.py:3947} INFO - Setting next_dagrun for example_dag_decorator to None, run_after=None
[2024-10-22T14:01:13.943+0000] {processor.py:183} INFO - Processing /home/airflow/.local/lib/python3.12/site-packages/airflow/example_dags/example_dag_decorator.py took 0.158 seconds
[2024-10-22T14:01:44.037+0000] {processor.py:161} INFO - Started process (PID=1033) to work on /home/airflow/.local/lib/python3.12/site-packages/airflow/example_dags/example_dag_decorator.py
[2024-10-22T14:01:44.038+0000] {processor.py:830} INFO - Processing file /home/airflow/.local/lib/python3.12/site-packages/airflow/example_dags/example_dag_decorator.py for tasks to queue
[2024-10-22T14:01:44.039+0000] {logging_mixin.py:188} INFO - [2024-10-22T14:01:44.039+0000] {dagbag.py:545} INFO - Filling up the DagBag from /home/airflow/.local/lib/python3.12/site-packages/airflow/example_dags/example_dag_decorator.py
[2024-10-22T14:01:44.114+0000] {processor.py:840} INFO - DAG(s) 'example_dag_decorator' retrieved from /home/airflow/.local/lib/python3.12/site-packages/airflow/example_dags/example_dag_decorator.py
[2024-10-22T14:01:44.186+0000] {logging_mixin.py:188} INFO - [2024-10-22T14:01:44.186+0000] {dag.py:3089} INFO - Sync 1 DAGs
[2024-10-22T14:01:44.194+0000] {logging_mixin.py:188} INFO - [2024-10-22T14:01:44.194+0000] {dag.py:3947} INFO - Setting next_dagrun for example_dag_decorator to None, run_after=None
[2024-10-22T14:01:44.316+0000] {processor.py:183} INFO - Processing /home/airflow/.local/lib/python3.12/site-packages/airflow/example_dags/example_dag_decorator.py took 0.283 seconds
[2024-10-22T14:02:14.379+0000] {processor.py:161} INFO - Started process (PID=1300) to work on /home/airflow/.local/lib/python3.12/site-packages/airflow/example_dags/example_dag_decorator.py
[2024-10-22T14:02:14.380+0000] {processor.py:830} INFO - Processing file /home/airflow/.local/lib/python3.12/site-packages/airflow/example_dags/example_dag_decorator.py for tasks to queue
[2024-10-22T14:02:14.381+0000] {logging_mixin.py:188} INFO - [2024-10-22T14:02:14.381+0000] {dagbag.py:545} INFO - Filling up the DagBag from /home/airflow/.local/lib/python3.12/site-packages/airflow/example_dags/example_dag_decorator.py
[2024-10-22T14:02:14.449+0000] {processor.py:840} INFO - DAG(s) 'example_dag_decorator' retrieved from /home/airflow/.local/lib/python3.12/site-packages/airflow/example_dags/example_dag_decorator.py
[2024-10-22T14:02:14.517+0000] {logging_mixin.py:188} INFO - [2024-10-22T14:02:14.517+0000] {dag.py:3089} INFO - Sync 1 DAGs
[2024-10-22T14:02:14.523+0000] {logging_mixin.py:188} INFO - [2024-10-22T14:02:14.523+0000] {dag.py:3947} INFO - Setting next_dagrun for example_dag_decorator to None, run_after=None
[2024-10-22T14:02:14.535+0000] {processor.py:183} INFO - Processing /home/airflow/.local/lib/python3.12/site-packages/airflow/example_dags/example_dag_decorator.py took 0.160 seconds
[2024-10-22T14:02:44.762+0000] {processor.py:161} INFO - Started process (PID=1567) to work on /home/airflow/.local/lib/python3.12/site-packages/airflow/example_dags/example_dag_decorator.py
[2024-10-22T14:02:44.763+0000] {processor.py:830} INFO - Processing file /home/airflow/.local/lib/python3.12/site-packages/airflow/example_dags/example_dag_decorator.py for tasks to queue
[2024-10-22T14:02:44.764+0000] {logging_mixin.py:188} INFO - [2024-10-22T14:02:44.764+0000] {dagbag.py:545} INFO - Filling up the DagBag from /home/airflow/.local/lib/python3.12/site-packages/airflow/example_dags/example_dag_decorator.py
[2024-10-22T14:02:44.828+0000] {processor.py:840} INFO - DAG(s) 'example_dag_decorator' retrieved from /home/airflow/.local/lib/python3.12/site-packages/airflow/example_dags/example_dag_decorator.py
[2024-10-22T14:02:44.893+0000] {logging_mixin.py:188} INFO - [2024-10-22T14:02:44.893+0000] {dag.py:3089} INFO - Sync 1 DAGs
[2024-10-22T14:02:44.900+0000] {logging_mixin.py:188} INFO - [2024-10-22T14:02:44.900+0000] {dag.py:3947} INFO - Setting next_dagrun for example_dag_decorator to None, run_after=None
[2024-10-22T14:02:44.912+0000] {processor.py:183} INFO - Processing /home/airflow/.local/lib/python3.12/site-packages/airflow/example_dags/example_dag_decorator.py took 0.154 seconds
[2024-10-22T14:03:15.018+0000] {processor.py:161} INFO - Started process (PID=1834) to work on /home/airflow/.local/lib/python3.12/site-packages/airflow/example_dags/example_dag_decorator.py
[2024-10-22T14:03:15.019+0000] {processor.py:830} INFO - Processing file /home/airflow/.local/lib/python3.12/site-packages/airflow/example_dags/example_dag_decorator.py for tasks to queue
[2024-10-22T14:03:15.020+0000] {logging_mixin.py:188} INFO - [2024-10-22T14:03:15.020+0000] {dagbag.py:545} INFO - Filling up the DagBag from /home/airflow/.local/lib/python3.12/site-packages/airflow/example_dags/example_dag_decorator.py
[2024-10-22T14:03:15.084+0000] {processor.py:840} INFO - DAG(s) 'example_dag_decorator' retrieved from /home/airflow/.local/lib/python3.12/site-packages/airflow/example_dags/example_dag_decorator.py
[2024-10-22T14:03:15.149+0000] {logging_mixin.py:188} INFO - [2024-10-22T14:03:15.149+0000] {dag.py:3089} INFO - Sync 1 DAGs
[2024-10-22T14:03:15.155+0000] {logging_mixin.py:188} INFO - [2024-10-22T14:03:15.155+0000] {dag.py:3947} INFO - Setting next_dagrun for example_dag_decorator to None, run_after=None
[2024-10-22T14:03:15.167+0000] {processor.py:183} INFO - Processing /home/airflow/.local/lib/python3.12/site-packages/airflow/example_dags/example_dag_decorator.py took 0.153 seconds
[2024-10-22T14:03:45.269+0000] {processor.py:161} INFO - Started process (PID=2101) to work on /home/airflow/.local/lib/python3.12/site-packages/airflow/example_dags/example_dag_decorator.py
[2024-10-22T14:03:45.270+0000] {processor.py:830} INFO - Processing file /home/airflow/.local/lib/python3.12/site-packages/airflow/example_dags/example_dag_decorator.py for tasks to queue
[2024-10-22T14:03:45.271+0000] {logging_mixin.py:188} INFO - [2024-10-22T14:03:45.271+0000] {dagbag.py:545} INFO - Filling up the DagBag from /home/airflow/.local/lib/python3.12/site-packages/airflow/example_dags/example_dag_decorator.py
[2024-10-22T14:03:45.336+0000] {processor.py:840} INFO - DAG(s) 'example_dag_decorator' retrieved from /home/airflow/.local/lib/python3.12/site-packages/airflow/example_dags/example_dag_decorator.py
[2024-10-22T14:03:45.501+0000] {logging_mixin.py:188} INFO - [2024-10-22T14:03:45.501+0000] {dag.py:3089} INFO - Sync 1 DAGs
[2024-10-22T14:03:45.508+0000] {logging_mixin.py:188} INFO - [2024-10-22T14:03:45.508+0000] {dag.py:3947} INFO - Setting next_dagrun for example_dag_decorator to None, run_after=None
[2024-10-22T14:03:45.520+0000] {processor.py:183} INFO - Processing /home/airflow/.local/lib/python3.12/site-packages/airflow/example_dags/example_dag_decorator.py took 0.255 seconds
[2024-10-22T14:34:25.078+0000] {processor.py:161} INFO - Started process (PID=226) to work on /home/airflow/.local/lib/python3.12/site-packages/airflow/example_dags/example_dag_decorator.py
[2024-10-22T14:34:25.078+0000] {processor.py:830} INFO - Processing file /home/airflow/.local/lib/python3.12/site-packages/airflow/example_dags/example_dag_decorator.py for tasks to queue
[2024-10-22T14:34:25.080+0000] {logging_mixin.py:188} INFO - [2024-10-22T14:34:25.079+0000] {dagbag.py:545} INFO - Filling up the DagBag from /home/airflow/.local/lib/python3.12/site-packages/airflow/example_dags/example_dag_decorator.py
[2024-10-22T14:34:25.336+0000] {processor.py:840} INFO - DAG(s) 'example_dag_decorator' retrieved from /home/airflow/.local/lib/python3.12/site-packages/airflow/example_dags/example_dag_decorator.py
[2024-10-22T14:34:25.344+0000] {logging_mixin.py:188} INFO - [2024-10-22T14:34:25.344+0000] {dag.py:3089} INFO - Sync 1 DAGs
[2024-10-22T14:34:25.354+0000] {logging_mixin.py:188} INFO - [2024-10-22T14:34:25.354+0000] {dag.py:3947} INFO - Setting next_dagrun for example_dag_decorator to None, run_after=None
[2024-10-22T14:34:25.369+0000] {processor.py:183} INFO - Processing /home/airflow/.local/lib/python3.12/site-packages/airflow/example_dags/example_dag_decorator.py took 0.295 seconds
[2024-10-22T14:34:55.918+0000] {processor.py:161} INFO - Started process (PID=504) to work on /home/airflow/.local/lib/python3.12/site-packages/airflow/example_dags/example_dag_decorator.py
[2024-10-22T14:34:55.919+0000] {processor.py:830} INFO - Processing file /home/airflow/.local/lib/python3.12/site-packages/airflow/example_dags/example_dag_decorator.py for tasks to queue
[2024-10-22T14:34:55.923+0000] {logging_mixin.py:188} INFO - [2024-10-22T14:34:55.923+0000] {dagbag.py:545} INFO - Filling up the DagBag from /home/airflow/.local/lib/python3.12/site-packages/airflow/example_dags/example_dag_decorator.py
[2024-10-22T14:34:56.008+0000] {processor.py:840} INFO - DAG(s) 'example_dag_decorator' retrieved from /home/airflow/.local/lib/python3.12/site-packages/airflow/example_dags/example_dag_decorator.py
[2024-10-22T14:34:56.099+0000] {logging_mixin.py:188} INFO - [2024-10-22T14:34:56.098+0000] {dag.py:3089} INFO - Sync 1 DAGs
[2024-10-22T14:34:56.107+0000] {logging_mixin.py:188} INFO - [2024-10-22T14:34:56.106+0000] {dag.py:3947} INFO - Setting next_dagrun for example_dag_decorator to None, run_after=None
[2024-10-22T14:34:56.120+0000] {processor.py:183} INFO - Processing /home/airflow/.local/lib/python3.12/site-packages/airflow/example_dags/example_dag_decorator.py took 0.206 seconds
[2024-10-22T14:35:26.608+0000] {processor.py:161} INFO - Started process (PID=766) to work on /home/airflow/.local/lib/python3.12/site-packages/airflow/example_dags/example_dag_decorator.py
[2024-10-22T14:35:26.609+0000] {processor.py:830} INFO - Processing file /home/airflow/.local/lib/python3.12/site-packages/airflow/example_dags/example_dag_decorator.py for tasks to queue
[2024-10-22T14:35:26.611+0000] {logging_mixin.py:188} INFO - [2024-10-22T14:35:26.610+0000] {dagbag.py:545} INFO - Filling up the DagBag from /home/airflow/.local/lib/python3.12/site-packages/airflow/example_dags/example_dag_decorator.py
[2024-10-22T14:35:26.688+0000] {processor.py:840} INFO - DAG(s) 'example_dag_decorator' retrieved from /home/airflow/.local/lib/python3.12/site-packages/airflow/example_dags/example_dag_decorator.py
[2024-10-22T14:35:26.766+0000] {logging_mixin.py:188} INFO - [2024-10-22T14:35:26.766+0000] {dag.py:3089} INFO - Sync 1 DAGs
[2024-10-22T14:35:26.774+0000] {logging_mixin.py:188} INFO - [2024-10-22T14:35:26.774+0000] {dag.py:3947} INFO - Setting next_dagrun for example_dag_decorator to None, run_after=None
[2024-10-22T14:35:26.790+0000] {processor.py:183} INFO - Processing /home/airflow/.local/lib/python3.12/site-packages/airflow/example_dags/example_dag_decorator.py took 0.186 seconds
[2024-10-22T14:35:56.841+0000] {processor.py:161} INFO - Started process (PID=1038) to work on /home/airflow/.local/lib/python3.12/site-packages/airflow/example_dags/example_dag_decorator.py
[2024-10-22T14:35:56.842+0000] {processor.py:830} INFO - Processing file /home/airflow/.local/lib/python3.12/site-packages/airflow/example_dags/example_dag_decorator.py for tasks to queue
[2024-10-22T14:35:56.843+0000] {logging_mixin.py:188} INFO - [2024-10-22T14:35:56.843+0000] {dagbag.py:545} INFO - Filling up the DagBag from /home/airflow/.local/lib/python3.12/site-packages/airflow/example_dags/example_dag_decorator.py
[2024-10-22T14:35:56.909+0000] {processor.py:840} INFO - DAG(s) 'example_dag_decorator' retrieved from /home/airflow/.local/lib/python3.12/site-packages/airflow/example_dags/example_dag_decorator.py
[2024-10-22T14:35:56.980+0000] {logging_mixin.py:188} INFO - [2024-10-22T14:35:56.980+0000] {dag.py:3089} INFO - Sync 1 DAGs
[2024-10-22T14:35:56.988+0000] {logging_mixin.py:188} INFO - [2024-10-22T14:35:56.987+0000] {dag.py:3947} INFO - Setting next_dagrun for example_dag_decorator to None, run_after=None
[2024-10-22T14:35:57.000+0000] {processor.py:183} INFO - Processing /home/airflow/.local/lib/python3.12/site-packages/airflow/example_dags/example_dag_decorator.py took 0.163 seconds
[2024-10-22T14:36:27.035+0000] {processor.py:161} INFO - Started process (PID=1298) to work on /home/airflow/.local/lib/python3.12/site-packages/airflow/example_dags/example_dag_decorator.py
[2024-10-22T14:36:27.036+0000] {processor.py:830} INFO - Processing file /home/airflow/.local/lib/python3.12/site-packages/airflow/example_dags/example_dag_decorator.py for tasks to queue
[2024-10-22T14:36:27.037+0000] {logging_mixin.py:188} INFO - [2024-10-22T14:36:27.037+0000] {dagbag.py:545} INFO - Filling up the DagBag from /home/airflow/.local/lib/python3.12/site-packages/airflow/example_dags/example_dag_decorator.py
[2024-10-22T14:36:27.104+0000] {processor.py:840} INFO - DAG(s) 'example_dag_decorator' retrieved from /home/airflow/.local/lib/python3.12/site-packages/airflow/example_dags/example_dag_decorator.py
[2024-10-22T14:36:27.176+0000] {logging_mixin.py:188} INFO - [2024-10-22T14:36:27.176+0000] {dag.py:3089} INFO - Sync 1 DAGs
[2024-10-22T14:36:27.185+0000] {logging_mixin.py:188} INFO - [2024-10-22T14:36:27.185+0000] {dag.py:3947} INFO - Setting next_dagrun for example_dag_decorator to None, run_after=None
[2024-10-22T14:36:27.318+0000] {processor.py:183} INFO - Processing /home/airflow/.local/lib/python3.12/site-packages/airflow/example_dags/example_dag_decorator.py took 0.289 seconds
[2024-10-22T14:36:57.351+0000] {processor.py:161} INFO - Started process (PID=1565) to work on /home/airflow/.local/lib/python3.12/site-packages/airflow/example_dags/example_dag_decorator.py
[2024-10-22T14:36:57.351+0000] {processor.py:830} INFO - Processing file /home/airflow/.local/lib/python3.12/site-packages/airflow/example_dags/example_dag_decorator.py for tasks to queue
[2024-10-22T14:36:57.352+0000] {logging_mixin.py:188} INFO - [2024-10-22T14:36:57.352+0000] {dagbag.py:545} INFO - Filling up the DagBag from /home/airflow/.local/lib/python3.12/site-packages/airflow/example_dags/example_dag_decorator.py
[2024-10-22T14:36:57.423+0000] {processor.py:840} INFO - DAG(s) 'example_dag_decorator' retrieved from /home/airflow/.local/lib/python3.12/site-packages/airflow/example_dags/example_dag_decorator.py
[2024-10-22T14:36:57.489+0000] {logging_mixin.py:188} INFO - [2024-10-22T14:36:57.489+0000] {dag.py:3089} INFO - Sync 1 DAGs
[2024-10-22T14:36:57.496+0000] {logging_mixin.py:188} INFO - [2024-10-22T14:36:57.496+0000] {dag.py:3947} INFO - Setting next_dagrun for example_dag_decorator to None, run_after=None
[2024-10-22T14:36:57.507+0000] {processor.py:183} INFO - Processing /home/airflow/.local/lib/python3.12/site-packages/airflow/example_dags/example_dag_decorator.py took 0.160 seconds
[2024-10-22T14:37:27.604+0000] {processor.py:161} INFO - Started process (PID=1832) to work on /home/airflow/.local/lib/python3.12/site-packages/airflow/example_dags/example_dag_decorator.py
[2024-10-22T14:37:27.605+0000] {processor.py:830} INFO - Processing file /home/airflow/.local/lib/python3.12/site-packages/airflow/example_dags/example_dag_decorator.py for tasks to queue
[2024-10-22T14:37:27.607+0000] {logging_mixin.py:188} INFO - [2024-10-22T14:37:27.606+0000] {dagbag.py:545} INFO - Filling up the DagBag from /home/airflow/.local/lib/python3.12/site-packages/airflow/example_dags/example_dag_decorator.py
[2024-10-22T14:37:27.672+0000] {processor.py:840} INFO - DAG(s) 'example_dag_decorator' retrieved from /home/airflow/.local/lib/python3.12/site-packages/airflow/example_dags/example_dag_decorator.py
[2024-10-22T14:37:27.743+0000] {logging_mixin.py:188} INFO - [2024-10-22T14:37:27.742+0000] {dag.py:3089} INFO - Sync 1 DAGs
[2024-10-22T14:37:27.750+0000] {logging_mixin.py:188} INFO - [2024-10-22T14:37:27.750+0000] {dag.py:3947} INFO - Setting next_dagrun for example_dag_decorator to None, run_after=None
[2024-10-22T14:37:27.762+0000] {processor.py:183} INFO - Processing /home/airflow/.local/lib/python3.12/site-packages/airflow/example_dags/example_dag_decorator.py took 0.161 seconds
[2024-10-22T14:37:57.825+0000] {processor.py:161} INFO - Started process (PID=2101) to work on /home/airflow/.local/lib/python3.12/site-packages/airflow/example_dags/example_dag_decorator.py
[2024-10-22T14:37:57.826+0000] {processor.py:830} INFO - Processing file /home/airflow/.local/lib/python3.12/site-packages/airflow/example_dags/example_dag_decorator.py for tasks to queue
[2024-10-22T14:37:57.827+0000] {logging_mixin.py:188} INFO - [2024-10-22T14:37:57.827+0000] {dagbag.py:545} INFO - Filling up the DagBag from /home/airflow/.local/lib/python3.12/site-packages/airflow/example_dags/example_dag_decorator.py
[2024-10-22T14:37:57.895+0000] {processor.py:840} INFO - DAG(s) 'example_dag_decorator' retrieved from /home/airflow/.local/lib/python3.12/site-packages/airflow/example_dags/example_dag_decorator.py
[2024-10-22T14:37:58.065+0000] {logging_mixin.py:188} INFO - [2024-10-22T14:37:58.064+0000] {dag.py:3089} INFO - Sync 1 DAGs
[2024-10-22T14:37:58.071+0000] {logging_mixin.py:188} INFO - [2024-10-22T14:37:58.070+0000] {dag.py:3947} INFO - Setting next_dagrun for example_dag_decorator to None, run_after=None
[2024-10-22T14:37:58.083+0000] {processor.py:183} INFO - Processing /home/airflow/.local/lib/python3.12/site-packages/airflow/example_dags/example_dag_decorator.py took 0.262 seconds
[2024-10-22T14:38:29.006+0000] {processor.py:161} INFO - Started process (PID=2378) to work on /home/airflow/.local/lib/python3.12/site-packages/airflow/example_dags/example_dag_decorator.py
[2024-10-22T14:38:29.007+0000] {processor.py:830} INFO - Processing file /home/airflow/.local/lib/python3.12/site-packages/airflow/example_dags/example_dag_decorator.py for tasks to queue
[2024-10-22T14:38:29.008+0000] {logging_mixin.py:188} INFO - [2024-10-22T14:38:29.008+0000] {dagbag.py:545} INFO - Filling up the DagBag from /home/airflow/.local/lib/python3.12/site-packages/airflow/example_dags/example_dag_decorator.py
[2024-10-22T14:38:29.074+0000] {processor.py:840} INFO - DAG(s) 'example_dag_decorator' retrieved from /home/airflow/.local/lib/python3.12/site-packages/airflow/example_dags/example_dag_decorator.py
[2024-10-22T14:38:29.142+0000] {logging_mixin.py:188} INFO - [2024-10-22T14:38:29.142+0000] {dag.py:3089} INFO - Sync 1 DAGs
[2024-10-22T14:38:29.282+0000] {logging_mixin.py:188} INFO - [2024-10-22T14:38:29.282+0000] {dag.py:3947} INFO - Setting next_dagrun for example_dag_decorator to None, run_after=None
[2024-10-22T14:38:29.294+0000] {processor.py:183} INFO - Processing /home/airflow/.local/lib/python3.12/site-packages/airflow/example_dags/example_dag_decorator.py took 0.292 seconds
[2024-10-22T14:38:59.346+0000] {processor.py:161} INFO - Started process (PID=2660) to work on /home/airflow/.local/lib/python3.12/site-packages/airflow/example_dags/example_dag_decorator.py
[2024-10-22T14:38:59.346+0000] {processor.py:830} INFO - Processing file /home/airflow/.local/lib/python3.12/site-packages/airflow/example_dags/example_dag_decorator.py for tasks to queue
[2024-10-22T14:38:59.348+0000] {logging_mixin.py:188} INFO - [2024-10-22T14:38:59.348+0000] {dagbag.py:545} INFO - Filling up the DagBag from /home/airflow/.local/lib/python3.12/site-packages/airflow/example_dags/example_dag_decorator.py
[2024-10-22T14:38:59.420+0000] {processor.py:840} INFO - DAG(s) 'example_dag_decorator' retrieved from /home/airflow/.local/lib/python3.12/site-packages/airflow/example_dags/example_dag_decorator.py
[2024-10-22T14:38:59.491+0000] {logging_mixin.py:188} INFO - [2024-10-22T14:38:59.491+0000] {dag.py:3089} INFO - Sync 1 DAGs
[2024-10-22T14:38:59.602+0000] {logging_mixin.py:188} INFO - [2024-10-22T14:38:59.602+0000] {dag.py:3947} INFO - Setting next_dagrun for example_dag_decorator to None, run_after=None
[2024-10-22T14:38:59.616+0000] {processor.py:183} INFO - Processing /home/airflow/.local/lib/python3.12/site-packages/airflow/example_dags/example_dag_decorator.py took 0.274 seconds
[2024-10-22T14:39:29.668+0000] {processor.py:161} INFO - Started process (PID=2912) to work on /home/airflow/.local/lib/python3.12/site-packages/airflow/example_dags/example_dag_decorator.py
[2024-10-22T14:39:29.669+0000] {processor.py:830} INFO - Processing file /home/airflow/.local/lib/python3.12/site-packages/airflow/example_dags/example_dag_decorator.py for tasks to queue
[2024-10-22T14:39:29.670+0000] {logging_mixin.py:188} INFO - [2024-10-22T14:39:29.670+0000] {dagbag.py:545} INFO - Filling up the DagBag from /home/airflow/.local/lib/python3.12/site-packages/airflow/example_dags/example_dag_decorator.py
[2024-10-22T14:39:29.734+0000] {processor.py:840} INFO - DAG(s) 'example_dag_decorator' retrieved from /home/airflow/.local/lib/python3.12/site-packages/airflow/example_dags/example_dag_decorator.py
[2024-10-22T14:39:29.798+0000] {logging_mixin.py:188} INFO - [2024-10-22T14:39:29.798+0000] {dag.py:3089} INFO - Sync 1 DAGs
[2024-10-22T14:39:29.805+0000] {logging_mixin.py:188} INFO - [2024-10-22T14:39:29.804+0000] {dag.py:3947} INFO - Setting next_dagrun for example_dag_decorator to None, run_after=None
[2024-10-22T14:39:29.818+0000] {processor.py:183} INFO - Processing /home/airflow/.local/lib/python3.12/site-packages/airflow/example_dags/example_dag_decorator.py took 0.153 seconds
[2024-10-22T14:39:59.899+0000] {processor.py:161} INFO - Started process (PID=3184) to work on /home/airflow/.local/lib/python3.12/site-packages/airflow/example_dags/example_dag_decorator.py
[2024-10-22T14:39:59.900+0000] {processor.py:830} INFO - Processing file /home/airflow/.local/lib/python3.12/site-packages/airflow/example_dags/example_dag_decorator.py for tasks to queue
[2024-10-22T14:39:59.901+0000] {logging_mixin.py:188} INFO - [2024-10-22T14:39:59.901+0000] {dagbag.py:545} INFO - Filling up the DagBag from /home/airflow/.local/lib/python3.12/site-packages/airflow/example_dags/example_dag_decorator.py
[2024-10-22T14:39:59.965+0000] {processor.py:840} INFO - DAG(s) 'example_dag_decorator' retrieved from /home/airflow/.local/lib/python3.12/site-packages/airflow/example_dags/example_dag_decorator.py
[2024-10-22T14:40:00.148+0000] {logging_mixin.py:188} INFO - [2024-10-22T14:40:00.148+0000] {dag.py:3089} INFO - Sync 1 DAGs
[2024-10-22T14:40:00.154+0000] {logging_mixin.py:188} INFO - [2024-10-22T14:40:00.154+0000] {dag.py:3947} INFO - Setting next_dagrun for example_dag_decorator to None, run_after=None
[2024-10-22T14:40:00.166+0000] {processor.py:183} INFO - Processing /home/airflow/.local/lib/python3.12/site-packages/airflow/example_dags/example_dag_decorator.py took 0.270 seconds
[2024-10-22T14:40:30.263+0000] {processor.py:161} INFO - Started process (PID=3464) to work on /home/airflow/.local/lib/python3.12/site-packages/airflow/example_dags/example_dag_decorator.py
[2024-10-22T14:40:30.264+0000] {processor.py:830} INFO - Processing file /home/airflow/.local/lib/python3.12/site-packages/airflow/example_dags/example_dag_decorator.py for tasks to queue
[2024-10-22T14:40:30.265+0000] {logging_mixin.py:188} INFO - [2024-10-22T14:40:30.265+0000] {dagbag.py:545} INFO - Filling up the DagBag from /home/airflow/.local/lib/python3.12/site-packages/airflow/example_dags/example_dag_decorator.py
[2024-10-22T14:40:30.329+0000] {processor.py:840} INFO - DAG(s) 'example_dag_decorator' retrieved from /home/airflow/.local/lib/python3.12/site-packages/airflow/example_dags/example_dag_decorator.py
[2024-10-22T14:40:30.501+0000] {logging_mixin.py:188} INFO - [2024-10-22T14:40:30.501+0000] {dag.py:3089} INFO - Sync 1 DAGs
[2024-10-22T14:40:30.507+0000] {logging_mixin.py:188} INFO - [2024-10-22T14:40:30.507+0000] {dag.py:3947} INFO - Setting next_dagrun for example_dag_decorator to None, run_after=None
[2024-10-22T14:40:30.521+0000] {processor.py:183} INFO - Processing /home/airflow/.local/lib/python3.12/site-packages/airflow/example_dags/example_dag_decorator.py took 0.262 seconds
[2024-10-22T14:41:00.585+0000] {processor.py:161} INFO - Started process (PID=3746) to work on /home/airflow/.local/lib/python3.12/site-packages/airflow/example_dags/example_dag_decorator.py
[2024-10-22T14:41:00.585+0000] {processor.py:830} INFO - Processing file /home/airflow/.local/lib/python3.12/site-packages/airflow/example_dags/example_dag_decorator.py for tasks to queue
[2024-10-22T14:41:00.587+0000] {logging_mixin.py:188} INFO - [2024-10-22T14:41:00.586+0000] {dagbag.py:545} INFO - Filling up the DagBag from /home/airflow/.local/lib/python3.12/site-packages/airflow/example_dags/example_dag_decorator.py
[2024-10-22T14:41:00.654+0000] {processor.py:840} INFO - DAG(s) 'example_dag_decorator' retrieved from /home/airflow/.local/lib/python3.12/site-packages/airflow/example_dags/example_dag_decorator.py
[2024-10-22T14:41:00.828+0000] {logging_mixin.py:188} INFO - [2024-10-22T14:41:00.828+0000] {dag.py:3089} INFO - Sync 1 DAGs
[2024-10-22T14:41:00.835+0000] {logging_mixin.py:188} INFO - [2024-10-22T14:41:00.835+0000] {dag.py:3947} INFO - Setting next_dagrun for example_dag_decorator to None, run_after=None
[2024-10-22T14:41:00.846+0000] {processor.py:183} INFO - Processing /home/airflow/.local/lib/python3.12/site-packages/airflow/example_dags/example_dag_decorator.py took 0.266 seconds
[2024-10-22T14:41:30.934+0000] {processor.py:161} INFO - Started process (PID=4030) to work on /home/airflow/.local/lib/python3.12/site-packages/airflow/example_dags/example_dag_decorator.py
[2024-10-22T14:41:30.935+0000] {processor.py:830} INFO - Processing file /home/airflow/.local/lib/python3.12/site-packages/airflow/example_dags/example_dag_decorator.py for tasks to queue
[2024-10-22T14:41:30.936+0000] {logging_mixin.py:188} INFO - [2024-10-22T14:41:30.936+0000] {dagbag.py:545} INFO - Filling up the DagBag from /home/airflow/.local/lib/python3.12/site-packages/airflow/example_dags/example_dag_decorator.py
[2024-10-22T14:41:31.004+0000] {processor.py:840} INFO - DAG(s) 'example_dag_decorator' retrieved from /home/airflow/.local/lib/python3.12/site-packages/airflow/example_dags/example_dag_decorator.py
[2024-10-22T14:41:31.187+0000] {logging_mixin.py:188} INFO - [2024-10-22T14:41:31.186+0000] {dag.py:3089} INFO - Sync 1 DAGs
[2024-10-22T14:41:31.192+0000] {logging_mixin.py:188} INFO - [2024-10-22T14:41:31.192+0000] {dag.py:3947} INFO - Setting next_dagrun for example_dag_decorator to None, run_after=None
[2024-10-22T14:41:31.204+0000] {processor.py:183} INFO - Processing /home/airflow/.local/lib/python3.12/site-packages/airflow/example_dags/example_dag_decorator.py took 0.275 seconds
[2024-10-22T14:42:01.283+0000] {processor.py:161} INFO - Started process (PID=4312) to work on /home/airflow/.local/lib/python3.12/site-packages/airflow/example_dags/example_dag_decorator.py
[2024-10-22T14:42:01.284+0000] {processor.py:830} INFO - Processing file /home/airflow/.local/lib/python3.12/site-packages/airflow/example_dags/example_dag_decorator.py for tasks to queue
[2024-10-22T14:42:01.285+0000] {logging_mixin.py:188} INFO - [2024-10-22T14:42:01.285+0000] {dagbag.py:545} INFO - Filling up the DagBag from /home/airflow/.local/lib/python3.12/site-packages/airflow/example_dags/example_dag_decorator.py
[2024-10-22T14:42:01.355+0000] {processor.py:840} INFO - DAG(s) 'example_dag_decorator' retrieved from /home/airflow/.local/lib/python3.12/site-packages/airflow/example_dags/example_dag_decorator.py
[2024-10-22T14:42:01.545+0000] {logging_mixin.py:188} INFO - [2024-10-22T14:42:01.545+0000] {dag.py:3089} INFO - Sync 1 DAGs
[2024-10-22T14:42:01.552+0000] {logging_mixin.py:188} INFO - [2024-10-22T14:42:01.552+0000] {dag.py:3947} INFO - Setting next_dagrun for example_dag_decorator to None, run_after=None
[2024-10-22T14:42:01.564+0000] {processor.py:183} INFO - Processing /home/airflow/.local/lib/python3.12/site-packages/airflow/example_dags/example_dag_decorator.py took 0.285 seconds
[2024-10-22T14:42:47.585+0000] {processor.py:161} INFO - Started process (PID=224) to work on /home/airflow/.local/lib/python3.12/site-packages/airflow/example_dags/example_dag_decorator.py
[2024-10-22T14:42:47.585+0000] {processor.py:830} INFO - Processing file /home/airflow/.local/lib/python3.12/site-packages/airflow/example_dags/example_dag_decorator.py for tasks to queue
[2024-10-22T14:42:47.587+0000] {logging_mixin.py:188} INFO - [2024-10-22T14:42:47.586+0000] {dagbag.py:545} INFO - Filling up the DagBag from /home/airflow/.local/lib/python3.12/site-packages/airflow/example_dags/example_dag_decorator.py
[2024-10-22T14:42:47.846+0000] {processor.py:840} INFO - DAG(s) 'example_dag_decorator' retrieved from /home/airflow/.local/lib/python3.12/site-packages/airflow/example_dags/example_dag_decorator.py
[2024-10-22T14:42:47.856+0000] {logging_mixin.py:188} INFO - [2024-10-22T14:42:47.855+0000] {dag.py:3089} INFO - Sync 1 DAGs
[2024-10-22T14:42:47.867+0000] {logging_mixin.py:188} INFO - [2024-10-22T14:42:47.867+0000] {dag.py:3947} INFO - Setting next_dagrun for example_dag_decorator to None, run_after=None
[2024-10-22T14:42:47.883+0000] {processor.py:183} INFO - Processing /home/airflow/.local/lib/python3.12/site-packages/airflow/example_dags/example_dag_decorator.py took 0.302 seconds
[2024-10-22T14:43:18.441+0000] {processor.py:161} INFO - Started process (PID=507) to work on /home/airflow/.local/lib/python3.12/site-packages/airflow/example_dags/example_dag_decorator.py
[2024-10-22T14:43:18.441+0000] {processor.py:830} INFO - Processing file /home/airflow/.local/lib/python3.12/site-packages/airflow/example_dags/example_dag_decorator.py for tasks to queue
[2024-10-22T14:43:18.443+0000] {logging_mixin.py:188} INFO - [2024-10-22T14:43:18.442+0000] {dagbag.py:545} INFO - Filling up the DagBag from /home/airflow/.local/lib/python3.12/site-packages/airflow/example_dags/example_dag_decorator.py
[2024-10-22T14:43:18.511+0000] {processor.py:840} INFO - DAG(s) 'example_dag_decorator' retrieved from /home/airflow/.local/lib/python3.12/site-packages/airflow/example_dags/example_dag_decorator.py
[2024-10-22T14:43:18.579+0000] {logging_mixin.py:188} INFO - [2024-10-22T14:43:18.578+0000] {dag.py:3089} INFO - Sync 1 DAGs
[2024-10-22T14:43:18.586+0000] {logging_mixin.py:188} INFO - [2024-10-22T14:43:18.586+0000] {dag.py:3947} INFO - Setting next_dagrun for example_dag_decorator to None, run_after=None
[2024-10-22T14:43:18.599+0000] {processor.py:183} INFO - Processing /home/airflow/.local/lib/python3.12/site-packages/airflow/example_dags/example_dag_decorator.py took 0.163 seconds
[2024-10-22T14:43:48.679+0000] {processor.py:161} INFO - Started process (PID=777) to work on /home/airflow/.local/lib/python3.12/site-packages/airflow/example_dags/example_dag_decorator.py
[2024-10-22T14:43:48.680+0000] {processor.py:830} INFO - Processing file /home/airflow/.local/lib/python3.12/site-packages/airflow/example_dags/example_dag_decorator.py for tasks to queue
[2024-10-22T14:43:48.681+0000] {logging_mixin.py:188} INFO - [2024-10-22T14:43:48.681+0000] {dagbag.py:545} INFO - Filling up the DagBag from /home/airflow/.local/lib/python3.12/site-packages/airflow/example_dags/example_dag_decorator.py
[2024-10-22T14:43:48.749+0000] {processor.py:840} INFO - DAG(s) 'example_dag_decorator' retrieved from /home/airflow/.local/lib/python3.12/site-packages/airflow/example_dags/example_dag_decorator.py
[2024-10-22T14:43:48.814+0000] {logging_mixin.py:188} INFO - [2024-10-22T14:43:48.814+0000] {dag.py:3089} INFO - Sync 1 DAGs
[2024-10-22T14:43:48.821+0000] {logging_mixin.py:188} INFO - [2024-10-22T14:43:48.821+0000] {dag.py:3947} INFO - Setting next_dagrun for example_dag_decorator to None, run_after=None
[2024-10-22T14:43:48.834+0000] {processor.py:183} INFO - Processing /home/airflow/.local/lib/python3.12/site-packages/airflow/example_dags/example_dag_decorator.py took 0.159 seconds
[2024-10-22T14:44:19.042+0000] {processor.py:161} INFO - Started process (PID=1049) to work on /home/airflow/.local/lib/python3.12/site-packages/airflow/example_dags/example_dag_decorator.py
[2024-10-22T14:44:19.042+0000] {processor.py:830} INFO - Processing file /home/airflow/.local/lib/python3.12/site-packages/airflow/example_dags/example_dag_decorator.py for tasks to queue
[2024-10-22T14:44:19.044+0000] {logging_mixin.py:188} INFO - [2024-10-22T14:44:19.043+0000] {dagbag.py:545} INFO - Filling up the DagBag from /home/airflow/.local/lib/python3.12/site-packages/airflow/example_dags/example_dag_decorator.py
[2024-10-22T14:44:19.110+0000] {processor.py:840} INFO - DAG(s) 'example_dag_decorator' retrieved from /home/airflow/.local/lib/python3.12/site-packages/airflow/example_dags/example_dag_decorator.py
[2024-10-22T14:44:19.178+0000] {logging_mixin.py:188} INFO - [2024-10-22T14:44:19.177+0000] {dag.py:3089} INFO - Sync 1 DAGs
[2024-10-22T14:44:19.185+0000] {logging_mixin.py:188} INFO - [2024-10-22T14:44:19.185+0000] {dag.py:3947} INFO - Setting next_dagrun for example_dag_decorator to None, run_after=None
[2024-10-22T14:44:19.198+0000] {processor.py:183} INFO - Processing /home/airflow/.local/lib/python3.12/site-packages/airflow/example_dags/example_dag_decorator.py took 0.160 seconds
[2024-10-22T14:44:49.255+0000] {processor.py:161} INFO - Started process (PID=1318) to work on /home/airflow/.local/lib/python3.12/site-packages/airflow/example_dags/example_dag_decorator.py
[2024-10-22T14:44:49.256+0000] {processor.py:830} INFO - Processing file /home/airflow/.local/lib/python3.12/site-packages/airflow/example_dags/example_dag_decorator.py for tasks to queue
[2024-10-22T14:44:49.258+0000] {logging_mixin.py:188} INFO - [2024-10-22T14:44:49.258+0000] {dagbag.py:545} INFO - Filling up the DagBag from /home/airflow/.local/lib/python3.12/site-packages/airflow/example_dags/example_dag_decorator.py
[2024-10-22T14:44:49.329+0000] {processor.py:840} INFO - DAG(s) 'example_dag_decorator' retrieved from /home/airflow/.local/lib/python3.12/site-packages/airflow/example_dags/example_dag_decorator.py
[2024-10-22T14:44:49.523+0000] {logging_mixin.py:188} INFO - [2024-10-22T14:44:49.522+0000] {dag.py:3089} INFO - Sync 1 DAGs
[2024-10-22T14:44:49.529+0000] {logging_mixin.py:188} INFO - [2024-10-22T14:44:49.529+0000] {dag.py:3947} INFO - Setting next_dagrun for example_dag_decorator to None, run_after=None
[2024-10-22T14:44:49.542+0000] {processor.py:183} INFO - Processing /home/airflow/.local/lib/python3.12/site-packages/airflow/example_dags/example_dag_decorator.py took 0.291 seconds
[2024-10-22T14:45:19.735+0000] {processor.py:161} INFO - Started process (PID=1583) to work on /home/airflow/.local/lib/python3.12/site-packages/airflow/example_dags/example_dag_decorator.py
[2024-10-22T14:45:19.736+0000] {processor.py:830} INFO - Processing file /home/airflow/.local/lib/python3.12/site-packages/airflow/example_dags/example_dag_decorator.py for tasks to queue
[2024-10-22T14:45:19.737+0000] {logging_mixin.py:188} INFO - [2024-10-22T14:45:19.737+0000] {dagbag.py:545} INFO - Filling up the DagBag from /home/airflow/.local/lib/python3.12/site-packages/airflow/example_dags/example_dag_decorator.py
[2024-10-22T14:45:19.801+0000] {processor.py:840} INFO - DAG(s) 'example_dag_decorator' retrieved from /home/airflow/.local/lib/python3.12/site-packages/airflow/example_dags/example_dag_decorator.py
[2024-10-22T14:45:19.868+0000] {logging_mixin.py:188} INFO - [2024-10-22T14:45:19.868+0000] {dag.py:3089} INFO - Sync 1 DAGs
[2024-10-22T14:45:19.875+0000] {logging_mixin.py:188} INFO - [2024-10-22T14:45:19.875+0000] {dag.py:3947} INFO - Setting next_dagrun for example_dag_decorator to None, run_after=None
[2024-10-22T14:45:20.002+0000] {processor.py:183} INFO - Processing /home/airflow/.local/lib/python3.12/site-packages/airflow/example_dags/example_dag_decorator.py took 0.271 seconds
[2024-10-22T14:45:50.078+0000] {processor.py:161} INFO - Started process (PID=1857) to work on /home/airflow/.local/lib/python3.12/site-packages/airflow/example_dags/example_dag_decorator.py
[2024-10-22T14:45:50.079+0000] {processor.py:830} INFO - Processing file /home/airflow/.local/lib/python3.12/site-packages/airflow/example_dags/example_dag_decorator.py for tasks to queue
[2024-10-22T14:45:50.080+0000] {logging_mixin.py:188} INFO - [2024-10-22T14:45:50.080+0000] {dagbag.py:545} INFO - Filling up the DagBag from /home/airflow/.local/lib/python3.12/site-packages/airflow/example_dags/example_dag_decorator.py
[2024-10-22T14:45:50.156+0000] {processor.py:840} INFO - DAG(s) 'example_dag_decorator' retrieved from /home/airflow/.local/lib/python3.12/site-packages/airflow/example_dags/example_dag_decorator.py
[2024-10-22T14:45:50.233+0000] {logging_mixin.py:188} INFO - [2024-10-22T14:45:50.233+0000] {dag.py:3089} INFO - Sync 1 DAGs
[2024-10-22T14:45:50.240+0000] {logging_mixin.py:188} INFO - [2024-10-22T14:45:50.240+0000] {dag.py:3947} INFO - Setting next_dagrun for example_dag_decorator to None, run_after=None
[2024-10-22T14:45:50.255+0000] {processor.py:183} INFO - Processing /home/airflow/.local/lib/python3.12/site-packages/airflow/example_dags/example_dag_decorator.py took 0.181 seconds
[2024-10-22T14:46:20.890+0000] {processor.py:161} INFO - Started process (PID=2124) to work on /home/airflow/.local/lib/python3.12/site-packages/airflow/example_dags/example_dag_decorator.py
[2024-10-22T14:46:20.892+0000] {processor.py:830} INFO - Processing file /home/airflow/.local/lib/python3.12/site-packages/airflow/example_dags/example_dag_decorator.py for tasks to queue
[2024-10-22T14:46:20.895+0000] {logging_mixin.py:188} INFO - [2024-10-22T14:46:20.894+0000] {dagbag.py:545} INFO - Filling up the DagBag from /home/airflow/.local/lib/python3.12/site-packages/airflow/example_dags/example_dag_decorator.py
[2024-10-22T14:46:20.987+0000] {processor.py:840} INFO - DAG(s) 'example_dag_decorator' retrieved from /home/airflow/.local/lib/python3.12/site-packages/airflow/example_dags/example_dag_decorator.py
[2024-10-22T14:46:21.209+0000] {logging_mixin.py:188} INFO - [2024-10-22T14:46:21.208+0000] {dag.py:3089} INFO - Sync 1 DAGs
[2024-10-22T14:46:21.220+0000] {logging_mixin.py:188} INFO - [2024-10-22T14:46:21.220+0000] {dag.py:3947} INFO - Setting next_dagrun for example_dag_decorator to None, run_after=None
[2024-10-22T14:46:21.237+0000] {processor.py:183} INFO - Processing /home/airflow/.local/lib/python3.12/site-packages/airflow/example_dags/example_dag_decorator.py took 0.354 seconds
[2024-10-22T14:46:52.088+0000] {processor.py:161} INFO - Started process (PID=2404) to work on /home/airflow/.local/lib/python3.12/site-packages/airflow/example_dags/example_dag_decorator.py
[2024-10-22T14:46:52.088+0000] {processor.py:830} INFO - Processing file /home/airflow/.local/lib/python3.12/site-packages/airflow/example_dags/example_dag_decorator.py for tasks to queue
[2024-10-22T14:46:52.090+0000] {logging_mixin.py:188} INFO - [2024-10-22T14:46:52.089+0000] {dagbag.py:545} INFO - Filling up the DagBag from /home/airflow/.local/lib/python3.12/site-packages/airflow/example_dags/example_dag_decorator.py
[2024-10-22T14:46:52.163+0000] {processor.py:840} INFO - DAG(s) 'example_dag_decorator' retrieved from /home/airflow/.local/lib/python3.12/site-packages/airflow/example_dags/example_dag_decorator.py
[2024-10-22T14:46:52.351+0000] {logging_mixin.py:188} INFO - [2024-10-22T14:46:52.350+0000] {dag.py:3089} INFO - Sync 1 DAGs
[2024-10-22T14:46:52.358+0000] {logging_mixin.py:188} INFO - [2024-10-22T14:46:52.358+0000] {dag.py:3947} INFO - Setting next_dagrun for example_dag_decorator to None, run_after=None
[2024-10-22T14:46:52.370+0000] {processor.py:183} INFO - Processing /home/airflow/.local/lib/python3.12/site-packages/airflow/example_dags/example_dag_decorator.py took 0.287 seconds
[2024-10-22T14:47:22.449+0000] {processor.py:161} INFO - Started process (PID=2671) to work on /home/airflow/.local/lib/python3.12/site-packages/airflow/example_dags/example_dag_decorator.py
[2024-10-22T14:47:22.450+0000] {processor.py:830} INFO - Processing file /home/airflow/.local/lib/python3.12/site-packages/airflow/example_dags/example_dag_decorator.py for tasks to queue
[2024-10-22T14:47:22.451+0000] {logging_mixin.py:188} INFO - [2024-10-22T14:47:22.451+0000] {dagbag.py:545} INFO - Filling up the DagBag from /home/airflow/.local/lib/python3.12/site-packages/airflow/example_dags/example_dag_decorator.py
[2024-10-22T14:47:22.517+0000] {processor.py:840} INFO - DAG(s) 'example_dag_decorator' retrieved from /home/airflow/.local/lib/python3.12/site-packages/airflow/example_dags/example_dag_decorator.py
[2024-10-22T14:47:22.581+0000] {logging_mixin.py:188} INFO - [2024-10-22T14:47:22.581+0000] {dag.py:3089} INFO - Sync 1 DAGs
[2024-10-22T14:47:22.699+0000] {logging_mixin.py:188} INFO - [2024-10-22T14:47:22.699+0000] {dag.py:3947} INFO - Setting next_dagrun for example_dag_decorator to None, run_after=None
[2024-10-22T14:47:22.712+0000] {processor.py:183} INFO - Processing /home/airflow/.local/lib/python3.12/site-packages/airflow/example_dags/example_dag_decorator.py took 0.267 seconds
[2024-10-22T14:47:52.882+0000] {processor.py:161} INFO - Started process (PID=2953) to work on /home/airflow/.local/lib/python3.12/site-packages/airflow/example_dags/example_dag_decorator.py
[2024-10-22T14:47:52.883+0000] {processor.py:830} INFO - Processing file /home/airflow/.local/lib/python3.12/site-packages/airflow/example_dags/example_dag_decorator.py for tasks to queue
[2024-10-22T14:47:52.885+0000] {logging_mixin.py:188} INFO - [2024-10-22T14:47:52.884+0000] {dagbag.py:545} INFO - Filling up the DagBag from /home/airflow/.local/lib/python3.12/site-packages/airflow/example_dags/example_dag_decorator.py
[2024-10-22T14:47:52.952+0000] {processor.py:840} INFO - DAG(s) 'example_dag_decorator' retrieved from /home/airflow/.local/lib/python3.12/site-packages/airflow/example_dags/example_dag_decorator.py
[2024-10-22T14:47:53.028+0000] {logging_mixin.py:188} INFO - [2024-10-22T14:47:53.028+0000] {dag.py:3089} INFO - Sync 1 DAGs
[2024-10-22T14:47:53.160+0000] {logging_mixin.py:188} INFO - [2024-10-22T14:47:53.160+0000] {dag.py:3947} INFO - Setting next_dagrun for example_dag_decorator to None, run_after=None
[2024-10-22T14:47:53.173+0000] {processor.py:183} INFO - Processing /home/airflow/.local/lib/python3.12/site-packages/airflow/example_dags/example_dag_decorator.py took 0.295 seconds
[2024-10-22T14:48:23.257+0000] {processor.py:161} INFO - Started process (PID=3225) to work on /home/airflow/.local/lib/python3.12/site-packages/airflow/example_dags/example_dag_decorator.py
[2024-10-22T14:48:23.258+0000] {processor.py:830} INFO - Processing file /home/airflow/.local/lib/python3.12/site-packages/airflow/example_dags/example_dag_decorator.py for tasks to queue
[2024-10-22T14:48:23.259+0000] {logging_mixin.py:188} INFO - [2024-10-22T14:48:23.259+0000] {dagbag.py:545} INFO - Filling up the DagBag from /home/airflow/.local/lib/python3.12/site-packages/airflow/example_dags/example_dag_decorator.py
[2024-10-22T14:48:23.325+0000] {processor.py:840} INFO - DAG(s) 'example_dag_decorator' retrieved from /home/airflow/.local/lib/python3.12/site-packages/airflow/example_dags/example_dag_decorator.py
[2024-10-22T14:48:23.497+0000] {logging_mixin.py:188} INFO - [2024-10-22T14:48:23.497+0000] {dag.py:3089} INFO - Sync 1 DAGs
[2024-10-22T14:48:23.504+0000] {logging_mixin.py:188} INFO - [2024-10-22T14:48:23.504+0000] {dag.py:3947} INFO - Setting next_dagrun for example_dag_decorator to None, run_after=None
[2024-10-22T14:48:23.515+0000] {processor.py:183} INFO - Processing /home/airflow/.local/lib/python3.12/site-packages/airflow/example_dags/example_dag_decorator.py took 0.262 seconds
[2024-10-22T14:48:53.856+0000] {processor.py:161} INFO - Started process (PID=3507) to work on /home/airflow/.local/lib/python3.12/site-packages/airflow/example_dags/example_dag_decorator.py
[2024-10-22T14:48:53.857+0000] {processor.py:830} INFO - Processing file /home/airflow/.local/lib/python3.12/site-packages/airflow/example_dags/example_dag_decorator.py for tasks to queue
[2024-10-22T14:48:53.858+0000] {logging_mixin.py:188} INFO - [2024-10-22T14:48:53.858+0000] {dagbag.py:545} INFO - Filling up the DagBag from /home/airflow/.local/lib/python3.12/site-packages/airflow/example_dags/example_dag_decorator.py
[2024-10-22T14:48:53.924+0000] {processor.py:840} INFO - DAG(s) 'example_dag_decorator' retrieved from /home/airflow/.local/lib/python3.12/site-packages/airflow/example_dags/example_dag_decorator.py
[2024-10-22T14:48:54.118+0000] {logging_mixin.py:188} INFO - [2024-10-22T14:48:54.118+0000] {dag.py:3089} INFO - Sync 1 DAGs
[2024-10-22T14:48:54.124+0000] {logging_mixin.py:188} INFO - [2024-10-22T14:48:54.124+0000] {dag.py:3947} INFO - Setting next_dagrun for example_dag_decorator to None, run_after=None
[2024-10-22T14:48:54.136+0000] {processor.py:183} INFO - Processing /home/airflow/.local/lib/python3.12/site-packages/airflow/example_dags/example_dag_decorator.py took 0.285 seconds
[2024-10-22T14:49:24.168+0000] {processor.py:161} INFO - Started process (PID=3774) to work on /home/airflow/.local/lib/python3.12/site-packages/airflow/example_dags/example_dag_decorator.py
[2024-10-22T14:49:24.169+0000] {processor.py:830} INFO - Processing file /home/airflow/.local/lib/python3.12/site-packages/airflow/example_dags/example_dag_decorator.py for tasks to queue
[2024-10-22T14:49:24.170+0000] {logging_mixin.py:188} INFO - [2024-10-22T14:49:24.170+0000] {dagbag.py:545} INFO - Filling up the DagBag from /home/airflow/.local/lib/python3.12/site-packages/airflow/example_dags/example_dag_decorator.py
[2024-10-22T14:49:24.236+0000] {processor.py:840} INFO - DAG(s) 'example_dag_decorator' retrieved from /home/airflow/.local/lib/python3.12/site-packages/airflow/example_dags/example_dag_decorator.py
[2024-10-22T14:49:24.404+0000] {logging_mixin.py:188} INFO - [2024-10-22T14:49:24.404+0000] {dag.py:3089} INFO - Sync 1 DAGs
[2024-10-22T14:49:24.410+0000] {logging_mixin.py:188} INFO - [2024-10-22T14:49:24.410+0000] {dag.py:3947} INFO - Setting next_dagrun for example_dag_decorator to None, run_after=None
[2024-10-22T14:49:24.422+0000] {processor.py:183} INFO - Processing /home/airflow/.local/lib/python3.12/site-packages/airflow/example_dags/example_dag_decorator.py took 0.257 seconds
[2024-10-22T14:49:54.483+0000] {processor.py:161} INFO - Started process (PID=4039) to work on /home/airflow/.local/lib/python3.12/site-packages/airflow/example_dags/example_dag_decorator.py
[2024-10-22T14:49:54.484+0000] {processor.py:830} INFO - Processing file /home/airflow/.local/lib/python3.12/site-packages/airflow/example_dags/example_dag_decorator.py for tasks to queue
[2024-10-22T14:49:54.485+0000] {logging_mixin.py:188} INFO - [2024-10-22T14:49:54.485+0000] {dagbag.py:545} INFO - Filling up the DagBag from /home/airflow/.local/lib/python3.12/site-packages/airflow/example_dags/example_dag_decorator.py
[2024-10-22T14:49:54.547+0000] {processor.py:840} INFO - DAG(s) 'example_dag_decorator' retrieved from /home/airflow/.local/lib/python3.12/site-packages/airflow/example_dags/example_dag_decorator.py
[2024-10-22T14:49:54.726+0000] {logging_mixin.py:188} INFO - [2024-10-22T14:49:54.726+0000] {dag.py:3089} INFO - Sync 1 DAGs
[2024-10-22T14:49:54.732+0000] {logging_mixin.py:188} INFO - [2024-10-22T14:49:54.732+0000] {dag.py:3947} INFO - Setting next_dagrun for example_dag_decorator to None, run_after=None
[2024-10-22T14:49:54.744+0000] {processor.py:183} INFO - Processing /home/airflow/.local/lib/python3.12/site-packages/airflow/example_dags/example_dag_decorator.py took 0.264 seconds
[2024-10-22T14:50:24.902+0000] {processor.py:161} INFO - Started process (PID=4308) to work on /home/airflow/.local/lib/python3.12/site-packages/airflow/example_dags/example_dag_decorator.py
[2024-10-22T14:50:24.902+0000] {processor.py:830} INFO - Processing file /home/airflow/.local/lib/python3.12/site-packages/airflow/example_dags/example_dag_decorator.py for tasks to queue
[2024-10-22T14:50:24.904+0000] {logging_mixin.py:188} INFO - [2024-10-22T14:50:24.903+0000] {dagbag.py:545} INFO - Filling up the DagBag from /home/airflow/.local/lib/python3.12/site-packages/airflow/example_dags/example_dag_decorator.py
[2024-10-22T14:50:24.972+0000] {processor.py:840} INFO - DAG(s) 'example_dag_decorator' retrieved from /home/airflow/.local/lib/python3.12/site-packages/airflow/example_dags/example_dag_decorator.py
[2024-10-22T14:50:25.172+0000] {logging_mixin.py:188} INFO - [2024-10-22T14:50:25.171+0000] {dag.py:3089} INFO - Sync 1 DAGs
[2024-10-22T14:50:25.179+0000] {logging_mixin.py:188} INFO - [2024-10-22T14:50:25.179+0000] {dag.py:3947} INFO - Setting next_dagrun for example_dag_decorator to None, run_after=None
[2024-10-22T14:50:25.193+0000] {processor.py:183} INFO - Processing /home/airflow/.local/lib/python3.12/site-packages/airflow/example_dags/example_dag_decorator.py took 0.296 seconds
[2024-10-22T14:50:55.361+0000] {processor.py:161} INFO - Started process (PID=4575) to work on /home/airflow/.local/lib/python3.12/site-packages/airflow/example_dags/example_dag_decorator.py
[2024-10-22T14:50:55.362+0000] {processor.py:830} INFO - Processing file /home/airflow/.local/lib/python3.12/site-packages/airflow/example_dags/example_dag_decorator.py for tasks to queue
[2024-10-22T14:50:55.363+0000] {logging_mixin.py:188} INFO - [2024-10-22T14:50:55.363+0000] {dagbag.py:545} INFO - Filling up the DagBag from /home/airflow/.local/lib/python3.12/site-packages/airflow/example_dags/example_dag_decorator.py
[2024-10-22T14:50:55.434+0000] {processor.py:840} INFO - DAG(s) 'example_dag_decorator' retrieved from /home/airflow/.local/lib/python3.12/site-packages/airflow/example_dags/example_dag_decorator.py
[2024-10-22T14:50:55.614+0000] {logging_mixin.py:188} INFO - [2024-10-22T14:50:55.613+0000] {dag.py:3089} INFO - Sync 1 DAGs
[2024-10-22T14:50:55.620+0000] {logging_mixin.py:188} INFO - [2024-10-22T14:50:55.620+0000] {dag.py:3947} INFO - Setting next_dagrun for example_dag_decorator to None, run_after=None
[2024-10-22T14:50:55.634+0000] {processor.py:183} INFO - Processing /home/airflow/.local/lib/python3.12/site-packages/airflow/example_dags/example_dag_decorator.py took 0.277 seconds
[2024-10-22T14:51:25.790+0000] {processor.py:161} INFO - Started process (PID=4842) to work on /home/airflow/.local/lib/python3.12/site-packages/airflow/example_dags/example_dag_decorator.py
[2024-10-22T14:51:25.790+0000] {processor.py:830} INFO - Processing file /home/airflow/.local/lib/python3.12/site-packages/airflow/example_dags/example_dag_decorator.py for tasks to queue
[2024-10-22T14:51:25.792+0000] {logging_mixin.py:188} INFO - [2024-10-22T14:51:25.792+0000] {dagbag.py:545} INFO - Filling up the DagBag from /home/airflow/.local/lib/python3.12/site-packages/airflow/example_dags/example_dag_decorator.py
[2024-10-22T14:51:25.863+0000] {processor.py:840} INFO - DAG(s) 'example_dag_decorator' retrieved from /home/airflow/.local/lib/python3.12/site-packages/airflow/example_dags/example_dag_decorator.py
[2024-10-22T14:51:25.879+0000] {logging_mixin.py:188} INFO - [2024-10-22T14:51:25.879+0000] {dag.py:3089} INFO - Sync 1 DAGs
[2024-10-22T14:51:25.888+0000] {logging_mixin.py:188} INFO - [2024-10-22T14:51:25.888+0000] {dag.py:3947} INFO - Setting next_dagrun for example_dag_decorator to None, run_after=None
[2024-10-22T14:51:25.901+0000] {processor.py:183} INFO - Processing /home/airflow/.local/lib/python3.12/site-packages/airflow/example_dags/example_dag_decorator.py took 0.115 seconds
[2024-10-22T14:51:56.197+0000] {processor.py:161} INFO - Started process (PID=5109) to work on /home/airflow/.local/lib/python3.12/site-packages/airflow/example_dags/example_dag_decorator.py
[2024-10-22T14:51:56.198+0000] {processor.py:830} INFO - Processing file /home/airflow/.local/lib/python3.12/site-packages/airflow/example_dags/example_dag_decorator.py for tasks to queue
[2024-10-22T14:51:56.199+0000] {logging_mixin.py:188} INFO - [2024-10-22T14:51:56.199+0000] {dagbag.py:545} INFO - Filling up the DagBag from /home/airflow/.local/lib/python3.12/site-packages/airflow/example_dags/example_dag_decorator.py
[2024-10-22T14:51:56.374+0000] {processor.py:840} INFO - DAG(s) 'example_dag_decorator' retrieved from /home/airflow/.local/lib/python3.12/site-packages/airflow/example_dags/example_dag_decorator.py
[2024-10-22T14:51:56.439+0000] {logging_mixin.py:188} INFO - [2024-10-22T14:51:56.439+0000] {dag.py:3089} INFO - Sync 1 DAGs
[2024-10-22T14:51:56.446+0000] {logging_mixin.py:188} INFO - [2024-10-22T14:51:56.445+0000] {dag.py:3947} INFO - Setting next_dagrun for example_dag_decorator to None, run_after=None
[2024-10-22T14:51:56.457+0000] {processor.py:183} INFO - Processing /home/airflow/.local/lib/python3.12/site-packages/airflow/example_dags/example_dag_decorator.py took 0.264 seconds
[2024-10-22T14:52:26.511+0000] {processor.py:161} INFO - Started process (PID=5371) to work on /home/airflow/.local/lib/python3.12/site-packages/airflow/example_dags/example_dag_decorator.py
[2024-10-22T14:52:26.512+0000] {processor.py:830} INFO - Processing file /home/airflow/.local/lib/python3.12/site-packages/airflow/example_dags/example_dag_decorator.py for tasks to queue
[2024-10-22T14:52:26.513+0000] {logging_mixin.py:188} INFO - [2024-10-22T14:52:26.513+0000] {dagbag.py:545} INFO - Filling up the DagBag from /home/airflow/.local/lib/python3.12/site-packages/airflow/example_dags/example_dag_decorator.py
[2024-10-22T14:52:26.582+0000] {processor.py:840} INFO - DAG(s) 'example_dag_decorator' retrieved from /home/airflow/.local/lib/python3.12/site-packages/airflow/example_dags/example_dag_decorator.py
[2024-10-22T14:52:26.764+0000] {logging_mixin.py:188} INFO - [2024-10-22T14:52:26.764+0000] {dag.py:3089} INFO - Sync 1 DAGs
[2024-10-22T14:52:26.770+0000] {logging_mixin.py:188} INFO - [2024-10-22T14:52:26.770+0000] {dag.py:3947} INFO - Setting next_dagrun for example_dag_decorator to None, run_after=None
[2024-10-22T14:52:26.782+0000] {processor.py:183} INFO - Processing /home/airflow/.local/lib/python3.12/site-packages/airflow/example_dags/example_dag_decorator.py took 0.275 seconds
[2024-10-22T14:52:56.844+0000] {processor.py:161} INFO - Started process (PID=5641) to work on /home/airflow/.local/lib/python3.12/site-packages/airflow/example_dags/example_dag_decorator.py
[2024-10-22T14:52:56.845+0000] {processor.py:830} INFO - Processing file /home/airflow/.local/lib/python3.12/site-packages/airflow/example_dags/example_dag_decorator.py for tasks to queue
[2024-10-22T14:52:56.846+0000] {logging_mixin.py:188} INFO - [2024-10-22T14:52:56.846+0000] {dagbag.py:545} INFO - Filling up the DagBag from /home/airflow/.local/lib/python3.12/site-packages/airflow/example_dags/example_dag_decorator.py
[2024-10-22T14:52:56.911+0000] {processor.py:840} INFO - DAG(s) 'example_dag_decorator' retrieved from /home/airflow/.local/lib/python3.12/site-packages/airflow/example_dags/example_dag_decorator.py
[2024-10-22T14:52:57.088+0000] {logging_mixin.py:188} INFO - [2024-10-22T14:52:57.088+0000] {dag.py:3089} INFO - Sync 1 DAGs
[2024-10-22T14:52:57.094+0000] {logging_mixin.py:188} INFO - [2024-10-22T14:52:57.094+0000] {dag.py:3947} INFO - Setting next_dagrun for example_dag_decorator to None, run_after=None
[2024-10-22T14:52:57.106+0000] {processor.py:183} INFO - Processing /home/airflow/.local/lib/python3.12/site-packages/airflow/example_dags/example_dag_decorator.py took 0.266 seconds
[2024-10-22T14:53:27.155+0000] {processor.py:161} INFO - Started process (PID=5908) to work on /home/airflow/.local/lib/python3.12/site-packages/airflow/example_dags/example_dag_decorator.py
[2024-10-22T14:53:27.156+0000] {processor.py:830} INFO - Processing file /home/airflow/.local/lib/python3.12/site-packages/airflow/example_dags/example_dag_decorator.py for tasks to queue
[2024-10-22T14:53:27.157+0000] {logging_mixin.py:188} INFO - [2024-10-22T14:53:27.157+0000] {dagbag.py:545} INFO - Filling up the DagBag from /home/airflow/.local/lib/python3.12/site-packages/airflow/example_dags/example_dag_decorator.py
[2024-10-22T14:53:27.227+0000] {processor.py:840} INFO - DAG(s) 'example_dag_decorator' retrieved from /home/airflow/.local/lib/python3.12/site-packages/airflow/example_dags/example_dag_decorator.py
[2024-10-22T14:53:27.244+0000] {logging_mixin.py:188} INFO - [2024-10-22T14:53:27.244+0000] {dag.py:3089} INFO - Sync 1 DAGs
[2024-10-22T14:53:27.365+0000] {logging_mixin.py:188} INFO - [2024-10-22T14:53:27.365+0000] {dag.py:3947} INFO - Setting next_dagrun for example_dag_decorator to None, run_after=None
[2024-10-22T14:53:27.378+0000] {processor.py:183} INFO - Processing /home/airflow/.local/lib/python3.12/site-packages/airflow/example_dags/example_dag_decorator.py took 0.227 seconds
[2024-10-22T14:53:57.678+0000] {processor.py:161} INFO - Started process (PID=6180) to work on /home/airflow/.local/lib/python3.12/site-packages/airflow/example_dags/example_dag_decorator.py
[2024-10-22T14:53:57.678+0000] {processor.py:830} INFO - Processing file /home/airflow/.local/lib/python3.12/site-packages/airflow/example_dags/example_dag_decorator.py for tasks to queue
[2024-10-22T14:53:57.680+0000] {logging_mixin.py:188} INFO - [2024-10-22T14:53:57.679+0000] {dagbag.py:545} INFO - Filling up the DagBag from /home/airflow/.local/lib/python3.12/site-packages/airflow/example_dags/example_dag_decorator.py
[2024-10-22T14:53:57.859+0000] {processor.py:840} INFO - DAG(s) 'example_dag_decorator' retrieved from /home/airflow/.local/lib/python3.12/site-packages/airflow/example_dags/example_dag_decorator.py
[2024-10-22T14:53:57.920+0000] {logging_mixin.py:188} INFO - [2024-10-22T14:53:57.920+0000] {dag.py:3089} INFO - Sync 1 DAGs
[2024-10-22T14:53:57.926+0000] {logging_mixin.py:188} INFO - [2024-10-22T14:53:57.926+0000] {dag.py:3947} INFO - Setting next_dagrun for example_dag_decorator to None, run_after=None
[2024-10-22T14:53:57.938+0000] {processor.py:183} INFO - Processing /home/airflow/.local/lib/python3.12/site-packages/airflow/example_dags/example_dag_decorator.py took 0.264 seconds
[2024-10-22T14:54:28.164+0000] {processor.py:161} INFO - Started process (PID=6462) to work on /home/airflow/.local/lib/python3.12/site-packages/airflow/example_dags/example_dag_decorator.py
[2024-10-22T14:54:28.165+0000] {processor.py:830} INFO - Processing file /home/airflow/.local/lib/python3.12/site-packages/airflow/example_dags/example_dag_decorator.py for tasks to queue
[2024-10-22T14:54:28.166+0000] {logging_mixin.py:188} INFO - [2024-10-22T14:54:28.166+0000] {dagbag.py:545} INFO - Filling up the DagBag from /home/airflow/.local/lib/python3.12/site-packages/airflow/example_dags/example_dag_decorator.py
[2024-10-22T14:54:28.355+0000] {processor.py:840} INFO - DAG(s) 'example_dag_decorator' retrieved from /home/airflow/.local/lib/python3.12/site-packages/airflow/example_dags/example_dag_decorator.py
[2024-10-22T14:54:28.416+0000] {logging_mixin.py:188} INFO - [2024-10-22T14:54:28.415+0000] {dag.py:3089} INFO - Sync 1 DAGs
[2024-10-22T14:54:28.422+0000] {logging_mixin.py:188} INFO - [2024-10-22T14:54:28.422+0000] {dag.py:3947} INFO - Setting next_dagrun for example_dag_decorator to None, run_after=None
[2024-10-22T14:54:28.434+0000] {processor.py:183} INFO - Processing /home/airflow/.local/lib/python3.12/site-packages/airflow/example_dags/example_dag_decorator.py took 0.275 seconds
[2024-10-22T14:54:58.844+0000] {processor.py:161} INFO - Started process (PID=6737) to work on /home/airflow/.local/lib/python3.12/site-packages/airflow/example_dags/example_dag_decorator.py
[2024-10-22T14:54:58.845+0000] {processor.py:830} INFO - Processing file /home/airflow/.local/lib/python3.12/site-packages/airflow/example_dags/example_dag_decorator.py for tasks to queue
[2024-10-22T14:54:58.846+0000] {logging_mixin.py:188} INFO - [2024-10-22T14:54:58.846+0000] {dagbag.py:545} INFO - Filling up the DagBag from /home/airflow/.local/lib/python3.12/site-packages/airflow/example_dags/example_dag_decorator.py
[2024-10-22T14:54:59.051+0000] {processor.py:840} INFO - DAG(s) 'example_dag_decorator' retrieved from /home/airflow/.local/lib/python3.12/site-packages/airflow/example_dags/example_dag_decorator.py
[2024-10-22T14:54:59.113+0000] {logging_mixin.py:188} INFO - [2024-10-22T14:54:59.113+0000] {dag.py:3089} INFO - Sync 1 DAGs
[2024-10-22T14:54:59.120+0000] {logging_mixin.py:188} INFO - [2024-10-22T14:54:59.120+0000] {dag.py:3947} INFO - Setting next_dagrun for example_dag_decorator to None, run_after=None
[2024-10-22T14:54:59.134+0000] {processor.py:183} INFO - Processing /home/airflow/.local/lib/python3.12/site-packages/airflow/example_dags/example_dag_decorator.py took 0.295 seconds
[2024-10-22T14:55:29.493+0000] {processor.py:161} INFO - Started process (PID=7004) to work on /home/airflow/.local/lib/python3.12/site-packages/airflow/example_dags/example_dag_decorator.py
[2024-10-22T14:55:29.494+0000] {processor.py:830} INFO - Processing file /home/airflow/.local/lib/python3.12/site-packages/airflow/example_dags/example_dag_decorator.py for tasks to queue
[2024-10-22T14:55:29.495+0000] {logging_mixin.py:188} INFO - [2024-10-22T14:55:29.495+0000] {dagbag.py:545} INFO - Filling up the DagBag from /home/airflow/.local/lib/python3.12/site-packages/airflow/example_dags/example_dag_decorator.py
[2024-10-22T14:55:29.673+0000] {processor.py:840} INFO - DAG(s) 'example_dag_decorator' retrieved from /home/airflow/.local/lib/python3.12/site-packages/airflow/example_dags/example_dag_decorator.py
[2024-10-22T14:55:29.737+0000] {logging_mixin.py:188} INFO - [2024-10-22T14:55:29.736+0000] {dag.py:3089} INFO - Sync 1 DAGs
[2024-10-22T14:55:29.743+0000] {logging_mixin.py:188} INFO - [2024-10-22T14:55:29.743+0000] {dag.py:3947} INFO - Setting next_dagrun for example_dag_decorator to None, run_after=None
[2024-10-22T14:55:29.755+0000] {processor.py:183} INFO - Processing /home/airflow/.local/lib/python3.12/site-packages/airflow/example_dags/example_dag_decorator.py took 0.266 seconds
[2024-10-22T14:56:00.338+0000] {processor.py:161} INFO - Started process (PID=7276) to work on /home/airflow/.local/lib/python3.12/site-packages/airflow/example_dags/example_dag_decorator.py
[2024-10-22T14:56:00.339+0000] {processor.py:830} INFO - Processing file /home/airflow/.local/lib/python3.12/site-packages/airflow/example_dags/example_dag_decorator.py for tasks to queue
[2024-10-22T14:56:00.340+0000] {logging_mixin.py:188} INFO - [2024-10-22T14:56:00.340+0000] {dagbag.py:545} INFO - Filling up the DagBag from /home/airflow/.local/lib/python3.12/site-packages/airflow/example_dags/example_dag_decorator.py
[2024-10-22T14:56:00.529+0000] {processor.py:840} INFO - DAG(s) 'example_dag_decorator' retrieved from /home/airflow/.local/lib/python3.12/site-packages/airflow/example_dags/example_dag_decorator.py
[2024-10-22T14:56:00.601+0000] {logging_mixin.py:188} INFO - [2024-10-22T14:56:00.601+0000] {dag.py:3089} INFO - Sync 1 DAGs
[2024-10-22T14:56:00.607+0000] {logging_mixin.py:188} INFO - [2024-10-22T14:56:00.607+0000] {dag.py:3947} INFO - Setting next_dagrun for example_dag_decorator to None, run_after=None
[2024-10-22T14:56:00.619+0000] {processor.py:183} INFO - Processing /home/airflow/.local/lib/python3.12/site-packages/airflow/example_dags/example_dag_decorator.py took 0.286 seconds
[2024-10-22T14:56:30.857+0000] {processor.py:161} INFO - Started process (PID=7546) to work on /home/airflow/.local/lib/python3.12/site-packages/airflow/example_dags/example_dag_decorator.py
[2024-10-22T14:56:30.858+0000] {processor.py:830} INFO - Processing file /home/airflow/.local/lib/python3.12/site-packages/airflow/example_dags/example_dag_decorator.py for tasks to queue
[2024-10-22T14:56:30.859+0000] {logging_mixin.py:188} INFO - [2024-10-22T14:56:30.859+0000] {dagbag.py:545} INFO - Filling up the DagBag from /home/airflow/.local/lib/python3.12/site-packages/airflow/example_dags/example_dag_decorator.py
[2024-10-22T14:56:31.039+0000] {processor.py:840} INFO - DAG(s) 'example_dag_decorator' retrieved from /home/airflow/.local/lib/python3.12/site-packages/airflow/example_dags/example_dag_decorator.py
[2024-10-22T14:56:31.106+0000] {logging_mixin.py:188} INFO - [2024-10-22T14:56:31.106+0000] {dag.py:3089} INFO - Sync 1 DAGs
[2024-10-22T14:56:31.112+0000] {logging_mixin.py:188} INFO - [2024-10-22T14:56:31.112+0000] {dag.py:3947} INFO - Setting next_dagrun for example_dag_decorator to None, run_after=None
[2024-10-22T14:56:31.124+0000] {processor.py:183} INFO - Processing /home/airflow/.local/lib/python3.12/site-packages/airflow/example_dags/example_dag_decorator.py took 0.271 seconds
[2024-10-22T14:57:01.173+0000] {processor.py:161} INFO - Started process (PID=7825) to work on /home/airflow/.local/lib/python3.12/site-packages/airflow/example_dags/example_dag_decorator.py
[2024-10-22T14:57:01.174+0000] {processor.py:830} INFO - Processing file /home/airflow/.local/lib/python3.12/site-packages/airflow/example_dags/example_dag_decorator.py for tasks to queue
[2024-10-22T14:57:01.175+0000] {logging_mixin.py:188} INFO - [2024-10-22T14:57:01.175+0000] {dagbag.py:545} INFO - Filling up the DagBag from /home/airflow/.local/lib/python3.12/site-packages/airflow/example_dags/example_dag_decorator.py
[2024-10-22T14:57:01.380+0000] {processor.py:840} INFO - DAG(s) 'example_dag_decorator' retrieved from /home/airflow/.local/lib/python3.12/site-packages/airflow/example_dags/example_dag_decorator.py
[2024-10-22T14:57:01.445+0000] {logging_mixin.py:188} INFO - [2024-10-22T14:57:01.445+0000] {dag.py:3089} INFO - Sync 1 DAGs
[2024-10-22T14:57:01.451+0000] {logging_mixin.py:188} INFO - [2024-10-22T14:57:01.451+0000] {dag.py:3947} INFO - Setting next_dagrun for example_dag_decorator to None, run_after=None
[2024-10-22T14:57:01.464+0000] {processor.py:183} INFO - Processing /home/airflow/.local/lib/python3.12/site-packages/airflow/example_dags/example_dag_decorator.py took 0.294 seconds
[2024-10-22T14:57:31.719+0000] {processor.py:161} INFO - Started process (PID=8057) to work on /home/airflow/.local/lib/python3.12/site-packages/airflow/example_dags/example_dag_decorator.py
[2024-10-22T14:57:31.720+0000] {processor.py:830} INFO - Processing file /home/airflow/.local/lib/python3.12/site-packages/airflow/example_dags/example_dag_decorator.py for tasks to queue
[2024-10-22T14:57:31.721+0000] {logging_mixin.py:188} INFO - [2024-10-22T14:57:31.721+0000] {dagbag.py:545} INFO - Filling up the DagBag from /home/airflow/.local/lib/python3.12/site-packages/airflow/example_dags/example_dag_decorator.py
[2024-10-22T14:57:31.885+0000] {processor.py:840} INFO - DAG(s) 'example_dag_decorator' retrieved from /home/airflow/.local/lib/python3.12/site-packages/airflow/example_dags/example_dag_decorator.py
[2024-10-22T14:57:31.953+0000] {logging_mixin.py:188} INFO - [2024-10-22T14:57:31.953+0000] {dag.py:3089} INFO - Sync 1 DAGs
[2024-10-22T14:57:31.960+0000] {logging_mixin.py:188} INFO - [2024-10-22T14:57:31.960+0000] {dag.py:3947} INFO - Setting next_dagrun for example_dag_decorator to None, run_after=None
[2024-10-22T14:57:31.972+0000] {processor.py:183} INFO - Processing /home/airflow/.local/lib/python3.12/site-packages/airflow/example_dags/example_dag_decorator.py took 0.257 seconds
