[2024-10-22T14:00:16.109+0000] {processor.py:161} INFO - Started process (PID=382) to work on /home/airflow/.local/lib/python3.12/site-packages/airflow/example_dags/example_display_name.py
[2024-10-22T14:00:16.110+0000] {processor.py:830} INFO - Processing file /home/airflow/.local/lib/python3.12/site-packages/airflow/example_dags/example_display_name.py for tasks to queue
[2024-10-22T14:00:16.111+0000] {logging_mixin.py:188} INFO - [2024-10-22T14:00:16.111+0000] {dagbag.py:545} INFO - Filling up the DagBag from /home/airflow/.local/lib/python3.12/site-packages/airflow/example_dags/example_display_name.py
[2024-10-22T14:00:16.117+0000] {processor.py:840} INFO - DAG(s) 'example_display_name' retrieved from /home/airflow/.local/lib/python3.12/site-packages/airflow/example_dags/example_display_name.py
[2024-10-22T14:00:16.196+0000] {logging_mixin.py:188} INFO - [2024-10-22T14:00:16.196+0000] {override.py:1858} INFO - Created Permission View: can delete on DAG:example_display_name
[2024-10-22T14:00:16.203+0000] {logging_mixin.py:188} INFO - [2024-10-22T14:00:16.202+0000] {override.py:1858} INFO - Created Permission View: can edit on DAG:example_display_name
[2024-10-22T14:00:16.207+0000] {logging_mixin.py:188} INFO - [2024-10-22T14:00:16.207+0000] {override.py:1858} INFO - Created Permission View: can read on DAG:example_display_name
[2024-10-22T14:00:16.208+0000] {logging_mixin.py:188} INFO - [2024-10-22T14:00:16.207+0000] {dag.py:3089} INFO - Sync 1 DAGs
[2024-10-22T14:00:16.215+0000] {logging_mixin.py:188} INFO - [2024-10-22T14:00:16.215+0000] {dag.py:3111} INFO - Creating ORM DAG for example_display_name
[2024-10-22T14:00:16.216+0000] {logging_mixin.py:188} INFO - [2024-10-22T14:00:16.216+0000] {dag.py:3947} INFO - Setting next_dagrun for example_display_name to None, run_after=None
[2024-10-22T14:00:16.227+0000] {processor.py:183} INFO - Processing /home/airflow/.local/lib/python3.12/site-packages/airflow/example_dags/example_display_name.py took 0.122 seconds
[2024-10-22T14:00:46.850+0000] {processor.py:161} INFO - Started process (PID=649) to work on /home/airflow/.local/lib/python3.12/site-packages/airflow/example_dags/example_display_name.py
[2024-10-22T14:00:46.851+0000] {processor.py:830} INFO - Processing file /home/airflow/.local/lib/python3.12/site-packages/airflow/example_dags/example_display_name.py for tasks to queue
[2024-10-22T14:00:46.853+0000] {logging_mixin.py:188} INFO - [2024-10-22T14:00:46.852+0000] {dagbag.py:545} INFO - Filling up the DagBag from /home/airflow/.local/lib/python3.12/site-packages/airflow/example_dags/example_display_name.py
[2024-10-22T14:00:46.857+0000] {processor.py:840} INFO - DAG(s) 'example_display_name' retrieved from /home/airflow/.local/lib/python3.12/site-packages/airflow/example_dags/example_display_name.py
[2024-10-22T14:00:46.871+0000] {logging_mixin.py:188} INFO - [2024-10-22T14:00:46.871+0000] {dag.py:3089} INFO - Sync 1 DAGs
[2024-10-22T14:00:46.881+0000] {logging_mixin.py:188} INFO - [2024-10-22T14:00:46.881+0000] {dag.py:3947} INFO - Setting next_dagrun for example_display_name to None, run_after=None
[2024-10-22T14:00:46.895+0000] {processor.py:183} INFO - Processing /home/airflow/.local/lib/python3.12/site-packages/airflow/example_dags/example_display_name.py took 0.049 seconds
[2024-10-22T14:01:17.201+0000] {processor.py:161} INFO - Started process (PID=916) to work on /home/airflow/.local/lib/python3.12/site-packages/airflow/example_dags/example_display_name.py
[2024-10-22T14:01:17.202+0000] {processor.py:830} INFO - Processing file /home/airflow/.local/lib/python3.12/site-packages/airflow/example_dags/example_display_name.py for tasks to queue
[2024-10-22T14:01:17.203+0000] {logging_mixin.py:188} INFO - [2024-10-22T14:01:17.203+0000] {dagbag.py:545} INFO - Filling up the DagBag from /home/airflow/.local/lib/python3.12/site-packages/airflow/example_dags/example_display_name.py
[2024-10-22T14:01:17.208+0000] {processor.py:840} INFO - DAG(s) 'example_display_name' retrieved from /home/airflow/.local/lib/python3.12/site-packages/airflow/example_dags/example_display_name.py
[2024-10-22T14:01:17.223+0000] {logging_mixin.py:188} INFO - [2024-10-22T14:01:17.222+0000] {dag.py:3089} INFO - Sync 1 DAGs
[2024-10-22T14:01:17.232+0000] {logging_mixin.py:188} INFO - [2024-10-22T14:01:17.232+0000] {dag.py:3947} INFO - Setting next_dagrun for example_display_name to None, run_after=None
[2024-10-22T14:01:17.246+0000] {processor.py:183} INFO - Processing /home/airflow/.local/lib/python3.12/site-packages/airflow/example_dags/example_display_name.py took 0.049 seconds
[2024-10-22T14:01:47.535+0000] {processor.py:161} INFO - Started process (PID=1183) to work on /home/airflow/.local/lib/python3.12/site-packages/airflow/example_dags/example_display_name.py
[2024-10-22T14:01:47.536+0000] {processor.py:830} INFO - Processing file /home/airflow/.local/lib/python3.12/site-packages/airflow/example_dags/example_display_name.py for tasks to queue
[2024-10-22T14:01:47.537+0000] {logging_mixin.py:188} INFO - [2024-10-22T14:01:47.537+0000] {dagbag.py:545} INFO - Filling up the DagBag from /home/airflow/.local/lib/python3.12/site-packages/airflow/example_dags/example_display_name.py
[2024-10-22T14:01:47.541+0000] {processor.py:840} INFO - DAG(s) 'example_display_name' retrieved from /home/airflow/.local/lib/python3.12/site-packages/airflow/example_dags/example_display_name.py
[2024-10-22T14:01:47.555+0000] {logging_mixin.py:188} INFO - [2024-10-22T14:01:47.554+0000] {dag.py:3089} INFO - Sync 1 DAGs
[2024-10-22T14:01:47.563+0000] {logging_mixin.py:188} INFO - [2024-10-22T14:01:47.563+0000] {dag.py:3947} INFO - Setting next_dagrun for example_display_name to None, run_after=None
[2024-10-22T14:01:47.576+0000] {processor.py:183} INFO - Processing /home/airflow/.local/lib/python3.12/site-packages/airflow/example_dags/example_display_name.py took 0.045 seconds
[2024-10-22T14:02:17.923+0000] {processor.py:161} INFO - Started process (PID=1448) to work on /home/airflow/.local/lib/python3.12/site-packages/airflow/example_dags/example_display_name.py
[2024-10-22T14:02:17.924+0000] {processor.py:830} INFO - Processing file /home/airflow/.local/lib/python3.12/site-packages/airflow/example_dags/example_display_name.py for tasks to queue
[2024-10-22T14:02:17.925+0000] {logging_mixin.py:188} INFO - [2024-10-22T14:02:17.925+0000] {dagbag.py:545} INFO - Filling up the DagBag from /home/airflow/.local/lib/python3.12/site-packages/airflow/example_dags/example_display_name.py
[2024-10-22T14:02:17.929+0000] {processor.py:840} INFO - DAG(s) 'example_display_name' retrieved from /home/airflow/.local/lib/python3.12/site-packages/airflow/example_dags/example_display_name.py
[2024-10-22T14:02:17.943+0000] {logging_mixin.py:188} INFO - [2024-10-22T14:02:17.942+0000] {dag.py:3089} INFO - Sync 1 DAGs
[2024-10-22T14:02:17.952+0000] {logging_mixin.py:188} INFO - [2024-10-22T14:02:17.952+0000] {dag.py:3947} INFO - Setting next_dagrun for example_display_name to None, run_after=None
[2024-10-22T14:02:17.965+0000] {processor.py:183} INFO - Processing /home/airflow/.local/lib/python3.12/site-packages/airflow/example_dags/example_display_name.py took 0.046 seconds
[2024-10-22T14:02:48.111+0000] {processor.py:161} INFO - Started process (PID=1717) to work on /home/airflow/.local/lib/python3.12/site-packages/airflow/example_dags/example_display_name.py
[2024-10-22T14:02:48.112+0000] {processor.py:830} INFO - Processing file /home/airflow/.local/lib/python3.12/site-packages/airflow/example_dags/example_display_name.py for tasks to queue
[2024-10-22T14:02:48.113+0000] {logging_mixin.py:188} INFO - [2024-10-22T14:02:48.113+0000] {dagbag.py:545} INFO - Filling up the DagBag from /home/airflow/.local/lib/python3.12/site-packages/airflow/example_dags/example_display_name.py
[2024-10-22T14:02:48.117+0000] {processor.py:840} INFO - DAG(s) 'example_display_name' retrieved from /home/airflow/.local/lib/python3.12/site-packages/airflow/example_dags/example_display_name.py
[2024-10-22T14:02:48.131+0000] {logging_mixin.py:188} INFO - [2024-10-22T14:02:48.131+0000] {dag.py:3089} INFO - Sync 1 DAGs
[2024-10-22T14:02:48.140+0000] {logging_mixin.py:188} INFO - [2024-10-22T14:02:48.140+0000] {dag.py:3947} INFO - Setting next_dagrun for example_display_name to None, run_after=None
[2024-10-22T14:02:48.153+0000] {processor.py:183} INFO - Processing /home/airflow/.local/lib/python3.12/site-packages/airflow/example_dags/example_display_name.py took 0.046 seconds
[2024-10-22T14:03:18.366+0000] {processor.py:161} INFO - Started process (PID=1984) to work on /home/airflow/.local/lib/python3.12/site-packages/airflow/example_dags/example_display_name.py
[2024-10-22T14:03:18.367+0000] {processor.py:830} INFO - Processing file /home/airflow/.local/lib/python3.12/site-packages/airflow/example_dags/example_display_name.py for tasks to queue
[2024-10-22T14:03:18.369+0000] {logging_mixin.py:188} INFO - [2024-10-22T14:03:18.369+0000] {dagbag.py:545} INFO - Filling up the DagBag from /home/airflow/.local/lib/python3.12/site-packages/airflow/example_dags/example_display_name.py
[2024-10-22T14:03:18.373+0000] {processor.py:840} INFO - DAG(s) 'example_display_name' retrieved from /home/airflow/.local/lib/python3.12/site-packages/airflow/example_dags/example_display_name.py
[2024-10-22T14:03:18.388+0000] {logging_mixin.py:188} INFO - [2024-10-22T14:03:18.387+0000] {dag.py:3089} INFO - Sync 1 DAGs
[2024-10-22T14:03:18.396+0000] {logging_mixin.py:188} INFO - [2024-10-22T14:03:18.396+0000] {dag.py:3947} INFO - Setting next_dagrun for example_display_name to None, run_after=None
[2024-10-22T14:03:18.410+0000] {processor.py:183} INFO - Processing /home/airflow/.local/lib/python3.12/site-packages/airflow/example_dags/example_display_name.py took 0.047 seconds
[2024-10-22T14:03:48.786+0000] {processor.py:161} INFO - Started process (PID=2251) to work on /home/airflow/.local/lib/python3.12/site-packages/airflow/example_dags/example_display_name.py
[2024-10-22T14:03:48.787+0000] {processor.py:830} INFO - Processing file /home/airflow/.local/lib/python3.12/site-packages/airflow/example_dags/example_display_name.py for tasks to queue
[2024-10-22T14:03:48.788+0000] {logging_mixin.py:188} INFO - [2024-10-22T14:03:48.788+0000] {dagbag.py:545} INFO - Filling up the DagBag from /home/airflow/.local/lib/python3.12/site-packages/airflow/example_dags/example_display_name.py
[2024-10-22T14:03:48.793+0000] {processor.py:840} INFO - DAG(s) 'example_display_name' retrieved from /home/airflow/.local/lib/python3.12/site-packages/airflow/example_dags/example_display_name.py
[2024-10-22T14:03:48.806+0000] {logging_mixin.py:188} INFO - [2024-10-22T14:03:48.806+0000] {dag.py:3089} INFO - Sync 1 DAGs
[2024-10-22T14:03:48.815+0000] {logging_mixin.py:188} INFO - [2024-10-22T14:03:48.815+0000] {dag.py:3947} INFO - Setting next_dagrun for example_display_name to None, run_after=None
[2024-10-22T14:03:48.827+0000] {processor.py:183} INFO - Processing /home/airflow/.local/lib/python3.12/site-packages/airflow/example_dags/example_display_name.py took 0.045 seconds
[2024-10-22T14:34:26.573+0000] {processor.py:161} INFO - Started process (PID=382) to work on /home/airflow/.local/lib/python3.12/site-packages/airflow/example_dags/example_display_name.py
[2024-10-22T14:34:26.574+0000] {processor.py:830} INFO - Processing file /home/airflow/.local/lib/python3.12/site-packages/airflow/example_dags/example_display_name.py for tasks to queue
[2024-10-22T14:34:26.575+0000] {logging_mixin.py:188} INFO - [2024-10-22T14:34:26.575+0000] {dagbag.py:545} INFO - Filling up the DagBag from /home/airflow/.local/lib/python3.12/site-packages/airflow/example_dags/example_display_name.py
[2024-10-22T14:34:26.580+0000] {processor.py:840} INFO - DAG(s) 'example_display_name' retrieved from /home/airflow/.local/lib/python3.12/site-packages/airflow/example_dags/example_display_name.py
[2024-10-22T14:34:26.590+0000] {logging_mixin.py:188} INFO - [2024-10-22T14:34:26.589+0000] {dag.py:3089} INFO - Sync 1 DAGs
[2024-10-22T14:34:26.600+0000] {logging_mixin.py:188} INFO - [2024-10-22T14:34:26.599+0000] {dag.py:3947} INFO - Setting next_dagrun for example_display_name to None, run_after=None
[2024-10-22T14:34:26.613+0000] {processor.py:183} INFO - Processing /home/airflow/.local/lib/python3.12/site-packages/airflow/example_dags/example_display_name.py took 0.044 seconds
[2024-10-22T14:34:58.405+0000] {processor.py:161} INFO - Started process (PID=647) to work on /home/airflow/.local/lib/python3.12/site-packages/airflow/example_dags/example_display_name.py
[2024-10-22T14:34:58.406+0000] {processor.py:830} INFO - Processing file /home/airflow/.local/lib/python3.12/site-packages/airflow/example_dags/example_display_name.py for tasks to queue
[2024-10-22T14:34:58.407+0000] {logging_mixin.py:188} INFO - [2024-10-22T14:34:58.407+0000] {dagbag.py:545} INFO - Filling up the DagBag from /home/airflow/.local/lib/python3.12/site-packages/airflow/example_dags/example_display_name.py
[2024-10-22T14:34:58.411+0000] {processor.py:840} INFO - DAG(s) 'example_display_name' retrieved from /home/airflow/.local/lib/python3.12/site-packages/airflow/example_dags/example_display_name.py
[2024-10-22T14:34:58.481+0000] {logging_mixin.py:188} INFO - [2024-10-22T14:34:58.481+0000] {dag.py:3089} INFO - Sync 1 DAGs
[2024-10-22T14:34:58.488+0000] {logging_mixin.py:188} INFO - [2024-10-22T14:34:58.488+0000] {dag.py:3947} INFO - Setting next_dagrun for example_display_name to None, run_after=None
[2024-10-22T14:34:58.500+0000] {processor.py:183} INFO - Processing /home/airflow/.local/lib/python3.12/site-packages/airflow/example_dags/example_display_name.py took 0.098 seconds
[2024-10-22T14:35:28.908+0000] {processor.py:161} INFO - Started process (PID=914) to work on /home/airflow/.local/lib/python3.12/site-packages/airflow/example_dags/example_display_name.py
[2024-10-22T14:35:28.909+0000] {processor.py:830} INFO - Processing file /home/airflow/.local/lib/python3.12/site-packages/airflow/example_dags/example_display_name.py for tasks to queue
[2024-10-22T14:35:28.910+0000] {logging_mixin.py:188} INFO - [2024-10-22T14:35:28.910+0000] {dagbag.py:545} INFO - Filling up the DagBag from /home/airflow/.local/lib/python3.12/site-packages/airflow/example_dags/example_display_name.py
[2024-10-22T14:35:28.915+0000] {processor.py:840} INFO - DAG(s) 'example_display_name' retrieved from /home/airflow/.local/lib/python3.12/site-packages/airflow/example_dags/example_display_name.py
[2024-10-22T14:35:28.928+0000] {logging_mixin.py:188} INFO - [2024-10-22T14:35:28.928+0000] {dag.py:3089} INFO - Sync 1 DAGs
[2024-10-22T14:35:28.936+0000] {logging_mixin.py:188} INFO - [2024-10-22T14:35:28.936+0000] {dag.py:3947} INFO - Setting next_dagrun for example_display_name to None, run_after=None
[2024-10-22T14:35:28.948+0000] {processor.py:183} INFO - Processing /home/airflow/.local/lib/python3.12/site-packages/airflow/example_dags/example_display_name.py took 0.044 seconds
[2024-10-22T14:35:59.128+0000] {processor.py:161} INFO - Started process (PID=1183) to work on /home/airflow/.local/lib/python3.12/site-packages/airflow/example_dags/example_display_name.py
[2024-10-22T14:35:59.129+0000] {processor.py:830} INFO - Processing file /home/airflow/.local/lib/python3.12/site-packages/airflow/example_dags/example_display_name.py for tasks to queue
[2024-10-22T14:35:59.130+0000] {logging_mixin.py:188} INFO - [2024-10-22T14:35:59.130+0000] {dagbag.py:545} INFO - Filling up the DagBag from /home/airflow/.local/lib/python3.12/site-packages/airflow/example_dags/example_display_name.py
[2024-10-22T14:35:59.134+0000] {processor.py:840} INFO - DAG(s) 'example_display_name' retrieved from /home/airflow/.local/lib/python3.12/site-packages/airflow/example_dags/example_display_name.py
[2024-10-22T14:35:59.147+0000] {logging_mixin.py:188} INFO - [2024-10-22T14:35:59.147+0000] {dag.py:3089} INFO - Sync 1 DAGs
[2024-10-22T14:35:59.156+0000] {logging_mixin.py:188} INFO - [2024-10-22T14:35:59.155+0000] {dag.py:3947} INFO - Setting next_dagrun for example_display_name to None, run_after=None
[2024-10-22T14:35:59.167+0000] {processor.py:183} INFO - Processing /home/airflow/.local/lib/python3.12/site-packages/airflow/example_dags/example_display_name.py took 0.043 seconds
[2024-10-22T14:36:29.466+0000] {processor.py:161} INFO - Started process (PID=1448) to work on /home/airflow/.local/lib/python3.12/site-packages/airflow/example_dags/example_display_name.py
[2024-10-22T14:36:29.467+0000] {processor.py:830} INFO - Processing file /home/airflow/.local/lib/python3.12/site-packages/airflow/example_dags/example_display_name.py for tasks to queue
[2024-10-22T14:36:29.468+0000] {logging_mixin.py:188} INFO - [2024-10-22T14:36:29.468+0000] {dagbag.py:545} INFO - Filling up the DagBag from /home/airflow/.local/lib/python3.12/site-packages/airflow/example_dags/example_display_name.py
[2024-10-22T14:36:29.472+0000] {processor.py:840} INFO - DAG(s) 'example_display_name' retrieved from /home/airflow/.local/lib/python3.12/site-packages/airflow/example_dags/example_display_name.py
[2024-10-22T14:36:29.486+0000] {logging_mixin.py:188} INFO - [2024-10-22T14:36:29.486+0000] {dag.py:3089} INFO - Sync 1 DAGs
[2024-10-22T14:36:29.495+0000] {logging_mixin.py:188} INFO - [2024-10-22T14:36:29.494+0000] {dag.py:3947} INFO - Setting next_dagrun for example_display_name to None, run_after=None
[2024-10-22T14:36:29.507+0000] {processor.py:183} INFO - Processing /home/airflow/.local/lib/python3.12/site-packages/airflow/example_dags/example_display_name.py took 0.045 seconds
[2024-10-22T14:36:59.678+0000] {processor.py:161} INFO - Started process (PID=1717) to work on /home/airflow/.local/lib/python3.12/site-packages/airflow/example_dags/example_display_name.py
[2024-10-22T14:36:59.678+0000] {processor.py:830} INFO - Processing file /home/airflow/.local/lib/python3.12/site-packages/airflow/example_dags/example_display_name.py for tasks to queue
[2024-10-22T14:36:59.680+0000] {logging_mixin.py:188} INFO - [2024-10-22T14:36:59.680+0000] {dagbag.py:545} INFO - Filling up the DagBag from /home/airflow/.local/lib/python3.12/site-packages/airflow/example_dags/example_display_name.py
[2024-10-22T14:36:59.684+0000] {processor.py:840} INFO - DAG(s) 'example_display_name' retrieved from /home/airflow/.local/lib/python3.12/site-packages/airflow/example_dags/example_display_name.py
[2024-10-22T14:36:59.698+0000] {logging_mixin.py:188} INFO - [2024-10-22T14:36:59.698+0000] {dag.py:3089} INFO - Sync 1 DAGs
[2024-10-22T14:36:59.707+0000] {logging_mixin.py:188} INFO - [2024-10-22T14:36:59.706+0000] {dag.py:3947} INFO - Setting next_dagrun for example_display_name to None, run_after=None
[2024-10-22T14:36:59.719+0000] {processor.py:183} INFO - Processing /home/airflow/.local/lib/python3.12/site-packages/airflow/example_dags/example_display_name.py took 0.045 seconds
[2024-10-22T14:37:29.884+0000] {processor.py:161} INFO - Started process (PID=1984) to work on /home/airflow/.local/lib/python3.12/site-packages/airflow/example_dags/example_display_name.py
[2024-10-22T14:37:29.885+0000] {processor.py:830} INFO - Processing file /home/airflow/.local/lib/python3.12/site-packages/airflow/example_dags/example_display_name.py for tasks to queue
[2024-10-22T14:37:29.886+0000] {logging_mixin.py:188} INFO - [2024-10-22T14:37:29.886+0000] {dagbag.py:545} INFO - Filling up the DagBag from /home/airflow/.local/lib/python3.12/site-packages/airflow/example_dags/example_display_name.py
[2024-10-22T14:37:29.890+0000] {processor.py:840} INFO - DAG(s) 'example_display_name' retrieved from /home/airflow/.local/lib/python3.12/site-packages/airflow/example_dags/example_display_name.py
[2024-10-22T14:37:29.904+0000] {logging_mixin.py:188} INFO - [2024-10-22T14:37:29.904+0000] {dag.py:3089} INFO - Sync 1 DAGs
[2024-10-22T14:37:29.912+0000] {logging_mixin.py:188} INFO - [2024-10-22T14:37:29.912+0000] {dag.py:3947} INFO - Setting next_dagrun for example_display_name to None, run_after=None
[2024-10-22T14:37:29.924+0000] {processor.py:183} INFO - Processing /home/airflow/.local/lib/python3.12/site-packages/airflow/example_dags/example_display_name.py took 0.044 seconds
[2024-10-22T14:38:00.060+0000] {processor.py:161} INFO - Started process (PID=2251) to work on /home/airflow/.local/lib/python3.12/site-packages/airflow/example_dags/example_display_name.py
[2024-10-22T14:38:00.060+0000] {processor.py:830} INFO - Processing file /home/airflow/.local/lib/python3.12/site-packages/airflow/example_dags/example_display_name.py for tasks to queue
[2024-10-22T14:38:00.062+0000] {logging_mixin.py:188} INFO - [2024-10-22T14:38:00.062+0000] {dagbag.py:545} INFO - Filling up the DagBag from /home/airflow/.local/lib/python3.12/site-packages/airflow/example_dags/example_display_name.py
[2024-10-22T14:38:00.066+0000] {processor.py:840} INFO - DAG(s) 'example_display_name' retrieved from /home/airflow/.local/lib/python3.12/site-packages/airflow/example_dags/example_display_name.py
[2024-10-22T14:38:00.079+0000] {logging_mixin.py:188} INFO - [2024-10-22T14:38:00.079+0000] {dag.py:3089} INFO - Sync 1 DAGs
[2024-10-22T14:38:00.088+0000] {logging_mixin.py:188} INFO - [2024-10-22T14:38:00.088+0000] {dag.py:3947} INFO - Setting next_dagrun for example_display_name to None, run_after=None
[2024-10-22T14:38:00.101+0000] {processor.py:183} INFO - Processing /home/airflow/.local/lib/python3.12/site-packages/airflow/example_dags/example_display_name.py took 0.045 seconds
[2024-10-22T14:38:30.185+0000] {processor.py:161} INFO - Started process (PID=2516) to work on /home/airflow/.local/lib/python3.12/site-packages/airflow/example_dags/example_display_name.py
[2024-10-22T14:38:30.186+0000] {processor.py:830} INFO - Processing file /home/airflow/.local/lib/python3.12/site-packages/airflow/example_dags/example_display_name.py for tasks to queue
[2024-10-22T14:38:30.187+0000] {logging_mixin.py:188} INFO - [2024-10-22T14:38:30.187+0000] {dagbag.py:545} INFO - Filling up the DagBag from /home/airflow/.local/lib/python3.12/site-packages/airflow/example_dags/example_display_name.py
[2024-10-22T14:38:30.191+0000] {processor.py:840} INFO - DAG(s) 'example_display_name' retrieved from /home/airflow/.local/lib/python3.12/site-packages/airflow/example_dags/example_display_name.py
[2024-10-22T14:38:30.204+0000] {logging_mixin.py:188} INFO - [2024-10-22T14:38:30.203+0000] {dag.py:3089} INFO - Sync 1 DAGs
[2024-10-22T14:38:30.212+0000] {logging_mixin.py:188} INFO - [2024-10-22T14:38:30.212+0000] {dag.py:3947} INFO - Setting next_dagrun for example_display_name to None, run_after=None
[2024-10-22T14:38:30.223+0000] {processor.py:183} INFO - Processing /home/airflow/.local/lib/python3.12/site-packages/airflow/example_dags/example_display_name.py took 0.043 seconds
[2024-10-22T14:39:00.790+0000] {processor.py:161} INFO - Started process (PID=2785) to work on /home/airflow/.local/lib/python3.12/site-packages/airflow/example_dags/example_display_name.py
[2024-10-22T14:39:00.791+0000] {processor.py:830} INFO - Processing file /home/airflow/.local/lib/python3.12/site-packages/airflow/example_dags/example_display_name.py for tasks to queue
[2024-10-22T14:39:00.792+0000] {logging_mixin.py:188} INFO - [2024-10-22T14:39:00.792+0000] {dagbag.py:545} INFO - Filling up the DagBag from /home/airflow/.local/lib/python3.12/site-packages/airflow/example_dags/example_display_name.py
[2024-10-22T14:39:00.796+0000] {processor.py:840} INFO - DAG(s) 'example_display_name' retrieved from /home/airflow/.local/lib/python3.12/site-packages/airflow/example_dags/example_display_name.py
[2024-10-22T14:39:00.809+0000] {logging_mixin.py:188} INFO - [2024-10-22T14:39:00.809+0000] {dag.py:3089} INFO - Sync 1 DAGs
[2024-10-22T14:39:00.818+0000] {logging_mixin.py:188} INFO - [2024-10-22T14:39:00.817+0000] {dag.py:3947} INFO - Setting next_dagrun for example_display_name to None, run_after=None
[2024-10-22T14:39:00.829+0000] {processor.py:183} INFO - Processing /home/airflow/.local/lib/python3.12/site-packages/airflow/example_dags/example_display_name.py took 0.043 seconds
[2024-10-22T14:39:30.909+0000] {processor.py:161} INFO - Started process (PID=3052) to work on /home/airflow/.local/lib/python3.12/site-packages/airflow/example_dags/example_display_name.py
[2024-10-22T14:39:30.910+0000] {processor.py:830} INFO - Processing file /home/airflow/.local/lib/python3.12/site-packages/airflow/example_dags/example_display_name.py for tasks to queue
[2024-10-22T14:39:30.911+0000] {logging_mixin.py:188} INFO - [2024-10-22T14:39:30.911+0000] {dagbag.py:545} INFO - Filling up the DagBag from /home/airflow/.local/lib/python3.12/site-packages/airflow/example_dags/example_display_name.py
[2024-10-22T14:39:30.915+0000] {processor.py:840} INFO - DAG(s) 'example_display_name' retrieved from /home/airflow/.local/lib/python3.12/site-packages/airflow/example_dags/example_display_name.py
[2024-10-22T14:39:30.928+0000] {logging_mixin.py:188} INFO - [2024-10-22T14:39:30.928+0000] {dag.py:3089} INFO - Sync 1 DAGs
[2024-10-22T14:39:30.936+0000] {logging_mixin.py:188} INFO - [2024-10-22T14:39:30.936+0000] {dag.py:3947} INFO - Setting next_dagrun for example_display_name to None, run_after=None
[2024-10-22T14:39:30.948+0000] {processor.py:183} INFO - Processing /home/airflow/.local/lib/python3.12/site-packages/airflow/example_dags/example_display_name.py took 0.042 seconds
[2024-10-22T14:40:01.125+0000] {processor.py:161} INFO - Started process (PID=3319) to work on /home/airflow/.local/lib/python3.12/site-packages/airflow/example_dags/example_display_name.py
[2024-10-22T14:40:01.125+0000] {processor.py:830} INFO - Processing file /home/airflow/.local/lib/python3.12/site-packages/airflow/example_dags/example_display_name.py for tasks to queue
[2024-10-22T14:40:01.127+0000] {logging_mixin.py:188} INFO - [2024-10-22T14:40:01.126+0000] {dagbag.py:545} INFO - Filling up the DagBag from /home/airflow/.local/lib/python3.12/site-packages/airflow/example_dags/example_display_name.py
[2024-10-22T14:40:01.131+0000] {processor.py:840} INFO - DAG(s) 'example_display_name' retrieved from /home/airflow/.local/lib/python3.12/site-packages/airflow/example_dags/example_display_name.py
[2024-10-22T14:40:01.146+0000] {logging_mixin.py:188} INFO - [2024-10-22T14:40:01.146+0000] {dag.py:3089} INFO - Sync 1 DAGs
[2024-10-22T14:40:01.155+0000] {logging_mixin.py:188} INFO - [2024-10-22T14:40:01.155+0000] {dag.py:3947} INFO - Setting next_dagrun for example_display_name to None, run_after=None
[2024-10-22T14:40:01.168+0000] {processor.py:183} INFO - Processing /home/airflow/.local/lib/python3.12/site-packages/airflow/example_dags/example_display_name.py took 0.048 seconds
[2024-10-22T14:40:31.317+0000] {processor.py:161} INFO - Started process (PID=3586) to work on /home/airflow/.local/lib/python3.12/site-packages/airflow/example_dags/example_display_name.py
[2024-10-22T14:40:31.318+0000] {processor.py:830} INFO - Processing file /home/airflow/.local/lib/python3.12/site-packages/airflow/example_dags/example_display_name.py for tasks to queue
[2024-10-22T14:40:31.319+0000] {logging_mixin.py:188} INFO - [2024-10-22T14:40:31.319+0000] {dagbag.py:545} INFO - Filling up the DagBag from /home/airflow/.local/lib/python3.12/site-packages/airflow/example_dags/example_display_name.py
[2024-10-22T14:40:31.323+0000] {processor.py:840} INFO - DAG(s) 'example_display_name' retrieved from /home/airflow/.local/lib/python3.12/site-packages/airflow/example_dags/example_display_name.py
[2024-10-22T14:40:31.336+0000] {logging_mixin.py:188} INFO - [2024-10-22T14:40:31.336+0000] {dag.py:3089} INFO - Sync 1 DAGs
[2024-10-22T14:40:31.344+0000] {logging_mixin.py:188} INFO - [2024-10-22T14:40:31.344+0000] {dag.py:3947} INFO - Setting next_dagrun for example_display_name to None, run_after=None
[2024-10-22T14:40:31.355+0000] {processor.py:183} INFO - Processing /home/airflow/.local/lib/python3.12/site-packages/airflow/example_dags/example_display_name.py took 0.041 seconds
[2024-10-22T14:41:01.468+0000] {processor.py:161} INFO - Started process (PID=3851) to work on /home/airflow/.local/lib/python3.12/site-packages/airflow/example_dags/example_display_name.py
[2024-10-22T14:41:01.468+0000] {processor.py:830} INFO - Processing file /home/airflow/.local/lib/python3.12/site-packages/airflow/example_dags/example_display_name.py for tasks to queue
[2024-10-22T14:41:01.470+0000] {logging_mixin.py:188} INFO - [2024-10-22T14:41:01.469+0000] {dagbag.py:545} INFO - Filling up the DagBag from /home/airflow/.local/lib/python3.12/site-packages/airflow/example_dags/example_display_name.py
[2024-10-22T14:41:01.474+0000] {processor.py:840} INFO - DAG(s) 'example_display_name' retrieved from /home/airflow/.local/lib/python3.12/site-packages/airflow/example_dags/example_display_name.py
[2024-10-22T14:41:01.487+0000] {logging_mixin.py:188} INFO - [2024-10-22T14:41:01.487+0000] {dag.py:3089} INFO - Sync 1 DAGs
[2024-10-22T14:41:01.496+0000] {logging_mixin.py:188} INFO - [2024-10-22T14:41:01.496+0000] {dag.py:3947} INFO - Setting next_dagrun for example_display_name to None, run_after=None
[2024-10-22T14:41:01.508+0000] {processor.py:183} INFO - Processing /home/airflow/.local/lib/python3.12/site-packages/airflow/example_dags/example_display_name.py took 0.045 seconds
[2024-10-22T14:41:31.811+0000] {processor.py:161} INFO - Started process (PID=4118) to work on /home/airflow/.local/lib/python3.12/site-packages/airflow/example_dags/example_display_name.py
[2024-10-22T14:41:31.812+0000] {processor.py:830} INFO - Processing file /home/airflow/.local/lib/python3.12/site-packages/airflow/example_dags/example_display_name.py for tasks to queue
[2024-10-22T14:41:31.813+0000] {logging_mixin.py:188} INFO - [2024-10-22T14:41:31.813+0000] {dagbag.py:545} INFO - Filling up the DagBag from /home/airflow/.local/lib/python3.12/site-packages/airflow/example_dags/example_display_name.py
[2024-10-22T14:41:31.817+0000] {processor.py:840} INFO - DAG(s) 'example_display_name' retrieved from /home/airflow/.local/lib/python3.12/site-packages/airflow/example_dags/example_display_name.py
[2024-10-22T14:41:31.831+0000] {logging_mixin.py:188} INFO - [2024-10-22T14:41:31.831+0000] {dag.py:3089} INFO - Sync 1 DAGs
[2024-10-22T14:41:31.840+0000] {logging_mixin.py:188} INFO - [2024-10-22T14:41:31.839+0000] {dag.py:3947} INFO - Setting next_dagrun for example_display_name to None, run_after=None
[2024-10-22T14:41:31.853+0000] {processor.py:183} INFO - Processing /home/airflow/.local/lib/python3.12/site-packages/airflow/example_dags/example_display_name.py took 0.045 seconds
[2024-10-22T14:42:01.930+0000] {processor.py:161} INFO - Started process (PID=4385) to work on /home/airflow/.local/lib/python3.12/site-packages/airflow/example_dags/example_display_name.py
[2024-10-22T14:42:01.931+0000] {processor.py:830} INFO - Processing file /home/airflow/.local/lib/python3.12/site-packages/airflow/example_dags/example_display_name.py for tasks to queue
[2024-10-22T14:42:01.932+0000] {logging_mixin.py:188} INFO - [2024-10-22T14:42:01.932+0000] {dagbag.py:545} INFO - Filling up the DagBag from /home/airflow/.local/lib/python3.12/site-packages/airflow/example_dags/example_display_name.py
[2024-10-22T14:42:01.936+0000] {processor.py:840} INFO - DAG(s) 'example_display_name' retrieved from /home/airflow/.local/lib/python3.12/site-packages/airflow/example_dags/example_display_name.py
[2024-10-22T14:42:01.949+0000] {logging_mixin.py:188} INFO - [2024-10-22T14:42:01.949+0000] {dag.py:3089} INFO - Sync 1 DAGs
[2024-10-22T14:42:01.957+0000] {logging_mixin.py:188} INFO - [2024-10-22T14:42:01.957+0000] {dag.py:3947} INFO - Setting next_dagrun for example_display_name to None, run_after=None
[2024-10-22T14:42:01.969+0000] {processor.py:183} INFO - Processing /home/airflow/.local/lib/python3.12/site-packages/airflow/example_dags/example_display_name.py took 0.043 seconds
[2024-10-22T14:42:49.152+0000] {processor.py:161} INFO - Started process (PID=382) to work on /home/airflow/.local/lib/python3.12/site-packages/airflow/example_dags/example_display_name.py
[2024-10-22T14:42:49.153+0000] {processor.py:830} INFO - Processing file /home/airflow/.local/lib/python3.12/site-packages/airflow/example_dags/example_display_name.py for tasks to queue
[2024-10-22T14:42:49.154+0000] {logging_mixin.py:188} INFO - [2024-10-22T14:42:49.154+0000] {dagbag.py:545} INFO - Filling up the DagBag from /home/airflow/.local/lib/python3.12/site-packages/airflow/example_dags/example_display_name.py
[2024-10-22T14:42:49.158+0000] {processor.py:840} INFO - DAG(s) 'example_display_name' retrieved from /home/airflow/.local/lib/python3.12/site-packages/airflow/example_dags/example_display_name.py
[2024-10-22T14:42:49.167+0000] {logging_mixin.py:188} INFO - [2024-10-22T14:42:49.167+0000] {dag.py:3089} INFO - Sync 1 DAGs
[2024-10-22T14:42:49.179+0000] {logging_mixin.py:188} INFO - [2024-10-22T14:42:49.179+0000] {dag.py:3947} INFO - Setting next_dagrun for example_display_name to None, run_after=None
[2024-10-22T14:42:49.192+0000] {processor.py:183} INFO - Processing /home/airflow/.local/lib/python3.12/site-packages/airflow/example_dags/example_display_name.py took 0.044 seconds
[2024-10-22T14:43:20.366+0000] {processor.py:161} INFO - Started process (PID=647) to work on /home/airflow/.local/lib/python3.12/site-packages/airflow/example_dags/example_display_name.py
[2024-10-22T14:43:20.366+0000] {processor.py:830} INFO - Processing file /home/airflow/.local/lib/python3.12/site-packages/airflow/example_dags/example_display_name.py for tasks to queue
[2024-10-22T14:43:20.368+0000] {logging_mixin.py:188} INFO - [2024-10-22T14:43:20.368+0000] {dagbag.py:545} INFO - Filling up the DagBag from /home/airflow/.local/lib/python3.12/site-packages/airflow/example_dags/example_display_name.py
[2024-10-22T14:43:20.372+0000] {processor.py:840} INFO - DAG(s) 'example_display_name' retrieved from /home/airflow/.local/lib/python3.12/site-packages/airflow/example_dags/example_display_name.py
[2024-10-22T14:43:20.440+0000] {logging_mixin.py:188} INFO - [2024-10-22T14:43:20.440+0000] {dag.py:3089} INFO - Sync 1 DAGs
[2024-10-22T14:43:20.447+0000] {logging_mixin.py:188} INFO - [2024-10-22T14:43:20.446+0000] {dag.py:3947} INFO - Setting next_dagrun for example_display_name to None, run_after=None
[2024-10-22T14:43:20.460+0000] {processor.py:183} INFO - Processing /home/airflow/.local/lib/python3.12/site-packages/airflow/example_dags/example_display_name.py took 0.099 seconds
[2024-10-22T14:43:50.488+0000] {processor.py:161} INFO - Started process (PID=919) to work on /home/airflow/.local/lib/python3.12/site-packages/airflow/example_dags/example_display_name.py
[2024-10-22T14:43:50.489+0000] {processor.py:830} INFO - Processing file /home/airflow/.local/lib/python3.12/site-packages/airflow/example_dags/example_display_name.py for tasks to queue
[2024-10-22T14:43:50.490+0000] {logging_mixin.py:188} INFO - [2024-10-22T14:43:50.490+0000] {dagbag.py:545} INFO - Filling up the DagBag from /home/airflow/.local/lib/python3.12/site-packages/airflow/example_dags/example_display_name.py
[2024-10-22T14:43:50.494+0000] {processor.py:840} INFO - DAG(s) 'example_display_name' retrieved from /home/airflow/.local/lib/python3.12/site-packages/airflow/example_dags/example_display_name.py
[2024-10-22T14:43:50.507+0000] {logging_mixin.py:188} INFO - [2024-10-22T14:43:50.507+0000] {dag.py:3089} INFO - Sync 1 DAGs
[2024-10-22T14:43:50.515+0000] {logging_mixin.py:188} INFO - [2024-10-22T14:43:50.515+0000] {dag.py:3947} INFO - Setting next_dagrun for example_display_name to None, run_after=None
[2024-10-22T14:43:50.526+0000] {processor.py:183} INFO - Processing /home/airflow/.local/lib/python3.12/site-packages/airflow/example_dags/example_display_name.py took 0.042 seconds
[2024-10-22T14:44:20.584+0000] {processor.py:161} INFO - Started process (PID=1184) to work on /home/airflow/.local/lib/python3.12/site-packages/airflow/example_dags/example_display_name.py
[2024-10-22T14:44:20.584+0000] {processor.py:830} INFO - Processing file /home/airflow/.local/lib/python3.12/site-packages/airflow/example_dags/example_display_name.py for tasks to queue
[2024-10-22T14:44:20.586+0000] {logging_mixin.py:188} INFO - [2024-10-22T14:44:20.586+0000] {dagbag.py:545} INFO - Filling up the DagBag from /home/airflow/.local/lib/python3.12/site-packages/airflow/example_dags/example_display_name.py
[2024-10-22T14:44:20.590+0000] {processor.py:840} INFO - DAG(s) 'example_display_name' retrieved from /home/airflow/.local/lib/python3.12/site-packages/airflow/example_dags/example_display_name.py
[2024-10-22T14:44:20.602+0000] {logging_mixin.py:188} INFO - [2024-10-22T14:44:20.602+0000] {dag.py:3089} INFO - Sync 1 DAGs
[2024-10-22T14:44:20.611+0000] {logging_mixin.py:188} INFO - [2024-10-22T14:44:20.611+0000] {dag.py:3947} INFO - Setting next_dagrun for example_display_name to None, run_after=None
[2024-10-22T14:44:20.624+0000] {processor.py:183} INFO - Processing /home/airflow/.local/lib/python3.12/site-packages/airflow/example_dags/example_display_name.py took 0.044 seconds
[2024-10-22T14:44:50.659+0000] {processor.py:161} INFO - Started process (PID=1451) to work on /home/airflow/.local/lib/python3.12/site-packages/airflow/example_dags/example_display_name.py
[2024-10-22T14:44:50.660+0000] {processor.py:830} INFO - Processing file /home/airflow/.local/lib/python3.12/site-packages/airflow/example_dags/example_display_name.py for tasks to queue
[2024-10-22T14:44:50.661+0000] {logging_mixin.py:188} INFO - [2024-10-22T14:44:50.661+0000] {dagbag.py:545} INFO - Filling up the DagBag from /home/airflow/.local/lib/python3.12/site-packages/airflow/example_dags/example_display_name.py
[2024-10-22T14:44:50.665+0000] {processor.py:840} INFO - DAG(s) 'example_display_name' retrieved from /home/airflow/.local/lib/python3.12/site-packages/airflow/example_dags/example_display_name.py
[2024-10-22T14:44:50.679+0000] {logging_mixin.py:188} INFO - [2024-10-22T14:44:50.679+0000] {dag.py:3089} INFO - Sync 1 DAGs
[2024-10-22T14:44:50.687+0000] {logging_mixin.py:188} INFO - [2024-10-22T14:44:50.687+0000] {dag.py:3947} INFO - Setting next_dagrun for example_display_name to None, run_after=None
[2024-10-22T14:44:50.700+0000] {processor.py:183} INFO - Processing /home/airflow/.local/lib/python3.12/site-packages/airflow/example_dags/example_display_name.py took 0.045 seconds
[2024-10-22T14:45:20.814+0000] {processor.py:161} INFO - Started process (PID=1713) to work on /home/airflow/.local/lib/python3.12/site-packages/airflow/example_dags/example_display_name.py
[2024-10-22T14:45:20.815+0000] {processor.py:830} INFO - Processing file /home/airflow/.local/lib/python3.12/site-packages/airflow/example_dags/example_display_name.py for tasks to queue
[2024-10-22T14:45:20.816+0000] {logging_mixin.py:188} INFO - [2024-10-22T14:45:20.816+0000] {dagbag.py:545} INFO - Filling up the DagBag from /home/airflow/.local/lib/python3.12/site-packages/airflow/example_dags/example_display_name.py
[2024-10-22T14:45:20.820+0000] {processor.py:840} INFO - DAG(s) 'example_display_name' retrieved from /home/airflow/.local/lib/python3.12/site-packages/airflow/example_dags/example_display_name.py
[2024-10-22T14:45:20.833+0000] {logging_mixin.py:188} INFO - [2024-10-22T14:45:20.833+0000] {dag.py:3089} INFO - Sync 1 DAGs
[2024-10-22T14:45:20.842+0000] {logging_mixin.py:188} INFO - [2024-10-22T14:45:20.842+0000] {dag.py:3947} INFO - Setting next_dagrun for example_display_name to None, run_after=None
[2024-10-22T14:45:20.856+0000] {processor.py:183} INFO - Processing /home/airflow/.local/lib/python3.12/site-packages/airflow/example_dags/example_display_name.py took 0.045 seconds
[2024-10-22T14:45:51.475+0000] {processor.py:161} INFO - Started process (PID=1985) to work on /home/airflow/.local/lib/python3.12/site-packages/airflow/example_dags/example_display_name.py
[2024-10-22T14:45:51.476+0000] {processor.py:830} INFO - Processing file /home/airflow/.local/lib/python3.12/site-packages/airflow/example_dags/example_display_name.py for tasks to queue
[2024-10-22T14:45:51.477+0000] {logging_mixin.py:188} INFO - [2024-10-22T14:45:51.477+0000] {dagbag.py:545} INFO - Filling up the DagBag from /home/airflow/.local/lib/python3.12/site-packages/airflow/example_dags/example_display_name.py
[2024-10-22T14:45:51.482+0000] {processor.py:840} INFO - DAG(s) 'example_display_name' retrieved from /home/airflow/.local/lib/python3.12/site-packages/airflow/example_dags/example_display_name.py
[2024-10-22T14:45:51.499+0000] {logging_mixin.py:188} INFO - [2024-10-22T14:45:51.499+0000] {dag.py:3089} INFO - Sync 1 DAGs
[2024-10-22T14:45:51.509+0000] {logging_mixin.py:188} INFO - [2024-10-22T14:45:51.509+0000] {dag.py:3947} INFO - Setting next_dagrun for example_display_name to None, run_after=None
[2024-10-22T14:45:51.525+0000] {processor.py:183} INFO - Processing /home/airflow/.local/lib/python3.12/site-packages/airflow/example_dags/example_display_name.py took 0.054 seconds
[2024-10-22T14:46:22.469+0000] {processor.py:161} INFO - Started process (PID=2252) to work on /home/airflow/.local/lib/python3.12/site-packages/airflow/example_dags/example_display_name.py
[2024-10-22T14:46:22.470+0000] {processor.py:830} INFO - Processing file /home/airflow/.local/lib/python3.12/site-packages/airflow/example_dags/example_display_name.py for tasks to queue
[2024-10-22T14:46:22.472+0000] {logging_mixin.py:188} INFO - [2024-10-22T14:46:22.471+0000] {dagbag.py:545} INFO - Filling up the DagBag from /home/airflow/.local/lib/python3.12/site-packages/airflow/example_dags/example_display_name.py
[2024-10-22T14:46:22.475+0000] {processor.py:840} INFO - DAG(s) 'example_display_name' retrieved from /home/airflow/.local/lib/python3.12/site-packages/airflow/example_dags/example_display_name.py
[2024-10-22T14:46:22.491+0000] {logging_mixin.py:188} INFO - [2024-10-22T14:46:22.491+0000] {dag.py:3089} INFO - Sync 1 DAGs
[2024-10-22T14:46:22.500+0000] {logging_mixin.py:188} INFO - [2024-10-22T14:46:22.500+0000] {dag.py:3947} INFO - Setting next_dagrun for example_display_name to None, run_after=None
[2024-10-22T14:46:22.514+0000] {processor.py:183} INFO - Processing /home/airflow/.local/lib/python3.12/site-packages/airflow/example_dags/example_display_name.py took 0.049 seconds
[2024-10-22T14:46:53.195+0000] {processor.py:161} INFO - Started process (PID=2522) to work on /home/airflow/.local/lib/python3.12/site-packages/airflow/example_dags/example_display_name.py
[2024-10-22T14:46:53.195+0000] {processor.py:830} INFO - Processing file /home/airflow/.local/lib/python3.12/site-packages/airflow/example_dags/example_display_name.py for tasks to queue
[2024-10-22T14:46:53.197+0000] {logging_mixin.py:188} INFO - [2024-10-22T14:46:53.196+0000] {dagbag.py:545} INFO - Filling up the DagBag from /home/airflow/.local/lib/python3.12/site-packages/airflow/example_dags/example_display_name.py
[2024-10-22T14:46:53.201+0000] {processor.py:840} INFO - DAG(s) 'example_display_name' retrieved from /home/airflow/.local/lib/python3.12/site-packages/airflow/example_dags/example_display_name.py
[2024-10-22T14:46:53.216+0000] {logging_mixin.py:188} INFO - [2024-10-22T14:46:53.216+0000] {dag.py:3089} INFO - Sync 1 DAGs
[2024-10-22T14:46:53.226+0000] {logging_mixin.py:188} INFO - [2024-10-22T14:46:53.226+0000] {dag.py:3947} INFO - Setting next_dagrun for example_display_name to None, run_after=None
[2024-10-22T14:46:53.241+0000] {processor.py:183} INFO - Processing /home/airflow/.local/lib/python3.12/site-packages/airflow/example_dags/example_display_name.py took 0.051 seconds
[2024-10-22T14:47:23.567+0000] {processor.py:161} INFO - Started process (PID=2791) to work on /home/airflow/.local/lib/python3.12/site-packages/airflow/example_dags/example_display_name.py
[2024-10-22T14:47:23.568+0000] {processor.py:830} INFO - Processing file /home/airflow/.local/lib/python3.12/site-packages/airflow/example_dags/example_display_name.py for tasks to queue
[2024-10-22T14:47:23.569+0000] {logging_mixin.py:188} INFO - [2024-10-22T14:47:23.569+0000] {dagbag.py:545} INFO - Filling up the DagBag from /home/airflow/.local/lib/python3.12/site-packages/airflow/example_dags/example_display_name.py
[2024-10-22T14:47:23.573+0000] {processor.py:840} INFO - DAG(s) 'example_display_name' retrieved from /home/airflow/.local/lib/python3.12/site-packages/airflow/example_dags/example_display_name.py
[2024-10-22T14:47:23.586+0000] {logging_mixin.py:188} INFO - [2024-10-22T14:47:23.586+0000] {dag.py:3089} INFO - Sync 1 DAGs
[2024-10-22T14:47:23.595+0000] {logging_mixin.py:188} INFO - [2024-10-22T14:47:23.595+0000] {dag.py:3947} INFO - Setting next_dagrun for example_display_name to None, run_after=None
[2024-10-22T14:47:23.606+0000] {processor.py:183} INFO - Processing /home/airflow/.local/lib/python3.12/site-packages/airflow/example_dags/example_display_name.py took 0.043 seconds
[2024-10-22T14:47:53.834+0000] {processor.py:161} INFO - Started process (PID=3056) to work on /home/airflow/.local/lib/python3.12/site-packages/airflow/example_dags/example_display_name.py
[2024-10-22T14:47:53.835+0000] {processor.py:830} INFO - Processing file /home/airflow/.local/lib/python3.12/site-packages/airflow/example_dags/example_display_name.py for tasks to queue
[2024-10-22T14:47:53.837+0000] {logging_mixin.py:188} INFO - [2024-10-22T14:47:53.837+0000] {dagbag.py:545} INFO - Filling up the DagBag from /home/airflow/.local/lib/python3.12/site-packages/airflow/example_dags/example_display_name.py
[2024-10-22T14:47:53.841+0000] {processor.py:840} INFO - DAG(s) 'example_display_name' retrieved from /home/airflow/.local/lib/python3.12/site-packages/airflow/example_dags/example_display_name.py
[2024-10-22T14:47:53.856+0000] {logging_mixin.py:188} INFO - [2024-10-22T14:47:53.856+0000] {dag.py:3089} INFO - Sync 1 DAGs
[2024-10-22T14:47:53.865+0000] {logging_mixin.py:188} INFO - [2024-10-22T14:47:53.864+0000] {dag.py:3947} INFO - Setting next_dagrun for example_display_name to None, run_after=None
[2024-10-22T14:47:53.878+0000] {processor.py:183} INFO - Processing /home/airflow/.local/lib/python3.12/site-packages/airflow/example_dags/example_display_name.py took 0.048 seconds
[2024-10-22T14:48:24.294+0000] {processor.py:161} INFO - Started process (PID=3325) to work on /home/airflow/.local/lib/python3.12/site-packages/airflow/example_dags/example_display_name.py
[2024-10-22T14:48:24.294+0000] {processor.py:830} INFO - Processing file /home/airflow/.local/lib/python3.12/site-packages/airflow/example_dags/example_display_name.py for tasks to queue
[2024-10-22T14:48:24.296+0000] {logging_mixin.py:188} INFO - [2024-10-22T14:48:24.295+0000] {dagbag.py:545} INFO - Filling up the DagBag from /home/airflow/.local/lib/python3.12/site-packages/airflow/example_dags/example_display_name.py
[2024-10-22T14:48:24.299+0000] {processor.py:840} INFO - DAG(s) 'example_display_name' retrieved from /home/airflow/.local/lib/python3.12/site-packages/airflow/example_dags/example_display_name.py
[2024-10-22T14:48:24.313+0000] {logging_mixin.py:188} INFO - [2024-10-22T14:48:24.313+0000] {dag.py:3089} INFO - Sync 1 DAGs
[2024-10-22T14:48:24.321+0000] {logging_mixin.py:188} INFO - [2024-10-22T14:48:24.321+0000] {dag.py:3947} INFO - Setting next_dagrun for example_display_name to None, run_after=None
[2024-10-22T14:48:24.333+0000] {processor.py:183} INFO - Processing /home/airflow/.local/lib/python3.12/site-packages/airflow/example_dags/example_display_name.py took 0.044 seconds
[2024-10-22T14:48:54.744+0000] {processor.py:161} INFO - Started process (PID=3592) to work on /home/airflow/.local/lib/python3.12/site-packages/airflow/example_dags/example_display_name.py
[2024-10-22T14:48:54.745+0000] {processor.py:830} INFO - Processing file /home/airflow/.local/lib/python3.12/site-packages/airflow/example_dags/example_display_name.py for tasks to queue
[2024-10-22T14:48:54.746+0000] {logging_mixin.py:188} INFO - [2024-10-22T14:48:54.746+0000] {dagbag.py:545} INFO - Filling up the DagBag from /home/airflow/.local/lib/python3.12/site-packages/airflow/example_dags/example_display_name.py
[2024-10-22T14:48:54.750+0000] {processor.py:840} INFO - DAG(s) 'example_display_name' retrieved from /home/airflow/.local/lib/python3.12/site-packages/airflow/example_dags/example_display_name.py
[2024-10-22T14:48:54.764+0000] {logging_mixin.py:188} INFO - [2024-10-22T14:48:54.764+0000] {dag.py:3089} INFO - Sync 1 DAGs
[2024-10-22T14:48:54.772+0000] {logging_mixin.py:188} INFO - [2024-10-22T14:48:54.772+0000] {dag.py:3947} INFO - Setting next_dagrun for example_display_name to None, run_after=None
[2024-10-22T14:48:54.784+0000] {processor.py:183} INFO - Processing /home/airflow/.local/lib/python3.12/site-packages/airflow/example_dags/example_display_name.py took 0.044 seconds
[2024-10-22T14:49:25.049+0000] {processor.py:161} INFO - Started process (PID=3859) to work on /home/airflow/.local/lib/python3.12/site-packages/airflow/example_dags/example_display_name.py
[2024-10-22T14:49:25.050+0000] {processor.py:830} INFO - Processing file /home/airflow/.local/lib/python3.12/site-packages/airflow/example_dags/example_display_name.py for tasks to queue
[2024-10-22T14:49:25.051+0000] {logging_mixin.py:188} INFO - [2024-10-22T14:49:25.051+0000] {dagbag.py:545} INFO - Filling up the DagBag from /home/airflow/.local/lib/python3.12/site-packages/airflow/example_dags/example_display_name.py
[2024-10-22T14:49:25.055+0000] {processor.py:840} INFO - DAG(s) 'example_display_name' retrieved from /home/airflow/.local/lib/python3.12/site-packages/airflow/example_dags/example_display_name.py
[2024-10-22T14:49:25.069+0000] {logging_mixin.py:188} INFO - [2024-10-22T14:49:25.069+0000] {dag.py:3089} INFO - Sync 1 DAGs
[2024-10-22T14:49:25.077+0000] {logging_mixin.py:188} INFO - [2024-10-22T14:49:25.077+0000] {dag.py:3947} INFO - Setting next_dagrun for example_display_name to None, run_after=None
[2024-10-22T14:49:25.089+0000] {processor.py:183} INFO - Processing /home/airflow/.local/lib/python3.12/site-packages/airflow/example_dags/example_display_name.py took 0.044 seconds
[2024-10-22T14:49:55.357+0000] {processor.py:161} INFO - Started process (PID=4124) to work on /home/airflow/.local/lib/python3.12/site-packages/airflow/example_dags/example_display_name.py
[2024-10-22T14:49:55.357+0000] {processor.py:830} INFO - Processing file /home/airflow/.local/lib/python3.12/site-packages/airflow/example_dags/example_display_name.py for tasks to queue
[2024-10-22T14:49:55.359+0000] {logging_mixin.py:188} INFO - [2024-10-22T14:49:55.358+0000] {dagbag.py:545} INFO - Filling up the DagBag from /home/airflow/.local/lib/python3.12/site-packages/airflow/example_dags/example_display_name.py
[2024-10-22T14:49:55.362+0000] {processor.py:840} INFO - DAG(s) 'example_display_name' retrieved from /home/airflow/.local/lib/python3.12/site-packages/airflow/example_dags/example_display_name.py
[2024-10-22T14:49:55.376+0000] {logging_mixin.py:188} INFO - [2024-10-22T14:49:55.376+0000] {dag.py:3089} INFO - Sync 1 DAGs
[2024-10-22T14:49:55.384+0000] {logging_mixin.py:188} INFO - [2024-10-22T14:49:55.384+0000] {dag.py:3947} INFO - Setting next_dagrun for example_display_name to None, run_after=None
[2024-10-22T14:49:55.396+0000] {processor.py:183} INFO - Processing /home/airflow/.local/lib/python3.12/site-packages/airflow/example_dags/example_display_name.py took 0.043 seconds
[2024-10-22T14:50:25.778+0000] {processor.py:161} INFO - Started process (PID=4392) to work on /home/airflow/.local/lib/python3.12/site-packages/airflow/example_dags/example_display_name.py
[2024-10-22T14:50:25.779+0000] {processor.py:830} INFO - Processing file /home/airflow/.local/lib/python3.12/site-packages/airflow/example_dags/example_display_name.py for tasks to queue
[2024-10-22T14:50:25.780+0000] {logging_mixin.py:188} INFO - [2024-10-22T14:50:25.780+0000] {dagbag.py:545} INFO - Filling up the DagBag from /home/airflow/.local/lib/python3.12/site-packages/airflow/example_dags/example_display_name.py
[2024-10-22T14:50:25.784+0000] {processor.py:840} INFO - DAG(s) 'example_display_name' retrieved from /home/airflow/.local/lib/python3.12/site-packages/airflow/example_dags/example_display_name.py
[2024-10-22T14:50:25.797+0000] {logging_mixin.py:188} INFO - [2024-10-22T14:50:25.797+0000] {dag.py:3089} INFO - Sync 1 DAGs
[2024-10-22T14:50:25.806+0000] {logging_mixin.py:188} INFO - [2024-10-22T14:50:25.805+0000] {dag.py:3947} INFO - Setting next_dagrun for example_display_name to None, run_after=None
[2024-10-22T14:50:25.818+0000] {processor.py:183} INFO - Processing /home/airflow/.local/lib/python3.12/site-packages/airflow/example_dags/example_display_name.py took 0.044 seconds
[2024-10-22T14:50:56.207+0000] {processor.py:161} INFO - Started process (PID=4658) to work on /home/airflow/.local/lib/python3.12/site-packages/airflow/example_dags/example_display_name.py
[2024-10-22T14:50:56.208+0000] {processor.py:830} INFO - Processing file /home/airflow/.local/lib/python3.12/site-packages/airflow/example_dags/example_display_name.py for tasks to queue
[2024-10-22T14:50:56.209+0000] {logging_mixin.py:188} INFO - [2024-10-22T14:50:56.209+0000] {dagbag.py:545} INFO - Filling up the DagBag from /home/airflow/.local/lib/python3.12/site-packages/airflow/example_dags/example_display_name.py
[2024-10-22T14:50:56.213+0000] {processor.py:840} INFO - DAG(s) 'example_display_name' retrieved from /home/airflow/.local/lib/python3.12/site-packages/airflow/example_dags/example_display_name.py
[2024-10-22T14:50:56.227+0000] {logging_mixin.py:188} INFO - [2024-10-22T14:50:56.227+0000] {dag.py:3089} INFO - Sync 1 DAGs
[2024-10-22T14:50:56.238+0000] {logging_mixin.py:188} INFO - [2024-10-22T14:50:56.238+0000] {dag.py:3947} INFO - Setting next_dagrun for example_display_name to None, run_after=None
[2024-10-22T14:50:56.251+0000] {processor.py:183} INFO - Processing /home/airflow/.local/lib/python3.12/site-packages/airflow/example_dags/example_display_name.py took 0.047 seconds
[2024-10-22T14:51:26.501+0000] {processor.py:161} INFO - Started process (PID=4927) to work on /home/airflow/.local/lib/python3.12/site-packages/airflow/example_dags/example_display_name.py
[2024-10-22T14:51:26.502+0000] {processor.py:830} INFO - Processing file /home/airflow/.local/lib/python3.12/site-packages/airflow/example_dags/example_display_name.py for tasks to queue
[2024-10-22T14:51:26.504+0000] {logging_mixin.py:188} INFO - [2024-10-22T14:51:26.504+0000] {dagbag.py:545} INFO - Filling up the DagBag from /home/airflow/.local/lib/python3.12/site-packages/airflow/example_dags/example_display_name.py
[2024-10-22T14:51:26.509+0000] {processor.py:840} INFO - DAG(s) 'example_display_name' retrieved from /home/airflow/.local/lib/python3.12/site-packages/airflow/example_dags/example_display_name.py
[2024-10-22T14:51:26.526+0000] {logging_mixin.py:188} INFO - [2024-10-22T14:51:26.526+0000] {dag.py:3089} INFO - Sync 1 DAGs
[2024-10-22T14:51:26.537+0000] {logging_mixin.py:188} INFO - [2024-10-22T14:51:26.536+0000] {dag.py:3947} INFO - Setting next_dagrun for example_display_name to None, run_after=None
[2024-10-22T14:51:26.551+0000] {processor.py:183} INFO - Processing /home/airflow/.local/lib/python3.12/site-packages/airflow/example_dags/example_display_name.py took 0.055 seconds
[2024-10-22T14:51:57.008+0000] {processor.py:161} INFO - Started process (PID=5194) to work on /home/airflow/.local/lib/python3.12/site-packages/airflow/example_dags/example_display_name.py
[2024-10-22T14:51:57.009+0000] {processor.py:830} INFO - Processing file /home/airflow/.local/lib/python3.12/site-packages/airflow/example_dags/example_display_name.py for tasks to queue
[2024-10-22T14:51:57.010+0000] {logging_mixin.py:188} INFO - [2024-10-22T14:51:57.010+0000] {dagbag.py:545} INFO - Filling up the DagBag from /home/airflow/.local/lib/python3.12/site-packages/airflow/example_dags/example_display_name.py
[2024-10-22T14:51:57.014+0000] {processor.py:840} INFO - DAG(s) 'example_display_name' retrieved from /home/airflow/.local/lib/python3.12/site-packages/airflow/example_dags/example_display_name.py
[2024-10-22T14:51:57.027+0000] {logging_mixin.py:188} INFO - [2024-10-22T14:51:57.027+0000] {dag.py:3089} INFO - Sync 1 DAGs
[2024-10-22T14:51:57.035+0000] {logging_mixin.py:188} INFO - [2024-10-22T14:51:57.035+0000] {dag.py:3947} INFO - Setting next_dagrun for example_display_name to None, run_after=None
[2024-10-22T14:51:57.047+0000] {processor.py:183} INFO - Processing /home/airflow/.local/lib/python3.12/site-packages/airflow/example_dags/example_display_name.py took 0.043 seconds
[2024-10-22T14:52:27.313+0000] {processor.py:161} INFO - Started process (PID=5459) to work on /home/airflow/.local/lib/python3.12/site-packages/airflow/example_dags/example_display_name.py
[2024-10-22T14:52:27.313+0000] {processor.py:830} INFO - Processing file /home/airflow/.local/lib/python3.12/site-packages/airflow/example_dags/example_display_name.py for tasks to queue
[2024-10-22T14:52:27.315+0000] {logging_mixin.py:188} INFO - [2024-10-22T14:52:27.314+0000] {dagbag.py:545} INFO - Filling up the DagBag from /home/airflow/.local/lib/python3.12/site-packages/airflow/example_dags/example_display_name.py
[2024-10-22T14:52:27.319+0000] {processor.py:840} INFO - DAG(s) 'example_display_name' retrieved from /home/airflow/.local/lib/python3.12/site-packages/airflow/example_dags/example_display_name.py
[2024-10-22T14:52:27.333+0000] {logging_mixin.py:188} INFO - [2024-10-22T14:52:27.333+0000] {dag.py:3089} INFO - Sync 1 DAGs
[2024-10-22T14:52:27.342+0000] {logging_mixin.py:188} INFO - [2024-10-22T14:52:27.342+0000] {dag.py:3947} INFO - Setting next_dagrun for example_display_name to None, run_after=None
[2024-10-22T14:52:27.355+0000] {processor.py:183} INFO - Processing /home/airflow/.local/lib/python3.12/site-packages/airflow/example_dags/example_display_name.py took 0.046 seconds
[2024-10-22T14:52:57.694+0000] {processor.py:161} INFO - Started process (PID=5729) to work on /home/airflow/.local/lib/python3.12/site-packages/airflow/example_dags/example_display_name.py
[2024-10-22T14:52:57.695+0000] {processor.py:830} INFO - Processing file /home/airflow/.local/lib/python3.12/site-packages/airflow/example_dags/example_display_name.py for tasks to queue
[2024-10-22T14:52:57.696+0000] {logging_mixin.py:188} INFO - [2024-10-22T14:52:57.696+0000] {dagbag.py:545} INFO - Filling up the DagBag from /home/airflow/.local/lib/python3.12/site-packages/airflow/example_dags/example_display_name.py
[2024-10-22T14:52:57.700+0000] {processor.py:840} INFO - DAG(s) 'example_display_name' retrieved from /home/airflow/.local/lib/python3.12/site-packages/airflow/example_dags/example_display_name.py
[2024-10-22T14:52:57.713+0000] {logging_mixin.py:188} INFO - [2024-10-22T14:52:57.713+0000] {dag.py:3089} INFO - Sync 1 DAGs
[2024-10-22T14:52:57.721+0000] {logging_mixin.py:188} INFO - [2024-10-22T14:52:57.721+0000] {dag.py:3947} INFO - Setting next_dagrun for example_display_name to None, run_after=None
[2024-10-22T14:52:57.735+0000] {processor.py:183} INFO - Processing /home/airflow/.local/lib/python3.12/site-packages/airflow/example_dags/example_display_name.py took 0.044 seconds
[2024-10-22T14:53:28.063+0000] {processor.py:161} INFO - Started process (PID=5998) to work on /home/airflow/.local/lib/python3.12/site-packages/airflow/example_dags/example_display_name.py
[2024-10-22T14:53:28.064+0000] {processor.py:830} INFO - Processing file /home/airflow/.local/lib/python3.12/site-packages/airflow/example_dags/example_display_name.py for tasks to queue
[2024-10-22T14:53:28.065+0000] {logging_mixin.py:188} INFO - [2024-10-22T14:53:28.065+0000] {dagbag.py:545} INFO - Filling up the DagBag from /home/airflow/.local/lib/python3.12/site-packages/airflow/example_dags/example_display_name.py
[2024-10-22T14:53:28.069+0000] {processor.py:840} INFO - DAG(s) 'example_display_name' retrieved from /home/airflow/.local/lib/python3.12/site-packages/airflow/example_dags/example_display_name.py
[2024-10-22T14:53:28.082+0000] {logging_mixin.py:188} INFO - [2024-10-22T14:53:28.082+0000] {dag.py:3089} INFO - Sync 1 DAGs
[2024-10-22T14:53:28.092+0000] {logging_mixin.py:188} INFO - [2024-10-22T14:53:28.091+0000] {dag.py:3947} INFO - Setting next_dagrun for example_display_name to None, run_after=None
[2024-10-22T14:53:28.104+0000] {processor.py:183} INFO - Processing /home/airflow/.local/lib/python3.12/site-packages/airflow/example_dags/example_display_name.py took 0.045 seconds
[2024-10-22T14:53:58.509+0000] {processor.py:161} INFO - Started process (PID=6265) to work on /home/airflow/.local/lib/python3.12/site-packages/airflow/example_dags/example_display_name.py
[2024-10-22T14:53:58.509+0000] {processor.py:830} INFO - Processing file /home/airflow/.local/lib/python3.12/site-packages/airflow/example_dags/example_display_name.py for tasks to queue
[2024-10-22T14:53:58.511+0000] {logging_mixin.py:188} INFO - [2024-10-22T14:53:58.510+0000] {dagbag.py:545} INFO - Filling up the DagBag from /home/airflow/.local/lib/python3.12/site-packages/airflow/example_dags/example_display_name.py
[2024-10-22T14:53:58.514+0000] {processor.py:840} INFO - DAG(s) 'example_display_name' retrieved from /home/airflow/.local/lib/python3.12/site-packages/airflow/example_dags/example_display_name.py
[2024-10-22T14:53:58.529+0000] {logging_mixin.py:188} INFO - [2024-10-22T14:53:58.528+0000] {dag.py:3089} INFO - Sync 1 DAGs
[2024-10-22T14:53:58.538+0000] {logging_mixin.py:188} INFO - [2024-10-22T14:53:58.538+0000] {dag.py:3947} INFO - Setting next_dagrun for example_display_name to None, run_after=None
[2024-10-22T14:53:58.550+0000] {processor.py:183} INFO - Processing /home/airflow/.local/lib/python3.12/site-packages/airflow/example_dags/example_display_name.py took 0.046 seconds
[2024-10-22T14:54:28.790+0000] {processor.py:161} INFO - Started process (PID=6530) to work on /home/airflow/.local/lib/python3.12/site-packages/airflow/example_dags/example_display_name.py
[2024-10-22T14:54:28.791+0000] {processor.py:830} INFO - Processing file /home/airflow/.local/lib/python3.12/site-packages/airflow/example_dags/example_display_name.py for tasks to queue
[2024-10-22T14:54:28.792+0000] {logging_mixin.py:188} INFO - [2024-10-22T14:54:28.792+0000] {dagbag.py:545} INFO - Filling up the DagBag from /home/airflow/.local/lib/python3.12/site-packages/airflow/example_dags/example_display_name.py
[2024-10-22T14:54:28.796+0000] {processor.py:840} INFO - DAG(s) 'example_display_name' retrieved from /home/airflow/.local/lib/python3.12/site-packages/airflow/example_dags/example_display_name.py
[2024-10-22T14:54:28.810+0000] {logging_mixin.py:188} INFO - [2024-10-22T14:54:28.810+0000] {dag.py:3089} INFO - Sync 1 DAGs
[2024-10-22T14:54:28.819+0000] {logging_mixin.py:188} INFO - [2024-10-22T14:54:28.819+0000] {dag.py:3947} INFO - Setting next_dagrun for example_display_name to None, run_after=None
[2024-10-22T14:54:28.832+0000] {processor.py:183} INFO - Processing /home/airflow/.local/lib/python3.12/site-packages/airflow/example_dags/example_display_name.py took 0.045 seconds
[2024-10-22T14:54:59.668+0000] {processor.py:161} INFO - Started process (PID=6800) to work on /home/airflow/.local/lib/python3.12/site-packages/airflow/example_dags/example_display_name.py
[2024-10-22T14:54:59.669+0000] {processor.py:830} INFO - Processing file /home/airflow/.local/lib/python3.12/site-packages/airflow/example_dags/example_display_name.py for tasks to queue
[2024-10-22T14:54:59.671+0000] {logging_mixin.py:188} INFO - [2024-10-22T14:54:59.670+0000] {dagbag.py:545} INFO - Filling up the DagBag from /home/airflow/.local/lib/python3.12/site-packages/airflow/example_dags/example_display_name.py
[2024-10-22T14:54:59.675+0000] {processor.py:840} INFO - DAG(s) 'example_display_name' retrieved from /home/airflow/.local/lib/python3.12/site-packages/airflow/example_dags/example_display_name.py
[2024-10-22T14:54:59.689+0000] {logging_mixin.py:188} INFO - [2024-10-22T14:54:59.688+0000] {dag.py:3089} INFO - Sync 1 DAGs
[2024-10-22T14:54:59.697+0000] {logging_mixin.py:188} INFO - [2024-10-22T14:54:59.697+0000] {dag.py:3947} INFO - Setting next_dagrun for example_display_name to None, run_after=None
[2024-10-22T14:54:59.710+0000] {processor.py:183} INFO - Processing /home/airflow/.local/lib/python3.12/site-packages/airflow/example_dags/example_display_name.py took 0.046 seconds
[2024-10-22T14:55:30.307+0000] {processor.py:161} INFO - Started process (PID=7067) to work on /home/airflow/.local/lib/python3.12/site-packages/airflow/example_dags/example_display_name.py
[2024-10-22T14:55:30.308+0000] {processor.py:830} INFO - Processing file /home/airflow/.local/lib/python3.12/site-packages/airflow/example_dags/example_display_name.py for tasks to queue
[2024-10-22T14:55:30.309+0000] {logging_mixin.py:188} INFO - [2024-10-22T14:55:30.309+0000] {dagbag.py:545} INFO - Filling up the DagBag from /home/airflow/.local/lib/python3.12/site-packages/airflow/example_dags/example_display_name.py
[2024-10-22T14:55:30.313+0000] {processor.py:840} INFO - DAG(s) 'example_display_name' retrieved from /home/airflow/.local/lib/python3.12/site-packages/airflow/example_dags/example_display_name.py
[2024-10-22T14:55:30.326+0000] {logging_mixin.py:188} INFO - [2024-10-22T14:55:30.326+0000] {dag.py:3089} INFO - Sync 1 DAGs
[2024-10-22T14:55:30.335+0000] {logging_mixin.py:188} INFO - [2024-10-22T14:55:30.335+0000] {dag.py:3947} INFO - Setting next_dagrun for example_display_name to None, run_after=None
[2024-10-22T14:55:30.348+0000] {processor.py:183} INFO - Processing /home/airflow/.local/lib/python3.12/site-packages/airflow/example_dags/example_display_name.py took 0.044 seconds
[2024-10-22T14:56:01.315+0000] {processor.py:161} INFO - Started process (PID=7334) to work on /home/airflow/.local/lib/python3.12/site-packages/airflow/example_dags/example_display_name.py
[2024-10-22T14:56:01.316+0000] {processor.py:830} INFO - Processing file /home/airflow/.local/lib/python3.12/site-packages/airflow/example_dags/example_display_name.py for tasks to queue
[2024-10-22T14:56:01.317+0000] {logging_mixin.py:188} INFO - [2024-10-22T14:56:01.317+0000] {dagbag.py:545} INFO - Filling up the DagBag from /home/airflow/.local/lib/python3.12/site-packages/airflow/example_dags/example_display_name.py
[2024-10-22T14:56:01.322+0000] {processor.py:840} INFO - DAG(s) 'example_display_name' retrieved from /home/airflow/.local/lib/python3.12/site-packages/airflow/example_dags/example_display_name.py
[2024-10-22T14:56:01.343+0000] {logging_mixin.py:188} INFO - [2024-10-22T14:56:01.343+0000] {dag.py:3089} INFO - Sync 1 DAGs
[2024-10-22T14:56:01.354+0000] {logging_mixin.py:188} INFO - [2024-10-22T14:56:01.353+0000] {dag.py:3947} INFO - Setting next_dagrun for example_display_name to None, run_after=None
[2024-10-22T14:56:01.479+0000] {processor.py:183} INFO - Processing /home/airflow/.local/lib/python3.12/site-packages/airflow/example_dags/example_display_name.py took 0.168 seconds
[2024-10-22T14:56:32.464+0000] {processor.py:161} INFO - Started process (PID=7601) to work on /home/airflow/.local/lib/python3.12/site-packages/airflow/example_dags/example_display_name.py
[2024-10-22T14:56:32.465+0000] {processor.py:830} INFO - Processing file /home/airflow/.local/lib/python3.12/site-packages/airflow/example_dags/example_display_name.py for tasks to queue
[2024-10-22T14:56:32.466+0000] {logging_mixin.py:188} INFO - [2024-10-22T14:56:32.466+0000] {dagbag.py:545} INFO - Filling up the DagBag from /home/airflow/.local/lib/python3.12/site-packages/airflow/example_dags/example_display_name.py
[2024-10-22T14:56:32.470+0000] {processor.py:840} INFO - DAG(s) 'example_display_name' retrieved from /home/airflow/.local/lib/python3.12/site-packages/airflow/example_dags/example_display_name.py
[2024-10-22T14:56:32.482+0000] {logging_mixin.py:188} INFO - [2024-10-22T14:56:32.482+0000] {dag.py:3089} INFO - Sync 1 DAGs
[2024-10-22T14:56:32.491+0000] {logging_mixin.py:188} INFO - [2024-10-22T14:56:32.491+0000] {dag.py:3947} INFO - Setting next_dagrun for example_display_name to None, run_after=None
[2024-10-22T14:56:32.503+0000] {processor.py:183} INFO - Processing /home/airflow/.local/lib/python3.12/site-packages/airflow/example_dags/example_display_name.py took 0.043 seconds
[2024-10-22T14:57:02.651+0000] {processor.py:161} INFO - Started process (PID=7868) to work on /home/airflow/.local/lib/python3.12/site-packages/airflow/example_dags/example_display_name.py
[2024-10-22T14:57:02.652+0000] {processor.py:830} INFO - Processing file /home/airflow/.local/lib/python3.12/site-packages/airflow/example_dags/example_display_name.py for tasks to queue
[2024-10-22T14:57:02.653+0000] {logging_mixin.py:188} INFO - [2024-10-22T14:57:02.653+0000] {dagbag.py:545} INFO - Filling up the DagBag from /home/airflow/.local/lib/python3.12/site-packages/airflow/example_dags/example_display_name.py
[2024-10-22T14:57:02.657+0000] {processor.py:840} INFO - DAG(s) 'example_display_name' retrieved from /home/airflow/.local/lib/python3.12/site-packages/airflow/example_dags/example_display_name.py
[2024-10-22T14:57:02.671+0000] {logging_mixin.py:188} INFO - [2024-10-22T14:57:02.671+0000] {dag.py:3089} INFO - Sync 1 DAGs
[2024-10-22T14:57:02.680+0000] {logging_mixin.py:188} INFO - [2024-10-22T14:57:02.680+0000] {dag.py:3947} INFO - Setting next_dagrun for example_display_name to None, run_after=None
[2024-10-22T14:57:02.692+0000] {processor.py:183} INFO - Processing /home/airflow/.local/lib/python3.12/site-packages/airflow/example_dags/example_display_name.py took 0.045 seconds
[2024-10-22T14:57:33.637+0000] {processor.py:161} INFO - Started process (PID=8135) to work on /home/airflow/.local/lib/python3.12/site-packages/airflow/example_dags/example_display_name.py
[2024-10-22T14:57:33.638+0000] {processor.py:830} INFO - Processing file /home/airflow/.local/lib/python3.12/site-packages/airflow/example_dags/example_display_name.py for tasks to queue
[2024-10-22T14:57:33.639+0000] {logging_mixin.py:188} INFO - [2024-10-22T14:57:33.639+0000] {dagbag.py:545} INFO - Filling up the DagBag from /home/airflow/.local/lib/python3.12/site-packages/airflow/example_dags/example_display_name.py
[2024-10-22T14:57:33.643+0000] {processor.py:840} INFO - DAG(s) 'example_display_name' retrieved from /home/airflow/.local/lib/python3.12/site-packages/airflow/example_dags/example_display_name.py
[2024-10-22T14:57:33.655+0000] {logging_mixin.py:188} INFO - [2024-10-22T14:57:33.655+0000] {dag.py:3089} INFO - Sync 1 DAGs
[2024-10-22T14:57:33.663+0000] {logging_mixin.py:188} INFO - [2024-10-22T14:57:33.663+0000] {dag.py:3947} INFO - Setting next_dagrun for example_display_name to None, run_after=None
[2024-10-22T14:57:33.675+0000] {processor.py:183} INFO - Processing /home/airflow/.local/lib/python3.12/site-packages/airflow/example_dags/example_display_name.py took 0.042 seconds
