[2024-10-22T14:00:14.122+0000] {processor.py:161} INFO - Started process (PID=285) to work on /home/airflow/.local/lib/python3.12/site-packages/airflow/example_dags/example_short_circuit_decorator.py
[2024-10-22T14:00:14.123+0000] {processor.py:830} INFO - Processing file /home/airflow/.local/lib/python3.12/site-packages/airflow/example_dags/example_short_circuit_decorator.py for tasks to queue
[2024-10-22T14:00:14.124+0000] {logging_mixin.py:188} INFO - [2024-10-22T14:00:14.124+0000] {dagbag.py:545} INFO - Filling up the DagBag from /home/airflow/.local/lib/python3.12/site-packages/airflow/example_dags/example_short_circuit_decorator.py
[2024-10-22T14:00:14.132+0000] {processor.py:840} INFO - DAG(s) 'example_short_circuit_decorator' retrieved from /home/airflow/.local/lib/python3.12/site-packages/airflow/example_dags/example_short_circuit_decorator.py
[2024-10-22T14:00:14.228+0000] {logging_mixin.py:188} INFO - [2024-10-22T14:00:14.228+0000] {override.py:1858} INFO - Created Permission View: can delete on DAG:example_short_circuit_decorator
[2024-10-22T14:00:14.237+0000] {logging_mixin.py:188} INFO - [2024-10-22T14:00:14.237+0000] {override.py:1858} INFO - Created Permission View: can edit on DAG:example_short_circuit_decorator
[2024-10-22T14:00:14.243+0000] {logging_mixin.py:188} INFO - [2024-10-22T14:00:14.243+0000] {override.py:1858} INFO - Created Permission View: can read on DAG:example_short_circuit_decorator
[2024-10-22T14:00:14.244+0000] {logging_mixin.py:188} INFO - [2024-10-22T14:00:14.244+0000] {dag.py:3089} INFO - Sync 1 DAGs
[2024-10-22T14:00:14.253+0000] {logging_mixin.py:188} INFO - [2024-10-22T14:00:14.253+0000] {dag.py:3111} INFO - Creating ORM DAG for example_short_circuit_decorator
[2024-10-22T14:00:14.265+0000] {logging_mixin.py:188} INFO - [2024-10-22T14:00:14.264+0000] {dag.py:3947} INFO - Setting next_dagrun for example_short_circuit_decorator to 2024-10-21 00:00:00+00:00, run_after=2024-10-22 00:00:00+00:00
[2024-10-22T14:00:14.278+0000] {processor.py:183} INFO - Processing /home/airflow/.local/lib/python3.12/site-packages/airflow/example_dags/example_short_circuit_decorator.py took 0.162 seconds
[2024-10-22T14:00:45.029+0000] {processor.py:161} INFO - Started process (PID=552) to work on /home/airflow/.local/lib/python3.12/site-packages/airflow/example_dags/example_short_circuit_decorator.py
[2024-10-22T14:00:45.030+0000] {processor.py:830} INFO - Processing file /home/airflow/.local/lib/python3.12/site-packages/airflow/example_dags/example_short_circuit_decorator.py for tasks to queue
[2024-10-22T14:00:45.031+0000] {logging_mixin.py:188} INFO - [2024-10-22T14:00:45.031+0000] {dagbag.py:545} INFO - Filling up the DagBag from /home/airflow/.local/lib/python3.12/site-packages/airflow/example_dags/example_short_circuit_decorator.py
[2024-10-22T14:00:45.040+0000] {processor.py:840} INFO - DAG(s) 'example_short_circuit_decorator' retrieved from /home/airflow/.local/lib/python3.12/site-packages/airflow/example_dags/example_short_circuit_decorator.py
[2024-10-22T14:00:45.057+0000] {logging_mixin.py:188} INFO - [2024-10-22T14:00:45.057+0000] {dag.py:3089} INFO - Sync 1 DAGs
[2024-10-22T14:00:45.074+0000] {logging_mixin.py:188} INFO - [2024-10-22T14:00:45.074+0000] {dag.py:3947} INFO - Setting next_dagrun for example_short_circuit_decorator to 2024-10-21 00:00:00+00:00, run_after=2024-10-22 00:00:00+00:00
[2024-10-22T14:00:45.087+0000] {processor.py:183} INFO - Processing /home/airflow/.local/lib/python3.12/site-packages/airflow/example_dags/example_short_circuit_decorator.py took 0.066 seconds
[2024-10-22T14:01:15.372+0000] {processor.py:161} INFO - Started process (PID=819) to work on /home/airflow/.local/lib/python3.12/site-packages/airflow/example_dags/example_short_circuit_decorator.py
[2024-10-22T14:01:15.373+0000] {processor.py:830} INFO - Processing file /home/airflow/.local/lib/python3.12/site-packages/airflow/example_dags/example_short_circuit_decorator.py for tasks to queue
[2024-10-22T14:01:15.374+0000] {logging_mixin.py:188} INFO - [2024-10-22T14:01:15.374+0000] {dagbag.py:545} INFO - Filling up the DagBag from /home/airflow/.local/lib/python3.12/site-packages/airflow/example_dags/example_short_circuit_decorator.py
[2024-10-22T14:01:15.380+0000] {processor.py:840} INFO - DAG(s) 'example_short_circuit_decorator' retrieved from /home/airflow/.local/lib/python3.12/site-packages/airflow/example_dags/example_short_circuit_decorator.py
[2024-10-22T14:01:15.395+0000] {logging_mixin.py:188} INFO - [2024-10-22T14:01:15.395+0000] {dag.py:3089} INFO - Sync 1 DAGs
[2024-10-22T14:01:15.411+0000] {logging_mixin.py:188} INFO - [2024-10-22T14:01:15.410+0000] {dag.py:3947} INFO - Setting next_dagrun for example_short_circuit_decorator to 2024-10-21 00:00:00+00:00, run_after=2024-10-22 00:00:00+00:00
[2024-10-22T14:01:15.423+0000] {processor.py:183} INFO - Processing /home/airflow/.local/lib/python3.12/site-packages/airflow/example_dags/example_short_circuit_decorator.py took 0.055 seconds
[2024-10-22T14:01:45.741+0000] {processor.py:161} INFO - Started process (PID=1086) to work on /home/airflow/.local/lib/python3.12/site-packages/airflow/example_dags/example_short_circuit_decorator.py
[2024-10-22T14:01:45.742+0000] {processor.py:830} INFO - Processing file /home/airflow/.local/lib/python3.12/site-packages/airflow/example_dags/example_short_circuit_decorator.py for tasks to queue
[2024-10-22T14:01:45.743+0000] {logging_mixin.py:188} INFO - [2024-10-22T14:01:45.743+0000] {dagbag.py:545} INFO - Filling up the DagBag from /home/airflow/.local/lib/python3.12/site-packages/airflow/example_dags/example_short_circuit_decorator.py
[2024-10-22T14:01:45.749+0000] {processor.py:840} INFO - DAG(s) 'example_short_circuit_decorator' retrieved from /home/airflow/.local/lib/python3.12/site-packages/airflow/example_dags/example_short_circuit_decorator.py
[2024-10-22T14:01:45.767+0000] {logging_mixin.py:188} INFO - [2024-10-22T14:01:45.767+0000] {dag.py:3089} INFO - Sync 1 DAGs
[2024-10-22T14:01:45.783+0000] {logging_mixin.py:188} INFO - [2024-10-22T14:01:45.783+0000] {dag.py:3947} INFO - Setting next_dagrun for example_short_circuit_decorator to 2024-10-21 00:00:00+00:00, run_after=2024-10-22 00:00:00+00:00
[2024-10-22T14:01:45.797+0000] {processor.py:183} INFO - Processing /home/airflow/.local/lib/python3.12/site-packages/airflow/example_dags/example_short_circuit_decorator.py took 0.061 seconds
[2024-10-22T14:02:15.959+0000] {processor.py:161} INFO - Started process (PID=1353) to work on /home/airflow/.local/lib/python3.12/site-packages/airflow/example_dags/example_short_circuit_decorator.py
[2024-10-22T14:02:15.960+0000] {processor.py:830} INFO - Processing file /home/airflow/.local/lib/python3.12/site-packages/airflow/example_dags/example_short_circuit_decorator.py for tasks to queue
[2024-10-22T14:02:15.961+0000] {logging_mixin.py:188} INFO - [2024-10-22T14:02:15.961+0000] {dagbag.py:545} INFO - Filling up the DagBag from /home/airflow/.local/lib/python3.12/site-packages/airflow/example_dags/example_short_circuit_decorator.py
[2024-10-22T14:02:15.967+0000] {processor.py:840} INFO - DAG(s) 'example_short_circuit_decorator' retrieved from /home/airflow/.local/lib/python3.12/site-packages/airflow/example_dags/example_short_circuit_decorator.py
[2024-10-22T14:02:15.983+0000] {logging_mixin.py:188} INFO - [2024-10-22T14:02:15.982+0000] {dag.py:3089} INFO - Sync 1 DAGs
[2024-10-22T14:02:15.997+0000] {logging_mixin.py:188} INFO - [2024-10-22T14:02:15.997+0000] {dag.py:3947} INFO - Setting next_dagrun for example_short_circuit_decorator to 2024-10-21 00:00:00+00:00, run_after=2024-10-22 00:00:00+00:00
[2024-10-22T14:02:16.010+0000] {processor.py:183} INFO - Processing /home/airflow/.local/lib/python3.12/site-packages/airflow/example_dags/example_short_circuit_decorator.py took 0.054 seconds
[2024-10-22T14:02:46.316+0000] {processor.py:161} INFO - Started process (PID=1620) to work on /home/airflow/.local/lib/python3.12/site-packages/airflow/example_dags/example_short_circuit_decorator.py
[2024-10-22T14:02:46.316+0000] {processor.py:830} INFO - Processing file /home/airflow/.local/lib/python3.12/site-packages/airflow/example_dags/example_short_circuit_decorator.py for tasks to queue
[2024-10-22T14:02:46.317+0000] {logging_mixin.py:188} INFO - [2024-10-22T14:02:46.317+0000] {dagbag.py:545} INFO - Filling up the DagBag from /home/airflow/.local/lib/python3.12/site-packages/airflow/example_dags/example_short_circuit_decorator.py
[2024-10-22T14:02:46.323+0000] {processor.py:840} INFO - DAG(s) 'example_short_circuit_decorator' retrieved from /home/airflow/.local/lib/python3.12/site-packages/airflow/example_dags/example_short_circuit_decorator.py
[2024-10-22T14:02:46.339+0000] {logging_mixin.py:188} INFO - [2024-10-22T14:02:46.339+0000] {dag.py:3089} INFO - Sync 1 DAGs
[2024-10-22T14:02:46.353+0000] {logging_mixin.py:188} INFO - [2024-10-22T14:02:46.353+0000] {dag.py:3947} INFO - Setting next_dagrun for example_short_circuit_decorator to 2024-10-21 00:00:00+00:00, run_after=2024-10-22 00:00:00+00:00
[2024-10-22T14:02:46.365+0000] {processor.py:183} INFO - Processing /home/airflow/.local/lib/python3.12/site-packages/airflow/example_dags/example_short_circuit_decorator.py took 0.053 seconds
[2024-10-22T14:03:16.586+0000] {processor.py:161} INFO - Started process (PID=1887) to work on /home/airflow/.local/lib/python3.12/site-packages/airflow/example_dags/example_short_circuit_decorator.py
[2024-10-22T14:03:16.587+0000] {processor.py:830} INFO - Processing file /home/airflow/.local/lib/python3.12/site-packages/airflow/example_dags/example_short_circuit_decorator.py for tasks to queue
[2024-10-22T14:03:16.588+0000] {logging_mixin.py:188} INFO - [2024-10-22T14:03:16.588+0000] {dagbag.py:545} INFO - Filling up the DagBag from /home/airflow/.local/lib/python3.12/site-packages/airflow/example_dags/example_short_circuit_decorator.py
[2024-10-22T14:03:16.594+0000] {processor.py:840} INFO - DAG(s) 'example_short_circuit_decorator' retrieved from /home/airflow/.local/lib/python3.12/site-packages/airflow/example_dags/example_short_circuit_decorator.py
[2024-10-22T14:03:16.610+0000] {logging_mixin.py:188} INFO - [2024-10-22T14:03:16.610+0000] {dag.py:3089} INFO - Sync 1 DAGs
[2024-10-22T14:03:16.625+0000] {logging_mixin.py:188} INFO - [2024-10-22T14:03:16.625+0000] {dag.py:3947} INFO - Setting next_dagrun for example_short_circuit_decorator to 2024-10-21 00:00:00+00:00, run_after=2024-10-22 00:00:00+00:00
[2024-10-22T14:03:16.637+0000] {processor.py:183} INFO - Processing /home/airflow/.local/lib/python3.12/site-packages/airflow/example_dags/example_short_circuit_decorator.py took 0.055 seconds
[2024-10-22T14:03:46.964+0000] {processor.py:161} INFO - Started process (PID=2154) to work on /home/airflow/.local/lib/python3.12/site-packages/airflow/example_dags/example_short_circuit_decorator.py
[2024-10-22T14:03:46.965+0000] {processor.py:830} INFO - Processing file /home/airflow/.local/lib/python3.12/site-packages/airflow/example_dags/example_short_circuit_decorator.py for tasks to queue
[2024-10-22T14:03:46.967+0000] {logging_mixin.py:188} INFO - [2024-10-22T14:03:46.966+0000] {dagbag.py:545} INFO - Filling up the DagBag from /home/airflow/.local/lib/python3.12/site-packages/airflow/example_dags/example_short_circuit_decorator.py
[2024-10-22T14:03:46.974+0000] {processor.py:840} INFO - DAG(s) 'example_short_circuit_decorator' retrieved from /home/airflow/.local/lib/python3.12/site-packages/airflow/example_dags/example_short_circuit_decorator.py
[2024-10-22T14:03:46.994+0000] {logging_mixin.py:188} INFO - [2024-10-22T14:03:46.993+0000] {dag.py:3089} INFO - Sync 1 DAGs
[2024-10-22T14:03:47.010+0000] {logging_mixin.py:188} INFO - [2024-10-22T14:03:47.009+0000] {dag.py:3947} INFO - Setting next_dagrun for example_short_circuit_decorator to 2024-10-21 00:00:00+00:00, run_after=2024-10-22 00:00:00+00:00
[2024-10-22T14:03:47.022+0000] {processor.py:183} INFO - Processing /home/airflow/.local/lib/python3.12/site-packages/airflow/example_dags/example_short_circuit_decorator.py took 0.063 seconds
[2024-10-22T14:34:25.578+0000] {processor.py:161} INFO - Started process (PID=279) to work on /home/airflow/.local/lib/python3.12/site-packages/airflow/example_dags/example_short_circuit_decorator.py
[2024-10-22T14:34:25.578+0000] {processor.py:830} INFO - Processing file /home/airflow/.local/lib/python3.12/site-packages/airflow/example_dags/example_short_circuit_decorator.py for tasks to queue
[2024-10-22T14:34:25.580+0000] {logging_mixin.py:188} INFO - [2024-10-22T14:34:25.580+0000] {dagbag.py:545} INFO - Filling up the DagBag from /home/airflow/.local/lib/python3.12/site-packages/airflow/example_dags/example_short_circuit_decorator.py
[2024-10-22T14:34:25.588+0000] {processor.py:840} INFO - DAG(s) 'example_short_circuit_decorator' retrieved from /home/airflow/.local/lib/python3.12/site-packages/airflow/example_dags/example_short_circuit_decorator.py
[2024-10-22T14:34:25.596+0000] {logging_mixin.py:188} INFO - [2024-10-22T14:34:25.596+0000] {dag.py:3089} INFO - Sync 1 DAGs
[2024-10-22T14:34:25.611+0000] {logging_mixin.py:188} INFO - [2024-10-22T14:34:25.611+0000] {dag.py:3947} INFO - Setting next_dagrun for example_short_circuit_decorator to 2024-10-21 00:00:00+00:00, run_after=2024-10-22 00:00:00+00:00
[2024-10-22T14:34:25.626+0000] {processor.py:183} INFO - Processing /home/airflow/.local/lib/python3.12/site-packages/airflow/example_dags/example_short_circuit_decorator.py took 0.052 seconds
[2024-10-22T14:34:56.964+0000] {processor.py:161} INFO - Started process (PID=552) to work on /home/airflow/.local/lib/python3.12/site-packages/airflow/example_dags/example_short_circuit_decorator.py
[2024-10-22T14:34:56.965+0000] {processor.py:830} INFO - Processing file /home/airflow/.local/lib/python3.12/site-packages/airflow/example_dags/example_short_circuit_decorator.py for tasks to queue
[2024-10-22T14:34:56.966+0000] {logging_mixin.py:188} INFO - [2024-10-22T14:34:56.966+0000] {dagbag.py:545} INFO - Filling up the DagBag from /home/airflow/.local/lib/python3.12/site-packages/airflow/example_dags/example_short_circuit_decorator.py
[2024-10-22T14:34:56.972+0000] {processor.py:840} INFO - DAG(s) 'example_short_circuit_decorator' retrieved from /home/airflow/.local/lib/python3.12/site-packages/airflow/example_dags/example_short_circuit_decorator.py
[2024-10-22T14:34:57.050+0000] {logging_mixin.py:188} INFO - [2024-10-22T14:34:57.050+0000] {dag.py:3089} INFO - Sync 1 DAGs
[2024-10-22T14:34:57.064+0000] {logging_mixin.py:188} INFO - [2024-10-22T14:34:57.064+0000] {dag.py:3947} INFO - Setting next_dagrun for example_short_circuit_decorator to 2024-10-21 00:00:00+00:00, run_after=2024-10-22 00:00:00+00:00
[2024-10-22T14:34:57.078+0000] {processor.py:183} INFO - Processing /home/airflow/.local/lib/python3.12/site-packages/airflow/example_dags/example_short_circuit_decorator.py took 0.118 seconds
[2024-10-22T14:35:27.119+0000] {processor.py:161} INFO - Started process (PID=819) to work on /home/airflow/.local/lib/python3.12/site-packages/airflow/example_dags/example_short_circuit_decorator.py
[2024-10-22T14:35:27.120+0000] {processor.py:830} INFO - Processing file /home/airflow/.local/lib/python3.12/site-packages/airflow/example_dags/example_short_circuit_decorator.py for tasks to queue
[2024-10-22T14:35:27.121+0000] {logging_mixin.py:188} INFO - [2024-10-22T14:35:27.121+0000] {dagbag.py:545} INFO - Filling up the DagBag from /home/airflow/.local/lib/python3.12/site-packages/airflow/example_dags/example_short_circuit_decorator.py
[2024-10-22T14:35:27.127+0000] {processor.py:840} INFO - DAG(s) 'example_short_circuit_decorator' retrieved from /home/airflow/.local/lib/python3.12/site-packages/airflow/example_dags/example_short_circuit_decorator.py
[2024-10-22T14:35:27.143+0000] {logging_mixin.py:188} INFO - [2024-10-22T14:35:27.143+0000] {dag.py:3089} INFO - Sync 1 DAGs
[2024-10-22T14:35:27.157+0000] {logging_mixin.py:188} INFO - [2024-10-22T14:35:27.157+0000] {dag.py:3947} INFO - Setting next_dagrun for example_short_circuit_decorator to 2024-10-21 00:00:00+00:00, run_after=2024-10-22 00:00:00+00:00
[2024-10-22T14:35:27.171+0000] {processor.py:183} INFO - Processing /home/airflow/.local/lib/python3.12/site-packages/airflow/example_dags/example_short_circuit_decorator.py took 0.055 seconds
[2024-10-22T14:35:57.306+0000] {processor.py:161} INFO - Started process (PID=1086) to work on /home/airflow/.local/lib/python3.12/site-packages/airflow/example_dags/example_short_circuit_decorator.py
[2024-10-22T14:35:57.307+0000] {processor.py:830} INFO - Processing file /home/airflow/.local/lib/python3.12/site-packages/airflow/example_dags/example_short_circuit_decorator.py for tasks to queue
[2024-10-22T14:35:57.308+0000] {logging_mixin.py:188} INFO - [2024-10-22T14:35:57.308+0000] {dagbag.py:545} INFO - Filling up the DagBag from /home/airflow/.local/lib/python3.12/site-packages/airflow/example_dags/example_short_circuit_decorator.py
[2024-10-22T14:35:57.314+0000] {processor.py:840} INFO - DAG(s) 'example_short_circuit_decorator' retrieved from /home/airflow/.local/lib/python3.12/site-packages/airflow/example_dags/example_short_circuit_decorator.py
[2024-10-22T14:35:57.334+0000] {logging_mixin.py:188} INFO - [2024-10-22T14:35:57.334+0000] {dag.py:3089} INFO - Sync 1 DAGs
[2024-10-22T14:35:57.349+0000] {logging_mixin.py:188} INFO - [2024-10-22T14:35:57.349+0000] {dag.py:3947} INFO - Setting next_dagrun for example_short_circuit_decorator to 2024-10-21 00:00:00+00:00, run_after=2024-10-22 00:00:00+00:00
[2024-10-22T14:35:57.362+0000] {processor.py:183} INFO - Processing /home/airflow/.local/lib/python3.12/site-packages/airflow/example_dags/example_short_circuit_decorator.py took 0.060 seconds
[2024-10-22T14:36:27.647+0000] {processor.py:161} INFO - Started process (PID=1353) to work on /home/airflow/.local/lib/python3.12/site-packages/airflow/example_dags/example_short_circuit_decorator.py
[2024-10-22T14:36:27.648+0000] {processor.py:830} INFO - Processing file /home/airflow/.local/lib/python3.12/site-packages/airflow/example_dags/example_short_circuit_decorator.py for tasks to queue
[2024-10-22T14:36:27.649+0000] {logging_mixin.py:188} INFO - [2024-10-22T14:36:27.649+0000] {dagbag.py:545} INFO - Filling up the DagBag from /home/airflow/.local/lib/python3.12/site-packages/airflow/example_dags/example_short_circuit_decorator.py
[2024-10-22T14:36:27.655+0000] {processor.py:840} INFO - DAG(s) 'example_short_circuit_decorator' retrieved from /home/airflow/.local/lib/python3.12/site-packages/airflow/example_dags/example_short_circuit_decorator.py
[2024-10-22T14:36:27.670+0000] {logging_mixin.py:188} INFO - [2024-10-22T14:36:27.670+0000] {dag.py:3089} INFO - Sync 1 DAGs
[2024-10-22T14:36:27.684+0000] {logging_mixin.py:188} INFO - [2024-10-22T14:36:27.684+0000] {dag.py:3947} INFO - Setting next_dagrun for example_short_circuit_decorator to 2024-10-21 00:00:00+00:00, run_after=2024-10-22 00:00:00+00:00
[2024-10-22T14:36:27.696+0000] {processor.py:183} INFO - Processing /home/airflow/.local/lib/python3.12/site-packages/airflow/example_dags/example_short_circuit_decorator.py took 0.053 seconds
[2024-10-22T14:36:57.829+0000] {processor.py:161} INFO - Started process (PID=1620) to work on /home/airflow/.local/lib/python3.12/site-packages/airflow/example_dags/example_short_circuit_decorator.py
[2024-10-22T14:36:57.830+0000] {processor.py:830} INFO - Processing file /home/airflow/.local/lib/python3.12/site-packages/airflow/example_dags/example_short_circuit_decorator.py for tasks to queue
[2024-10-22T14:36:57.831+0000] {logging_mixin.py:188} INFO - [2024-10-22T14:36:57.831+0000] {dagbag.py:545} INFO - Filling up the DagBag from /home/airflow/.local/lib/python3.12/site-packages/airflow/example_dags/example_short_circuit_decorator.py
[2024-10-22T14:36:57.837+0000] {processor.py:840} INFO - DAG(s) 'example_short_circuit_decorator' retrieved from /home/airflow/.local/lib/python3.12/site-packages/airflow/example_dags/example_short_circuit_decorator.py
[2024-10-22T14:36:57.854+0000] {logging_mixin.py:188} INFO - [2024-10-22T14:36:57.853+0000] {dag.py:3089} INFO - Sync 1 DAGs
[2024-10-22T14:36:57.867+0000] {logging_mixin.py:188} INFO - [2024-10-22T14:36:57.867+0000] {dag.py:3947} INFO - Setting next_dagrun for example_short_circuit_decorator to 2024-10-21 00:00:00+00:00, run_after=2024-10-22 00:00:00+00:00
[2024-10-22T14:36:57.878+0000] {processor.py:183} INFO - Processing /home/airflow/.local/lib/python3.12/site-packages/airflow/example_dags/example_short_circuit_decorator.py took 0.052 seconds
[2024-10-22T14:37:28.112+0000] {processor.py:161} INFO - Started process (PID=1887) to work on /home/airflow/.local/lib/python3.12/site-packages/airflow/example_dags/example_short_circuit_decorator.py
[2024-10-22T14:37:28.113+0000] {processor.py:830} INFO - Processing file /home/airflow/.local/lib/python3.12/site-packages/airflow/example_dags/example_short_circuit_decorator.py for tasks to queue
[2024-10-22T14:37:28.114+0000] {logging_mixin.py:188} INFO - [2024-10-22T14:37:28.114+0000] {dagbag.py:545} INFO - Filling up the DagBag from /home/airflow/.local/lib/python3.12/site-packages/airflow/example_dags/example_short_circuit_decorator.py
[2024-10-22T14:37:28.120+0000] {processor.py:840} INFO - DAG(s) 'example_short_circuit_decorator' retrieved from /home/airflow/.local/lib/python3.12/site-packages/airflow/example_dags/example_short_circuit_decorator.py
[2024-10-22T14:37:28.136+0000] {logging_mixin.py:188} INFO - [2024-10-22T14:37:28.136+0000] {dag.py:3089} INFO - Sync 1 DAGs
[2024-10-22T14:37:28.150+0000] {logging_mixin.py:188} INFO - [2024-10-22T14:37:28.150+0000] {dag.py:3947} INFO - Setting next_dagrun for example_short_circuit_decorator to 2024-10-21 00:00:00+00:00, run_after=2024-10-22 00:00:00+00:00
[2024-10-22T14:37:28.161+0000] {processor.py:183} INFO - Processing /home/airflow/.local/lib/python3.12/site-packages/airflow/example_dags/example_short_circuit_decorator.py took 0.053 seconds
[2024-10-22T14:37:58.322+0000] {processor.py:161} INFO - Started process (PID=2154) to work on /home/airflow/.local/lib/python3.12/site-packages/airflow/example_dags/example_short_circuit_decorator.py
[2024-10-22T14:37:58.323+0000] {processor.py:830} INFO - Processing file /home/airflow/.local/lib/python3.12/site-packages/airflow/example_dags/example_short_circuit_decorator.py for tasks to queue
[2024-10-22T14:37:58.324+0000] {logging_mixin.py:188} INFO - [2024-10-22T14:37:58.324+0000] {dagbag.py:545} INFO - Filling up the DagBag from /home/airflow/.local/lib/python3.12/site-packages/airflow/example_dags/example_short_circuit_decorator.py
[2024-10-22T14:37:58.330+0000] {processor.py:840} INFO - DAG(s) 'example_short_circuit_decorator' retrieved from /home/airflow/.local/lib/python3.12/site-packages/airflow/example_dags/example_short_circuit_decorator.py
[2024-10-22T14:37:58.345+0000] {logging_mixin.py:188} INFO - [2024-10-22T14:37:58.345+0000] {dag.py:3089} INFO - Sync 1 DAGs
[2024-10-22T14:37:58.359+0000] {logging_mixin.py:188} INFO - [2024-10-22T14:37:58.359+0000] {dag.py:3947} INFO - Setting next_dagrun for example_short_circuit_decorator to 2024-10-21 00:00:00+00:00, run_after=2024-10-22 00:00:00+00:00
[2024-10-22T14:37:58.372+0000] {processor.py:183} INFO - Processing /home/airflow/.local/lib/python3.12/site-packages/airflow/example_dags/example_short_circuit_decorator.py took 0.053 seconds
[2024-10-22T14:38:29.473+0000] {processor.py:161} INFO - Started process (PID=2421) to work on /home/airflow/.local/lib/python3.12/site-packages/airflow/example_dags/example_short_circuit_decorator.py
[2024-10-22T14:38:29.474+0000] {processor.py:830} INFO - Processing file /home/airflow/.local/lib/python3.12/site-packages/airflow/example_dags/example_short_circuit_decorator.py for tasks to queue
[2024-10-22T14:38:29.475+0000] {logging_mixin.py:188} INFO - [2024-10-22T14:38:29.475+0000] {dagbag.py:545} INFO - Filling up the DagBag from /home/airflow/.local/lib/python3.12/site-packages/airflow/example_dags/example_short_circuit_decorator.py
[2024-10-22T14:38:29.481+0000] {processor.py:840} INFO - DAG(s) 'example_short_circuit_decorator' retrieved from /home/airflow/.local/lib/python3.12/site-packages/airflow/example_dags/example_short_circuit_decorator.py
[2024-10-22T14:38:29.498+0000] {logging_mixin.py:188} INFO - [2024-10-22T14:38:29.497+0000] {dag.py:3089} INFO - Sync 1 DAGs
[2024-10-22T14:38:29.512+0000] {logging_mixin.py:188} INFO - [2024-10-22T14:38:29.512+0000] {dag.py:3947} INFO - Setting next_dagrun for example_short_circuit_decorator to 2024-10-21 00:00:00+00:00, run_after=2024-10-22 00:00:00+00:00
[2024-10-22T14:38:29.525+0000] {processor.py:183} INFO - Processing /home/airflow/.local/lib/python3.12/site-packages/airflow/example_dags/example_short_circuit_decorator.py took 0.056 seconds
[2024-10-22T14:38:59.863+0000] {processor.py:161} INFO - Started process (PID=2688) to work on /home/airflow/.local/lib/python3.12/site-packages/airflow/example_dags/example_short_circuit_decorator.py
[2024-10-22T14:38:59.864+0000] {processor.py:830} INFO - Processing file /home/airflow/.local/lib/python3.12/site-packages/airflow/example_dags/example_short_circuit_decorator.py for tasks to queue
[2024-10-22T14:38:59.865+0000] {logging_mixin.py:188} INFO - [2024-10-22T14:38:59.865+0000] {dagbag.py:545} INFO - Filling up the DagBag from /home/airflow/.local/lib/python3.12/site-packages/airflow/example_dags/example_short_circuit_decorator.py
[2024-10-22T14:38:59.871+0000] {processor.py:840} INFO - DAG(s) 'example_short_circuit_decorator' retrieved from /home/airflow/.local/lib/python3.12/site-packages/airflow/example_dags/example_short_circuit_decorator.py
[2024-10-22T14:38:59.889+0000] {logging_mixin.py:188} INFO - [2024-10-22T14:38:59.889+0000] {dag.py:3089} INFO - Sync 1 DAGs
[2024-10-22T14:38:59.904+0000] {logging_mixin.py:188} INFO - [2024-10-22T14:38:59.904+0000] {dag.py:3947} INFO - Setting next_dagrun for example_short_circuit_decorator to 2024-10-21 00:00:00+00:00, run_after=2024-10-22 00:00:00+00:00
[2024-10-22T14:38:59.917+0000] {processor.py:183} INFO - Processing /home/airflow/.local/lib/python3.12/site-packages/airflow/example_dags/example_short_circuit_decorator.py took 0.057 seconds
[2024-10-22T14:39:30.054+0000] {processor.py:161} INFO - Started process (PID=2955) to work on /home/airflow/.local/lib/python3.12/site-packages/airflow/example_dags/example_short_circuit_decorator.py
[2024-10-22T14:39:30.054+0000] {processor.py:830} INFO - Processing file /home/airflow/.local/lib/python3.12/site-packages/airflow/example_dags/example_short_circuit_decorator.py for tasks to queue
[2024-10-22T14:39:30.056+0000] {logging_mixin.py:188} INFO - [2024-10-22T14:39:30.055+0000] {dagbag.py:545} INFO - Filling up the DagBag from /home/airflow/.local/lib/python3.12/site-packages/airflow/example_dags/example_short_circuit_decorator.py
[2024-10-22T14:39:30.062+0000] {processor.py:840} INFO - DAG(s) 'example_short_circuit_decorator' retrieved from /home/airflow/.local/lib/python3.12/site-packages/airflow/example_dags/example_short_circuit_decorator.py
[2024-10-22T14:39:30.076+0000] {logging_mixin.py:188} INFO - [2024-10-22T14:39:30.076+0000] {dag.py:3089} INFO - Sync 1 DAGs
[2024-10-22T14:39:30.090+0000] {logging_mixin.py:188} INFO - [2024-10-22T14:39:30.090+0000] {dag.py:3947} INFO - Setting next_dagrun for example_short_circuit_decorator to 2024-10-21 00:00:00+00:00, run_after=2024-10-22 00:00:00+00:00
[2024-10-22T14:39:30.102+0000] {processor.py:183} INFO - Processing /home/airflow/.local/lib/python3.12/site-packages/airflow/example_dags/example_short_circuit_decorator.py took 0.052 seconds
[2024-10-22T14:40:00.337+0000] {processor.py:161} INFO - Started process (PID=3224) to work on /home/airflow/.local/lib/python3.12/site-packages/airflow/example_dags/example_short_circuit_decorator.py
[2024-10-22T14:40:00.338+0000] {processor.py:830} INFO - Processing file /home/airflow/.local/lib/python3.12/site-packages/airflow/example_dags/example_short_circuit_decorator.py for tasks to queue
[2024-10-22T14:40:00.339+0000] {logging_mixin.py:188} INFO - [2024-10-22T14:40:00.339+0000] {dagbag.py:545} INFO - Filling up the DagBag from /home/airflow/.local/lib/python3.12/site-packages/airflow/example_dags/example_short_circuit_decorator.py
[2024-10-22T14:40:00.345+0000] {processor.py:840} INFO - DAG(s) 'example_short_circuit_decorator' retrieved from /home/airflow/.local/lib/python3.12/site-packages/airflow/example_dags/example_short_circuit_decorator.py
[2024-10-22T14:40:00.360+0000] {logging_mixin.py:188} INFO - [2024-10-22T14:40:00.360+0000] {dag.py:3089} INFO - Sync 1 DAGs
[2024-10-22T14:40:00.374+0000] {logging_mixin.py:188} INFO - [2024-10-22T14:40:00.374+0000] {dag.py:3947} INFO - Setting next_dagrun for example_short_circuit_decorator to 2024-10-21 00:00:00+00:00, run_after=2024-10-22 00:00:00+00:00
[2024-10-22T14:40:00.386+0000] {processor.py:183} INFO - Processing /home/airflow/.local/lib/python3.12/site-packages/airflow/example_dags/example_short_circuit_decorator.py took 0.053 seconds
[2024-10-22T14:40:30.546+0000] {processor.py:161} INFO - Started process (PID=3489) to work on /home/airflow/.local/lib/python3.12/site-packages/airflow/example_dags/example_short_circuit_decorator.py
[2024-10-22T14:40:30.547+0000] {processor.py:830} INFO - Processing file /home/airflow/.local/lib/python3.12/site-packages/airflow/example_dags/example_short_circuit_decorator.py for tasks to queue
[2024-10-22T14:40:30.548+0000] {logging_mixin.py:188} INFO - [2024-10-22T14:40:30.548+0000] {dagbag.py:545} INFO - Filling up the DagBag from /home/airflow/.local/lib/python3.12/site-packages/airflow/example_dags/example_short_circuit_decorator.py
[2024-10-22T14:40:30.554+0000] {processor.py:840} INFO - DAG(s) 'example_short_circuit_decorator' retrieved from /home/airflow/.local/lib/python3.12/site-packages/airflow/example_dags/example_short_circuit_decorator.py
[2024-10-22T14:40:30.568+0000] {logging_mixin.py:188} INFO - [2024-10-22T14:40:30.568+0000] {dag.py:3089} INFO - Sync 1 DAGs
[2024-10-22T14:40:30.582+0000] {logging_mixin.py:188} INFO - [2024-10-22T14:40:30.582+0000] {dag.py:3947} INFO - Setting next_dagrun for example_short_circuit_decorator to 2024-10-21 00:00:00+00:00, run_after=2024-10-22 00:00:00+00:00
[2024-10-22T14:40:30.594+0000] {processor.py:183} INFO - Processing /home/airflow/.local/lib/python3.12/site-packages/airflow/example_dags/example_short_circuit_decorator.py took 0.051 seconds
[2024-10-22T14:41:00.694+0000] {processor.py:161} INFO - Started process (PID=3756) to work on /home/airflow/.local/lib/python3.12/site-packages/airflow/example_dags/example_short_circuit_decorator.py
[2024-10-22T14:41:00.695+0000] {processor.py:830} INFO - Processing file /home/airflow/.local/lib/python3.12/site-packages/airflow/example_dags/example_short_circuit_decorator.py for tasks to queue
[2024-10-22T14:41:00.696+0000] {logging_mixin.py:188} INFO - [2024-10-22T14:41:00.696+0000] {dagbag.py:545} INFO - Filling up the DagBag from /home/airflow/.local/lib/python3.12/site-packages/airflow/example_dags/example_short_circuit_decorator.py
[2024-10-22T14:41:00.703+0000] {processor.py:840} INFO - DAG(s) 'example_short_circuit_decorator' retrieved from /home/airflow/.local/lib/python3.12/site-packages/airflow/example_dags/example_short_circuit_decorator.py
[2024-10-22T14:41:00.719+0000] {logging_mixin.py:188} INFO - [2024-10-22T14:41:00.719+0000] {dag.py:3089} INFO - Sync 1 DAGs
[2024-10-22T14:41:00.734+0000] {logging_mixin.py:188} INFO - [2024-10-22T14:41:00.734+0000] {dag.py:3947} INFO - Setting next_dagrun for example_short_circuit_decorator to 2024-10-21 00:00:00+00:00, run_after=2024-10-22 00:00:00+00:00
[2024-10-22T14:41:00.747+0000] {processor.py:183} INFO - Processing /home/airflow/.local/lib/python3.12/site-packages/airflow/example_dags/example_short_circuit_decorator.py took 0.057 seconds
[2024-10-22T14:41:30.791+0000] {processor.py:161} INFO - Started process (PID=4020) to work on /home/airflow/.local/lib/python3.12/site-packages/airflow/example_dags/example_short_circuit_decorator.py
[2024-10-22T14:41:30.792+0000] {processor.py:830} INFO - Processing file /home/airflow/.local/lib/python3.12/site-packages/airflow/example_dags/example_short_circuit_decorator.py for tasks to queue
[2024-10-22T14:41:30.793+0000] {logging_mixin.py:188} INFO - [2024-10-22T14:41:30.793+0000] {dagbag.py:545} INFO - Filling up the DagBag from /home/airflow/.local/lib/python3.12/site-packages/airflow/example_dags/example_short_circuit_decorator.py
[2024-10-22T14:41:30.799+0000] {processor.py:840} INFO - DAG(s) 'example_short_circuit_decorator' retrieved from /home/airflow/.local/lib/python3.12/site-packages/airflow/example_dags/example_short_circuit_decorator.py
[2024-10-22T14:41:30.814+0000] {logging_mixin.py:188} INFO - [2024-10-22T14:41:30.813+0000] {dag.py:3089} INFO - Sync 1 DAGs
[2024-10-22T14:41:30.827+0000] {logging_mixin.py:188} INFO - [2024-10-22T14:41:30.827+0000] {dag.py:3947} INFO - Setting next_dagrun for example_short_circuit_decorator to 2024-10-21 00:00:00+00:00, run_after=2024-10-22 00:00:00+00:00
[2024-10-22T14:41:30.838+0000] {processor.py:183} INFO - Processing /home/airflow/.local/lib/python3.12/site-packages/airflow/example_dags/example_short_circuit_decorator.py took 0.051 seconds
[2024-10-22T14:42:01.012+0000] {processor.py:161} INFO - Started process (PID=4285) to work on /home/airflow/.local/lib/python3.12/site-packages/airflow/example_dags/example_short_circuit_decorator.py
[2024-10-22T14:42:01.013+0000] {processor.py:830} INFO - Processing file /home/airflow/.local/lib/python3.12/site-packages/airflow/example_dags/example_short_circuit_decorator.py for tasks to queue
[2024-10-22T14:42:01.014+0000] {logging_mixin.py:188} INFO - [2024-10-22T14:42:01.014+0000] {dagbag.py:545} INFO - Filling up the DagBag from /home/airflow/.local/lib/python3.12/site-packages/airflow/example_dags/example_short_circuit_decorator.py
[2024-10-22T14:42:01.020+0000] {processor.py:840} INFO - DAG(s) 'example_short_circuit_decorator' retrieved from /home/airflow/.local/lib/python3.12/site-packages/airflow/example_dags/example_short_circuit_decorator.py
[2024-10-22T14:42:01.035+0000] {logging_mixin.py:188} INFO - [2024-10-22T14:42:01.035+0000] {dag.py:3089} INFO - Sync 1 DAGs
[2024-10-22T14:42:01.048+0000] {logging_mixin.py:188} INFO - [2024-10-22T14:42:01.048+0000] {dag.py:3947} INFO - Setting next_dagrun for example_short_circuit_decorator to 2024-10-21 00:00:00+00:00, run_after=2024-10-22 00:00:00+00:00
[2024-10-22T14:42:01.060+0000] {processor.py:183} INFO - Processing /home/airflow/.local/lib/python3.12/site-packages/airflow/example_dags/example_short_circuit_decorator.py took 0.052 seconds
[2024-10-22T14:42:48.117+0000] {processor.py:161} INFO - Started process (PID=285) to work on /home/airflow/.local/lib/python3.12/site-packages/airflow/example_dags/example_short_circuit_decorator.py
[2024-10-22T14:42:48.118+0000] {processor.py:830} INFO - Processing file /home/airflow/.local/lib/python3.12/site-packages/airflow/example_dags/example_short_circuit_decorator.py for tasks to queue
[2024-10-22T14:42:48.120+0000] {logging_mixin.py:188} INFO - [2024-10-22T14:42:48.119+0000] {dagbag.py:545} INFO - Filling up the DagBag from /home/airflow/.local/lib/python3.12/site-packages/airflow/example_dags/example_short_circuit_decorator.py
[2024-10-22T14:42:48.128+0000] {processor.py:840} INFO - DAG(s) 'example_short_circuit_decorator' retrieved from /home/airflow/.local/lib/python3.12/site-packages/airflow/example_dags/example_short_circuit_decorator.py
[2024-10-22T14:42:48.135+0000] {logging_mixin.py:188} INFO - [2024-10-22T14:42:48.135+0000] {dag.py:3089} INFO - Sync 1 DAGs
[2024-10-22T14:42:48.153+0000] {logging_mixin.py:188} INFO - [2024-10-22T14:42:48.152+0000] {dag.py:3947} INFO - Setting next_dagrun for example_short_circuit_decorator to 2024-10-21 00:00:00+00:00, run_after=2024-10-22 00:00:00+00:00
[2024-10-22T14:42:48.164+0000] {processor.py:183} INFO - Processing /home/airflow/.local/lib/python3.12/site-packages/airflow/example_dags/example_short_circuit_decorator.py took 0.052 seconds
[2024-10-22T14:43:19.086+0000] {processor.py:161} INFO - Started process (PID=552) to work on /home/airflow/.local/lib/python3.12/site-packages/airflow/example_dags/example_short_circuit_decorator.py
[2024-10-22T14:43:19.087+0000] {processor.py:830} INFO - Processing file /home/airflow/.local/lib/python3.12/site-packages/airflow/example_dags/example_short_circuit_decorator.py for tasks to queue
[2024-10-22T14:43:19.088+0000] {logging_mixin.py:188} INFO - [2024-10-22T14:43:19.088+0000] {dagbag.py:545} INFO - Filling up the DagBag from /home/airflow/.local/lib/python3.12/site-packages/airflow/example_dags/example_short_circuit_decorator.py
[2024-10-22T14:43:19.094+0000] {processor.py:840} INFO - DAG(s) 'example_short_circuit_decorator' retrieved from /home/airflow/.local/lib/python3.12/site-packages/airflow/example_dags/example_short_circuit_decorator.py
[2024-10-22T14:43:19.166+0000] {logging_mixin.py:188} INFO - [2024-10-22T14:43:19.166+0000] {dag.py:3089} INFO - Sync 1 DAGs
[2024-10-22T14:43:19.181+0000] {logging_mixin.py:188} INFO - [2024-10-22T14:43:19.181+0000] {dag.py:3947} INFO - Setting next_dagrun for example_short_circuit_decorator to 2024-10-21 00:00:00+00:00, run_after=2024-10-22 00:00:00+00:00
[2024-10-22T14:43:19.194+0000] {processor.py:183} INFO - Processing /home/airflow/.local/lib/python3.12/site-packages/airflow/example_dags/example_short_circuit_decorator.py took 0.112 seconds
[2024-10-22T14:43:49.294+0000] {processor.py:161} INFO - Started process (PID=824) to work on /home/airflow/.local/lib/python3.12/site-packages/airflow/example_dags/example_short_circuit_decorator.py
[2024-10-22T14:43:49.295+0000] {processor.py:830} INFO - Processing file /home/airflow/.local/lib/python3.12/site-packages/airflow/example_dags/example_short_circuit_decorator.py for tasks to queue
[2024-10-22T14:43:49.296+0000] {logging_mixin.py:188} INFO - [2024-10-22T14:43:49.296+0000] {dagbag.py:545} INFO - Filling up the DagBag from /home/airflow/.local/lib/python3.12/site-packages/airflow/example_dags/example_short_circuit_decorator.py
[2024-10-22T14:43:49.302+0000] {processor.py:840} INFO - DAG(s) 'example_short_circuit_decorator' retrieved from /home/airflow/.local/lib/python3.12/site-packages/airflow/example_dags/example_short_circuit_decorator.py
[2024-10-22T14:43:49.317+0000] {logging_mixin.py:188} INFO - [2024-10-22T14:43:49.316+0000] {dag.py:3089} INFO - Sync 1 DAGs
[2024-10-22T14:43:49.330+0000] {logging_mixin.py:188} INFO - [2024-10-22T14:43:49.330+0000] {dag.py:3947} INFO - Setting next_dagrun for example_short_circuit_decorator to 2024-10-21 00:00:00+00:00, run_after=2024-10-22 00:00:00+00:00
[2024-10-22T14:43:49.344+0000] {processor.py:183} INFO - Processing /home/airflow/.local/lib/python3.12/site-packages/airflow/example_dags/example_short_circuit_decorator.py took 0.053 seconds
[2024-10-22T14:44:19.425+0000] {processor.py:161} INFO - Started process (PID=1089) to work on /home/airflow/.local/lib/python3.12/site-packages/airflow/example_dags/example_short_circuit_decorator.py
[2024-10-22T14:44:19.426+0000] {processor.py:830} INFO - Processing file /home/airflow/.local/lib/python3.12/site-packages/airflow/example_dags/example_short_circuit_decorator.py for tasks to queue
[2024-10-22T14:44:19.427+0000] {logging_mixin.py:188} INFO - [2024-10-22T14:44:19.427+0000] {dagbag.py:545} INFO - Filling up the DagBag from /home/airflow/.local/lib/python3.12/site-packages/airflow/example_dags/example_short_circuit_decorator.py
[2024-10-22T14:44:19.433+0000] {processor.py:840} INFO - DAG(s) 'example_short_circuit_decorator' retrieved from /home/airflow/.local/lib/python3.12/site-packages/airflow/example_dags/example_short_circuit_decorator.py
[2024-10-22T14:44:19.450+0000] {logging_mixin.py:188} INFO - [2024-10-22T14:44:19.449+0000] {dag.py:3089} INFO - Sync 1 DAGs
[2024-10-22T14:44:19.464+0000] {logging_mixin.py:188} INFO - [2024-10-22T14:44:19.464+0000] {dag.py:3947} INFO - Setting next_dagrun for example_short_circuit_decorator to 2024-10-21 00:00:00+00:00, run_after=2024-10-22 00:00:00+00:00
[2024-10-22T14:44:19.477+0000] {processor.py:183} INFO - Processing /home/airflow/.local/lib/python3.12/site-packages/airflow/example_dags/example_short_circuit_decorator.py took 0.056 seconds
[2024-10-22T14:44:49.642+0000] {processor.py:161} INFO - Started process (PID=1356) to work on /home/airflow/.local/lib/python3.12/site-packages/airflow/example_dags/example_short_circuit_decorator.py
[2024-10-22T14:44:49.643+0000] {processor.py:830} INFO - Processing file /home/airflow/.local/lib/python3.12/site-packages/airflow/example_dags/example_short_circuit_decorator.py for tasks to queue
[2024-10-22T14:44:49.644+0000] {logging_mixin.py:188} INFO - [2024-10-22T14:44:49.644+0000] {dagbag.py:545} INFO - Filling up the DagBag from /home/airflow/.local/lib/python3.12/site-packages/airflow/example_dags/example_short_circuit_decorator.py
[2024-10-22T14:44:49.650+0000] {processor.py:840} INFO - DAG(s) 'example_short_circuit_decorator' retrieved from /home/airflow/.local/lib/python3.12/site-packages/airflow/example_dags/example_short_circuit_decorator.py
[2024-10-22T14:44:49.666+0000] {logging_mixin.py:188} INFO - [2024-10-22T14:44:49.666+0000] {dag.py:3089} INFO - Sync 1 DAGs
[2024-10-22T14:44:49.680+0000] {logging_mixin.py:188} INFO - [2024-10-22T14:44:49.680+0000] {dag.py:3947} INFO - Setting next_dagrun for example_short_circuit_decorator to 2024-10-21 00:00:00+00:00, run_after=2024-10-22 00:00:00+00:00
[2024-10-22T14:44:49.693+0000] {processor.py:183} INFO - Processing /home/airflow/.local/lib/python3.12/site-packages/airflow/example_dags/example_short_circuit_decorator.py took 0.055 seconds
[2024-10-22T14:45:20.156+0000] {processor.py:161} INFO - Started process (PID=1623) to work on /home/airflow/.local/lib/python3.12/site-packages/airflow/example_dags/example_short_circuit_decorator.py
[2024-10-22T14:45:20.157+0000] {processor.py:830} INFO - Processing file /home/airflow/.local/lib/python3.12/site-packages/airflow/example_dags/example_short_circuit_decorator.py for tasks to queue
[2024-10-22T14:45:20.158+0000] {logging_mixin.py:188} INFO - [2024-10-22T14:45:20.158+0000] {dagbag.py:545} INFO - Filling up the DagBag from /home/airflow/.local/lib/python3.12/site-packages/airflow/example_dags/example_short_circuit_decorator.py
[2024-10-22T14:45:20.165+0000] {processor.py:840} INFO - DAG(s) 'example_short_circuit_decorator' retrieved from /home/airflow/.local/lib/python3.12/site-packages/airflow/example_dags/example_short_circuit_decorator.py
[2024-10-22T14:45:20.181+0000] {logging_mixin.py:188} INFO - [2024-10-22T14:45:20.181+0000] {dag.py:3089} INFO - Sync 1 DAGs
[2024-10-22T14:45:20.197+0000] {logging_mixin.py:188} INFO - [2024-10-22T14:45:20.197+0000] {dag.py:3947} INFO - Setting next_dagrun for example_short_circuit_decorator to 2024-10-21 00:00:00+00:00, run_after=2024-10-22 00:00:00+00:00
[2024-10-22T14:45:20.212+0000] {processor.py:183} INFO - Processing /home/airflow/.local/lib/python3.12/site-packages/airflow/example_dags/example_short_circuit_decorator.py took 0.060 seconds
[2024-10-22T14:45:50.578+0000] {processor.py:161} INFO - Started process (PID=1890) to work on /home/airflow/.local/lib/python3.12/site-packages/airflow/example_dags/example_short_circuit_decorator.py
[2024-10-22T14:45:50.579+0000] {processor.py:830} INFO - Processing file /home/airflow/.local/lib/python3.12/site-packages/airflow/example_dags/example_short_circuit_decorator.py for tasks to queue
[2024-10-22T14:45:50.580+0000] {logging_mixin.py:188} INFO - [2024-10-22T14:45:50.580+0000] {dagbag.py:545} INFO - Filling up the DagBag from /home/airflow/.local/lib/python3.12/site-packages/airflow/example_dags/example_short_circuit_decorator.py
[2024-10-22T14:45:50.587+0000] {processor.py:840} INFO - DAG(s) 'example_short_circuit_decorator' retrieved from /home/airflow/.local/lib/python3.12/site-packages/airflow/example_dags/example_short_circuit_decorator.py
[2024-10-22T14:45:50.605+0000] {logging_mixin.py:188} INFO - [2024-10-22T14:45:50.604+0000] {dag.py:3089} INFO - Sync 1 DAGs
[2024-10-22T14:45:50.622+0000] {logging_mixin.py:188} INFO - [2024-10-22T14:45:50.621+0000] {dag.py:3947} INFO - Setting next_dagrun for example_short_circuit_decorator to 2024-10-21 00:00:00+00:00, run_after=2024-10-22 00:00:00+00:00
[2024-10-22T14:45:50.635+0000] {processor.py:183} INFO - Processing /home/airflow/.local/lib/python3.12/site-packages/airflow/example_dags/example_short_circuit_decorator.py took 0.062 seconds
[2024-10-22T14:46:21.355+0000] {processor.py:161} INFO - Started process (PID=2157) to work on /home/airflow/.local/lib/python3.12/site-packages/airflow/example_dags/example_short_circuit_decorator.py
[2024-10-22T14:46:21.356+0000] {processor.py:830} INFO - Processing file /home/airflow/.local/lib/python3.12/site-packages/airflow/example_dags/example_short_circuit_decorator.py for tasks to queue
[2024-10-22T14:46:21.358+0000] {logging_mixin.py:188} INFO - [2024-10-22T14:46:21.358+0000] {dagbag.py:545} INFO - Filling up the DagBag from /home/airflow/.local/lib/python3.12/site-packages/airflow/example_dags/example_short_circuit_decorator.py
[2024-10-22T14:46:21.367+0000] {processor.py:840} INFO - DAG(s) 'example_short_circuit_decorator' retrieved from /home/airflow/.local/lib/python3.12/site-packages/airflow/example_dags/example_short_circuit_decorator.py
[2024-10-22T14:46:21.389+0000] {logging_mixin.py:188} INFO - [2024-10-22T14:46:21.389+0000] {dag.py:3089} INFO - Sync 1 DAGs
[2024-10-22T14:46:21.414+0000] {logging_mixin.py:188} INFO - [2024-10-22T14:46:21.414+0000] {dag.py:3947} INFO - Setting next_dagrun for example_short_circuit_decorator to 2024-10-21 00:00:00+00:00, run_after=2024-10-22 00:00:00+00:00
[2024-10-22T14:46:21.436+0000] {processor.py:183} INFO - Processing /home/airflow/.local/lib/python3.12/site-packages/airflow/example_dags/example_short_circuit_decorator.py took 0.089 seconds
[2024-10-22T14:46:52.397+0000] {processor.py:161} INFO - Started process (PID=2427) to work on /home/airflow/.local/lib/python3.12/site-packages/airflow/example_dags/example_short_circuit_decorator.py
[2024-10-22T14:46:52.398+0000] {processor.py:830} INFO - Processing file /home/airflow/.local/lib/python3.12/site-packages/airflow/example_dags/example_short_circuit_decorator.py for tasks to queue
[2024-10-22T14:46:52.399+0000] {logging_mixin.py:188} INFO - [2024-10-22T14:46:52.399+0000] {dagbag.py:545} INFO - Filling up the DagBag from /home/airflow/.local/lib/python3.12/site-packages/airflow/example_dags/example_short_circuit_decorator.py
[2024-10-22T14:46:52.406+0000] {processor.py:840} INFO - DAG(s) 'example_short_circuit_decorator' retrieved from /home/airflow/.local/lib/python3.12/site-packages/airflow/example_dags/example_short_circuit_decorator.py
[2024-10-22T14:46:52.421+0000] {logging_mixin.py:188} INFO - [2024-10-22T14:46:52.421+0000] {dag.py:3089} INFO - Sync 1 DAGs
[2024-10-22T14:46:52.437+0000] {logging_mixin.py:188} INFO - [2024-10-22T14:46:52.437+0000] {dag.py:3947} INFO - Setting next_dagrun for example_short_circuit_decorator to 2024-10-21 00:00:00+00:00, run_after=2024-10-22 00:00:00+00:00
[2024-10-22T14:46:52.448+0000] {processor.py:183} INFO - Processing /home/airflow/.local/lib/python3.12/site-packages/airflow/example_dags/example_short_circuit_decorator.py took 0.055 seconds
[2024-10-22T14:47:22.741+0000] {processor.py:161} INFO - Started process (PID=2696) to work on /home/airflow/.local/lib/python3.12/site-packages/airflow/example_dags/example_short_circuit_decorator.py
[2024-10-22T14:47:22.742+0000] {processor.py:830} INFO - Processing file /home/airflow/.local/lib/python3.12/site-packages/airflow/example_dags/example_short_circuit_decorator.py for tasks to queue
[2024-10-22T14:47:22.743+0000] {logging_mixin.py:188} INFO - [2024-10-22T14:47:22.743+0000] {dagbag.py:545} INFO - Filling up the DagBag from /home/airflow/.local/lib/python3.12/site-packages/airflow/example_dags/example_short_circuit_decorator.py
[2024-10-22T14:47:22.749+0000] {processor.py:840} INFO - DAG(s) 'example_short_circuit_decorator' retrieved from /home/airflow/.local/lib/python3.12/site-packages/airflow/example_dags/example_short_circuit_decorator.py
[2024-10-22T14:47:22.764+0000] {logging_mixin.py:188} INFO - [2024-10-22T14:47:22.764+0000] {dag.py:3089} INFO - Sync 1 DAGs
[2024-10-22T14:47:22.778+0000] {logging_mixin.py:188} INFO - [2024-10-22T14:47:22.778+0000] {dag.py:3947} INFO - Setting next_dagrun for example_short_circuit_decorator to 2024-10-21 00:00:00+00:00, run_after=2024-10-22 00:00:00+00:00
[2024-10-22T14:47:22.790+0000] {processor.py:183} INFO - Processing /home/airflow/.local/lib/python3.12/site-packages/airflow/example_dags/example_short_circuit_decorator.py took 0.053 seconds
[2024-10-22T14:47:52.969+0000] {processor.py:161} INFO - Started process (PID=2961) to work on /home/airflow/.local/lib/python3.12/site-packages/airflow/example_dags/example_short_circuit_decorator.py
[2024-10-22T14:47:52.969+0000] {processor.py:830} INFO - Processing file /home/airflow/.local/lib/python3.12/site-packages/airflow/example_dags/example_short_circuit_decorator.py for tasks to queue
[2024-10-22T14:47:52.971+0000] {logging_mixin.py:188} INFO - [2024-10-22T14:47:52.971+0000] {dagbag.py:545} INFO - Filling up the DagBag from /home/airflow/.local/lib/python3.12/site-packages/airflow/example_dags/example_short_circuit_decorator.py
[2024-10-22T14:47:52.977+0000] {processor.py:840} INFO - DAG(s) 'example_short_circuit_decorator' retrieved from /home/airflow/.local/lib/python3.12/site-packages/airflow/example_dags/example_short_circuit_decorator.py
[2024-10-22T14:47:52.994+0000] {logging_mixin.py:188} INFO - [2024-10-22T14:47:52.994+0000] {dag.py:3089} INFO - Sync 1 DAGs
[2024-10-22T14:47:53.011+0000] {logging_mixin.py:188} INFO - [2024-10-22T14:47:53.011+0000] {dag.py:3947} INFO - Setting next_dagrun for example_short_circuit_decorator to 2024-10-21 00:00:00+00:00, run_after=2024-10-22 00:00:00+00:00
[2024-10-22T14:47:53.027+0000] {processor.py:183} INFO - Processing /home/airflow/.local/lib/python3.12/site-packages/airflow/example_dags/example_short_circuit_decorator.py took 0.062 seconds
[2024-10-22T14:48:23.259+0000] {processor.py:161} INFO - Started process (PID=3228) to work on /home/airflow/.local/lib/python3.12/site-packages/airflow/example_dags/example_short_circuit_decorator.py
[2024-10-22T14:48:23.260+0000] {processor.py:830} INFO - Processing file /home/airflow/.local/lib/python3.12/site-packages/airflow/example_dags/example_short_circuit_decorator.py for tasks to queue
[2024-10-22T14:48:23.261+0000] {logging_mixin.py:188} INFO - [2024-10-22T14:48:23.261+0000] {dagbag.py:545} INFO - Filling up the DagBag from /home/airflow/.local/lib/python3.12/site-packages/airflow/example_dags/example_short_circuit_decorator.py
[2024-10-22T14:48:23.267+0000] {processor.py:840} INFO - DAG(s) 'example_short_circuit_decorator' retrieved from /home/airflow/.local/lib/python3.12/site-packages/airflow/example_dags/example_short_circuit_decorator.py
[2024-10-22T14:48:23.283+0000] {logging_mixin.py:188} INFO - [2024-10-22T14:48:23.283+0000] {dag.py:3089} INFO - Sync 1 DAGs
[2024-10-22T14:48:23.297+0000] {logging_mixin.py:188} INFO - [2024-10-22T14:48:23.297+0000] {dag.py:3947} INFO - Setting next_dagrun for example_short_circuit_decorator to 2024-10-21 00:00:00+00:00, run_after=2024-10-22 00:00:00+00:00
[2024-10-22T14:48:23.310+0000] {processor.py:183} INFO - Processing /home/airflow/.local/lib/python3.12/site-packages/airflow/example_dags/example_short_circuit_decorator.py took 0.055 seconds
[2024-10-22T14:48:53.633+0000] {processor.py:161} INFO - Started process (PID=3490) to work on /home/airflow/.local/lib/python3.12/site-packages/airflow/example_dags/example_short_circuit_decorator.py
[2024-10-22T14:48:53.634+0000] {processor.py:830} INFO - Processing file /home/airflow/.local/lib/python3.12/site-packages/airflow/example_dags/example_short_circuit_decorator.py for tasks to queue
[2024-10-22T14:48:53.635+0000] {logging_mixin.py:188} INFO - [2024-10-22T14:48:53.635+0000] {dagbag.py:545} INFO - Filling up the DagBag from /home/airflow/.local/lib/python3.12/site-packages/airflow/example_dags/example_short_circuit_decorator.py
[2024-10-22T14:48:53.642+0000] {processor.py:840} INFO - DAG(s) 'example_short_circuit_decorator' retrieved from /home/airflow/.local/lib/python3.12/site-packages/airflow/example_dags/example_short_circuit_decorator.py
[2024-10-22T14:48:53.656+0000] {logging_mixin.py:188} INFO - [2024-10-22T14:48:53.656+0000] {dag.py:3089} INFO - Sync 1 DAGs
[2024-10-22T14:48:53.670+0000] {logging_mixin.py:188} INFO - [2024-10-22T14:48:53.670+0000] {dag.py:3947} INFO - Setting next_dagrun for example_short_circuit_decorator to 2024-10-21 00:00:00+00:00, run_after=2024-10-22 00:00:00+00:00
[2024-10-22T14:48:53.683+0000] {processor.py:183} INFO - Processing /home/airflow/.local/lib/python3.12/site-packages/airflow/example_dags/example_short_circuit_decorator.py took 0.053 seconds
[2024-10-22T14:49:24.020+0000] {processor.py:161} INFO - Started process (PID=3757) to work on /home/airflow/.local/lib/python3.12/site-packages/airflow/example_dags/example_short_circuit_decorator.py
[2024-10-22T14:49:24.021+0000] {processor.py:830} INFO - Processing file /home/airflow/.local/lib/python3.12/site-packages/airflow/example_dags/example_short_circuit_decorator.py for tasks to queue
[2024-10-22T14:49:24.022+0000] {logging_mixin.py:188} INFO - [2024-10-22T14:49:24.022+0000] {dagbag.py:545} INFO - Filling up the DagBag from /home/airflow/.local/lib/python3.12/site-packages/airflow/example_dags/example_short_circuit_decorator.py
[2024-10-22T14:49:24.028+0000] {processor.py:840} INFO - DAG(s) 'example_short_circuit_decorator' retrieved from /home/airflow/.local/lib/python3.12/site-packages/airflow/example_dags/example_short_circuit_decorator.py
[2024-10-22T14:49:24.044+0000] {logging_mixin.py:188} INFO - [2024-10-22T14:49:24.044+0000] {dag.py:3089} INFO - Sync 1 DAGs
[2024-10-22T14:49:24.058+0000] {logging_mixin.py:188} INFO - [2024-10-22T14:49:24.058+0000] {dag.py:3947} INFO - Setting next_dagrun for example_short_circuit_decorator to 2024-10-21 00:00:00+00:00, run_after=2024-10-22 00:00:00+00:00
[2024-10-22T14:49:24.071+0000] {processor.py:183} INFO - Processing /home/airflow/.local/lib/python3.12/site-packages/airflow/example_dags/example_short_circuit_decorator.py took 0.054 seconds
[2024-10-22T14:49:54.338+0000] {processor.py:161} INFO - Started process (PID=4024) to work on /home/airflow/.local/lib/python3.12/site-packages/airflow/example_dags/example_short_circuit_decorator.py
[2024-10-22T14:49:54.339+0000] {processor.py:830} INFO - Processing file /home/airflow/.local/lib/python3.12/site-packages/airflow/example_dags/example_short_circuit_decorator.py for tasks to queue
[2024-10-22T14:49:54.340+0000] {logging_mixin.py:188} INFO - [2024-10-22T14:49:54.340+0000] {dagbag.py:545} INFO - Filling up the DagBag from /home/airflow/.local/lib/python3.12/site-packages/airflow/example_dags/example_short_circuit_decorator.py
[2024-10-22T14:49:54.346+0000] {processor.py:840} INFO - DAG(s) 'example_short_circuit_decorator' retrieved from /home/airflow/.local/lib/python3.12/site-packages/airflow/example_dags/example_short_circuit_decorator.py
[2024-10-22T14:49:54.361+0000] {logging_mixin.py:188} INFO - [2024-10-22T14:49:54.361+0000] {dag.py:3089} INFO - Sync 1 DAGs
[2024-10-22T14:49:54.375+0000] {logging_mixin.py:188} INFO - [2024-10-22T14:49:54.375+0000] {dag.py:3947} INFO - Setting next_dagrun for example_short_circuit_decorator to 2024-10-21 00:00:00+00:00, run_after=2024-10-22 00:00:00+00:00
[2024-10-22T14:49:54.387+0000] {processor.py:183} INFO - Processing /home/airflow/.local/lib/python3.12/site-packages/airflow/example_dags/example_short_circuit_decorator.py took 0.053 seconds
[2024-10-22T14:50:24.669+0000] {processor.py:161} INFO - Started process (PID=4291) to work on /home/airflow/.local/lib/python3.12/site-packages/airflow/example_dags/example_short_circuit_decorator.py
[2024-10-22T14:50:24.670+0000] {processor.py:830} INFO - Processing file /home/airflow/.local/lib/python3.12/site-packages/airflow/example_dags/example_short_circuit_decorator.py for tasks to queue
[2024-10-22T14:50:24.671+0000] {logging_mixin.py:188} INFO - [2024-10-22T14:50:24.671+0000] {dagbag.py:545} INFO - Filling up the DagBag from /home/airflow/.local/lib/python3.12/site-packages/airflow/example_dags/example_short_circuit_decorator.py
[2024-10-22T14:50:24.678+0000] {processor.py:840} INFO - DAG(s) 'example_short_circuit_decorator' retrieved from /home/airflow/.local/lib/python3.12/site-packages/airflow/example_dags/example_short_circuit_decorator.py
[2024-10-22T14:50:24.697+0000] {logging_mixin.py:188} INFO - [2024-10-22T14:50:24.697+0000] {dag.py:3089} INFO - Sync 1 DAGs
[2024-10-22T14:50:24.711+0000] {logging_mixin.py:188} INFO - [2024-10-22T14:50:24.711+0000] {dag.py:3947} INFO - Setting next_dagrun for example_short_circuit_decorator to 2024-10-21 00:00:00+00:00, run_after=2024-10-22 00:00:00+00:00
[2024-10-22T14:50:24.724+0000] {processor.py:183} INFO - Processing /home/airflow/.local/lib/python3.12/site-packages/airflow/example_dags/example_short_circuit_decorator.py took 0.059 seconds
[2024-10-22T14:50:55.106+0000] {processor.py:161} INFO - Started process (PID=4558) to work on /home/airflow/.local/lib/python3.12/site-packages/airflow/example_dags/example_short_circuit_decorator.py
[2024-10-22T14:50:55.107+0000] {processor.py:830} INFO - Processing file /home/airflow/.local/lib/python3.12/site-packages/airflow/example_dags/example_short_circuit_decorator.py for tasks to queue
[2024-10-22T14:50:55.108+0000] {logging_mixin.py:188} INFO - [2024-10-22T14:50:55.108+0000] {dagbag.py:545} INFO - Filling up the DagBag from /home/airflow/.local/lib/python3.12/site-packages/airflow/example_dags/example_short_circuit_decorator.py
[2024-10-22T14:50:55.115+0000] {processor.py:840} INFO - DAG(s) 'example_short_circuit_decorator' retrieved from /home/airflow/.local/lib/python3.12/site-packages/airflow/example_dags/example_short_circuit_decorator.py
[2024-10-22T14:50:55.130+0000] {logging_mixin.py:188} INFO - [2024-10-22T14:50:55.130+0000] {dag.py:3089} INFO - Sync 1 DAGs
[2024-10-22T14:50:55.145+0000] {logging_mixin.py:188} INFO - [2024-10-22T14:50:55.145+0000] {dag.py:3947} INFO - Setting next_dagrun for example_short_circuit_decorator to 2024-10-21 00:00:00+00:00, run_after=2024-10-22 00:00:00+00:00
[2024-10-22T14:50:55.158+0000] {processor.py:183} INFO - Processing /home/airflow/.local/lib/python3.12/site-packages/airflow/example_dags/example_short_circuit_decorator.py took 0.056 seconds
[2024-10-22T14:51:25.543+0000] {processor.py:161} INFO - Started process (PID=4825) to work on /home/airflow/.local/lib/python3.12/site-packages/airflow/example_dags/example_short_circuit_decorator.py
[2024-10-22T14:51:25.544+0000] {processor.py:830} INFO - Processing file /home/airflow/.local/lib/python3.12/site-packages/airflow/example_dags/example_short_circuit_decorator.py for tasks to queue
[2024-10-22T14:51:25.546+0000] {logging_mixin.py:188} INFO - [2024-10-22T14:51:25.545+0000] {dagbag.py:545} INFO - Filling up the DagBag from /home/airflow/.local/lib/python3.12/site-packages/airflow/example_dags/example_short_circuit_decorator.py
[2024-10-22T14:51:25.552+0000] {processor.py:840} INFO - DAG(s) 'example_short_circuit_decorator' retrieved from /home/airflow/.local/lib/python3.12/site-packages/airflow/example_dags/example_short_circuit_decorator.py
[2024-10-22T14:51:25.572+0000] {logging_mixin.py:188} INFO - [2024-10-22T14:51:25.572+0000] {dag.py:3089} INFO - Sync 1 DAGs
[2024-10-22T14:51:25.587+0000] {logging_mixin.py:188} INFO - [2024-10-22T14:51:25.587+0000] {dag.py:3947} INFO - Setting next_dagrun for example_short_circuit_decorator to 2024-10-21 00:00:00+00:00, run_after=2024-10-22 00:00:00+00:00
[2024-10-22T14:51:25.601+0000] {processor.py:183} INFO - Processing /home/airflow/.local/lib/python3.12/site-packages/airflow/example_dags/example_short_circuit_decorator.py took 0.061 seconds
[2024-10-22T14:51:55.981+0000] {processor.py:161} INFO - Started process (PID=5092) to work on /home/airflow/.local/lib/python3.12/site-packages/airflow/example_dags/example_short_circuit_decorator.py
[2024-10-22T14:51:55.981+0000] {processor.py:830} INFO - Processing file /home/airflow/.local/lib/python3.12/site-packages/airflow/example_dags/example_short_circuit_decorator.py for tasks to queue
[2024-10-22T14:51:55.983+0000] {logging_mixin.py:188} INFO - [2024-10-22T14:51:55.982+0000] {dagbag.py:545} INFO - Filling up the DagBag from /home/airflow/.local/lib/python3.12/site-packages/airflow/example_dags/example_short_circuit_decorator.py
[2024-10-22T14:51:55.988+0000] {processor.py:840} INFO - DAG(s) 'example_short_circuit_decorator' retrieved from /home/airflow/.local/lib/python3.12/site-packages/airflow/example_dags/example_short_circuit_decorator.py
[2024-10-22T14:51:56.004+0000] {logging_mixin.py:188} INFO - [2024-10-22T14:51:56.004+0000] {dag.py:3089} INFO - Sync 1 DAGs
[2024-10-22T14:51:56.018+0000] {logging_mixin.py:188} INFO - [2024-10-22T14:51:56.018+0000] {dag.py:3947} INFO - Setting next_dagrun for example_short_circuit_decorator to 2024-10-21 00:00:00+00:00, run_after=2024-10-22 00:00:00+00:00
[2024-10-22T14:51:56.030+0000] {processor.py:183} INFO - Processing /home/airflow/.local/lib/python3.12/site-packages/airflow/example_dags/example_short_circuit_decorator.py took 0.053 seconds
[2024-10-22T14:52:26.347+0000] {processor.py:161} INFO - Started process (PID=5359) to work on /home/airflow/.local/lib/python3.12/site-packages/airflow/example_dags/example_short_circuit_decorator.py
[2024-10-22T14:52:26.348+0000] {processor.py:830} INFO - Processing file /home/airflow/.local/lib/python3.12/site-packages/airflow/example_dags/example_short_circuit_decorator.py for tasks to queue
[2024-10-22T14:52:26.349+0000] {logging_mixin.py:188} INFO - [2024-10-22T14:52:26.349+0000] {dagbag.py:545} INFO - Filling up the DagBag from /home/airflow/.local/lib/python3.12/site-packages/airflow/example_dags/example_short_circuit_decorator.py
[2024-10-22T14:52:26.355+0000] {processor.py:840} INFO - DAG(s) 'example_short_circuit_decorator' retrieved from /home/airflow/.local/lib/python3.12/site-packages/airflow/example_dags/example_short_circuit_decorator.py
[2024-10-22T14:52:26.373+0000] {logging_mixin.py:188} INFO - [2024-10-22T14:52:26.373+0000] {dag.py:3089} INFO - Sync 1 DAGs
[2024-10-22T14:52:26.387+0000] {logging_mixin.py:188} INFO - [2024-10-22T14:52:26.387+0000] {dag.py:3947} INFO - Setting next_dagrun for example_short_circuit_decorator to 2024-10-21 00:00:00+00:00, run_after=2024-10-22 00:00:00+00:00
[2024-10-22T14:52:26.402+0000] {processor.py:183} INFO - Processing /home/airflow/.local/lib/python3.12/site-packages/airflow/example_dags/example_short_circuit_decorator.py took 0.059 seconds
[2024-10-22T14:52:56.697+0000] {processor.py:161} INFO - Started process (PID=5629) to work on /home/airflow/.local/lib/python3.12/site-packages/airflow/example_dags/example_short_circuit_decorator.py
[2024-10-22T14:52:56.697+0000] {processor.py:830} INFO - Processing file /home/airflow/.local/lib/python3.12/site-packages/airflow/example_dags/example_short_circuit_decorator.py for tasks to queue
[2024-10-22T14:52:56.699+0000] {logging_mixin.py:188} INFO - [2024-10-22T14:52:56.698+0000] {dagbag.py:545} INFO - Filling up the DagBag from /home/airflow/.local/lib/python3.12/site-packages/airflow/example_dags/example_short_circuit_decorator.py
[2024-10-22T14:52:56.705+0000] {processor.py:840} INFO - DAG(s) 'example_short_circuit_decorator' retrieved from /home/airflow/.local/lib/python3.12/site-packages/airflow/example_dags/example_short_circuit_decorator.py
[2024-10-22T14:52:56.719+0000] {logging_mixin.py:188} INFO - [2024-10-22T14:52:56.719+0000] {dag.py:3089} INFO - Sync 1 DAGs
[2024-10-22T14:52:56.735+0000] {logging_mixin.py:188} INFO - [2024-10-22T14:52:56.735+0000] {dag.py:3947} INFO - Setting next_dagrun for example_short_circuit_decorator to 2024-10-21 00:00:00+00:00, run_after=2024-10-22 00:00:00+00:00
[2024-10-22T14:52:56.747+0000] {processor.py:183} INFO - Processing /home/airflow/.local/lib/python3.12/site-packages/airflow/example_dags/example_short_circuit_decorator.py took 0.054 seconds
[2024-10-22T14:53:27.000+0000] {processor.py:161} INFO - Started process (PID=5896) to work on /home/airflow/.local/lib/python3.12/site-packages/airflow/example_dags/example_short_circuit_decorator.py
[2024-10-22T14:53:27.001+0000] {processor.py:830} INFO - Processing file /home/airflow/.local/lib/python3.12/site-packages/airflow/example_dags/example_short_circuit_decorator.py for tasks to queue
[2024-10-22T14:53:27.002+0000] {logging_mixin.py:188} INFO - [2024-10-22T14:53:27.002+0000] {dagbag.py:545} INFO - Filling up the DagBag from /home/airflow/.local/lib/python3.12/site-packages/airflow/example_dags/example_short_circuit_decorator.py
[2024-10-22T14:53:27.008+0000] {processor.py:840} INFO - DAG(s) 'example_short_circuit_decorator' retrieved from /home/airflow/.local/lib/python3.12/site-packages/airflow/example_dags/example_short_circuit_decorator.py
[2024-10-22T14:53:27.024+0000] {logging_mixin.py:188} INFO - [2024-10-22T14:53:27.024+0000] {dag.py:3089} INFO - Sync 1 DAGs
[2024-10-22T14:53:27.038+0000] {logging_mixin.py:188} INFO - [2024-10-22T14:53:27.038+0000] {dag.py:3947} INFO - Setting next_dagrun for example_short_circuit_decorator to 2024-10-21 00:00:00+00:00, run_after=2024-10-22 00:00:00+00:00
[2024-10-22T14:53:27.051+0000] {processor.py:183} INFO - Processing /home/airflow/.local/lib/python3.12/site-packages/airflow/example_dags/example_short_circuit_decorator.py took 0.054 seconds
[2024-10-22T14:53:57.456+0000] {processor.py:161} INFO - Started process (PID=6163) to work on /home/airflow/.local/lib/python3.12/site-packages/airflow/example_dags/example_short_circuit_decorator.py
[2024-10-22T14:53:57.456+0000] {processor.py:830} INFO - Processing file /home/airflow/.local/lib/python3.12/site-packages/airflow/example_dags/example_short_circuit_decorator.py for tasks to queue
[2024-10-22T14:53:57.458+0000] {logging_mixin.py:188} INFO - [2024-10-22T14:53:57.457+0000] {dagbag.py:545} INFO - Filling up the DagBag from /home/airflow/.local/lib/python3.12/site-packages/airflow/example_dags/example_short_circuit_decorator.py
[2024-10-22T14:53:57.464+0000] {processor.py:840} INFO - DAG(s) 'example_short_circuit_decorator' retrieved from /home/airflow/.local/lib/python3.12/site-packages/airflow/example_dags/example_short_circuit_decorator.py
[2024-10-22T14:53:57.479+0000] {logging_mixin.py:188} INFO - [2024-10-22T14:53:57.478+0000] {dag.py:3089} INFO - Sync 1 DAGs
[2024-10-22T14:53:57.492+0000] {logging_mixin.py:188} INFO - [2024-10-22T14:53:57.492+0000] {dag.py:3947} INFO - Setting next_dagrun for example_short_circuit_decorator to 2024-10-21 00:00:00+00:00, run_after=2024-10-22 00:00:00+00:00
[2024-10-22T14:53:57.505+0000] {processor.py:183} INFO - Processing /home/airflow/.local/lib/python3.12/site-packages/airflow/example_dags/example_short_circuit_decorator.py took 0.053 seconds
[2024-10-22T14:54:27.780+0000] {processor.py:161} INFO - Started process (PID=6430) to work on /home/airflow/.local/lib/python3.12/site-packages/airflow/example_dags/example_short_circuit_decorator.py
[2024-10-22T14:54:27.781+0000] {processor.py:830} INFO - Processing file /home/airflow/.local/lib/python3.12/site-packages/airflow/example_dags/example_short_circuit_decorator.py for tasks to queue
[2024-10-22T14:54:27.782+0000] {logging_mixin.py:188} INFO - [2024-10-22T14:54:27.782+0000] {dagbag.py:545} INFO - Filling up the DagBag from /home/airflow/.local/lib/python3.12/site-packages/airflow/example_dags/example_short_circuit_decorator.py
[2024-10-22T14:54:27.788+0000] {processor.py:840} INFO - DAG(s) 'example_short_circuit_decorator' retrieved from /home/airflow/.local/lib/python3.12/site-packages/airflow/example_dags/example_short_circuit_decorator.py
[2024-10-22T14:54:27.804+0000] {logging_mixin.py:188} INFO - [2024-10-22T14:54:27.804+0000] {dag.py:3089} INFO - Sync 1 DAGs
[2024-10-22T14:54:27.819+0000] {logging_mixin.py:188} INFO - [2024-10-22T14:54:27.819+0000] {dag.py:3947} INFO - Setting next_dagrun for example_short_circuit_decorator to 2024-10-21 00:00:00+00:00, run_after=2024-10-22 00:00:00+00:00
[2024-10-22T14:54:27.831+0000] {processor.py:183} INFO - Processing /home/airflow/.local/lib/python3.12/site-packages/airflow/example_dags/example_short_circuit_decorator.py took 0.055 seconds
[2024-10-22T14:54:58.443+0000] {processor.py:161} INFO - Started process (PID=6699) to work on /home/airflow/.local/lib/python3.12/site-packages/airflow/example_dags/example_short_circuit_decorator.py
[2024-10-22T14:54:58.444+0000] {processor.py:830} INFO - Processing file /home/airflow/.local/lib/python3.12/site-packages/airflow/example_dags/example_short_circuit_decorator.py for tasks to queue
[2024-10-22T14:54:58.445+0000] {logging_mixin.py:188} INFO - [2024-10-22T14:54:58.445+0000] {dagbag.py:545} INFO - Filling up the DagBag from /home/airflow/.local/lib/python3.12/site-packages/airflow/example_dags/example_short_circuit_decorator.py
[2024-10-22T14:54:58.451+0000] {processor.py:840} INFO - DAG(s) 'example_short_circuit_decorator' retrieved from /home/airflow/.local/lib/python3.12/site-packages/airflow/example_dags/example_short_circuit_decorator.py
[2024-10-22T14:54:58.468+0000] {logging_mixin.py:188} INFO - [2024-10-22T14:54:58.467+0000] {dag.py:3089} INFO - Sync 1 DAGs
[2024-10-22T14:54:58.484+0000] {logging_mixin.py:188} INFO - [2024-10-22T14:54:58.484+0000] {dag.py:3947} INFO - Setting next_dagrun for example_short_circuit_decorator to 2024-10-21 00:00:00+00:00, run_after=2024-10-22 00:00:00+00:00
[2024-10-22T14:54:58.498+0000] {processor.py:183} INFO - Processing /home/airflow/.local/lib/python3.12/site-packages/airflow/example_dags/example_short_circuit_decorator.py took 0.059 seconds
[2024-10-22T14:55:28.719+0000] {processor.py:161} INFO - Started process (PID=6967) to work on /home/airflow/.local/lib/python3.12/site-packages/airflow/example_dags/example_short_circuit_decorator.py
[2024-10-22T14:55:28.719+0000] {processor.py:830} INFO - Processing file /home/airflow/.local/lib/python3.12/site-packages/airflow/example_dags/example_short_circuit_decorator.py for tasks to queue
[2024-10-22T14:55:28.721+0000] {logging_mixin.py:188} INFO - [2024-10-22T14:55:28.721+0000] {dagbag.py:545} INFO - Filling up the DagBag from /home/airflow/.local/lib/python3.12/site-packages/airflow/example_dags/example_short_circuit_decorator.py
[2024-10-22T14:55:28.727+0000] {processor.py:840} INFO - DAG(s) 'example_short_circuit_decorator' retrieved from /home/airflow/.local/lib/python3.12/site-packages/airflow/example_dags/example_short_circuit_decorator.py
[2024-10-22T14:55:28.746+0000] {logging_mixin.py:188} INFO - [2024-10-22T14:55:28.746+0000] {dag.py:3089} INFO - Sync 1 DAGs
[2024-10-22T14:55:28.763+0000] {logging_mixin.py:188} INFO - [2024-10-22T14:55:28.763+0000] {dag.py:3947} INFO - Setting next_dagrun for example_short_circuit_decorator to 2024-10-21 00:00:00+00:00, run_after=2024-10-22 00:00:00+00:00
[2024-10-22T14:55:28.888+0000] {processor.py:183} INFO - Processing /home/airflow/.local/lib/python3.12/site-packages/airflow/example_dags/example_short_circuit_decorator.py took 0.173 seconds
[2024-10-22T14:55:59.757+0000] {processor.py:161} INFO - Started process (PID=7234) to work on /home/airflow/.local/lib/python3.12/site-packages/airflow/example_dags/example_short_circuit_decorator.py
[2024-10-22T14:55:59.758+0000] {processor.py:830} INFO - Processing file /home/airflow/.local/lib/python3.12/site-packages/airflow/example_dags/example_short_circuit_decorator.py for tasks to queue
[2024-10-22T14:55:59.759+0000] {logging_mixin.py:188} INFO - [2024-10-22T14:55:59.759+0000] {dagbag.py:545} INFO - Filling up the DagBag from /home/airflow/.local/lib/python3.12/site-packages/airflow/example_dags/example_short_circuit_decorator.py
[2024-10-22T14:55:59.765+0000] {processor.py:840} INFO - DAG(s) 'example_short_circuit_decorator' retrieved from /home/airflow/.local/lib/python3.12/site-packages/airflow/example_dags/example_short_circuit_decorator.py
[2024-10-22T14:55:59.781+0000] {logging_mixin.py:188} INFO - [2024-10-22T14:55:59.781+0000] {dag.py:3089} INFO - Sync 1 DAGs
[2024-10-22T14:55:59.796+0000] {logging_mixin.py:188} INFO - [2024-10-22T14:55:59.795+0000] {dag.py:3947} INFO - Setting next_dagrun for example_short_circuit_decorator to 2024-10-21 00:00:00+00:00, run_after=2024-10-22 00:00:00+00:00
[2024-10-22T14:55:59.808+0000] {processor.py:183} INFO - Processing /home/airflow/.local/lib/python3.12/site-packages/airflow/example_dags/example_short_circuit_decorator.py took 0.055 seconds
[2024-10-22T14:56:30.479+0000] {processor.py:161} INFO - Started process (PID=7501) to work on /home/airflow/.local/lib/python3.12/site-packages/airflow/example_dags/example_short_circuit_decorator.py
[2024-10-22T14:56:30.479+0000] {processor.py:830} INFO - Processing file /home/airflow/.local/lib/python3.12/site-packages/airflow/example_dags/example_short_circuit_decorator.py for tasks to queue
[2024-10-22T14:56:30.481+0000] {logging_mixin.py:188} INFO - [2024-10-22T14:56:30.480+0000] {dagbag.py:545} INFO - Filling up the DagBag from /home/airflow/.local/lib/python3.12/site-packages/airflow/example_dags/example_short_circuit_decorator.py
[2024-10-22T14:56:30.487+0000] {processor.py:840} INFO - DAG(s) 'example_short_circuit_decorator' retrieved from /home/airflow/.local/lib/python3.12/site-packages/airflow/example_dags/example_short_circuit_decorator.py
[2024-10-22T14:56:30.501+0000] {logging_mixin.py:188} INFO - [2024-10-22T14:56:30.501+0000] {dag.py:3089} INFO - Sync 1 DAGs
[2024-10-22T14:56:30.514+0000] {logging_mixin.py:188} INFO - [2024-10-22T14:56:30.514+0000] {dag.py:3947} INFO - Setting next_dagrun for example_short_circuit_decorator to 2024-10-21 00:00:00+00:00, run_after=2024-10-22 00:00:00+00:00
[2024-10-22T14:56:30.526+0000] {processor.py:183} INFO - Processing /home/airflow/.local/lib/python3.12/site-packages/airflow/example_dags/example_short_circuit_decorator.py took 0.052 seconds
[2024-10-22T14:57:00.654+0000] {processor.py:161} INFO - Started process (PID=7768) to work on /home/airflow/.local/lib/python3.12/site-packages/airflow/example_dags/example_short_circuit_decorator.py
[2024-10-22T14:57:00.654+0000] {processor.py:830} INFO - Processing file /home/airflow/.local/lib/python3.12/site-packages/airflow/example_dags/example_short_circuit_decorator.py for tasks to queue
[2024-10-22T14:57:00.655+0000] {logging_mixin.py:188} INFO - [2024-10-22T14:57:00.655+0000] {dagbag.py:545} INFO - Filling up the DagBag from /home/airflow/.local/lib/python3.12/site-packages/airflow/example_dags/example_short_circuit_decorator.py
[2024-10-22T14:57:00.662+0000] {processor.py:840} INFO - DAG(s) 'example_short_circuit_decorator' retrieved from /home/airflow/.local/lib/python3.12/site-packages/airflow/example_dags/example_short_circuit_decorator.py
[2024-10-22T14:57:00.678+0000] {logging_mixin.py:188} INFO - [2024-10-22T14:57:00.678+0000] {dag.py:3089} INFO - Sync 1 DAGs
[2024-10-22T14:57:00.692+0000] {logging_mixin.py:188} INFO - [2024-10-22T14:57:00.692+0000] {dag.py:3947} INFO - Setting next_dagrun for example_short_circuit_decorator to 2024-10-21 00:00:00+00:00, run_after=2024-10-22 00:00:00+00:00
[2024-10-22T14:57:00.704+0000] {processor.py:183} INFO - Processing /home/airflow/.local/lib/python3.12/site-packages/airflow/example_dags/example_short_circuit_decorator.py took 0.055 seconds
[2024-10-22T14:57:31.342+0000] {processor.py:161} INFO - Started process (PID=8035) to work on /home/airflow/.local/lib/python3.12/site-packages/airflow/example_dags/example_short_circuit_decorator.py
[2024-10-22T14:57:31.343+0000] {processor.py:830} INFO - Processing file /home/airflow/.local/lib/python3.12/site-packages/airflow/example_dags/example_short_circuit_decorator.py for tasks to queue
[2024-10-22T14:57:31.344+0000] {logging_mixin.py:188} INFO - [2024-10-22T14:57:31.344+0000] {dagbag.py:545} INFO - Filling up the DagBag from /home/airflow/.local/lib/python3.12/site-packages/airflow/example_dags/example_short_circuit_decorator.py
[2024-10-22T14:57:31.467+0000] {processor.py:840} INFO - DAG(s) 'example_short_circuit_decorator' retrieved from /home/airflow/.local/lib/python3.12/site-packages/airflow/example_dags/example_short_circuit_decorator.py
[2024-10-22T14:57:31.483+0000] {logging_mixin.py:188} INFO - [2024-10-22T14:57:31.483+0000] {dag.py:3089} INFO - Sync 1 DAGs
[2024-10-22T14:57:31.496+0000] {logging_mixin.py:188} INFO - [2024-10-22T14:57:31.496+0000] {dag.py:3947} INFO - Setting next_dagrun for example_short_circuit_decorator to 2024-10-21 00:00:00+00:00, run_after=2024-10-22 00:00:00+00:00
[2024-10-22T14:57:31.508+0000] {processor.py:183} INFO - Processing /home/airflow/.local/lib/python3.12/site-packages/airflow/example_dags/example_short_circuit_decorator.py took 0.170 seconds
