[2024-10-22T14:00:14.369+0000] {processor.py:161} INFO - Started process (PID=300) to work on /home/airflow/.local/lib/python3.12/site-packages/airflow/example_dags/example_xcomargs.py
[2024-10-22T14:00:14.370+0000] {processor.py:830} INFO - Processing file /home/airflow/.local/lib/python3.12/site-packages/airflow/example_dags/example_xcomargs.py for tasks to queue
[2024-10-22T14:00:14.372+0000] {logging_mixin.py:188} INFO - [2024-10-22T14:00:14.371+0000] {dagbag.py:545} INFO - Filling up the DagBag from /home/airflow/.local/lib/python3.12/site-packages/airflow/example_dags/example_xcomargs.py
[2024-10-22T14:00:14.378+0000] {processor.py:840} INFO - DAG(s) 'example_xcom_args', 'example_xcom_args_with_operators' retrieved from /home/airflow/.local/lib/python3.12/site-packages/airflow/example_dags/example_xcomargs.py
[2024-10-22T14:00:14.462+0000] {logging_mixin.py:188} INFO - [2024-10-22T14:00:14.462+0000] {override.py:1858} INFO - Created Permission View: can delete on DAG:example_xcom_args
[2024-10-22T14:00:14.473+0000] {logging_mixin.py:188} INFO - [2024-10-22T14:00:14.472+0000] {override.py:1858} INFO - Created Permission View: can edit on DAG:example_xcom_args
[2024-10-22T14:00:14.478+0000] {logging_mixin.py:188} INFO - [2024-10-22T14:00:14.477+0000] {override.py:1858} INFO - Created Permission View: can read on DAG:example_xcom_args
[2024-10-22T14:00:14.488+0000] {logging_mixin.py:188} INFO - [2024-10-22T14:00:14.487+0000] {override.py:1858} INFO - Created Permission View: can delete on DAG:example_xcom_args_with_operators
[2024-10-22T14:00:14.492+0000] {logging_mixin.py:188} INFO - [2024-10-22T14:00:14.492+0000] {override.py:1858} INFO - Created Permission View: can edit on DAG:example_xcom_args_with_operators
[2024-10-22T14:00:14.498+0000] {logging_mixin.py:188} INFO - [2024-10-22T14:00:14.498+0000] {override.py:1858} INFO - Created Permission View: can read on DAG:example_xcom_args_with_operators
[2024-10-22T14:00:14.499+0000] {logging_mixin.py:188} INFO - [2024-10-22T14:00:14.498+0000] {dag.py:3089} INFO - Sync 2 DAGs
[2024-10-22T14:00:14.507+0000] {logging_mixin.py:188} INFO - [2024-10-22T14:00:14.507+0000] {dag.py:3111} INFO - Creating ORM DAG for example_xcom_args
[2024-10-22T14:00:14.508+0000] {logging_mixin.py:188} INFO - [2024-10-22T14:00:14.507+0000] {dag.py:3111} INFO - Creating ORM DAG for example_xcom_args_with_operators
[2024-10-22T14:00:14.508+0000] {logging_mixin.py:188} INFO - [2024-10-22T14:00:14.508+0000] {dag.py:3947} INFO - Setting next_dagrun for example_xcom_args to None, run_after=None
[2024-10-22T14:00:14.509+0000] {logging_mixin.py:188} INFO - [2024-10-22T14:00:14.509+0000] {dag.py:3947} INFO - Setting next_dagrun for example_xcom_args_with_operators to None, run_after=None
[2024-10-22T14:00:14.525+0000] {processor.py:183} INFO - Processing /home/airflow/.local/lib/python3.12/site-packages/airflow/example_dags/example_xcomargs.py took 0.159 seconds
[2024-10-22T14:00:45.124+0000] {processor.py:161} INFO - Started process (PID=567) to work on /home/airflow/.local/lib/python3.12/site-packages/airflow/example_dags/example_xcomargs.py
[2024-10-22T14:00:45.125+0000] {processor.py:830} INFO - Processing file /home/airflow/.local/lib/python3.12/site-packages/airflow/example_dags/example_xcomargs.py for tasks to queue
[2024-10-22T14:00:45.126+0000] {logging_mixin.py:188} INFO - [2024-10-22T14:00:45.126+0000] {dagbag.py:545} INFO - Filling up the DagBag from /home/airflow/.local/lib/python3.12/site-packages/airflow/example_dags/example_xcomargs.py
[2024-10-22T14:00:45.132+0000] {processor.py:840} INFO - DAG(s) 'example_xcom_args', 'example_xcom_args_with_operators' retrieved from /home/airflow/.local/lib/python3.12/site-packages/airflow/example_dags/example_xcomargs.py
[2024-10-22T14:00:45.148+0000] {logging_mixin.py:188} INFO - [2024-10-22T14:00:45.148+0000] {dag.py:3089} INFO - Sync 2 DAGs
[2024-10-22T14:00:45.158+0000] {logging_mixin.py:188} INFO - [2024-10-22T14:00:45.158+0000] {dag.py:3947} INFO - Setting next_dagrun for example_xcom_args to None, run_after=None
[2024-10-22T14:00:45.161+0000] {logging_mixin.py:188} INFO - [2024-10-22T14:00:45.161+0000] {dag.py:3947} INFO - Setting next_dagrun for example_xcom_args_with_operators to None, run_after=None
[2024-10-22T14:00:45.173+0000] {processor.py:183} INFO - Processing /home/airflow/.local/lib/python3.12/site-packages/airflow/example_dags/example_xcomargs.py took 0.053 seconds
[2024-10-22T14:01:15.522+0000] {processor.py:161} INFO - Started process (PID=834) to work on /home/airflow/.local/lib/python3.12/site-packages/airflow/example_dags/example_xcomargs.py
[2024-10-22T14:01:15.523+0000] {processor.py:830} INFO - Processing file /home/airflow/.local/lib/python3.12/site-packages/airflow/example_dags/example_xcomargs.py for tasks to queue
[2024-10-22T14:01:15.524+0000] {logging_mixin.py:188} INFO - [2024-10-22T14:01:15.524+0000] {dagbag.py:545} INFO - Filling up the DagBag from /home/airflow/.local/lib/python3.12/site-packages/airflow/example_dags/example_xcomargs.py
[2024-10-22T14:01:15.529+0000] {processor.py:840} INFO - DAG(s) 'example_xcom_args_with_operators', 'example_xcom_args' retrieved from /home/airflow/.local/lib/python3.12/site-packages/airflow/example_dags/example_xcomargs.py
[2024-10-22T14:01:15.545+0000] {logging_mixin.py:188} INFO - [2024-10-22T14:01:15.545+0000] {dag.py:3089} INFO - Sync 2 DAGs
[2024-10-22T14:01:15.555+0000] {logging_mixin.py:188} INFO - [2024-10-22T14:01:15.554+0000] {dag.py:3947} INFO - Setting next_dagrun for example_xcom_args to None, run_after=None
[2024-10-22T14:01:15.557+0000] {logging_mixin.py:188} INFO - [2024-10-22T14:01:15.557+0000] {dag.py:3947} INFO - Setting next_dagrun for example_xcom_args_with_operators to None, run_after=None
[2024-10-22T14:01:15.568+0000] {processor.py:183} INFO - Processing /home/airflow/.local/lib/python3.12/site-packages/airflow/example_dags/example_xcomargs.py took 0.050 seconds
[2024-10-22T14:01:45.900+0000] {processor.py:161} INFO - Started process (PID=1103) to work on /home/airflow/.local/lib/python3.12/site-packages/airflow/example_dags/example_xcomargs.py
[2024-10-22T14:01:45.901+0000] {processor.py:830} INFO - Processing file /home/airflow/.local/lib/python3.12/site-packages/airflow/example_dags/example_xcomargs.py for tasks to queue
[2024-10-22T14:01:45.902+0000] {logging_mixin.py:188} INFO - [2024-10-22T14:01:45.902+0000] {dagbag.py:545} INFO - Filling up the DagBag from /home/airflow/.local/lib/python3.12/site-packages/airflow/example_dags/example_xcomargs.py
[2024-10-22T14:01:45.908+0000] {processor.py:840} INFO - DAG(s) 'example_xcom_args', 'example_xcom_args_with_operators' retrieved from /home/airflow/.local/lib/python3.12/site-packages/airflow/example_dags/example_xcomargs.py
[2024-10-22T14:01:45.925+0000] {logging_mixin.py:188} INFO - [2024-10-22T14:01:45.924+0000] {dag.py:3089} INFO - Sync 2 DAGs
[2024-10-22T14:01:45.933+0000] {logging_mixin.py:188} INFO - [2024-10-22T14:01:45.933+0000] {dag.py:3947} INFO - Setting next_dagrun for example_xcom_args to None, run_after=None
[2024-10-22T14:01:45.935+0000] {logging_mixin.py:188} INFO - [2024-10-22T14:01:45.935+0000] {dag.py:3947} INFO - Setting next_dagrun for example_xcom_args_with_operators to None, run_after=None
[2024-10-22T14:01:45.946+0000] {processor.py:183} INFO - Processing /home/airflow/.local/lib/python3.12/site-packages/airflow/example_dags/example_xcomargs.py took 0.050 seconds
[2024-10-22T14:02:16.187+0000] {processor.py:161} INFO - Started process (PID=1370) to work on /home/airflow/.local/lib/python3.12/site-packages/airflow/example_dags/example_xcomargs.py
[2024-10-22T14:02:16.188+0000] {processor.py:830} INFO - Processing file /home/airflow/.local/lib/python3.12/site-packages/airflow/example_dags/example_xcomargs.py for tasks to queue
[2024-10-22T14:02:16.189+0000] {logging_mixin.py:188} INFO - [2024-10-22T14:02:16.189+0000] {dagbag.py:545} INFO - Filling up the DagBag from /home/airflow/.local/lib/python3.12/site-packages/airflow/example_dags/example_xcomargs.py
[2024-10-22T14:02:16.195+0000] {processor.py:840} INFO - DAG(s) 'example_xcom_args_with_operators', 'example_xcom_args' retrieved from /home/airflow/.local/lib/python3.12/site-packages/airflow/example_dags/example_xcomargs.py
[2024-10-22T14:02:16.211+0000] {logging_mixin.py:188} INFO - [2024-10-22T14:02:16.211+0000] {dag.py:3089} INFO - Sync 2 DAGs
[2024-10-22T14:02:16.220+0000] {logging_mixin.py:188} INFO - [2024-10-22T14:02:16.220+0000] {dag.py:3947} INFO - Setting next_dagrun for example_xcom_args to None, run_after=None
[2024-10-22T14:02:16.222+0000] {logging_mixin.py:188} INFO - [2024-10-22T14:02:16.222+0000] {dag.py:3947} INFO - Setting next_dagrun for example_xcom_args_with_operators to None, run_after=None
[2024-10-22T14:02:16.233+0000] {processor.py:183} INFO - Processing /home/airflow/.local/lib/python3.12/site-packages/airflow/example_dags/example_xcomargs.py took 0.049 seconds
[2024-10-22T14:02:46.464+0000] {processor.py:161} INFO - Started process (PID=1635) to work on /home/airflow/.local/lib/python3.12/site-packages/airflow/example_dags/example_xcomargs.py
[2024-10-22T14:02:46.464+0000] {processor.py:830} INFO - Processing file /home/airflow/.local/lib/python3.12/site-packages/airflow/example_dags/example_xcomargs.py for tasks to queue
[2024-10-22T14:02:46.465+0000] {logging_mixin.py:188} INFO - [2024-10-22T14:02:46.465+0000] {dagbag.py:545} INFO - Filling up the DagBag from /home/airflow/.local/lib/python3.12/site-packages/airflow/example_dags/example_xcomargs.py
[2024-10-22T14:02:46.471+0000] {processor.py:840} INFO - DAG(s) 'example_xcom_args', 'example_xcom_args_with_operators' retrieved from /home/airflow/.local/lib/python3.12/site-packages/airflow/example_dags/example_xcomargs.py
[2024-10-22T14:02:46.487+0000] {logging_mixin.py:188} INFO - [2024-10-22T14:02:46.487+0000] {dag.py:3089} INFO - Sync 2 DAGs
[2024-10-22T14:02:46.496+0000] {logging_mixin.py:188} INFO - [2024-10-22T14:02:46.496+0000] {dag.py:3947} INFO - Setting next_dagrun for example_xcom_args to None, run_after=None
[2024-10-22T14:02:46.498+0000] {logging_mixin.py:188} INFO - [2024-10-22T14:02:46.498+0000] {dag.py:3947} INFO - Setting next_dagrun for example_xcom_args_with_operators to None, run_after=None
[2024-10-22T14:02:46.510+0000] {processor.py:183} INFO - Processing /home/airflow/.local/lib/python3.12/site-packages/airflow/example_dags/example_xcomargs.py took 0.050 seconds
[2024-10-22T14:03:16.735+0000] {processor.py:161} INFO - Started process (PID=1904) to work on /home/airflow/.local/lib/python3.12/site-packages/airflow/example_dags/example_xcomargs.py
[2024-10-22T14:03:16.736+0000] {processor.py:830} INFO - Processing file /home/airflow/.local/lib/python3.12/site-packages/airflow/example_dags/example_xcomargs.py for tasks to queue
[2024-10-22T14:03:16.737+0000] {logging_mixin.py:188} INFO - [2024-10-22T14:03:16.737+0000] {dagbag.py:545} INFO - Filling up the DagBag from /home/airflow/.local/lib/python3.12/site-packages/airflow/example_dags/example_xcomargs.py
[2024-10-22T14:03:16.743+0000] {processor.py:840} INFO - DAG(s) 'example_xcom_args_with_operators', 'example_xcom_args' retrieved from /home/airflow/.local/lib/python3.12/site-packages/airflow/example_dags/example_xcomargs.py
[2024-10-22T14:03:16.759+0000] {logging_mixin.py:188} INFO - [2024-10-22T14:03:16.759+0000] {dag.py:3089} INFO - Sync 2 DAGs
[2024-10-22T14:03:16.768+0000] {logging_mixin.py:188} INFO - [2024-10-22T14:03:16.767+0000] {dag.py:3947} INFO - Setting next_dagrun for example_xcom_args to None, run_after=None
[2024-10-22T14:03:16.770+0000] {logging_mixin.py:188} INFO - [2024-10-22T14:03:16.770+0000] {dag.py:3947} INFO - Setting next_dagrun for example_xcom_args_with_operators to None, run_after=None
[2024-10-22T14:03:16.780+0000] {processor.py:183} INFO - Processing /home/airflow/.local/lib/python3.12/site-packages/airflow/example_dags/example_xcomargs.py took 0.048 seconds
[2024-10-22T14:03:47.063+0000] {processor.py:161} INFO - Started process (PID=2169) to work on /home/airflow/.local/lib/python3.12/site-packages/airflow/example_dags/example_xcomargs.py
[2024-10-22T14:03:47.064+0000] {processor.py:830} INFO - Processing file /home/airflow/.local/lib/python3.12/site-packages/airflow/example_dags/example_xcomargs.py for tasks to queue
[2024-10-22T14:03:47.066+0000] {logging_mixin.py:188} INFO - [2024-10-22T14:03:47.065+0000] {dagbag.py:545} INFO - Filling up the DagBag from /home/airflow/.local/lib/python3.12/site-packages/airflow/example_dags/example_xcomargs.py
[2024-10-22T14:03:47.072+0000] {processor.py:840} INFO - DAG(s) 'example_xcom_args', 'example_xcom_args_with_operators' retrieved from /home/airflow/.local/lib/python3.12/site-packages/airflow/example_dags/example_xcomargs.py
[2024-10-22T14:03:47.088+0000] {logging_mixin.py:188} INFO - [2024-10-22T14:03:47.088+0000] {dag.py:3089} INFO - Sync 2 DAGs
[2024-10-22T14:03:47.097+0000] {logging_mixin.py:188} INFO - [2024-10-22T14:03:47.097+0000] {dag.py:3947} INFO - Setting next_dagrun for example_xcom_args to None, run_after=None
[2024-10-22T14:03:47.100+0000] {logging_mixin.py:188} INFO - [2024-10-22T14:03:47.099+0000] {dag.py:3947} INFO - Setting next_dagrun for example_xcom_args_with_operators to None, run_after=None
[2024-10-22T14:03:47.117+0000] {processor.py:183} INFO - Processing /home/airflow/.local/lib/python3.12/site-packages/airflow/example_dags/example_xcomargs.py took 0.057 seconds
[2024-10-22T14:34:25.685+0000] {processor.py:161} INFO - Started process (PID=300) to work on /home/airflow/.local/lib/python3.12/site-packages/airflow/example_dags/example_xcomargs.py
[2024-10-22T14:34:25.685+0000] {processor.py:830} INFO - Processing file /home/airflow/.local/lib/python3.12/site-packages/airflow/example_dags/example_xcomargs.py for tasks to queue
[2024-10-22T14:34:25.687+0000] {logging_mixin.py:188} INFO - [2024-10-22T14:34:25.687+0000] {dagbag.py:545} INFO - Filling up the DagBag from /home/airflow/.local/lib/python3.12/site-packages/airflow/example_dags/example_xcomargs.py
[2024-10-22T14:34:25.698+0000] {processor.py:840} INFO - DAG(s) 'example_xcom_args', 'example_xcom_args_with_operators' retrieved from /home/airflow/.local/lib/python3.12/site-packages/airflow/example_dags/example_xcomargs.py
[2024-10-22T14:34:25.712+0000] {logging_mixin.py:188} INFO - [2024-10-22T14:34:25.712+0000] {dag.py:3089} INFO - Sync 2 DAGs
[2024-10-22T14:34:25.724+0000] {logging_mixin.py:188} INFO - [2024-10-22T14:34:25.724+0000] {dag.py:3947} INFO - Setting next_dagrun for example_xcom_args to None, run_after=None
[2024-10-22T14:34:25.728+0000] {logging_mixin.py:188} INFO - [2024-10-22T14:34:25.728+0000] {dag.py:3947} INFO - Setting next_dagrun for example_xcom_args_with_operators to None, run_after=None
[2024-10-22T14:34:25.744+0000] {processor.py:183} INFO - Processing /home/airflow/.local/lib/python3.12/site-packages/airflow/example_dags/example_xcomargs.py took 0.064 seconds
[2024-10-22T14:34:57.230+0000] {processor.py:161} INFO - Started process (PID=567) to work on /home/airflow/.local/lib/python3.12/site-packages/airflow/example_dags/example_xcomargs.py
[2024-10-22T14:34:57.230+0000] {processor.py:830} INFO - Processing file /home/airflow/.local/lib/python3.12/site-packages/airflow/example_dags/example_xcomargs.py for tasks to queue
[2024-10-22T14:34:57.231+0000] {logging_mixin.py:188} INFO - [2024-10-22T14:34:57.231+0000] {dagbag.py:545} INFO - Filling up the DagBag from /home/airflow/.local/lib/python3.12/site-packages/airflow/example_dags/example_xcomargs.py
[2024-10-22T14:34:57.237+0000] {processor.py:840} INFO - DAG(s) 'example_xcom_args_with_operators', 'example_xcom_args' retrieved from /home/airflow/.local/lib/python3.12/site-packages/airflow/example_dags/example_xcomargs.py
[2024-10-22T14:34:57.311+0000] {logging_mixin.py:188} INFO - [2024-10-22T14:34:57.311+0000] {dag.py:3089} INFO - Sync 2 DAGs
[2024-10-22T14:34:57.320+0000] {logging_mixin.py:188} INFO - [2024-10-22T14:34:57.320+0000] {dag.py:3947} INFO - Setting next_dagrun for example_xcom_args to None, run_after=None
[2024-10-22T14:34:57.322+0000] {logging_mixin.py:188} INFO - [2024-10-22T14:34:57.322+0000] {dag.py:3947} INFO - Setting next_dagrun for example_xcom_args_with_operators to None, run_after=None
[2024-10-22T14:34:57.335+0000] {processor.py:183} INFO - Processing /home/airflow/.local/lib/python3.12/site-packages/airflow/example_dags/example_xcomargs.py took 0.110 seconds
[2024-10-22T14:35:28.279+0000] {processor.py:161} INFO - Started process (PID=836) to work on /home/airflow/.local/lib/python3.12/site-packages/airflow/example_dags/example_xcomargs.py
[2024-10-22T14:35:28.279+0000] {processor.py:830} INFO - Processing file /home/airflow/.local/lib/python3.12/site-packages/airflow/example_dags/example_xcomargs.py for tasks to queue
[2024-10-22T14:35:28.281+0000] {logging_mixin.py:188} INFO - [2024-10-22T14:35:28.280+0000] {dagbag.py:545} INFO - Filling up the DagBag from /home/airflow/.local/lib/python3.12/site-packages/airflow/example_dags/example_xcomargs.py
[2024-10-22T14:35:28.286+0000] {processor.py:840} INFO - DAG(s) 'example_xcom_args_with_operators', 'example_xcom_args' retrieved from /home/airflow/.local/lib/python3.12/site-packages/airflow/example_dags/example_xcomargs.py
[2024-10-22T14:35:28.303+0000] {logging_mixin.py:188} INFO - [2024-10-22T14:35:28.302+0000] {dag.py:3089} INFO - Sync 2 DAGs
[2024-10-22T14:35:28.311+0000] {logging_mixin.py:188} INFO - [2024-10-22T14:35:28.311+0000] {dag.py:3947} INFO - Setting next_dagrun for example_xcom_args to None, run_after=None
[2024-10-22T14:35:28.314+0000] {logging_mixin.py:188} INFO - [2024-10-22T14:35:28.314+0000] {dag.py:3947} INFO - Setting next_dagrun for example_xcom_args_with_operators to None, run_after=None
[2024-10-22T14:35:28.325+0000] {processor.py:183} INFO - Processing /home/airflow/.local/lib/python3.12/site-packages/airflow/example_dags/example_xcomargs.py took 0.050 seconds
[2024-10-22T14:35:58.466+0000] {processor.py:161} INFO - Started process (PID=1103) to work on /home/airflow/.local/lib/python3.12/site-packages/airflow/example_dags/example_xcomargs.py
[2024-10-22T14:35:58.467+0000] {processor.py:830} INFO - Processing file /home/airflow/.local/lib/python3.12/site-packages/airflow/example_dags/example_xcomargs.py for tasks to queue
[2024-10-22T14:35:58.468+0000] {logging_mixin.py:188} INFO - [2024-10-22T14:35:58.468+0000] {dagbag.py:545} INFO - Filling up the DagBag from /home/airflow/.local/lib/python3.12/site-packages/airflow/example_dags/example_xcomargs.py
[2024-10-22T14:35:58.473+0000] {processor.py:840} INFO - DAG(s) 'example_xcom_args', 'example_xcom_args_with_operators' retrieved from /home/airflow/.local/lib/python3.12/site-packages/airflow/example_dags/example_xcomargs.py
[2024-10-22T14:35:58.490+0000] {logging_mixin.py:188} INFO - [2024-10-22T14:35:58.489+0000] {dag.py:3089} INFO - Sync 2 DAGs
[2024-10-22T14:35:58.498+0000] {logging_mixin.py:188} INFO - [2024-10-22T14:35:58.498+0000] {dag.py:3947} INFO - Setting next_dagrun for example_xcom_args to None, run_after=None
[2024-10-22T14:35:58.501+0000] {logging_mixin.py:188} INFO - [2024-10-22T14:35:58.501+0000] {dag.py:3947} INFO - Setting next_dagrun for example_xcom_args_with_operators to None, run_after=None
[2024-10-22T14:35:58.512+0000] {processor.py:183} INFO - Processing /home/airflow/.local/lib/python3.12/site-packages/airflow/example_dags/example_xcomargs.py took 0.050 seconds
[2024-10-22T14:36:28.801+0000] {processor.py:161} INFO - Started process (PID=1370) to work on /home/airflow/.local/lib/python3.12/site-packages/airflow/example_dags/example_xcomargs.py
[2024-10-22T14:36:28.802+0000] {processor.py:830} INFO - Processing file /home/airflow/.local/lib/python3.12/site-packages/airflow/example_dags/example_xcomargs.py for tasks to queue
[2024-10-22T14:36:28.803+0000] {logging_mixin.py:188} INFO - [2024-10-22T14:36:28.803+0000] {dagbag.py:545} INFO - Filling up the DagBag from /home/airflow/.local/lib/python3.12/site-packages/airflow/example_dags/example_xcomargs.py
[2024-10-22T14:36:28.809+0000] {processor.py:840} INFO - DAG(s) 'example_xcom_args_with_operators', 'example_xcom_args' retrieved from /home/airflow/.local/lib/python3.12/site-packages/airflow/example_dags/example_xcomargs.py
[2024-10-22T14:36:28.824+0000] {logging_mixin.py:188} INFO - [2024-10-22T14:36:28.824+0000] {dag.py:3089} INFO - Sync 2 DAGs
[2024-10-22T14:36:28.832+0000] {logging_mixin.py:188} INFO - [2024-10-22T14:36:28.832+0000] {dag.py:3947} INFO - Setting next_dagrun for example_xcom_args to None, run_after=None
[2024-10-22T14:36:28.835+0000] {logging_mixin.py:188} INFO - [2024-10-22T14:36:28.835+0000] {dag.py:3947} INFO - Setting next_dagrun for example_xcom_args_with_operators to None, run_after=None
[2024-10-22T14:36:28.846+0000] {processor.py:183} INFO - Processing /home/airflow/.local/lib/python3.12/site-packages/airflow/example_dags/example_xcomargs.py took 0.048 seconds
[2024-10-22T14:36:58.943+0000] {processor.py:161} INFO - Started process (PID=1637) to work on /home/airflow/.local/lib/python3.12/site-packages/airflow/example_dags/example_xcomargs.py
[2024-10-22T14:36:58.944+0000] {processor.py:830} INFO - Processing file /home/airflow/.local/lib/python3.12/site-packages/airflow/example_dags/example_xcomargs.py for tasks to queue
[2024-10-22T14:36:58.945+0000] {logging_mixin.py:188} INFO - [2024-10-22T14:36:58.945+0000] {dagbag.py:545} INFO - Filling up the DagBag from /home/airflow/.local/lib/python3.12/site-packages/airflow/example_dags/example_xcomargs.py
[2024-10-22T14:36:58.951+0000] {processor.py:840} INFO - DAG(s) 'example_xcom_args', 'example_xcom_args_with_operators' retrieved from /home/airflow/.local/lib/python3.12/site-packages/airflow/example_dags/example_xcomargs.py
[2024-10-22T14:36:58.968+0000] {logging_mixin.py:188} INFO - [2024-10-22T14:36:58.968+0000] {dag.py:3089} INFO - Sync 2 DAGs
[2024-10-22T14:36:58.977+0000] {logging_mixin.py:188} INFO - [2024-10-22T14:36:58.977+0000] {dag.py:3947} INFO - Setting next_dagrun for example_xcom_args to None, run_after=None
[2024-10-22T14:36:58.980+0000] {logging_mixin.py:188} INFO - [2024-10-22T14:36:58.980+0000] {dag.py:3947} INFO - Setting next_dagrun for example_xcom_args_with_operators to None, run_after=None
[2024-10-22T14:36:58.990+0000] {processor.py:183} INFO - Processing /home/airflow/.local/lib/python3.12/site-packages/airflow/example_dags/example_xcomargs.py took 0.051 seconds
[2024-10-22T14:37:29.225+0000] {processor.py:161} INFO - Started process (PID=1904) to work on /home/airflow/.local/lib/python3.12/site-packages/airflow/example_dags/example_xcomargs.py
[2024-10-22T14:37:29.226+0000] {processor.py:830} INFO - Processing file /home/airflow/.local/lib/python3.12/site-packages/airflow/example_dags/example_xcomargs.py for tasks to queue
[2024-10-22T14:37:29.227+0000] {logging_mixin.py:188} INFO - [2024-10-22T14:37:29.227+0000] {dagbag.py:545} INFO - Filling up the DagBag from /home/airflow/.local/lib/python3.12/site-packages/airflow/example_dags/example_xcomargs.py
[2024-10-22T14:37:29.233+0000] {processor.py:840} INFO - DAG(s) 'example_xcom_args_with_operators', 'example_xcom_args' retrieved from /home/airflow/.local/lib/python3.12/site-packages/airflow/example_dags/example_xcomargs.py
[2024-10-22T14:37:29.249+0000] {logging_mixin.py:188} INFO - [2024-10-22T14:37:29.249+0000] {dag.py:3089} INFO - Sync 2 DAGs
[2024-10-22T14:37:29.258+0000] {logging_mixin.py:188} INFO - [2024-10-22T14:37:29.258+0000] {dag.py:3947} INFO - Setting next_dagrun for example_xcom_args to None, run_after=None
[2024-10-22T14:37:29.261+0000] {logging_mixin.py:188} INFO - [2024-10-22T14:37:29.261+0000] {dag.py:3947} INFO - Setting next_dagrun for example_xcom_args_with_operators to None, run_after=None
[2024-10-22T14:37:29.272+0000] {processor.py:183} INFO - Processing /home/airflow/.local/lib/python3.12/site-packages/airflow/example_dags/example_xcomargs.py took 0.051 seconds
[2024-10-22T14:37:59.461+0000] {processor.py:161} INFO - Started process (PID=2171) to work on /home/airflow/.local/lib/python3.12/site-packages/airflow/example_dags/example_xcomargs.py
[2024-10-22T14:37:59.462+0000] {processor.py:830} INFO - Processing file /home/airflow/.local/lib/python3.12/site-packages/airflow/example_dags/example_xcomargs.py for tasks to queue
[2024-10-22T14:37:59.463+0000] {logging_mixin.py:188} INFO - [2024-10-22T14:37:59.463+0000] {dagbag.py:545} INFO - Filling up the DagBag from /home/airflow/.local/lib/python3.12/site-packages/airflow/example_dags/example_xcomargs.py
[2024-10-22T14:37:59.468+0000] {processor.py:840} INFO - DAG(s) 'example_xcom_args_with_operators', 'example_xcom_args' retrieved from /home/airflow/.local/lib/python3.12/site-packages/airflow/example_dags/example_xcomargs.py
[2024-10-22T14:37:59.484+0000] {logging_mixin.py:188} INFO - [2024-10-22T14:37:59.484+0000] {dag.py:3089} INFO - Sync 2 DAGs
[2024-10-22T14:37:59.493+0000] {logging_mixin.py:188} INFO - [2024-10-22T14:37:59.493+0000] {dag.py:3947} INFO - Setting next_dagrun for example_xcom_args to None, run_after=None
[2024-10-22T14:37:59.496+0000] {logging_mixin.py:188} INFO - [2024-10-22T14:37:59.495+0000] {dag.py:3947} INFO - Setting next_dagrun for example_xcom_args_with_operators to None, run_after=None
[2024-10-22T14:37:59.506+0000] {processor.py:183} INFO - Processing /home/airflow/.local/lib/python3.12/site-packages/airflow/example_dags/example_xcomargs.py took 0.048 seconds
[2024-10-22T14:38:29.579+0000] {processor.py:161} INFO - Started process (PID=2436) to work on /home/airflow/.local/lib/python3.12/site-packages/airflow/example_dags/example_xcomargs.py
[2024-10-22T14:38:29.580+0000] {processor.py:830} INFO - Processing file /home/airflow/.local/lib/python3.12/site-packages/airflow/example_dags/example_xcomargs.py for tasks to queue
[2024-10-22T14:38:29.581+0000] {logging_mixin.py:188} INFO - [2024-10-22T14:38:29.581+0000] {dagbag.py:545} INFO - Filling up the DagBag from /home/airflow/.local/lib/python3.12/site-packages/airflow/example_dags/example_xcomargs.py
[2024-10-22T14:38:29.587+0000] {processor.py:840} INFO - DAG(s) 'example_xcom_args', 'example_xcom_args_with_operators' retrieved from /home/airflow/.local/lib/python3.12/site-packages/airflow/example_dags/example_xcomargs.py
[2024-10-22T14:38:29.603+0000] {logging_mixin.py:188} INFO - [2024-10-22T14:38:29.603+0000] {dag.py:3089} INFO - Sync 2 DAGs
[2024-10-22T14:38:29.612+0000] {logging_mixin.py:188} INFO - [2024-10-22T14:38:29.612+0000] {dag.py:3947} INFO - Setting next_dagrun for example_xcom_args to None, run_after=None
[2024-10-22T14:38:29.615+0000] {logging_mixin.py:188} INFO - [2024-10-22T14:38:29.615+0000] {dag.py:3947} INFO - Setting next_dagrun for example_xcom_args_with_operators to None, run_after=None
[2024-10-22T14:38:29.626+0000] {processor.py:183} INFO - Processing /home/airflow/.local/lib/python3.12/site-packages/airflow/example_dags/example_xcomargs.py took 0.051 seconds
[2024-10-22T14:39:00.009+0000] {processor.py:161} INFO - Started process (PID=2703) to work on /home/airflow/.local/lib/python3.12/site-packages/airflow/example_dags/example_xcomargs.py
[2024-10-22T14:39:00.010+0000] {processor.py:830} INFO - Processing file /home/airflow/.local/lib/python3.12/site-packages/airflow/example_dags/example_xcomargs.py for tasks to queue
[2024-10-22T14:39:00.011+0000] {logging_mixin.py:188} INFO - [2024-10-22T14:39:00.011+0000] {dagbag.py:545} INFO - Filling up the DagBag from /home/airflow/.local/lib/python3.12/site-packages/airflow/example_dags/example_xcomargs.py
[2024-10-22T14:39:00.017+0000] {processor.py:840} INFO - DAG(s) 'example_xcom_args_with_operators', 'example_xcom_args' retrieved from /home/airflow/.local/lib/python3.12/site-packages/airflow/example_dags/example_xcomargs.py
[2024-10-22T14:39:00.033+0000] {logging_mixin.py:188} INFO - [2024-10-22T14:39:00.033+0000] {dag.py:3089} INFO - Sync 2 DAGs
[2024-10-22T14:39:00.042+0000] {logging_mixin.py:188} INFO - [2024-10-22T14:39:00.041+0000] {dag.py:3947} INFO - Setting next_dagrun for example_xcom_args to None, run_after=None
[2024-10-22T14:39:00.044+0000] {logging_mixin.py:188} INFO - [2024-10-22T14:39:00.044+0000] {dag.py:3947} INFO - Setting next_dagrun for example_xcom_args_with_operators to None, run_after=None
[2024-10-22T14:39:00.054+0000] {processor.py:183} INFO - Processing /home/airflow/.local/lib/python3.12/site-packages/airflow/example_dags/example_xcomargs.py took 0.049 seconds
[2024-10-22T14:39:30.139+0000] {processor.py:161} INFO - Started process (PID=2970) to work on /home/airflow/.local/lib/python3.12/site-packages/airflow/example_dags/example_xcomargs.py
[2024-10-22T14:39:30.140+0000] {processor.py:830} INFO - Processing file /home/airflow/.local/lib/python3.12/site-packages/airflow/example_dags/example_xcomargs.py for tasks to queue
[2024-10-22T14:39:30.141+0000] {logging_mixin.py:188} INFO - [2024-10-22T14:39:30.141+0000] {dagbag.py:545} INFO - Filling up the DagBag from /home/airflow/.local/lib/python3.12/site-packages/airflow/example_dags/example_xcomargs.py
[2024-10-22T14:39:30.147+0000] {processor.py:840} INFO - DAG(s) 'example_xcom_args_with_operators', 'example_xcom_args' retrieved from /home/airflow/.local/lib/python3.12/site-packages/airflow/example_dags/example_xcomargs.py
[2024-10-22T14:39:30.162+0000] {logging_mixin.py:188} INFO - [2024-10-22T14:39:30.162+0000] {dag.py:3089} INFO - Sync 2 DAGs
[2024-10-22T14:39:30.171+0000] {logging_mixin.py:188} INFO - [2024-10-22T14:39:30.171+0000] {dag.py:3947} INFO - Setting next_dagrun for example_xcom_args to None, run_after=None
[2024-10-22T14:39:30.174+0000] {logging_mixin.py:188} INFO - [2024-10-22T14:39:30.174+0000] {dag.py:3947} INFO - Setting next_dagrun for example_xcom_args_with_operators to None, run_after=None
[2024-10-22T14:39:30.187+0000] {processor.py:183} INFO - Processing /home/airflow/.local/lib/python3.12/site-packages/airflow/example_dags/example_xcomargs.py took 0.052 seconds
[2024-10-22T14:40:00.485+0000] {processor.py:161} INFO - Started process (PID=3239) to work on /home/airflow/.local/lib/python3.12/site-packages/airflow/example_dags/example_xcomargs.py
[2024-10-22T14:40:00.485+0000] {processor.py:830} INFO - Processing file /home/airflow/.local/lib/python3.12/site-packages/airflow/example_dags/example_xcomargs.py for tasks to queue
[2024-10-22T14:40:00.487+0000] {logging_mixin.py:188} INFO - [2024-10-22T14:40:00.486+0000] {dagbag.py:545} INFO - Filling up the DagBag from /home/airflow/.local/lib/python3.12/site-packages/airflow/example_dags/example_xcomargs.py
[2024-10-22T14:40:00.492+0000] {processor.py:840} INFO - DAG(s) 'example_xcom_args_with_operators', 'example_xcom_args' retrieved from /home/airflow/.local/lib/python3.12/site-packages/airflow/example_dags/example_xcomargs.py
[2024-10-22T14:40:00.508+0000] {logging_mixin.py:188} INFO - [2024-10-22T14:40:00.508+0000] {dag.py:3089} INFO - Sync 2 DAGs
[2024-10-22T14:40:00.516+0000] {logging_mixin.py:188} INFO - [2024-10-22T14:40:00.516+0000] {dag.py:3947} INFO - Setting next_dagrun for example_xcom_args to None, run_after=None
[2024-10-22T14:40:00.519+0000] {logging_mixin.py:188} INFO - [2024-10-22T14:40:00.518+0000] {dag.py:3947} INFO - Setting next_dagrun for example_xcom_args_with_operators to None, run_after=None
[2024-10-22T14:40:00.529+0000] {processor.py:183} INFO - Processing /home/airflow/.local/lib/python3.12/site-packages/airflow/example_dags/example_xcomargs.py took 0.048 seconds
[2024-10-22T14:40:30.673+0000] {processor.py:161} INFO - Started process (PID=3506) to work on /home/airflow/.local/lib/python3.12/site-packages/airflow/example_dags/example_xcomargs.py
[2024-10-22T14:40:30.674+0000] {processor.py:830} INFO - Processing file /home/airflow/.local/lib/python3.12/site-packages/airflow/example_dags/example_xcomargs.py for tasks to queue
[2024-10-22T14:40:30.675+0000] {logging_mixin.py:188} INFO - [2024-10-22T14:40:30.675+0000] {dagbag.py:545} INFO - Filling up the DagBag from /home/airflow/.local/lib/python3.12/site-packages/airflow/example_dags/example_xcomargs.py
[2024-10-22T14:40:30.681+0000] {processor.py:840} INFO - DAG(s) 'example_xcom_args_with_operators', 'example_xcom_args' retrieved from /home/airflow/.local/lib/python3.12/site-packages/airflow/example_dags/example_xcomargs.py
[2024-10-22T14:40:30.696+0000] {logging_mixin.py:188} INFO - [2024-10-22T14:40:30.696+0000] {dag.py:3089} INFO - Sync 2 DAGs
[2024-10-22T14:40:30.705+0000] {logging_mixin.py:188} INFO - [2024-10-22T14:40:30.704+0000] {dag.py:3947} INFO - Setting next_dagrun for example_xcom_args to None, run_after=None
[2024-10-22T14:40:30.707+0000] {logging_mixin.py:188} INFO - [2024-10-22T14:40:30.707+0000] {dag.py:3947} INFO - Setting next_dagrun for example_xcom_args_with_operators to None, run_after=None
[2024-10-22T14:40:30.718+0000] {processor.py:183} INFO - Processing /home/airflow/.local/lib/python3.12/site-packages/airflow/example_dags/example_xcomargs.py took 0.048 seconds
[2024-10-22T14:41:00.871+0000] {processor.py:161} INFO - Started process (PID=3771) to work on /home/airflow/.local/lib/python3.12/site-packages/airflow/example_dags/example_xcomargs.py
[2024-10-22T14:41:00.871+0000] {processor.py:830} INFO - Processing file /home/airflow/.local/lib/python3.12/site-packages/airflow/example_dags/example_xcomargs.py for tasks to queue
[2024-10-22T14:41:00.873+0000] {logging_mixin.py:188} INFO - [2024-10-22T14:41:00.873+0000] {dagbag.py:545} INFO - Filling up the DagBag from /home/airflow/.local/lib/python3.12/site-packages/airflow/example_dags/example_xcomargs.py
[2024-10-22T14:41:00.878+0000] {processor.py:840} INFO - DAG(s) 'example_xcom_args', 'example_xcom_args_with_operators' retrieved from /home/airflow/.local/lib/python3.12/site-packages/airflow/example_dags/example_xcomargs.py
[2024-10-22T14:41:00.895+0000] {logging_mixin.py:188} INFO - [2024-10-22T14:41:00.895+0000] {dag.py:3089} INFO - Sync 2 DAGs
[2024-10-22T14:41:00.905+0000] {logging_mixin.py:188} INFO - [2024-10-22T14:41:00.905+0000] {dag.py:3947} INFO - Setting next_dagrun for example_xcom_args to None, run_after=None
[2024-10-22T14:41:00.908+0000] {logging_mixin.py:188} INFO - [2024-10-22T14:41:00.908+0000] {dag.py:3947} INFO - Setting next_dagrun for example_xcom_args_with_operators to None, run_after=None
[2024-10-22T14:41:00.919+0000] {processor.py:183} INFO - Processing /home/airflow/.local/lib/python3.12/site-packages/airflow/example_dags/example_xcomargs.py took 0.052 seconds
[2024-10-22T14:41:31.009+0000] {processor.py:161} INFO - Started process (PID=4038) to work on /home/airflow/.local/lib/python3.12/site-packages/airflow/example_dags/example_xcomargs.py
[2024-10-22T14:41:31.010+0000] {processor.py:830} INFO - Processing file /home/airflow/.local/lib/python3.12/site-packages/airflow/example_dags/example_xcomargs.py for tasks to queue
[2024-10-22T14:41:31.011+0000] {logging_mixin.py:188} INFO - [2024-10-22T14:41:31.011+0000] {dagbag.py:545} INFO - Filling up the DagBag from /home/airflow/.local/lib/python3.12/site-packages/airflow/example_dags/example_xcomargs.py
[2024-10-22T14:41:31.017+0000] {processor.py:840} INFO - DAG(s) 'example_xcom_args_with_operators', 'example_xcom_args' retrieved from /home/airflow/.local/lib/python3.12/site-packages/airflow/example_dags/example_xcomargs.py
[2024-10-22T14:41:31.034+0000] {logging_mixin.py:188} INFO - [2024-10-22T14:41:31.034+0000] {dag.py:3089} INFO - Sync 2 DAGs
[2024-10-22T14:41:31.044+0000] {logging_mixin.py:188} INFO - [2024-10-22T14:41:31.044+0000] {dag.py:3947} INFO - Setting next_dagrun for example_xcom_args to None, run_after=None
[2024-10-22T14:41:31.047+0000] {logging_mixin.py:188} INFO - [2024-10-22T14:41:31.047+0000] {dag.py:3947} INFO - Setting next_dagrun for example_xcom_args_with_operators to None, run_after=None
[2024-10-22T14:41:31.060+0000] {processor.py:183} INFO - Processing /home/airflow/.local/lib/python3.12/site-packages/airflow/example_dags/example_xcomargs.py took 0.054 seconds
[2024-10-22T14:42:01.130+0000] {processor.py:161} INFO - Started process (PID=4300) to work on /home/airflow/.local/lib/python3.12/site-packages/airflow/example_dags/example_xcomargs.py
[2024-10-22T14:42:01.131+0000] {processor.py:830} INFO - Processing file /home/airflow/.local/lib/python3.12/site-packages/airflow/example_dags/example_xcomargs.py for tasks to queue
[2024-10-22T14:42:01.132+0000] {logging_mixin.py:188} INFO - [2024-10-22T14:42:01.132+0000] {dagbag.py:545} INFO - Filling up the DagBag from /home/airflow/.local/lib/python3.12/site-packages/airflow/example_dags/example_xcomargs.py
[2024-10-22T14:42:01.138+0000] {processor.py:840} INFO - DAG(s) 'example_xcom_args_with_operators', 'example_xcom_args' retrieved from /home/airflow/.local/lib/python3.12/site-packages/airflow/example_dags/example_xcomargs.py
[2024-10-22T14:42:01.152+0000] {logging_mixin.py:188} INFO - [2024-10-22T14:42:01.152+0000] {dag.py:3089} INFO - Sync 2 DAGs
[2024-10-22T14:42:01.160+0000] {logging_mixin.py:188} INFO - [2024-10-22T14:42:01.160+0000] {dag.py:3947} INFO - Setting next_dagrun for example_xcom_args to None, run_after=None
[2024-10-22T14:42:01.163+0000] {logging_mixin.py:188} INFO - [2024-10-22T14:42:01.163+0000] {dag.py:3947} INFO - Setting next_dagrun for example_xcom_args_with_operators to None, run_after=None
[2024-10-22T14:42:01.173+0000] {processor.py:183} INFO - Processing /home/airflow/.local/lib/python3.12/site-packages/airflow/example_dags/example_xcomargs.py took 0.047 seconds
[2024-10-22T14:42:48.262+0000] {processor.py:161} INFO - Started process (PID=300) to work on /home/airflow/.local/lib/python3.12/site-packages/airflow/example_dags/example_xcomargs.py
[2024-10-22T14:42:48.263+0000] {processor.py:830} INFO - Processing file /home/airflow/.local/lib/python3.12/site-packages/airflow/example_dags/example_xcomargs.py for tasks to queue
[2024-10-22T14:42:48.264+0000] {logging_mixin.py:188} INFO - [2024-10-22T14:42:48.264+0000] {dagbag.py:545} INFO - Filling up the DagBag from /home/airflow/.local/lib/python3.12/site-packages/airflow/example_dags/example_xcomargs.py
[2024-10-22T14:42:48.272+0000] {processor.py:840} INFO - DAG(s) 'example_xcom_args_with_operators', 'example_xcom_args' retrieved from /home/airflow/.local/lib/python3.12/site-packages/airflow/example_dags/example_xcomargs.py
[2024-10-22T14:42:48.280+0000] {logging_mixin.py:188} INFO - [2024-10-22T14:42:48.280+0000] {dag.py:3089} INFO - Sync 2 DAGs
[2024-10-22T14:42:48.290+0000] {logging_mixin.py:188} INFO - [2024-10-22T14:42:48.290+0000] {dag.py:3947} INFO - Setting next_dagrun for example_xcom_args to None, run_after=None
[2024-10-22T14:42:48.293+0000] {logging_mixin.py:188} INFO - [2024-10-22T14:42:48.293+0000] {dag.py:3947} INFO - Setting next_dagrun for example_xcom_args_with_operators to None, run_after=None
[2024-10-22T14:42:48.306+0000] {processor.py:183} INFO - Processing /home/airflow/.local/lib/python3.12/site-packages/airflow/example_dags/example_xcomargs.py took 0.048 seconds
[2024-10-22T14:43:19.291+0000] {processor.py:161} INFO - Started process (PID=567) to work on /home/airflow/.local/lib/python3.12/site-packages/airflow/example_dags/example_xcomargs.py
[2024-10-22T14:43:19.291+0000] {processor.py:830} INFO - Processing file /home/airflow/.local/lib/python3.12/site-packages/airflow/example_dags/example_xcomargs.py for tasks to queue
[2024-10-22T14:43:19.293+0000] {logging_mixin.py:188} INFO - [2024-10-22T14:43:19.293+0000] {dagbag.py:545} INFO - Filling up the DagBag from /home/airflow/.local/lib/python3.12/site-packages/airflow/example_dags/example_xcomargs.py
[2024-10-22T14:43:19.298+0000] {processor.py:840} INFO - DAG(s) 'example_xcom_args_with_operators', 'example_xcom_args' retrieved from /home/airflow/.local/lib/python3.12/site-packages/airflow/example_dags/example_xcomargs.py
[2024-10-22T14:43:19.379+0000] {logging_mixin.py:188} INFO - [2024-10-22T14:43:19.378+0000] {dag.py:3089} INFO - Sync 2 DAGs
[2024-10-22T14:43:19.388+0000] {logging_mixin.py:188} INFO - [2024-10-22T14:43:19.388+0000] {dag.py:3947} INFO - Setting next_dagrun for example_xcom_args to None, run_after=None
[2024-10-22T14:43:19.391+0000] {logging_mixin.py:188} INFO - [2024-10-22T14:43:19.391+0000] {dag.py:3947} INFO - Setting next_dagrun for example_xcom_args_with_operators to None, run_after=None
[2024-10-22T14:43:19.403+0000] {processor.py:183} INFO - Processing /home/airflow/.local/lib/python3.12/site-packages/airflow/example_dags/example_xcomargs.py took 0.116 seconds
[2024-10-22T14:43:49.448+0000] {processor.py:161} INFO - Started process (PID=839) to work on /home/airflow/.local/lib/python3.12/site-packages/airflow/example_dags/example_xcomargs.py
[2024-10-22T14:43:49.449+0000] {processor.py:830} INFO - Processing file /home/airflow/.local/lib/python3.12/site-packages/airflow/example_dags/example_xcomargs.py for tasks to queue
[2024-10-22T14:43:49.450+0000] {logging_mixin.py:188} INFO - [2024-10-22T14:43:49.450+0000] {dagbag.py:545} INFO - Filling up the DagBag from /home/airflow/.local/lib/python3.12/site-packages/airflow/example_dags/example_xcomargs.py
[2024-10-22T14:43:49.455+0000] {processor.py:840} INFO - DAG(s) 'example_xcom_args_with_operators', 'example_xcom_args' retrieved from /home/airflow/.local/lib/python3.12/site-packages/airflow/example_dags/example_xcomargs.py
[2024-10-22T14:43:49.471+0000] {logging_mixin.py:188} INFO - [2024-10-22T14:43:49.470+0000] {dag.py:3089} INFO - Sync 2 DAGs
[2024-10-22T14:43:49.479+0000] {logging_mixin.py:188} INFO - [2024-10-22T14:43:49.479+0000] {dag.py:3947} INFO - Setting next_dagrun for example_xcom_args to None, run_after=None
[2024-10-22T14:43:49.481+0000] {logging_mixin.py:188} INFO - [2024-10-22T14:43:49.481+0000] {dag.py:3947} INFO - Setting next_dagrun for example_xcom_args_with_operators to None, run_after=None
[2024-10-22T14:43:49.491+0000] {processor.py:183} INFO - Processing /home/airflow/.local/lib/python3.12/site-packages/airflow/example_dags/example_xcomargs.py took 0.047 seconds
[2024-10-22T14:44:19.539+0000] {processor.py:161} INFO - Started process (PID=1104) to work on /home/airflow/.local/lib/python3.12/site-packages/airflow/example_dags/example_xcomargs.py
[2024-10-22T14:44:19.539+0000] {processor.py:830} INFO - Processing file /home/airflow/.local/lib/python3.12/site-packages/airflow/example_dags/example_xcomargs.py for tasks to queue
[2024-10-22T14:44:19.540+0000] {logging_mixin.py:188} INFO - [2024-10-22T14:44:19.540+0000] {dagbag.py:545} INFO - Filling up the DagBag from /home/airflow/.local/lib/python3.12/site-packages/airflow/example_dags/example_xcomargs.py
[2024-10-22T14:44:19.546+0000] {processor.py:840} INFO - DAG(s) 'example_xcom_args', 'example_xcom_args_with_operators' retrieved from /home/airflow/.local/lib/python3.12/site-packages/airflow/example_dags/example_xcomargs.py
[2024-10-22T14:44:19.563+0000] {logging_mixin.py:188} INFO - [2024-10-22T14:44:19.563+0000] {dag.py:3089} INFO - Sync 2 DAGs
[2024-10-22T14:44:19.572+0000] {logging_mixin.py:188} INFO - [2024-10-22T14:44:19.572+0000] {dag.py:3947} INFO - Setting next_dagrun for example_xcom_args to None, run_after=None
[2024-10-22T14:44:19.575+0000] {logging_mixin.py:188} INFO - [2024-10-22T14:44:19.574+0000] {dag.py:3947} INFO - Setting next_dagrun for example_xcom_args_with_operators to None, run_after=None
[2024-10-22T14:44:19.585+0000] {processor.py:183} INFO - Processing /home/airflow/.local/lib/python3.12/site-packages/airflow/example_dags/example_xcomargs.py took 0.050 seconds
[2024-10-22T14:44:49.777+0000] {processor.py:161} INFO - Started process (PID=1371) to work on /home/airflow/.local/lib/python3.12/site-packages/airflow/example_dags/example_xcomargs.py
[2024-10-22T14:44:49.777+0000] {processor.py:830} INFO - Processing file /home/airflow/.local/lib/python3.12/site-packages/airflow/example_dags/example_xcomargs.py for tasks to queue
[2024-10-22T14:44:49.779+0000] {logging_mixin.py:188} INFO - [2024-10-22T14:44:49.778+0000] {dagbag.py:545} INFO - Filling up the DagBag from /home/airflow/.local/lib/python3.12/site-packages/airflow/example_dags/example_xcomargs.py
[2024-10-22T14:44:49.784+0000] {processor.py:840} INFO - DAG(s) 'example_xcom_args_with_operators', 'example_xcom_args' retrieved from /home/airflow/.local/lib/python3.12/site-packages/airflow/example_dags/example_xcomargs.py
[2024-10-22T14:44:49.801+0000] {logging_mixin.py:188} INFO - [2024-10-22T14:44:49.800+0000] {dag.py:3089} INFO - Sync 2 DAGs
[2024-10-22T14:44:49.809+0000] {logging_mixin.py:188} INFO - [2024-10-22T14:44:49.809+0000] {dag.py:3947} INFO - Setting next_dagrun for example_xcom_args to None, run_after=None
[2024-10-22T14:44:49.812+0000] {logging_mixin.py:188} INFO - [2024-10-22T14:44:49.812+0000] {dag.py:3947} INFO - Setting next_dagrun for example_xcom_args_with_operators to None, run_after=None
[2024-10-22T14:44:49.823+0000] {processor.py:183} INFO - Processing /home/airflow/.local/lib/python3.12/site-packages/airflow/example_dags/example_xcomargs.py took 0.050 seconds
[2024-10-22T14:45:20.268+0000] {processor.py:161} INFO - Started process (PID=1638) to work on /home/airflow/.local/lib/python3.12/site-packages/airflow/example_dags/example_xcomargs.py
[2024-10-22T14:45:20.269+0000] {processor.py:830} INFO - Processing file /home/airflow/.local/lib/python3.12/site-packages/airflow/example_dags/example_xcomargs.py for tasks to queue
[2024-10-22T14:45:20.270+0000] {logging_mixin.py:188} INFO - [2024-10-22T14:45:20.270+0000] {dagbag.py:545} INFO - Filling up the DagBag from /home/airflow/.local/lib/python3.12/site-packages/airflow/example_dags/example_xcomargs.py
[2024-10-22T14:45:20.275+0000] {processor.py:840} INFO - DAG(s) 'example_xcom_args', 'example_xcom_args_with_operators' retrieved from /home/airflow/.local/lib/python3.12/site-packages/airflow/example_dags/example_xcomargs.py
[2024-10-22T14:45:20.292+0000] {logging_mixin.py:188} INFO - [2024-10-22T14:45:20.292+0000] {dag.py:3089} INFO - Sync 2 DAGs
[2024-10-22T14:45:20.301+0000] {logging_mixin.py:188} INFO - [2024-10-22T14:45:20.301+0000] {dag.py:3947} INFO - Setting next_dagrun for example_xcom_args to None, run_after=None
[2024-10-22T14:45:20.304+0000] {logging_mixin.py:188} INFO - [2024-10-22T14:45:20.304+0000] {dag.py:3947} INFO - Setting next_dagrun for example_xcom_args_with_operators to None, run_after=None
[2024-10-22T14:45:20.316+0000] {processor.py:183} INFO - Processing /home/airflow/.local/lib/python3.12/site-packages/airflow/example_dags/example_xcomargs.py took 0.052 seconds
[2024-10-22T14:45:50.755+0000] {processor.py:161} INFO - Started process (PID=1905) to work on /home/airflow/.local/lib/python3.12/site-packages/airflow/example_dags/example_xcomargs.py
[2024-10-22T14:45:50.756+0000] {processor.py:830} INFO - Processing file /home/airflow/.local/lib/python3.12/site-packages/airflow/example_dags/example_xcomargs.py for tasks to queue
[2024-10-22T14:45:50.758+0000] {logging_mixin.py:188} INFO - [2024-10-22T14:45:50.757+0000] {dagbag.py:545} INFO - Filling up the DagBag from /home/airflow/.local/lib/python3.12/site-packages/airflow/example_dags/example_xcomargs.py
[2024-10-22T14:45:50.764+0000] {processor.py:840} INFO - DAG(s) 'example_xcom_args', 'example_xcom_args_with_operators' retrieved from /home/airflow/.local/lib/python3.12/site-packages/airflow/example_dags/example_xcomargs.py
[2024-10-22T14:45:50.781+0000] {logging_mixin.py:188} INFO - [2024-10-22T14:45:50.781+0000] {dag.py:3089} INFO - Sync 2 DAGs
[2024-10-22T14:45:50.793+0000] {logging_mixin.py:188} INFO - [2024-10-22T14:45:50.793+0000] {dag.py:3947} INFO - Setting next_dagrun for example_xcom_args to None, run_after=None
[2024-10-22T14:45:50.796+0000] {logging_mixin.py:188} INFO - [2024-10-22T14:45:50.796+0000] {dag.py:3947} INFO - Setting next_dagrun for example_xcom_args_with_operators to None, run_after=None
[2024-10-22T14:45:50.809+0000] {processor.py:183} INFO - Processing /home/airflow/.local/lib/python3.12/site-packages/airflow/example_dags/example_xcomargs.py took 0.058 seconds
[2024-10-22T14:46:21.500+0000] {processor.py:161} INFO - Started process (PID=2172) to work on /home/airflow/.local/lib/python3.12/site-packages/airflow/example_dags/example_xcomargs.py
[2024-10-22T14:46:21.501+0000] {processor.py:830} INFO - Processing file /home/airflow/.local/lib/python3.12/site-packages/airflow/example_dags/example_xcomargs.py for tasks to queue
[2024-10-22T14:46:21.503+0000] {logging_mixin.py:188} INFO - [2024-10-22T14:46:21.503+0000] {dagbag.py:545} INFO - Filling up the DagBag from /home/airflow/.local/lib/python3.12/site-packages/airflow/example_dags/example_xcomargs.py
[2024-10-22T14:46:21.512+0000] {processor.py:840} INFO - DAG(s) 'example_xcom_args_with_operators', 'example_xcom_args' retrieved from /home/airflow/.local/lib/python3.12/site-packages/airflow/example_dags/example_xcomargs.py
[2024-10-22T14:46:21.533+0000] {logging_mixin.py:188} INFO - [2024-10-22T14:46:21.533+0000] {dag.py:3089} INFO - Sync 2 DAGs
[2024-10-22T14:46:21.547+0000] {logging_mixin.py:188} INFO - [2024-10-22T14:46:21.546+0000] {dag.py:3947} INFO - Setting next_dagrun for example_xcom_args to None, run_after=None
[2024-10-22T14:46:21.551+0000] {logging_mixin.py:188} INFO - [2024-10-22T14:46:21.551+0000] {dag.py:3947} INFO - Setting next_dagrun for example_xcom_args_with_operators to None, run_after=None
[2024-10-22T14:46:21.566+0000] {processor.py:183} INFO - Processing /home/airflow/.local/lib/python3.12/site-packages/airflow/example_dags/example_xcomargs.py took 0.070 seconds
[2024-10-22T14:46:52.485+0000] {processor.py:161} INFO - Started process (PID=2442) to work on /home/airflow/.local/lib/python3.12/site-packages/airflow/example_dags/example_xcomargs.py
[2024-10-22T14:46:52.486+0000] {processor.py:830} INFO - Processing file /home/airflow/.local/lib/python3.12/site-packages/airflow/example_dags/example_xcomargs.py for tasks to queue
[2024-10-22T14:46:52.487+0000] {logging_mixin.py:188} INFO - [2024-10-22T14:46:52.487+0000] {dagbag.py:545} INFO - Filling up the DagBag from /home/airflow/.local/lib/python3.12/site-packages/airflow/example_dags/example_xcomargs.py
[2024-10-22T14:46:52.493+0000] {processor.py:840} INFO - DAG(s) 'example_xcom_args_with_operators', 'example_xcom_args' retrieved from /home/airflow/.local/lib/python3.12/site-packages/airflow/example_dags/example_xcomargs.py
[2024-10-22T14:46:52.509+0000] {logging_mixin.py:188} INFO - [2024-10-22T14:46:52.508+0000] {dag.py:3089} INFO - Sync 2 DAGs
[2024-10-22T14:46:52.517+0000] {logging_mixin.py:188} INFO - [2024-10-22T14:46:52.517+0000] {dag.py:3947} INFO - Setting next_dagrun for example_xcom_args to None, run_after=None
[2024-10-22T14:46:52.520+0000] {logging_mixin.py:188} INFO - [2024-10-22T14:46:52.520+0000] {dag.py:3947} INFO - Setting next_dagrun for example_xcom_args_with_operators to None, run_after=None
[2024-10-22T14:46:52.532+0000] {processor.py:183} INFO - Processing /home/airflow/.local/lib/python3.12/site-packages/airflow/example_dags/example_xcomargs.py took 0.051 seconds
[2024-10-22T14:47:22.891+0000] {processor.py:161} INFO - Started process (PID=2711) to work on /home/airflow/.local/lib/python3.12/site-packages/airflow/example_dags/example_xcomargs.py
[2024-10-22T14:47:22.892+0000] {processor.py:830} INFO - Processing file /home/airflow/.local/lib/python3.12/site-packages/airflow/example_dags/example_xcomargs.py for tasks to queue
[2024-10-22T14:47:22.893+0000] {logging_mixin.py:188} INFO - [2024-10-22T14:47:22.893+0000] {dagbag.py:545} INFO - Filling up the DagBag from /home/airflow/.local/lib/python3.12/site-packages/airflow/example_dags/example_xcomargs.py
[2024-10-22T14:47:22.899+0000] {processor.py:840} INFO - DAG(s) 'example_xcom_args_with_operators', 'example_xcom_args' retrieved from /home/airflow/.local/lib/python3.12/site-packages/airflow/example_dags/example_xcomargs.py
[2024-10-22T14:47:22.916+0000] {logging_mixin.py:188} INFO - [2024-10-22T14:47:22.916+0000] {dag.py:3089} INFO - Sync 2 DAGs
[2024-10-22T14:47:22.926+0000] {logging_mixin.py:188} INFO - [2024-10-22T14:47:22.926+0000] {dag.py:3947} INFO - Setting next_dagrun for example_xcom_args to None, run_after=None
[2024-10-22T14:47:22.929+0000] {logging_mixin.py:188} INFO - [2024-10-22T14:47:22.929+0000] {dag.py:3947} INFO - Setting next_dagrun for example_xcom_args_with_operators to None, run_after=None
[2024-10-22T14:47:22.942+0000] {processor.py:183} INFO - Processing /home/airflow/.local/lib/python3.12/site-packages/airflow/example_dags/example_xcomargs.py took 0.054 seconds
[2024-10-22T14:47:53.202+0000] {processor.py:161} INFO - Started process (PID=2978) to work on /home/airflow/.local/lib/python3.12/site-packages/airflow/example_dags/example_xcomargs.py
[2024-10-22T14:47:53.203+0000] {processor.py:830} INFO - Processing file /home/airflow/.local/lib/python3.12/site-packages/airflow/example_dags/example_xcomargs.py for tasks to queue
[2024-10-22T14:47:53.204+0000] {logging_mixin.py:188} INFO - [2024-10-22T14:47:53.204+0000] {dagbag.py:545} INFO - Filling up the DagBag from /home/airflow/.local/lib/python3.12/site-packages/airflow/example_dags/example_xcomargs.py
[2024-10-22T14:47:53.210+0000] {processor.py:840} INFO - DAG(s) 'example_xcom_args', 'example_xcom_args_with_operators' retrieved from /home/airflow/.local/lib/python3.12/site-packages/airflow/example_dags/example_xcomargs.py
[2024-10-22T14:47:53.226+0000] {logging_mixin.py:188} INFO - [2024-10-22T14:47:53.226+0000] {dag.py:3089} INFO - Sync 2 DAGs
[2024-10-22T14:47:53.235+0000] {logging_mixin.py:188} INFO - [2024-10-22T14:47:53.235+0000] {dag.py:3947} INFO - Setting next_dagrun for example_xcom_args to None, run_after=None
[2024-10-22T14:47:53.238+0000] {logging_mixin.py:188} INFO - [2024-10-22T14:47:53.238+0000] {dag.py:3947} INFO - Setting next_dagrun for example_xcom_args_with_operators to None, run_after=None
[2024-10-22T14:47:53.249+0000] {processor.py:183} INFO - Processing /home/airflow/.local/lib/python3.12/site-packages/airflow/example_dags/example_xcomargs.py took 0.050 seconds
[2024-10-22T14:48:23.479+0000] {processor.py:161} INFO - Started process (PID=3243) to work on /home/airflow/.local/lib/python3.12/site-packages/airflow/example_dags/example_xcomargs.py
[2024-10-22T14:48:23.480+0000] {processor.py:830} INFO - Processing file /home/airflow/.local/lib/python3.12/site-packages/airflow/example_dags/example_xcomargs.py for tasks to queue
[2024-10-22T14:48:23.482+0000] {logging_mixin.py:188} INFO - [2024-10-22T14:48:23.481+0000] {dagbag.py:545} INFO - Filling up the DagBag from /home/airflow/.local/lib/python3.12/site-packages/airflow/example_dags/example_xcomargs.py
[2024-10-22T14:48:23.487+0000] {processor.py:840} INFO - DAG(s) 'example_xcom_args_with_operators', 'example_xcom_args' retrieved from /home/airflow/.local/lib/python3.12/site-packages/airflow/example_dags/example_xcomargs.py
[2024-10-22T14:48:23.503+0000] {logging_mixin.py:188} INFO - [2024-10-22T14:48:23.503+0000] {dag.py:3089} INFO - Sync 2 DAGs
[2024-10-22T14:48:23.512+0000] {logging_mixin.py:188} INFO - [2024-10-22T14:48:23.512+0000] {dag.py:3947} INFO - Setting next_dagrun for example_xcom_args to None, run_after=None
[2024-10-22T14:48:23.514+0000] {logging_mixin.py:188} INFO - [2024-10-22T14:48:23.514+0000] {dag.py:3947} INFO - Setting next_dagrun for example_xcom_args_with_operators to None, run_after=None
[2024-10-22T14:48:23.526+0000] {processor.py:183} INFO - Processing /home/airflow/.local/lib/python3.12/site-packages/airflow/example_dags/example_xcomargs.py took 0.050 seconds
[2024-10-22T14:48:53.858+0000] {processor.py:161} INFO - Started process (PID=3510) to work on /home/airflow/.local/lib/python3.12/site-packages/airflow/example_dags/example_xcomargs.py
[2024-10-22T14:48:53.859+0000] {processor.py:830} INFO - Processing file /home/airflow/.local/lib/python3.12/site-packages/airflow/example_dags/example_xcomargs.py for tasks to queue
[2024-10-22T14:48:53.860+0000] {logging_mixin.py:188} INFO - [2024-10-22T14:48:53.860+0000] {dagbag.py:545} INFO - Filling up the DagBag from /home/airflow/.local/lib/python3.12/site-packages/airflow/example_dags/example_xcomargs.py
[2024-10-22T14:48:53.866+0000] {processor.py:840} INFO - DAG(s) 'example_xcom_args_with_operators', 'example_xcom_args' retrieved from /home/airflow/.local/lib/python3.12/site-packages/airflow/example_dags/example_xcomargs.py
[2024-10-22T14:48:53.882+0000] {logging_mixin.py:188} INFO - [2024-10-22T14:48:53.882+0000] {dag.py:3089} INFO - Sync 2 DAGs
[2024-10-22T14:48:53.891+0000] {logging_mixin.py:188} INFO - [2024-10-22T14:48:53.891+0000] {dag.py:3947} INFO - Setting next_dagrun for example_xcom_args to None, run_after=None
[2024-10-22T14:48:53.893+0000] {logging_mixin.py:188} INFO - [2024-10-22T14:48:53.893+0000] {dag.py:3947} INFO - Setting next_dagrun for example_xcom_args_with_operators to None, run_after=None
[2024-10-22T14:48:53.904+0000] {processor.py:183} INFO - Processing /home/airflow/.local/lib/python3.12/site-packages/airflow/example_dags/example_xcomargs.py took 0.050 seconds
[2024-10-22T14:49:24.450+0000] {processor.py:161} INFO - Started process (PID=3779) to work on /home/airflow/.local/lib/python3.12/site-packages/airflow/example_dags/example_xcomargs.py
[2024-10-22T14:49:24.451+0000] {processor.py:830} INFO - Processing file /home/airflow/.local/lib/python3.12/site-packages/airflow/example_dags/example_xcomargs.py for tasks to queue
[2024-10-22T14:49:24.452+0000] {logging_mixin.py:188} INFO - [2024-10-22T14:49:24.452+0000] {dagbag.py:545} INFO - Filling up the DagBag from /home/airflow/.local/lib/python3.12/site-packages/airflow/example_dags/example_xcomargs.py
[2024-10-22T14:49:24.458+0000] {processor.py:840} INFO - DAG(s) 'example_xcom_args_with_operators', 'example_xcom_args' retrieved from /home/airflow/.local/lib/python3.12/site-packages/airflow/example_dags/example_xcomargs.py
[2024-10-22T14:49:24.475+0000] {logging_mixin.py:188} INFO - [2024-10-22T14:49:24.475+0000] {dag.py:3089} INFO - Sync 2 DAGs
[2024-10-22T14:49:24.484+0000] {logging_mixin.py:188} INFO - [2024-10-22T14:49:24.484+0000] {dag.py:3947} INFO - Setting next_dagrun for example_xcom_args to None, run_after=None
[2024-10-22T14:49:24.487+0000] {logging_mixin.py:188} INFO - [2024-10-22T14:49:24.487+0000] {dag.py:3947} INFO - Setting next_dagrun for example_xcom_args_with_operators to None, run_after=None
[2024-10-22T14:49:24.499+0000] {processor.py:183} INFO - Processing /home/airflow/.local/lib/python3.12/site-packages/airflow/example_dags/example_xcomargs.py took 0.052 seconds
[2024-10-22T14:49:54.772+0000] {processor.py:161} INFO - Started process (PID=4046) to work on /home/airflow/.local/lib/python3.12/site-packages/airflow/example_dags/example_xcomargs.py
[2024-10-22T14:49:54.773+0000] {processor.py:830} INFO - Processing file /home/airflow/.local/lib/python3.12/site-packages/airflow/example_dags/example_xcomargs.py for tasks to queue
[2024-10-22T14:49:54.774+0000] {logging_mixin.py:188} INFO - [2024-10-22T14:49:54.774+0000] {dagbag.py:545} INFO - Filling up the DagBag from /home/airflow/.local/lib/python3.12/site-packages/airflow/example_dags/example_xcomargs.py
[2024-10-22T14:49:54.780+0000] {processor.py:840} INFO - DAG(s) 'example_xcom_args_with_operators', 'example_xcom_args' retrieved from /home/airflow/.local/lib/python3.12/site-packages/airflow/example_dags/example_xcomargs.py
[2024-10-22T14:49:54.796+0000] {logging_mixin.py:188} INFO - [2024-10-22T14:49:54.796+0000] {dag.py:3089} INFO - Sync 2 DAGs
[2024-10-22T14:49:54.805+0000] {logging_mixin.py:188} INFO - [2024-10-22T14:49:54.805+0000] {dag.py:3947} INFO - Setting next_dagrun for example_xcom_args to None, run_after=None
[2024-10-22T14:49:54.807+0000] {logging_mixin.py:188} INFO - [2024-10-22T14:49:54.807+0000] {dag.py:3947} INFO - Setting next_dagrun for example_xcom_args_with_operators to None, run_after=None
[2024-10-22T14:49:54.818+0000] {processor.py:183} INFO - Processing /home/airflow/.local/lib/python3.12/site-packages/airflow/example_dags/example_xcomargs.py took 0.049 seconds
[2024-10-22T14:50:24.902+0000] {processor.py:161} INFO - Started process (PID=4311) to work on /home/airflow/.local/lib/python3.12/site-packages/airflow/example_dags/example_xcomargs.py
[2024-10-22T14:50:24.903+0000] {processor.py:830} INFO - Processing file /home/airflow/.local/lib/python3.12/site-packages/airflow/example_dags/example_xcomargs.py for tasks to queue
[2024-10-22T14:50:24.904+0000] {logging_mixin.py:188} INFO - [2024-10-22T14:50:24.904+0000] {dagbag.py:545} INFO - Filling up the DagBag from /home/airflow/.local/lib/python3.12/site-packages/airflow/example_dags/example_xcomargs.py
[2024-10-22T14:50:24.910+0000] {processor.py:840} INFO - DAG(s) 'example_xcom_args', 'example_xcom_args_with_operators' retrieved from /home/airflow/.local/lib/python3.12/site-packages/airflow/example_dags/example_xcomargs.py
[2024-10-22T14:50:24.928+0000] {logging_mixin.py:188} INFO - [2024-10-22T14:50:24.928+0000] {dag.py:3089} INFO - Sync 2 DAGs
[2024-10-22T14:50:24.937+0000] {logging_mixin.py:188} INFO - [2024-10-22T14:50:24.937+0000] {dag.py:3947} INFO - Setting next_dagrun for example_xcom_args to None, run_after=None
[2024-10-22T14:50:24.940+0000] {logging_mixin.py:188} INFO - [2024-10-22T14:50:24.940+0000] {dag.py:3947} INFO - Setting next_dagrun for example_xcom_args_with_operators to None, run_after=None
[2024-10-22T14:50:24.952+0000] {processor.py:183} INFO - Processing /home/airflow/.local/lib/python3.12/site-packages/airflow/example_dags/example_xcomargs.py took 0.053 seconds
[2024-10-22T14:50:55.362+0000] {processor.py:161} INFO - Started process (PID=4578) to work on /home/airflow/.local/lib/python3.12/site-packages/airflow/example_dags/example_xcomargs.py
[2024-10-22T14:50:55.363+0000] {processor.py:830} INFO - Processing file /home/airflow/.local/lib/python3.12/site-packages/airflow/example_dags/example_xcomargs.py for tasks to queue
[2024-10-22T14:50:55.364+0000] {logging_mixin.py:188} INFO - [2024-10-22T14:50:55.364+0000] {dagbag.py:545} INFO - Filling up the DagBag from /home/airflow/.local/lib/python3.12/site-packages/airflow/example_dags/example_xcomargs.py
[2024-10-22T14:50:55.370+0000] {processor.py:840} INFO - DAG(s) 'example_xcom_args', 'example_xcom_args_with_operators' retrieved from /home/airflow/.local/lib/python3.12/site-packages/airflow/example_dags/example_xcomargs.py
[2024-10-22T14:50:55.387+0000] {logging_mixin.py:188} INFO - [2024-10-22T14:50:55.387+0000] {dag.py:3089} INFO - Sync 2 DAGs
[2024-10-22T14:50:55.395+0000] {logging_mixin.py:188} INFO - [2024-10-22T14:50:55.395+0000] {dag.py:3947} INFO - Setting next_dagrun for example_xcom_args to None, run_after=None
[2024-10-22T14:50:55.398+0000] {logging_mixin.py:188} INFO - [2024-10-22T14:50:55.398+0000] {dag.py:3947} INFO - Setting next_dagrun for example_xcom_args_with_operators to None, run_after=None
[2024-10-22T14:50:55.409+0000] {processor.py:183} INFO - Processing /home/airflow/.local/lib/python3.12/site-packages/airflow/example_dags/example_xcomargs.py took 0.050 seconds
[2024-10-22T14:51:25.792+0000] {processor.py:161} INFO - Started process (PID=4845) to work on /home/airflow/.local/lib/python3.12/site-packages/airflow/example_dags/example_xcomargs.py
[2024-10-22T14:51:25.793+0000] {processor.py:830} INFO - Processing file /home/airflow/.local/lib/python3.12/site-packages/airflow/example_dags/example_xcomargs.py for tasks to queue
[2024-10-22T14:51:25.794+0000] {logging_mixin.py:188} INFO - [2024-10-22T14:51:25.794+0000] {dagbag.py:545} INFO - Filling up the DagBag from /home/airflow/.local/lib/python3.12/site-packages/airflow/example_dags/example_xcomargs.py
[2024-10-22T14:51:25.801+0000] {processor.py:840} INFO - DAG(s) 'example_xcom_args', 'example_xcom_args_with_operators' retrieved from /home/airflow/.local/lib/python3.12/site-packages/airflow/example_dags/example_xcomargs.py
[2024-10-22T14:51:25.818+0000] {logging_mixin.py:188} INFO - [2024-10-22T14:51:25.818+0000] {dag.py:3089} INFO - Sync 2 DAGs
[2024-10-22T14:51:25.827+0000] {logging_mixin.py:188} INFO - [2024-10-22T14:51:25.827+0000] {dag.py:3947} INFO - Setting next_dagrun for example_xcom_args to None, run_after=None
[2024-10-22T14:51:25.830+0000] {logging_mixin.py:188} INFO - [2024-10-22T14:51:25.830+0000] {dag.py:3947} INFO - Setting next_dagrun for example_xcom_args_with_operators to None, run_after=None
[2024-10-22T14:51:25.842+0000] {processor.py:183} INFO - Processing /home/airflow/.local/lib/python3.12/site-packages/airflow/example_dags/example_xcomargs.py took 0.054 seconds
[2024-10-22T14:51:56.198+0000] {processor.py:161} INFO - Started process (PID=5112) to work on /home/airflow/.local/lib/python3.12/site-packages/airflow/example_dags/example_xcomargs.py
[2024-10-22T14:51:56.199+0000] {processor.py:830} INFO - Processing file /home/airflow/.local/lib/python3.12/site-packages/airflow/example_dags/example_xcomargs.py for tasks to queue
[2024-10-22T14:51:56.200+0000] {logging_mixin.py:188} INFO - [2024-10-22T14:51:56.200+0000] {dagbag.py:545} INFO - Filling up the DagBag from /home/airflow/.local/lib/python3.12/site-packages/airflow/example_dags/example_xcomargs.py
[2024-10-22T14:51:56.205+0000] {processor.py:840} INFO - DAG(s) 'example_xcom_args_with_operators', 'example_xcom_args' retrieved from /home/airflow/.local/lib/python3.12/site-packages/airflow/example_dags/example_xcomargs.py
[2024-10-22T14:51:56.221+0000] {logging_mixin.py:188} INFO - [2024-10-22T14:51:56.221+0000] {dag.py:3089} INFO - Sync 2 DAGs
[2024-10-22T14:51:56.230+0000] {logging_mixin.py:188} INFO - [2024-10-22T14:51:56.230+0000] {dag.py:3947} INFO - Setting next_dagrun for example_xcom_args to None, run_after=None
[2024-10-22T14:51:56.232+0000] {logging_mixin.py:188} INFO - [2024-10-22T14:51:56.232+0000] {dag.py:3947} INFO - Setting next_dagrun for example_xcom_args_with_operators to None, run_after=None
[2024-10-22T14:51:56.243+0000] {processor.py:183} INFO - Processing /home/airflow/.local/lib/python3.12/site-packages/airflow/example_dags/example_xcomargs.py took 0.049 seconds
[2024-10-22T14:52:26.586+0000] {processor.py:161} INFO - Started process (PID=5379) to work on /home/airflow/.local/lib/python3.12/site-packages/airflow/example_dags/example_xcomargs.py
[2024-10-22T14:52:26.587+0000] {processor.py:830} INFO - Processing file /home/airflow/.local/lib/python3.12/site-packages/airflow/example_dags/example_xcomargs.py for tasks to queue
[2024-10-22T14:52:26.588+0000] {logging_mixin.py:188} INFO - [2024-10-22T14:52:26.588+0000] {dagbag.py:545} INFO - Filling up the DagBag from /home/airflow/.local/lib/python3.12/site-packages/airflow/example_dags/example_xcomargs.py
[2024-10-22T14:52:26.594+0000] {processor.py:840} INFO - DAG(s) 'example_xcom_args_with_operators', 'example_xcom_args' retrieved from /home/airflow/.local/lib/python3.12/site-packages/airflow/example_dags/example_xcomargs.py
[2024-10-22T14:52:26.611+0000] {logging_mixin.py:188} INFO - [2024-10-22T14:52:26.611+0000] {dag.py:3089} INFO - Sync 2 DAGs
[2024-10-22T14:52:26.621+0000] {logging_mixin.py:188} INFO - [2024-10-22T14:52:26.620+0000] {dag.py:3947} INFO - Setting next_dagrun for example_xcom_args to None, run_after=None
[2024-10-22T14:52:26.624+0000] {logging_mixin.py:188} INFO - [2024-10-22T14:52:26.624+0000] {dag.py:3947} INFO - Setting next_dagrun for example_xcom_args_with_operators to None, run_after=None
[2024-10-22T14:52:26.637+0000] {processor.py:183} INFO - Processing /home/airflow/.local/lib/python3.12/site-packages/airflow/example_dags/example_xcomargs.py took 0.054 seconds
[2024-10-22T14:52:56.918+0000] {processor.py:161} INFO - Started process (PID=5649) to work on /home/airflow/.local/lib/python3.12/site-packages/airflow/example_dags/example_xcomargs.py
[2024-10-22T14:52:56.919+0000] {processor.py:830} INFO - Processing file /home/airflow/.local/lib/python3.12/site-packages/airflow/example_dags/example_xcomargs.py for tasks to queue
[2024-10-22T14:52:56.920+0000] {logging_mixin.py:188} INFO - [2024-10-22T14:52:56.920+0000] {dagbag.py:545} INFO - Filling up the DagBag from /home/airflow/.local/lib/python3.12/site-packages/airflow/example_dags/example_xcomargs.py
[2024-10-22T14:52:56.926+0000] {processor.py:840} INFO - DAG(s) 'example_xcom_args_with_operators', 'example_xcom_args' retrieved from /home/airflow/.local/lib/python3.12/site-packages/airflow/example_dags/example_xcomargs.py
[2024-10-22T14:52:56.942+0000] {logging_mixin.py:188} INFO - [2024-10-22T14:52:56.941+0000] {dag.py:3089} INFO - Sync 2 DAGs
[2024-10-22T14:52:56.952+0000] {logging_mixin.py:188} INFO - [2024-10-22T14:52:56.952+0000] {dag.py:3947} INFO - Setting next_dagrun for example_xcom_args to None, run_after=None
[2024-10-22T14:52:56.955+0000] {logging_mixin.py:188} INFO - [2024-10-22T14:52:56.955+0000] {dag.py:3947} INFO - Setting next_dagrun for example_xcom_args_with_operators to None, run_after=None
[2024-10-22T14:52:56.966+0000] {processor.py:183} INFO - Processing /home/airflow/.local/lib/python3.12/site-packages/airflow/example_dags/example_xcomargs.py took 0.052 seconds
[2024-10-22T14:53:27.234+0000] {processor.py:161} INFO - Started process (PID=5916) to work on /home/airflow/.local/lib/python3.12/site-packages/airflow/example_dags/example_xcomargs.py
[2024-10-22T14:53:27.234+0000] {processor.py:830} INFO - Processing file /home/airflow/.local/lib/python3.12/site-packages/airflow/example_dags/example_xcomargs.py for tasks to queue
[2024-10-22T14:53:27.236+0000] {logging_mixin.py:188} INFO - [2024-10-22T14:53:27.235+0000] {dagbag.py:545} INFO - Filling up the DagBag from /home/airflow/.local/lib/python3.12/site-packages/airflow/example_dags/example_xcomargs.py
[2024-10-22T14:53:27.241+0000] {processor.py:840} INFO - DAG(s) 'example_xcom_args', 'example_xcom_args_with_operators' retrieved from /home/airflow/.local/lib/python3.12/site-packages/airflow/example_dags/example_xcomargs.py
[2024-10-22T14:53:27.257+0000] {logging_mixin.py:188} INFO - [2024-10-22T14:53:27.257+0000] {dag.py:3089} INFO - Sync 2 DAGs
[2024-10-22T14:53:27.266+0000] {logging_mixin.py:188} INFO - [2024-10-22T14:53:27.266+0000] {dag.py:3947} INFO - Setting next_dagrun for example_xcom_args to None, run_after=None
[2024-10-22T14:53:27.269+0000] {logging_mixin.py:188} INFO - [2024-10-22T14:53:27.269+0000] {dag.py:3947} INFO - Setting next_dagrun for example_xcom_args_with_operators to None, run_after=None
[2024-10-22T14:53:27.280+0000] {processor.py:183} INFO - Processing /home/airflow/.local/lib/python3.12/site-packages/airflow/example_dags/example_xcomargs.py took 0.051 seconds
[2024-10-22T14:53:57.680+0000] {processor.py:161} INFO - Started process (PID=6183) to work on /home/airflow/.local/lib/python3.12/site-packages/airflow/example_dags/example_xcomargs.py
[2024-10-22T14:53:57.680+0000] {processor.py:830} INFO - Processing file /home/airflow/.local/lib/python3.12/site-packages/airflow/example_dags/example_xcomargs.py for tasks to queue
[2024-10-22T14:53:57.682+0000] {logging_mixin.py:188} INFO - [2024-10-22T14:53:57.681+0000] {dagbag.py:545} INFO - Filling up the DagBag from /home/airflow/.local/lib/python3.12/site-packages/airflow/example_dags/example_xcomargs.py
[2024-10-22T14:53:57.687+0000] {processor.py:840} INFO - DAG(s) 'example_xcom_args_with_operators', 'example_xcom_args' retrieved from /home/airflow/.local/lib/python3.12/site-packages/airflow/example_dags/example_xcomargs.py
[2024-10-22T14:53:57.705+0000] {logging_mixin.py:188} INFO - [2024-10-22T14:53:57.704+0000] {dag.py:3089} INFO - Sync 2 DAGs
[2024-10-22T14:53:57.714+0000] {logging_mixin.py:188} INFO - [2024-10-22T14:53:57.713+0000] {dag.py:3947} INFO - Setting next_dagrun for example_xcom_args to None, run_after=None
[2024-10-22T14:53:57.717+0000] {logging_mixin.py:188} INFO - [2024-10-22T14:53:57.717+0000] {dag.py:3947} INFO - Setting next_dagrun for example_xcom_args_with_operators to None, run_after=None
[2024-10-22T14:53:57.728+0000] {processor.py:183} INFO - Processing /home/airflow/.local/lib/python3.12/site-packages/airflow/example_dags/example_xcomargs.py took 0.052 seconds
[2024-10-22T14:54:27.934+0000] {processor.py:161} INFO - Started process (PID=6445) to work on /home/airflow/.local/lib/python3.12/site-packages/airflow/example_dags/example_xcomargs.py
[2024-10-22T14:54:27.934+0000] {processor.py:830} INFO - Processing file /home/airflow/.local/lib/python3.12/site-packages/airflow/example_dags/example_xcomargs.py for tasks to queue
[2024-10-22T14:54:27.936+0000] {logging_mixin.py:188} INFO - [2024-10-22T14:54:27.936+0000] {dagbag.py:545} INFO - Filling up the DagBag from /home/airflow/.local/lib/python3.12/site-packages/airflow/example_dags/example_xcomargs.py
[2024-10-22T14:54:27.941+0000] {processor.py:840} INFO - DAG(s) 'example_xcom_args_with_operators', 'example_xcom_args' retrieved from /home/airflow/.local/lib/python3.12/site-packages/airflow/example_dags/example_xcomargs.py
[2024-10-22T14:54:27.957+0000] {logging_mixin.py:188} INFO - [2024-10-22T14:54:27.957+0000] {dag.py:3089} INFO - Sync 2 DAGs
[2024-10-22T14:54:27.965+0000] {logging_mixin.py:188} INFO - [2024-10-22T14:54:27.965+0000] {dag.py:3947} INFO - Setting next_dagrun for example_xcom_args to None, run_after=None
[2024-10-22T14:54:27.968+0000] {logging_mixin.py:188} INFO - [2024-10-22T14:54:27.967+0000] {dag.py:3947} INFO - Setting next_dagrun for example_xcom_args_with_operators to None, run_after=None
[2024-10-22T14:54:27.978+0000] {processor.py:183} INFO - Processing /home/airflow/.local/lib/python3.12/site-packages/airflow/example_dags/example_xcomargs.py took 0.048 seconds
[2024-10-22T14:54:58.599+0000] {processor.py:161} INFO - Started process (PID=6714) to work on /home/airflow/.local/lib/python3.12/site-packages/airflow/example_dags/example_xcomargs.py
[2024-10-22T14:54:58.599+0000] {processor.py:830} INFO - Processing file /home/airflow/.local/lib/python3.12/site-packages/airflow/example_dags/example_xcomargs.py for tasks to queue
[2024-10-22T14:54:58.600+0000] {logging_mixin.py:188} INFO - [2024-10-22T14:54:58.600+0000] {dagbag.py:545} INFO - Filling up the DagBag from /home/airflow/.local/lib/python3.12/site-packages/airflow/example_dags/example_xcomargs.py
[2024-10-22T14:54:58.606+0000] {processor.py:840} INFO - DAG(s) 'example_xcom_args', 'example_xcom_args_with_operators' retrieved from /home/airflow/.local/lib/python3.12/site-packages/airflow/example_dags/example_xcomargs.py
[2024-10-22T14:54:58.623+0000] {logging_mixin.py:188} INFO - [2024-10-22T14:54:58.622+0000] {dag.py:3089} INFO - Sync 2 DAGs
[2024-10-22T14:54:58.632+0000] {logging_mixin.py:188} INFO - [2024-10-22T14:54:58.632+0000] {dag.py:3947} INFO - Setting next_dagrun for example_xcom_args to None, run_after=None
[2024-10-22T14:54:58.635+0000] {logging_mixin.py:188} INFO - [2024-10-22T14:54:58.635+0000] {dag.py:3947} INFO - Setting next_dagrun for example_xcom_args_with_operators to None, run_after=None
[2024-10-22T14:54:58.648+0000] {processor.py:183} INFO - Processing /home/airflow/.local/lib/python3.12/site-packages/airflow/example_dags/example_xcomargs.py took 0.054 seconds
[2024-10-22T14:55:29.048+0000] {processor.py:161} INFO - Started process (PID=6982) to work on /home/airflow/.local/lib/python3.12/site-packages/airflow/example_dags/example_xcomargs.py
[2024-10-22T14:55:29.049+0000] {processor.py:830} INFO - Processing file /home/airflow/.local/lib/python3.12/site-packages/airflow/example_dags/example_xcomargs.py for tasks to queue
[2024-10-22T14:55:29.050+0000] {logging_mixin.py:188} INFO - [2024-10-22T14:55:29.050+0000] {dagbag.py:545} INFO - Filling up the DagBag from /home/airflow/.local/lib/python3.12/site-packages/airflow/example_dags/example_xcomargs.py
[2024-10-22T14:55:29.056+0000] {processor.py:840} INFO - DAG(s) 'example_xcom_args', 'example_xcom_args_with_operators' retrieved from /home/airflow/.local/lib/python3.12/site-packages/airflow/example_dags/example_xcomargs.py
[2024-10-22T14:55:29.073+0000] {logging_mixin.py:188} INFO - [2024-10-22T14:55:29.073+0000] {dag.py:3089} INFO - Sync 2 DAGs
[2024-10-22T14:55:29.083+0000] {logging_mixin.py:188} INFO - [2024-10-22T14:55:29.082+0000] {dag.py:3947} INFO - Setting next_dagrun for example_xcom_args to None, run_after=None
[2024-10-22T14:55:29.085+0000] {logging_mixin.py:188} INFO - [2024-10-22T14:55:29.085+0000] {dag.py:3947} INFO - Setting next_dagrun for example_xcom_args_with_operators to None, run_after=None
[2024-10-22T14:55:29.097+0000] {processor.py:183} INFO - Processing /home/airflow/.local/lib/python3.12/site-packages/airflow/example_dags/example_xcomargs.py took 0.053 seconds
[2024-10-22T14:55:59.913+0000] {processor.py:161} INFO - Started process (PID=7249) to work on /home/airflow/.local/lib/python3.12/site-packages/airflow/example_dags/example_xcomargs.py
[2024-10-22T14:55:59.914+0000] {processor.py:830} INFO - Processing file /home/airflow/.local/lib/python3.12/site-packages/airflow/example_dags/example_xcomargs.py for tasks to queue
[2024-10-22T14:55:59.915+0000] {logging_mixin.py:188} INFO - [2024-10-22T14:55:59.915+0000] {dagbag.py:545} INFO - Filling up the DagBag from /home/airflow/.local/lib/python3.12/site-packages/airflow/example_dags/example_xcomargs.py
[2024-10-22T14:55:59.921+0000] {processor.py:840} INFO - DAG(s) 'example_xcom_args_with_operators', 'example_xcom_args' retrieved from /home/airflow/.local/lib/python3.12/site-packages/airflow/example_dags/example_xcomargs.py
[2024-10-22T14:55:59.936+0000] {logging_mixin.py:188} INFO - [2024-10-22T14:55:59.936+0000] {dag.py:3089} INFO - Sync 2 DAGs
[2024-10-22T14:55:59.945+0000] {logging_mixin.py:188} INFO - [2024-10-22T14:55:59.945+0000] {dag.py:3947} INFO - Setting next_dagrun for example_xcom_args to None, run_after=None
[2024-10-22T14:55:59.947+0000] {logging_mixin.py:188} INFO - [2024-10-22T14:55:59.947+0000] {dag.py:3947} INFO - Setting next_dagrun for example_xcom_args_with_operators to None, run_after=None
[2024-10-22T14:55:59.959+0000] {processor.py:183} INFO - Processing /home/airflow/.local/lib/python3.12/site-packages/airflow/example_dags/example_xcomargs.py took 0.050 seconds
[2024-10-22T14:56:30.627+0000] {processor.py:161} INFO - Started process (PID=7518) to work on /home/airflow/.local/lib/python3.12/site-packages/airflow/example_dags/example_xcomargs.py
[2024-10-22T14:56:30.628+0000] {processor.py:830} INFO - Processing file /home/airflow/.local/lib/python3.12/site-packages/airflow/example_dags/example_xcomargs.py for tasks to queue
[2024-10-22T14:56:30.629+0000] {logging_mixin.py:188} INFO - [2024-10-22T14:56:30.629+0000] {dagbag.py:545} INFO - Filling up the DagBag from /home/airflow/.local/lib/python3.12/site-packages/airflow/example_dags/example_xcomargs.py
[2024-10-22T14:56:30.635+0000] {processor.py:840} INFO - DAG(s) 'example_xcom_args_with_operators', 'example_xcom_args' retrieved from /home/airflow/.local/lib/python3.12/site-packages/airflow/example_dags/example_xcomargs.py
[2024-10-22T14:56:30.651+0000] {logging_mixin.py:188} INFO - [2024-10-22T14:56:30.650+0000] {dag.py:3089} INFO - Sync 2 DAGs
[2024-10-22T14:56:30.659+0000] {logging_mixin.py:188} INFO - [2024-10-22T14:56:30.659+0000] {dag.py:3947} INFO - Setting next_dagrun for example_xcom_args to None, run_after=None
[2024-10-22T14:56:30.662+0000] {logging_mixin.py:188} INFO - [2024-10-22T14:56:30.662+0000] {dag.py:3947} INFO - Setting next_dagrun for example_xcom_args_with_operators to None, run_after=None
[2024-10-22T14:56:30.672+0000] {processor.py:183} INFO - Processing /home/airflow/.local/lib/python3.12/site-packages/airflow/example_dags/example_xcomargs.py took 0.049 seconds
[2024-10-22T14:57:00.807+0000] {processor.py:161} INFO - Started process (PID=7785) to work on /home/airflow/.local/lib/python3.12/site-packages/airflow/example_dags/example_xcomargs.py
[2024-10-22T14:57:00.808+0000] {processor.py:830} INFO - Processing file /home/airflow/.local/lib/python3.12/site-packages/airflow/example_dags/example_xcomargs.py for tasks to queue
[2024-10-22T14:57:00.809+0000] {logging_mixin.py:188} INFO - [2024-10-22T14:57:00.809+0000] {dagbag.py:545} INFO - Filling up the DagBag from /home/airflow/.local/lib/python3.12/site-packages/airflow/example_dags/example_xcomargs.py
[2024-10-22T14:57:00.815+0000] {processor.py:840} INFO - DAG(s) 'example_xcom_args', 'example_xcom_args_with_operators' retrieved from /home/airflow/.local/lib/python3.12/site-packages/airflow/example_dags/example_xcomargs.py
[2024-10-22T14:57:00.832+0000] {logging_mixin.py:188} INFO - [2024-10-22T14:57:00.831+0000] {dag.py:3089} INFO - Sync 2 DAGs
[2024-10-22T14:57:00.841+0000] {logging_mixin.py:188} INFO - [2024-10-22T14:57:00.840+0000] {dag.py:3947} INFO - Setting next_dagrun for example_xcom_args to None, run_after=None
[2024-10-22T14:57:00.843+0000] {logging_mixin.py:188} INFO - [2024-10-22T14:57:00.843+0000] {dag.py:3947} INFO - Setting next_dagrun for example_xcom_args_with_operators to None, run_after=None
[2024-10-22T14:57:00.854+0000] {processor.py:183} INFO - Processing /home/airflow/.local/lib/python3.12/site-packages/airflow/example_dags/example_xcomargs.py took 0.051 seconds
[2024-10-22T14:57:31.550+0000] {processor.py:161} INFO - Started process (PID=8050) to work on /home/airflow/.local/lib/python3.12/site-packages/airflow/example_dags/example_xcomargs.py
[2024-10-22T14:57:31.550+0000] {processor.py:830} INFO - Processing file /home/airflow/.local/lib/python3.12/site-packages/airflow/example_dags/example_xcomargs.py for tasks to queue
[2024-10-22T14:57:31.552+0000] {logging_mixin.py:188} INFO - [2024-10-22T14:57:31.552+0000] {dagbag.py:545} INFO - Filling up the DagBag from /home/airflow/.local/lib/python3.12/site-packages/airflow/example_dags/example_xcomargs.py
[2024-10-22T14:57:31.663+0000] {processor.py:840} INFO - DAG(s) 'example_xcom_args_with_operators', 'example_xcom_args' retrieved from /home/airflow/.local/lib/python3.12/site-packages/airflow/example_dags/example_xcomargs.py
[2024-10-22T14:57:31.677+0000] {logging_mixin.py:188} INFO - [2024-10-22T14:57:31.677+0000] {dag.py:3089} INFO - Sync 2 DAGs
[2024-10-22T14:57:31.684+0000] {logging_mixin.py:188} INFO - [2024-10-22T14:57:31.684+0000] {dag.py:3947} INFO - Setting next_dagrun for example_xcom_args to None, run_after=None
[2024-10-22T14:57:31.686+0000] {logging_mixin.py:188} INFO - [2024-10-22T14:57:31.686+0000] {dag.py:3947} INFO - Setting next_dagrun for example_xcom_args_with_operators to None, run_after=None
[2024-10-22T14:57:31.696+0000] {processor.py:183} INFO - Processing /home/airflow/.local/lib/python3.12/site-packages/airflow/example_dags/example_xcomargs.py took 0.151 seconds
