[2024-10-22T14:00:14.820+0000] {processor.py:161} INFO - Started process (PID=325) to work on /home/airflow/.local/lib/python3.12/site-packages/airflow/example_dags/example_branch_day_of_week_operator.py
[2024-10-22T14:00:14.821+0000] {processor.py:830} INFO - Processing file /home/airflow/.local/lib/python3.12/site-packages/airflow/example_dags/example_branch_day_of_week_operator.py for tasks to queue
[2024-10-22T14:00:14.822+0000] {logging_mixin.py:188} INFO - [2024-10-22T14:00:14.822+0000] {dagbag.py:545} INFO - Filling up the DagBag from /home/airflow/.local/lib/python3.12/site-packages/airflow/example_dags/example_branch_day_of_week_operator.py
[2024-10-22T14:00:14.828+0000] {processor.py:840} INFO - DAG(s) 'example_weekday_branch_operator' retrieved from /home/airflow/.local/lib/python3.12/site-packages/airflow/example_dags/example_branch_day_of_week_operator.py
[2024-10-22T14:00:14.921+0000] {logging_mixin.py:188} INFO - [2024-10-22T14:00:14.921+0000] {override.py:1858} INFO - Created Permission View: can delete on DAG:example_weekday_branch_operator
[2024-10-22T14:00:14.929+0000] {logging_mixin.py:188} INFO - [2024-10-22T14:00:14.928+0000] {override.py:1858} INFO - Created Permission View: can edit on DAG:example_weekday_branch_operator
[2024-10-22T14:00:14.934+0000] {logging_mixin.py:188} INFO - [2024-10-22T14:00:14.933+0000] {override.py:1858} INFO - Created Permission View: can read on DAG:example_weekday_branch_operator
[2024-10-22T14:00:14.934+0000] {logging_mixin.py:188} INFO - [2024-10-22T14:00:14.934+0000] {dag.py:3089} INFO - Sync 1 DAGs
[2024-10-22T14:00:14.942+0000] {logging_mixin.py:188} INFO - [2024-10-22T14:00:14.942+0000] {dag.py:3111} INFO - Creating ORM DAG for example_weekday_branch_operator
[2024-10-22T14:00:14.950+0000] {logging_mixin.py:188} INFO - [2024-10-22T14:00:14.950+0000] {dag.py:3947} INFO - Setting next_dagrun for example_weekday_branch_operator to 2024-10-21 00:00:00+00:00, run_after=2024-10-22 00:00:00+00:00
[2024-10-22T14:00:14.965+0000] {processor.py:183} INFO - Processing /home/airflow/.local/lib/python3.12/site-packages/airflow/example_dags/example_branch_day_of_week_operator.py took 0.149 seconds
[2024-10-22T14:00:45.431+0000] {processor.py:161} INFO - Started process (PID=594) to work on /home/airflow/.local/lib/python3.12/site-packages/airflow/example_dags/example_branch_day_of_week_operator.py
[2024-10-22T14:00:45.431+0000] {processor.py:830} INFO - Processing file /home/airflow/.local/lib/python3.12/site-packages/airflow/example_dags/example_branch_day_of_week_operator.py for tasks to queue
[2024-10-22T14:00:45.433+0000] {logging_mixin.py:188} INFO - [2024-10-22T14:00:45.433+0000] {dagbag.py:545} INFO - Filling up the DagBag from /home/airflow/.local/lib/python3.12/site-packages/airflow/example_dags/example_branch_day_of_week_operator.py
[2024-10-22T14:00:45.438+0000] {processor.py:840} INFO - DAG(s) 'example_weekday_branch_operator' retrieved from /home/airflow/.local/lib/python3.12/site-packages/airflow/example_dags/example_branch_day_of_week_operator.py
[2024-10-22T14:00:45.453+0000] {logging_mixin.py:188} INFO - [2024-10-22T14:00:45.453+0000] {dag.py:3089} INFO - Sync 1 DAGs
[2024-10-22T14:00:45.469+0000] {logging_mixin.py:188} INFO - [2024-10-22T14:00:45.469+0000] {dag.py:3947} INFO - Setting next_dagrun for example_weekday_branch_operator to 2024-10-21 00:00:00+00:00, run_after=2024-10-22 00:00:00+00:00
[2024-10-22T14:00:45.483+0000] {processor.py:183} INFO - Processing /home/airflow/.local/lib/python3.12/site-packages/airflow/example_dags/example_branch_day_of_week_operator.py took 0.057 seconds
[2024-10-22T14:01:15.743+0000] {processor.py:161} INFO - Started process (PID=859) to work on /home/airflow/.local/lib/python3.12/site-packages/airflow/example_dags/example_branch_day_of_week_operator.py
[2024-10-22T14:01:15.744+0000] {processor.py:830} INFO - Processing file /home/airflow/.local/lib/python3.12/site-packages/airflow/example_dags/example_branch_day_of_week_operator.py for tasks to queue
[2024-10-22T14:01:15.746+0000] {logging_mixin.py:188} INFO - [2024-10-22T14:01:15.745+0000] {dagbag.py:545} INFO - Filling up the DagBag from /home/airflow/.local/lib/python3.12/site-packages/airflow/example_dags/example_branch_day_of_week_operator.py
[2024-10-22T14:01:15.752+0000] {processor.py:840} INFO - DAG(s) 'example_weekday_branch_operator' retrieved from /home/airflow/.local/lib/python3.12/site-packages/airflow/example_dags/example_branch_day_of_week_operator.py
[2024-10-22T14:01:15.767+0000] {logging_mixin.py:188} INFO - [2024-10-22T14:01:15.767+0000] {dag.py:3089} INFO - Sync 1 DAGs
[2024-10-22T14:01:15.793+0000] {logging_mixin.py:188} INFO - [2024-10-22T14:01:15.792+0000] {dag.py:3947} INFO - Setting next_dagrun for example_weekday_branch_operator to 2024-10-21 00:00:00+00:00, run_after=2024-10-22 00:00:00+00:00
[2024-10-22T14:01:15.812+0000] {processor.py:183} INFO - Processing /home/airflow/.local/lib/python3.12/site-packages/airflow/example_dags/example_branch_day_of_week_operator.py took 0.073 seconds
[2024-10-22T14:01:46.065+0000] {processor.py:161} INFO - Started process (PID=1126) to work on /home/airflow/.local/lib/python3.12/site-packages/airflow/example_dags/example_branch_day_of_week_operator.py
[2024-10-22T14:01:46.066+0000] {processor.py:830} INFO - Processing file /home/airflow/.local/lib/python3.12/site-packages/airflow/example_dags/example_branch_day_of_week_operator.py for tasks to queue
[2024-10-22T14:01:46.067+0000] {logging_mixin.py:188} INFO - [2024-10-22T14:01:46.067+0000] {dagbag.py:545} INFO - Filling up the DagBag from /home/airflow/.local/lib/python3.12/site-packages/airflow/example_dags/example_branch_day_of_week_operator.py
[2024-10-22T14:01:46.072+0000] {processor.py:840} INFO - DAG(s) 'example_weekday_branch_operator' retrieved from /home/airflow/.local/lib/python3.12/site-packages/airflow/example_dags/example_branch_day_of_week_operator.py
[2024-10-22T14:01:46.088+0000] {logging_mixin.py:188} INFO - [2024-10-22T14:01:46.088+0000] {dag.py:3089} INFO - Sync 1 DAGs
[2024-10-22T14:01:46.106+0000] {logging_mixin.py:188} INFO - [2024-10-22T14:01:46.106+0000] {dag.py:3947} INFO - Setting next_dagrun for example_weekday_branch_operator to 2024-10-21 00:00:00+00:00, run_after=2024-10-22 00:00:00+00:00
[2024-10-22T14:01:46.119+0000] {processor.py:183} INFO - Processing /home/airflow/.local/lib/python3.12/site-packages/airflow/example_dags/example_branch_day_of_week_operator.py took 0.057 seconds
[2024-10-22T14:02:16.381+0000] {processor.py:161} INFO - Started process (PID=1393) to work on /home/airflow/.local/lib/python3.12/site-packages/airflow/example_dags/example_branch_day_of_week_operator.py
[2024-10-22T14:02:16.382+0000] {processor.py:830} INFO - Processing file /home/airflow/.local/lib/python3.12/site-packages/airflow/example_dags/example_branch_day_of_week_operator.py for tasks to queue
[2024-10-22T14:02:16.383+0000] {logging_mixin.py:188} INFO - [2024-10-22T14:02:16.383+0000] {dagbag.py:545} INFO - Filling up the DagBag from /home/airflow/.local/lib/python3.12/site-packages/airflow/example_dags/example_branch_day_of_week_operator.py
[2024-10-22T14:02:16.389+0000] {processor.py:840} INFO - DAG(s) 'example_weekday_branch_operator' retrieved from /home/airflow/.local/lib/python3.12/site-packages/airflow/example_dags/example_branch_day_of_week_operator.py
[2024-10-22T14:02:16.406+0000] {logging_mixin.py:188} INFO - [2024-10-22T14:02:16.405+0000] {dag.py:3089} INFO - Sync 1 DAGs
[2024-10-22T14:02:16.423+0000] {logging_mixin.py:188} INFO - [2024-10-22T14:02:16.423+0000] {dag.py:3947} INFO - Setting next_dagrun for example_weekday_branch_operator to 2024-10-21 00:00:00+00:00, run_after=2024-10-22 00:00:00+00:00
[2024-10-22T14:02:16.439+0000] {processor.py:183} INFO - Processing /home/airflow/.local/lib/python3.12/site-packages/airflow/example_dags/example_branch_day_of_week_operator.py took 0.063 seconds
[2024-10-22T14:02:46.678+0000] {processor.py:161} INFO - Started process (PID=1660) to work on /home/airflow/.local/lib/python3.12/site-packages/airflow/example_dags/example_branch_day_of_week_operator.py
[2024-10-22T14:02:46.679+0000] {processor.py:830} INFO - Processing file /home/airflow/.local/lib/python3.12/site-packages/airflow/example_dags/example_branch_day_of_week_operator.py for tasks to queue
[2024-10-22T14:02:46.680+0000] {logging_mixin.py:188} INFO - [2024-10-22T14:02:46.680+0000] {dagbag.py:545} INFO - Filling up the DagBag from /home/airflow/.local/lib/python3.12/site-packages/airflow/example_dags/example_branch_day_of_week_operator.py
[2024-10-22T14:02:46.685+0000] {processor.py:840} INFO - DAG(s) 'example_weekday_branch_operator' retrieved from /home/airflow/.local/lib/python3.12/site-packages/airflow/example_dags/example_branch_day_of_week_operator.py
[2024-10-22T14:02:46.700+0000] {logging_mixin.py:188} INFO - [2024-10-22T14:02:46.699+0000] {dag.py:3089} INFO - Sync 1 DAGs
[2024-10-22T14:02:46.715+0000] {logging_mixin.py:188} INFO - [2024-10-22T14:02:46.715+0000] {dag.py:3947} INFO - Setting next_dagrun for example_weekday_branch_operator to 2024-10-21 00:00:00+00:00, run_after=2024-10-22 00:00:00+00:00
[2024-10-22T14:02:46.728+0000] {processor.py:183} INFO - Processing /home/airflow/.local/lib/python3.12/site-packages/airflow/example_dags/example_branch_day_of_week_operator.py took 0.054 seconds
[2024-10-22T14:03:16.950+0000] {processor.py:161} INFO - Started process (PID=1927) to work on /home/airflow/.local/lib/python3.12/site-packages/airflow/example_dags/example_branch_day_of_week_operator.py
[2024-10-22T14:03:16.951+0000] {processor.py:830} INFO - Processing file /home/airflow/.local/lib/python3.12/site-packages/airflow/example_dags/example_branch_day_of_week_operator.py for tasks to queue
[2024-10-22T14:03:16.952+0000] {logging_mixin.py:188} INFO - [2024-10-22T14:03:16.952+0000] {dagbag.py:545} INFO - Filling up the DagBag from /home/airflow/.local/lib/python3.12/site-packages/airflow/example_dags/example_branch_day_of_week_operator.py
[2024-10-22T14:03:16.958+0000] {processor.py:840} INFO - DAG(s) 'example_weekday_branch_operator' retrieved from /home/airflow/.local/lib/python3.12/site-packages/airflow/example_dags/example_branch_day_of_week_operator.py
[2024-10-22T14:03:16.971+0000] {logging_mixin.py:188} INFO - [2024-10-22T14:03:16.971+0000] {dag.py:3089} INFO - Sync 1 DAGs
[2024-10-22T14:03:16.986+0000] {logging_mixin.py:188} INFO - [2024-10-22T14:03:16.986+0000] {dag.py:3947} INFO - Setting next_dagrun for example_weekday_branch_operator to 2024-10-21 00:00:00+00:00, run_after=2024-10-22 00:00:00+00:00
[2024-10-22T14:03:16.998+0000] {processor.py:183} INFO - Processing /home/airflow/.local/lib/python3.12/site-packages/airflow/example_dags/example_branch_day_of_week_operator.py took 0.051 seconds
[2024-10-22T14:03:47.296+0000] {processor.py:161} INFO - Started process (PID=2194) to work on /home/airflow/.local/lib/python3.12/site-packages/airflow/example_dags/example_branch_day_of_week_operator.py
[2024-10-22T14:03:47.296+0000] {processor.py:830} INFO - Processing file /home/airflow/.local/lib/python3.12/site-packages/airflow/example_dags/example_branch_day_of_week_operator.py for tasks to queue
[2024-10-22T14:03:47.297+0000] {logging_mixin.py:188} INFO - [2024-10-22T14:03:47.297+0000] {dagbag.py:545} INFO - Filling up the DagBag from /home/airflow/.local/lib/python3.12/site-packages/airflow/example_dags/example_branch_day_of_week_operator.py
[2024-10-22T14:03:47.302+0000] {processor.py:840} INFO - DAG(s) 'example_weekday_branch_operator' retrieved from /home/airflow/.local/lib/python3.12/site-packages/airflow/example_dags/example_branch_day_of_week_operator.py
[2024-10-22T14:03:47.317+0000] {logging_mixin.py:188} INFO - [2024-10-22T14:03:47.317+0000] {dag.py:3089} INFO - Sync 1 DAGs
[2024-10-22T14:03:47.331+0000] {logging_mixin.py:188} INFO - [2024-10-22T14:03:47.331+0000] {dag.py:3947} INFO - Setting next_dagrun for example_weekday_branch_operator to 2024-10-21 00:00:00+00:00, run_after=2024-10-22 00:00:00+00:00
[2024-10-22T14:03:47.345+0000] {processor.py:183} INFO - Processing /home/airflow/.local/lib/python3.12/site-packages/airflow/example_dags/example_branch_day_of_week_operator.py took 0.053 seconds
[2024-10-22T14:34:25.904+0000] {processor.py:161} INFO - Started process (PID=327) to work on /home/airflow/.local/lib/python3.12/site-packages/airflow/example_dags/example_branch_day_of_week_operator.py
[2024-10-22T14:34:25.904+0000] {processor.py:830} INFO - Processing file /home/airflow/.local/lib/python3.12/site-packages/airflow/example_dags/example_branch_day_of_week_operator.py for tasks to queue
[2024-10-22T14:34:25.905+0000] {logging_mixin.py:188} INFO - [2024-10-22T14:34:25.905+0000] {dagbag.py:545} INFO - Filling up the DagBag from /home/airflow/.local/lib/python3.12/site-packages/airflow/example_dags/example_branch_day_of_week_operator.py
[2024-10-22T14:34:25.911+0000] {processor.py:840} INFO - DAG(s) 'example_weekday_branch_operator' retrieved from /home/airflow/.local/lib/python3.12/site-packages/airflow/example_dags/example_branch_day_of_week_operator.py
[2024-10-22T14:34:25.920+0000] {logging_mixin.py:188} INFO - [2024-10-22T14:34:25.919+0000] {dag.py:3089} INFO - Sync 1 DAGs
[2024-10-22T14:34:25.947+0000] {logging_mixin.py:188} INFO - [2024-10-22T14:34:25.941+0000] {dag.py:3947} INFO - Setting next_dagrun for example_weekday_branch_operator to 2024-10-21 00:00:00+00:00, run_after=2024-10-22 00:00:00+00:00
[2024-10-22T14:34:25.968+0000] {processor.py:183} INFO - Processing /home/airflow/.local/lib/python3.12/site-packages/airflow/example_dags/example_branch_day_of_week_operator.py took 0.068 seconds
[2024-10-22T14:34:57.746+0000] {processor.py:161} INFO - Started process (PID=594) to work on /home/airflow/.local/lib/python3.12/site-packages/airflow/example_dags/example_branch_day_of_week_operator.py
[2024-10-22T14:34:57.746+0000] {processor.py:830} INFO - Processing file /home/airflow/.local/lib/python3.12/site-packages/airflow/example_dags/example_branch_day_of_week_operator.py for tasks to queue
[2024-10-22T14:34:57.748+0000] {logging_mixin.py:188} INFO - [2024-10-22T14:34:57.748+0000] {dagbag.py:545} INFO - Filling up the DagBag from /home/airflow/.local/lib/python3.12/site-packages/airflow/example_dags/example_branch_day_of_week_operator.py
[2024-10-22T14:34:57.753+0000] {processor.py:840} INFO - DAG(s) 'example_weekday_branch_operator' retrieved from /home/airflow/.local/lib/python3.12/site-packages/airflow/example_dags/example_branch_day_of_week_operator.py
[2024-10-22T14:34:57.822+0000] {logging_mixin.py:188} INFO - [2024-10-22T14:34:57.822+0000] {dag.py:3089} INFO - Sync 1 DAGs
[2024-10-22T14:34:57.837+0000] {logging_mixin.py:188} INFO - [2024-10-22T14:34:57.836+0000] {dag.py:3947} INFO - Setting next_dagrun for example_weekday_branch_operator to 2024-10-21 00:00:00+00:00, run_after=2024-10-22 00:00:00+00:00
[2024-10-22T14:34:57.851+0000] {processor.py:183} INFO - Processing /home/airflow/.local/lib/python3.12/site-packages/airflow/example_dags/example_branch_day_of_week_operator.py took 0.110 seconds
[2024-10-22T14:35:28.447+0000] {processor.py:161} INFO - Started process (PID=859) to work on /home/airflow/.local/lib/python3.12/site-packages/airflow/example_dags/example_branch_day_of_week_operator.py
[2024-10-22T14:35:28.448+0000] {processor.py:830} INFO - Processing file /home/airflow/.local/lib/python3.12/site-packages/airflow/example_dags/example_branch_day_of_week_operator.py for tasks to queue
[2024-10-22T14:35:28.449+0000] {logging_mixin.py:188} INFO - [2024-10-22T14:35:28.449+0000] {dagbag.py:545} INFO - Filling up the DagBag from /home/airflow/.local/lib/python3.12/site-packages/airflow/example_dags/example_branch_day_of_week_operator.py
[2024-10-22T14:35:28.454+0000] {processor.py:840} INFO - DAG(s) 'example_weekday_branch_operator' retrieved from /home/airflow/.local/lib/python3.12/site-packages/airflow/example_dags/example_branch_day_of_week_operator.py
[2024-10-22T14:35:28.470+0000] {logging_mixin.py:188} INFO - [2024-10-22T14:35:28.470+0000] {dag.py:3089} INFO - Sync 1 DAGs
[2024-10-22T14:35:28.485+0000] {logging_mixin.py:188} INFO - [2024-10-22T14:35:28.485+0000] {dag.py:3947} INFO - Setting next_dagrun for example_weekday_branch_operator to 2024-10-21 00:00:00+00:00, run_after=2024-10-22 00:00:00+00:00
[2024-10-22T14:35:28.498+0000] {processor.py:183} INFO - Processing /home/airflow/.local/lib/python3.12/site-packages/airflow/example_dags/example_branch_day_of_week_operator.py took 0.056 seconds
[2024-10-22T14:35:58.627+0000] {processor.py:161} INFO - Started process (PID=1126) to work on /home/airflow/.local/lib/python3.12/site-packages/airflow/example_dags/example_branch_day_of_week_operator.py
[2024-10-22T14:35:58.628+0000] {processor.py:830} INFO - Processing file /home/airflow/.local/lib/python3.12/site-packages/airflow/example_dags/example_branch_day_of_week_operator.py for tasks to queue
[2024-10-22T14:35:58.629+0000] {logging_mixin.py:188} INFO - [2024-10-22T14:35:58.629+0000] {dagbag.py:545} INFO - Filling up the DagBag from /home/airflow/.local/lib/python3.12/site-packages/airflow/example_dags/example_branch_day_of_week_operator.py
[2024-10-22T14:35:58.634+0000] {processor.py:840} INFO - DAG(s) 'example_weekday_branch_operator' retrieved from /home/airflow/.local/lib/python3.12/site-packages/airflow/example_dags/example_branch_day_of_week_operator.py
[2024-10-22T14:35:58.648+0000] {logging_mixin.py:188} INFO - [2024-10-22T14:35:58.648+0000] {dag.py:3089} INFO - Sync 1 DAGs
[2024-10-22T14:35:58.664+0000] {logging_mixin.py:188} INFO - [2024-10-22T14:35:58.663+0000] {dag.py:3947} INFO - Setting next_dagrun for example_weekday_branch_operator to 2024-10-21 00:00:00+00:00, run_after=2024-10-22 00:00:00+00:00
[2024-10-22T14:35:58.677+0000] {processor.py:183} INFO - Processing /home/airflow/.local/lib/python3.12/site-packages/airflow/example_dags/example_branch_day_of_week_operator.py took 0.054 seconds
[2024-10-22T14:36:28.957+0000] {processor.py:161} INFO - Started process (PID=1393) to work on /home/airflow/.local/lib/python3.12/site-packages/airflow/example_dags/example_branch_day_of_week_operator.py
[2024-10-22T14:36:28.958+0000] {processor.py:830} INFO - Processing file /home/airflow/.local/lib/python3.12/site-packages/airflow/example_dags/example_branch_day_of_week_operator.py for tasks to queue
[2024-10-22T14:36:28.959+0000] {logging_mixin.py:188} INFO - [2024-10-22T14:36:28.959+0000] {dagbag.py:545} INFO - Filling up the DagBag from /home/airflow/.local/lib/python3.12/site-packages/airflow/example_dags/example_branch_day_of_week_operator.py
[2024-10-22T14:36:28.964+0000] {processor.py:840} INFO - DAG(s) 'example_weekday_branch_operator' retrieved from /home/airflow/.local/lib/python3.12/site-packages/airflow/example_dags/example_branch_day_of_week_operator.py
[2024-10-22T14:36:28.979+0000] {logging_mixin.py:188} INFO - [2024-10-22T14:36:28.978+0000] {dag.py:3089} INFO - Sync 1 DAGs
[2024-10-22T14:36:28.993+0000] {logging_mixin.py:188} INFO - [2024-10-22T14:36:28.993+0000] {dag.py:3947} INFO - Setting next_dagrun for example_weekday_branch_operator to 2024-10-21 00:00:00+00:00, run_after=2024-10-22 00:00:00+00:00
[2024-10-22T14:36:29.006+0000] {processor.py:183} INFO - Processing /home/airflow/.local/lib/python3.12/site-packages/airflow/example_dags/example_branch_day_of_week_operator.py took 0.052 seconds
[2024-10-22T14:36:59.104+0000] {processor.py:161} INFO - Started process (PID=1660) to work on /home/airflow/.local/lib/python3.12/site-packages/airflow/example_dags/example_branch_day_of_week_operator.py
[2024-10-22T14:36:59.105+0000] {processor.py:830} INFO - Processing file /home/airflow/.local/lib/python3.12/site-packages/airflow/example_dags/example_branch_day_of_week_operator.py for tasks to queue
[2024-10-22T14:36:59.106+0000] {logging_mixin.py:188} INFO - [2024-10-22T14:36:59.106+0000] {dagbag.py:545} INFO - Filling up the DagBag from /home/airflow/.local/lib/python3.12/site-packages/airflow/example_dags/example_branch_day_of_week_operator.py
[2024-10-22T14:36:59.111+0000] {processor.py:840} INFO - DAG(s) 'example_weekday_branch_operator' retrieved from /home/airflow/.local/lib/python3.12/site-packages/airflow/example_dags/example_branch_day_of_week_operator.py
[2024-10-22T14:36:59.125+0000] {logging_mixin.py:188} INFO - [2024-10-22T14:36:59.125+0000] {dag.py:3089} INFO - Sync 1 DAGs
[2024-10-22T14:36:59.140+0000] {logging_mixin.py:188} INFO - [2024-10-22T14:36:59.140+0000] {dag.py:3947} INFO - Setting next_dagrun for example_weekday_branch_operator to 2024-10-21 00:00:00+00:00, run_after=2024-10-22 00:00:00+00:00
[2024-10-22T14:36:59.152+0000] {processor.py:183} INFO - Processing /home/airflow/.local/lib/python3.12/site-packages/airflow/example_dags/example_branch_day_of_week_operator.py took 0.052 seconds
[2024-10-22T14:37:29.387+0000] {processor.py:161} INFO - Started process (PID=1927) to work on /home/airflow/.local/lib/python3.12/site-packages/airflow/example_dags/example_branch_day_of_week_operator.py
[2024-10-22T14:37:29.388+0000] {processor.py:830} INFO - Processing file /home/airflow/.local/lib/python3.12/site-packages/airflow/example_dags/example_branch_day_of_week_operator.py for tasks to queue
[2024-10-22T14:37:29.389+0000] {logging_mixin.py:188} INFO - [2024-10-22T14:37:29.389+0000] {dagbag.py:545} INFO - Filling up the DagBag from /home/airflow/.local/lib/python3.12/site-packages/airflow/example_dags/example_branch_day_of_week_operator.py
[2024-10-22T14:37:29.394+0000] {processor.py:840} INFO - DAG(s) 'example_weekday_branch_operator' retrieved from /home/airflow/.local/lib/python3.12/site-packages/airflow/example_dags/example_branch_day_of_week_operator.py
[2024-10-22T14:37:29.409+0000] {logging_mixin.py:188} INFO - [2024-10-22T14:37:29.409+0000] {dag.py:3089} INFO - Sync 1 DAGs
[2024-10-22T14:37:29.424+0000] {logging_mixin.py:188} INFO - [2024-10-22T14:37:29.424+0000] {dag.py:3947} INFO - Setting next_dagrun for example_weekday_branch_operator to 2024-10-21 00:00:00+00:00, run_after=2024-10-22 00:00:00+00:00
[2024-10-22T14:37:29.436+0000] {processor.py:183} INFO - Processing /home/airflow/.local/lib/python3.12/site-packages/airflow/example_dags/example_branch_day_of_week_operator.py took 0.054 seconds
[2024-10-22T14:37:59.619+0000] {processor.py:161} INFO - Started process (PID=2194) to work on /home/airflow/.local/lib/python3.12/site-packages/airflow/example_dags/example_branch_day_of_week_operator.py
[2024-10-22T14:37:59.619+0000] {processor.py:830} INFO - Processing file /home/airflow/.local/lib/python3.12/site-packages/airflow/example_dags/example_branch_day_of_week_operator.py for tasks to queue
[2024-10-22T14:37:59.621+0000] {logging_mixin.py:188} INFO - [2024-10-22T14:37:59.620+0000] {dagbag.py:545} INFO - Filling up the DagBag from /home/airflow/.local/lib/python3.12/site-packages/airflow/example_dags/example_branch_day_of_week_operator.py
[2024-10-22T14:37:59.627+0000] {processor.py:840} INFO - DAG(s) 'example_weekday_branch_operator' retrieved from /home/airflow/.local/lib/python3.12/site-packages/airflow/example_dags/example_branch_day_of_week_operator.py
[2024-10-22T14:37:59.643+0000] {logging_mixin.py:188} INFO - [2024-10-22T14:37:59.643+0000] {dag.py:3089} INFO - Sync 1 DAGs
[2024-10-22T14:37:59.659+0000] {logging_mixin.py:188} INFO - [2024-10-22T14:37:59.659+0000] {dag.py:3947} INFO - Setting next_dagrun for example_weekday_branch_operator to 2024-10-21 00:00:00+00:00, run_after=2024-10-22 00:00:00+00:00
[2024-10-22T14:37:59.672+0000] {processor.py:183} INFO - Processing /home/airflow/.local/lib/python3.12/site-packages/airflow/example_dags/example_branch_day_of_week_operator.py took 0.056 seconds
[2024-10-22T14:38:29.780+0000] {processor.py:161} INFO - Started process (PID=2463) to work on /home/airflow/.local/lib/python3.12/site-packages/airflow/example_dags/example_branch_day_of_week_operator.py
[2024-10-22T14:38:29.781+0000] {processor.py:830} INFO - Processing file /home/airflow/.local/lib/python3.12/site-packages/airflow/example_dags/example_branch_day_of_week_operator.py for tasks to queue
[2024-10-22T14:38:29.782+0000] {logging_mixin.py:188} INFO - [2024-10-22T14:38:29.782+0000] {dagbag.py:545} INFO - Filling up the DagBag from /home/airflow/.local/lib/python3.12/site-packages/airflow/example_dags/example_branch_day_of_week_operator.py
[2024-10-22T14:38:29.788+0000] {processor.py:840} INFO - DAG(s) 'example_weekday_branch_operator' retrieved from /home/airflow/.local/lib/python3.12/site-packages/airflow/example_dags/example_branch_day_of_week_operator.py
[2024-10-22T14:38:29.803+0000] {logging_mixin.py:188} INFO - [2024-10-22T14:38:29.802+0000] {dag.py:3089} INFO - Sync 1 DAGs
[2024-10-22T14:38:29.817+0000] {logging_mixin.py:188} INFO - [2024-10-22T14:38:29.817+0000] {dag.py:3947} INFO - Setting next_dagrun for example_weekday_branch_operator to 2024-10-21 00:00:00+00:00, run_after=2024-10-22 00:00:00+00:00
[2024-10-22T14:38:29.829+0000] {processor.py:183} INFO - Processing /home/airflow/.local/lib/python3.12/site-packages/airflow/example_dags/example_branch_day_of_week_operator.py took 0.053 seconds
[2024-10-22T14:39:00.300+0000] {processor.py:161} INFO - Started process (PID=2730) to work on /home/airflow/.local/lib/python3.12/site-packages/airflow/example_dags/example_branch_day_of_week_operator.py
[2024-10-22T14:39:00.301+0000] {processor.py:830} INFO - Processing file /home/airflow/.local/lib/python3.12/site-packages/airflow/example_dags/example_branch_day_of_week_operator.py for tasks to queue
[2024-10-22T14:39:00.302+0000] {logging_mixin.py:188} INFO - [2024-10-22T14:39:00.302+0000] {dagbag.py:545} INFO - Filling up the DagBag from /home/airflow/.local/lib/python3.12/site-packages/airflow/example_dags/example_branch_day_of_week_operator.py
[2024-10-22T14:39:00.307+0000] {processor.py:840} INFO - DAG(s) 'example_weekday_branch_operator' retrieved from /home/airflow/.local/lib/python3.12/site-packages/airflow/example_dags/example_branch_day_of_week_operator.py
[2024-10-22T14:39:00.322+0000] {logging_mixin.py:188} INFO - [2024-10-22T14:39:00.322+0000] {dag.py:3089} INFO - Sync 1 DAGs
[2024-10-22T14:39:00.336+0000] {logging_mixin.py:188} INFO - [2024-10-22T14:39:00.336+0000] {dag.py:3947} INFO - Setting next_dagrun for example_weekday_branch_operator to 2024-10-21 00:00:00+00:00, run_after=2024-10-22 00:00:00+00:00
[2024-10-22T14:39:00.348+0000] {processor.py:183} INFO - Processing /home/airflow/.local/lib/python3.12/site-packages/airflow/example_dags/example_branch_day_of_week_operator.py took 0.051 seconds
[2024-10-22T14:39:30.421+0000] {processor.py:161} INFO - Started process (PID=2997) to work on /home/airflow/.local/lib/python3.12/site-packages/airflow/example_dags/example_branch_day_of_week_operator.py
[2024-10-22T14:39:30.422+0000] {processor.py:830} INFO - Processing file /home/airflow/.local/lib/python3.12/site-packages/airflow/example_dags/example_branch_day_of_week_operator.py for tasks to queue
[2024-10-22T14:39:30.423+0000] {logging_mixin.py:188} INFO - [2024-10-22T14:39:30.423+0000] {dagbag.py:545} INFO - Filling up the DagBag from /home/airflow/.local/lib/python3.12/site-packages/airflow/example_dags/example_branch_day_of_week_operator.py
[2024-10-22T14:39:30.428+0000] {processor.py:840} INFO - DAG(s) 'example_weekday_branch_operator' retrieved from /home/airflow/.local/lib/python3.12/site-packages/airflow/example_dags/example_branch_day_of_week_operator.py
[2024-10-22T14:39:30.443+0000] {logging_mixin.py:188} INFO - [2024-10-22T14:39:30.443+0000] {dag.py:3089} INFO - Sync 1 DAGs
[2024-10-22T14:39:30.458+0000] {logging_mixin.py:188} INFO - [2024-10-22T14:39:30.458+0000] {dag.py:3947} INFO - Setting next_dagrun for example_weekday_branch_operator to 2024-10-21 00:00:00+00:00, run_after=2024-10-22 00:00:00+00:00
[2024-10-22T14:39:30.470+0000] {processor.py:183} INFO - Processing /home/airflow/.local/lib/python3.12/site-packages/airflow/example_dags/example_branch_day_of_week_operator.py took 0.052 seconds
[2024-10-22T14:40:00.638+0000] {processor.py:161} INFO - Started process (PID=3262) to work on /home/airflow/.local/lib/python3.12/site-packages/airflow/example_dags/example_branch_day_of_week_operator.py
[2024-10-22T14:40:00.638+0000] {processor.py:830} INFO - Processing file /home/airflow/.local/lib/python3.12/site-packages/airflow/example_dags/example_branch_day_of_week_operator.py for tasks to queue
[2024-10-22T14:40:00.640+0000] {logging_mixin.py:188} INFO - [2024-10-22T14:40:00.639+0000] {dagbag.py:545} INFO - Filling up the DagBag from /home/airflow/.local/lib/python3.12/site-packages/airflow/example_dags/example_branch_day_of_week_operator.py
[2024-10-22T14:40:00.645+0000] {processor.py:840} INFO - DAG(s) 'example_weekday_branch_operator' retrieved from /home/airflow/.local/lib/python3.12/site-packages/airflow/example_dags/example_branch_day_of_week_operator.py
[2024-10-22T14:40:00.659+0000] {logging_mixin.py:188} INFO - [2024-10-22T14:40:00.659+0000] {dag.py:3089} INFO - Sync 1 DAGs
[2024-10-22T14:40:00.674+0000] {logging_mixin.py:188} INFO - [2024-10-22T14:40:00.674+0000] {dag.py:3947} INFO - Setting next_dagrun for example_weekday_branch_operator to 2024-10-21 00:00:00+00:00, run_after=2024-10-22 00:00:00+00:00
[2024-10-22T14:40:00.686+0000] {processor.py:183} INFO - Processing /home/airflow/.local/lib/python3.12/site-packages/airflow/example_dags/example_branch_day_of_week_operator.py took 0.052 seconds
[2024-10-22T14:40:30.835+0000] {processor.py:161} INFO - Started process (PID=3529) to work on /home/airflow/.local/lib/python3.12/site-packages/airflow/example_dags/example_branch_day_of_week_operator.py
[2024-10-22T14:40:30.836+0000] {processor.py:830} INFO - Processing file /home/airflow/.local/lib/python3.12/site-packages/airflow/example_dags/example_branch_day_of_week_operator.py for tasks to queue
[2024-10-22T14:40:30.837+0000] {logging_mixin.py:188} INFO - [2024-10-22T14:40:30.837+0000] {dagbag.py:545} INFO - Filling up the DagBag from /home/airflow/.local/lib/python3.12/site-packages/airflow/example_dags/example_branch_day_of_week_operator.py
[2024-10-22T14:40:30.842+0000] {processor.py:840} INFO - DAG(s) 'example_weekday_branch_operator' retrieved from /home/airflow/.local/lib/python3.12/site-packages/airflow/example_dags/example_branch_day_of_week_operator.py
[2024-10-22T14:40:30.856+0000] {logging_mixin.py:188} INFO - [2024-10-22T14:40:30.856+0000] {dag.py:3089} INFO - Sync 1 DAGs
[2024-10-22T14:40:30.871+0000] {logging_mixin.py:188} INFO - [2024-10-22T14:40:30.871+0000] {dag.py:3947} INFO - Setting next_dagrun for example_weekday_branch_operator to 2024-10-21 00:00:00+00:00, run_after=2024-10-22 00:00:00+00:00
[2024-10-22T14:40:30.882+0000] {processor.py:183} INFO - Processing /home/airflow/.local/lib/python3.12/site-packages/airflow/example_dags/example_branch_day_of_week_operator.py took 0.051 seconds
[2024-10-22T14:41:01.066+0000] {processor.py:161} INFO - Started process (PID=3796) to work on /home/airflow/.local/lib/python3.12/site-packages/airflow/example_dags/example_branch_day_of_week_operator.py
[2024-10-22T14:41:01.066+0000] {processor.py:830} INFO - Processing file /home/airflow/.local/lib/python3.12/site-packages/airflow/example_dags/example_branch_day_of_week_operator.py for tasks to queue
[2024-10-22T14:41:01.068+0000] {logging_mixin.py:188} INFO - [2024-10-22T14:41:01.068+0000] {dagbag.py:545} INFO - Filling up the DagBag from /home/airflow/.local/lib/python3.12/site-packages/airflow/example_dags/example_branch_day_of_week_operator.py
[2024-10-22T14:41:01.074+0000] {processor.py:840} INFO - DAG(s) 'example_weekday_branch_operator' retrieved from /home/airflow/.local/lib/python3.12/site-packages/airflow/example_dags/example_branch_day_of_week_operator.py
[2024-10-22T14:41:01.090+0000] {logging_mixin.py:188} INFO - [2024-10-22T14:41:01.090+0000] {dag.py:3089} INFO - Sync 1 DAGs
[2024-10-22T14:41:01.106+0000] {logging_mixin.py:188} INFO - [2024-10-22T14:41:01.106+0000] {dag.py:3947} INFO - Setting next_dagrun for example_weekday_branch_operator to 2024-10-21 00:00:00+00:00, run_after=2024-10-22 00:00:00+00:00
[2024-10-22T14:41:01.118+0000] {processor.py:183} INFO - Processing /home/airflow/.local/lib/python3.12/site-packages/airflow/example_dags/example_branch_day_of_week_operator.py took 0.057 seconds
[2024-10-22T14:41:31.305+0000] {processor.py:161} INFO - Started process (PID=4063) to work on /home/airflow/.local/lib/python3.12/site-packages/airflow/example_dags/example_branch_day_of_week_operator.py
[2024-10-22T14:41:31.305+0000] {processor.py:830} INFO - Processing file /home/airflow/.local/lib/python3.12/site-packages/airflow/example_dags/example_branch_day_of_week_operator.py for tasks to queue
[2024-10-22T14:41:31.307+0000] {logging_mixin.py:188} INFO - [2024-10-22T14:41:31.307+0000] {dagbag.py:545} INFO - Filling up the DagBag from /home/airflow/.local/lib/python3.12/site-packages/airflow/example_dags/example_branch_day_of_week_operator.py
[2024-10-22T14:41:31.312+0000] {processor.py:840} INFO - DAG(s) 'example_weekday_branch_operator' retrieved from /home/airflow/.local/lib/python3.12/site-packages/airflow/example_dags/example_branch_day_of_week_operator.py
[2024-10-22T14:41:31.325+0000] {logging_mixin.py:188} INFO - [2024-10-22T14:41:31.325+0000] {dag.py:3089} INFO - Sync 1 DAGs
[2024-10-22T14:41:31.339+0000] {logging_mixin.py:188} INFO - [2024-10-22T14:41:31.339+0000] {dag.py:3947} INFO - Setting next_dagrun for example_weekday_branch_operator to 2024-10-21 00:00:00+00:00, run_after=2024-10-22 00:00:00+00:00
[2024-10-22T14:41:31.350+0000] {processor.py:183} INFO - Processing /home/airflow/.local/lib/python3.12/site-packages/airflow/example_dags/example_branch_day_of_week_operator.py took 0.049 seconds
[2024-10-22T14:42:01.493+0000] {processor.py:161} INFO - Started process (PID=4330) to work on /home/airflow/.local/lib/python3.12/site-packages/airflow/example_dags/example_branch_day_of_week_operator.py
[2024-10-22T14:42:01.494+0000] {processor.py:830} INFO - Processing file /home/airflow/.local/lib/python3.12/site-packages/airflow/example_dags/example_branch_day_of_week_operator.py for tasks to queue
[2024-10-22T14:42:01.495+0000] {logging_mixin.py:188} INFO - [2024-10-22T14:42:01.495+0000] {dagbag.py:545} INFO - Filling up the DagBag from /home/airflow/.local/lib/python3.12/site-packages/airflow/example_dags/example_branch_day_of_week_operator.py
[2024-10-22T14:42:01.500+0000] {processor.py:840} INFO - DAG(s) 'example_weekday_branch_operator' retrieved from /home/airflow/.local/lib/python3.12/site-packages/airflow/example_dags/example_branch_day_of_week_operator.py
[2024-10-22T14:42:01.514+0000] {logging_mixin.py:188} INFO - [2024-10-22T14:42:01.514+0000] {dag.py:3089} INFO - Sync 1 DAGs
[2024-10-22T14:42:01.528+0000] {logging_mixin.py:188} INFO - [2024-10-22T14:42:01.528+0000] {dag.py:3947} INFO - Setting next_dagrun for example_weekday_branch_operator to 2024-10-21 00:00:00+00:00, run_after=2024-10-22 00:00:00+00:00
[2024-10-22T14:42:01.539+0000] {processor.py:183} INFO - Processing /home/airflow/.local/lib/python3.12/site-packages/airflow/example_dags/example_branch_day_of_week_operator.py took 0.050 seconds
[2024-10-22T14:42:48.553+0000] {processor.py:161} INFO - Started process (PID=327) to work on /home/airflow/.local/lib/python3.12/site-packages/airflow/example_dags/example_branch_day_of_week_operator.py
[2024-10-22T14:42:48.553+0000] {processor.py:830} INFO - Processing file /home/airflow/.local/lib/python3.12/site-packages/airflow/example_dags/example_branch_day_of_week_operator.py for tasks to queue
[2024-10-22T14:42:48.555+0000] {logging_mixin.py:188} INFO - [2024-10-22T14:42:48.555+0000] {dagbag.py:545} INFO - Filling up the DagBag from /home/airflow/.local/lib/python3.12/site-packages/airflow/example_dags/example_branch_day_of_week_operator.py
[2024-10-22T14:42:48.561+0000] {processor.py:840} INFO - DAG(s) 'example_weekday_branch_operator' retrieved from /home/airflow/.local/lib/python3.12/site-packages/airflow/example_dags/example_branch_day_of_week_operator.py
[2024-10-22T14:42:48.571+0000] {logging_mixin.py:188} INFO - [2024-10-22T14:42:48.571+0000] {dag.py:3089} INFO - Sync 1 DAGs
[2024-10-22T14:42:48.588+0000] {logging_mixin.py:188} INFO - [2024-10-22T14:42:48.587+0000] {dag.py:3947} INFO - Setting next_dagrun for example_weekday_branch_operator to 2024-10-21 00:00:00+00:00, run_after=2024-10-22 00:00:00+00:00
[2024-10-22T14:42:48.601+0000] {processor.py:183} INFO - Processing /home/airflow/.local/lib/python3.12/site-packages/airflow/example_dags/example_branch_day_of_week_operator.py took 0.052 seconds
[2024-10-22T14:43:19.635+0000] {processor.py:161} INFO - Started process (PID=592) to work on /home/airflow/.local/lib/python3.12/site-packages/airflow/example_dags/example_branch_day_of_week_operator.py
[2024-10-22T14:43:19.636+0000] {processor.py:830} INFO - Processing file /home/airflow/.local/lib/python3.12/site-packages/airflow/example_dags/example_branch_day_of_week_operator.py for tasks to queue
[2024-10-22T14:43:19.637+0000] {logging_mixin.py:188} INFO - [2024-10-22T14:43:19.637+0000] {dagbag.py:545} INFO - Filling up the DagBag from /home/airflow/.local/lib/python3.12/site-packages/airflow/example_dags/example_branch_day_of_week_operator.py
[2024-10-22T14:43:19.642+0000] {processor.py:840} INFO - DAG(s) 'example_weekday_branch_operator' retrieved from /home/airflow/.local/lib/python3.12/site-packages/airflow/example_dags/example_branch_day_of_week_operator.py
[2024-10-22T14:43:19.718+0000] {logging_mixin.py:188} INFO - [2024-10-22T14:43:19.717+0000] {dag.py:3089} INFO - Sync 1 DAGs
[2024-10-22T14:43:19.732+0000] {logging_mixin.py:188} INFO - [2024-10-22T14:43:19.732+0000] {dag.py:3947} INFO - Setting next_dagrun for example_weekday_branch_operator to 2024-10-21 00:00:00+00:00, run_after=2024-10-22 00:00:00+00:00
[2024-10-22T14:43:19.745+0000] {processor.py:183} INFO - Processing /home/airflow/.local/lib/python3.12/site-packages/airflow/example_dags/example_branch_day_of_week_operator.py took 0.114 seconds
[2024-10-22T14:43:49.811+0000] {processor.py:161} INFO - Started process (PID=864) to work on /home/airflow/.local/lib/python3.12/site-packages/airflow/example_dags/example_branch_day_of_week_operator.py
[2024-10-22T14:43:49.812+0000] {processor.py:830} INFO - Processing file /home/airflow/.local/lib/python3.12/site-packages/airflow/example_dags/example_branch_day_of_week_operator.py for tasks to queue
[2024-10-22T14:43:49.813+0000] {logging_mixin.py:188} INFO - [2024-10-22T14:43:49.813+0000] {dagbag.py:545} INFO - Filling up the DagBag from /home/airflow/.local/lib/python3.12/site-packages/airflow/example_dags/example_branch_day_of_week_operator.py
[2024-10-22T14:43:49.818+0000] {processor.py:840} INFO - DAG(s) 'example_weekday_branch_operator' retrieved from /home/airflow/.local/lib/python3.12/site-packages/airflow/example_dags/example_branch_day_of_week_operator.py
[2024-10-22T14:43:49.832+0000] {logging_mixin.py:188} INFO - [2024-10-22T14:43:49.831+0000] {dag.py:3089} INFO - Sync 1 DAGs
[2024-10-22T14:43:49.845+0000] {logging_mixin.py:188} INFO - [2024-10-22T14:43:49.845+0000] {dag.py:3947} INFO - Setting next_dagrun for example_weekday_branch_operator to 2024-10-21 00:00:00+00:00, run_after=2024-10-22 00:00:00+00:00
[2024-10-22T14:43:49.858+0000] {processor.py:183} INFO - Processing /home/airflow/.local/lib/python3.12/site-packages/airflow/example_dags/example_branch_day_of_week_operator.py took 0.051 seconds
[2024-10-22T14:44:19.911+0000] {processor.py:161} INFO - Started process (PID=1131) to work on /home/airflow/.local/lib/python3.12/site-packages/airflow/example_dags/example_branch_day_of_week_operator.py
[2024-10-22T14:44:19.912+0000] {processor.py:830} INFO - Processing file /home/airflow/.local/lib/python3.12/site-packages/airflow/example_dags/example_branch_day_of_week_operator.py for tasks to queue
[2024-10-22T14:44:19.913+0000] {logging_mixin.py:188} INFO - [2024-10-22T14:44:19.913+0000] {dagbag.py:545} INFO - Filling up the DagBag from /home/airflow/.local/lib/python3.12/site-packages/airflow/example_dags/example_branch_day_of_week_operator.py
[2024-10-22T14:44:19.918+0000] {processor.py:840} INFO - DAG(s) 'example_weekday_branch_operator' retrieved from /home/airflow/.local/lib/python3.12/site-packages/airflow/example_dags/example_branch_day_of_week_operator.py
[2024-10-22T14:44:19.932+0000] {logging_mixin.py:188} INFO - [2024-10-22T14:44:19.932+0000] {dag.py:3089} INFO - Sync 1 DAGs
[2024-10-22T14:44:19.946+0000] {logging_mixin.py:188} INFO - [2024-10-22T14:44:19.946+0000] {dag.py:3947} INFO - Setting next_dagrun for example_weekday_branch_operator to 2024-10-21 00:00:00+00:00, run_after=2024-10-22 00:00:00+00:00
[2024-10-22T14:44:19.958+0000] {processor.py:183} INFO - Processing /home/airflow/.local/lib/python3.12/site-packages/airflow/example_dags/example_branch_day_of_week_operator.py took 0.050 seconds
[2024-10-22T14:44:49.996+0000] {processor.py:161} INFO - Started process (PID=1398) to work on /home/airflow/.local/lib/python3.12/site-packages/airflow/example_dags/example_branch_day_of_week_operator.py
[2024-10-22T14:44:49.997+0000] {processor.py:830} INFO - Processing file /home/airflow/.local/lib/python3.12/site-packages/airflow/example_dags/example_branch_day_of_week_operator.py for tasks to queue
[2024-10-22T14:44:49.998+0000] {logging_mixin.py:188} INFO - [2024-10-22T14:44:49.998+0000] {dagbag.py:545} INFO - Filling up the DagBag from /home/airflow/.local/lib/python3.12/site-packages/airflow/example_dags/example_branch_day_of_week_operator.py
[2024-10-22T14:44:50.003+0000] {processor.py:840} INFO - DAG(s) 'example_weekday_branch_operator' retrieved from /home/airflow/.local/lib/python3.12/site-packages/airflow/example_dags/example_branch_day_of_week_operator.py
[2024-10-22T14:44:50.018+0000] {logging_mixin.py:188} INFO - [2024-10-22T14:44:50.018+0000] {dag.py:3089} INFO - Sync 1 DAGs
[2024-10-22T14:44:50.033+0000] {logging_mixin.py:188} INFO - [2024-10-22T14:44:50.033+0000] {dag.py:3947} INFO - Setting next_dagrun for example_weekday_branch_operator to 2024-10-21 00:00:00+00:00, run_after=2024-10-22 00:00:00+00:00
[2024-10-22T14:44:50.045+0000] {processor.py:183} INFO - Processing /home/airflow/.local/lib/python3.12/site-packages/airflow/example_dags/example_branch_day_of_week_operator.py took 0.052 seconds
[2024-10-22T14:45:20.464+0000] {processor.py:161} INFO - Started process (PID=1665) to work on /home/airflow/.local/lib/python3.12/site-packages/airflow/example_dags/example_branch_day_of_week_operator.py
[2024-10-22T14:45:20.464+0000] {processor.py:830} INFO - Processing file /home/airflow/.local/lib/python3.12/site-packages/airflow/example_dags/example_branch_day_of_week_operator.py for tasks to queue
[2024-10-22T14:45:20.466+0000] {logging_mixin.py:188} INFO - [2024-10-22T14:45:20.465+0000] {dagbag.py:545} INFO - Filling up the DagBag from /home/airflow/.local/lib/python3.12/site-packages/airflow/example_dags/example_branch_day_of_week_operator.py
[2024-10-22T14:45:20.471+0000] {processor.py:840} INFO - DAG(s) 'example_weekday_branch_operator' retrieved from /home/airflow/.local/lib/python3.12/site-packages/airflow/example_dags/example_branch_day_of_week_operator.py
[2024-10-22T14:45:20.485+0000] {logging_mixin.py:188} INFO - [2024-10-22T14:45:20.485+0000] {dag.py:3089} INFO - Sync 1 DAGs
[2024-10-22T14:45:20.500+0000] {logging_mixin.py:188} INFO - [2024-10-22T14:45:20.499+0000] {dag.py:3947} INFO - Setting next_dagrun for example_weekday_branch_operator to 2024-10-21 00:00:00+00:00, run_after=2024-10-22 00:00:00+00:00
[2024-10-22T14:45:20.511+0000] {processor.py:183} INFO - Processing /home/airflow/.local/lib/python3.12/site-packages/airflow/example_dags/example_branch_day_of_week_operator.py took 0.051 seconds
[2024-10-22T14:45:50.998+0000] {processor.py:161} INFO - Started process (PID=1930) to work on /home/airflow/.local/lib/python3.12/site-packages/airflow/example_dags/example_branch_day_of_week_operator.py
[2024-10-22T14:45:50.999+0000] {processor.py:830} INFO - Processing file /home/airflow/.local/lib/python3.12/site-packages/airflow/example_dags/example_branch_day_of_week_operator.py for tasks to queue
[2024-10-22T14:45:51.001+0000] {logging_mixin.py:188} INFO - [2024-10-22T14:45:51.000+0000] {dagbag.py:545} INFO - Filling up the DagBag from /home/airflow/.local/lib/python3.12/site-packages/airflow/example_dags/example_branch_day_of_week_operator.py
[2024-10-22T14:45:51.006+0000] {processor.py:840} INFO - DAG(s) 'example_weekday_branch_operator' retrieved from /home/airflow/.local/lib/python3.12/site-packages/airflow/example_dags/example_branch_day_of_week_operator.py
[2024-10-22T14:45:51.023+0000] {logging_mixin.py:188} INFO - [2024-10-22T14:45:51.023+0000] {dag.py:3089} INFO - Sync 1 DAGs
[2024-10-22T14:45:51.041+0000] {logging_mixin.py:188} INFO - [2024-10-22T14:45:51.041+0000] {dag.py:3947} INFO - Setting next_dagrun for example_weekday_branch_operator to 2024-10-21 00:00:00+00:00, run_after=2024-10-22 00:00:00+00:00
[2024-10-22T14:45:51.056+0000] {processor.py:183} INFO - Processing /home/airflow/.local/lib/python3.12/site-packages/airflow/example_dags/example_branch_day_of_week_operator.py took 0.062 seconds
[2024-10-22T14:46:21.805+0000] {processor.py:161} INFO - Started process (PID=2197) to work on /home/airflow/.local/lib/python3.12/site-packages/airflow/example_dags/example_branch_day_of_week_operator.py
[2024-10-22T14:46:21.806+0000] {processor.py:830} INFO - Processing file /home/airflow/.local/lib/python3.12/site-packages/airflow/example_dags/example_branch_day_of_week_operator.py for tasks to queue
[2024-10-22T14:46:21.808+0000] {logging_mixin.py:188} INFO - [2024-10-22T14:46:21.807+0000] {dagbag.py:545} INFO - Filling up the DagBag from /home/airflow/.local/lib/python3.12/site-packages/airflow/example_dags/example_branch_day_of_week_operator.py
[2024-10-22T14:46:21.814+0000] {processor.py:840} INFO - DAG(s) 'example_weekday_branch_operator' retrieved from /home/airflow/.local/lib/python3.12/site-packages/airflow/example_dags/example_branch_day_of_week_operator.py
[2024-10-22T14:46:21.836+0000] {logging_mixin.py:188} INFO - [2024-10-22T14:46:21.835+0000] {dag.py:3089} INFO - Sync 1 DAGs
[2024-10-22T14:46:21.857+0000] {logging_mixin.py:188} INFO - [2024-10-22T14:46:21.857+0000] {dag.py:3947} INFO - Setting next_dagrun for example_weekday_branch_operator to 2024-10-21 00:00:00+00:00, run_after=2024-10-22 00:00:00+00:00
[2024-10-22T14:46:21.876+0000] {processor.py:183} INFO - Processing /home/airflow/.local/lib/python3.12/site-packages/airflow/example_dags/example_branch_day_of_week_operator.py took 0.076 seconds
[2024-10-22T14:46:52.702+0000] {processor.py:161} INFO - Started process (PID=2469) to work on /home/airflow/.local/lib/python3.12/site-packages/airflow/example_dags/example_branch_day_of_week_operator.py
[2024-10-22T14:46:52.703+0000] {processor.py:830} INFO - Processing file /home/airflow/.local/lib/python3.12/site-packages/airflow/example_dags/example_branch_day_of_week_operator.py for tasks to queue
[2024-10-22T14:46:52.704+0000] {logging_mixin.py:188} INFO - [2024-10-22T14:46:52.704+0000] {dagbag.py:545} INFO - Filling up the DagBag from /home/airflow/.local/lib/python3.12/site-packages/airflow/example_dags/example_branch_day_of_week_operator.py
[2024-10-22T14:46:52.709+0000] {processor.py:840} INFO - DAG(s) 'example_weekday_branch_operator' retrieved from /home/airflow/.local/lib/python3.12/site-packages/airflow/example_dags/example_branch_day_of_week_operator.py
[2024-10-22T14:46:52.724+0000] {logging_mixin.py:188} INFO - [2024-10-22T14:46:52.724+0000] {dag.py:3089} INFO - Sync 1 DAGs
[2024-10-22T14:46:52.740+0000] {logging_mixin.py:188} INFO - [2024-10-22T14:46:52.740+0000] {dag.py:3947} INFO - Setting next_dagrun for example_weekday_branch_operator to 2024-10-21 00:00:00+00:00, run_after=2024-10-22 00:00:00+00:00
[2024-10-22T14:46:52.752+0000] {processor.py:183} INFO - Processing /home/airflow/.local/lib/python3.12/site-packages/airflow/example_dags/example_branch_day_of_week_operator.py took 0.054 seconds
[2024-10-22T14:47:23.054+0000] {processor.py:161} INFO - Started process (PID=2734) to work on /home/airflow/.local/lib/python3.12/site-packages/airflow/example_dags/example_branch_day_of_week_operator.py
[2024-10-22T14:47:23.055+0000] {processor.py:830} INFO - Processing file /home/airflow/.local/lib/python3.12/site-packages/airflow/example_dags/example_branch_day_of_week_operator.py for tasks to queue
[2024-10-22T14:47:23.056+0000] {logging_mixin.py:188} INFO - [2024-10-22T14:47:23.056+0000] {dagbag.py:545} INFO - Filling up the DagBag from /home/airflow/.local/lib/python3.12/site-packages/airflow/example_dags/example_branch_day_of_week_operator.py
[2024-10-22T14:47:23.062+0000] {processor.py:840} INFO - DAG(s) 'example_weekday_branch_operator' retrieved from /home/airflow/.local/lib/python3.12/site-packages/airflow/example_dags/example_branch_day_of_week_operator.py
[2024-10-22T14:47:23.077+0000] {logging_mixin.py:188} INFO - [2024-10-22T14:47:23.077+0000] {dag.py:3089} INFO - Sync 1 DAGs
[2024-10-22T14:47:23.095+0000] {logging_mixin.py:188} INFO - [2024-10-22T14:47:23.095+0000] {dag.py:3947} INFO - Setting next_dagrun for example_weekday_branch_operator to 2024-10-21 00:00:00+00:00, run_after=2024-10-22 00:00:00+00:00
[2024-10-22T14:47:23.111+0000] {processor.py:183} INFO - Processing /home/airflow/.local/lib/python3.12/site-packages/airflow/example_dags/example_branch_day_of_week_operator.py took 0.061 seconds
[2024-10-22T14:47:53.418+0000] {processor.py:161} INFO - Started process (PID=3001) to work on /home/airflow/.local/lib/python3.12/site-packages/airflow/example_dags/example_branch_day_of_week_operator.py
[2024-10-22T14:47:53.419+0000] {processor.py:830} INFO - Processing file /home/airflow/.local/lib/python3.12/site-packages/airflow/example_dags/example_branch_day_of_week_operator.py for tasks to queue
[2024-10-22T14:47:53.420+0000] {logging_mixin.py:188} INFO - [2024-10-22T14:47:53.420+0000] {dagbag.py:545} INFO - Filling up the DagBag from /home/airflow/.local/lib/python3.12/site-packages/airflow/example_dags/example_branch_day_of_week_operator.py
[2024-10-22T14:47:53.426+0000] {processor.py:840} INFO - DAG(s) 'example_weekday_branch_operator' retrieved from /home/airflow/.local/lib/python3.12/site-packages/airflow/example_dags/example_branch_day_of_week_operator.py
[2024-10-22T14:47:53.441+0000] {logging_mixin.py:188} INFO - [2024-10-22T14:47:53.441+0000] {dag.py:3089} INFO - Sync 1 DAGs
[2024-10-22T14:47:53.457+0000] {logging_mixin.py:188} INFO - [2024-10-22T14:47:53.457+0000] {dag.py:3947} INFO - Setting next_dagrun for example_weekday_branch_operator to 2024-10-21 00:00:00+00:00, run_after=2024-10-22 00:00:00+00:00
[2024-10-22T14:47:53.469+0000] {processor.py:183} INFO - Processing /home/airflow/.local/lib/python3.12/site-packages/airflow/example_dags/example_branch_day_of_week_operator.py took 0.055 seconds
[2024-10-22T14:48:23.780+0000] {processor.py:161} INFO - Started process (PID=3270) to work on /home/airflow/.local/lib/python3.12/site-packages/airflow/example_dags/example_branch_day_of_week_operator.py
[2024-10-22T14:48:23.781+0000] {processor.py:830} INFO - Processing file /home/airflow/.local/lib/python3.12/site-packages/airflow/example_dags/example_branch_day_of_week_operator.py for tasks to queue
[2024-10-22T14:48:23.782+0000] {logging_mixin.py:188} INFO - [2024-10-22T14:48:23.782+0000] {dagbag.py:545} INFO - Filling up the DagBag from /home/airflow/.local/lib/python3.12/site-packages/airflow/example_dags/example_branch_day_of_week_operator.py
[2024-10-22T14:48:23.788+0000] {processor.py:840} INFO - DAG(s) 'example_weekday_branch_operator' retrieved from /home/airflow/.local/lib/python3.12/site-packages/airflow/example_dags/example_branch_day_of_week_operator.py
[2024-10-22T14:48:23.803+0000] {logging_mixin.py:188} INFO - [2024-10-22T14:48:23.803+0000] {dag.py:3089} INFO - Sync 1 DAGs
[2024-10-22T14:48:23.818+0000] {logging_mixin.py:188} INFO - [2024-10-22T14:48:23.818+0000] {dag.py:3947} INFO - Setting next_dagrun for example_weekday_branch_operator to 2024-10-21 00:00:00+00:00, run_after=2024-10-22 00:00:00+00:00
[2024-10-22T14:48:23.831+0000] {processor.py:183} INFO - Processing /home/airflow/.local/lib/python3.12/site-packages/airflow/example_dags/example_branch_day_of_week_operator.py took 0.054 seconds
[2024-10-22T14:48:54.164+0000] {processor.py:161} INFO - Started process (PID=3535) to work on /home/airflow/.local/lib/python3.12/site-packages/airflow/example_dags/example_branch_day_of_week_operator.py
[2024-10-22T14:48:54.165+0000] {processor.py:830} INFO - Processing file /home/airflow/.local/lib/python3.12/site-packages/airflow/example_dags/example_branch_day_of_week_operator.py for tasks to queue
[2024-10-22T14:48:54.166+0000] {logging_mixin.py:188} INFO - [2024-10-22T14:48:54.166+0000] {dagbag.py:545} INFO - Filling up the DagBag from /home/airflow/.local/lib/python3.12/site-packages/airflow/example_dags/example_branch_day_of_week_operator.py
[2024-10-22T14:48:54.171+0000] {processor.py:840} INFO - DAG(s) 'example_weekday_branch_operator' retrieved from /home/airflow/.local/lib/python3.12/site-packages/airflow/example_dags/example_branch_day_of_week_operator.py
[2024-10-22T14:48:54.186+0000] {logging_mixin.py:188} INFO - [2024-10-22T14:48:54.186+0000] {dag.py:3089} INFO - Sync 1 DAGs
[2024-10-22T14:48:54.201+0000] {logging_mixin.py:188} INFO - [2024-10-22T14:48:54.201+0000] {dag.py:3947} INFO - Setting next_dagrun for example_weekday_branch_operator to 2024-10-21 00:00:00+00:00, run_after=2024-10-22 00:00:00+00:00
[2024-10-22T14:48:54.215+0000] {processor.py:183} INFO - Processing /home/airflow/.local/lib/python3.12/site-packages/airflow/example_dags/example_branch_day_of_week_operator.py took 0.055 seconds
[2024-10-22T14:49:24.608+0000] {processor.py:161} INFO - Started process (PID=3802) to work on /home/airflow/.local/lib/python3.12/site-packages/airflow/example_dags/example_branch_day_of_week_operator.py
[2024-10-22T14:49:24.609+0000] {processor.py:830} INFO - Processing file /home/airflow/.local/lib/python3.12/site-packages/airflow/example_dags/example_branch_day_of_week_operator.py for tasks to queue
[2024-10-22T14:49:24.610+0000] {logging_mixin.py:188} INFO - [2024-10-22T14:49:24.610+0000] {dagbag.py:545} INFO - Filling up the DagBag from /home/airflow/.local/lib/python3.12/site-packages/airflow/example_dags/example_branch_day_of_week_operator.py
[2024-10-22T14:49:24.615+0000] {processor.py:840} INFO - DAG(s) 'example_weekday_branch_operator' retrieved from /home/airflow/.local/lib/python3.12/site-packages/airflow/example_dags/example_branch_day_of_week_operator.py
[2024-10-22T14:49:24.629+0000] {logging_mixin.py:188} INFO - [2024-10-22T14:49:24.629+0000] {dag.py:3089} INFO - Sync 1 DAGs
[2024-10-22T14:49:24.645+0000] {logging_mixin.py:188} INFO - [2024-10-22T14:49:24.645+0000] {dag.py:3947} INFO - Setting next_dagrun for example_weekday_branch_operator to 2024-10-21 00:00:00+00:00, run_after=2024-10-22 00:00:00+00:00
[2024-10-22T14:49:24.658+0000] {processor.py:183} INFO - Processing /home/airflow/.local/lib/python3.12/site-packages/airflow/example_dags/example_branch_day_of_week_operator.py took 0.054 seconds
[2024-10-22T14:49:54.929+0000] {processor.py:161} INFO - Started process (PID=4069) to work on /home/airflow/.local/lib/python3.12/site-packages/airflow/example_dags/example_branch_day_of_week_operator.py
[2024-10-22T14:49:54.930+0000] {processor.py:830} INFO - Processing file /home/airflow/.local/lib/python3.12/site-packages/airflow/example_dags/example_branch_day_of_week_operator.py for tasks to queue
[2024-10-22T14:49:54.931+0000] {logging_mixin.py:188} INFO - [2024-10-22T14:49:54.931+0000] {dagbag.py:545} INFO - Filling up the DagBag from /home/airflow/.local/lib/python3.12/site-packages/airflow/example_dags/example_branch_day_of_week_operator.py
[2024-10-22T14:49:54.936+0000] {processor.py:840} INFO - DAG(s) 'example_weekday_branch_operator' retrieved from /home/airflow/.local/lib/python3.12/site-packages/airflow/example_dags/example_branch_day_of_week_operator.py
[2024-10-22T14:49:54.950+0000] {logging_mixin.py:188} INFO - [2024-10-22T14:49:54.950+0000] {dag.py:3089} INFO - Sync 1 DAGs
[2024-10-22T14:49:54.966+0000] {logging_mixin.py:188} INFO - [2024-10-22T14:49:54.966+0000] {dag.py:3947} INFO - Setting next_dagrun for example_weekday_branch_operator to 2024-10-21 00:00:00+00:00, run_after=2024-10-22 00:00:00+00:00
[2024-10-22T14:49:54.978+0000] {processor.py:183} INFO - Processing /home/airflow/.local/lib/python3.12/site-packages/airflow/example_dags/example_branch_day_of_week_operator.py took 0.053 seconds
[2024-10-22T14:50:25.224+0000] {processor.py:161} INFO - Started process (PID=4336) to work on /home/airflow/.local/lib/python3.12/site-packages/airflow/example_dags/example_branch_day_of_week_operator.py
[2024-10-22T14:50:25.224+0000] {processor.py:830} INFO - Processing file /home/airflow/.local/lib/python3.12/site-packages/airflow/example_dags/example_branch_day_of_week_operator.py for tasks to queue
[2024-10-22T14:50:25.226+0000] {logging_mixin.py:188} INFO - [2024-10-22T14:50:25.226+0000] {dagbag.py:545} INFO - Filling up the DagBag from /home/airflow/.local/lib/python3.12/site-packages/airflow/example_dags/example_branch_day_of_week_operator.py
[2024-10-22T14:50:25.232+0000] {processor.py:840} INFO - DAG(s) 'example_weekday_branch_operator' retrieved from /home/airflow/.local/lib/python3.12/site-packages/airflow/example_dags/example_branch_day_of_week_operator.py
[2024-10-22T14:50:25.249+0000] {logging_mixin.py:188} INFO - [2024-10-22T14:50:25.249+0000] {dag.py:3089} INFO - Sync 1 DAGs
[2024-10-22T14:50:25.266+0000] {logging_mixin.py:188} INFO - [2024-10-22T14:50:25.266+0000] {dag.py:3947} INFO - Setting next_dagrun for example_weekday_branch_operator to 2024-10-21 00:00:00+00:00, run_after=2024-10-22 00:00:00+00:00
[2024-10-22T14:50:25.280+0000] {processor.py:183} INFO - Processing /home/airflow/.local/lib/python3.12/site-packages/airflow/example_dags/example_branch_day_of_week_operator.py took 0.062 seconds
[2024-10-22T14:50:55.752+0000] {processor.py:161} INFO - Started process (PID=4605) to work on /home/airflow/.local/lib/python3.12/site-packages/airflow/example_dags/example_branch_day_of_week_operator.py
[2024-10-22T14:50:55.753+0000] {processor.py:830} INFO - Processing file /home/airflow/.local/lib/python3.12/site-packages/airflow/example_dags/example_branch_day_of_week_operator.py for tasks to queue
[2024-10-22T14:50:55.754+0000] {logging_mixin.py:188} INFO - [2024-10-22T14:50:55.754+0000] {dagbag.py:545} INFO - Filling up the DagBag from /home/airflow/.local/lib/python3.12/site-packages/airflow/example_dags/example_branch_day_of_week_operator.py
[2024-10-22T14:50:55.759+0000] {processor.py:840} INFO - DAG(s) 'example_weekday_branch_operator' retrieved from /home/airflow/.local/lib/python3.12/site-packages/airflow/example_dags/example_branch_day_of_week_operator.py
[2024-10-22T14:50:55.774+0000] {logging_mixin.py:188} INFO - [2024-10-22T14:50:55.774+0000] {dag.py:3089} INFO - Sync 1 DAGs
[2024-10-22T14:50:55.789+0000] {logging_mixin.py:188} INFO - [2024-10-22T14:50:55.789+0000] {dag.py:3947} INFO - Setting next_dagrun for example_weekday_branch_operator to 2024-10-21 00:00:00+00:00, run_after=2024-10-22 00:00:00+00:00
[2024-10-22T14:50:55.801+0000] {processor.py:183} INFO - Processing /home/airflow/.local/lib/python3.12/site-packages/airflow/example_dags/example_branch_day_of_week_operator.py took 0.053 seconds
[2024-10-22T14:51:26.028+0000] {processor.py:161} INFO - Started process (PID=4870) to work on /home/airflow/.local/lib/python3.12/site-packages/airflow/example_dags/example_branch_day_of_week_operator.py
[2024-10-22T14:51:26.029+0000] {processor.py:830} INFO - Processing file /home/airflow/.local/lib/python3.12/site-packages/airflow/example_dags/example_branch_day_of_week_operator.py for tasks to queue
[2024-10-22T14:51:26.030+0000] {logging_mixin.py:188} INFO - [2024-10-22T14:51:26.030+0000] {dagbag.py:545} INFO - Filling up the DagBag from /home/airflow/.local/lib/python3.12/site-packages/airflow/example_dags/example_branch_day_of_week_operator.py
[2024-10-22T14:51:26.036+0000] {processor.py:840} INFO - DAG(s) 'example_weekday_branch_operator' retrieved from /home/airflow/.local/lib/python3.12/site-packages/airflow/example_dags/example_branch_day_of_week_operator.py
[2024-10-22T14:51:26.051+0000] {logging_mixin.py:188} INFO - [2024-10-22T14:51:26.051+0000] {dag.py:3089} INFO - Sync 1 DAGs
[2024-10-22T14:51:26.067+0000] {logging_mixin.py:188} INFO - [2024-10-22T14:51:26.067+0000] {dag.py:3947} INFO - Setting next_dagrun for example_weekday_branch_operator to 2024-10-21 00:00:00+00:00, run_after=2024-10-22 00:00:00+00:00
[2024-10-22T14:51:26.079+0000] {processor.py:183} INFO - Processing /home/airflow/.local/lib/python3.12/site-packages/airflow/example_dags/example_branch_day_of_week_operator.py took 0.055 seconds
[2024-10-22T14:51:56.494+0000] {processor.py:161} INFO - Started process (PID=5137) to work on /home/airflow/.local/lib/python3.12/site-packages/airflow/example_dags/example_branch_day_of_week_operator.py
[2024-10-22T14:51:56.495+0000] {processor.py:830} INFO - Processing file /home/airflow/.local/lib/python3.12/site-packages/airflow/example_dags/example_branch_day_of_week_operator.py for tasks to queue
[2024-10-22T14:51:56.496+0000] {logging_mixin.py:188} INFO - [2024-10-22T14:51:56.496+0000] {dagbag.py:545} INFO - Filling up the DagBag from /home/airflow/.local/lib/python3.12/site-packages/airflow/example_dags/example_branch_day_of_week_operator.py
[2024-10-22T14:51:56.502+0000] {processor.py:840} INFO - DAG(s) 'example_weekday_branch_operator' retrieved from /home/airflow/.local/lib/python3.12/site-packages/airflow/example_dags/example_branch_day_of_week_operator.py
[2024-10-22T14:51:56.518+0000] {logging_mixin.py:188} INFO - [2024-10-22T14:51:56.517+0000] {dag.py:3089} INFO - Sync 1 DAGs
[2024-10-22T14:51:56.532+0000] {logging_mixin.py:188} INFO - [2024-10-22T14:51:56.532+0000] {dag.py:3947} INFO - Setting next_dagrun for example_weekday_branch_operator to 2024-10-21 00:00:00+00:00, run_after=2024-10-22 00:00:00+00:00
[2024-10-22T14:51:56.545+0000] {processor.py:183} INFO - Processing /home/airflow/.local/lib/python3.12/site-packages/airflow/example_dags/example_branch_day_of_week_operator.py took 0.055 seconds
[2024-10-22T14:52:26.886+0000] {processor.py:161} INFO - Started process (PID=5404) to work on /home/airflow/.local/lib/python3.12/site-packages/airflow/example_dags/example_branch_day_of_week_operator.py
[2024-10-22T14:52:26.886+0000] {processor.py:830} INFO - Processing file /home/airflow/.local/lib/python3.12/site-packages/airflow/example_dags/example_branch_day_of_week_operator.py for tasks to queue
[2024-10-22T14:52:26.888+0000] {logging_mixin.py:188} INFO - [2024-10-22T14:52:26.888+0000] {dagbag.py:545} INFO - Filling up the DagBag from /home/airflow/.local/lib/python3.12/site-packages/airflow/example_dags/example_branch_day_of_week_operator.py
[2024-10-22T14:52:26.895+0000] {processor.py:840} INFO - DAG(s) 'example_weekday_branch_operator' retrieved from /home/airflow/.local/lib/python3.12/site-packages/airflow/example_dags/example_branch_day_of_week_operator.py
[2024-10-22T14:52:26.911+0000] {logging_mixin.py:188} INFO - [2024-10-22T14:52:26.911+0000] {dag.py:3089} INFO - Sync 1 DAGs
[2024-10-22T14:52:26.927+0000] {logging_mixin.py:188} INFO - [2024-10-22T14:52:26.927+0000] {dag.py:3947} INFO - Setting next_dagrun for example_weekday_branch_operator to 2024-10-21 00:00:00+00:00, run_after=2024-10-22 00:00:00+00:00
[2024-10-22T14:52:26.940+0000] {processor.py:183} INFO - Processing /home/airflow/.local/lib/python3.12/site-packages/airflow/example_dags/example_branch_day_of_week_operator.py took 0.060 seconds
[2024-10-22T14:52:57.216+0000] {processor.py:161} INFO - Started process (PID=5674) to work on /home/airflow/.local/lib/python3.12/site-packages/airflow/example_dags/example_branch_day_of_week_operator.py
[2024-10-22T14:52:57.216+0000] {processor.py:830} INFO - Processing file /home/airflow/.local/lib/python3.12/site-packages/airflow/example_dags/example_branch_day_of_week_operator.py for tasks to queue
[2024-10-22T14:52:57.218+0000] {logging_mixin.py:188} INFO - [2024-10-22T14:52:57.217+0000] {dagbag.py:545} INFO - Filling up the DagBag from /home/airflow/.local/lib/python3.12/site-packages/airflow/example_dags/example_branch_day_of_week_operator.py
[2024-10-22T14:52:57.223+0000] {processor.py:840} INFO - DAG(s) 'example_weekday_branch_operator' retrieved from /home/airflow/.local/lib/python3.12/site-packages/airflow/example_dags/example_branch_day_of_week_operator.py
[2024-10-22T14:52:57.235+0000] {logging_mixin.py:188} INFO - [2024-10-22T14:52:57.235+0000] {dag.py:3089} INFO - Sync 1 DAGs
[2024-10-22T14:52:57.249+0000] {logging_mixin.py:188} INFO - [2024-10-22T14:52:57.249+0000] {dag.py:3947} INFO - Setting next_dagrun for example_weekday_branch_operator to 2024-10-21 00:00:00+00:00, run_after=2024-10-22 00:00:00+00:00
[2024-10-22T14:52:57.261+0000] {processor.py:183} INFO - Processing /home/airflow/.local/lib/python3.12/site-packages/airflow/example_dags/example_branch_day_of_week_operator.py took 0.050 seconds
[2024-10-22T14:53:27.483+0000] {processor.py:161} INFO - Started process (PID=5941) to work on /home/airflow/.local/lib/python3.12/site-packages/airflow/example_dags/example_branch_day_of_week_operator.py
[2024-10-22T14:53:27.484+0000] {processor.py:830} INFO - Processing file /home/airflow/.local/lib/python3.12/site-packages/airflow/example_dags/example_branch_day_of_week_operator.py for tasks to queue
[2024-10-22T14:53:27.485+0000] {logging_mixin.py:188} INFO - [2024-10-22T14:53:27.485+0000] {dagbag.py:545} INFO - Filling up the DagBag from /home/airflow/.local/lib/python3.12/site-packages/airflow/example_dags/example_branch_day_of_week_operator.py
[2024-10-22T14:53:27.490+0000] {processor.py:840} INFO - DAG(s) 'example_weekday_branch_operator' retrieved from /home/airflow/.local/lib/python3.12/site-packages/airflow/example_dags/example_branch_day_of_week_operator.py
[2024-10-22T14:53:27.505+0000] {logging_mixin.py:188} INFO - [2024-10-22T14:53:27.505+0000] {dag.py:3089} INFO - Sync 1 DAGs
[2024-10-22T14:53:27.521+0000] {logging_mixin.py:188} INFO - [2024-10-22T14:53:27.521+0000] {dag.py:3947} INFO - Setting next_dagrun for example_weekday_branch_operator to 2024-10-21 00:00:00+00:00, run_after=2024-10-22 00:00:00+00:00
[2024-10-22T14:53:27.533+0000] {processor.py:183} INFO - Processing /home/airflow/.local/lib/python3.12/site-packages/airflow/example_dags/example_branch_day_of_week_operator.py took 0.055 seconds
[2024-10-22T14:53:57.978+0000] {processor.py:161} INFO - Started process (PID=6208) to work on /home/airflow/.local/lib/python3.12/site-packages/airflow/example_dags/example_branch_day_of_week_operator.py
[2024-10-22T14:53:57.978+0000] {processor.py:830} INFO - Processing file /home/airflow/.local/lib/python3.12/site-packages/airflow/example_dags/example_branch_day_of_week_operator.py for tasks to queue
[2024-10-22T14:53:57.980+0000] {logging_mixin.py:188} INFO - [2024-10-22T14:53:57.980+0000] {dagbag.py:545} INFO - Filling up the DagBag from /home/airflow/.local/lib/python3.12/site-packages/airflow/example_dags/example_branch_day_of_week_operator.py
[2024-10-22T14:53:57.985+0000] {processor.py:840} INFO - DAG(s) 'example_weekday_branch_operator' retrieved from /home/airflow/.local/lib/python3.12/site-packages/airflow/example_dags/example_branch_day_of_week_operator.py
[2024-10-22T14:53:57.999+0000] {logging_mixin.py:188} INFO - [2024-10-22T14:53:57.999+0000] {dag.py:3089} INFO - Sync 1 DAGs
[2024-10-22T14:53:58.014+0000] {logging_mixin.py:188} INFO - [2024-10-22T14:53:58.014+0000] {dag.py:3947} INFO - Setting next_dagrun for example_weekday_branch_operator to 2024-10-21 00:00:00+00:00, run_after=2024-10-22 00:00:00+00:00
[2024-10-22T14:53:58.026+0000] {processor.py:183} INFO - Processing /home/airflow/.local/lib/python3.12/site-packages/airflow/example_dags/example_branch_day_of_week_operator.py took 0.053 seconds
[2024-10-22T14:54:28.320+0000] {processor.py:161} INFO - Started process (PID=6475) to work on /home/airflow/.local/lib/python3.12/site-packages/airflow/example_dags/example_branch_day_of_week_operator.py
[2024-10-22T14:54:28.320+0000] {processor.py:830} INFO - Processing file /home/airflow/.local/lib/python3.12/site-packages/airflow/example_dags/example_branch_day_of_week_operator.py for tasks to queue
[2024-10-22T14:54:28.322+0000] {logging_mixin.py:188} INFO - [2024-10-22T14:54:28.321+0000] {dagbag.py:545} INFO - Filling up the DagBag from /home/airflow/.local/lib/python3.12/site-packages/airflow/example_dags/example_branch_day_of_week_operator.py
[2024-10-22T14:54:28.327+0000] {processor.py:840} INFO - DAG(s) 'example_weekday_branch_operator' retrieved from /home/airflow/.local/lib/python3.12/site-packages/airflow/example_dags/example_branch_day_of_week_operator.py
[2024-10-22T14:54:28.342+0000] {logging_mixin.py:188} INFO - [2024-10-22T14:54:28.342+0000] {dag.py:3089} INFO - Sync 1 DAGs
[2024-10-22T14:54:28.357+0000] {logging_mixin.py:188} INFO - [2024-10-22T14:54:28.357+0000] {dag.py:3947} INFO - Setting next_dagrun for example_weekday_branch_operator to 2024-10-21 00:00:00+00:00, run_after=2024-10-22 00:00:00+00:00
[2024-10-22T14:54:28.369+0000] {processor.py:183} INFO - Processing /home/airflow/.local/lib/python3.12/site-packages/airflow/example_dags/example_branch_day_of_week_operator.py took 0.054 seconds
[2024-10-22T14:54:59.167+0000] {processor.py:161} INFO - Started process (PID=6745) to work on /home/airflow/.local/lib/python3.12/site-packages/airflow/example_dags/example_branch_day_of_week_operator.py
[2024-10-22T14:54:59.168+0000] {processor.py:830} INFO - Processing file /home/airflow/.local/lib/python3.12/site-packages/airflow/example_dags/example_branch_day_of_week_operator.py for tasks to queue
[2024-10-22T14:54:59.170+0000] {logging_mixin.py:188} INFO - [2024-10-22T14:54:59.169+0000] {dagbag.py:545} INFO - Filling up the DagBag from /home/airflow/.local/lib/python3.12/site-packages/airflow/example_dags/example_branch_day_of_week_operator.py
[2024-10-22T14:54:59.175+0000] {processor.py:840} INFO - DAG(s) 'example_weekday_branch_operator' retrieved from /home/airflow/.local/lib/python3.12/site-packages/airflow/example_dags/example_branch_day_of_week_operator.py
[2024-10-22T14:54:59.189+0000] {logging_mixin.py:188} INFO - [2024-10-22T14:54:59.189+0000] {dag.py:3089} INFO - Sync 1 DAGs
[2024-10-22T14:54:59.206+0000] {logging_mixin.py:188} INFO - [2024-10-22T14:54:59.205+0000] {dag.py:3947} INFO - Setting next_dagrun for example_weekday_branch_operator to 2024-10-21 00:00:00+00:00, run_after=2024-10-22 00:00:00+00:00
[2024-10-22T14:54:59.218+0000] {processor.py:183} INFO - Processing /home/airflow/.local/lib/python3.12/site-packages/airflow/example_dags/example_branch_day_of_week_operator.py took 0.054 seconds
[2024-10-22T14:55:29.681+0000] {processor.py:161} INFO - Started process (PID=7012) to work on /home/airflow/.local/lib/python3.12/site-packages/airflow/example_dags/example_branch_day_of_week_operator.py
[2024-10-22T14:55:29.682+0000] {processor.py:830} INFO - Processing file /home/airflow/.local/lib/python3.12/site-packages/airflow/example_dags/example_branch_day_of_week_operator.py for tasks to queue
[2024-10-22T14:55:29.683+0000] {logging_mixin.py:188} INFO - [2024-10-22T14:55:29.683+0000] {dagbag.py:545} INFO - Filling up the DagBag from /home/airflow/.local/lib/python3.12/site-packages/airflow/example_dags/example_branch_day_of_week_operator.py
[2024-10-22T14:55:29.688+0000] {processor.py:840} INFO - DAG(s) 'example_weekday_branch_operator' retrieved from /home/airflow/.local/lib/python3.12/site-packages/airflow/example_dags/example_branch_day_of_week_operator.py
[2024-10-22T14:55:29.704+0000] {logging_mixin.py:188} INFO - [2024-10-22T14:55:29.703+0000] {dag.py:3089} INFO - Sync 1 DAGs
[2024-10-22T14:55:29.720+0000] {logging_mixin.py:188} INFO - [2024-10-22T14:55:29.720+0000] {dag.py:3947} INFO - Setting next_dagrun for example_weekday_branch_operator to 2024-10-21 00:00:00+00:00, run_after=2024-10-22 00:00:00+00:00
[2024-10-22T14:55:29.845+0000] {processor.py:183} INFO - Processing /home/airflow/.local/lib/python3.12/site-packages/airflow/example_dags/example_branch_day_of_week_operator.py took 0.168 seconds
[2024-10-22T14:56:00.338+0000] {processor.py:161} INFO - Started process (PID=7279) to work on /home/airflow/.local/lib/python3.12/site-packages/airflow/example_dags/example_branch_day_of_week_operator.py
[2024-10-22T14:56:00.338+0000] {processor.py:830} INFO - Processing file /home/airflow/.local/lib/python3.12/site-packages/airflow/example_dags/example_branch_day_of_week_operator.py for tasks to queue
[2024-10-22T14:56:00.340+0000] {logging_mixin.py:188} INFO - [2024-10-22T14:56:00.340+0000] {dagbag.py:545} INFO - Filling up the DagBag from /home/airflow/.local/lib/python3.12/site-packages/airflow/example_dags/example_branch_day_of_week_operator.py
[2024-10-22T14:56:00.345+0000] {processor.py:840} INFO - DAG(s) 'example_weekday_branch_operator' retrieved from /home/airflow/.local/lib/python3.12/site-packages/airflow/example_dags/example_branch_day_of_week_operator.py
[2024-10-22T14:56:00.360+0000] {logging_mixin.py:188} INFO - [2024-10-22T14:56:00.360+0000] {dag.py:3089} INFO - Sync 1 DAGs
[2024-10-22T14:56:00.376+0000] {logging_mixin.py:188} INFO - [2024-10-22T14:56:00.376+0000] {dag.py:3947} INFO - Setting next_dagrun for example_weekday_branch_operator to 2024-10-21 00:00:00+00:00, run_after=2024-10-22 00:00:00+00:00
[2024-10-22T14:56:00.389+0000] {processor.py:183} INFO - Processing /home/airflow/.local/lib/python3.12/site-packages/airflow/example_dags/example_branch_day_of_week_operator.py took 0.055 seconds
[2024-10-22T14:56:30.843+0000] {processor.py:161} INFO - Started process (PID=7541) to work on /home/airflow/.local/lib/python3.12/site-packages/airflow/example_dags/example_branch_day_of_week_operator.py
[2024-10-22T14:56:30.843+0000] {processor.py:830} INFO - Processing file /home/airflow/.local/lib/python3.12/site-packages/airflow/example_dags/example_branch_day_of_week_operator.py for tasks to queue
[2024-10-22T14:56:30.845+0000] {logging_mixin.py:188} INFO - [2024-10-22T14:56:30.844+0000] {dagbag.py:545} INFO - Filling up the DagBag from /home/airflow/.local/lib/python3.12/site-packages/airflow/example_dags/example_branch_day_of_week_operator.py
[2024-10-22T14:56:30.850+0000] {processor.py:840} INFO - DAG(s) 'example_weekday_branch_operator' retrieved from /home/airflow/.local/lib/python3.12/site-packages/airflow/example_dags/example_branch_day_of_week_operator.py
[2024-10-22T14:56:30.864+0000] {logging_mixin.py:188} INFO - [2024-10-22T14:56:30.864+0000] {dag.py:3089} INFO - Sync 1 DAGs
[2024-10-22T14:56:30.880+0000] {logging_mixin.py:188} INFO - [2024-10-22T14:56:30.880+0000] {dag.py:3947} INFO - Setting next_dagrun for example_weekday_branch_operator to 2024-10-21 00:00:00+00:00, run_after=2024-10-22 00:00:00+00:00
[2024-10-22T14:56:30.891+0000] {processor.py:183} INFO - Processing /home/airflow/.local/lib/python3.12/site-packages/airflow/example_dags/example_branch_day_of_week_operator.py took 0.053 seconds
[2024-10-22T14:57:01.031+0000] {processor.py:161} INFO - Started process (PID=7808) to work on /home/airflow/.local/lib/python3.12/site-packages/airflow/example_dags/example_branch_day_of_week_operator.py
[2024-10-22T14:57:01.031+0000] {processor.py:830} INFO - Processing file /home/airflow/.local/lib/python3.12/site-packages/airflow/example_dags/example_branch_day_of_week_operator.py for tasks to queue
[2024-10-22T14:57:01.033+0000] {logging_mixin.py:188} INFO - [2024-10-22T14:57:01.033+0000] {dagbag.py:545} INFO - Filling up the DagBag from /home/airflow/.local/lib/python3.12/site-packages/airflow/example_dags/example_branch_day_of_week_operator.py
[2024-10-22T14:57:01.038+0000] {processor.py:840} INFO - DAG(s) 'example_weekday_branch_operator' retrieved from /home/airflow/.local/lib/python3.12/site-packages/airflow/example_dags/example_branch_day_of_week_operator.py
[2024-10-22T14:57:01.053+0000] {logging_mixin.py:188} INFO - [2024-10-22T14:57:01.053+0000] {dag.py:3089} INFO - Sync 1 DAGs
[2024-10-22T14:57:01.069+0000] {logging_mixin.py:188} INFO - [2024-10-22T14:57:01.069+0000] {dag.py:3947} INFO - Setting next_dagrun for example_weekday_branch_operator to 2024-10-21 00:00:00+00:00, run_after=2024-10-22 00:00:00+00:00
[2024-10-22T14:57:01.081+0000] {processor.py:183} INFO - Processing /home/airflow/.local/lib/python3.12/site-packages/airflow/example_dags/example_branch_day_of_week_operator.py took 0.054 seconds
[2024-10-22T14:57:32.255+0000] {processor.py:161} INFO - Started process (PID=8080) to work on /home/airflow/.local/lib/python3.12/site-packages/airflow/example_dags/example_branch_day_of_week_operator.py
[2024-10-22T14:57:32.255+0000] {processor.py:830} INFO - Processing file /home/airflow/.local/lib/python3.12/site-packages/airflow/example_dags/example_branch_day_of_week_operator.py for tasks to queue
[2024-10-22T14:57:32.257+0000] {logging_mixin.py:188} INFO - [2024-10-22T14:57:32.257+0000] {dagbag.py:545} INFO - Filling up the DagBag from /home/airflow/.local/lib/python3.12/site-packages/airflow/example_dags/example_branch_day_of_week_operator.py
[2024-10-22T14:57:32.263+0000] {processor.py:840} INFO - DAG(s) 'example_weekday_branch_operator' retrieved from /home/airflow/.local/lib/python3.12/site-packages/airflow/example_dags/example_branch_day_of_week_operator.py
[2024-10-22T14:57:32.278+0000] {logging_mixin.py:188} INFO - [2024-10-22T14:57:32.278+0000] {dag.py:3089} INFO - Sync 1 DAGs
[2024-10-22T14:57:32.297+0000] {logging_mixin.py:188} INFO - [2024-10-22T14:57:32.296+0000] {dag.py:3947} INFO - Setting next_dagrun for example_weekday_branch_operator to 2024-10-21 00:00:00+00:00, run_after=2024-10-22 00:00:00+00:00
[2024-10-22T14:57:32.310+0000] {processor.py:183} INFO - Processing /home/airflow/.local/lib/python3.12/site-packages/airflow/example_dags/example_branch_day_of_week_operator.py took 0.059 seconds
