[2024-10-22T14:00:15.281+0000] {processor.py:161} INFO - Started process (PID=345) to work on /home/airflow/.local/lib/python3.12/site-packages/airflow/example_dags/example_sensors.py
[2024-10-22T14:00:15.282+0000] {processor.py:830} INFO - Processing file /home/airflow/.local/lib/python3.12/site-packages/airflow/example_dags/example_sensors.py for tasks to queue
[2024-10-22T14:00:15.283+0000] {logging_mixin.py:188} INFO - [2024-10-22T14:00:15.283+0000] {dagbag.py:545} INFO - Filling up the DagBag from /home/airflow/.local/lib/python3.12/site-packages/airflow/example_dags/example_sensors.py
[2024-10-22T14:00:15.291+0000] {processor.py:840} INFO - DAG(s) 'example_sensors' retrieved from /home/airflow/.local/lib/python3.12/site-packages/airflow/example_dags/example_sensors.py
[2024-10-22T14:00:15.376+0000] {logging_mixin.py:188} INFO - [2024-10-22T14:00:15.375+0000] {override.py:1858} INFO - Created Permission View: can delete on DAG:example_sensors
[2024-10-22T14:00:15.383+0000] {logging_mixin.py:188} INFO - [2024-10-22T14:00:15.383+0000] {override.py:1858} INFO - Created Permission View: can edit on DAG:example_sensors
[2024-10-22T14:00:15.388+0000] {logging_mixin.py:188} INFO - [2024-10-22T14:00:15.388+0000] {override.py:1858} INFO - Created Permission View: can read on DAG:example_sensors
[2024-10-22T14:00:15.389+0000] {logging_mixin.py:188} INFO - [2024-10-22T14:00:15.389+0000] {dag.py:3089} INFO - Sync 1 DAGs
[2024-10-22T14:00:15.397+0000] {logging_mixin.py:188} INFO - [2024-10-22T14:00:15.397+0000] {dag.py:3111} INFO - Creating ORM DAG for example_sensors
[2024-10-22T14:00:15.398+0000] {logging_mixin.py:188} INFO - [2024-10-22T14:00:15.398+0000] {dag.py:3947} INFO - Setting next_dagrun for example_sensors to None, run_after=None
[2024-10-22T14:00:15.411+0000] {processor.py:183} INFO - Processing /home/airflow/.local/lib/python3.12/site-packages/airflow/example_dags/example_sensors.py took 0.135 seconds
[2024-10-22T14:00:45.586+0000] {processor.py:161} INFO - Started process (PID=612) to work on /home/airflow/.local/lib/python3.12/site-packages/airflow/example_dags/example_sensors.py
[2024-10-22T14:00:45.587+0000] {processor.py:830} INFO - Processing file /home/airflow/.local/lib/python3.12/site-packages/airflow/example_dags/example_sensors.py for tasks to queue
[2024-10-22T14:00:45.588+0000] {logging_mixin.py:188} INFO - [2024-10-22T14:00:45.588+0000] {dagbag.py:545} INFO - Filling up the DagBag from /home/airflow/.local/lib/python3.12/site-packages/airflow/example_dags/example_sensors.py
[2024-10-22T14:00:45.594+0000] {processor.py:840} INFO - DAG(s) 'example_sensors' retrieved from /home/airflow/.local/lib/python3.12/site-packages/airflow/example_dags/example_sensors.py
[2024-10-22T14:00:45.613+0000] {logging_mixin.py:188} INFO - [2024-10-22T14:00:45.612+0000] {dag.py:3089} INFO - Sync 1 DAGs
[2024-10-22T14:00:45.622+0000] {logging_mixin.py:188} INFO - [2024-10-22T14:00:45.622+0000] {dag.py:3947} INFO - Setting next_dagrun for example_sensors to None, run_after=None
[2024-10-22T14:00:45.635+0000] {processor.py:183} INFO - Processing /home/airflow/.local/lib/python3.12/site-packages/airflow/example_dags/example_sensors.py took 0.052 seconds
[2024-10-22T14:01:15.909+0000] {processor.py:161} INFO - Started process (PID=879) to work on /home/airflow/.local/lib/python3.12/site-packages/airflow/example_dags/example_sensors.py
[2024-10-22T14:01:15.909+0000] {processor.py:830} INFO - Processing file /home/airflow/.local/lib/python3.12/site-packages/airflow/example_dags/example_sensors.py for tasks to queue
[2024-10-22T14:01:15.911+0000] {logging_mixin.py:188} INFO - [2024-10-22T14:01:15.910+0000] {dagbag.py:545} INFO - Filling up the DagBag from /home/airflow/.local/lib/python3.12/site-packages/airflow/example_dags/example_sensors.py
[2024-10-22T14:01:15.917+0000] {processor.py:840} INFO - DAG(s) 'example_sensors' retrieved from /home/airflow/.local/lib/python3.12/site-packages/airflow/example_dags/example_sensors.py
[2024-10-22T14:01:15.934+0000] {logging_mixin.py:188} INFO - [2024-10-22T14:01:15.934+0000] {dag.py:3089} INFO - Sync 1 DAGs
[2024-10-22T14:01:15.944+0000] {logging_mixin.py:188} INFO - [2024-10-22T14:01:15.943+0000] {dag.py:3947} INFO - Setting next_dagrun for example_sensors to None, run_after=None
[2024-10-22T14:01:15.957+0000] {processor.py:183} INFO - Processing /home/airflow/.local/lib/python3.12/site-packages/airflow/example_dags/example_sensors.py took 0.053 seconds
[2024-10-22T14:01:46.293+0000] {processor.py:161} INFO - Started process (PID=1148) to work on /home/airflow/.local/lib/python3.12/site-packages/airflow/example_dags/example_sensors.py
[2024-10-22T14:01:46.294+0000] {processor.py:830} INFO - Processing file /home/airflow/.local/lib/python3.12/site-packages/airflow/example_dags/example_sensors.py for tasks to queue
[2024-10-22T14:01:46.295+0000] {logging_mixin.py:188} INFO - [2024-10-22T14:01:46.295+0000] {dagbag.py:545} INFO - Filling up the DagBag from /home/airflow/.local/lib/python3.12/site-packages/airflow/example_dags/example_sensors.py
[2024-10-22T14:01:46.302+0000] {processor.py:840} INFO - DAG(s) 'example_sensors' retrieved from /home/airflow/.local/lib/python3.12/site-packages/airflow/example_dags/example_sensors.py
[2024-10-22T14:01:46.321+0000] {logging_mixin.py:188} INFO - [2024-10-22T14:01:46.320+0000] {dag.py:3089} INFO - Sync 1 DAGs
[2024-10-22T14:01:46.334+0000] {logging_mixin.py:188} INFO - [2024-10-22T14:01:46.334+0000] {dag.py:3947} INFO - Setting next_dagrun for example_sensors to None, run_after=None
[2024-10-22T14:01:46.349+0000] {processor.py:183} INFO - Processing /home/airflow/.local/lib/python3.12/site-packages/airflow/example_dags/example_sensors.py took 0.061 seconds
[2024-10-22T14:02:16.669+0000] {processor.py:161} INFO - Started process (PID=1415) to work on /home/airflow/.local/lib/python3.12/site-packages/airflow/example_dags/example_sensors.py
[2024-10-22T14:02:16.670+0000] {processor.py:830} INFO - Processing file /home/airflow/.local/lib/python3.12/site-packages/airflow/example_dags/example_sensors.py for tasks to queue
[2024-10-22T14:02:16.672+0000] {logging_mixin.py:188} INFO - [2024-10-22T14:02:16.672+0000] {dagbag.py:545} INFO - Filling up the DagBag from /home/airflow/.local/lib/python3.12/site-packages/airflow/example_dags/example_sensors.py
[2024-10-22T14:02:16.678+0000] {processor.py:840} INFO - DAG(s) 'example_sensors' retrieved from /home/airflow/.local/lib/python3.12/site-packages/airflow/example_dags/example_sensors.py
[2024-10-22T14:02:16.699+0000] {logging_mixin.py:188} INFO - [2024-10-22T14:02:16.699+0000] {dag.py:3089} INFO - Sync 1 DAGs
[2024-10-22T14:02:16.711+0000] {logging_mixin.py:188} INFO - [2024-10-22T14:02:16.710+0000] {dag.py:3947} INFO - Setting next_dagrun for example_sensors to None, run_after=None
[2024-10-22T14:02:16.726+0000] {processor.py:183} INFO - Processing /home/airflow/.local/lib/python3.12/site-packages/airflow/example_dags/example_sensors.py took 0.061 seconds
[2024-10-22T14:02:46.818+0000] {processor.py:161} INFO - Started process (PID=1680) to work on /home/airflow/.local/lib/python3.12/site-packages/airflow/example_dags/example_sensors.py
[2024-10-22T14:02:46.819+0000] {processor.py:830} INFO - Processing file /home/airflow/.local/lib/python3.12/site-packages/airflow/example_dags/example_sensors.py for tasks to queue
[2024-10-22T14:02:46.821+0000] {logging_mixin.py:188} INFO - [2024-10-22T14:02:46.821+0000] {dagbag.py:545} INFO - Filling up the DagBag from /home/airflow/.local/lib/python3.12/site-packages/airflow/example_dags/example_sensors.py
[2024-10-22T14:02:46.828+0000] {processor.py:840} INFO - DAG(s) 'example_sensors' retrieved from /home/airflow/.local/lib/python3.12/site-packages/airflow/example_dags/example_sensors.py
[2024-10-22T14:02:46.848+0000] {logging_mixin.py:188} INFO - [2024-10-22T14:02:46.847+0000] {dag.py:3089} INFO - Sync 1 DAGs
[2024-10-22T14:02:46.857+0000] {logging_mixin.py:188} INFO - [2024-10-22T14:02:46.857+0000] {dag.py:3947} INFO - Setting next_dagrun for example_sensors to None, run_after=None
[2024-10-22T14:02:46.871+0000] {processor.py:183} INFO - Processing /home/airflow/.local/lib/python3.12/site-packages/airflow/example_dags/example_sensors.py took 0.057 seconds
[2024-10-22T14:03:17.084+0000] {processor.py:161} INFO - Started process (PID=1947) to work on /home/airflow/.local/lib/python3.12/site-packages/airflow/example_dags/example_sensors.py
[2024-10-22T14:03:17.084+0000] {processor.py:830} INFO - Processing file /home/airflow/.local/lib/python3.12/site-packages/airflow/example_dags/example_sensors.py for tasks to queue
[2024-10-22T14:03:17.086+0000] {logging_mixin.py:188} INFO - [2024-10-22T14:03:17.085+0000] {dagbag.py:545} INFO - Filling up the DagBag from /home/airflow/.local/lib/python3.12/site-packages/airflow/example_dags/example_sensors.py
[2024-10-22T14:03:17.092+0000] {processor.py:840} INFO - DAG(s) 'example_sensors' retrieved from /home/airflow/.local/lib/python3.12/site-packages/airflow/example_dags/example_sensors.py
[2024-10-22T14:03:17.110+0000] {logging_mixin.py:188} INFO - [2024-10-22T14:03:17.109+0000] {dag.py:3089} INFO - Sync 1 DAGs
[2024-10-22T14:03:17.118+0000] {logging_mixin.py:188} INFO - [2024-10-22T14:03:17.118+0000] {dag.py:3947} INFO - Setting next_dagrun for example_sensors to None, run_after=None
[2024-10-22T14:03:17.130+0000] {processor.py:183} INFO - Processing /home/airflow/.local/lib/python3.12/site-packages/airflow/example_dags/example_sensors.py took 0.050 seconds
[2024-10-22T14:03:47.526+0000] {processor.py:161} INFO - Started process (PID=2214) to work on /home/airflow/.local/lib/python3.12/site-packages/airflow/example_dags/example_sensors.py
[2024-10-22T14:03:47.527+0000] {processor.py:830} INFO - Processing file /home/airflow/.local/lib/python3.12/site-packages/airflow/example_dags/example_sensors.py for tasks to queue
[2024-10-22T14:03:47.528+0000] {logging_mixin.py:188} INFO - [2024-10-22T14:03:47.528+0000] {dagbag.py:545} INFO - Filling up the DagBag from /home/airflow/.local/lib/python3.12/site-packages/airflow/example_dags/example_sensors.py
[2024-10-22T14:03:47.535+0000] {processor.py:840} INFO - DAG(s) 'example_sensors' retrieved from /home/airflow/.local/lib/python3.12/site-packages/airflow/example_dags/example_sensors.py
[2024-10-22T14:03:47.553+0000] {logging_mixin.py:188} INFO - [2024-10-22T14:03:47.553+0000] {dag.py:3089} INFO - Sync 1 DAGs
[2024-10-22T14:03:47.563+0000] {logging_mixin.py:188} INFO - [2024-10-22T14:03:47.563+0000] {dag.py:3947} INFO - Setting next_dagrun for example_sensors to None, run_after=None
[2024-10-22T14:03:47.579+0000] {processor.py:183} INFO - Processing /home/airflow/.local/lib/python3.12/site-packages/airflow/example_dags/example_sensors.py took 0.057 seconds
[2024-10-22T14:34:26.213+0000] {processor.py:161} INFO - Started process (PID=345) to work on /home/airflow/.local/lib/python3.12/site-packages/airflow/example_dags/example_sensors.py
[2024-10-22T14:34:26.214+0000] {processor.py:830} INFO - Processing file /home/airflow/.local/lib/python3.12/site-packages/airflow/example_dags/example_sensors.py for tasks to queue
[2024-10-22T14:34:26.215+0000] {logging_mixin.py:188} INFO - [2024-10-22T14:34:26.215+0000] {dagbag.py:545} INFO - Filling up the DagBag from /home/airflow/.local/lib/python3.12/site-packages/airflow/example_dags/example_sensors.py
[2024-10-22T14:34:26.222+0000] {processor.py:840} INFO - DAG(s) 'example_sensors' retrieved from /home/airflow/.local/lib/python3.12/site-packages/airflow/example_dags/example_sensors.py
[2024-10-22T14:34:26.233+0000] {logging_mixin.py:188} INFO - [2024-10-22T14:34:26.233+0000] {dag.py:3089} INFO - Sync 1 DAGs
[2024-10-22T14:34:26.247+0000] {logging_mixin.py:188} INFO - [2024-10-22T14:34:26.246+0000] {dag.py:3947} INFO - Setting next_dagrun for example_sensors to None, run_after=None
[2024-10-22T14:34:26.262+0000] {processor.py:183} INFO - Processing /home/airflow/.local/lib/python3.12/site-packages/airflow/example_dags/example_sensors.py took 0.052 seconds
[2024-10-22T14:34:57.999+0000] {processor.py:161} INFO - Started process (PID=612) to work on /home/airflow/.local/lib/python3.12/site-packages/airflow/example_dags/example_sensors.py
[2024-10-22T14:34:58.000+0000] {processor.py:830} INFO - Processing file /home/airflow/.local/lib/python3.12/site-packages/airflow/example_dags/example_sensors.py for tasks to queue
[2024-10-22T14:34:58.001+0000] {logging_mixin.py:188} INFO - [2024-10-22T14:34:58.001+0000] {dagbag.py:545} INFO - Filling up the DagBag from /home/airflow/.local/lib/python3.12/site-packages/airflow/example_dags/example_sensors.py
[2024-10-22T14:34:58.007+0000] {processor.py:840} INFO - DAG(s) 'example_sensors' retrieved from /home/airflow/.local/lib/python3.12/site-packages/airflow/example_dags/example_sensors.py
[2024-10-22T14:34:58.075+0000] {logging_mixin.py:188} INFO - [2024-10-22T14:34:58.075+0000] {dag.py:3089} INFO - Sync 1 DAGs
[2024-10-22T14:34:58.082+0000] {logging_mixin.py:188} INFO - [2024-10-22T14:34:58.082+0000] {dag.py:3947} INFO - Setting next_dagrun for example_sensors to None, run_after=None
[2024-10-22T14:34:58.095+0000] {processor.py:183} INFO - Processing /home/airflow/.local/lib/python3.12/site-packages/airflow/example_dags/example_sensors.py took 0.101 seconds
[2024-10-22T14:35:28.591+0000] {processor.py:161} INFO - Started process (PID=879) to work on /home/airflow/.local/lib/python3.12/site-packages/airflow/example_dags/example_sensors.py
[2024-10-22T14:35:28.592+0000] {processor.py:830} INFO - Processing file /home/airflow/.local/lib/python3.12/site-packages/airflow/example_dags/example_sensors.py for tasks to queue
[2024-10-22T14:35:28.593+0000] {logging_mixin.py:188} INFO - [2024-10-22T14:35:28.593+0000] {dagbag.py:545} INFO - Filling up the DagBag from /home/airflow/.local/lib/python3.12/site-packages/airflow/example_dags/example_sensors.py
[2024-10-22T14:35:28.600+0000] {processor.py:840} INFO - DAG(s) 'example_sensors' retrieved from /home/airflow/.local/lib/python3.12/site-packages/airflow/example_dags/example_sensors.py
[2024-10-22T14:35:28.617+0000] {logging_mixin.py:188} INFO - [2024-10-22T14:35:28.617+0000] {dag.py:3089} INFO - Sync 1 DAGs
[2024-10-22T14:35:28.626+0000] {logging_mixin.py:188} INFO - [2024-10-22T14:35:28.626+0000] {dag.py:3947} INFO - Setting next_dagrun for example_sensors to None, run_after=None
[2024-10-22T14:35:28.639+0000] {processor.py:183} INFO - Processing /home/airflow/.local/lib/python3.12/site-packages/airflow/example_dags/example_sensors.py took 0.051 seconds
[2024-10-22T14:35:58.768+0000] {processor.py:161} INFO - Started process (PID=1146) to work on /home/airflow/.local/lib/python3.12/site-packages/airflow/example_dags/example_sensors.py
[2024-10-22T14:35:58.768+0000] {processor.py:830} INFO - Processing file /home/airflow/.local/lib/python3.12/site-packages/airflow/example_dags/example_sensors.py for tasks to queue
[2024-10-22T14:35:58.769+0000] {logging_mixin.py:188} INFO - [2024-10-22T14:35:58.769+0000] {dagbag.py:545} INFO - Filling up the DagBag from /home/airflow/.local/lib/python3.12/site-packages/airflow/example_dags/example_sensors.py
[2024-10-22T14:35:58.775+0000] {processor.py:840} INFO - DAG(s) 'example_sensors' retrieved from /home/airflow/.local/lib/python3.12/site-packages/airflow/example_dags/example_sensors.py
[2024-10-22T14:35:58.793+0000] {logging_mixin.py:188} INFO - [2024-10-22T14:35:58.792+0000] {dag.py:3089} INFO - Sync 1 DAGs
[2024-10-22T14:35:58.801+0000] {logging_mixin.py:188} INFO - [2024-10-22T14:35:58.801+0000] {dag.py:3947} INFO - Setting next_dagrun for example_sensors to None, run_after=None
[2024-10-22T14:35:58.813+0000] {processor.py:183} INFO - Processing /home/airflow/.local/lib/python3.12/site-packages/airflow/example_dags/example_sensors.py took 0.049 seconds
[2024-10-22T14:36:29.175+0000] {processor.py:161} INFO - Started process (PID=1415) to work on /home/airflow/.local/lib/python3.12/site-packages/airflow/example_dags/example_sensors.py
[2024-10-22T14:36:29.176+0000] {processor.py:830} INFO - Processing file /home/airflow/.local/lib/python3.12/site-packages/airflow/example_dags/example_sensors.py for tasks to queue
[2024-10-22T14:36:29.177+0000] {logging_mixin.py:188} INFO - [2024-10-22T14:36:29.177+0000] {dagbag.py:545} INFO - Filling up the DagBag from /home/airflow/.local/lib/python3.12/site-packages/airflow/example_dags/example_sensors.py
[2024-10-22T14:36:29.183+0000] {processor.py:840} INFO - DAG(s) 'example_sensors' retrieved from /home/airflow/.local/lib/python3.12/site-packages/airflow/example_dags/example_sensors.py
[2024-10-22T14:36:29.201+0000] {logging_mixin.py:188} INFO - [2024-10-22T14:36:29.201+0000] {dag.py:3089} INFO - Sync 1 DAGs
[2024-10-22T14:36:29.209+0000] {logging_mixin.py:188} INFO - [2024-10-22T14:36:29.209+0000] {dag.py:3947} INFO - Setting next_dagrun for example_sensors to None, run_after=None
[2024-10-22T14:36:29.222+0000] {processor.py:183} INFO - Processing /home/airflow/.local/lib/python3.12/site-packages/airflow/example_dags/example_sensors.py took 0.051 seconds
[2024-10-22T14:36:59.310+0000] {processor.py:161} INFO - Started process (PID=1682) to work on /home/airflow/.local/lib/python3.12/site-packages/airflow/example_dags/example_sensors.py
[2024-10-22T14:36:59.310+0000] {processor.py:830} INFO - Processing file /home/airflow/.local/lib/python3.12/site-packages/airflow/example_dags/example_sensors.py for tasks to queue
[2024-10-22T14:36:59.312+0000] {logging_mixin.py:188} INFO - [2024-10-22T14:36:59.312+0000] {dagbag.py:545} INFO - Filling up the DagBag from /home/airflow/.local/lib/python3.12/site-packages/airflow/example_dags/example_sensors.py
[2024-10-22T14:36:59.318+0000] {processor.py:840} INFO - DAG(s) 'example_sensors' retrieved from /home/airflow/.local/lib/python3.12/site-packages/airflow/example_dags/example_sensors.py
[2024-10-22T14:36:59.335+0000] {logging_mixin.py:188} INFO - [2024-10-22T14:36:59.335+0000] {dag.py:3089} INFO - Sync 1 DAGs
[2024-10-22T14:36:59.344+0000] {logging_mixin.py:188} INFO - [2024-10-22T14:36:59.344+0000] {dag.py:3947} INFO - Setting next_dagrun for example_sensors to None, run_after=None
[2024-10-22T14:36:59.356+0000] {processor.py:183} INFO - Processing /home/airflow/.local/lib/python3.12/site-packages/airflow/example_dags/example_sensors.py took 0.050 seconds
[2024-10-22T14:37:29.604+0000] {processor.py:161} INFO - Started process (PID=1949) to work on /home/airflow/.local/lib/python3.12/site-packages/airflow/example_dags/example_sensors.py
[2024-10-22T14:37:29.605+0000] {processor.py:830} INFO - Processing file /home/airflow/.local/lib/python3.12/site-packages/airflow/example_dags/example_sensors.py for tasks to queue
[2024-10-22T14:37:29.606+0000] {logging_mixin.py:188} INFO - [2024-10-22T14:37:29.606+0000] {dagbag.py:545} INFO - Filling up the DagBag from /home/airflow/.local/lib/python3.12/site-packages/airflow/example_dags/example_sensors.py
[2024-10-22T14:37:29.612+0000] {processor.py:840} INFO - DAG(s) 'example_sensors' retrieved from /home/airflow/.local/lib/python3.12/site-packages/airflow/example_dags/example_sensors.py
[2024-10-22T14:37:29.628+0000] {logging_mixin.py:188} INFO - [2024-10-22T14:37:29.628+0000] {dag.py:3089} INFO - Sync 1 DAGs
[2024-10-22T14:37:29.637+0000] {logging_mixin.py:188} INFO - [2024-10-22T14:37:29.637+0000] {dag.py:3947} INFO - Setting next_dagrun for example_sensors to None, run_after=None
[2024-10-22T14:37:29.650+0000] {processor.py:183} INFO - Processing /home/airflow/.local/lib/python3.12/site-packages/airflow/example_dags/example_sensors.py took 0.049 seconds
[2024-10-22T14:37:59.757+0000] {processor.py:161} INFO - Started process (PID=2214) to work on /home/airflow/.local/lib/python3.12/site-packages/airflow/example_dags/example_sensors.py
[2024-10-22T14:37:59.758+0000] {processor.py:830} INFO - Processing file /home/airflow/.local/lib/python3.12/site-packages/airflow/example_dags/example_sensors.py for tasks to queue
[2024-10-22T14:37:59.759+0000] {logging_mixin.py:188} INFO - [2024-10-22T14:37:59.759+0000] {dagbag.py:545} INFO - Filling up the DagBag from /home/airflow/.local/lib/python3.12/site-packages/airflow/example_dags/example_sensors.py
[2024-10-22T14:37:59.765+0000] {processor.py:840} INFO - DAG(s) 'example_sensors' retrieved from /home/airflow/.local/lib/python3.12/site-packages/airflow/example_dags/example_sensors.py
[2024-10-22T14:37:59.782+0000] {logging_mixin.py:188} INFO - [2024-10-22T14:37:59.782+0000] {dag.py:3089} INFO - Sync 1 DAGs
[2024-10-22T14:37:59.790+0000] {logging_mixin.py:188} INFO - [2024-10-22T14:37:59.790+0000] {dag.py:3947} INFO - Setting next_dagrun for example_sensors to None, run_after=None
[2024-10-22T14:37:59.803+0000] {processor.py:183} INFO - Processing /home/airflow/.local/lib/python3.12/site-packages/airflow/example_dags/example_sensors.py took 0.049 seconds
[2024-10-22T14:38:29.921+0000] {processor.py:161} INFO - Started process (PID=2481) to work on /home/airflow/.local/lib/python3.12/site-packages/airflow/example_dags/example_sensors.py
[2024-10-22T14:38:29.922+0000] {processor.py:830} INFO - Processing file /home/airflow/.local/lib/python3.12/site-packages/airflow/example_dags/example_sensors.py for tasks to queue
[2024-10-22T14:38:29.923+0000] {logging_mixin.py:188} INFO - [2024-10-22T14:38:29.923+0000] {dagbag.py:545} INFO - Filling up the DagBag from /home/airflow/.local/lib/python3.12/site-packages/airflow/example_dags/example_sensors.py
[2024-10-22T14:38:29.929+0000] {processor.py:840} INFO - DAG(s) 'example_sensors' retrieved from /home/airflow/.local/lib/python3.12/site-packages/airflow/example_dags/example_sensors.py
[2024-10-22T14:38:29.947+0000] {logging_mixin.py:188} INFO - [2024-10-22T14:38:29.947+0000] {dag.py:3089} INFO - Sync 1 DAGs
[2024-10-22T14:38:29.956+0000] {logging_mixin.py:188} INFO - [2024-10-22T14:38:29.956+0000] {dag.py:3947} INFO - Setting next_dagrun for example_sensors to None, run_after=None
[2024-10-22T14:38:29.968+0000] {processor.py:183} INFO - Processing /home/airflow/.local/lib/python3.12/site-packages/airflow/example_dags/example_sensors.py took 0.051 seconds
[2024-10-22T14:39:00.437+0000] {processor.py:161} INFO - Started process (PID=2748) to work on /home/airflow/.local/lib/python3.12/site-packages/airflow/example_dags/example_sensors.py
[2024-10-22T14:39:00.437+0000] {processor.py:830} INFO - Processing file /home/airflow/.local/lib/python3.12/site-packages/airflow/example_dags/example_sensors.py for tasks to queue
[2024-10-22T14:39:00.439+0000] {logging_mixin.py:188} INFO - [2024-10-22T14:39:00.438+0000] {dagbag.py:545} INFO - Filling up the DagBag from /home/airflow/.local/lib/python3.12/site-packages/airflow/example_dags/example_sensors.py
[2024-10-22T14:39:00.444+0000] {processor.py:840} INFO - DAG(s) 'example_sensors' retrieved from /home/airflow/.local/lib/python3.12/site-packages/airflow/example_dags/example_sensors.py
[2024-10-22T14:39:00.462+0000] {logging_mixin.py:188} INFO - [2024-10-22T14:39:00.462+0000] {dag.py:3089} INFO - Sync 1 DAGs
[2024-10-22T14:39:00.470+0000] {logging_mixin.py:188} INFO - [2024-10-22T14:39:00.470+0000] {dag.py:3947} INFO - Setting next_dagrun for example_sensors to None, run_after=None
[2024-10-22T14:39:00.482+0000] {processor.py:183} INFO - Processing /home/airflow/.local/lib/python3.12/site-packages/airflow/example_dags/example_sensors.py took 0.049 seconds
[2024-10-22T14:39:30.564+0000] {processor.py:161} INFO - Started process (PID=3015) to work on /home/airflow/.local/lib/python3.12/site-packages/airflow/example_dags/example_sensors.py
[2024-10-22T14:39:30.564+0000] {processor.py:830} INFO - Processing file /home/airflow/.local/lib/python3.12/site-packages/airflow/example_dags/example_sensors.py for tasks to queue
[2024-10-22T14:39:30.565+0000] {logging_mixin.py:188} INFO - [2024-10-22T14:39:30.565+0000] {dagbag.py:545} INFO - Filling up the DagBag from /home/airflow/.local/lib/python3.12/site-packages/airflow/example_dags/example_sensors.py
[2024-10-22T14:39:30.571+0000] {processor.py:840} INFO - DAG(s) 'example_sensors' retrieved from /home/airflow/.local/lib/python3.12/site-packages/airflow/example_dags/example_sensors.py
[2024-10-22T14:39:30.588+0000] {logging_mixin.py:188} INFO - [2024-10-22T14:39:30.588+0000] {dag.py:3089} INFO - Sync 1 DAGs
[2024-10-22T14:39:30.596+0000] {logging_mixin.py:188} INFO - [2024-10-22T14:39:30.596+0000] {dag.py:3947} INFO - Setting next_dagrun for example_sensors to None, run_after=None
[2024-10-22T14:39:30.608+0000] {processor.py:183} INFO - Processing /home/airflow/.local/lib/python3.12/site-packages/airflow/example_dags/example_sensors.py took 0.048 seconds
[2024-10-22T14:40:00.772+0000] {processor.py:161} INFO - Started process (PID=3282) to work on /home/airflow/.local/lib/python3.12/site-packages/airflow/example_dags/example_sensors.py
[2024-10-22T14:40:00.773+0000] {processor.py:830} INFO - Processing file /home/airflow/.local/lib/python3.12/site-packages/airflow/example_dags/example_sensors.py for tasks to queue
[2024-10-22T14:40:00.774+0000] {logging_mixin.py:188} INFO - [2024-10-22T14:40:00.774+0000] {dagbag.py:545} INFO - Filling up the DagBag from /home/airflow/.local/lib/python3.12/site-packages/airflow/example_dags/example_sensors.py
[2024-10-22T14:40:00.780+0000] {processor.py:840} INFO - DAG(s) 'example_sensors' retrieved from /home/airflow/.local/lib/python3.12/site-packages/airflow/example_dags/example_sensors.py
[2024-10-22T14:40:00.796+0000] {logging_mixin.py:188} INFO - [2024-10-22T14:40:00.795+0000] {dag.py:3089} INFO - Sync 1 DAGs
[2024-10-22T14:40:00.804+0000] {logging_mixin.py:188} INFO - [2024-10-22T14:40:00.803+0000] {dag.py:3947} INFO - Setting next_dagrun for example_sensors to None, run_after=None
[2024-10-22T14:40:00.815+0000] {processor.py:183} INFO - Processing /home/airflow/.local/lib/python3.12/site-packages/airflow/example_dags/example_sensors.py took 0.047 seconds
[2024-10-22T14:40:30.969+0000] {processor.py:161} INFO - Started process (PID=3549) to work on /home/airflow/.local/lib/python3.12/site-packages/airflow/example_dags/example_sensors.py
[2024-10-22T14:40:30.969+0000] {processor.py:830} INFO - Processing file /home/airflow/.local/lib/python3.12/site-packages/airflow/example_dags/example_sensors.py for tasks to queue
[2024-10-22T14:40:30.971+0000] {logging_mixin.py:188} INFO - [2024-10-22T14:40:30.970+0000] {dagbag.py:545} INFO - Filling up the DagBag from /home/airflow/.local/lib/python3.12/site-packages/airflow/example_dags/example_sensors.py
[2024-10-22T14:40:30.976+0000] {processor.py:840} INFO - DAG(s) 'example_sensors' retrieved from /home/airflow/.local/lib/python3.12/site-packages/airflow/example_dags/example_sensors.py
[2024-10-22T14:40:30.993+0000] {logging_mixin.py:188} INFO - [2024-10-22T14:40:30.993+0000] {dag.py:3089} INFO - Sync 1 DAGs
[2024-10-22T14:40:31.000+0000] {logging_mixin.py:188} INFO - [2024-10-22T14:40:31.000+0000] {dag.py:3947} INFO - Setting next_dagrun for example_sensors to None, run_after=None
[2024-10-22T14:40:31.012+0000] {processor.py:183} INFO - Processing /home/airflow/.local/lib/python3.12/site-packages/airflow/example_dags/example_sensors.py took 0.047 seconds
[2024-10-22T14:41:01.205+0000] {processor.py:161} INFO - Started process (PID=3816) to work on /home/airflow/.local/lib/python3.12/site-packages/airflow/example_dags/example_sensors.py
[2024-10-22T14:41:01.206+0000] {processor.py:830} INFO - Processing file /home/airflow/.local/lib/python3.12/site-packages/airflow/example_dags/example_sensors.py for tasks to queue
[2024-10-22T14:41:01.207+0000] {logging_mixin.py:188} INFO - [2024-10-22T14:41:01.207+0000] {dagbag.py:545} INFO - Filling up the DagBag from /home/airflow/.local/lib/python3.12/site-packages/airflow/example_dags/example_sensors.py
[2024-10-22T14:41:01.214+0000] {processor.py:840} INFO - DAG(s) 'example_sensors' retrieved from /home/airflow/.local/lib/python3.12/site-packages/airflow/example_dags/example_sensors.py
[2024-10-22T14:41:01.232+0000] {logging_mixin.py:188} INFO - [2024-10-22T14:41:01.232+0000] {dag.py:3089} INFO - Sync 1 DAGs
[2024-10-22T14:41:01.242+0000] {logging_mixin.py:188} INFO - [2024-10-22T14:41:01.241+0000] {dag.py:3947} INFO - Setting next_dagrun for example_sensors to None, run_after=None
[2024-10-22T14:41:01.254+0000] {processor.py:183} INFO - Processing /home/airflow/.local/lib/python3.12/site-packages/airflow/example_dags/example_sensors.py took 0.053 seconds
[2024-10-22T14:41:31.450+0000] {processor.py:161} INFO - Started process (PID=4083) to work on /home/airflow/.local/lib/python3.12/site-packages/airflow/example_dags/example_sensors.py
[2024-10-22T14:41:31.451+0000] {processor.py:830} INFO - Processing file /home/airflow/.local/lib/python3.12/site-packages/airflow/example_dags/example_sensors.py for tasks to queue
[2024-10-22T14:41:31.452+0000] {logging_mixin.py:188} INFO - [2024-10-22T14:41:31.452+0000] {dagbag.py:545} INFO - Filling up the DagBag from /home/airflow/.local/lib/python3.12/site-packages/airflow/example_dags/example_sensors.py
[2024-10-22T14:41:31.458+0000] {processor.py:840} INFO - DAG(s) 'example_sensors' retrieved from /home/airflow/.local/lib/python3.12/site-packages/airflow/example_dags/example_sensors.py
[2024-10-22T14:41:31.474+0000] {logging_mixin.py:188} INFO - [2024-10-22T14:41:31.474+0000] {dag.py:3089} INFO - Sync 1 DAGs
[2024-10-22T14:41:31.483+0000] {logging_mixin.py:188} INFO - [2024-10-22T14:41:31.483+0000] {dag.py:3947} INFO - Setting next_dagrun for example_sensors to None, run_after=None
[2024-10-22T14:41:31.496+0000] {processor.py:183} INFO - Processing /home/airflow/.local/lib/python3.12/site-packages/airflow/example_dags/example_sensors.py took 0.050 seconds
[2024-10-22T14:42:01.652+0000] {processor.py:161} INFO - Started process (PID=4350) to work on /home/airflow/.local/lib/python3.12/site-packages/airflow/example_dags/example_sensors.py
[2024-10-22T14:42:01.653+0000] {processor.py:830} INFO - Processing file /home/airflow/.local/lib/python3.12/site-packages/airflow/example_dags/example_sensors.py for tasks to queue
[2024-10-22T14:42:01.654+0000] {logging_mixin.py:188} INFO - [2024-10-22T14:42:01.654+0000] {dagbag.py:545} INFO - Filling up the DagBag from /home/airflow/.local/lib/python3.12/site-packages/airflow/example_dags/example_sensors.py
[2024-10-22T14:42:01.660+0000] {processor.py:840} INFO - DAG(s) 'example_sensors' retrieved from /home/airflow/.local/lib/python3.12/site-packages/airflow/example_dags/example_sensors.py
[2024-10-22T14:42:01.676+0000] {logging_mixin.py:188} INFO - [2024-10-22T14:42:01.676+0000] {dag.py:3089} INFO - Sync 1 DAGs
[2024-10-22T14:42:01.684+0000] {logging_mixin.py:188} INFO - [2024-10-22T14:42:01.683+0000] {dag.py:3947} INFO - Setting next_dagrun for example_sensors to None, run_after=None
[2024-10-22T14:42:01.695+0000] {processor.py:183} INFO - Processing /home/airflow/.local/lib/python3.12/site-packages/airflow/example_dags/example_sensors.py took 0.047 seconds
[2024-10-22T14:42:48.808+0000] {processor.py:161} INFO - Started process (PID=345) to work on /home/airflow/.local/lib/python3.12/site-packages/airflow/example_dags/example_sensors.py
[2024-10-22T14:42:48.809+0000] {processor.py:830} INFO - Processing file /home/airflow/.local/lib/python3.12/site-packages/airflow/example_dags/example_sensors.py for tasks to queue
[2024-10-22T14:42:48.811+0000] {logging_mixin.py:188} INFO - [2024-10-22T14:42:48.810+0000] {dagbag.py:545} INFO - Filling up the DagBag from /home/airflow/.local/lib/python3.12/site-packages/airflow/example_dags/example_sensors.py
[2024-10-22T14:42:48.818+0000] {processor.py:840} INFO - DAG(s) 'example_sensors' retrieved from /home/airflow/.local/lib/python3.12/site-packages/airflow/example_dags/example_sensors.py
[2024-10-22T14:42:48.827+0000] {logging_mixin.py:188} INFO - [2024-10-22T14:42:48.827+0000] {dag.py:3089} INFO - Sync 1 DAGs
[2024-10-22T14:42:48.837+0000] {logging_mixin.py:188} INFO - [2024-10-22T14:42:48.836+0000] {dag.py:3947} INFO - Setting next_dagrun for example_sensors to None, run_after=None
[2024-10-22T14:42:48.850+0000] {processor.py:183} INFO - Processing /home/airflow/.local/lib/python3.12/site-packages/airflow/example_dags/example_sensors.py took 0.046 seconds
[2024-10-22T14:43:19.889+0000] {processor.py:161} INFO - Started process (PID=612) to work on /home/airflow/.local/lib/python3.12/site-packages/airflow/example_dags/example_sensors.py
[2024-10-22T14:43:19.890+0000] {processor.py:830} INFO - Processing file /home/airflow/.local/lib/python3.12/site-packages/airflow/example_dags/example_sensors.py for tasks to queue
[2024-10-22T14:43:19.892+0000] {logging_mixin.py:188} INFO - [2024-10-22T14:43:19.891+0000] {dagbag.py:545} INFO - Filling up the DagBag from /home/airflow/.local/lib/python3.12/site-packages/airflow/example_dags/example_sensors.py
[2024-10-22T14:43:19.898+0000] {processor.py:840} INFO - DAG(s) 'example_sensors' retrieved from /home/airflow/.local/lib/python3.12/site-packages/airflow/example_dags/example_sensors.py
[2024-10-22T14:43:19.970+0000] {logging_mixin.py:188} INFO - [2024-10-22T14:43:19.970+0000] {dag.py:3089} INFO - Sync 1 DAGs
[2024-10-22T14:43:19.977+0000] {logging_mixin.py:188} INFO - [2024-10-22T14:43:19.977+0000] {dag.py:3947} INFO - Setting next_dagrun for example_sensors to None, run_after=None
[2024-10-22T14:43:19.990+0000] {processor.py:183} INFO - Processing /home/airflow/.local/lib/python3.12/site-packages/airflow/example_dags/example_sensors.py took 0.104 seconds
[2024-10-22T14:43:50.032+0000] {processor.py:161} INFO - Started process (PID=882) to work on /home/airflow/.local/lib/python3.12/site-packages/airflow/example_dags/example_sensors.py
[2024-10-22T14:43:50.033+0000] {processor.py:830} INFO - Processing file /home/airflow/.local/lib/python3.12/site-packages/airflow/example_dags/example_sensors.py for tasks to queue
[2024-10-22T14:43:50.034+0000] {logging_mixin.py:188} INFO - [2024-10-22T14:43:50.034+0000] {dagbag.py:545} INFO - Filling up the DagBag from /home/airflow/.local/lib/python3.12/site-packages/airflow/example_dags/example_sensors.py
[2024-10-22T14:43:50.040+0000] {processor.py:840} INFO - DAG(s) 'example_sensors' retrieved from /home/airflow/.local/lib/python3.12/site-packages/airflow/example_dags/example_sensors.py
[2024-10-22T14:43:50.056+0000] {logging_mixin.py:188} INFO - [2024-10-22T14:43:50.056+0000] {dag.py:3089} INFO - Sync 1 DAGs
[2024-10-22T14:43:50.065+0000] {logging_mixin.py:188} INFO - [2024-10-22T14:43:50.065+0000] {dag.py:3947} INFO - Setting next_dagrun for example_sensors to None, run_after=None
[2024-10-22T14:43:50.077+0000] {processor.py:183} INFO - Processing /home/airflow/.local/lib/python3.12/site-packages/airflow/example_dags/example_sensors.py took 0.048 seconds
[2024-10-22T14:44:20.135+0000] {processor.py:161} INFO - Started process (PID=1149) to work on /home/airflow/.local/lib/python3.12/site-packages/airflow/example_dags/example_sensors.py
[2024-10-22T14:44:20.135+0000] {processor.py:830} INFO - Processing file /home/airflow/.local/lib/python3.12/site-packages/airflow/example_dags/example_sensors.py for tasks to queue
[2024-10-22T14:44:20.136+0000] {logging_mixin.py:188} INFO - [2024-10-22T14:44:20.136+0000] {dagbag.py:545} INFO - Filling up the DagBag from /home/airflow/.local/lib/python3.12/site-packages/airflow/example_dags/example_sensors.py
[2024-10-22T14:44:20.142+0000] {processor.py:840} INFO - DAG(s) 'example_sensors' retrieved from /home/airflow/.local/lib/python3.12/site-packages/airflow/example_dags/example_sensors.py
[2024-10-22T14:44:20.160+0000] {logging_mixin.py:188} INFO - [2024-10-22T14:44:20.159+0000] {dag.py:3089} INFO - Sync 1 DAGs
[2024-10-22T14:44:20.168+0000] {logging_mixin.py:188} INFO - [2024-10-22T14:44:20.168+0000] {dag.py:3947} INFO - Setting next_dagrun for example_sensors to None, run_after=None
[2024-10-22T14:44:20.181+0000] {processor.py:183} INFO - Processing /home/airflow/.local/lib/python3.12/site-packages/airflow/example_dags/example_sensors.py took 0.050 seconds
[2024-10-22T14:44:50.223+0000] {processor.py:161} INFO - Started process (PID=1416) to work on /home/airflow/.local/lib/python3.12/site-packages/airflow/example_dags/example_sensors.py
[2024-10-22T14:44:50.224+0000] {processor.py:830} INFO - Processing file /home/airflow/.local/lib/python3.12/site-packages/airflow/example_dags/example_sensors.py for tasks to queue
[2024-10-22T14:44:50.225+0000] {logging_mixin.py:188} INFO - [2024-10-22T14:44:50.225+0000] {dagbag.py:545} INFO - Filling up the DagBag from /home/airflow/.local/lib/python3.12/site-packages/airflow/example_dags/example_sensors.py
[2024-10-22T14:44:50.231+0000] {processor.py:840} INFO - DAG(s) 'example_sensors' retrieved from /home/airflow/.local/lib/python3.12/site-packages/airflow/example_dags/example_sensors.py
[2024-10-22T14:44:50.248+0000] {logging_mixin.py:188} INFO - [2024-10-22T14:44:50.248+0000] {dag.py:3089} INFO - Sync 1 DAGs
[2024-10-22T14:44:50.257+0000] {logging_mixin.py:188} INFO - [2024-10-22T14:44:50.257+0000] {dag.py:3947} INFO - Setting next_dagrun for example_sensors to None, run_after=None
[2024-10-22T14:44:50.271+0000] {processor.py:183} INFO - Processing /home/airflow/.local/lib/python3.12/site-packages/airflow/example_dags/example_sensors.py took 0.052 seconds
[2024-10-22T14:45:20.599+0000] {processor.py:161} INFO - Started process (PID=1683) to work on /home/airflow/.local/lib/python3.12/site-packages/airflow/example_dags/example_sensors.py
[2024-10-22T14:45:20.600+0000] {processor.py:830} INFO - Processing file /home/airflow/.local/lib/python3.12/site-packages/airflow/example_dags/example_sensors.py for tasks to queue
[2024-10-22T14:45:20.601+0000] {logging_mixin.py:188} INFO - [2024-10-22T14:45:20.601+0000] {dagbag.py:545} INFO - Filling up the DagBag from /home/airflow/.local/lib/python3.12/site-packages/airflow/example_dags/example_sensors.py
[2024-10-22T14:45:20.607+0000] {processor.py:840} INFO - DAG(s) 'example_sensors' retrieved from /home/airflow/.local/lib/python3.12/site-packages/airflow/example_dags/example_sensors.py
[2024-10-22T14:45:20.625+0000] {logging_mixin.py:188} INFO - [2024-10-22T14:45:20.624+0000] {dag.py:3089} INFO - Sync 1 DAGs
[2024-10-22T14:45:20.633+0000] {logging_mixin.py:188} INFO - [2024-10-22T14:45:20.633+0000] {dag.py:3947} INFO - Setting next_dagrun for example_sensors to None, run_after=None
[2024-10-22T14:45:20.645+0000] {processor.py:183} INFO - Processing /home/airflow/.local/lib/python3.12/site-packages/airflow/example_dags/example_sensors.py took 0.050 seconds
[2024-10-22T14:45:51.167+0000] {processor.py:161} INFO - Started process (PID=1950) to work on /home/airflow/.local/lib/python3.12/site-packages/airflow/example_dags/example_sensors.py
[2024-10-22T14:45:51.168+0000] {processor.py:830} INFO - Processing file /home/airflow/.local/lib/python3.12/site-packages/airflow/example_dags/example_sensors.py for tasks to queue
[2024-10-22T14:45:51.169+0000] {logging_mixin.py:188} INFO - [2024-10-22T14:45:51.169+0000] {dagbag.py:545} INFO - Filling up the DagBag from /home/airflow/.local/lib/python3.12/site-packages/airflow/example_dags/example_sensors.py
[2024-10-22T14:45:51.176+0000] {processor.py:840} INFO - DAG(s) 'example_sensors' retrieved from /home/airflow/.local/lib/python3.12/site-packages/airflow/example_dags/example_sensors.py
[2024-10-22T14:45:51.201+0000] {logging_mixin.py:188} INFO - [2024-10-22T14:45:51.200+0000] {dag.py:3089} INFO - Sync 1 DAGs
[2024-10-22T14:45:51.212+0000] {logging_mixin.py:188} INFO - [2024-10-22T14:45:51.212+0000] {dag.py:3947} INFO - Setting next_dagrun for example_sensors to None, run_after=None
[2024-10-22T14:45:51.228+0000] {processor.py:183} INFO - Processing /home/airflow/.local/lib/python3.12/site-packages/airflow/example_dags/example_sensors.py took 0.066 seconds
[2024-10-22T14:46:22.121+0000] {processor.py:161} INFO - Started process (PID=2217) to work on /home/airflow/.local/lib/python3.12/site-packages/airflow/example_dags/example_sensors.py
[2024-10-22T14:46:22.121+0000] {processor.py:830} INFO - Processing file /home/airflow/.local/lib/python3.12/site-packages/airflow/example_dags/example_sensors.py for tasks to queue
[2024-10-22T14:46:22.123+0000] {logging_mixin.py:188} INFO - [2024-10-22T14:46:22.123+0000] {dagbag.py:545} INFO - Filling up the DagBag from /home/airflow/.local/lib/python3.12/site-packages/airflow/example_dags/example_sensors.py
[2024-10-22T14:46:22.131+0000] {processor.py:840} INFO - DAG(s) 'example_sensors' retrieved from /home/airflow/.local/lib/python3.12/site-packages/airflow/example_dags/example_sensors.py
[2024-10-22T14:46:22.165+0000] {logging_mixin.py:188} INFO - [2024-10-22T14:46:22.164+0000] {dag.py:3089} INFO - Sync 1 DAGs
[2024-10-22T14:46:22.178+0000] {logging_mixin.py:188} INFO - [2024-10-22T14:46:22.178+0000] {dag.py:3947} INFO - Setting next_dagrun for example_sensors to None, run_after=None
[2024-10-22T14:46:22.199+0000] {processor.py:183} INFO - Processing /home/airflow/.local/lib/python3.12/site-packages/airflow/example_dags/example_sensors.py took 0.083 seconds
[2024-10-22T14:46:52.929+0000] {processor.py:161} INFO - Started process (PID=2487) to work on /home/airflow/.local/lib/python3.12/site-packages/airflow/example_dags/example_sensors.py
[2024-10-22T14:46:52.930+0000] {processor.py:830} INFO - Processing file /home/airflow/.local/lib/python3.12/site-packages/airflow/example_dags/example_sensors.py for tasks to queue
[2024-10-22T14:46:52.931+0000] {logging_mixin.py:188} INFO - [2024-10-22T14:46:52.931+0000] {dagbag.py:545} INFO - Filling up the DagBag from /home/airflow/.local/lib/python3.12/site-packages/airflow/example_dags/example_sensors.py
[2024-10-22T14:46:52.938+0000] {processor.py:840} INFO - DAG(s) 'example_sensors' retrieved from /home/airflow/.local/lib/python3.12/site-packages/airflow/example_dags/example_sensors.py
[2024-10-22T14:46:52.956+0000] {logging_mixin.py:188} INFO - [2024-10-22T14:46:52.955+0000] {dag.py:3089} INFO - Sync 1 DAGs
[2024-10-22T14:46:52.964+0000] {logging_mixin.py:188} INFO - [2024-10-22T14:46:52.964+0000] {dag.py:3947} INFO - Setting next_dagrun for example_sensors to None, run_after=None
[2024-10-22T14:46:52.976+0000] {processor.py:183} INFO - Processing /home/airflow/.local/lib/python3.12/site-packages/airflow/example_dags/example_sensors.py took 0.051 seconds
[2024-10-22T14:47:23.203+0000] {processor.py:161} INFO - Started process (PID=2754) to work on /home/airflow/.local/lib/python3.12/site-packages/airflow/example_dags/example_sensors.py
[2024-10-22T14:47:23.204+0000] {processor.py:830} INFO - Processing file /home/airflow/.local/lib/python3.12/site-packages/airflow/example_dags/example_sensors.py for tasks to queue
[2024-10-22T14:47:23.205+0000] {logging_mixin.py:188} INFO - [2024-10-22T14:47:23.205+0000] {dagbag.py:545} INFO - Filling up the DagBag from /home/airflow/.local/lib/python3.12/site-packages/airflow/example_dags/example_sensors.py
[2024-10-22T14:47:23.211+0000] {processor.py:840} INFO - DAG(s) 'example_sensors' retrieved from /home/airflow/.local/lib/python3.12/site-packages/airflow/example_dags/example_sensors.py
[2024-10-22T14:47:23.229+0000] {logging_mixin.py:188} INFO - [2024-10-22T14:47:23.229+0000] {dag.py:3089} INFO - Sync 1 DAGs
[2024-10-22T14:47:23.237+0000] {logging_mixin.py:188} INFO - [2024-10-22T14:47:23.237+0000] {dag.py:3947} INFO - Setting next_dagrun for example_sensors to None, run_after=None
[2024-10-22T14:47:23.249+0000] {processor.py:183} INFO - Processing /home/airflow/.local/lib/python3.12/site-packages/airflow/example_dags/example_sensors.py took 0.050 seconds
[2024-10-22T14:47:53.561+0000] {processor.py:161} INFO - Started process (PID=3021) to work on /home/airflow/.local/lib/python3.12/site-packages/airflow/example_dags/example_sensors.py
[2024-10-22T14:47:53.562+0000] {processor.py:830} INFO - Processing file /home/airflow/.local/lib/python3.12/site-packages/airflow/example_dags/example_sensors.py for tasks to queue
[2024-10-22T14:47:53.563+0000] {logging_mixin.py:188} INFO - [2024-10-22T14:47:53.563+0000] {dagbag.py:545} INFO - Filling up the DagBag from /home/airflow/.local/lib/python3.12/site-packages/airflow/example_dags/example_sensors.py
[2024-10-22T14:47:53.570+0000] {processor.py:840} INFO - DAG(s) 'example_sensors' retrieved from /home/airflow/.local/lib/python3.12/site-packages/airflow/example_dags/example_sensors.py
[2024-10-22T14:47:53.588+0000] {logging_mixin.py:188} INFO - [2024-10-22T14:47:53.587+0000] {dag.py:3089} INFO - Sync 1 DAGs
[2024-10-22T14:47:53.597+0000] {logging_mixin.py:188} INFO - [2024-10-22T14:47:53.596+0000] {dag.py:3947} INFO - Setting next_dagrun for example_sensors to None, run_after=None
[2024-10-22T14:47:53.610+0000] {processor.py:183} INFO - Processing /home/airflow/.local/lib/python3.12/site-packages/airflow/example_dags/example_sensors.py took 0.053 seconds
[2024-10-22T14:48:23.926+0000] {processor.py:161} INFO - Started process (PID=3288) to work on /home/airflow/.local/lib/python3.12/site-packages/airflow/example_dags/example_sensors.py
[2024-10-22T14:48:23.927+0000] {processor.py:830} INFO - Processing file /home/airflow/.local/lib/python3.12/site-packages/airflow/example_dags/example_sensors.py for tasks to queue
[2024-10-22T14:48:23.928+0000] {logging_mixin.py:188} INFO - [2024-10-22T14:48:23.928+0000] {dagbag.py:545} INFO - Filling up the DagBag from /home/airflow/.local/lib/python3.12/site-packages/airflow/example_dags/example_sensors.py
[2024-10-22T14:48:23.934+0000] {processor.py:840} INFO - DAG(s) 'example_sensors' retrieved from /home/airflow/.local/lib/python3.12/site-packages/airflow/example_dags/example_sensors.py
[2024-10-22T14:48:23.954+0000] {logging_mixin.py:188} INFO - [2024-10-22T14:48:23.954+0000] {dag.py:3089} INFO - Sync 1 DAGs
[2024-10-22T14:48:23.963+0000] {logging_mixin.py:188} INFO - [2024-10-22T14:48:23.963+0000] {dag.py:3947} INFO - Setting next_dagrun for example_sensors to None, run_after=None
[2024-10-22T14:48:23.975+0000] {processor.py:183} INFO - Processing /home/airflow/.local/lib/python3.12/site-packages/airflow/example_dags/example_sensors.py took 0.053 seconds
[2024-10-22T14:48:54.391+0000] {processor.py:161} INFO - Started process (PID=3557) to work on /home/airflow/.local/lib/python3.12/site-packages/airflow/example_dags/example_sensors.py
[2024-10-22T14:48:54.392+0000] {processor.py:830} INFO - Processing file /home/airflow/.local/lib/python3.12/site-packages/airflow/example_dags/example_sensors.py for tasks to queue
[2024-10-22T14:48:54.393+0000] {logging_mixin.py:188} INFO - [2024-10-22T14:48:54.393+0000] {dagbag.py:545} INFO - Filling up the DagBag from /home/airflow/.local/lib/python3.12/site-packages/airflow/example_dags/example_sensors.py
[2024-10-22T14:48:54.398+0000] {processor.py:840} INFO - DAG(s) 'example_sensors' retrieved from /home/airflow/.local/lib/python3.12/site-packages/airflow/example_dags/example_sensors.py
[2024-10-22T14:48:54.416+0000] {logging_mixin.py:188} INFO - [2024-10-22T14:48:54.416+0000] {dag.py:3089} INFO - Sync 1 DAGs
[2024-10-22T14:48:54.425+0000] {logging_mixin.py:188} INFO - [2024-10-22T14:48:54.424+0000] {dag.py:3947} INFO - Setting next_dagrun for example_sensors to None, run_after=None
[2024-10-22T14:48:54.437+0000] {processor.py:183} INFO - Processing /home/airflow/.local/lib/python3.12/site-packages/airflow/example_dags/example_sensors.py took 0.050 seconds
[2024-10-22T14:49:24.749+0000] {processor.py:161} INFO - Started process (PID=3822) to work on /home/airflow/.local/lib/python3.12/site-packages/airflow/example_dags/example_sensors.py
[2024-10-22T14:49:24.750+0000] {processor.py:830} INFO - Processing file /home/airflow/.local/lib/python3.12/site-packages/airflow/example_dags/example_sensors.py for tasks to queue
[2024-10-22T14:49:24.751+0000] {logging_mixin.py:188} INFO - [2024-10-22T14:49:24.751+0000] {dagbag.py:545} INFO - Filling up the DagBag from /home/airflow/.local/lib/python3.12/site-packages/airflow/example_dags/example_sensors.py
[2024-10-22T14:49:24.757+0000] {processor.py:840} INFO - DAG(s) 'example_sensors' retrieved from /home/airflow/.local/lib/python3.12/site-packages/airflow/example_dags/example_sensors.py
[2024-10-22T14:49:24.776+0000] {logging_mixin.py:188} INFO - [2024-10-22T14:49:24.776+0000] {dag.py:3089} INFO - Sync 1 DAGs
[2024-10-22T14:49:24.785+0000] {logging_mixin.py:188} INFO - [2024-10-22T14:49:24.785+0000] {dag.py:3947} INFO - Setting next_dagrun for example_sensors to None, run_after=None
[2024-10-22T14:49:24.800+0000] {processor.py:183} INFO - Processing /home/airflow/.local/lib/python3.12/site-packages/airflow/example_dags/example_sensors.py took 0.055 seconds
[2024-10-22T14:49:55.065+0000] {processor.py:161} INFO - Started process (PID=4089) to work on /home/airflow/.local/lib/python3.12/site-packages/airflow/example_dags/example_sensors.py
[2024-10-22T14:49:55.066+0000] {processor.py:830} INFO - Processing file /home/airflow/.local/lib/python3.12/site-packages/airflow/example_dags/example_sensors.py for tasks to queue
[2024-10-22T14:49:55.067+0000] {logging_mixin.py:188} INFO - [2024-10-22T14:49:55.067+0000] {dagbag.py:545} INFO - Filling up the DagBag from /home/airflow/.local/lib/python3.12/site-packages/airflow/example_dags/example_sensors.py
[2024-10-22T14:49:55.073+0000] {processor.py:840} INFO - DAG(s) 'example_sensors' retrieved from /home/airflow/.local/lib/python3.12/site-packages/airflow/example_dags/example_sensors.py
[2024-10-22T14:49:55.089+0000] {logging_mixin.py:188} INFO - [2024-10-22T14:49:55.089+0000] {dag.py:3089} INFO - Sync 1 DAGs
[2024-10-22T14:49:55.097+0000] {logging_mixin.py:188} INFO - [2024-10-22T14:49:55.097+0000] {dag.py:3947} INFO - Setting next_dagrun for example_sensors to None, run_after=None
[2024-10-22T14:49:55.109+0000] {processor.py:183} INFO - Processing /home/airflow/.local/lib/python3.12/site-packages/airflow/example_dags/example_sensors.py took 0.048 seconds
[2024-10-22T14:50:25.463+0000] {processor.py:161} INFO - Started process (PID=4358) to work on /home/airflow/.local/lib/python3.12/site-packages/airflow/example_dags/example_sensors.py
[2024-10-22T14:50:25.464+0000] {processor.py:830} INFO - Processing file /home/airflow/.local/lib/python3.12/site-packages/airflow/example_dags/example_sensors.py for tasks to queue
[2024-10-22T14:50:25.465+0000] {logging_mixin.py:188} INFO - [2024-10-22T14:50:25.465+0000] {dagbag.py:545} INFO - Filling up the DagBag from /home/airflow/.local/lib/python3.12/site-packages/airflow/example_dags/example_sensors.py
[2024-10-22T14:50:25.472+0000] {processor.py:840} INFO - DAG(s) 'example_sensors' retrieved from /home/airflow/.local/lib/python3.12/site-packages/airflow/example_dags/example_sensors.py
[2024-10-22T14:50:25.491+0000] {logging_mixin.py:188} INFO - [2024-10-22T14:50:25.491+0000] {dag.py:3089} INFO - Sync 1 DAGs
[2024-10-22T14:50:25.502+0000] {logging_mixin.py:188} INFO - [2024-10-22T14:50:25.501+0000] {dag.py:3947} INFO - Setting next_dagrun for example_sensors to None, run_after=None
[2024-10-22T14:50:25.515+0000] {processor.py:183} INFO - Processing /home/airflow/.local/lib/python3.12/site-packages/airflow/example_dags/example_sensors.py took 0.056 seconds
[2024-10-22T14:50:55.907+0000] {processor.py:161} INFO - Started process (PID=4623) to work on /home/airflow/.local/lib/python3.12/site-packages/airflow/example_dags/example_sensors.py
[2024-10-22T14:50:55.907+0000] {processor.py:830} INFO - Processing file /home/airflow/.local/lib/python3.12/site-packages/airflow/example_dags/example_sensors.py for tasks to queue
[2024-10-22T14:50:55.909+0000] {logging_mixin.py:188} INFO - [2024-10-22T14:50:55.909+0000] {dagbag.py:545} INFO - Filling up the DagBag from /home/airflow/.local/lib/python3.12/site-packages/airflow/example_dags/example_sensors.py
[2024-10-22T14:50:55.915+0000] {processor.py:840} INFO - DAG(s) 'example_sensors' retrieved from /home/airflow/.local/lib/python3.12/site-packages/airflow/example_dags/example_sensors.py
[2024-10-22T14:50:55.933+0000] {logging_mixin.py:188} INFO - [2024-10-22T14:50:55.933+0000] {dag.py:3089} INFO - Sync 1 DAGs
[2024-10-22T14:50:55.942+0000] {logging_mixin.py:188} INFO - [2024-10-22T14:50:55.942+0000] {dag.py:3947} INFO - Setting next_dagrun for example_sensors to None, run_after=None
[2024-10-22T14:50:55.955+0000] {processor.py:183} INFO - Processing /home/airflow/.local/lib/python3.12/site-packages/airflow/example_dags/example_sensors.py took 0.052 seconds
[2024-10-22T14:51:26.175+0000] {processor.py:161} INFO - Started process (PID=4890) to work on /home/airflow/.local/lib/python3.12/site-packages/airflow/example_dags/example_sensors.py
[2024-10-22T14:51:26.176+0000] {processor.py:830} INFO - Processing file /home/airflow/.local/lib/python3.12/site-packages/airflow/example_dags/example_sensors.py for tasks to queue
[2024-10-22T14:51:26.177+0000] {logging_mixin.py:188} INFO - [2024-10-22T14:51:26.177+0000] {dagbag.py:545} INFO - Filling up the DagBag from /home/airflow/.local/lib/python3.12/site-packages/airflow/example_dags/example_sensors.py
[2024-10-22T14:51:26.184+0000] {processor.py:840} INFO - DAG(s) 'example_sensors' retrieved from /home/airflow/.local/lib/python3.12/site-packages/airflow/example_dags/example_sensors.py
[2024-10-22T14:51:26.203+0000] {logging_mixin.py:188} INFO - [2024-10-22T14:51:26.203+0000] {dag.py:3089} INFO - Sync 1 DAGs
[2024-10-22T14:51:26.212+0000] {logging_mixin.py:188} INFO - [2024-10-22T14:51:26.212+0000] {dag.py:3947} INFO - Setting next_dagrun for example_sensors to None, run_after=None
[2024-10-22T14:51:26.226+0000] {processor.py:183} INFO - Processing /home/airflow/.local/lib/python3.12/site-packages/airflow/example_dags/example_sensors.py took 0.055 seconds
[2024-10-22T14:51:56.722+0000] {processor.py:161} INFO - Started process (PID=5159) to work on /home/airflow/.local/lib/python3.12/site-packages/airflow/example_dags/example_sensors.py
[2024-10-22T14:51:56.723+0000] {processor.py:830} INFO - Processing file /home/airflow/.local/lib/python3.12/site-packages/airflow/example_dags/example_sensors.py for tasks to queue
[2024-10-22T14:51:56.724+0000] {logging_mixin.py:188} INFO - [2024-10-22T14:51:56.724+0000] {dagbag.py:545} INFO - Filling up the DagBag from /home/airflow/.local/lib/python3.12/site-packages/airflow/example_dags/example_sensors.py
[2024-10-22T14:51:56.730+0000] {processor.py:840} INFO - DAG(s) 'example_sensors' retrieved from /home/airflow/.local/lib/python3.12/site-packages/airflow/example_dags/example_sensors.py
[2024-10-22T14:51:56.748+0000] {logging_mixin.py:188} INFO - [2024-10-22T14:51:56.748+0000] {dag.py:3089} INFO - Sync 1 DAGs
[2024-10-22T14:51:56.756+0000] {logging_mixin.py:188} INFO - [2024-10-22T14:51:56.756+0000] {dag.py:3947} INFO - Setting next_dagrun for example_sensors to None, run_after=None
[2024-10-22T14:51:56.768+0000] {processor.py:183} INFO - Processing /home/airflow/.local/lib/python3.12/site-packages/airflow/example_dags/example_sensors.py took 0.049 seconds
[2024-10-22T14:52:27.034+0000] {processor.py:161} INFO - Started process (PID=5424) to work on /home/airflow/.local/lib/python3.12/site-packages/airflow/example_dags/example_sensors.py
[2024-10-22T14:52:27.035+0000] {processor.py:830} INFO - Processing file /home/airflow/.local/lib/python3.12/site-packages/airflow/example_dags/example_sensors.py for tasks to queue
[2024-10-22T14:52:27.037+0000] {logging_mixin.py:188} INFO - [2024-10-22T14:52:27.036+0000] {dagbag.py:545} INFO - Filling up the DagBag from /home/airflow/.local/lib/python3.12/site-packages/airflow/example_dags/example_sensors.py
[2024-10-22T14:52:27.043+0000] {processor.py:840} INFO - DAG(s) 'example_sensors' retrieved from /home/airflow/.local/lib/python3.12/site-packages/airflow/example_dags/example_sensors.py
[2024-10-22T14:52:27.063+0000] {logging_mixin.py:188} INFO - [2024-10-22T14:52:27.063+0000] {dag.py:3089} INFO - Sync 1 DAGs
[2024-10-22T14:52:27.073+0000] {logging_mixin.py:188} INFO - [2024-10-22T14:52:27.073+0000] {dag.py:3947} INFO - Setting next_dagrun for example_sensors to None, run_after=None
[2024-10-22T14:52:27.085+0000] {processor.py:183} INFO - Processing /home/airflow/.local/lib/python3.12/site-packages/airflow/example_dags/example_sensors.py took 0.055 seconds
[2024-10-22T14:52:57.377+0000] {processor.py:161} INFO - Started process (PID=5694) to work on /home/airflow/.local/lib/python3.12/site-packages/airflow/example_dags/example_sensors.py
[2024-10-22T14:52:57.378+0000] {processor.py:830} INFO - Processing file /home/airflow/.local/lib/python3.12/site-packages/airflow/example_dags/example_sensors.py for tasks to queue
[2024-10-22T14:52:57.379+0000] {logging_mixin.py:188} INFO - [2024-10-22T14:52:57.379+0000] {dagbag.py:545} INFO - Filling up the DagBag from /home/airflow/.local/lib/python3.12/site-packages/airflow/example_dags/example_sensors.py
[2024-10-22T14:52:57.386+0000] {processor.py:840} INFO - DAG(s) 'example_sensors' retrieved from /home/airflow/.local/lib/python3.12/site-packages/airflow/example_dags/example_sensors.py
[2024-10-22T14:52:57.405+0000] {logging_mixin.py:188} INFO - [2024-10-22T14:52:57.405+0000] {dag.py:3089} INFO - Sync 1 DAGs
[2024-10-22T14:52:57.415+0000] {logging_mixin.py:188} INFO - [2024-10-22T14:52:57.415+0000] {dag.py:3947} INFO - Setting next_dagrun for example_sensors to None, run_after=None
[2024-10-22T14:52:57.430+0000] {processor.py:183} INFO - Processing /home/airflow/.local/lib/python3.12/site-packages/airflow/example_dags/example_sensors.py took 0.056 seconds
[2024-10-22T14:53:27.705+0000] {processor.py:161} INFO - Started process (PID=5963) to work on /home/airflow/.local/lib/python3.12/site-packages/airflow/example_dags/example_sensors.py
[2024-10-22T14:53:27.705+0000] {processor.py:830} INFO - Processing file /home/airflow/.local/lib/python3.12/site-packages/airflow/example_dags/example_sensors.py for tasks to queue
[2024-10-22T14:53:27.707+0000] {logging_mixin.py:188} INFO - [2024-10-22T14:53:27.707+0000] {dagbag.py:545} INFO - Filling up the DagBag from /home/airflow/.local/lib/python3.12/site-packages/airflow/example_dags/example_sensors.py
[2024-10-22T14:53:27.713+0000] {processor.py:840} INFO - DAG(s) 'example_sensors' retrieved from /home/airflow/.local/lib/python3.12/site-packages/airflow/example_dags/example_sensors.py
[2024-10-22T14:53:27.731+0000] {logging_mixin.py:188} INFO - [2024-10-22T14:53:27.730+0000] {dag.py:3089} INFO - Sync 1 DAGs
[2024-10-22T14:53:27.739+0000] {logging_mixin.py:188} INFO - [2024-10-22T14:53:27.739+0000] {dag.py:3947} INFO - Setting next_dagrun for example_sensors to None, run_after=None
[2024-10-22T14:53:27.753+0000] {processor.py:183} INFO - Processing /home/airflow/.local/lib/python3.12/site-packages/airflow/example_dags/example_sensors.py took 0.052 seconds
[2024-10-22T14:53:58.208+0000] {processor.py:161} INFO - Started process (PID=6230) to work on /home/airflow/.local/lib/python3.12/site-packages/airflow/example_dags/example_sensors.py
[2024-10-22T14:53:58.209+0000] {processor.py:830} INFO - Processing file /home/airflow/.local/lib/python3.12/site-packages/airflow/example_dags/example_sensors.py for tasks to queue
[2024-10-22T14:53:58.210+0000] {logging_mixin.py:188} INFO - [2024-10-22T14:53:58.210+0000] {dagbag.py:545} INFO - Filling up the DagBag from /home/airflow/.local/lib/python3.12/site-packages/airflow/example_dags/example_sensors.py
[2024-10-22T14:53:58.216+0000] {processor.py:840} INFO - DAG(s) 'example_sensors' retrieved from /home/airflow/.local/lib/python3.12/site-packages/airflow/example_dags/example_sensors.py
[2024-10-22T14:53:58.234+0000] {logging_mixin.py:188} INFO - [2024-10-22T14:53:58.234+0000] {dag.py:3089} INFO - Sync 1 DAGs
[2024-10-22T14:53:58.243+0000] {logging_mixin.py:188} INFO - [2024-10-22T14:53:58.243+0000] {dag.py:3947} INFO - Setting next_dagrun for example_sensors to None, run_after=None
[2024-10-22T14:53:58.256+0000] {processor.py:183} INFO - Processing /home/airflow/.local/lib/python3.12/site-packages/airflow/example_dags/example_sensors.py took 0.052 seconds
[2024-10-22T14:54:28.527+0000] {processor.py:161} INFO - Started process (PID=6495) to work on /home/airflow/.local/lib/python3.12/site-packages/airflow/example_dags/example_sensors.py
[2024-10-22T14:54:28.527+0000] {processor.py:830} INFO - Processing file /home/airflow/.local/lib/python3.12/site-packages/airflow/example_dags/example_sensors.py for tasks to queue
[2024-10-22T14:54:28.529+0000] {logging_mixin.py:188} INFO - [2024-10-22T14:54:28.529+0000] {dagbag.py:545} INFO - Filling up the DagBag from /home/airflow/.local/lib/python3.12/site-packages/airflow/example_dags/example_sensors.py
[2024-10-22T14:54:28.535+0000] {processor.py:840} INFO - DAG(s) 'example_sensors' retrieved from /home/airflow/.local/lib/python3.12/site-packages/airflow/example_dags/example_sensors.py
[2024-10-22T14:54:28.553+0000] {logging_mixin.py:188} INFO - [2024-10-22T14:54:28.553+0000] {dag.py:3089} INFO - Sync 1 DAGs
[2024-10-22T14:54:28.563+0000] {logging_mixin.py:188} INFO - [2024-10-22T14:54:28.563+0000] {dag.py:3947} INFO - Setting next_dagrun for example_sensors to None, run_after=None
[2024-10-22T14:54:28.577+0000] {processor.py:183} INFO - Processing /home/airflow/.local/lib/python3.12/site-packages/airflow/example_dags/example_sensors.py took 0.054 seconds
[2024-10-22T14:54:59.333+0000] {processor.py:161} INFO - Started process (PID=6765) to work on /home/airflow/.local/lib/python3.12/site-packages/airflow/example_dags/example_sensors.py
[2024-10-22T14:54:59.334+0000] {processor.py:830} INFO - Processing file /home/airflow/.local/lib/python3.12/site-packages/airflow/example_dags/example_sensors.py for tasks to queue
[2024-10-22T14:54:59.335+0000] {logging_mixin.py:188} INFO - [2024-10-22T14:54:59.335+0000] {dagbag.py:545} INFO - Filling up the DagBag from /home/airflow/.local/lib/python3.12/site-packages/airflow/example_dags/example_sensors.py
[2024-10-22T14:54:59.341+0000] {processor.py:840} INFO - DAG(s) 'example_sensors' retrieved from /home/airflow/.local/lib/python3.12/site-packages/airflow/example_dags/example_sensors.py
[2024-10-22T14:54:59.360+0000] {logging_mixin.py:188} INFO - [2024-10-22T14:54:59.360+0000] {dag.py:3089} INFO - Sync 1 DAGs
[2024-10-22T14:54:59.370+0000] {logging_mixin.py:188} INFO - [2024-10-22T14:54:59.370+0000] {dag.py:3947} INFO - Setting next_dagrun for example_sensors to None, run_after=None
[2024-10-22T14:54:59.385+0000] {processor.py:183} INFO - Processing /home/airflow/.local/lib/python3.12/site-packages/airflow/example_dags/example_sensors.py took 0.056 seconds
[2024-10-22T14:55:30.056+0000] {processor.py:161} INFO - Started process (PID=7032) to work on /home/airflow/.local/lib/python3.12/site-packages/airflow/example_dags/example_sensors.py
[2024-10-22T14:55:30.057+0000] {processor.py:830} INFO - Processing file /home/airflow/.local/lib/python3.12/site-packages/airflow/example_dags/example_sensors.py for tasks to queue
[2024-10-22T14:55:30.059+0000] {logging_mixin.py:188} INFO - [2024-10-22T14:55:30.058+0000] {dagbag.py:545} INFO - Filling up the DagBag from /home/airflow/.local/lib/python3.12/site-packages/airflow/example_dags/example_sensors.py
[2024-10-22T14:55:30.066+0000] {processor.py:840} INFO - DAG(s) 'example_sensors' retrieved from /home/airflow/.local/lib/python3.12/site-packages/airflow/example_dags/example_sensors.py
[2024-10-22T14:55:30.087+0000] {logging_mixin.py:188} INFO - [2024-10-22T14:55:30.086+0000] {dag.py:3089} INFO - Sync 1 DAGs
[2024-10-22T14:55:30.096+0000] {logging_mixin.py:188} INFO - [2024-10-22T14:55:30.096+0000] {dag.py:3947} INFO - Setting next_dagrun for example_sensors to None, run_after=None
[2024-10-22T14:55:30.110+0000] {processor.py:183} INFO - Processing /home/airflow/.local/lib/python3.12/site-packages/airflow/example_dags/example_sensors.py took 0.058 seconds
[2024-10-22T14:56:00.649+0000] {processor.py:161} INFO - Started process (PID=7299) to work on /home/airflow/.local/lib/python3.12/site-packages/airflow/example_dags/example_sensors.py
[2024-10-22T14:56:00.650+0000] {processor.py:830} INFO - Processing file /home/airflow/.local/lib/python3.12/site-packages/airflow/example_dags/example_sensors.py for tasks to queue
[2024-10-22T14:56:00.651+0000] {logging_mixin.py:188} INFO - [2024-10-22T14:56:00.651+0000] {dagbag.py:545} INFO - Filling up the DagBag from /home/airflow/.local/lib/python3.12/site-packages/airflow/example_dags/example_sensors.py
[2024-10-22T14:56:00.658+0000] {processor.py:840} INFO - DAG(s) 'example_sensors' retrieved from /home/airflow/.local/lib/python3.12/site-packages/airflow/example_dags/example_sensors.py
[2024-10-22T14:56:00.678+0000] {logging_mixin.py:188} INFO - [2024-10-22T14:56:00.678+0000] {dag.py:3089} INFO - Sync 1 DAGs
[2024-10-22T14:56:00.689+0000] {logging_mixin.py:188} INFO - [2024-10-22T14:56:00.688+0000] {dag.py:3947} INFO - Setting next_dagrun for example_sensors to None, run_after=None
[2024-10-22T14:56:00.702+0000] {processor.py:183} INFO - Processing /home/airflow/.local/lib/python3.12/site-packages/airflow/example_dags/example_sensors.py took 0.058 seconds
[2024-10-22T14:56:31.153+0000] {processor.py:161} INFO - Started process (PID=7568) to work on /home/airflow/.local/lib/python3.12/site-packages/airflow/example_dags/example_sensors.py
[2024-10-22T14:56:31.154+0000] {processor.py:830} INFO - Processing file /home/airflow/.local/lib/python3.12/site-packages/airflow/example_dags/example_sensors.py for tasks to queue
[2024-10-22T14:56:31.155+0000] {logging_mixin.py:188} INFO - [2024-10-22T14:56:31.155+0000] {dagbag.py:545} INFO - Filling up the DagBag from /home/airflow/.local/lib/python3.12/site-packages/airflow/example_dags/example_sensors.py
[2024-10-22T14:56:31.161+0000] {processor.py:840} INFO - DAG(s) 'example_sensors' retrieved from /home/airflow/.local/lib/python3.12/site-packages/airflow/example_dags/example_sensors.py
[2024-10-22T14:56:31.178+0000] {logging_mixin.py:188} INFO - [2024-10-22T14:56:31.178+0000] {dag.py:3089} INFO - Sync 1 DAGs
[2024-10-22T14:56:31.187+0000] {logging_mixin.py:188} INFO - [2024-10-22T14:56:31.187+0000] {dag.py:3947} INFO - Setting next_dagrun for example_sensors to None, run_after=None
[2024-10-22T14:56:31.198+0000] {processor.py:183} INFO - Processing /home/airflow/.local/lib/python3.12/site-packages/airflow/example_dags/example_sensors.py took 0.049 seconds
[2024-10-22T14:57:01.276+0000] {processor.py:161} INFO - Started process (PID=7833) to work on /home/airflow/.local/lib/python3.12/site-packages/airflow/example_dags/example_sensors.py
[2024-10-22T14:57:01.277+0000] {processor.py:830} INFO - Processing file /home/airflow/.local/lib/python3.12/site-packages/airflow/example_dags/example_sensors.py for tasks to queue
[2024-10-22T14:57:01.278+0000] {logging_mixin.py:188} INFO - [2024-10-22T14:57:01.278+0000] {dagbag.py:545} INFO - Filling up the DagBag from /home/airflow/.local/lib/python3.12/site-packages/airflow/example_dags/example_sensors.py
[2024-10-22T14:57:01.285+0000] {processor.py:840} INFO - DAG(s) 'example_sensors' retrieved from /home/airflow/.local/lib/python3.12/site-packages/airflow/example_dags/example_sensors.py
[2024-10-22T14:57:01.304+0000] {logging_mixin.py:188} INFO - [2024-10-22T14:57:01.304+0000] {dag.py:3089} INFO - Sync 1 DAGs
[2024-10-22T14:57:01.314+0000] {logging_mixin.py:188} INFO - [2024-10-22T14:57:01.313+0000] {dag.py:3947} INFO - Setting next_dagrun for example_sensors to None, run_after=None
[2024-10-22T14:57:01.327+0000] {processor.py:183} INFO - Processing /home/airflow/.local/lib/python3.12/site-packages/airflow/example_dags/example_sensors.py took 0.055 seconds
[2024-10-22T14:57:32.404+0000] {processor.py:161} INFO - Started process (PID=8100) to work on /home/airflow/.local/lib/python3.12/site-packages/airflow/example_dags/example_sensors.py
[2024-10-22T14:57:32.405+0000] {processor.py:830} INFO - Processing file /home/airflow/.local/lib/python3.12/site-packages/airflow/example_dags/example_sensors.py for tasks to queue
[2024-10-22T14:57:32.407+0000] {logging_mixin.py:188} INFO - [2024-10-22T14:57:32.406+0000] {dagbag.py:545} INFO - Filling up the DagBag from /home/airflow/.local/lib/python3.12/site-packages/airflow/example_dags/example_sensors.py
[2024-10-22T14:57:32.413+0000] {processor.py:840} INFO - DAG(s) 'example_sensors' retrieved from /home/airflow/.local/lib/python3.12/site-packages/airflow/example_dags/example_sensors.py
[2024-10-22T14:57:32.432+0000] {logging_mixin.py:188} INFO - [2024-10-22T14:57:32.432+0000] {dag.py:3089} INFO - Sync 1 DAGs
[2024-10-22T14:57:32.441+0000] {logging_mixin.py:188} INFO - [2024-10-22T14:57:32.441+0000] {dag.py:3947} INFO - Setting next_dagrun for example_sensors to None, run_after=None
[2024-10-22T14:57:32.454+0000] {processor.py:183} INFO - Processing /home/airflow/.local/lib/python3.12/site-packages/airflow/example_dags/example_sensors.py took 0.054 seconds
