[2024-10-22T14:00:15.786+0000] {processor.py:161} INFO - Started process (PID=367) to work on /home/airflow/.local/lib/python3.12/site-packages/airflow/example_dags/example_task_group_decorator.py
[2024-10-22T14:00:15.787+0000] {processor.py:830} INFO - Processing file /home/airflow/.local/lib/python3.12/site-packages/airflow/example_dags/example_task_group_decorator.py for tasks to queue
[2024-10-22T14:00:15.788+0000] {logging_mixin.py:188} INFO - [2024-10-22T14:00:15.788+0000] {dagbag.py:545} INFO - Filling up the DagBag from /home/airflow/.local/lib/python3.12/site-packages/airflow/example_dags/example_task_group_decorator.py
[2024-10-22T14:00:15.802+0000] {processor.py:840} INFO - DAG(s) 'example_task_group_decorator' retrieved from /home/airflow/.local/lib/python3.12/site-packages/airflow/example_dags/example_task_group_decorator.py
[2024-10-22T14:00:15.887+0000] {logging_mixin.py:188} INFO - [2024-10-22T14:00:15.886+0000] {override.py:1858} INFO - Created Permission View: can delete on DAG:example_task_group_decorator
[2024-10-22T14:00:15.894+0000] {logging_mixin.py:188} INFO - [2024-10-22T14:00:15.894+0000] {override.py:1858} INFO - Created Permission View: can edit on DAG:example_task_group_decorator
[2024-10-22T14:00:15.898+0000] {logging_mixin.py:188} INFO - [2024-10-22T14:00:15.898+0000] {override.py:1858} INFO - Created Permission View: can read on DAG:example_task_group_decorator
[2024-10-22T14:00:15.899+0000] {logging_mixin.py:188} INFO - [2024-10-22T14:00:15.899+0000] {dag.py:3089} INFO - Sync 1 DAGs
[2024-10-22T14:00:15.906+0000] {logging_mixin.py:188} INFO - [2024-10-22T14:00:15.906+0000] {dag.py:3111} INFO - Creating ORM DAG for example_task_group_decorator
[2024-10-22T14:00:15.913+0000] {logging_mixin.py:188} INFO - [2024-10-22T14:00:15.913+0000] {dag.py:3947} INFO - Setting next_dagrun for example_task_group_decorator to 2024-10-21 00:00:00+00:00, run_after=2024-10-22 00:00:00+00:00
[2024-10-22T14:00:15.925+0000] {processor.py:183} INFO - Processing /home/airflow/.local/lib/python3.12/site-packages/airflow/example_dags/example_task_group_decorator.py took 0.143 seconds
[2024-10-22T14:00:46.688+0000] {processor.py:161} INFO - Started process (PID=632) to work on /home/airflow/.local/lib/python3.12/site-packages/airflow/example_dags/example_task_group_decorator.py
[2024-10-22T14:00:46.690+0000] {processor.py:830} INFO - Processing file /home/airflow/.local/lib/python3.12/site-packages/airflow/example_dags/example_task_group_decorator.py for tasks to queue
[2024-10-22T14:00:46.691+0000] {logging_mixin.py:188} INFO - [2024-10-22T14:00:46.691+0000] {dagbag.py:545} INFO - Filling up the DagBag from /home/airflow/.local/lib/python3.12/site-packages/airflow/example_dags/example_task_group_decorator.py
[2024-10-22T14:00:46.702+0000] {processor.py:840} INFO - DAG(s) 'example_task_group_decorator' retrieved from /home/airflow/.local/lib/python3.12/site-packages/airflow/example_dags/example_task_group_decorator.py
[2024-10-22T14:00:46.722+0000] {logging_mixin.py:188} INFO - [2024-10-22T14:00:46.721+0000] {dag.py:3089} INFO - Sync 1 DAGs
[2024-10-22T14:00:46.738+0000] {logging_mixin.py:188} INFO - [2024-10-22T14:00:46.737+0000] {dag.py:3947} INFO - Setting next_dagrun for example_task_group_decorator to 2024-10-21 00:00:00+00:00, run_after=2024-10-22 00:00:00+00:00
[2024-10-22T14:00:46.751+0000] {processor.py:183} INFO - Processing /home/airflow/.local/lib/python3.12/site-packages/airflow/example_dags/example_task_group_decorator.py took 0.067 seconds
[2024-10-22T14:01:17.041+0000] {processor.py:161} INFO - Started process (PID=899) to work on /home/airflow/.local/lib/python3.12/site-packages/airflow/example_dags/example_task_group_decorator.py
[2024-10-22T14:01:17.041+0000] {processor.py:830} INFO - Processing file /home/airflow/.local/lib/python3.12/site-packages/airflow/example_dags/example_task_group_decorator.py for tasks to queue
[2024-10-22T14:01:17.043+0000] {logging_mixin.py:188} INFO - [2024-10-22T14:01:17.042+0000] {dagbag.py:545} INFO - Filling up the DagBag from /home/airflow/.local/lib/python3.12/site-packages/airflow/example_dags/example_task_group_decorator.py
[2024-10-22T14:01:17.052+0000] {processor.py:840} INFO - DAG(s) 'example_task_group_decorator' retrieved from /home/airflow/.local/lib/python3.12/site-packages/airflow/example_dags/example_task_group_decorator.py
[2024-10-22T14:01:17.068+0000] {logging_mixin.py:188} INFO - [2024-10-22T14:01:17.068+0000] {dag.py:3089} INFO - Sync 1 DAGs
[2024-10-22T14:01:17.083+0000] {logging_mixin.py:188} INFO - [2024-10-22T14:01:17.083+0000] {dag.py:3947} INFO - Setting next_dagrun for example_task_group_decorator to 2024-10-21 00:00:00+00:00, run_after=2024-10-22 00:00:00+00:00
[2024-10-22T14:01:17.098+0000] {processor.py:183} INFO - Processing /home/airflow/.local/lib/python3.12/site-packages/airflow/example_dags/example_task_group_decorator.py took 0.061 seconds
[2024-10-22T14:01:47.386+0000] {processor.py:161} INFO - Started process (PID=1166) to work on /home/airflow/.local/lib/python3.12/site-packages/airflow/example_dags/example_task_group_decorator.py
[2024-10-22T14:01:47.386+0000] {processor.py:830} INFO - Processing file /home/airflow/.local/lib/python3.12/site-packages/airflow/example_dags/example_task_group_decorator.py for tasks to queue
[2024-10-22T14:01:47.388+0000] {logging_mixin.py:188} INFO - [2024-10-22T14:01:47.387+0000] {dagbag.py:545} INFO - Filling up the DagBag from /home/airflow/.local/lib/python3.12/site-packages/airflow/example_dags/example_task_group_decorator.py
[2024-10-22T14:01:47.396+0000] {processor.py:840} INFO - DAG(s) 'example_task_group_decorator' retrieved from /home/airflow/.local/lib/python3.12/site-packages/airflow/example_dags/example_task_group_decorator.py
[2024-10-22T14:01:47.413+0000] {logging_mixin.py:188} INFO - [2024-10-22T14:01:47.413+0000] {dag.py:3089} INFO - Sync 1 DAGs
[2024-10-22T14:01:47.427+0000] {logging_mixin.py:188} INFO - [2024-10-22T14:01:47.427+0000] {dag.py:3947} INFO - Setting next_dagrun for example_task_group_decorator to 2024-10-21 00:00:00+00:00, run_after=2024-10-22 00:00:00+00:00
[2024-10-22T14:01:47.440+0000] {processor.py:183} INFO - Processing /home/airflow/.local/lib/python3.12/site-packages/airflow/example_dags/example_task_group_decorator.py took 0.058 seconds
[2024-10-22T14:02:17.765+0000] {processor.py:161} INFO - Started process (PID=1433) to work on /home/airflow/.local/lib/python3.12/site-packages/airflow/example_dags/example_task_group_decorator.py
[2024-10-22T14:02:17.766+0000] {processor.py:830} INFO - Processing file /home/airflow/.local/lib/python3.12/site-packages/airflow/example_dags/example_task_group_decorator.py for tasks to queue
[2024-10-22T14:02:17.767+0000] {logging_mixin.py:188} INFO - [2024-10-22T14:02:17.767+0000] {dagbag.py:545} INFO - Filling up the DagBag from /home/airflow/.local/lib/python3.12/site-packages/airflow/example_dags/example_task_group_decorator.py
[2024-10-22T14:02:17.777+0000] {processor.py:840} INFO - DAG(s) 'example_task_group_decorator' retrieved from /home/airflow/.local/lib/python3.12/site-packages/airflow/example_dags/example_task_group_decorator.py
[2024-10-22T14:02:17.794+0000] {logging_mixin.py:188} INFO - [2024-10-22T14:02:17.794+0000] {dag.py:3089} INFO - Sync 1 DAGs
[2024-10-22T14:02:17.809+0000] {logging_mixin.py:188} INFO - [2024-10-22T14:02:17.809+0000] {dag.py:3947} INFO - Setting next_dagrun for example_task_group_decorator to 2024-10-21 00:00:00+00:00, run_after=2024-10-22 00:00:00+00:00
[2024-10-22T14:02:17.823+0000] {processor.py:183} INFO - Processing /home/airflow/.local/lib/python3.12/site-packages/airflow/example_dags/example_task_group_decorator.py took 0.062 seconds
[2024-10-22T14:02:47.952+0000] {processor.py:161} INFO - Started process (PID=1700) to work on /home/airflow/.local/lib/python3.12/site-packages/airflow/example_dags/example_task_group_decorator.py
[2024-10-22T14:02:47.952+0000] {processor.py:830} INFO - Processing file /home/airflow/.local/lib/python3.12/site-packages/airflow/example_dags/example_task_group_decorator.py for tasks to queue
[2024-10-22T14:02:47.954+0000] {logging_mixin.py:188} INFO - [2024-10-22T14:02:47.953+0000] {dagbag.py:545} INFO - Filling up the DagBag from /home/airflow/.local/lib/python3.12/site-packages/airflow/example_dags/example_task_group_decorator.py
[2024-10-22T14:02:47.962+0000] {processor.py:840} INFO - DAG(s) 'example_task_group_decorator' retrieved from /home/airflow/.local/lib/python3.12/site-packages/airflow/example_dags/example_task_group_decorator.py
[2024-10-22T14:02:47.978+0000] {logging_mixin.py:188} INFO - [2024-10-22T14:02:47.978+0000] {dag.py:3089} INFO - Sync 1 DAGs
[2024-10-22T14:02:47.993+0000] {logging_mixin.py:188} INFO - [2024-10-22T14:02:47.992+0000] {dag.py:3947} INFO - Setting next_dagrun for example_task_group_decorator to 2024-10-21 00:00:00+00:00, run_after=2024-10-22 00:00:00+00:00
[2024-10-22T14:02:48.008+0000] {processor.py:183} INFO - Processing /home/airflow/.local/lib/python3.12/site-packages/airflow/example_dags/example_task_group_decorator.py took 0.059 seconds
[2024-10-22T14:03:18.209+0000] {processor.py:161} INFO - Started process (PID=1967) to work on /home/airflow/.local/lib/python3.12/site-packages/airflow/example_dags/example_task_group_decorator.py
[2024-10-22T14:03:18.209+0000] {processor.py:830} INFO - Processing file /home/airflow/.local/lib/python3.12/site-packages/airflow/example_dags/example_task_group_decorator.py for tasks to queue
[2024-10-22T14:03:18.211+0000] {logging_mixin.py:188} INFO - [2024-10-22T14:03:18.210+0000] {dagbag.py:545} INFO - Filling up the DagBag from /home/airflow/.local/lib/python3.12/site-packages/airflow/example_dags/example_task_group_decorator.py
[2024-10-22T14:03:18.221+0000] {processor.py:840} INFO - DAG(s) 'example_task_group_decorator' retrieved from /home/airflow/.local/lib/python3.12/site-packages/airflow/example_dags/example_task_group_decorator.py
[2024-10-22T14:03:18.239+0000] {logging_mixin.py:188} INFO - [2024-10-22T14:03:18.238+0000] {dag.py:3089} INFO - Sync 1 DAGs
[2024-10-22T14:03:18.253+0000] {logging_mixin.py:188} INFO - [2024-10-22T14:03:18.253+0000] {dag.py:3947} INFO - Setting next_dagrun for example_task_group_decorator to 2024-10-21 00:00:00+00:00, run_after=2024-10-22 00:00:00+00:00
[2024-10-22T14:03:18.266+0000] {processor.py:183} INFO - Processing /home/airflow/.local/lib/python3.12/site-packages/airflow/example_dags/example_task_group_decorator.py took 0.061 seconds
[2024-10-22T14:03:48.638+0000] {processor.py:161} INFO - Started process (PID=2234) to work on /home/airflow/.local/lib/python3.12/site-packages/airflow/example_dags/example_task_group_decorator.py
[2024-10-22T14:03:48.639+0000] {processor.py:830} INFO - Processing file /home/airflow/.local/lib/python3.12/site-packages/airflow/example_dags/example_task_group_decorator.py for tasks to queue
[2024-10-22T14:03:48.640+0000] {logging_mixin.py:188} INFO - [2024-10-22T14:03:48.640+0000] {dagbag.py:545} INFO - Filling up the DagBag from /home/airflow/.local/lib/python3.12/site-packages/airflow/example_dags/example_task_group_decorator.py
[2024-10-22T14:03:48.649+0000] {processor.py:840} INFO - DAG(s) 'example_task_group_decorator' retrieved from /home/airflow/.local/lib/python3.12/site-packages/airflow/example_dags/example_task_group_decorator.py
[2024-10-22T14:03:48.666+0000] {logging_mixin.py:188} INFO - [2024-10-22T14:03:48.666+0000] {dag.py:3089} INFO - Sync 1 DAGs
[2024-10-22T14:03:48.681+0000] {logging_mixin.py:188} INFO - [2024-10-22T14:03:48.680+0000] {dag.py:3947} INFO - Setting next_dagrun for example_task_group_decorator to 2024-10-21 00:00:00+00:00, run_after=2024-10-22 00:00:00+00:00
[2024-10-22T14:03:48.694+0000] {processor.py:183} INFO - Processing /home/airflow/.local/lib/python3.12/site-packages/airflow/example_dags/example_task_group_decorator.py took 0.060 seconds
[2024-10-22T14:34:26.431+0000] {processor.py:161} INFO - Started process (PID=367) to work on /home/airflow/.local/lib/python3.12/site-packages/airflow/example_dags/example_task_group_decorator.py
[2024-10-22T14:34:26.431+0000] {processor.py:830} INFO - Processing file /home/airflow/.local/lib/python3.12/site-packages/airflow/example_dags/example_task_group_decorator.py for tasks to queue
[2024-10-22T14:34:26.433+0000] {logging_mixin.py:188} INFO - [2024-10-22T14:34:26.433+0000] {dagbag.py:545} INFO - Filling up the DagBag from /home/airflow/.local/lib/python3.12/site-packages/airflow/example_dags/example_task_group_decorator.py
[2024-10-22T14:34:26.443+0000] {processor.py:840} INFO - DAG(s) 'example_task_group_decorator' retrieved from /home/airflow/.local/lib/python3.12/site-packages/airflow/example_dags/example_task_group_decorator.py
[2024-10-22T14:34:26.451+0000] {logging_mixin.py:188} INFO - [2024-10-22T14:34:26.451+0000] {dag.py:3089} INFO - Sync 1 DAGs
[2024-10-22T14:34:26.466+0000] {logging_mixin.py:188} INFO - [2024-10-22T14:34:26.466+0000] {dag.py:3947} INFO - Setting next_dagrun for example_task_group_decorator to 2024-10-21 00:00:00+00:00, run_after=2024-10-22 00:00:00+00:00
[2024-10-22T14:34:26.479+0000] {processor.py:183} INFO - Processing /home/airflow/.local/lib/python3.12/site-packages/airflow/example_dags/example_task_group_decorator.py took 0.052 seconds
[2024-10-22T14:34:58.231+0000] {processor.py:161} INFO - Started process (PID=632) to work on /home/airflow/.local/lib/python3.12/site-packages/airflow/example_dags/example_task_group_decorator.py
[2024-10-22T14:34:58.232+0000] {processor.py:830} INFO - Processing file /home/airflow/.local/lib/python3.12/site-packages/airflow/example_dags/example_task_group_decorator.py for tasks to queue
[2024-10-22T14:34:58.233+0000] {logging_mixin.py:188} INFO - [2024-10-22T14:34:58.233+0000] {dagbag.py:545} INFO - Filling up the DagBag from /home/airflow/.local/lib/python3.12/site-packages/airflow/example_dags/example_task_group_decorator.py
[2024-10-22T14:34:58.242+0000] {processor.py:840} INFO - DAG(s) 'example_task_group_decorator' retrieved from /home/airflow/.local/lib/python3.12/site-packages/airflow/example_dags/example_task_group_decorator.py
[2024-10-22T14:34:58.312+0000] {logging_mixin.py:188} INFO - [2024-10-22T14:34:58.312+0000] {dag.py:3089} INFO - Sync 1 DAGs
[2024-10-22T14:34:58.324+0000] {logging_mixin.py:188} INFO - [2024-10-22T14:34:58.324+0000] {dag.py:3947} INFO - Setting next_dagrun for example_task_group_decorator to 2024-10-21 00:00:00+00:00, run_after=2024-10-22 00:00:00+00:00
[2024-10-22T14:34:58.337+0000] {processor.py:183} INFO - Processing /home/airflow/.local/lib/python3.12/site-packages/airflow/example_dags/example_task_group_decorator.py took 0.110 seconds
[2024-10-22T14:35:28.820+0000] {processor.py:161} INFO - Started process (PID=901) to work on /home/airflow/.local/lib/python3.12/site-packages/airflow/example_dags/example_task_group_decorator.py
[2024-10-22T14:35:28.820+0000] {processor.py:830} INFO - Processing file /home/airflow/.local/lib/python3.12/site-packages/airflow/example_dags/example_task_group_decorator.py for tasks to queue
[2024-10-22T14:35:28.822+0000] {logging_mixin.py:188} INFO - [2024-10-22T14:35:28.821+0000] {dagbag.py:545} INFO - Filling up the DagBag from /home/airflow/.local/lib/python3.12/site-packages/airflow/example_dags/example_task_group_decorator.py
[2024-10-22T14:35:28.831+0000] {processor.py:840} INFO - DAG(s) 'example_task_group_decorator' retrieved from /home/airflow/.local/lib/python3.12/site-packages/airflow/example_dags/example_task_group_decorator.py
[2024-10-22T14:35:28.847+0000] {logging_mixin.py:188} INFO - [2024-10-22T14:35:28.847+0000] {dag.py:3089} INFO - Sync 1 DAGs
[2024-10-22T14:35:28.861+0000] {logging_mixin.py:188} INFO - [2024-10-22T14:35:28.861+0000] {dag.py:3947} INFO - Setting next_dagrun for example_task_group_decorator to 2024-10-21 00:00:00+00:00, run_after=2024-10-22 00:00:00+00:00
[2024-10-22T14:35:28.873+0000] {processor.py:183} INFO - Processing /home/airflow/.local/lib/python3.12/site-packages/airflow/example_dags/example_task_group_decorator.py took 0.058 seconds
[2024-10-22T14:35:58.983+0000] {processor.py:161} INFO - Started process (PID=1168) to work on /home/airflow/.local/lib/python3.12/site-packages/airflow/example_dags/example_task_group_decorator.py
[2024-10-22T14:35:58.984+0000] {processor.py:830} INFO - Processing file /home/airflow/.local/lib/python3.12/site-packages/airflow/example_dags/example_task_group_decorator.py for tasks to queue
[2024-10-22T14:35:58.985+0000] {logging_mixin.py:188} INFO - [2024-10-22T14:35:58.985+0000] {dagbag.py:545} INFO - Filling up the DagBag from /home/airflow/.local/lib/python3.12/site-packages/airflow/example_dags/example_task_group_decorator.py
[2024-10-22T14:35:58.994+0000] {processor.py:840} INFO - DAG(s) 'example_task_group_decorator' retrieved from /home/airflow/.local/lib/python3.12/site-packages/airflow/example_dags/example_task_group_decorator.py
[2024-10-22T14:35:59.010+0000] {logging_mixin.py:188} INFO - [2024-10-22T14:35:59.010+0000] {dag.py:3089} INFO - Sync 1 DAGs
[2024-10-22T14:35:59.024+0000] {logging_mixin.py:188} INFO - [2024-10-22T14:35:59.024+0000] {dag.py:3947} INFO - Setting next_dagrun for example_task_group_decorator to 2024-10-21 00:00:00+00:00, run_after=2024-10-22 00:00:00+00:00
[2024-10-22T14:35:59.035+0000] {processor.py:183} INFO - Processing /home/airflow/.local/lib/python3.12/site-packages/airflow/example_dags/example_task_group_decorator.py took 0.056 seconds
[2024-10-22T14:36:29.376+0000] {processor.py:161} INFO - Started process (PID=1435) to work on /home/airflow/.local/lib/python3.12/site-packages/airflow/example_dags/example_task_group_decorator.py
[2024-10-22T14:36:29.377+0000] {processor.py:830} INFO - Processing file /home/airflow/.local/lib/python3.12/site-packages/airflow/example_dags/example_task_group_decorator.py for tasks to queue
[2024-10-22T14:36:29.378+0000] {logging_mixin.py:188} INFO - [2024-10-22T14:36:29.378+0000] {dagbag.py:545} INFO - Filling up the DagBag from /home/airflow/.local/lib/python3.12/site-packages/airflow/example_dags/example_task_group_decorator.py
[2024-10-22T14:36:29.387+0000] {processor.py:840} INFO - DAG(s) 'example_task_group_decorator' retrieved from /home/airflow/.local/lib/python3.12/site-packages/airflow/example_dags/example_task_group_decorator.py
[2024-10-22T14:36:29.404+0000] {logging_mixin.py:188} INFO - [2024-10-22T14:36:29.404+0000] {dag.py:3089} INFO - Sync 1 DAGs
[2024-10-22T14:36:29.418+0000] {logging_mixin.py:188} INFO - [2024-10-22T14:36:29.418+0000] {dag.py:3947} INFO - Setting next_dagrun for example_task_group_decorator to 2024-10-21 00:00:00+00:00, run_after=2024-10-22 00:00:00+00:00
[2024-10-22T14:36:29.430+0000] {processor.py:183} INFO - Processing /home/airflow/.local/lib/python3.12/site-packages/airflow/example_dags/example_task_group_decorator.py took 0.057 seconds
[2024-10-22T14:36:59.524+0000] {processor.py:161} INFO - Started process (PID=1702) to work on /home/airflow/.local/lib/python3.12/site-packages/airflow/example_dags/example_task_group_decorator.py
[2024-10-22T14:36:59.525+0000] {processor.py:830} INFO - Processing file /home/airflow/.local/lib/python3.12/site-packages/airflow/example_dags/example_task_group_decorator.py for tasks to queue
[2024-10-22T14:36:59.527+0000] {logging_mixin.py:188} INFO - [2024-10-22T14:36:59.526+0000] {dagbag.py:545} INFO - Filling up the DagBag from /home/airflow/.local/lib/python3.12/site-packages/airflow/example_dags/example_task_group_decorator.py
[2024-10-22T14:36:59.535+0000] {processor.py:840} INFO - DAG(s) 'example_task_group_decorator' retrieved from /home/airflow/.local/lib/python3.12/site-packages/airflow/example_dags/example_task_group_decorator.py
[2024-10-22T14:36:59.552+0000] {logging_mixin.py:188} INFO - [2024-10-22T14:36:59.552+0000] {dag.py:3089} INFO - Sync 1 DAGs
[2024-10-22T14:36:59.567+0000] {logging_mixin.py:188} INFO - [2024-10-22T14:36:59.567+0000] {dag.py:3947} INFO - Setting next_dagrun for example_task_group_decorator to 2024-10-21 00:00:00+00:00, run_after=2024-10-22 00:00:00+00:00
[2024-10-22T14:36:59.579+0000] {processor.py:183} INFO - Processing /home/airflow/.local/lib/python3.12/site-packages/airflow/example_dags/example_task_group_decorator.py took 0.058 seconds
[2024-10-22T14:37:29.739+0000] {processor.py:161} INFO - Started process (PID=1967) to work on /home/airflow/.local/lib/python3.12/site-packages/airflow/example_dags/example_task_group_decorator.py
[2024-10-22T14:37:29.740+0000] {processor.py:830} INFO - Processing file /home/airflow/.local/lib/python3.12/site-packages/airflow/example_dags/example_task_group_decorator.py for tasks to queue
[2024-10-22T14:37:29.741+0000] {logging_mixin.py:188} INFO - [2024-10-22T14:37:29.741+0000] {dagbag.py:545} INFO - Filling up the DagBag from /home/airflow/.local/lib/python3.12/site-packages/airflow/example_dags/example_task_group_decorator.py
[2024-10-22T14:37:29.750+0000] {processor.py:840} INFO - DAG(s) 'example_task_group_decorator' retrieved from /home/airflow/.local/lib/python3.12/site-packages/airflow/example_dags/example_task_group_decorator.py
[2024-10-22T14:37:29.766+0000] {logging_mixin.py:188} INFO - [2024-10-22T14:37:29.766+0000] {dag.py:3089} INFO - Sync 1 DAGs
[2024-10-22T14:37:29.780+0000] {logging_mixin.py:188} INFO - [2024-10-22T14:37:29.780+0000] {dag.py:3947} INFO - Setting next_dagrun for example_task_group_decorator to 2024-10-21 00:00:00+00:00, run_after=2024-10-22 00:00:00+00:00
[2024-10-22T14:37:29.792+0000] {processor.py:183} INFO - Processing /home/airflow/.local/lib/python3.12/site-packages/airflow/example_dags/example_task_group_decorator.py took 0.057 seconds
[2024-10-22T14:37:59.908+0000] {processor.py:161} INFO - Started process (PID=2234) to work on /home/airflow/.local/lib/python3.12/site-packages/airflow/example_dags/example_task_group_decorator.py
[2024-10-22T14:37:59.909+0000] {processor.py:830} INFO - Processing file /home/airflow/.local/lib/python3.12/site-packages/airflow/example_dags/example_task_group_decorator.py for tasks to queue
[2024-10-22T14:37:59.910+0000] {logging_mixin.py:188} INFO - [2024-10-22T14:37:59.910+0000] {dagbag.py:545} INFO - Filling up the DagBag from /home/airflow/.local/lib/python3.12/site-packages/airflow/example_dags/example_task_group_decorator.py
[2024-10-22T14:37:59.920+0000] {processor.py:840} INFO - DAG(s) 'example_task_group_decorator' retrieved from /home/airflow/.local/lib/python3.12/site-packages/airflow/example_dags/example_task_group_decorator.py
[2024-10-22T14:37:59.938+0000] {logging_mixin.py:188} INFO - [2024-10-22T14:37:59.938+0000] {dag.py:3089} INFO - Sync 1 DAGs
[2024-10-22T14:37:59.953+0000] {logging_mixin.py:188} INFO - [2024-10-22T14:37:59.953+0000] {dag.py:3947} INFO - Setting next_dagrun for example_task_group_decorator to 2024-10-21 00:00:00+00:00, run_after=2024-10-22 00:00:00+00:00
[2024-10-22T14:37:59.966+0000] {processor.py:183} INFO - Processing /home/airflow/.local/lib/python3.12/site-packages/airflow/example_dags/example_task_group_decorator.py took 0.062 seconds
[2024-10-22T14:38:30.055+0000] {processor.py:161} INFO - Started process (PID=2501) to work on /home/airflow/.local/lib/python3.12/site-packages/airflow/example_dags/example_task_group_decorator.py
[2024-10-22T14:38:30.055+0000] {processor.py:830} INFO - Processing file /home/airflow/.local/lib/python3.12/site-packages/airflow/example_dags/example_task_group_decorator.py for tasks to queue
[2024-10-22T14:38:30.057+0000] {logging_mixin.py:188} INFO - [2024-10-22T14:38:30.056+0000] {dagbag.py:545} INFO - Filling up the DagBag from /home/airflow/.local/lib/python3.12/site-packages/airflow/example_dags/example_task_group_decorator.py
[2024-10-22T14:38:30.067+0000] {processor.py:840} INFO - DAG(s) 'example_task_group_decorator' retrieved from /home/airflow/.local/lib/python3.12/site-packages/airflow/example_dags/example_task_group_decorator.py
[2024-10-22T14:38:30.084+0000] {logging_mixin.py:188} INFO - [2024-10-22T14:38:30.084+0000] {dag.py:3089} INFO - Sync 1 DAGs
[2024-10-22T14:38:30.099+0000] {logging_mixin.py:188} INFO - [2024-10-22T14:38:30.098+0000] {dag.py:3947} INFO - Setting next_dagrun for example_task_group_decorator to 2024-10-21 00:00:00+00:00, run_after=2024-10-22 00:00:00+00:00
[2024-10-22T14:38:30.111+0000] {processor.py:183} INFO - Processing /home/airflow/.local/lib/python3.12/site-packages/airflow/example_dags/example_task_group_decorator.py took 0.061 seconds
[2024-10-22T14:39:00.642+0000] {processor.py:161} INFO - Started process (PID=2770) to work on /home/airflow/.local/lib/python3.12/site-packages/airflow/example_dags/example_task_group_decorator.py
[2024-10-22T14:39:00.643+0000] {processor.py:830} INFO - Processing file /home/airflow/.local/lib/python3.12/site-packages/airflow/example_dags/example_task_group_decorator.py for tasks to queue
[2024-10-22T14:39:00.644+0000] {logging_mixin.py:188} INFO - [2024-10-22T14:39:00.644+0000] {dagbag.py:545} INFO - Filling up the DagBag from /home/airflow/.local/lib/python3.12/site-packages/airflow/example_dags/example_task_group_decorator.py
[2024-10-22T14:39:00.653+0000] {processor.py:840} INFO - DAG(s) 'example_task_group_decorator' retrieved from /home/airflow/.local/lib/python3.12/site-packages/airflow/example_dags/example_task_group_decorator.py
[2024-10-22T14:39:00.670+0000] {logging_mixin.py:188} INFO - [2024-10-22T14:39:00.670+0000] {dag.py:3089} INFO - Sync 1 DAGs
[2024-10-22T14:39:00.685+0000] {logging_mixin.py:188} INFO - [2024-10-22T14:39:00.684+0000] {dag.py:3947} INFO - Setting next_dagrun for example_task_group_decorator to 2024-10-21 00:00:00+00:00, run_after=2024-10-22 00:00:00+00:00
[2024-10-22T14:39:00.697+0000] {processor.py:183} INFO - Processing /home/airflow/.local/lib/python3.12/site-packages/airflow/example_dags/example_task_group_decorator.py took 0.059 seconds
[2024-10-22T14:39:30.767+0000] {processor.py:161} INFO - Started process (PID=3037) to work on /home/airflow/.local/lib/python3.12/site-packages/airflow/example_dags/example_task_group_decorator.py
[2024-10-22T14:39:30.768+0000] {processor.py:830} INFO - Processing file /home/airflow/.local/lib/python3.12/site-packages/airflow/example_dags/example_task_group_decorator.py for tasks to queue
[2024-10-22T14:39:30.769+0000] {logging_mixin.py:188} INFO - [2024-10-22T14:39:30.769+0000] {dagbag.py:545} INFO - Filling up the DagBag from /home/airflow/.local/lib/python3.12/site-packages/airflow/example_dags/example_task_group_decorator.py
[2024-10-22T14:39:30.778+0000] {processor.py:840} INFO - DAG(s) 'example_task_group_decorator' retrieved from /home/airflow/.local/lib/python3.12/site-packages/airflow/example_dags/example_task_group_decorator.py
[2024-10-22T14:39:30.793+0000] {logging_mixin.py:188} INFO - [2024-10-22T14:39:30.793+0000] {dag.py:3089} INFO - Sync 1 DAGs
[2024-10-22T14:39:30.807+0000] {logging_mixin.py:188} INFO - [2024-10-22T14:39:30.807+0000] {dag.py:3947} INFO - Setting next_dagrun for example_task_group_decorator to 2024-10-21 00:00:00+00:00, run_after=2024-10-22 00:00:00+00:00
[2024-10-22T14:39:30.818+0000] {processor.py:183} INFO - Processing /home/airflow/.local/lib/python3.12/site-packages/airflow/example_dags/example_task_group_decorator.py took 0.055 seconds
[2024-10-22T14:40:00.979+0000] {processor.py:161} INFO - Started process (PID=3302) to work on /home/airflow/.local/lib/python3.12/site-packages/airflow/example_dags/example_task_group_decorator.py
[2024-10-22T14:40:00.980+0000] {processor.py:830} INFO - Processing file /home/airflow/.local/lib/python3.12/site-packages/airflow/example_dags/example_task_group_decorator.py for tasks to queue
[2024-10-22T14:40:00.981+0000] {logging_mixin.py:188} INFO - [2024-10-22T14:40:00.981+0000] {dagbag.py:545} INFO - Filling up the DagBag from /home/airflow/.local/lib/python3.12/site-packages/airflow/example_dags/example_task_group_decorator.py
[2024-10-22T14:40:00.991+0000] {processor.py:840} INFO - DAG(s) 'example_task_group_decorator' retrieved from /home/airflow/.local/lib/python3.12/site-packages/airflow/example_dags/example_task_group_decorator.py
[2024-10-22T14:40:01.007+0000] {logging_mixin.py:188} INFO - [2024-10-22T14:40:01.007+0000] {dag.py:3089} INFO - Sync 1 DAGs
[2024-10-22T14:40:01.021+0000] {logging_mixin.py:188} INFO - [2024-10-22T14:40:01.021+0000] {dag.py:3947} INFO - Setting next_dagrun for example_task_group_decorator to 2024-10-21 00:00:00+00:00, run_after=2024-10-22 00:00:00+00:00
[2024-10-22T14:40:01.034+0000] {processor.py:183} INFO - Processing /home/airflow/.local/lib/python3.12/site-packages/airflow/example_dags/example_task_group_decorator.py took 0.058 seconds
[2024-10-22T14:40:31.177+0000] {processor.py:161} INFO - Started process (PID=3569) to work on /home/airflow/.local/lib/python3.12/site-packages/airflow/example_dags/example_task_group_decorator.py
[2024-10-22T14:40:31.178+0000] {processor.py:830} INFO - Processing file /home/airflow/.local/lib/python3.12/site-packages/airflow/example_dags/example_task_group_decorator.py for tasks to queue
[2024-10-22T14:40:31.179+0000] {logging_mixin.py:188} INFO - [2024-10-22T14:40:31.179+0000] {dagbag.py:545} INFO - Filling up the DagBag from /home/airflow/.local/lib/python3.12/site-packages/airflow/example_dags/example_task_group_decorator.py
[2024-10-22T14:40:31.187+0000] {processor.py:840} INFO - DAG(s) 'example_task_group_decorator' retrieved from /home/airflow/.local/lib/python3.12/site-packages/airflow/example_dags/example_task_group_decorator.py
[2024-10-22T14:40:31.203+0000] {logging_mixin.py:188} INFO - [2024-10-22T14:40:31.203+0000] {dag.py:3089} INFO - Sync 1 DAGs
[2024-10-22T14:40:31.217+0000] {logging_mixin.py:188} INFO - [2024-10-22T14:40:31.216+0000] {dag.py:3947} INFO - Setting next_dagrun for example_task_group_decorator to 2024-10-21 00:00:00+00:00, run_after=2024-10-22 00:00:00+00:00
[2024-10-22T14:40:31.229+0000] {processor.py:183} INFO - Processing /home/airflow/.local/lib/python3.12/site-packages/airflow/example_dags/example_task_group_decorator.py took 0.056 seconds
[2024-10-22T14:41:01.343+0000] {processor.py:161} INFO - Started process (PID=3836) to work on /home/airflow/.local/lib/python3.12/site-packages/airflow/example_dags/example_task_group_decorator.py
[2024-10-22T14:41:01.343+0000] {processor.py:830} INFO - Processing file /home/airflow/.local/lib/python3.12/site-packages/airflow/example_dags/example_task_group_decorator.py for tasks to queue
[2024-10-22T14:41:01.345+0000] {logging_mixin.py:188} INFO - [2024-10-22T14:41:01.344+0000] {dagbag.py:545} INFO - Filling up the DagBag from /home/airflow/.local/lib/python3.12/site-packages/airflow/example_dags/example_task_group_decorator.py
[2024-10-22T14:41:01.353+0000] {processor.py:840} INFO - DAG(s) 'example_task_group_decorator' retrieved from /home/airflow/.local/lib/python3.12/site-packages/airflow/example_dags/example_task_group_decorator.py
[2024-10-22T14:41:01.369+0000] {logging_mixin.py:188} INFO - [2024-10-22T14:41:01.369+0000] {dag.py:3089} INFO - Sync 1 DAGs
[2024-10-22T14:41:01.384+0000] {logging_mixin.py:188} INFO - [2024-10-22T14:41:01.384+0000] {dag.py:3947} INFO - Setting next_dagrun for example_task_group_decorator to 2024-10-21 00:00:00+00:00, run_after=2024-10-22 00:00:00+00:00
[2024-10-22T14:41:01.396+0000] {processor.py:183} INFO - Processing /home/airflow/.local/lib/python3.12/site-packages/airflow/example_dags/example_task_group_decorator.py took 0.057 seconds
[2024-10-22T14:41:31.660+0000] {processor.py:161} INFO - Started process (PID=4105) to work on /home/airflow/.local/lib/python3.12/site-packages/airflow/example_dags/example_task_group_decorator.py
[2024-10-22T14:41:31.661+0000] {processor.py:830} INFO - Processing file /home/airflow/.local/lib/python3.12/site-packages/airflow/example_dags/example_task_group_decorator.py for tasks to queue
[2024-10-22T14:41:31.662+0000] {logging_mixin.py:188} INFO - [2024-10-22T14:41:31.662+0000] {dagbag.py:545} INFO - Filling up the DagBag from /home/airflow/.local/lib/python3.12/site-packages/airflow/example_dags/example_task_group_decorator.py
[2024-10-22T14:41:31.671+0000] {processor.py:840} INFO - DAG(s) 'example_task_group_decorator' retrieved from /home/airflow/.local/lib/python3.12/site-packages/airflow/example_dags/example_task_group_decorator.py
[2024-10-22T14:41:31.687+0000] {logging_mixin.py:188} INFO - [2024-10-22T14:41:31.687+0000] {dag.py:3089} INFO - Sync 1 DAGs
[2024-10-22T14:41:31.701+0000] {logging_mixin.py:188} INFO - [2024-10-22T14:41:31.701+0000] {dag.py:3947} INFO - Setting next_dagrun for example_task_group_decorator to 2024-10-21 00:00:00+00:00, run_after=2024-10-22 00:00:00+00:00
[2024-10-22T14:41:31.712+0000] {processor.py:183} INFO - Processing /home/airflow/.local/lib/python3.12/site-packages/airflow/example_dags/example_task_group_decorator.py took 0.056 seconds
[2024-10-22T14:42:01.794+0000] {processor.py:161} INFO - Started process (PID=4370) to work on /home/airflow/.local/lib/python3.12/site-packages/airflow/example_dags/example_task_group_decorator.py
[2024-10-22T14:42:01.795+0000] {processor.py:830} INFO - Processing file /home/airflow/.local/lib/python3.12/site-packages/airflow/example_dags/example_task_group_decorator.py for tasks to queue
[2024-10-22T14:42:01.796+0000] {logging_mixin.py:188} INFO - [2024-10-22T14:42:01.796+0000] {dagbag.py:545} INFO - Filling up the DagBag from /home/airflow/.local/lib/python3.12/site-packages/airflow/example_dags/example_task_group_decorator.py
[2024-10-22T14:42:01.805+0000] {processor.py:840} INFO - DAG(s) 'example_task_group_decorator' retrieved from /home/airflow/.local/lib/python3.12/site-packages/airflow/example_dags/example_task_group_decorator.py
[2024-10-22T14:42:01.822+0000] {logging_mixin.py:188} INFO - [2024-10-22T14:42:01.822+0000] {dag.py:3089} INFO - Sync 1 DAGs
[2024-10-22T14:42:01.837+0000] {logging_mixin.py:188} INFO - [2024-10-22T14:42:01.836+0000] {dag.py:3947} INFO - Setting next_dagrun for example_task_group_decorator to 2024-10-21 00:00:00+00:00, run_after=2024-10-22 00:00:00+00:00
[2024-10-22T14:42:01.849+0000] {processor.py:183} INFO - Processing /home/airflow/.local/lib/python3.12/site-packages/airflow/example_dags/example_task_group_decorator.py took 0.059 seconds
[2024-10-22T14:42:49.006+0000] {processor.py:161} INFO - Started process (PID=367) to work on /home/airflow/.local/lib/python3.12/site-packages/airflow/example_dags/example_task_group_decorator.py
[2024-10-22T14:42:49.007+0000] {processor.py:830} INFO - Processing file /home/airflow/.local/lib/python3.12/site-packages/airflow/example_dags/example_task_group_decorator.py for tasks to queue
[2024-10-22T14:42:49.008+0000] {logging_mixin.py:188} INFO - [2024-10-22T14:42:49.008+0000] {dagbag.py:545} INFO - Filling up the DagBag from /home/airflow/.local/lib/python3.12/site-packages/airflow/example_dags/example_task_group_decorator.py
[2024-10-22T14:42:49.019+0000] {processor.py:840} INFO - DAG(s) 'example_task_group_decorator' retrieved from /home/airflow/.local/lib/python3.12/site-packages/airflow/example_dags/example_task_group_decorator.py
[2024-10-22T14:42:49.028+0000] {logging_mixin.py:188} INFO - [2024-10-22T14:42:49.028+0000] {dag.py:3089} INFO - Sync 1 DAGs
[2024-10-22T14:42:49.044+0000] {logging_mixin.py:188} INFO - [2024-10-22T14:42:49.044+0000] {dag.py:3947} INFO - Setting next_dagrun for example_task_group_decorator to 2024-10-21 00:00:00+00:00, run_after=2024-10-22 00:00:00+00:00
[2024-10-22T14:42:49.057+0000] {processor.py:183} INFO - Processing /home/airflow/.local/lib/python3.12/site-packages/airflow/example_dags/example_task_group_decorator.py took 0.055 seconds
[2024-10-22T14:43:20.132+0000] {processor.py:161} INFO - Started process (PID=632) to work on /home/airflow/.local/lib/python3.12/site-packages/airflow/example_dags/example_task_group_decorator.py
[2024-10-22T14:43:20.133+0000] {processor.py:830} INFO - Processing file /home/airflow/.local/lib/python3.12/site-packages/airflow/example_dags/example_task_group_decorator.py for tasks to queue
[2024-10-22T14:43:20.134+0000] {logging_mixin.py:188} INFO - [2024-10-22T14:43:20.134+0000] {dagbag.py:545} INFO - Filling up the DagBag from /home/airflow/.local/lib/python3.12/site-packages/airflow/example_dags/example_task_group_decorator.py
[2024-10-22T14:43:20.144+0000] {processor.py:840} INFO - DAG(s) 'example_task_group_decorator' retrieved from /home/airflow/.local/lib/python3.12/site-packages/airflow/example_dags/example_task_group_decorator.py
[2024-10-22T14:43:20.222+0000] {logging_mixin.py:188} INFO - [2024-10-22T14:43:20.221+0000] {dag.py:3089} INFO - Sync 1 DAGs
[2024-10-22T14:43:20.234+0000] {logging_mixin.py:188} INFO - [2024-10-22T14:43:20.234+0000] {dag.py:3947} INFO - Setting next_dagrun for example_task_group_decorator to 2024-10-21 00:00:00+00:00, run_after=2024-10-22 00:00:00+00:00
[2024-10-22T14:43:20.248+0000] {processor.py:183} INFO - Processing /home/airflow/.local/lib/python3.12/site-packages/airflow/example_dags/example_task_group_decorator.py took 0.119 seconds
[2024-10-22T14:43:50.321+0000] {processor.py:161} INFO - Started process (PID=904) to work on /home/airflow/.local/lib/python3.12/site-packages/airflow/example_dags/example_task_group_decorator.py
[2024-10-22T14:43:50.322+0000] {processor.py:830} INFO - Processing file /home/airflow/.local/lib/python3.12/site-packages/airflow/example_dags/example_task_group_decorator.py for tasks to queue
[2024-10-22T14:43:50.323+0000] {logging_mixin.py:188} INFO - [2024-10-22T14:43:50.323+0000] {dagbag.py:545} INFO - Filling up the DagBag from /home/airflow/.local/lib/python3.12/site-packages/airflow/example_dags/example_task_group_decorator.py
[2024-10-22T14:43:50.332+0000] {processor.py:840} INFO - DAG(s) 'example_task_group_decorator' retrieved from /home/airflow/.local/lib/python3.12/site-packages/airflow/example_dags/example_task_group_decorator.py
[2024-10-22T14:43:50.349+0000] {logging_mixin.py:188} INFO - [2024-10-22T14:43:50.349+0000] {dag.py:3089} INFO - Sync 1 DAGs
[2024-10-22T14:43:50.363+0000] {logging_mixin.py:188} INFO - [2024-10-22T14:43:50.363+0000] {dag.py:3947} INFO - Setting next_dagrun for example_task_group_decorator to 2024-10-21 00:00:00+00:00, run_after=2024-10-22 00:00:00+00:00
[2024-10-22T14:43:50.375+0000] {processor.py:183} INFO - Processing /home/airflow/.local/lib/python3.12/site-packages/airflow/example_dags/example_task_group_decorator.py took 0.058 seconds
[2024-10-22T14:44:20.430+0000] {processor.py:161} INFO - Started process (PID=1171) to work on /home/airflow/.local/lib/python3.12/site-packages/airflow/example_dags/example_task_group_decorator.py
[2024-10-22T14:44:20.431+0000] {processor.py:830} INFO - Processing file /home/airflow/.local/lib/python3.12/site-packages/airflow/example_dags/example_task_group_decorator.py for tasks to queue
[2024-10-22T14:44:20.432+0000] {logging_mixin.py:188} INFO - [2024-10-22T14:44:20.432+0000] {dagbag.py:545} INFO - Filling up the DagBag from /home/airflow/.local/lib/python3.12/site-packages/airflow/example_dags/example_task_group_decorator.py
[2024-10-22T14:44:20.441+0000] {processor.py:840} INFO - DAG(s) 'example_task_group_decorator' retrieved from /home/airflow/.local/lib/python3.12/site-packages/airflow/example_dags/example_task_group_decorator.py
[2024-10-22T14:44:20.458+0000] {logging_mixin.py:188} INFO - [2024-10-22T14:44:20.458+0000] {dag.py:3089} INFO - Sync 1 DAGs
[2024-10-22T14:44:20.473+0000] {logging_mixin.py:188} INFO - [2024-10-22T14:44:20.473+0000] {dag.py:3947} INFO - Setting next_dagrun for example_task_group_decorator to 2024-10-21 00:00:00+00:00, run_after=2024-10-22 00:00:00+00:00
[2024-10-22T14:44:20.485+0000] {processor.py:183} INFO - Processing /home/airflow/.local/lib/python3.12/site-packages/airflow/example_dags/example_task_group_decorator.py took 0.059 seconds
[2024-10-22T14:44:50.508+0000] {processor.py:161} INFO - Started process (PID=1438) to work on /home/airflow/.local/lib/python3.12/site-packages/airflow/example_dags/example_task_group_decorator.py
[2024-10-22T14:44:50.509+0000] {processor.py:830} INFO - Processing file /home/airflow/.local/lib/python3.12/site-packages/airflow/example_dags/example_task_group_decorator.py for tasks to queue
[2024-10-22T14:44:50.510+0000] {logging_mixin.py:188} INFO - [2024-10-22T14:44:50.510+0000] {dagbag.py:545} INFO - Filling up the DagBag from /home/airflow/.local/lib/python3.12/site-packages/airflow/example_dags/example_task_group_decorator.py
[2024-10-22T14:44:50.519+0000] {processor.py:840} INFO - DAG(s) 'example_task_group_decorator' retrieved from /home/airflow/.local/lib/python3.12/site-packages/airflow/example_dags/example_task_group_decorator.py
[2024-10-22T14:44:50.535+0000] {logging_mixin.py:188} INFO - [2024-10-22T14:44:50.535+0000] {dag.py:3089} INFO - Sync 1 DAGs
[2024-10-22T14:44:50.549+0000] {logging_mixin.py:188} INFO - [2024-10-22T14:44:50.549+0000] {dag.py:3947} INFO - Setting next_dagrun for example_task_group_decorator to 2024-10-21 00:00:00+00:00, run_after=2024-10-22 00:00:00+00:00
[2024-10-22T14:44:50.561+0000] {processor.py:183} INFO - Processing /home/airflow/.local/lib/python3.12/site-packages/airflow/example_dags/example_task_group_decorator.py took 0.057 seconds
[2024-10-22T14:45:20.733+0000] {processor.py:161} INFO - Started process (PID=1703) to work on /home/airflow/.local/lib/python3.12/site-packages/airflow/example_dags/example_task_group_decorator.py
[2024-10-22T14:45:20.734+0000] {processor.py:830} INFO - Processing file /home/airflow/.local/lib/python3.12/site-packages/airflow/example_dags/example_task_group_decorator.py for tasks to queue
[2024-10-22T14:45:20.735+0000] {logging_mixin.py:188} INFO - [2024-10-22T14:45:20.735+0000] {dagbag.py:545} INFO - Filling up the DagBag from /home/airflow/.local/lib/python3.12/site-packages/airflow/example_dags/example_task_group_decorator.py
[2024-10-22T14:45:20.745+0000] {processor.py:840} INFO - DAG(s) 'example_task_group_decorator' retrieved from /home/airflow/.local/lib/python3.12/site-packages/airflow/example_dags/example_task_group_decorator.py
[2024-10-22T14:45:20.763+0000] {logging_mixin.py:188} INFO - [2024-10-22T14:45:20.763+0000] {dag.py:3089} INFO - Sync 1 DAGs
[2024-10-22T14:45:20.778+0000] {logging_mixin.py:188} INFO - [2024-10-22T14:45:20.778+0000] {dag.py:3947} INFO - Setting next_dagrun for example_task_group_decorator to 2024-10-21 00:00:00+00:00, run_after=2024-10-22 00:00:00+00:00
[2024-10-22T14:45:20.791+0000] {processor.py:183} INFO - Processing /home/airflow/.local/lib/python3.12/site-packages/airflow/example_dags/example_task_group_decorator.py took 0.061 seconds
[2024-10-22T14:45:51.325+0000] {processor.py:161} INFO - Started process (PID=1970) to work on /home/airflow/.local/lib/python3.12/site-packages/airflow/example_dags/example_task_group_decorator.py
[2024-10-22T14:45:51.326+0000] {processor.py:830} INFO - Processing file /home/airflow/.local/lib/python3.12/site-packages/airflow/example_dags/example_task_group_decorator.py for tasks to queue
[2024-10-22T14:45:51.328+0000] {logging_mixin.py:188} INFO - [2024-10-22T14:45:51.327+0000] {dagbag.py:545} INFO - Filling up the DagBag from /home/airflow/.local/lib/python3.12/site-packages/airflow/example_dags/example_task_group_decorator.py
[2024-10-22T14:45:51.339+0000] {processor.py:840} INFO - DAG(s) 'example_task_group_decorator' retrieved from /home/airflow/.local/lib/python3.12/site-packages/airflow/example_dags/example_task_group_decorator.py
[2024-10-22T14:45:51.362+0000] {logging_mixin.py:188} INFO - [2024-10-22T14:45:51.362+0000] {dag.py:3089} INFO - Sync 1 DAGs
[2024-10-22T14:45:51.379+0000] {logging_mixin.py:188} INFO - [2024-10-22T14:45:51.379+0000] {dag.py:3947} INFO - Setting next_dagrun for example_task_group_decorator to 2024-10-21 00:00:00+00:00, run_after=2024-10-22 00:00:00+00:00
[2024-10-22T14:45:51.395+0000] {processor.py:183} INFO - Processing /home/airflow/.local/lib/python3.12/site-packages/airflow/example_dags/example_task_group_decorator.py took 0.074 seconds
[2024-10-22T14:46:22.344+0000] {processor.py:161} INFO - Started process (PID=2237) to work on /home/airflow/.local/lib/python3.12/site-packages/airflow/example_dags/example_task_group_decorator.py
[2024-10-22T14:46:22.345+0000] {processor.py:830} INFO - Processing file /home/airflow/.local/lib/python3.12/site-packages/airflow/example_dags/example_task_group_decorator.py for tasks to queue
[2024-10-22T14:46:22.347+0000] {logging_mixin.py:188} INFO - [2024-10-22T14:46:22.346+0000] {dagbag.py:545} INFO - Filling up the DagBag from /home/airflow/.local/lib/python3.12/site-packages/airflow/example_dags/example_task_group_decorator.py
[2024-10-22T14:46:22.361+0000] {processor.py:840} INFO - DAG(s) 'example_task_group_decorator' retrieved from /home/airflow/.local/lib/python3.12/site-packages/airflow/example_dags/example_task_group_decorator.py
[2024-10-22T14:46:22.383+0000] {logging_mixin.py:188} INFO - [2024-10-22T14:46:22.382+0000] {dag.py:3089} INFO - Sync 1 DAGs
[2024-10-22T14:46:22.404+0000] {logging_mixin.py:188} INFO - [2024-10-22T14:46:22.404+0000] {dag.py:3947} INFO - Setting next_dagrun for example_task_group_decorator to 2024-10-21 00:00:00+00:00, run_after=2024-10-22 00:00:00+00:00
[2024-10-22T14:46:22.418+0000] {processor.py:183} INFO - Processing /home/airflow/.local/lib/python3.12/site-packages/airflow/example_dags/example_task_group_decorator.py took 0.079 seconds
[2024-10-22T14:46:53.068+0000] {processor.py:161} INFO - Started process (PID=2507) to work on /home/airflow/.local/lib/python3.12/site-packages/airflow/example_dags/example_task_group_decorator.py
[2024-10-22T14:46:53.068+0000] {processor.py:830} INFO - Processing file /home/airflow/.local/lib/python3.12/site-packages/airflow/example_dags/example_task_group_decorator.py for tasks to queue
[2024-10-22T14:46:53.070+0000] {logging_mixin.py:188} INFO - [2024-10-22T14:46:53.070+0000] {dagbag.py:545} INFO - Filling up the DagBag from /home/airflow/.local/lib/python3.12/site-packages/airflow/example_dags/example_task_group_decorator.py
[2024-10-22T14:46:53.079+0000] {processor.py:840} INFO - DAG(s) 'example_task_group_decorator' retrieved from /home/airflow/.local/lib/python3.12/site-packages/airflow/example_dags/example_task_group_decorator.py
[2024-10-22T14:46:53.097+0000] {logging_mixin.py:188} INFO - [2024-10-22T14:46:53.097+0000] {dag.py:3089} INFO - Sync 1 DAGs
[2024-10-22T14:46:53.112+0000] {logging_mixin.py:188} INFO - [2024-10-22T14:46:53.112+0000] {dag.py:3947} INFO - Setting next_dagrun for example_task_group_decorator to 2024-10-21 00:00:00+00:00, run_after=2024-10-22 00:00:00+00:00
[2024-10-22T14:46:53.125+0000] {processor.py:183} INFO - Processing /home/airflow/.local/lib/python3.12/site-packages/airflow/example_dags/example_task_group_decorator.py took 0.061 seconds
[2024-10-22T14:47:23.419+0000] {processor.py:161} INFO - Started process (PID=2776) to work on /home/airflow/.local/lib/python3.12/site-packages/airflow/example_dags/example_task_group_decorator.py
[2024-10-22T14:47:23.420+0000] {processor.py:830} INFO - Processing file /home/airflow/.local/lib/python3.12/site-packages/airflow/example_dags/example_task_group_decorator.py for tasks to queue
[2024-10-22T14:47:23.421+0000] {logging_mixin.py:188} INFO - [2024-10-22T14:47:23.421+0000] {dagbag.py:545} INFO - Filling up the DagBag from /home/airflow/.local/lib/python3.12/site-packages/airflow/example_dags/example_task_group_decorator.py
[2024-10-22T14:47:23.431+0000] {processor.py:840} INFO - DAG(s) 'example_task_group_decorator' retrieved from /home/airflow/.local/lib/python3.12/site-packages/airflow/example_dags/example_task_group_decorator.py
[2024-10-22T14:47:23.447+0000] {logging_mixin.py:188} INFO - [2024-10-22T14:47:23.447+0000] {dag.py:3089} INFO - Sync 1 DAGs
[2024-10-22T14:47:23.461+0000] {logging_mixin.py:188} INFO - [2024-10-22T14:47:23.461+0000] {dag.py:3947} INFO - Setting next_dagrun for example_task_group_decorator to 2024-10-21 00:00:00+00:00, run_after=2024-10-22 00:00:00+00:00
[2024-10-22T14:47:23.473+0000] {processor.py:183} INFO - Processing /home/airflow/.local/lib/python3.12/site-packages/airflow/example_dags/example_task_group_decorator.py took 0.058 seconds
[2024-10-22T14:47:53.701+0000] {processor.py:161} INFO - Started process (PID=3041) to work on /home/airflow/.local/lib/python3.12/site-packages/airflow/example_dags/example_task_group_decorator.py
[2024-10-22T14:47:53.701+0000] {processor.py:830} INFO - Processing file /home/airflow/.local/lib/python3.12/site-packages/airflow/example_dags/example_task_group_decorator.py for tasks to queue
[2024-10-22T14:47:53.703+0000] {logging_mixin.py:188} INFO - [2024-10-22T14:47:53.703+0000] {dagbag.py:545} INFO - Filling up the DagBag from /home/airflow/.local/lib/python3.12/site-packages/airflow/example_dags/example_task_group_decorator.py
[2024-10-22T14:47:53.712+0000] {processor.py:840} INFO - DAG(s) 'example_task_group_decorator' retrieved from /home/airflow/.local/lib/python3.12/site-packages/airflow/example_dags/example_task_group_decorator.py
[2024-10-22T14:47:53.730+0000] {logging_mixin.py:188} INFO - [2024-10-22T14:47:53.729+0000] {dag.py:3089} INFO - Sync 1 DAGs
[2024-10-22T14:47:53.746+0000] {logging_mixin.py:188} INFO - [2024-10-22T14:47:53.746+0000] {dag.py:3947} INFO - Setting next_dagrun for example_task_group_decorator to 2024-10-21 00:00:00+00:00, run_after=2024-10-22 00:00:00+00:00
[2024-10-22T14:47:53.759+0000] {processor.py:183} INFO - Processing /home/airflow/.local/lib/python3.12/site-packages/airflow/example_dags/example_task_group_decorator.py took 0.062 seconds
[2024-10-22T14:48:24.144+0000] {processor.py:161} INFO - Started process (PID=3310) to work on /home/airflow/.local/lib/python3.12/site-packages/airflow/example_dags/example_task_group_decorator.py
[2024-10-22T14:48:24.145+0000] {processor.py:830} INFO - Processing file /home/airflow/.local/lib/python3.12/site-packages/airflow/example_dags/example_task_group_decorator.py for tasks to queue
[2024-10-22T14:48:24.146+0000] {logging_mixin.py:188} INFO - [2024-10-22T14:48:24.146+0000] {dagbag.py:545} INFO - Filling up the DagBag from /home/airflow/.local/lib/python3.12/site-packages/airflow/example_dags/example_task_group_decorator.py
[2024-10-22T14:48:24.155+0000] {processor.py:840} INFO - DAG(s) 'example_task_group_decorator' retrieved from /home/airflow/.local/lib/python3.12/site-packages/airflow/example_dags/example_task_group_decorator.py
[2024-10-22T14:48:24.171+0000] {logging_mixin.py:188} INFO - [2024-10-22T14:48:24.171+0000] {dag.py:3089} INFO - Sync 1 DAGs
[2024-10-22T14:48:24.187+0000] {logging_mixin.py:188} INFO - [2024-10-22T14:48:24.187+0000] {dag.py:3947} INFO - Setting next_dagrun for example_task_group_decorator to 2024-10-21 00:00:00+00:00, run_after=2024-10-22 00:00:00+00:00
[2024-10-22T14:48:24.200+0000] {processor.py:183} INFO - Processing /home/airflow/.local/lib/python3.12/site-packages/airflow/example_dags/example_task_group_decorator.py took 0.060 seconds
[2024-10-22T14:48:54.594+0000] {processor.py:161} INFO - Started process (PID=3577) to work on /home/airflow/.local/lib/python3.12/site-packages/airflow/example_dags/example_task_group_decorator.py
[2024-10-22T14:48:54.595+0000] {processor.py:830} INFO - Processing file /home/airflow/.local/lib/python3.12/site-packages/airflow/example_dags/example_task_group_decorator.py for tasks to queue
[2024-10-22T14:48:54.596+0000] {logging_mixin.py:188} INFO - [2024-10-22T14:48:54.596+0000] {dagbag.py:545} INFO - Filling up the DagBag from /home/airflow/.local/lib/python3.12/site-packages/airflow/example_dags/example_task_group_decorator.py
[2024-10-22T14:48:54.605+0000] {processor.py:840} INFO - DAG(s) 'example_task_group_decorator' retrieved from /home/airflow/.local/lib/python3.12/site-packages/airflow/example_dags/example_task_group_decorator.py
[2024-10-22T14:48:54.621+0000] {logging_mixin.py:188} INFO - [2024-10-22T14:48:54.621+0000] {dag.py:3089} INFO - Sync 1 DAGs
[2024-10-22T14:48:54.636+0000] {logging_mixin.py:188} INFO - [2024-10-22T14:48:54.636+0000] {dag.py:3947} INFO - Setting next_dagrun for example_task_group_decorator to 2024-10-21 00:00:00+00:00, run_after=2024-10-22 00:00:00+00:00
[2024-10-22T14:48:54.648+0000] {processor.py:183} INFO - Processing /home/airflow/.local/lib/python3.12/site-packages/airflow/example_dags/example_task_group_decorator.py took 0.057 seconds
[2024-10-22T14:49:24.905+0000] {processor.py:161} INFO - Started process (PID=3842) to work on /home/airflow/.local/lib/python3.12/site-packages/airflow/example_dags/example_task_group_decorator.py
[2024-10-22T14:49:24.906+0000] {processor.py:830} INFO - Processing file /home/airflow/.local/lib/python3.12/site-packages/airflow/example_dags/example_task_group_decorator.py for tasks to queue
[2024-10-22T14:49:24.908+0000] {logging_mixin.py:188} INFO - [2024-10-22T14:49:24.907+0000] {dagbag.py:545} INFO - Filling up the DagBag from /home/airflow/.local/lib/python3.12/site-packages/airflow/example_dags/example_task_group_decorator.py
[2024-10-22T14:49:24.917+0000] {processor.py:840} INFO - DAG(s) 'example_task_group_decorator' retrieved from /home/airflow/.local/lib/python3.12/site-packages/airflow/example_dags/example_task_group_decorator.py
[2024-10-22T14:49:24.934+0000] {logging_mixin.py:188} INFO - [2024-10-22T14:49:24.934+0000] {dag.py:3089} INFO - Sync 1 DAGs
[2024-10-22T14:49:24.949+0000] {logging_mixin.py:188} INFO - [2024-10-22T14:49:24.949+0000] {dag.py:3947} INFO - Setting next_dagrun for example_task_group_decorator to 2024-10-21 00:00:00+00:00, run_after=2024-10-22 00:00:00+00:00
[2024-10-22T14:49:24.962+0000] {processor.py:183} INFO - Processing /home/airflow/.local/lib/python3.12/site-packages/airflow/example_dags/example_task_group_decorator.py took 0.061 seconds
[2024-10-22T14:49:55.218+0000] {processor.py:161} INFO - Started process (PID=4109) to work on /home/airflow/.local/lib/python3.12/site-packages/airflow/example_dags/example_task_group_decorator.py
[2024-10-22T14:49:55.219+0000] {processor.py:830} INFO - Processing file /home/airflow/.local/lib/python3.12/site-packages/airflow/example_dags/example_task_group_decorator.py for tasks to queue
[2024-10-22T14:49:55.220+0000] {logging_mixin.py:188} INFO - [2024-10-22T14:49:55.220+0000] {dagbag.py:545} INFO - Filling up the DagBag from /home/airflow/.local/lib/python3.12/site-packages/airflow/example_dags/example_task_group_decorator.py
[2024-10-22T14:49:55.229+0000] {processor.py:840} INFO - DAG(s) 'example_task_group_decorator' retrieved from /home/airflow/.local/lib/python3.12/site-packages/airflow/example_dags/example_task_group_decorator.py
[2024-10-22T14:49:55.248+0000] {logging_mixin.py:188} INFO - [2024-10-22T14:49:55.248+0000] {dag.py:3089} INFO - Sync 1 DAGs
[2024-10-22T14:49:55.266+0000] {logging_mixin.py:188} INFO - [2024-10-22T14:49:55.266+0000] {dag.py:3947} INFO - Setting next_dagrun for example_task_group_decorator to 2024-10-21 00:00:00+00:00, run_after=2024-10-22 00:00:00+00:00
[2024-10-22T14:49:55.280+0000] {processor.py:183} INFO - Processing /home/airflow/.local/lib/python3.12/site-packages/airflow/example_dags/example_task_group_decorator.py took 0.066 seconds
[2024-10-22T14:50:25.613+0000] {processor.py:161} INFO - Started process (PID=4378) to work on /home/airflow/.local/lib/python3.12/site-packages/airflow/example_dags/example_task_group_decorator.py
[2024-10-22T14:50:25.614+0000] {processor.py:830} INFO - Processing file /home/airflow/.local/lib/python3.12/site-packages/airflow/example_dags/example_task_group_decorator.py for tasks to queue
[2024-10-22T14:50:25.615+0000] {logging_mixin.py:188} INFO - [2024-10-22T14:50:25.615+0000] {dagbag.py:545} INFO - Filling up the DagBag from /home/airflow/.local/lib/python3.12/site-packages/airflow/example_dags/example_task_group_decorator.py
[2024-10-22T14:50:25.625+0000] {processor.py:840} INFO - DAG(s) 'example_task_group_decorator' retrieved from /home/airflow/.local/lib/python3.12/site-packages/airflow/example_dags/example_task_group_decorator.py
[2024-10-22T14:50:25.642+0000] {logging_mixin.py:188} INFO - [2024-10-22T14:50:25.642+0000] {dag.py:3089} INFO - Sync 1 DAGs
[2024-10-22T14:50:25.659+0000] {logging_mixin.py:188} INFO - [2024-10-22T14:50:25.658+0000] {dag.py:3947} INFO - Setting next_dagrun for example_task_group_decorator to 2024-10-21 00:00:00+00:00, run_after=2024-10-22 00:00:00+00:00
[2024-10-22T14:50:25.674+0000] {processor.py:183} INFO - Processing /home/airflow/.local/lib/python3.12/site-packages/airflow/example_dags/example_task_group_decorator.py took 0.065 seconds
[2024-10-22T14:50:56.066+0000] {processor.py:161} INFO - Started process (PID=4643) to work on /home/airflow/.local/lib/python3.12/site-packages/airflow/example_dags/example_task_group_decorator.py
[2024-10-22T14:50:56.067+0000] {processor.py:830} INFO - Processing file /home/airflow/.local/lib/python3.12/site-packages/airflow/example_dags/example_task_group_decorator.py for tasks to queue
[2024-10-22T14:50:56.068+0000] {logging_mixin.py:188} INFO - [2024-10-22T14:50:56.068+0000] {dagbag.py:545} INFO - Filling up the DagBag from /home/airflow/.local/lib/python3.12/site-packages/airflow/example_dags/example_task_group_decorator.py
[2024-10-22T14:50:56.078+0000] {processor.py:840} INFO - DAG(s) 'example_task_group_decorator' retrieved from /home/airflow/.local/lib/python3.12/site-packages/airflow/example_dags/example_task_group_decorator.py
[2024-10-22T14:50:56.095+0000] {logging_mixin.py:188} INFO - [2024-10-22T14:50:56.095+0000] {dag.py:3089} INFO - Sync 1 DAGs
[2024-10-22T14:50:56.112+0000] {logging_mixin.py:188} INFO - [2024-10-22T14:50:56.112+0000] {dag.py:3947} INFO - Setting next_dagrun for example_task_group_decorator to 2024-10-21 00:00:00+00:00, run_after=2024-10-22 00:00:00+00:00
[2024-10-22T14:50:56.124+0000] {processor.py:183} INFO - Processing /home/airflow/.local/lib/python3.12/site-packages/airflow/example_dags/example_task_group_decorator.py took 0.062 seconds
[2024-10-22T14:51:26.338+0000] {processor.py:161} INFO - Started process (PID=4910) to work on /home/airflow/.local/lib/python3.12/site-packages/airflow/example_dags/example_task_group_decorator.py
[2024-10-22T14:51:26.339+0000] {processor.py:830} INFO - Processing file /home/airflow/.local/lib/python3.12/site-packages/airflow/example_dags/example_task_group_decorator.py for tasks to queue
[2024-10-22T14:51:26.340+0000] {logging_mixin.py:188} INFO - [2024-10-22T14:51:26.340+0000] {dagbag.py:545} INFO - Filling up the DagBag from /home/airflow/.local/lib/python3.12/site-packages/airflow/example_dags/example_task_group_decorator.py
[2024-10-22T14:51:26.350+0000] {processor.py:840} INFO - DAG(s) 'example_task_group_decorator' retrieved from /home/airflow/.local/lib/python3.12/site-packages/airflow/example_dags/example_task_group_decorator.py
[2024-10-22T14:51:26.369+0000] {logging_mixin.py:188} INFO - [2024-10-22T14:51:26.369+0000] {dag.py:3089} INFO - Sync 1 DAGs
[2024-10-22T14:51:26.385+0000] {logging_mixin.py:188} INFO - [2024-10-22T14:51:26.385+0000] {dag.py:3947} INFO - Setting next_dagrun for example_task_group_decorator to 2024-10-21 00:00:00+00:00, run_after=2024-10-22 00:00:00+00:00
[2024-10-22T14:51:26.399+0000] {processor.py:183} INFO - Processing /home/airflow/.local/lib/python3.12/site-packages/airflow/example_dags/example_task_group_decorator.py took 0.065 seconds
[2024-10-22T14:51:56.858+0000] {processor.py:161} INFO - Started process (PID=5179) to work on /home/airflow/.local/lib/python3.12/site-packages/airflow/example_dags/example_task_group_decorator.py
[2024-10-22T14:51:56.859+0000] {processor.py:830} INFO - Processing file /home/airflow/.local/lib/python3.12/site-packages/airflow/example_dags/example_task_group_decorator.py for tasks to queue
[2024-10-22T14:51:56.860+0000] {logging_mixin.py:188} INFO - [2024-10-22T14:51:56.860+0000] {dagbag.py:545} INFO - Filling up the DagBag from /home/airflow/.local/lib/python3.12/site-packages/airflow/example_dags/example_task_group_decorator.py
[2024-10-22T14:51:56.869+0000] {processor.py:840} INFO - DAG(s) 'example_task_group_decorator' retrieved from /home/airflow/.local/lib/python3.12/site-packages/airflow/example_dags/example_task_group_decorator.py
[2024-10-22T14:51:56.886+0000] {logging_mixin.py:188} INFO - [2024-10-22T14:51:56.886+0000] {dag.py:3089} INFO - Sync 1 DAGs
[2024-10-22T14:51:56.901+0000] {logging_mixin.py:188} INFO - [2024-10-22T14:51:56.901+0000] {dag.py:3947} INFO - Setting next_dagrun for example_task_group_decorator to 2024-10-21 00:00:00+00:00, run_after=2024-10-22 00:00:00+00:00
[2024-10-22T14:51:56.913+0000] {processor.py:183} INFO - Processing /home/airflow/.local/lib/python3.12/site-packages/airflow/example_dags/example_task_group_decorator.py took 0.059 seconds
[2024-10-22T14:52:27.176+0000] {processor.py:161} INFO - Started process (PID=5444) to work on /home/airflow/.local/lib/python3.12/site-packages/airflow/example_dags/example_task_group_decorator.py
[2024-10-22T14:52:27.177+0000] {processor.py:830} INFO - Processing file /home/airflow/.local/lib/python3.12/site-packages/airflow/example_dags/example_task_group_decorator.py for tasks to queue
[2024-10-22T14:52:27.178+0000] {logging_mixin.py:188} INFO - [2024-10-22T14:52:27.178+0000] {dagbag.py:545} INFO - Filling up the DagBag from /home/airflow/.local/lib/python3.12/site-packages/airflow/example_dags/example_task_group_decorator.py
[2024-10-22T14:52:27.188+0000] {processor.py:840} INFO - DAG(s) 'example_task_group_decorator' retrieved from /home/airflow/.local/lib/python3.12/site-packages/airflow/example_dags/example_task_group_decorator.py
[2024-10-22T14:52:27.207+0000] {logging_mixin.py:188} INFO - [2024-10-22T14:52:27.206+0000] {dag.py:3089} INFO - Sync 1 DAGs
[2024-10-22T14:52:27.224+0000] {logging_mixin.py:188} INFO - [2024-10-22T14:52:27.224+0000] {dag.py:3947} INFO - Setting next_dagrun for example_task_group_decorator to 2024-10-21 00:00:00+00:00, run_after=2024-10-22 00:00:00+00:00
[2024-10-22T14:52:27.237+0000] {processor.py:183} INFO - Processing /home/airflow/.local/lib/python3.12/site-packages/airflow/example_dags/example_task_group_decorator.py took 0.064 seconds
[2024-10-22T14:52:57.598+0000] {processor.py:161} INFO - Started process (PID=5716) to work on /home/airflow/.local/lib/python3.12/site-packages/airflow/example_dags/example_task_group_decorator.py
[2024-10-22T14:52:57.599+0000] {processor.py:830} INFO - Processing file /home/airflow/.local/lib/python3.12/site-packages/airflow/example_dags/example_task_group_decorator.py for tasks to queue
[2024-10-22T14:52:57.600+0000] {logging_mixin.py:188} INFO - [2024-10-22T14:52:57.600+0000] {dagbag.py:545} INFO - Filling up the DagBag from /home/airflow/.local/lib/python3.12/site-packages/airflow/example_dags/example_task_group_decorator.py
[2024-10-22T14:52:57.610+0000] {processor.py:840} INFO - DAG(s) 'example_task_group_decorator' retrieved from /home/airflow/.local/lib/python3.12/site-packages/airflow/example_dags/example_task_group_decorator.py
[2024-10-22T14:52:57.629+0000] {logging_mixin.py:188} INFO - [2024-10-22T14:52:57.629+0000] {dag.py:3089} INFO - Sync 1 DAGs
[2024-10-22T14:52:57.647+0000] {logging_mixin.py:188} INFO - [2024-10-22T14:52:57.647+0000] {dag.py:3947} INFO - Setting next_dagrun for example_task_group_decorator to 2024-10-21 00:00:00+00:00, run_after=2024-10-22 00:00:00+00:00
[2024-10-22T14:52:57.659+0000] {processor.py:183} INFO - Processing /home/airflow/.local/lib/python3.12/site-packages/airflow/example_dags/example_task_group_decorator.py took 0.065 seconds
[2024-10-22T14:53:27.912+0000] {processor.py:161} INFO - Started process (PID=5983) to work on /home/airflow/.local/lib/python3.12/site-packages/airflow/example_dags/example_task_group_decorator.py
[2024-10-22T14:53:27.913+0000] {processor.py:830} INFO - Processing file /home/airflow/.local/lib/python3.12/site-packages/airflow/example_dags/example_task_group_decorator.py for tasks to queue
[2024-10-22T14:53:27.914+0000] {logging_mixin.py:188} INFO - [2024-10-22T14:53:27.914+0000] {dagbag.py:545} INFO - Filling up the DagBag from /home/airflow/.local/lib/python3.12/site-packages/airflow/example_dags/example_task_group_decorator.py
[2024-10-22T14:53:27.923+0000] {processor.py:840} INFO - DAG(s) 'example_task_group_decorator' retrieved from /home/airflow/.local/lib/python3.12/site-packages/airflow/example_dags/example_task_group_decorator.py
[2024-10-22T14:53:27.939+0000] {logging_mixin.py:188} INFO - [2024-10-22T14:53:27.939+0000] {dag.py:3089} INFO - Sync 1 DAGs
[2024-10-22T14:53:27.954+0000] {logging_mixin.py:188} INFO - [2024-10-22T14:53:27.954+0000] {dag.py:3947} INFO - Setting next_dagrun for example_task_group_decorator to 2024-10-21 00:00:00+00:00, run_after=2024-10-22 00:00:00+00:00
[2024-10-22T14:53:27.966+0000] {processor.py:183} INFO - Processing /home/airflow/.local/lib/python3.12/site-packages/airflow/example_dags/example_task_group_decorator.py took 0.058 seconds
[2024-10-22T14:53:58.359+0000] {processor.py:161} INFO - Started process (PID=6248) to work on /home/airflow/.local/lib/python3.12/site-packages/airflow/example_dags/example_task_group_decorator.py
[2024-10-22T14:53:58.360+0000] {processor.py:830} INFO - Processing file /home/airflow/.local/lib/python3.12/site-packages/airflow/example_dags/example_task_group_decorator.py for tasks to queue
[2024-10-22T14:53:58.361+0000] {logging_mixin.py:188} INFO - [2024-10-22T14:53:58.361+0000] {dagbag.py:545} INFO - Filling up the DagBag from /home/airflow/.local/lib/python3.12/site-packages/airflow/example_dags/example_task_group_decorator.py
[2024-10-22T14:53:58.371+0000] {processor.py:840} INFO - DAG(s) 'example_task_group_decorator' retrieved from /home/airflow/.local/lib/python3.12/site-packages/airflow/example_dags/example_task_group_decorator.py
[2024-10-22T14:53:58.388+0000] {logging_mixin.py:188} INFO - [2024-10-22T14:53:58.388+0000] {dag.py:3089} INFO - Sync 1 DAGs
[2024-10-22T14:53:58.402+0000] {logging_mixin.py:188} INFO - [2024-10-22T14:53:58.402+0000] {dag.py:3947} INFO - Setting next_dagrun for example_task_group_decorator to 2024-10-21 00:00:00+00:00, run_after=2024-10-22 00:00:00+00:00
[2024-10-22T14:53:58.415+0000] {processor.py:183} INFO - Processing /home/airflow/.local/lib/python3.12/site-packages/airflow/example_dags/example_task_group_decorator.py took 0.060 seconds
[2024-10-22T14:54:28.666+0000] {processor.py:161} INFO - Started process (PID=6515) to work on /home/airflow/.local/lib/python3.12/site-packages/airflow/example_dags/example_task_group_decorator.py
[2024-10-22T14:54:28.667+0000] {processor.py:830} INFO - Processing file /home/airflow/.local/lib/python3.12/site-packages/airflow/example_dags/example_task_group_decorator.py for tasks to queue
[2024-10-22T14:54:28.669+0000] {logging_mixin.py:188} INFO - [2024-10-22T14:54:28.669+0000] {dagbag.py:545} INFO - Filling up the DagBag from /home/airflow/.local/lib/python3.12/site-packages/airflow/example_dags/example_task_group_decorator.py
[2024-10-22T14:54:28.681+0000] {processor.py:840} INFO - DAG(s) 'example_task_group_decorator' retrieved from /home/airflow/.local/lib/python3.12/site-packages/airflow/example_dags/example_task_group_decorator.py
[2024-10-22T14:54:28.701+0000] {logging_mixin.py:188} INFO - [2024-10-22T14:54:28.701+0000] {dag.py:3089} INFO - Sync 1 DAGs
[2024-10-22T14:54:28.719+0000] {logging_mixin.py:188} INFO - [2024-10-22T14:54:28.719+0000] {dag.py:3947} INFO - Setting next_dagrun for example_task_group_decorator to 2024-10-21 00:00:00+00:00, run_after=2024-10-22 00:00:00+00:00
[2024-10-22T14:54:28.732+0000] {processor.py:183} INFO - Processing /home/airflow/.local/lib/python3.12/site-packages/airflow/example_dags/example_task_group_decorator.py took 0.069 seconds
[2024-10-22T14:54:59.571+0000] {processor.py:161} INFO - Started process (PID=6787) to work on /home/airflow/.local/lib/python3.12/site-packages/airflow/example_dags/example_task_group_decorator.py
[2024-10-22T14:54:59.571+0000] {processor.py:830} INFO - Processing file /home/airflow/.local/lib/python3.12/site-packages/airflow/example_dags/example_task_group_decorator.py for tasks to queue
[2024-10-22T14:54:59.573+0000] {logging_mixin.py:188} INFO - [2024-10-22T14:54:59.572+0000] {dagbag.py:545} INFO - Filling up the DagBag from /home/airflow/.local/lib/python3.12/site-packages/airflow/example_dags/example_task_group_decorator.py
[2024-10-22T14:54:59.583+0000] {processor.py:840} INFO - DAG(s) 'example_task_group_decorator' retrieved from /home/airflow/.local/lib/python3.12/site-packages/airflow/example_dags/example_task_group_decorator.py
[2024-10-22T14:54:59.603+0000] {logging_mixin.py:188} INFO - [2024-10-22T14:54:59.602+0000] {dag.py:3089} INFO - Sync 1 DAGs
[2024-10-22T14:54:59.619+0000] {logging_mixin.py:188} INFO - [2024-10-22T14:54:59.619+0000] {dag.py:3947} INFO - Setting next_dagrun for example_task_group_decorator to 2024-10-21 00:00:00+00:00, run_after=2024-10-22 00:00:00+00:00
[2024-10-22T14:54:59.631+0000] {processor.py:183} INFO - Processing /home/airflow/.local/lib/python3.12/site-packages/airflow/example_dags/example_task_group_decorator.py took 0.064 seconds
[2024-10-22T14:55:30.197+0000] {processor.py:161} INFO - Started process (PID=7052) to work on /home/airflow/.local/lib/python3.12/site-packages/airflow/example_dags/example_task_group_decorator.py
[2024-10-22T14:55:30.198+0000] {processor.py:830} INFO - Processing file /home/airflow/.local/lib/python3.12/site-packages/airflow/example_dags/example_task_group_decorator.py for tasks to queue
[2024-10-22T14:55:30.200+0000] {logging_mixin.py:188} INFO - [2024-10-22T14:55:30.199+0000] {dagbag.py:545} INFO - Filling up the DagBag from /home/airflow/.local/lib/python3.12/site-packages/airflow/example_dags/example_task_group_decorator.py
[2024-10-22T14:55:30.210+0000] {processor.py:840} INFO - DAG(s) 'example_task_group_decorator' retrieved from /home/airflow/.local/lib/python3.12/site-packages/airflow/example_dags/example_task_group_decorator.py
[2024-10-22T14:55:30.228+0000] {logging_mixin.py:188} INFO - [2024-10-22T14:55:30.228+0000] {dag.py:3089} INFO - Sync 1 DAGs
[2024-10-22T14:55:30.244+0000] {logging_mixin.py:188} INFO - [2024-10-22T14:55:30.244+0000] {dag.py:3947} INFO - Setting next_dagrun for example_task_group_decorator to 2024-10-21 00:00:00+00:00, run_after=2024-10-22 00:00:00+00:00
[2024-10-22T14:55:30.257+0000] {processor.py:183} INFO - Processing /home/airflow/.local/lib/python3.12/site-packages/airflow/example_dags/example_task_group_decorator.py took 0.064 seconds
[2024-10-22T14:56:00.920+0000] {processor.py:161} INFO - Started process (PID=7321) to work on /home/airflow/.local/lib/python3.12/site-packages/airflow/example_dags/example_task_group_decorator.py
[2024-10-22T14:56:00.921+0000] {processor.py:830} INFO - Processing file /home/airflow/.local/lib/python3.12/site-packages/airflow/example_dags/example_task_group_decorator.py for tasks to queue
[2024-10-22T14:56:00.923+0000] {logging_mixin.py:188} INFO - [2024-10-22T14:56:00.922+0000] {dagbag.py:545} INFO - Filling up the DagBag from /home/airflow/.local/lib/python3.12/site-packages/airflow/example_dags/example_task_group_decorator.py
[2024-10-22T14:56:00.934+0000] {processor.py:840} INFO - DAG(s) 'example_task_group_decorator' retrieved from /home/airflow/.local/lib/python3.12/site-packages/airflow/example_dags/example_task_group_decorator.py
[2024-10-22T14:56:00.952+0000] {logging_mixin.py:188} INFO - [2024-10-22T14:56:00.952+0000] {dag.py:3089} INFO - Sync 1 DAGs
[2024-10-22T14:56:01.065+0000] {logging_mixin.py:188} INFO - [2024-10-22T14:56:01.064+0000] {dag.py:3947} INFO - Setting next_dagrun for example_task_group_decorator to 2024-10-21 00:00:00+00:00, run_after=2024-10-22 00:00:00+00:00
[2024-10-22T14:56:01.077+0000] {processor.py:183} INFO - Processing /home/airflow/.local/lib/python3.12/site-packages/airflow/example_dags/example_task_group_decorator.py took 0.161 seconds
[2024-10-22T14:56:31.367+0000] {processor.py:161} INFO - Started process (PID=7588) to work on /home/airflow/.local/lib/python3.12/site-packages/airflow/example_dags/example_task_group_decorator.py
[2024-10-22T14:56:31.368+0000] {processor.py:830} INFO - Processing file /home/airflow/.local/lib/python3.12/site-packages/airflow/example_dags/example_task_group_decorator.py for tasks to queue
[2024-10-22T14:56:31.369+0000] {logging_mixin.py:188} INFO - [2024-10-22T14:56:31.369+0000] {dagbag.py:545} INFO - Filling up the DagBag from /home/airflow/.local/lib/python3.12/site-packages/airflow/example_dags/example_task_group_decorator.py
[2024-10-22T14:56:31.378+0000] {processor.py:840} INFO - DAG(s) 'example_task_group_decorator' retrieved from /home/airflow/.local/lib/python3.12/site-packages/airflow/example_dags/example_task_group_decorator.py
[2024-10-22T14:56:31.395+0000] {logging_mixin.py:188} INFO - [2024-10-22T14:56:31.394+0000] {dag.py:3089} INFO - Sync 1 DAGs
[2024-10-22T14:56:31.411+0000] {logging_mixin.py:188} INFO - [2024-10-22T14:56:31.411+0000] {dag.py:3947} INFO - Setting next_dagrun for example_task_group_decorator to 2024-10-21 00:00:00+00:00, run_after=2024-10-22 00:00:00+00:00
[2024-10-22T14:56:31.423+0000] {processor.py:183} INFO - Processing /home/airflow/.local/lib/python3.12/site-packages/airflow/example_dags/example_task_group_decorator.py took 0.060 seconds
[2024-10-22T14:57:01.561+0000] {processor.py:161} INFO - Started process (PID=7855) to work on /home/airflow/.local/lib/python3.12/site-packages/airflow/example_dags/example_task_group_decorator.py
[2024-10-22T14:57:01.561+0000] {processor.py:830} INFO - Processing file /home/airflow/.local/lib/python3.12/site-packages/airflow/example_dags/example_task_group_decorator.py for tasks to queue
[2024-10-22T14:57:01.563+0000] {logging_mixin.py:188} INFO - [2024-10-22T14:57:01.562+0000] {dagbag.py:545} INFO - Filling up the DagBag from /home/airflow/.local/lib/python3.12/site-packages/airflow/example_dags/example_task_group_decorator.py
[2024-10-22T14:57:01.572+0000] {processor.py:840} INFO - DAG(s) 'example_task_group_decorator' retrieved from /home/airflow/.local/lib/python3.12/site-packages/airflow/example_dags/example_task_group_decorator.py
[2024-10-22T14:57:01.589+0000] {logging_mixin.py:188} INFO - [2024-10-22T14:57:01.588+0000] {dag.py:3089} INFO - Sync 1 DAGs
[2024-10-22T14:57:01.603+0000] {logging_mixin.py:188} INFO - [2024-10-22T14:57:01.603+0000] {dag.py:3947} INFO - Setting next_dagrun for example_task_group_decorator to 2024-10-21 00:00:00+00:00, run_after=2024-10-22 00:00:00+00:00
[2024-10-22T14:57:01.615+0000] {processor.py:183} INFO - Processing /home/airflow/.local/lib/python3.12/site-packages/airflow/example_dags/example_task_group_decorator.py took 0.059 seconds
[2024-10-22T14:57:32.546+0000] {processor.py:161} INFO - Started process (PID=8120) to work on /home/airflow/.local/lib/python3.12/site-packages/airflow/example_dags/example_task_group_decorator.py
[2024-10-22T14:57:32.547+0000] {processor.py:830} INFO - Processing file /home/airflow/.local/lib/python3.12/site-packages/airflow/example_dags/example_task_group_decorator.py for tasks to queue
[2024-10-22T14:57:32.548+0000] {logging_mixin.py:188} INFO - [2024-10-22T14:57:32.548+0000] {dagbag.py:545} INFO - Filling up the DagBag from /home/airflow/.local/lib/python3.12/site-packages/airflow/example_dags/example_task_group_decorator.py
[2024-10-22T14:57:32.558+0000] {processor.py:840} INFO - DAG(s) 'example_task_group_decorator' retrieved from /home/airflow/.local/lib/python3.12/site-packages/airflow/example_dags/example_task_group_decorator.py
[2024-10-22T14:57:32.575+0000] {logging_mixin.py:188} INFO - [2024-10-22T14:57:32.575+0000] {dag.py:3089} INFO - Sync 1 DAGs
[2024-10-22T14:57:32.590+0000] {logging_mixin.py:188} INFO - [2024-10-22T14:57:32.590+0000] {dag.py:3947} INFO - Setting next_dagrun for example_task_group_decorator to 2024-10-21 00:00:00+00:00, run_after=2024-10-22 00:00:00+00:00
[2024-10-22T14:57:32.602+0000] {processor.py:183} INFO - Processing /home/airflow/.local/lib/python3.12/site-packages/airflow/example_dags/example_task_group_decorator.py took 0.059 seconds
