[2024-10-22T14:00:14.472+0000] {processor.py:161} INFO - Started process (PID=305) to work on /home/airflow/.local/lib/python3.12/site-packages/airflow/example_dags/example_branch_operator.py
[2024-10-22T14:00:14.473+0000] {processor.py:830} INFO - Processing file /home/airflow/.local/lib/python3.12/site-packages/airflow/example_dags/example_branch_operator.py for tasks to queue
[2024-10-22T14:00:14.474+0000] {logging_mixin.py:188} INFO - [2024-10-22T14:00:14.474+0000] {dagbag.py:545} INFO - Filling up the DagBag from /home/airflow/.local/lib/python3.12/site-packages/airflow/example_dags/example_branch_operator.py
[2024-10-22T14:00:14.492+0000] {processor.py:840} INFO - DAG(s) 'example_branch_operator' retrieved from /home/airflow/.local/lib/python3.12/site-packages/airflow/example_dags/example_branch_operator.py
[2024-10-22T14:00:14.582+0000] {logging_mixin.py:188} INFO - [2024-10-22T14:00:14.582+0000] {override.py:1858} INFO - Created Permission View: can delete on DAG:example_branch_operator
[2024-10-22T14:00:14.590+0000] {logging_mixin.py:188} INFO - [2024-10-22T14:00:14.590+0000] {override.py:1858} INFO - Created Permission View: can edit on DAG:example_branch_operator
[2024-10-22T14:00:14.595+0000] {logging_mixin.py:188} INFO - [2024-10-22T14:00:14.595+0000] {override.py:1858} INFO - Created Permission View: can read on DAG:example_branch_operator
[2024-10-22T14:00:14.596+0000] {logging_mixin.py:188} INFO - [2024-10-22T14:00:14.596+0000] {dag.py:3089} INFO - Sync 1 DAGs
[2024-10-22T14:00:14.606+0000] {logging_mixin.py:188} INFO - [2024-10-22T14:00:14.605+0000] {dag.py:3111} INFO - Creating ORM DAG for example_branch_operator
[2024-10-22T14:00:14.614+0000] {logging_mixin.py:188} INFO - [2024-10-22T14:00:14.614+0000] {dag.py:3947} INFO - Setting next_dagrun for example_branch_operator to 2024-10-21 00:00:00+00:00, run_after=2024-10-22 00:00:00+00:00
[2024-10-22T14:00:14.628+0000] {processor.py:183} INFO - Processing /home/airflow/.local/lib/python3.12/site-packages/airflow/example_dags/example_branch_operator.py took 0.160 seconds
[2024-10-22T14:00:45.187+0000] {processor.py:161} INFO - Started process (PID=572) to work on /home/airflow/.local/lib/python3.12/site-packages/airflow/example_dags/example_branch_operator.py
[2024-10-22T14:00:45.188+0000] {processor.py:830} INFO - Processing file /home/airflow/.local/lib/python3.12/site-packages/airflow/example_dags/example_branch_operator.py for tasks to queue
[2024-10-22T14:00:45.189+0000] {logging_mixin.py:188} INFO - [2024-10-22T14:00:45.189+0000] {dagbag.py:545} INFO - Filling up the DagBag from /home/airflow/.local/lib/python3.12/site-packages/airflow/example_dags/example_branch_operator.py
[2024-10-22T14:00:45.201+0000] {processor.py:840} INFO - DAG(s) 'example_branch_operator' retrieved from /home/airflow/.local/lib/python3.12/site-packages/airflow/example_dags/example_branch_operator.py
[2024-10-22T14:00:45.221+0000] {logging_mixin.py:188} INFO - [2024-10-22T14:00:45.221+0000] {dag.py:3089} INFO - Sync 1 DAGs
[2024-10-22T14:00:45.237+0000] {logging_mixin.py:188} INFO - [2024-10-22T14:00:45.237+0000] {dag.py:3947} INFO - Setting next_dagrun for example_branch_operator to 2024-10-21 00:00:00+00:00, run_after=2024-10-22 00:00:00+00:00
[2024-10-22T14:00:45.249+0000] {processor.py:183} INFO - Processing /home/airflow/.local/lib/python3.12/site-packages/airflow/example_dags/example_branch_operator.py took 0.067 seconds
[2024-10-22T14:01:15.597+0000] {processor.py:161} INFO - Started process (PID=841) to work on /home/airflow/.local/lib/python3.12/site-packages/airflow/example_dags/example_branch_operator.py
[2024-10-22T14:01:15.598+0000] {processor.py:830} INFO - Processing file /home/airflow/.local/lib/python3.12/site-packages/airflow/example_dags/example_branch_operator.py for tasks to queue
[2024-10-22T14:01:15.599+0000] {logging_mixin.py:188} INFO - [2024-10-22T14:01:15.599+0000] {dagbag.py:545} INFO - Filling up the DagBag from /home/airflow/.local/lib/python3.12/site-packages/airflow/example_dags/example_branch_operator.py
[2024-10-22T14:01:15.610+0000] {processor.py:840} INFO - DAG(s) 'example_branch_operator' retrieved from /home/airflow/.local/lib/python3.12/site-packages/airflow/example_dags/example_branch_operator.py
[2024-10-22T14:01:15.628+0000] {logging_mixin.py:188} INFO - [2024-10-22T14:01:15.628+0000] {dag.py:3089} INFO - Sync 1 DAGs
[2024-10-22T14:01:15.643+0000] {logging_mixin.py:188} INFO - [2024-10-22T14:01:15.642+0000] {dag.py:3947} INFO - Setting next_dagrun for example_branch_operator to 2024-10-21 00:00:00+00:00, run_after=2024-10-22 00:00:00+00:00
[2024-10-22T14:01:15.656+0000] {processor.py:183} INFO - Processing /home/airflow/.local/lib/python3.12/site-packages/airflow/example_dags/example_branch_operator.py took 0.063 seconds
[2024-10-22T14:01:45.907+0000] {processor.py:161} INFO - Started process (PID=1106) to work on /home/airflow/.local/lib/python3.12/site-packages/airflow/example_dags/example_branch_operator.py
[2024-10-22T14:01:45.908+0000] {processor.py:830} INFO - Processing file /home/airflow/.local/lib/python3.12/site-packages/airflow/example_dags/example_branch_operator.py for tasks to queue
[2024-10-22T14:01:45.909+0000] {logging_mixin.py:188} INFO - [2024-10-22T14:01:45.909+0000] {dagbag.py:545} INFO - Filling up the DagBag from /home/airflow/.local/lib/python3.12/site-packages/airflow/example_dags/example_branch_operator.py
[2024-10-22T14:01:45.920+0000] {processor.py:840} INFO - DAG(s) 'example_branch_operator' retrieved from /home/airflow/.local/lib/python3.12/site-packages/airflow/example_dags/example_branch_operator.py
[2024-10-22T14:01:45.940+0000] {logging_mixin.py:188} INFO - [2024-10-22T14:01:45.940+0000] {dag.py:3089} INFO - Sync 1 DAGs
[2024-10-22T14:01:45.955+0000] {logging_mixin.py:188} INFO - [2024-10-22T14:01:45.955+0000] {dag.py:3947} INFO - Setting next_dagrun for example_branch_operator to 2024-10-21 00:00:00+00:00, run_after=2024-10-22 00:00:00+00:00
[2024-10-22T14:01:45.968+0000] {processor.py:183} INFO - Processing /home/airflow/.local/lib/python3.12/site-packages/airflow/example_dags/example_branch_operator.py took 0.065 seconds
[2024-10-22T14:02:16.190+0000] {processor.py:161} INFO - Started process (PID=1373) to work on /home/airflow/.local/lib/python3.12/site-packages/airflow/example_dags/example_branch_operator.py
[2024-10-22T14:02:16.190+0000] {processor.py:830} INFO - Processing file /home/airflow/.local/lib/python3.12/site-packages/airflow/example_dags/example_branch_operator.py for tasks to queue
[2024-10-22T14:02:16.192+0000] {logging_mixin.py:188} INFO - [2024-10-22T14:02:16.191+0000] {dagbag.py:545} INFO - Filling up the DagBag from /home/airflow/.local/lib/python3.12/site-packages/airflow/example_dags/example_branch_operator.py
[2024-10-22T14:02:16.203+0000] {processor.py:840} INFO - DAG(s) 'example_branch_operator' retrieved from /home/airflow/.local/lib/python3.12/site-packages/airflow/example_dags/example_branch_operator.py
[2024-10-22T14:02:16.222+0000] {logging_mixin.py:188} INFO - [2024-10-22T14:02:16.222+0000] {dag.py:3089} INFO - Sync 1 DAGs
[2024-10-22T14:02:16.237+0000] {logging_mixin.py:188} INFO - [2024-10-22T14:02:16.237+0000] {dag.py:3947} INFO - Setting next_dagrun for example_branch_operator to 2024-10-21 00:00:00+00:00, run_after=2024-10-22 00:00:00+00:00
[2024-10-22T14:02:16.250+0000] {processor.py:183} INFO - Processing /home/airflow/.local/lib/python3.12/site-packages/airflow/example_dags/example_branch_operator.py took 0.064 seconds
[2024-10-22T14:02:46.538+0000] {processor.py:161} INFO - Started process (PID=1642) to work on /home/airflow/.local/lib/python3.12/site-packages/airflow/example_dags/example_branch_operator.py
[2024-10-22T14:02:46.538+0000] {processor.py:830} INFO - Processing file /home/airflow/.local/lib/python3.12/site-packages/airflow/example_dags/example_branch_operator.py for tasks to queue
[2024-10-22T14:02:46.540+0000] {logging_mixin.py:188} INFO - [2024-10-22T14:02:46.540+0000] {dagbag.py:545} INFO - Filling up the DagBag from /home/airflow/.local/lib/python3.12/site-packages/airflow/example_dags/example_branch_operator.py
[2024-10-22T14:02:46.552+0000] {processor.py:840} INFO - DAG(s) 'example_branch_operator' retrieved from /home/airflow/.local/lib/python3.12/site-packages/airflow/example_dags/example_branch_operator.py
[2024-10-22T14:02:46.573+0000] {logging_mixin.py:188} INFO - [2024-10-22T14:02:46.573+0000] {dag.py:3089} INFO - Sync 1 DAGs
[2024-10-22T14:02:46.590+0000] {logging_mixin.py:188} INFO - [2024-10-22T14:02:46.589+0000] {dag.py:3947} INFO - Setting next_dagrun for example_branch_operator to 2024-10-21 00:00:00+00:00, run_after=2024-10-22 00:00:00+00:00
[2024-10-22T14:02:46.604+0000] {processor.py:183} INFO - Processing /home/airflow/.local/lib/python3.12/site-packages/airflow/example_dags/example_branch_operator.py took 0.071 seconds
[2024-10-22T14:03:16.805+0000] {processor.py:161} INFO - Started process (PID=1909) to work on /home/airflow/.local/lib/python3.12/site-packages/airflow/example_dags/example_branch_operator.py
[2024-10-22T14:03:16.806+0000] {processor.py:830} INFO - Processing file /home/airflow/.local/lib/python3.12/site-packages/airflow/example_dags/example_branch_operator.py for tasks to queue
[2024-10-22T14:03:16.807+0000] {logging_mixin.py:188} INFO - [2024-10-22T14:03:16.807+0000] {dagbag.py:545} INFO - Filling up the DagBag from /home/airflow/.local/lib/python3.12/site-packages/airflow/example_dags/example_branch_operator.py
[2024-10-22T14:03:16.818+0000] {processor.py:840} INFO - DAG(s) 'example_branch_operator' retrieved from /home/airflow/.local/lib/python3.12/site-packages/airflow/example_dags/example_branch_operator.py
[2024-10-22T14:03:16.837+0000] {logging_mixin.py:188} INFO - [2024-10-22T14:03:16.837+0000] {dag.py:3089} INFO - Sync 1 DAGs
[2024-10-22T14:03:16.851+0000] {logging_mixin.py:188} INFO - [2024-10-22T14:03:16.851+0000] {dag.py:3947} INFO - Setting next_dagrun for example_branch_operator to 2024-10-21 00:00:00+00:00, run_after=2024-10-22 00:00:00+00:00
[2024-10-22T14:03:16.865+0000] {processor.py:183} INFO - Processing /home/airflow/.local/lib/python3.12/site-packages/airflow/example_dags/example_branch_operator.py took 0.063 seconds
[2024-10-22T14:03:47.125+0000] {processor.py:161} INFO - Started process (PID=2174) to work on /home/airflow/.local/lib/python3.12/site-packages/airflow/example_dags/example_branch_operator.py
[2024-10-22T14:03:47.127+0000] {processor.py:830} INFO - Processing file /home/airflow/.local/lib/python3.12/site-packages/airflow/example_dags/example_branch_operator.py for tasks to queue
[2024-10-22T14:03:47.128+0000] {logging_mixin.py:188} INFO - [2024-10-22T14:03:47.128+0000] {dagbag.py:545} INFO - Filling up the DagBag from /home/airflow/.local/lib/python3.12/site-packages/airflow/example_dags/example_branch_operator.py
[2024-10-22T14:03:47.141+0000] {processor.py:840} INFO - DAG(s) 'example_branch_operator' retrieved from /home/airflow/.local/lib/python3.12/site-packages/airflow/example_dags/example_branch_operator.py
[2024-10-22T14:03:47.161+0000] {logging_mixin.py:188} INFO - [2024-10-22T14:03:47.161+0000] {dag.py:3089} INFO - Sync 1 DAGs
[2024-10-22T14:03:47.177+0000] {logging_mixin.py:188} INFO - [2024-10-22T14:03:47.177+0000] {dag.py:3947} INFO - Setting next_dagrun for example_branch_operator to 2024-10-21 00:00:00+00:00, run_after=2024-10-22 00:00:00+00:00
[2024-10-22T14:03:47.190+0000] {processor.py:183} INFO - Processing /home/airflow/.local/lib/python3.12/site-packages/airflow/example_dags/example_branch_operator.py took 0.069 seconds
[2024-10-22T14:34:25.748+0000] {processor.py:161} INFO - Started process (PID=305) to work on /home/airflow/.local/lib/python3.12/site-packages/airflow/example_dags/example_branch_operator.py
[2024-10-22T14:34:25.749+0000] {processor.py:830} INFO - Processing file /home/airflow/.local/lib/python3.12/site-packages/airflow/example_dags/example_branch_operator.py for tasks to queue
[2024-10-22T14:34:25.751+0000] {logging_mixin.py:188} INFO - [2024-10-22T14:34:25.750+0000] {dagbag.py:545} INFO - Filling up the DagBag from /home/airflow/.local/lib/python3.12/site-packages/airflow/example_dags/example_branch_operator.py
[2024-10-22T14:34:25.764+0000] {processor.py:840} INFO - DAG(s) 'example_branch_operator' retrieved from /home/airflow/.local/lib/python3.12/site-packages/airflow/example_dags/example_branch_operator.py
[2024-10-22T14:34:25.772+0000] {logging_mixin.py:188} INFO - [2024-10-22T14:34:25.772+0000] {dag.py:3089} INFO - Sync 1 DAGs
[2024-10-22T14:34:25.790+0000] {logging_mixin.py:188} INFO - [2024-10-22T14:34:25.789+0000] {dag.py:3947} INFO - Setting next_dagrun for example_branch_operator to 2024-10-21 00:00:00+00:00, run_after=2024-10-22 00:00:00+00:00
[2024-10-22T14:34:25.804+0000] {processor.py:183} INFO - Processing /home/airflow/.local/lib/python3.12/site-packages/airflow/example_dags/example_branch_operator.py took 0.062 seconds
[2024-10-22T14:34:57.353+0000] {processor.py:161} INFO - Started process (PID=574) to work on /home/airflow/.local/lib/python3.12/site-packages/airflow/example_dags/example_branch_operator.py
[2024-10-22T14:34:57.354+0000] {processor.py:830} INFO - Processing file /home/airflow/.local/lib/python3.12/site-packages/airflow/example_dags/example_branch_operator.py for tasks to queue
[2024-10-22T14:34:57.356+0000] {logging_mixin.py:188} INFO - [2024-10-22T14:34:57.355+0000] {dagbag.py:545} INFO - Filling up the DagBag from /home/airflow/.local/lib/python3.12/site-packages/airflow/example_dags/example_branch_operator.py
[2024-10-22T14:34:57.367+0000] {processor.py:840} INFO - DAG(s) 'example_branch_operator' retrieved from /home/airflow/.local/lib/python3.12/site-packages/airflow/example_dags/example_branch_operator.py
[2024-10-22T14:34:57.441+0000] {logging_mixin.py:188} INFO - [2024-10-22T14:34:57.441+0000] {dag.py:3089} INFO - Sync 1 DAGs
[2024-10-22T14:34:57.455+0000] {logging_mixin.py:188} INFO - [2024-10-22T14:34:57.455+0000] {dag.py:3947} INFO - Setting next_dagrun for example_branch_operator to 2024-10-21 00:00:00+00:00, run_after=2024-10-22 00:00:00+00:00
[2024-10-22T14:34:57.468+0000] {processor.py:183} INFO - Processing /home/airflow/.local/lib/python3.12/site-packages/airflow/example_dags/example_branch_operator.py took 0.119 seconds
[2024-10-22T14:35:28.281+0000] {processor.py:161} INFO - Started process (PID=839) to work on /home/airflow/.local/lib/python3.12/site-packages/airflow/example_dags/example_branch_operator.py
[2024-10-22T14:35:28.281+0000] {processor.py:830} INFO - Processing file /home/airflow/.local/lib/python3.12/site-packages/airflow/example_dags/example_branch_operator.py for tasks to queue
[2024-10-22T14:35:28.283+0000] {logging_mixin.py:188} INFO - [2024-10-22T14:35:28.282+0000] {dagbag.py:545} INFO - Filling up the DagBag from /home/airflow/.local/lib/python3.12/site-packages/airflow/example_dags/example_branch_operator.py
[2024-10-22T14:35:28.293+0000] {processor.py:840} INFO - DAG(s) 'example_branch_operator' retrieved from /home/airflow/.local/lib/python3.12/site-packages/airflow/example_dags/example_branch_operator.py
[2024-10-22T14:35:28.313+0000] {logging_mixin.py:188} INFO - [2024-10-22T14:35:28.312+0000] {dag.py:3089} INFO - Sync 1 DAGs
[2024-10-22T14:35:28.328+0000] {logging_mixin.py:188} INFO - [2024-10-22T14:35:28.328+0000] {dag.py:3947} INFO - Setting next_dagrun for example_branch_operator to 2024-10-21 00:00:00+00:00, run_after=2024-10-22 00:00:00+00:00
[2024-10-22T14:35:28.345+0000] {processor.py:183} INFO - Processing /home/airflow/.local/lib/python3.12/site-packages/airflow/example_dags/example_branch_operator.py took 0.068 seconds
[2024-10-22T14:35:58.468+0000] {processor.py:161} INFO - Started process (PID=1106) to work on /home/airflow/.local/lib/python3.12/site-packages/airflow/example_dags/example_branch_operator.py
[2024-10-22T14:35:58.469+0000] {processor.py:830} INFO - Processing file /home/airflow/.local/lib/python3.12/site-packages/airflow/example_dags/example_branch_operator.py for tasks to queue
[2024-10-22T14:35:58.470+0000] {logging_mixin.py:188} INFO - [2024-10-22T14:35:58.470+0000] {dagbag.py:545} INFO - Filling up the DagBag from /home/airflow/.local/lib/python3.12/site-packages/airflow/example_dags/example_branch_operator.py
[2024-10-22T14:35:58.481+0000] {processor.py:840} INFO - DAG(s) 'example_branch_operator' retrieved from /home/airflow/.local/lib/python3.12/site-packages/airflow/example_dags/example_branch_operator.py
[2024-10-22T14:35:58.500+0000] {logging_mixin.py:188} INFO - [2024-10-22T14:35:58.499+0000] {dag.py:3089} INFO - Sync 1 DAGs
[2024-10-22T14:35:58.515+0000] {logging_mixin.py:188} INFO - [2024-10-22T14:35:58.514+0000] {dag.py:3947} INFO - Setting next_dagrun for example_branch_operator to 2024-10-21 00:00:00+00:00, run_after=2024-10-22 00:00:00+00:00
[2024-10-22T14:35:58.528+0000] {processor.py:183} INFO - Processing /home/airflow/.local/lib/python3.12/site-packages/airflow/example_dags/example_branch_operator.py took 0.064 seconds
[2024-10-22T14:36:28.804+0000] {processor.py:161} INFO - Started process (PID=1373) to work on /home/airflow/.local/lib/python3.12/site-packages/airflow/example_dags/example_branch_operator.py
[2024-10-22T14:36:28.804+0000] {processor.py:830} INFO - Processing file /home/airflow/.local/lib/python3.12/site-packages/airflow/example_dags/example_branch_operator.py for tasks to queue
[2024-10-22T14:36:28.806+0000] {logging_mixin.py:188} INFO - [2024-10-22T14:36:28.805+0000] {dagbag.py:545} INFO - Filling up the DagBag from /home/airflow/.local/lib/python3.12/site-packages/airflow/example_dags/example_branch_operator.py
[2024-10-22T14:36:28.817+0000] {processor.py:840} INFO - DAG(s) 'example_branch_operator' retrieved from /home/airflow/.local/lib/python3.12/site-packages/airflow/example_dags/example_branch_operator.py
[2024-10-22T14:36:28.835+0000] {logging_mixin.py:188} INFO - [2024-10-22T14:36:28.835+0000] {dag.py:3089} INFO - Sync 1 DAGs
[2024-10-22T14:36:28.849+0000] {logging_mixin.py:188} INFO - [2024-10-22T14:36:28.849+0000] {dag.py:3947} INFO - Setting next_dagrun for example_branch_operator to 2024-10-21 00:00:00+00:00, run_after=2024-10-22 00:00:00+00:00
[2024-10-22T14:36:28.862+0000] {processor.py:183} INFO - Processing /home/airflow/.local/lib/python3.12/site-packages/airflow/example_dags/example_branch_operator.py took 0.062 seconds
[2024-10-22T14:36:58.946+0000] {processor.py:161} INFO - Started process (PID=1640) to work on /home/airflow/.local/lib/python3.12/site-packages/airflow/example_dags/example_branch_operator.py
[2024-10-22T14:36:58.946+0000] {processor.py:830} INFO - Processing file /home/airflow/.local/lib/python3.12/site-packages/airflow/example_dags/example_branch_operator.py for tasks to queue
[2024-10-22T14:36:58.948+0000] {logging_mixin.py:188} INFO - [2024-10-22T14:36:58.947+0000] {dagbag.py:545} INFO - Filling up the DagBag from /home/airflow/.local/lib/python3.12/site-packages/airflow/example_dags/example_branch_operator.py
[2024-10-22T14:36:58.960+0000] {processor.py:840} INFO - DAG(s) 'example_branch_operator' retrieved from /home/airflow/.local/lib/python3.12/site-packages/airflow/example_dags/example_branch_operator.py
[2024-10-22T14:36:58.982+0000] {logging_mixin.py:188} INFO - [2024-10-22T14:36:58.981+0000] {dag.py:3089} INFO - Sync 1 DAGs
[2024-10-22T14:36:58.998+0000] {logging_mixin.py:188} INFO - [2024-10-22T14:36:58.998+0000] {dag.py:3947} INFO - Setting next_dagrun for example_branch_operator to 2024-10-21 00:00:00+00:00, run_after=2024-10-22 00:00:00+00:00
[2024-10-22T14:36:59.012+0000] {processor.py:183} INFO - Processing /home/airflow/.local/lib/python3.12/site-packages/airflow/example_dags/example_branch_operator.py took 0.070 seconds
[2024-10-22T14:37:29.227+0000] {processor.py:161} INFO - Started process (PID=1907) to work on /home/airflow/.local/lib/python3.12/site-packages/airflow/example_dags/example_branch_operator.py
[2024-10-22T14:37:29.228+0000] {processor.py:830} INFO - Processing file /home/airflow/.local/lib/python3.12/site-packages/airflow/example_dags/example_branch_operator.py for tasks to queue
[2024-10-22T14:37:29.229+0000] {logging_mixin.py:188} INFO - [2024-10-22T14:37:29.229+0000] {dagbag.py:545} INFO - Filling up the DagBag from /home/airflow/.local/lib/python3.12/site-packages/airflow/example_dags/example_branch_operator.py
[2024-10-22T14:37:29.240+0000] {processor.py:840} INFO - DAG(s) 'example_branch_operator' retrieved from /home/airflow/.local/lib/python3.12/site-packages/airflow/example_dags/example_branch_operator.py
[2024-10-22T14:37:29.258+0000] {logging_mixin.py:188} INFO - [2024-10-22T14:37:29.258+0000] {dag.py:3089} INFO - Sync 1 DAGs
[2024-10-22T14:37:29.273+0000] {logging_mixin.py:188} INFO - [2024-10-22T14:37:29.273+0000] {dag.py:3947} INFO - Setting next_dagrun for example_branch_operator to 2024-10-21 00:00:00+00:00, run_after=2024-10-22 00:00:00+00:00
[2024-10-22T14:37:29.285+0000] {processor.py:183} INFO - Processing /home/airflow/.local/lib/python3.12/site-packages/airflow/example_dags/example_branch_operator.py took 0.061 seconds
[2024-10-22T14:37:59.464+0000] {processor.py:161} INFO - Started process (PID=2174) to work on /home/airflow/.local/lib/python3.12/site-packages/airflow/example_dags/example_branch_operator.py
[2024-10-22T14:37:59.465+0000] {processor.py:830} INFO - Processing file /home/airflow/.local/lib/python3.12/site-packages/airflow/example_dags/example_branch_operator.py for tasks to queue
[2024-10-22T14:37:59.466+0000] {logging_mixin.py:188} INFO - [2024-10-22T14:37:59.466+0000] {dagbag.py:545} INFO - Filling up the DagBag from /home/airflow/.local/lib/python3.12/site-packages/airflow/example_dags/example_branch_operator.py
[2024-10-22T14:37:59.477+0000] {processor.py:840} INFO - DAG(s) 'example_branch_operator' retrieved from /home/airflow/.local/lib/python3.12/site-packages/airflow/example_dags/example_branch_operator.py
[2024-10-22T14:37:59.495+0000] {logging_mixin.py:188} INFO - [2024-10-22T14:37:59.495+0000] {dag.py:3089} INFO - Sync 1 DAGs
[2024-10-22T14:37:59.509+0000] {logging_mixin.py:188} INFO - [2024-10-22T14:37:59.509+0000] {dag.py:3947} INFO - Setting next_dagrun for example_branch_operator to 2024-10-21 00:00:00+00:00, run_after=2024-10-22 00:00:00+00:00
[2024-10-22T14:37:59.524+0000] {processor.py:183} INFO - Processing /home/airflow/.local/lib/python3.12/site-packages/airflow/example_dags/example_branch_operator.py took 0.064 seconds
[2024-10-22T14:38:29.625+0000] {processor.py:161} INFO - Started process (PID=2441) to work on /home/airflow/.local/lib/python3.12/site-packages/airflow/example_dags/example_branch_operator.py
[2024-10-22T14:38:29.626+0000] {processor.py:830} INFO - Processing file /home/airflow/.local/lib/python3.12/site-packages/airflow/example_dags/example_branch_operator.py for tasks to queue
[2024-10-22T14:38:29.627+0000] {logging_mixin.py:188} INFO - [2024-10-22T14:38:29.627+0000] {dagbag.py:545} INFO - Filling up the DagBag from /home/airflow/.local/lib/python3.12/site-packages/airflow/example_dags/example_branch_operator.py
[2024-10-22T14:38:29.638+0000] {processor.py:840} INFO - DAG(s) 'example_branch_operator' retrieved from /home/airflow/.local/lib/python3.12/site-packages/airflow/example_dags/example_branch_operator.py
[2024-10-22T14:38:29.657+0000] {logging_mixin.py:188} INFO - [2024-10-22T14:38:29.656+0000] {dag.py:3089} INFO - Sync 1 DAGs
[2024-10-22T14:38:29.671+0000] {logging_mixin.py:188} INFO - [2024-10-22T14:38:29.671+0000] {dag.py:3947} INFO - Setting next_dagrun for example_branch_operator to 2024-10-21 00:00:00+00:00, run_after=2024-10-22 00:00:00+00:00
[2024-10-22T14:38:29.683+0000] {processor.py:183} INFO - Processing /home/airflow/.local/lib/python3.12/site-packages/airflow/example_dags/example_branch_operator.py took 0.061 seconds
[2024-10-22T14:39:00.079+0000] {processor.py:161} INFO - Started process (PID=2710) to work on /home/airflow/.local/lib/python3.12/site-packages/airflow/example_dags/example_branch_operator.py
[2024-10-22T14:39:00.080+0000] {processor.py:830} INFO - Processing file /home/airflow/.local/lib/python3.12/site-packages/airflow/example_dags/example_branch_operator.py for tasks to queue
[2024-10-22T14:39:00.081+0000] {logging_mixin.py:188} INFO - [2024-10-22T14:39:00.081+0000] {dagbag.py:545} INFO - Filling up the DagBag from /home/airflow/.local/lib/python3.12/site-packages/airflow/example_dags/example_branch_operator.py
[2024-10-22T14:39:00.091+0000] {processor.py:840} INFO - DAG(s) 'example_branch_operator' retrieved from /home/airflow/.local/lib/python3.12/site-packages/airflow/example_dags/example_branch_operator.py
[2024-10-22T14:39:00.110+0000] {logging_mixin.py:188} INFO - [2024-10-22T14:39:00.110+0000] {dag.py:3089} INFO - Sync 1 DAGs
[2024-10-22T14:39:00.124+0000] {logging_mixin.py:188} INFO - [2024-10-22T14:39:00.124+0000] {dag.py:3947} INFO - Setting next_dagrun for example_branch_operator to 2024-10-21 00:00:00+00:00, run_after=2024-10-22 00:00:00+00:00
[2024-10-22T14:39:00.136+0000] {processor.py:183} INFO - Processing /home/airflow/.local/lib/python3.12/site-packages/airflow/example_dags/example_branch_operator.py took 0.060 seconds
[2024-10-22T14:39:30.199+0000] {processor.py:161} INFO - Started process (PID=2975) to work on /home/airflow/.local/lib/python3.12/site-packages/airflow/example_dags/example_branch_operator.py
[2024-10-22T14:39:30.200+0000] {processor.py:830} INFO - Processing file /home/airflow/.local/lib/python3.12/site-packages/airflow/example_dags/example_branch_operator.py for tasks to queue
[2024-10-22T14:39:30.201+0000] {logging_mixin.py:188} INFO - [2024-10-22T14:39:30.201+0000] {dagbag.py:545} INFO - Filling up the DagBag from /home/airflow/.local/lib/python3.12/site-packages/airflow/example_dags/example_branch_operator.py
[2024-10-22T14:39:30.213+0000] {processor.py:840} INFO - DAG(s) 'example_branch_operator' retrieved from /home/airflow/.local/lib/python3.12/site-packages/airflow/example_dags/example_branch_operator.py
[2024-10-22T14:39:30.231+0000] {logging_mixin.py:188} INFO - [2024-10-22T14:39:30.231+0000] {dag.py:3089} INFO - Sync 1 DAGs
[2024-10-22T14:39:30.246+0000] {logging_mixin.py:188} INFO - [2024-10-22T14:39:30.246+0000] {dag.py:3947} INFO - Setting next_dagrun for example_branch_operator to 2024-10-21 00:00:00+00:00, run_after=2024-10-22 00:00:00+00:00
[2024-10-22T14:39:30.258+0000] {processor.py:183} INFO - Processing /home/airflow/.local/lib/python3.12/site-packages/airflow/example_dags/example_branch_operator.py took 0.063 seconds
[2024-10-22T14:40:00.486+0000] {processor.py:161} INFO - Started process (PID=3242) to work on /home/airflow/.local/lib/python3.12/site-packages/airflow/example_dags/example_branch_operator.py
[2024-10-22T14:40:00.487+0000] {processor.py:830} INFO - Processing file /home/airflow/.local/lib/python3.12/site-packages/airflow/example_dags/example_branch_operator.py for tasks to queue
[2024-10-22T14:40:00.488+0000] {logging_mixin.py:188} INFO - [2024-10-22T14:40:00.488+0000] {dagbag.py:545} INFO - Filling up the DagBag from /home/airflow/.local/lib/python3.12/site-packages/airflow/example_dags/example_branch_operator.py
[2024-10-22T14:40:00.499+0000] {processor.py:840} INFO - DAG(s) 'example_branch_operator' retrieved from /home/airflow/.local/lib/python3.12/site-packages/airflow/example_dags/example_branch_operator.py
[2024-10-22T14:40:00.517+0000] {logging_mixin.py:188} INFO - [2024-10-22T14:40:00.517+0000] {dag.py:3089} INFO - Sync 1 DAGs
[2024-10-22T14:40:00.531+0000] {logging_mixin.py:188} INFO - [2024-10-22T14:40:00.531+0000] {dag.py:3947} INFO - Setting next_dagrun for example_branch_operator to 2024-10-21 00:00:00+00:00, run_after=2024-10-22 00:00:00+00:00
[2024-10-22T14:40:00.544+0000] {processor.py:183} INFO - Processing /home/airflow/.local/lib/python3.12/site-packages/airflow/example_dags/example_branch_operator.py took 0.062 seconds
[2024-10-22T14:40:30.685+0000] {processor.py:161} INFO - Started process (PID=3509) to work on /home/airflow/.local/lib/python3.12/site-packages/airflow/example_dags/example_branch_operator.py
[2024-10-22T14:40:30.686+0000] {processor.py:830} INFO - Processing file /home/airflow/.local/lib/python3.12/site-packages/airflow/example_dags/example_branch_operator.py for tasks to queue
[2024-10-22T14:40:30.687+0000] {logging_mixin.py:188} INFO - [2024-10-22T14:40:30.687+0000] {dagbag.py:545} INFO - Filling up the DagBag from /home/airflow/.local/lib/python3.12/site-packages/airflow/example_dags/example_branch_operator.py
[2024-10-22T14:40:30.698+0000] {processor.py:840} INFO - DAG(s) 'example_branch_operator' retrieved from /home/airflow/.local/lib/python3.12/site-packages/airflow/example_dags/example_branch_operator.py
[2024-10-22T14:40:30.717+0000] {logging_mixin.py:188} INFO - [2024-10-22T14:40:30.716+0000] {dag.py:3089} INFO - Sync 1 DAGs
[2024-10-22T14:40:30.732+0000] {logging_mixin.py:188} INFO - [2024-10-22T14:40:30.731+0000] {dag.py:3947} INFO - Setting next_dagrun for example_branch_operator to 2024-10-21 00:00:00+00:00, run_after=2024-10-22 00:00:00+00:00
[2024-10-22T14:40:30.744+0000] {processor.py:183} INFO - Processing /home/airflow/.local/lib/python3.12/site-packages/airflow/example_dags/example_branch_operator.py took 0.063 seconds
[2024-10-22T14:41:00.912+0000] {processor.py:161} INFO - Started process (PID=3776) to work on /home/airflow/.local/lib/python3.12/site-packages/airflow/example_dags/example_branch_operator.py
[2024-10-22T14:41:00.912+0000] {processor.py:830} INFO - Processing file /home/airflow/.local/lib/python3.12/site-packages/airflow/example_dags/example_branch_operator.py for tasks to queue
[2024-10-22T14:41:00.914+0000] {logging_mixin.py:188} INFO - [2024-10-22T14:41:00.914+0000] {dagbag.py:545} INFO - Filling up the DagBag from /home/airflow/.local/lib/python3.12/site-packages/airflow/example_dags/example_branch_operator.py
[2024-10-22T14:41:00.925+0000] {processor.py:840} INFO - DAG(s) 'example_branch_operator' retrieved from /home/airflow/.local/lib/python3.12/site-packages/airflow/example_dags/example_branch_operator.py
[2024-10-22T14:41:00.945+0000] {logging_mixin.py:188} INFO - [2024-10-22T14:41:00.945+0000] {dag.py:3089} INFO - Sync 1 DAGs
[2024-10-22T14:41:00.960+0000] {logging_mixin.py:188} INFO - [2024-10-22T14:41:00.959+0000] {dag.py:3947} INFO - Setting next_dagrun for example_branch_operator to 2024-10-21 00:00:00+00:00, run_after=2024-10-22 00:00:00+00:00
[2024-10-22T14:41:00.971+0000] {processor.py:183} INFO - Processing /home/airflow/.local/lib/python3.12/site-packages/airflow/example_dags/example_branch_operator.py took 0.064 seconds
[2024-10-22T14:41:31.085+0000] {processor.py:161} INFO - Started process (PID=4043) to work on /home/airflow/.local/lib/python3.12/site-packages/airflow/example_dags/example_branch_operator.py
[2024-10-22T14:41:31.086+0000] {processor.py:830} INFO - Processing file /home/airflow/.local/lib/python3.12/site-packages/airflow/example_dags/example_branch_operator.py for tasks to queue
[2024-10-22T14:41:31.088+0000] {logging_mixin.py:188} INFO - [2024-10-22T14:41:31.087+0000] {dagbag.py:545} INFO - Filling up the DagBag from /home/airflow/.local/lib/python3.12/site-packages/airflow/example_dags/example_branch_operator.py
[2024-10-22T14:41:31.099+0000] {processor.py:840} INFO - DAG(s) 'example_branch_operator' retrieved from /home/airflow/.local/lib/python3.12/site-packages/airflow/example_dags/example_branch_operator.py
[2024-10-22T14:41:31.118+0000] {logging_mixin.py:188} INFO - [2024-10-22T14:41:31.118+0000] {dag.py:3089} INFO - Sync 1 DAGs
[2024-10-22T14:41:31.132+0000] {logging_mixin.py:188} INFO - [2024-10-22T14:41:31.132+0000] {dag.py:3947} INFO - Setting next_dagrun for example_branch_operator to 2024-10-21 00:00:00+00:00, run_after=2024-10-22 00:00:00+00:00
[2024-10-22T14:41:31.145+0000] {processor.py:183} INFO - Processing /home/airflow/.local/lib/python3.12/site-packages/airflow/example_dags/example_branch_operator.py took 0.063 seconds
[2024-10-22T14:42:01.198+0000] {processor.py:161} INFO - Started process (PID=4307) to work on /home/airflow/.local/lib/python3.12/site-packages/airflow/example_dags/example_branch_operator.py
[2024-10-22T14:42:01.199+0000] {processor.py:830} INFO - Processing file /home/airflow/.local/lib/python3.12/site-packages/airflow/example_dags/example_branch_operator.py for tasks to queue
[2024-10-22T14:42:01.200+0000] {logging_mixin.py:188} INFO - [2024-10-22T14:42:01.200+0000] {dagbag.py:545} INFO - Filling up the DagBag from /home/airflow/.local/lib/python3.12/site-packages/airflow/example_dags/example_branch_operator.py
[2024-10-22T14:42:01.211+0000] {processor.py:840} INFO - DAG(s) 'example_branch_operator' retrieved from /home/airflow/.local/lib/python3.12/site-packages/airflow/example_dags/example_branch_operator.py
[2024-10-22T14:42:01.229+0000] {logging_mixin.py:188} INFO - [2024-10-22T14:42:01.229+0000] {dag.py:3089} INFO - Sync 1 DAGs
[2024-10-22T14:42:01.244+0000] {logging_mixin.py:188} INFO - [2024-10-22T14:42:01.244+0000] {dag.py:3947} INFO - Setting next_dagrun for example_branch_operator to 2024-10-21 00:00:00+00:00, run_after=2024-10-22 00:00:00+00:00
[2024-10-22T14:42:01.256+0000] {processor.py:183} INFO - Processing /home/airflow/.local/lib/python3.12/site-packages/airflow/example_dags/example_branch_operator.py took 0.061 seconds
[2024-10-22T14:42:48.334+0000] {processor.py:161} INFO - Started process (PID=307) to work on /home/airflow/.local/lib/python3.12/site-packages/airflow/example_dags/example_branch_operator.py
[2024-10-22T14:42:48.335+0000] {processor.py:830} INFO - Processing file /home/airflow/.local/lib/python3.12/site-packages/airflow/example_dags/example_branch_operator.py for tasks to queue
[2024-10-22T14:42:48.337+0000] {logging_mixin.py:188} INFO - [2024-10-22T14:42:48.336+0000] {dagbag.py:545} INFO - Filling up the DagBag from /home/airflow/.local/lib/python3.12/site-packages/airflow/example_dags/example_branch_operator.py
[2024-10-22T14:42:48.348+0000] {processor.py:840} INFO - DAG(s) 'example_branch_operator' retrieved from /home/airflow/.local/lib/python3.12/site-packages/airflow/example_dags/example_branch_operator.py
[2024-10-22T14:42:48.356+0000] {logging_mixin.py:188} INFO - [2024-10-22T14:42:48.356+0000] {dag.py:3089} INFO - Sync 1 DAGs
[2024-10-22T14:42:48.372+0000] {logging_mixin.py:188} INFO - [2024-10-22T14:42:48.372+0000] {dag.py:3947} INFO - Setting next_dagrun for example_branch_operator to 2024-10-21 00:00:00+00:00, run_after=2024-10-22 00:00:00+00:00
[2024-10-22T14:42:48.384+0000] {processor.py:183} INFO - Processing /home/airflow/.local/lib/python3.12/site-packages/airflow/example_dags/example_branch_operator.py took 0.054 seconds
[2024-10-22T14:43:19.350+0000] {processor.py:161} INFO - Started process (PID=572) to work on /home/airflow/.local/lib/python3.12/site-packages/airflow/example_dags/example_branch_operator.py
[2024-10-22T14:43:19.351+0000] {processor.py:830} INFO - Processing file /home/airflow/.local/lib/python3.12/site-packages/airflow/example_dags/example_branch_operator.py for tasks to queue
[2024-10-22T14:43:19.352+0000] {logging_mixin.py:188} INFO - [2024-10-22T14:43:19.352+0000] {dagbag.py:545} INFO - Filling up the DagBag from /home/airflow/.local/lib/python3.12/site-packages/airflow/example_dags/example_branch_operator.py
[2024-10-22T14:43:19.363+0000] {processor.py:840} INFO - DAG(s) 'example_branch_operator' retrieved from /home/airflow/.local/lib/python3.12/site-packages/airflow/example_dags/example_branch_operator.py
[2024-10-22T14:43:19.445+0000] {logging_mixin.py:188} INFO - [2024-10-22T14:43:19.445+0000] {dag.py:3089} INFO - Sync 1 DAGs
[2024-10-22T14:43:19.461+0000] {logging_mixin.py:188} INFO - [2024-10-22T14:43:19.461+0000] {dag.py:3947} INFO - Setting next_dagrun for example_branch_operator to 2024-10-21 00:00:00+00:00, run_after=2024-10-22 00:00:00+00:00
[2024-10-22T14:43:19.479+0000] {processor.py:183} INFO - Processing /home/airflow/.local/lib/python3.12/site-packages/airflow/example_dags/example_branch_operator.py took 0.133 seconds
[2024-10-22T14:43:49.517+0000] {processor.py:161} INFO - Started process (PID=844) to work on /home/airflow/.local/lib/python3.12/site-packages/airflow/example_dags/example_branch_operator.py
[2024-10-22T14:43:49.518+0000] {processor.py:830} INFO - Processing file /home/airflow/.local/lib/python3.12/site-packages/airflow/example_dags/example_branch_operator.py for tasks to queue
[2024-10-22T14:43:49.519+0000] {logging_mixin.py:188} INFO - [2024-10-22T14:43:49.519+0000] {dagbag.py:545} INFO - Filling up the DagBag from /home/airflow/.local/lib/python3.12/site-packages/airflow/example_dags/example_branch_operator.py
[2024-10-22T14:43:49.529+0000] {processor.py:840} INFO - DAG(s) 'example_branch_operator' retrieved from /home/airflow/.local/lib/python3.12/site-packages/airflow/example_dags/example_branch_operator.py
[2024-10-22T14:43:49.549+0000] {logging_mixin.py:188} INFO - [2024-10-22T14:43:49.549+0000] {dag.py:3089} INFO - Sync 1 DAGs
[2024-10-22T14:43:49.564+0000] {logging_mixin.py:188} INFO - [2024-10-22T14:43:49.564+0000] {dag.py:3947} INFO - Setting next_dagrun for example_branch_operator to 2024-10-21 00:00:00+00:00, run_after=2024-10-22 00:00:00+00:00
[2024-10-22T14:43:49.576+0000] {processor.py:183} INFO - Processing /home/airflow/.local/lib/python3.12/site-packages/airflow/example_dags/example_branch_operator.py took 0.063 seconds
[2024-10-22T14:44:19.612+0000] {processor.py:161} INFO - Started process (PID=1111) to work on /home/airflow/.local/lib/python3.12/site-packages/airflow/example_dags/example_branch_operator.py
[2024-10-22T14:44:19.613+0000] {processor.py:830} INFO - Processing file /home/airflow/.local/lib/python3.12/site-packages/airflow/example_dags/example_branch_operator.py for tasks to queue
[2024-10-22T14:44:19.614+0000] {logging_mixin.py:188} INFO - [2024-10-22T14:44:19.614+0000] {dagbag.py:545} INFO - Filling up the DagBag from /home/airflow/.local/lib/python3.12/site-packages/airflow/example_dags/example_branch_operator.py
[2024-10-22T14:44:19.625+0000] {processor.py:840} INFO - DAG(s) 'example_branch_operator' retrieved from /home/airflow/.local/lib/python3.12/site-packages/airflow/example_dags/example_branch_operator.py
[2024-10-22T14:44:19.645+0000] {logging_mixin.py:188} INFO - [2024-10-22T14:44:19.644+0000] {dag.py:3089} INFO - Sync 1 DAGs
[2024-10-22T14:44:19.660+0000] {logging_mixin.py:188} INFO - [2024-10-22T14:44:19.660+0000] {dag.py:3947} INFO - Setting next_dagrun for example_branch_operator to 2024-10-21 00:00:00+00:00, run_after=2024-10-22 00:00:00+00:00
[2024-10-22T14:44:19.673+0000] {processor.py:183} INFO - Processing /home/airflow/.local/lib/python3.12/site-packages/airflow/example_dags/example_branch_operator.py took 0.065 seconds
[2024-10-22T14:44:49.793+0000] {processor.py:161} INFO - Started process (PID=1376) to work on /home/airflow/.local/lib/python3.12/site-packages/airflow/example_dags/example_branch_operator.py
[2024-10-22T14:44:49.794+0000] {processor.py:830} INFO - Processing file /home/airflow/.local/lib/python3.12/site-packages/airflow/example_dags/example_branch_operator.py for tasks to queue
[2024-10-22T14:44:49.795+0000] {logging_mixin.py:188} INFO - [2024-10-22T14:44:49.795+0000] {dagbag.py:545} INFO - Filling up the DagBag from /home/airflow/.local/lib/python3.12/site-packages/airflow/example_dags/example_branch_operator.py
[2024-10-22T14:44:49.806+0000] {processor.py:840} INFO - DAG(s) 'example_branch_operator' retrieved from /home/airflow/.local/lib/python3.12/site-packages/airflow/example_dags/example_branch_operator.py
[2024-10-22T14:44:49.826+0000] {logging_mixin.py:188} INFO - [2024-10-22T14:44:49.825+0000] {dag.py:3089} INFO - Sync 1 DAGs
[2024-10-22T14:44:49.842+0000] {logging_mixin.py:188} INFO - [2024-10-22T14:44:49.842+0000] {dag.py:3947} INFO - Setting next_dagrun for example_branch_operator to 2024-10-21 00:00:00+00:00, run_after=2024-10-22 00:00:00+00:00
[2024-10-22T14:44:49.855+0000] {processor.py:183} INFO - Processing /home/airflow/.local/lib/python3.12/site-packages/airflow/example_dags/example_branch_operator.py took 0.066 seconds
[2024-10-22T14:45:20.311+0000] {processor.py:161} INFO - Started process (PID=1643) to work on /home/airflow/.local/lib/python3.12/site-packages/airflow/example_dags/example_branch_operator.py
[2024-10-22T14:45:20.312+0000] {processor.py:830} INFO - Processing file /home/airflow/.local/lib/python3.12/site-packages/airflow/example_dags/example_branch_operator.py for tasks to queue
[2024-10-22T14:45:20.313+0000] {logging_mixin.py:188} INFO - [2024-10-22T14:45:20.313+0000] {dagbag.py:545} INFO - Filling up the DagBag from /home/airflow/.local/lib/python3.12/site-packages/airflow/example_dags/example_branch_operator.py
[2024-10-22T14:45:20.324+0000] {processor.py:840} INFO - DAG(s) 'example_branch_operator' retrieved from /home/airflow/.local/lib/python3.12/site-packages/airflow/example_dags/example_branch_operator.py
[2024-10-22T14:45:20.344+0000] {logging_mixin.py:188} INFO - [2024-10-22T14:45:20.344+0000] {dag.py:3089} INFO - Sync 1 DAGs
[2024-10-22T14:45:20.358+0000] {logging_mixin.py:188} INFO - [2024-10-22T14:45:20.358+0000] {dag.py:3947} INFO - Setting next_dagrun for example_branch_operator to 2024-10-21 00:00:00+00:00, run_after=2024-10-22 00:00:00+00:00
[2024-10-22T14:45:20.370+0000] {processor.py:183} INFO - Processing /home/airflow/.local/lib/python3.12/site-packages/airflow/example_dags/example_branch_operator.py took 0.064 seconds
[2024-10-22T14:45:50.840+0000] {processor.py:161} INFO - Started process (PID=1912) to work on /home/airflow/.local/lib/python3.12/site-packages/airflow/example_dags/example_branch_operator.py
[2024-10-22T14:45:50.841+0000] {processor.py:830} INFO - Processing file /home/airflow/.local/lib/python3.12/site-packages/airflow/example_dags/example_branch_operator.py for tasks to queue
[2024-10-22T14:45:50.842+0000] {logging_mixin.py:188} INFO - [2024-10-22T14:45:50.842+0000] {dagbag.py:545} INFO - Filling up the DagBag from /home/airflow/.local/lib/python3.12/site-packages/airflow/example_dags/example_branch_operator.py
[2024-10-22T14:45:50.855+0000] {processor.py:840} INFO - DAG(s) 'example_branch_operator' retrieved from /home/airflow/.local/lib/python3.12/site-packages/airflow/example_dags/example_branch_operator.py
[2024-10-22T14:45:50.876+0000] {logging_mixin.py:188} INFO - [2024-10-22T14:45:50.876+0000] {dag.py:3089} INFO - Sync 1 DAGs
[2024-10-22T14:45:50.892+0000] {logging_mixin.py:188} INFO - [2024-10-22T14:45:50.892+0000] {dag.py:3947} INFO - Setting next_dagrun for example_branch_operator to 2024-10-21 00:00:00+00:00, run_after=2024-10-22 00:00:00+00:00
[2024-10-22T14:45:50.905+0000] {processor.py:183} INFO - Processing /home/airflow/.local/lib/python3.12/site-packages/airflow/example_dags/example_branch_operator.py took 0.069 seconds
[2024-10-22T14:46:21.567+0000] {processor.py:161} INFO - Started process (PID=2177) to work on /home/airflow/.local/lib/python3.12/site-packages/airflow/example_dags/example_branch_operator.py
[2024-10-22T14:46:21.569+0000] {processor.py:830} INFO - Processing file /home/airflow/.local/lib/python3.12/site-packages/airflow/example_dags/example_branch_operator.py for tasks to queue
[2024-10-22T14:46:21.571+0000] {logging_mixin.py:188} INFO - [2024-10-22T14:46:21.571+0000] {dagbag.py:545} INFO - Filling up the DagBag from /home/airflow/.local/lib/python3.12/site-packages/airflow/example_dags/example_branch_operator.py
[2024-10-22T14:46:21.585+0000] {processor.py:840} INFO - DAG(s) 'example_branch_operator' retrieved from /home/airflow/.local/lib/python3.12/site-packages/airflow/example_dags/example_branch_operator.py
[2024-10-22T14:46:21.610+0000] {logging_mixin.py:188} INFO - [2024-10-22T14:46:21.610+0000] {dag.py:3089} INFO - Sync 1 DAGs
[2024-10-22T14:46:21.632+0000] {logging_mixin.py:188} INFO - [2024-10-22T14:46:21.632+0000] {dag.py:3947} INFO - Setting next_dagrun for example_branch_operator to 2024-10-21 00:00:00+00:00, run_after=2024-10-22 00:00:00+00:00
[2024-10-22T14:46:21.656+0000] {processor.py:183} INFO - Processing /home/airflow/.local/lib/python3.12/site-packages/airflow/example_dags/example_branch_operator.py took 0.094 seconds
[2024-10-22T14:46:52.546+0000] {processor.py:161} INFO - Started process (PID=2449) to work on /home/airflow/.local/lib/python3.12/site-packages/airflow/example_dags/example_branch_operator.py
[2024-10-22T14:46:52.547+0000] {processor.py:830} INFO - Processing file /home/airflow/.local/lib/python3.12/site-packages/airflow/example_dags/example_branch_operator.py for tasks to queue
[2024-10-22T14:46:52.548+0000] {logging_mixin.py:188} INFO - [2024-10-22T14:46:52.548+0000] {dagbag.py:545} INFO - Filling up the DagBag from /home/airflow/.local/lib/python3.12/site-packages/airflow/example_dags/example_branch_operator.py
[2024-10-22T14:46:52.560+0000] {processor.py:840} INFO - DAG(s) 'example_branch_operator' retrieved from /home/airflow/.local/lib/python3.12/site-packages/airflow/example_dags/example_branch_operator.py
[2024-10-22T14:46:52.579+0000] {logging_mixin.py:188} INFO - [2024-10-22T14:46:52.579+0000] {dag.py:3089} INFO - Sync 1 DAGs
[2024-10-22T14:46:52.595+0000] {logging_mixin.py:188} INFO - [2024-10-22T14:46:52.594+0000] {dag.py:3947} INFO - Setting next_dagrun for example_branch_operator to 2024-10-21 00:00:00+00:00, run_after=2024-10-22 00:00:00+00:00
[2024-10-22T14:46:52.607+0000] {processor.py:183} INFO - Processing /home/airflow/.local/lib/python3.12/site-packages/airflow/example_dags/example_branch_operator.py took 0.065 seconds
[2024-10-22T14:47:22.894+0000] {processor.py:161} INFO - Started process (PID=2714) to work on /home/airflow/.local/lib/python3.12/site-packages/airflow/example_dags/example_branch_operator.py
[2024-10-22T14:47:22.894+0000] {processor.py:830} INFO - Processing file /home/airflow/.local/lib/python3.12/site-packages/airflow/example_dags/example_branch_operator.py for tasks to queue
[2024-10-22T14:47:22.896+0000] {logging_mixin.py:188} INFO - [2024-10-22T14:47:22.896+0000] {dagbag.py:545} INFO - Filling up the DagBag from /home/airflow/.local/lib/python3.12/site-packages/airflow/example_dags/example_branch_operator.py
[2024-10-22T14:47:22.907+0000] {processor.py:840} INFO - DAG(s) 'example_branch_operator' retrieved from /home/airflow/.local/lib/python3.12/site-packages/airflow/example_dags/example_branch_operator.py
[2024-10-22T14:47:22.928+0000] {logging_mixin.py:188} INFO - [2024-10-22T14:47:22.927+0000] {dag.py:3089} INFO - Sync 1 DAGs
[2024-10-22T14:47:22.943+0000] {logging_mixin.py:188} INFO - [2024-10-22T14:47:22.943+0000] {dag.py:3947} INFO - Setting next_dagrun for example_branch_operator to 2024-10-21 00:00:00+00:00, run_after=2024-10-22 00:00:00+00:00
[2024-10-22T14:47:22.958+0000] {processor.py:183} INFO - Processing /home/airflow/.local/lib/python3.12/site-packages/airflow/example_dags/example_branch_operator.py took 0.068 seconds
[2024-10-22T14:47:53.276+0000] {processor.py:161} INFO - Started process (PID=2983) to work on /home/airflow/.local/lib/python3.12/site-packages/airflow/example_dags/example_branch_operator.py
[2024-10-22T14:47:53.277+0000] {processor.py:830} INFO - Processing file /home/airflow/.local/lib/python3.12/site-packages/airflow/example_dags/example_branch_operator.py for tasks to queue
[2024-10-22T14:47:53.278+0000] {logging_mixin.py:188} INFO - [2024-10-22T14:47:53.278+0000] {dagbag.py:545} INFO - Filling up the DagBag from /home/airflow/.local/lib/python3.12/site-packages/airflow/example_dags/example_branch_operator.py
[2024-10-22T14:47:53.290+0000] {processor.py:840} INFO - DAG(s) 'example_branch_operator' retrieved from /home/airflow/.local/lib/python3.12/site-packages/airflow/example_dags/example_branch_operator.py
[2024-10-22T14:47:53.308+0000] {logging_mixin.py:188} INFO - [2024-10-22T14:47:53.308+0000] {dag.py:3089} INFO - Sync 1 DAGs
[2024-10-22T14:47:53.323+0000] {logging_mixin.py:188} INFO - [2024-10-22T14:47:53.323+0000] {dag.py:3947} INFO - Setting next_dagrun for example_branch_operator to 2024-10-21 00:00:00+00:00, run_after=2024-10-22 00:00:00+00:00
[2024-10-22T14:47:53.336+0000] {processor.py:183} INFO - Processing /home/airflow/.local/lib/python3.12/site-packages/airflow/example_dags/example_branch_operator.py took 0.063 seconds
[2024-10-22T14:48:23.544+0000] {processor.py:161} INFO - Started process (PID=3250) to work on /home/airflow/.local/lib/python3.12/site-packages/airflow/example_dags/example_branch_operator.py
[2024-10-22T14:48:23.545+0000] {processor.py:830} INFO - Processing file /home/airflow/.local/lib/python3.12/site-packages/airflow/example_dags/example_branch_operator.py for tasks to queue
[2024-10-22T14:48:23.546+0000] {logging_mixin.py:188} INFO - [2024-10-22T14:48:23.546+0000] {dagbag.py:545} INFO - Filling up the DagBag from /home/airflow/.local/lib/python3.12/site-packages/airflow/example_dags/example_branch_operator.py
[2024-10-22T14:48:23.557+0000] {processor.py:840} INFO - DAG(s) 'example_branch_operator' retrieved from /home/airflow/.local/lib/python3.12/site-packages/airflow/example_dags/example_branch_operator.py
[2024-10-22T14:48:23.577+0000] {logging_mixin.py:188} INFO - [2024-10-22T14:48:23.577+0000] {dag.py:3089} INFO - Sync 1 DAGs
[2024-10-22T14:48:23.592+0000] {logging_mixin.py:188} INFO - [2024-10-22T14:48:23.592+0000] {dag.py:3947} INFO - Setting next_dagrun for example_branch_operator to 2024-10-21 00:00:00+00:00, run_after=2024-10-22 00:00:00+00:00
[2024-10-22T14:48:23.604+0000] {processor.py:183} INFO - Processing /home/airflow/.local/lib/python3.12/site-packages/airflow/example_dags/example_branch_operator.py took 0.064 seconds
[2024-10-22T14:48:53.928+0000] {processor.py:161} INFO - Started process (PID=3515) to work on /home/airflow/.local/lib/python3.12/site-packages/airflow/example_dags/example_branch_operator.py
[2024-10-22T14:48:53.929+0000] {processor.py:830} INFO - Processing file /home/airflow/.local/lib/python3.12/site-packages/airflow/example_dags/example_branch_operator.py for tasks to queue
[2024-10-22T14:48:53.930+0000] {logging_mixin.py:188} INFO - [2024-10-22T14:48:53.930+0000] {dagbag.py:545} INFO - Filling up the DagBag from /home/airflow/.local/lib/python3.12/site-packages/airflow/example_dags/example_branch_operator.py
[2024-10-22T14:48:53.940+0000] {processor.py:840} INFO - DAG(s) 'example_branch_operator' retrieved from /home/airflow/.local/lib/python3.12/site-packages/airflow/example_dags/example_branch_operator.py
[2024-10-22T14:48:53.960+0000] {logging_mixin.py:188} INFO - [2024-10-22T14:48:53.960+0000] {dag.py:3089} INFO - Sync 1 DAGs
[2024-10-22T14:48:53.974+0000] {logging_mixin.py:188} INFO - [2024-10-22T14:48:53.974+0000] {dag.py:3947} INFO - Setting next_dagrun for example_branch_operator to 2024-10-21 00:00:00+00:00, run_after=2024-10-22 00:00:00+00:00
[2024-10-22T14:48:53.987+0000] {processor.py:183} INFO - Processing /home/airflow/.local/lib/python3.12/site-packages/airflow/example_dags/example_branch_operator.py took 0.063 seconds
[2024-10-22T14:49:24.453+0000] {processor.py:161} INFO - Started process (PID=3782) to work on /home/airflow/.local/lib/python3.12/site-packages/airflow/example_dags/example_branch_operator.py
[2024-10-22T14:49:24.453+0000] {processor.py:830} INFO - Processing file /home/airflow/.local/lib/python3.12/site-packages/airflow/example_dags/example_branch_operator.py for tasks to queue
[2024-10-22T14:49:24.454+0000] {logging_mixin.py:188} INFO - [2024-10-22T14:49:24.454+0000] {dagbag.py:545} INFO - Filling up the DagBag from /home/airflow/.local/lib/python3.12/site-packages/airflow/example_dags/example_branch_operator.py
[2024-10-22T14:49:24.465+0000] {processor.py:840} INFO - DAG(s) 'example_branch_operator' retrieved from /home/airflow/.local/lib/python3.12/site-packages/airflow/example_dags/example_branch_operator.py
[2024-10-22T14:49:24.484+0000] {logging_mixin.py:188} INFO - [2024-10-22T14:49:24.484+0000] {dag.py:3089} INFO - Sync 1 DAGs
[2024-10-22T14:49:24.499+0000] {logging_mixin.py:188} INFO - [2024-10-22T14:49:24.499+0000] {dag.py:3947} INFO - Setting next_dagrun for example_branch_operator to 2024-10-21 00:00:00+00:00, run_after=2024-10-22 00:00:00+00:00
[2024-10-22T14:49:24.512+0000] {processor.py:183} INFO - Processing /home/airflow/.local/lib/python3.12/site-packages/airflow/example_dags/example_branch_operator.py took 0.064 seconds
[2024-10-22T14:49:54.774+0000] {processor.py:161} INFO - Started process (PID=4049) to work on /home/airflow/.local/lib/python3.12/site-packages/airflow/example_dags/example_branch_operator.py
[2024-10-22T14:49:54.775+0000] {processor.py:830} INFO - Processing file /home/airflow/.local/lib/python3.12/site-packages/airflow/example_dags/example_branch_operator.py for tasks to queue
[2024-10-22T14:49:54.776+0000] {logging_mixin.py:188} INFO - [2024-10-22T14:49:54.776+0000] {dagbag.py:545} INFO - Filling up the DagBag from /home/airflow/.local/lib/python3.12/site-packages/airflow/example_dags/example_branch_operator.py
[2024-10-22T14:49:54.787+0000] {processor.py:840} INFO - DAG(s) 'example_branch_operator' retrieved from /home/airflow/.local/lib/python3.12/site-packages/airflow/example_dags/example_branch_operator.py
[2024-10-22T14:49:54.806+0000] {logging_mixin.py:188} INFO - [2024-10-22T14:49:54.805+0000] {dag.py:3089} INFO - Sync 1 DAGs
[2024-10-22T14:49:54.820+0000] {logging_mixin.py:188} INFO - [2024-10-22T14:49:54.820+0000] {dag.py:3947} INFO - Setting next_dagrun for example_branch_operator to 2024-10-21 00:00:00+00:00, run_after=2024-10-22 00:00:00+00:00
[2024-10-22T14:49:54.834+0000] {processor.py:183} INFO - Processing /home/airflow/.local/lib/python3.12/site-packages/airflow/example_dags/example_branch_operator.py took 0.064 seconds
[2024-10-22T14:50:24.976+0000] {processor.py:161} INFO - Started process (PID=4316) to work on /home/airflow/.local/lib/python3.12/site-packages/airflow/example_dags/example_branch_operator.py
[2024-10-22T14:50:24.977+0000] {processor.py:830} INFO - Processing file /home/airflow/.local/lib/python3.12/site-packages/airflow/example_dags/example_branch_operator.py for tasks to queue
[2024-10-22T14:50:24.978+0000] {logging_mixin.py:188} INFO - [2024-10-22T14:50:24.978+0000] {dagbag.py:545} INFO - Filling up the DagBag from /home/airflow/.local/lib/python3.12/site-packages/airflow/example_dags/example_branch_operator.py
[2024-10-22T14:50:24.989+0000] {processor.py:840} INFO - DAG(s) 'example_branch_operator' retrieved from /home/airflow/.local/lib/python3.12/site-packages/airflow/example_dags/example_branch_operator.py
[2024-10-22T14:50:25.009+0000] {logging_mixin.py:188} INFO - [2024-10-22T14:50:25.009+0000] {dag.py:3089} INFO - Sync 1 DAGs
[2024-10-22T14:50:25.025+0000] {logging_mixin.py:188} INFO - [2024-10-22T14:50:25.025+0000] {dag.py:3947} INFO - Setting next_dagrun for example_branch_operator to 2024-10-21 00:00:00+00:00, run_after=2024-10-22 00:00:00+00:00
[2024-10-22T14:50:25.038+0000] {processor.py:183} INFO - Processing /home/airflow/.local/lib/python3.12/site-packages/airflow/example_dags/example_branch_operator.py took 0.066 seconds
[2024-10-22T14:50:55.434+0000] {processor.py:161} INFO - Started process (PID=4583) to work on /home/airflow/.local/lib/python3.12/site-packages/airflow/example_dags/example_branch_operator.py
[2024-10-22T14:50:55.435+0000] {processor.py:830} INFO - Processing file /home/airflow/.local/lib/python3.12/site-packages/airflow/example_dags/example_branch_operator.py for tasks to queue
[2024-10-22T14:50:55.436+0000] {logging_mixin.py:188} INFO - [2024-10-22T14:50:55.436+0000] {dagbag.py:545} INFO - Filling up the DagBag from /home/airflow/.local/lib/python3.12/site-packages/airflow/example_dags/example_branch_operator.py
[2024-10-22T14:50:55.447+0000] {processor.py:840} INFO - DAG(s) 'example_branch_operator' retrieved from /home/airflow/.local/lib/python3.12/site-packages/airflow/example_dags/example_branch_operator.py
[2024-10-22T14:50:55.468+0000] {logging_mixin.py:188} INFO - [2024-10-22T14:50:55.468+0000] {dag.py:3089} INFO - Sync 1 DAGs
[2024-10-22T14:50:55.484+0000] {logging_mixin.py:188} INFO - [2024-10-22T14:50:55.484+0000] {dag.py:3947} INFO - Setting next_dagrun for example_branch_operator to 2024-10-21 00:00:00+00:00, run_after=2024-10-22 00:00:00+00:00
[2024-10-22T14:50:55.496+0000] {processor.py:183} INFO - Processing /home/airflow/.local/lib/python3.12/site-packages/airflow/example_dags/example_branch_operator.py took 0.067 seconds
[2024-10-22T14:51:25.867+0000] {processor.py:161} INFO - Started process (PID=4850) to work on /home/airflow/.local/lib/python3.12/site-packages/airflow/example_dags/example_branch_operator.py
[2024-10-22T14:51:25.867+0000] {processor.py:830} INFO - Processing file /home/airflow/.local/lib/python3.12/site-packages/airflow/example_dags/example_branch_operator.py for tasks to queue
[2024-10-22T14:51:25.869+0000] {logging_mixin.py:188} INFO - [2024-10-22T14:51:25.869+0000] {dagbag.py:545} INFO - Filling up the DagBag from /home/airflow/.local/lib/python3.12/site-packages/airflow/example_dags/example_branch_operator.py
[2024-10-22T14:51:25.880+0000] {processor.py:840} INFO - DAG(s) 'example_branch_operator' retrieved from /home/airflow/.local/lib/python3.12/site-packages/airflow/example_dags/example_branch_operator.py
[2024-10-22T14:51:25.900+0000] {logging_mixin.py:188} INFO - [2024-10-22T14:51:25.900+0000] {dag.py:3089} INFO - Sync 1 DAGs
[2024-10-22T14:51:25.916+0000] {logging_mixin.py:188} INFO - [2024-10-22T14:51:25.916+0000] {dag.py:3947} INFO - Setting next_dagrun for example_branch_operator to 2024-10-21 00:00:00+00:00, run_after=2024-10-22 00:00:00+00:00
[2024-10-22T14:51:25.929+0000] {processor.py:183} INFO - Processing /home/airflow/.local/lib/python3.12/site-packages/airflow/example_dags/example_branch_operator.py took 0.066 seconds
[2024-10-22T14:51:56.267+0000] {processor.py:161} INFO - Started process (PID=5117) to work on /home/airflow/.local/lib/python3.12/site-packages/airflow/example_dags/example_branch_operator.py
[2024-10-22T14:51:56.268+0000] {processor.py:830} INFO - Processing file /home/airflow/.local/lib/python3.12/site-packages/airflow/example_dags/example_branch_operator.py for tasks to queue
[2024-10-22T14:51:56.270+0000] {logging_mixin.py:188} INFO - [2024-10-22T14:51:56.269+0000] {dagbag.py:545} INFO - Filling up the DagBag from /home/airflow/.local/lib/python3.12/site-packages/airflow/example_dags/example_branch_operator.py
[2024-10-22T14:51:56.281+0000] {processor.py:840} INFO - DAG(s) 'example_branch_operator' retrieved from /home/airflow/.local/lib/python3.12/site-packages/airflow/example_dags/example_branch_operator.py
[2024-10-22T14:51:56.300+0000] {logging_mixin.py:188} INFO - [2024-10-22T14:51:56.300+0000] {dag.py:3089} INFO - Sync 1 DAGs
[2024-10-22T14:51:56.316+0000] {logging_mixin.py:188} INFO - [2024-10-22T14:51:56.315+0000] {dag.py:3947} INFO - Setting next_dagrun for example_branch_operator to 2024-10-21 00:00:00+00:00, run_after=2024-10-22 00:00:00+00:00
[2024-10-22T14:51:56.327+0000] {processor.py:183} INFO - Processing /home/airflow/.local/lib/python3.12/site-packages/airflow/example_dags/example_branch_operator.py took 0.064 seconds
[2024-10-22T14:52:26.662+0000] {processor.py:161} INFO - Started process (PID=5384) to work on /home/airflow/.local/lib/python3.12/site-packages/airflow/example_dags/example_branch_operator.py
[2024-10-22T14:52:26.662+0000] {processor.py:830} INFO - Processing file /home/airflow/.local/lib/python3.12/site-packages/airflow/example_dags/example_branch_operator.py for tasks to queue
[2024-10-22T14:52:26.664+0000] {logging_mixin.py:188} INFO - [2024-10-22T14:52:26.664+0000] {dagbag.py:545} INFO - Filling up the DagBag from /home/airflow/.local/lib/python3.12/site-packages/airflow/example_dags/example_branch_operator.py
[2024-10-22T14:52:26.675+0000] {processor.py:840} INFO - DAG(s) 'example_branch_operator' retrieved from /home/airflow/.local/lib/python3.12/site-packages/airflow/example_dags/example_branch_operator.py
[2024-10-22T14:52:26.697+0000] {logging_mixin.py:188} INFO - [2024-10-22T14:52:26.696+0000] {dag.py:3089} INFO - Sync 1 DAGs
[2024-10-22T14:52:26.713+0000] {logging_mixin.py:188} INFO - [2024-10-22T14:52:26.713+0000] {dag.py:3947} INFO - Setting next_dagrun for example_branch_operator to 2024-10-21 00:00:00+00:00, run_after=2024-10-22 00:00:00+00:00
[2024-10-22T14:52:26.727+0000] {processor.py:183} INFO - Processing /home/airflow/.local/lib/python3.12/site-packages/airflow/example_dags/example_branch_operator.py took 0.070 seconds
[2024-10-22T14:52:56.989+0000] {processor.py:161} INFO - Started process (PID=5654) to work on /home/airflow/.local/lib/python3.12/site-packages/airflow/example_dags/example_branch_operator.py
[2024-10-22T14:52:56.990+0000] {processor.py:830} INFO - Processing file /home/airflow/.local/lib/python3.12/site-packages/airflow/example_dags/example_branch_operator.py for tasks to queue
[2024-10-22T14:52:56.991+0000] {logging_mixin.py:188} INFO - [2024-10-22T14:52:56.991+0000] {dagbag.py:545} INFO - Filling up the DagBag from /home/airflow/.local/lib/python3.12/site-packages/airflow/example_dags/example_branch_operator.py
[2024-10-22T14:52:57.002+0000] {processor.py:840} INFO - DAG(s) 'example_branch_operator' retrieved from /home/airflow/.local/lib/python3.12/site-packages/airflow/example_dags/example_branch_operator.py
[2024-10-22T14:52:57.021+0000] {logging_mixin.py:188} INFO - [2024-10-22T14:52:57.021+0000] {dag.py:3089} INFO - Sync 1 DAGs
[2024-10-22T14:52:57.038+0000] {logging_mixin.py:188} INFO - [2024-10-22T14:52:57.037+0000] {dag.py:3947} INFO - Setting next_dagrun for example_branch_operator to 2024-10-21 00:00:00+00:00, run_after=2024-10-22 00:00:00+00:00
[2024-10-22T14:52:57.050+0000] {processor.py:183} INFO - Processing /home/airflow/.local/lib/python3.12/site-packages/airflow/example_dags/example_branch_operator.py took 0.065 seconds
[2024-10-22T14:53:27.304+0000] {processor.py:161} INFO - Started process (PID=5921) to work on /home/airflow/.local/lib/python3.12/site-packages/airflow/example_dags/example_branch_operator.py
[2024-10-22T14:53:27.305+0000] {processor.py:830} INFO - Processing file /home/airflow/.local/lib/python3.12/site-packages/airflow/example_dags/example_branch_operator.py for tasks to queue
[2024-10-22T14:53:27.306+0000] {logging_mixin.py:188} INFO - [2024-10-22T14:53:27.306+0000] {dagbag.py:545} INFO - Filling up the DagBag from /home/airflow/.local/lib/python3.12/site-packages/airflow/example_dags/example_branch_operator.py
[2024-10-22T14:53:27.317+0000] {processor.py:840} INFO - DAG(s) 'example_branch_operator' retrieved from /home/airflow/.local/lib/python3.12/site-packages/airflow/example_dags/example_branch_operator.py
[2024-10-22T14:53:27.338+0000] {logging_mixin.py:188} INFO - [2024-10-22T14:53:27.338+0000] {dag.py:3089} INFO - Sync 1 DAGs
[2024-10-22T14:53:27.354+0000] {logging_mixin.py:188} INFO - [2024-10-22T14:53:27.354+0000] {dag.py:3947} INFO - Setting next_dagrun for example_branch_operator to 2024-10-21 00:00:00+00:00, run_after=2024-10-22 00:00:00+00:00
[2024-10-22T14:53:27.366+0000] {processor.py:183} INFO - Processing /home/airflow/.local/lib/python3.12/site-packages/airflow/example_dags/example_branch_operator.py took 0.066 seconds
[2024-10-22T14:53:57.752+0000] {processor.py:161} INFO - Started process (PID=6188) to work on /home/airflow/.local/lib/python3.12/site-packages/airflow/example_dags/example_branch_operator.py
[2024-10-22T14:53:57.752+0000] {processor.py:830} INFO - Processing file /home/airflow/.local/lib/python3.12/site-packages/airflow/example_dags/example_branch_operator.py for tasks to queue
[2024-10-22T14:53:57.754+0000] {logging_mixin.py:188} INFO - [2024-10-22T14:53:57.753+0000] {dagbag.py:545} INFO - Filling up the DagBag from /home/airflow/.local/lib/python3.12/site-packages/airflow/example_dags/example_branch_operator.py
[2024-10-22T14:53:57.765+0000] {processor.py:840} INFO - DAG(s) 'example_branch_operator' retrieved from /home/airflow/.local/lib/python3.12/site-packages/airflow/example_dags/example_branch_operator.py
[2024-10-22T14:53:57.784+0000] {logging_mixin.py:188} INFO - [2024-10-22T14:53:57.784+0000] {dag.py:3089} INFO - Sync 1 DAGs
[2024-10-22T14:53:57.801+0000] {logging_mixin.py:188} INFO - [2024-10-22T14:53:57.800+0000] {dag.py:3947} INFO - Setting next_dagrun for example_branch_operator to 2024-10-21 00:00:00+00:00, run_after=2024-10-22 00:00:00+00:00
[2024-10-22T14:53:57.813+0000] {processor.py:183} INFO - Processing /home/airflow/.local/lib/python3.12/site-packages/airflow/example_dags/example_branch_operator.py took 0.066 seconds
[2024-10-22T14:54:28.004+0000] {processor.py:161} INFO - Started process (PID=6452) to work on /home/airflow/.local/lib/python3.12/site-packages/airflow/example_dags/example_branch_operator.py
[2024-10-22T14:54:28.005+0000] {processor.py:830} INFO - Processing file /home/airflow/.local/lib/python3.12/site-packages/airflow/example_dags/example_branch_operator.py for tasks to queue
[2024-10-22T14:54:28.006+0000] {logging_mixin.py:188} INFO - [2024-10-22T14:54:28.006+0000] {dagbag.py:545} INFO - Filling up the DagBag from /home/airflow/.local/lib/python3.12/site-packages/airflow/example_dags/example_branch_operator.py
[2024-10-22T14:54:28.018+0000] {processor.py:840} INFO - DAG(s) 'example_branch_operator' retrieved from /home/airflow/.local/lib/python3.12/site-packages/airflow/example_dags/example_branch_operator.py
[2024-10-22T14:54:28.037+0000] {logging_mixin.py:188} INFO - [2024-10-22T14:54:28.037+0000] {dag.py:3089} INFO - Sync 1 DAGs
[2024-10-22T14:54:28.051+0000] {logging_mixin.py:188} INFO - [2024-10-22T14:54:28.051+0000] {dag.py:3947} INFO - Setting next_dagrun for example_branch_operator to 2024-10-21 00:00:00+00:00, run_after=2024-10-22 00:00:00+00:00
[2024-10-22T14:54:28.063+0000] {processor.py:183} INFO - Processing /home/airflow/.local/lib/python3.12/site-packages/airflow/example_dags/example_branch_operator.py took 0.063 seconds
[2024-10-22T14:54:58.674+0000] {processor.py:161} INFO - Started process (PID=6721) to work on /home/airflow/.local/lib/python3.12/site-packages/airflow/example_dags/example_branch_operator.py
[2024-10-22T14:54:58.675+0000] {processor.py:830} INFO - Processing file /home/airflow/.local/lib/python3.12/site-packages/airflow/example_dags/example_branch_operator.py for tasks to queue
[2024-10-22T14:54:58.676+0000] {logging_mixin.py:188} INFO - [2024-10-22T14:54:58.676+0000] {dagbag.py:545} INFO - Filling up the DagBag from /home/airflow/.local/lib/python3.12/site-packages/airflow/example_dags/example_branch_operator.py
[2024-10-22T14:54:58.687+0000] {processor.py:840} INFO - DAG(s) 'example_branch_operator' retrieved from /home/airflow/.local/lib/python3.12/site-packages/airflow/example_dags/example_branch_operator.py
[2024-10-22T14:54:58.708+0000] {logging_mixin.py:188} INFO - [2024-10-22T14:54:58.708+0000] {dag.py:3089} INFO - Sync 1 DAGs
[2024-10-22T14:54:58.725+0000] {logging_mixin.py:188} INFO - [2024-10-22T14:54:58.725+0000] {dag.py:3947} INFO - Setting next_dagrun for example_branch_operator to 2024-10-21 00:00:00+00:00, run_after=2024-10-22 00:00:00+00:00
[2024-10-22T14:54:58.739+0000] {processor.py:183} INFO - Processing /home/airflow/.local/lib/python3.12/site-packages/airflow/example_dags/example_branch_operator.py took 0.068 seconds
[2024-10-22T14:55:29.107+0000] {processor.py:161} INFO - Started process (PID=6987) to work on /home/airflow/.local/lib/python3.12/site-packages/airflow/example_dags/example_branch_operator.py
[2024-10-22T14:55:29.108+0000] {processor.py:830} INFO - Processing file /home/airflow/.local/lib/python3.12/site-packages/airflow/example_dags/example_branch_operator.py for tasks to queue
[2024-10-22T14:55:29.109+0000] {logging_mixin.py:188} INFO - [2024-10-22T14:55:29.109+0000] {dagbag.py:545} INFO - Filling up the DagBag from /home/airflow/.local/lib/python3.12/site-packages/airflow/example_dags/example_branch_operator.py
[2024-10-22T14:55:29.121+0000] {processor.py:840} INFO - DAG(s) 'example_branch_operator' retrieved from /home/airflow/.local/lib/python3.12/site-packages/airflow/example_dags/example_branch_operator.py
[2024-10-22T14:55:29.140+0000] {logging_mixin.py:188} INFO - [2024-10-22T14:55:29.140+0000] {dag.py:3089} INFO - Sync 1 DAGs
[2024-10-22T14:55:29.263+0000] {logging_mixin.py:188} INFO - [2024-10-22T14:55:29.263+0000] {dag.py:3947} INFO - Setting next_dagrun for example_branch_operator to 2024-10-21 00:00:00+00:00, run_after=2024-10-22 00:00:00+00:00
[2024-10-22T14:55:29.276+0000] {processor.py:183} INFO - Processing /home/airflow/.local/lib/python3.12/site-packages/airflow/example_dags/example_branch_operator.py took 0.173 seconds
[2024-10-22T14:55:59.987+0000] {processor.py:161} INFO - Started process (PID=7256) to work on /home/airflow/.local/lib/python3.12/site-packages/airflow/example_dags/example_branch_operator.py
[2024-10-22T14:55:59.988+0000] {processor.py:830} INFO - Processing file /home/airflow/.local/lib/python3.12/site-packages/airflow/example_dags/example_branch_operator.py for tasks to queue
[2024-10-22T14:55:59.989+0000] {logging_mixin.py:188} INFO - [2024-10-22T14:55:59.989+0000] {dagbag.py:545} INFO - Filling up the DagBag from /home/airflow/.local/lib/python3.12/site-packages/airflow/example_dags/example_branch_operator.py
[2024-10-22T14:56:00.001+0000] {processor.py:840} INFO - DAG(s) 'example_branch_operator' retrieved from /home/airflow/.local/lib/python3.12/site-packages/airflow/example_dags/example_branch_operator.py
[2024-10-22T14:56:00.023+0000] {logging_mixin.py:188} INFO - [2024-10-22T14:56:00.022+0000] {dag.py:3089} INFO - Sync 1 DAGs
[2024-10-22T14:56:00.039+0000] {logging_mixin.py:188} INFO - [2024-10-22T14:56:00.039+0000] {dag.py:3947} INFO - Setting next_dagrun for example_branch_operator to 2024-10-21 00:00:00+00:00, run_after=2024-10-22 00:00:00+00:00
[2024-10-22T14:56:00.147+0000] {processor.py:183} INFO - Processing /home/airflow/.local/lib/python3.12/site-packages/airflow/example_dags/example_branch_operator.py took 0.164 seconds
[2024-10-22T14:56:30.699+0000] {processor.py:161} INFO - Started process (PID=7523) to work on /home/airflow/.local/lib/python3.12/site-packages/airflow/example_dags/example_branch_operator.py
[2024-10-22T14:56:30.700+0000] {processor.py:830} INFO - Processing file /home/airflow/.local/lib/python3.12/site-packages/airflow/example_dags/example_branch_operator.py for tasks to queue
[2024-10-22T14:56:30.701+0000] {logging_mixin.py:188} INFO - [2024-10-22T14:56:30.701+0000] {dagbag.py:545} INFO - Filling up the DagBag from /home/airflow/.local/lib/python3.12/site-packages/airflow/example_dags/example_branch_operator.py
[2024-10-22T14:56:30.714+0000] {processor.py:840} INFO - DAG(s) 'example_branch_operator' retrieved from /home/airflow/.local/lib/python3.12/site-packages/airflow/example_dags/example_branch_operator.py
[2024-10-22T14:56:30.733+0000] {logging_mixin.py:188} INFO - [2024-10-22T14:56:30.733+0000] {dag.py:3089} INFO - Sync 1 DAGs
[2024-10-22T14:56:30.748+0000] {logging_mixin.py:188} INFO - [2024-10-22T14:56:30.748+0000] {dag.py:3947} INFO - Setting next_dagrun for example_branch_operator to 2024-10-21 00:00:00+00:00, run_after=2024-10-22 00:00:00+00:00
[2024-10-22T14:56:30.761+0000] {processor.py:183} INFO - Processing /home/airflow/.local/lib/python3.12/site-packages/airflow/example_dags/example_branch_operator.py took 0.066 seconds
[2024-10-22T14:57:00.883+0000] {processor.py:161} INFO - Started process (PID=7790) to work on /home/airflow/.local/lib/python3.12/site-packages/airflow/example_dags/example_branch_operator.py
[2024-10-22T14:57:00.883+0000] {processor.py:830} INFO - Processing file /home/airflow/.local/lib/python3.12/site-packages/airflow/example_dags/example_branch_operator.py for tasks to queue
[2024-10-22T14:57:00.885+0000] {logging_mixin.py:188} INFO - [2024-10-22T14:57:00.884+0000] {dagbag.py:545} INFO - Filling up the DagBag from /home/airflow/.local/lib/python3.12/site-packages/airflow/example_dags/example_branch_operator.py
[2024-10-22T14:57:00.896+0000] {processor.py:840} INFO - DAG(s) 'example_branch_operator' retrieved from /home/airflow/.local/lib/python3.12/site-packages/airflow/example_dags/example_branch_operator.py
[2024-10-22T14:57:00.920+0000] {logging_mixin.py:188} INFO - [2024-10-22T14:57:00.920+0000] {dag.py:3089} INFO - Sync 1 DAGs
[2024-10-22T14:57:00.937+0000] {logging_mixin.py:188} INFO - [2024-10-22T14:57:00.937+0000] {dag.py:3947} INFO - Setting next_dagrun for example_branch_operator to 2024-10-21 00:00:00+00:00, run_after=2024-10-22 00:00:00+00:00
[2024-10-22T14:57:00.950+0000] {processor.py:183} INFO - Processing /home/airflow/.local/lib/python3.12/site-packages/airflow/example_dags/example_branch_operator.py took 0.072 seconds
[2024-10-22T14:57:32.112+0000] {processor.py:161} INFO - Started process (PID=8062) to work on /home/airflow/.local/lib/python3.12/site-packages/airflow/example_dags/example_branch_operator.py
[2024-10-22T14:57:32.112+0000] {processor.py:830} INFO - Processing file /home/airflow/.local/lib/python3.12/site-packages/airflow/example_dags/example_branch_operator.py for tasks to queue
[2024-10-22T14:57:32.114+0000] {logging_mixin.py:188} INFO - [2024-10-22T14:57:32.114+0000] {dagbag.py:545} INFO - Filling up the DagBag from /home/airflow/.local/lib/python3.12/site-packages/airflow/example_dags/example_branch_operator.py
[2024-10-22T14:57:32.124+0000] {processor.py:840} INFO - DAG(s) 'example_branch_operator' retrieved from /home/airflow/.local/lib/python3.12/site-packages/airflow/example_dags/example_branch_operator.py
[2024-10-22T14:57:32.143+0000] {logging_mixin.py:188} INFO - [2024-10-22T14:57:32.143+0000] {dag.py:3089} INFO - Sync 1 DAGs
[2024-10-22T14:57:32.160+0000] {logging_mixin.py:188} INFO - [2024-10-22T14:57:32.160+0000] {dag.py:3947} INFO - Setting next_dagrun for example_branch_operator to 2024-10-21 00:00:00+00:00, run_after=2024-10-22 00:00:00+00:00
[2024-10-22T14:57:32.174+0000] {processor.py:183} INFO - Processing /home/airflow/.local/lib/python3.12/site-packages/airflow/example_dags/example_branch_operator.py took 0.066 seconds
