[2024-10-22T14:00:15.617+0000] {processor.py:161} INFO - Started process (PID=362) to work on /home/airflow/.local/lib/python3.12/site-packages/airflow/example_dags/tutorial_dag.py
[2024-10-22T14:00:15.619+0000] {processor.py:830} INFO - Processing file /home/airflow/.local/lib/python3.12/site-packages/airflow/example_dags/tutorial_dag.py for tasks to queue
[2024-10-22T14:00:15.620+0000] {logging_mixin.py:188} INFO - [2024-10-22T14:00:15.620+0000] {dagbag.py:545} INFO - Filling up the DagBag from /home/airflow/.local/lib/python3.12/site-packages/airflow/example_dags/tutorial_dag.py
[2024-10-22T14:00:15.625+0000] {processor.py:840} INFO - DAG(s) 'tutorial_dag' retrieved from /home/airflow/.local/lib/python3.12/site-packages/airflow/example_dags/tutorial_dag.py
[2024-10-22T14:00:15.705+0000] {logging_mixin.py:188} INFO - [2024-10-22T14:00:15.704+0000] {override.py:1858} INFO - Created Permission View: can delete on DAG:tutorial_dag
[2024-10-22T14:00:15.714+0000] {logging_mixin.py:188} INFO - [2024-10-22T14:00:15.714+0000] {override.py:1858} INFO - Created Permission View: can edit on DAG:tutorial_dag
[2024-10-22T14:00:15.721+0000] {logging_mixin.py:188} INFO - [2024-10-22T14:00:15.721+0000] {override.py:1858} INFO - Created Permission View: can read on DAG:tutorial_dag
[2024-10-22T14:00:15.722+0000] {logging_mixin.py:188} INFO - [2024-10-22T14:00:15.721+0000] {dag.py:3089} INFO - Sync 1 DAGs
[2024-10-22T14:00:15.730+0000] {logging_mixin.py:188} INFO - [2024-10-22T14:00:15.730+0000] {dag.py:3111} INFO - Creating ORM DAG for tutorial_dag
[2024-10-22T14:00:15.731+0000] {logging_mixin.py:188} INFO - [2024-10-22T14:00:15.731+0000] {dag.py:3947} INFO - Setting next_dagrun for tutorial_dag to None, run_after=None
[2024-10-22T14:00:15.745+0000] {processor.py:183} INFO - Processing /home/airflow/.local/lib/python3.12/site-packages/airflow/example_dags/tutorial_dag.py took 0.131 seconds
[2024-10-22T14:00:46.687+0000] {processor.py:161} INFO - Started process (PID=629) to work on /home/airflow/.local/lib/python3.12/site-packages/airflow/example_dags/tutorial_dag.py
[2024-10-22T14:00:46.688+0000] {processor.py:830} INFO - Processing file /home/airflow/.local/lib/python3.12/site-packages/airflow/example_dags/tutorial_dag.py for tasks to queue
[2024-10-22T14:00:46.689+0000] {logging_mixin.py:188} INFO - [2024-10-22T14:00:46.689+0000] {dagbag.py:545} INFO - Filling up the DagBag from /home/airflow/.local/lib/python3.12/site-packages/airflow/example_dags/tutorial_dag.py
[2024-10-22T14:00:46.694+0000] {processor.py:840} INFO - DAG(s) 'tutorial_dag' retrieved from /home/airflow/.local/lib/python3.12/site-packages/airflow/example_dags/tutorial_dag.py
[2024-10-22T14:00:46.710+0000] {logging_mixin.py:188} INFO - [2024-10-22T14:00:46.710+0000] {dag.py:3089} INFO - Sync 1 DAGs
[2024-10-22T14:00:46.720+0000] {logging_mixin.py:188} INFO - [2024-10-22T14:00:46.720+0000] {dag.py:3947} INFO - Setting next_dagrun for tutorial_dag to None, run_after=None
[2024-10-22T14:00:46.734+0000] {processor.py:183} INFO - Processing /home/airflow/.local/lib/python3.12/site-packages/airflow/example_dags/tutorial_dag.py took 0.051 seconds
[2024-10-22T14:01:17.041+0000] {processor.py:161} INFO - Started process (PID=896) to work on /home/airflow/.local/lib/python3.12/site-packages/airflow/example_dags/tutorial_dag.py
[2024-10-22T14:01:17.041+0000] {processor.py:830} INFO - Processing file /home/airflow/.local/lib/python3.12/site-packages/airflow/example_dags/tutorial_dag.py for tasks to queue
[2024-10-22T14:01:17.043+0000] {logging_mixin.py:188} INFO - [2024-10-22T14:01:17.043+0000] {dagbag.py:545} INFO - Filling up the DagBag from /home/airflow/.local/lib/python3.12/site-packages/airflow/example_dags/tutorial_dag.py
[2024-10-22T14:01:17.048+0000] {processor.py:840} INFO - DAG(s) 'tutorial_dag' retrieved from /home/airflow/.local/lib/python3.12/site-packages/airflow/example_dags/tutorial_dag.py
[2024-10-22T14:01:17.063+0000] {logging_mixin.py:188} INFO - [2024-10-22T14:01:17.063+0000] {dag.py:3089} INFO - Sync 1 DAGs
[2024-10-22T14:01:17.072+0000] {logging_mixin.py:188} INFO - [2024-10-22T14:01:17.072+0000] {dag.py:3947} INFO - Setting next_dagrun for tutorial_dag to None, run_after=None
[2024-10-22T14:01:17.086+0000] {processor.py:183} INFO - Processing /home/airflow/.local/lib/python3.12/site-packages/airflow/example_dags/tutorial_dag.py took 0.050 seconds
[2024-10-22T14:01:47.384+0000] {processor.py:161} INFO - Started process (PID=1163) to work on /home/airflow/.local/lib/python3.12/site-packages/airflow/example_dags/tutorial_dag.py
[2024-10-22T14:01:47.385+0000] {processor.py:830} INFO - Processing file /home/airflow/.local/lib/python3.12/site-packages/airflow/example_dags/tutorial_dag.py for tasks to queue
[2024-10-22T14:01:47.386+0000] {logging_mixin.py:188} INFO - [2024-10-22T14:01:47.386+0000] {dagbag.py:545} INFO - Filling up the DagBag from /home/airflow/.local/lib/python3.12/site-packages/airflow/example_dags/tutorial_dag.py
[2024-10-22T14:01:47.390+0000] {processor.py:840} INFO - DAG(s) 'tutorial_dag' retrieved from /home/airflow/.local/lib/python3.12/site-packages/airflow/example_dags/tutorial_dag.py
[2024-10-22T14:01:47.404+0000] {logging_mixin.py:188} INFO - [2024-10-22T14:01:47.403+0000] {dag.py:3089} INFO - Sync 1 DAGs
[2024-10-22T14:01:47.412+0000] {logging_mixin.py:188} INFO - [2024-10-22T14:01:47.412+0000] {dag.py:3947} INFO - Setting next_dagrun for tutorial_dag to None, run_after=None
[2024-10-22T14:01:47.424+0000] {processor.py:183} INFO - Processing /home/airflow/.local/lib/python3.12/site-packages/airflow/example_dags/tutorial_dag.py took 0.044 seconds
[2024-10-22T14:02:17.763+0000] {processor.py:161} INFO - Started process (PID=1430) to work on /home/airflow/.local/lib/python3.12/site-packages/airflow/example_dags/tutorial_dag.py
[2024-10-22T14:02:17.764+0000] {processor.py:830} INFO - Processing file /home/airflow/.local/lib/python3.12/site-packages/airflow/example_dags/tutorial_dag.py for tasks to queue
[2024-10-22T14:02:17.765+0000] {logging_mixin.py:188} INFO - [2024-10-22T14:02:17.765+0000] {dagbag.py:545} INFO - Filling up the DagBag from /home/airflow/.local/lib/python3.12/site-packages/airflow/example_dags/tutorial_dag.py
[2024-10-22T14:02:17.770+0000] {processor.py:840} INFO - DAG(s) 'tutorial_dag' retrieved from /home/airflow/.local/lib/python3.12/site-packages/airflow/example_dags/tutorial_dag.py
[2024-10-22T14:02:17.785+0000] {logging_mixin.py:188} INFO - [2024-10-22T14:02:17.785+0000] {dag.py:3089} INFO - Sync 1 DAGs
[2024-10-22T14:02:17.794+0000] {logging_mixin.py:188} INFO - [2024-10-22T14:02:17.794+0000] {dag.py:3947} INFO - Setting next_dagrun for tutorial_dag to None, run_after=None
[2024-10-22T14:02:17.808+0000] {processor.py:183} INFO - Processing /home/airflow/.local/lib/python3.12/site-packages/airflow/example_dags/tutorial_dag.py took 0.049 seconds
[2024-10-22T14:02:47.951+0000] {processor.py:161} INFO - Started process (PID=1697) to work on /home/airflow/.local/lib/python3.12/site-packages/airflow/example_dags/tutorial_dag.py
[2024-10-22T14:02:47.952+0000] {processor.py:830} INFO - Processing file /home/airflow/.local/lib/python3.12/site-packages/airflow/example_dags/tutorial_dag.py for tasks to queue
[2024-10-22T14:02:47.953+0000] {logging_mixin.py:188} INFO - [2024-10-22T14:02:47.953+0000] {dagbag.py:545} INFO - Filling up the DagBag from /home/airflow/.local/lib/python3.12/site-packages/airflow/example_dags/tutorial_dag.py
[2024-10-22T14:02:47.957+0000] {processor.py:840} INFO - DAG(s) 'tutorial_dag' retrieved from /home/airflow/.local/lib/python3.12/site-packages/airflow/example_dags/tutorial_dag.py
[2024-10-22T14:02:47.971+0000] {logging_mixin.py:188} INFO - [2024-10-22T14:02:47.970+0000] {dag.py:3089} INFO - Sync 1 DAGs
[2024-10-22T14:02:47.979+0000] {logging_mixin.py:188} INFO - [2024-10-22T14:02:47.979+0000] {dag.py:3947} INFO - Setting next_dagrun for tutorial_dag to None, run_after=None
[2024-10-22T14:02:47.993+0000] {processor.py:183} INFO - Processing /home/airflow/.local/lib/python3.12/site-packages/airflow/example_dags/tutorial_dag.py took 0.046 seconds
[2024-10-22T14:03:18.209+0000] {processor.py:161} INFO - Started process (PID=1964) to work on /home/airflow/.local/lib/python3.12/site-packages/airflow/example_dags/tutorial_dag.py
[2024-10-22T14:03:18.209+0000] {processor.py:830} INFO - Processing file /home/airflow/.local/lib/python3.12/site-packages/airflow/example_dags/tutorial_dag.py for tasks to queue
[2024-10-22T14:03:18.211+0000] {logging_mixin.py:188} INFO - [2024-10-22T14:03:18.210+0000] {dagbag.py:545} INFO - Filling up the DagBag from /home/airflow/.local/lib/python3.12/site-packages/airflow/example_dags/tutorial_dag.py
[2024-10-22T14:03:18.214+0000] {processor.py:840} INFO - DAG(s) 'tutorial_dag' retrieved from /home/airflow/.local/lib/python3.12/site-packages/airflow/example_dags/tutorial_dag.py
[2024-10-22T14:03:18.229+0000] {logging_mixin.py:188} INFO - [2024-10-22T14:03:18.229+0000] {dag.py:3089} INFO - Sync 1 DAGs
[2024-10-22T14:03:18.239+0000] {logging_mixin.py:188} INFO - [2024-10-22T14:03:18.239+0000] {dag.py:3947} INFO - Setting next_dagrun for tutorial_dag to None, run_after=None
[2024-10-22T14:03:18.253+0000] {processor.py:183} INFO - Processing /home/airflow/.local/lib/python3.12/site-packages/airflow/example_dags/tutorial_dag.py took 0.048 seconds
[2024-10-22T14:03:48.637+0000] {processor.py:161} INFO - Started process (PID=2231) to work on /home/airflow/.local/lib/python3.12/site-packages/airflow/example_dags/tutorial_dag.py
[2024-10-22T14:03:48.638+0000] {processor.py:830} INFO - Processing file /home/airflow/.local/lib/python3.12/site-packages/airflow/example_dags/tutorial_dag.py for tasks to queue
[2024-10-22T14:03:48.639+0000] {logging_mixin.py:188} INFO - [2024-10-22T14:03:48.639+0000] {dagbag.py:545} INFO - Filling up the DagBag from /home/airflow/.local/lib/python3.12/site-packages/airflow/example_dags/tutorial_dag.py
[2024-10-22T14:03:48.643+0000] {processor.py:840} INFO - DAG(s) 'tutorial_dag' retrieved from /home/airflow/.local/lib/python3.12/site-packages/airflow/example_dags/tutorial_dag.py
[2024-10-22T14:03:48.657+0000] {logging_mixin.py:188} INFO - [2024-10-22T14:03:48.657+0000] {dag.py:3089} INFO - Sync 1 DAGs
[2024-10-22T14:03:48.666+0000] {logging_mixin.py:188} INFO - [2024-10-22T14:03:48.665+0000] {dag.py:3947} INFO - Setting next_dagrun for tutorial_dag to None, run_after=None
[2024-10-22T14:03:48.679+0000] {processor.py:183} INFO - Processing /home/airflow/.local/lib/python3.12/site-packages/airflow/example_dags/tutorial_dag.py took 0.046 seconds
[2024-10-22T14:34:26.364+0000] {processor.py:161} INFO - Started process (PID=362) to work on /home/airflow/.local/lib/python3.12/site-packages/airflow/example_dags/tutorial_dag.py
[2024-10-22T14:34:26.365+0000] {processor.py:830} INFO - Processing file /home/airflow/.local/lib/python3.12/site-packages/airflow/example_dags/tutorial_dag.py for tasks to queue
[2024-10-22T14:34:26.367+0000] {logging_mixin.py:188} INFO - [2024-10-22T14:34:26.367+0000] {dagbag.py:545} INFO - Filling up the DagBag from /home/airflow/.local/lib/python3.12/site-packages/airflow/example_dags/tutorial_dag.py
[2024-10-22T14:34:26.371+0000] {processor.py:840} INFO - DAG(s) 'tutorial_dag' retrieved from /home/airflow/.local/lib/python3.12/site-packages/airflow/example_dags/tutorial_dag.py
[2024-10-22T14:34:26.381+0000] {logging_mixin.py:188} INFO - [2024-10-22T14:34:26.381+0000] {dag.py:3089} INFO - Sync 1 DAGs
[2024-10-22T14:34:26.390+0000] {logging_mixin.py:188} INFO - [2024-10-22T14:34:26.390+0000] {dag.py:3947} INFO - Setting next_dagrun for tutorial_dag to None, run_after=None
[2024-10-22T14:34:26.403+0000] {processor.py:183} INFO - Processing /home/airflow/.local/lib/python3.12/site-packages/airflow/example_dags/tutorial_dag.py took 0.043 seconds
[2024-10-22T14:34:58.155+0000] {processor.py:161} INFO - Started process (PID=627) to work on /home/airflow/.local/lib/python3.12/site-packages/airflow/example_dags/tutorial_dag.py
[2024-10-22T14:34:58.155+0000] {processor.py:830} INFO - Processing file /home/airflow/.local/lib/python3.12/site-packages/airflow/example_dags/tutorial_dag.py for tasks to queue
[2024-10-22T14:34:58.157+0000] {logging_mixin.py:188} INFO - [2024-10-22T14:34:58.156+0000] {dagbag.py:545} INFO - Filling up the DagBag from /home/airflow/.local/lib/python3.12/site-packages/airflow/example_dags/tutorial_dag.py
[2024-10-22T14:34:58.160+0000] {processor.py:840} INFO - DAG(s) 'tutorial_dag' retrieved from /home/airflow/.local/lib/python3.12/site-packages/airflow/example_dags/tutorial_dag.py
[2024-10-22T14:34:58.227+0000] {logging_mixin.py:188} INFO - [2024-10-22T14:34:58.227+0000] {dag.py:3089} INFO - Sync 1 DAGs
[2024-10-22T14:34:58.234+0000] {logging_mixin.py:188} INFO - [2024-10-22T14:34:58.234+0000] {dag.py:3947} INFO - Setting next_dagrun for tutorial_dag to None, run_after=None
[2024-10-22T14:34:58.247+0000] {processor.py:183} INFO - Processing /home/airflow/.local/lib/python3.12/site-packages/airflow/example_dags/tutorial_dag.py took 0.096 seconds
[2024-10-22T14:35:28.754+0000] {processor.py:161} INFO - Started process (PID=894) to work on /home/airflow/.local/lib/python3.12/site-packages/airflow/example_dags/tutorial_dag.py
[2024-10-22T14:35:28.755+0000] {processor.py:830} INFO - Processing file /home/airflow/.local/lib/python3.12/site-packages/airflow/example_dags/tutorial_dag.py for tasks to queue
[2024-10-22T14:35:28.756+0000] {logging_mixin.py:188} INFO - [2024-10-22T14:35:28.756+0000] {dagbag.py:545} INFO - Filling up the DagBag from /home/airflow/.local/lib/python3.12/site-packages/airflow/example_dags/tutorial_dag.py
[2024-10-22T14:35:28.759+0000] {processor.py:840} INFO - DAG(s) 'tutorial_dag' retrieved from /home/airflow/.local/lib/python3.12/site-packages/airflow/example_dags/tutorial_dag.py
[2024-10-22T14:35:28.772+0000] {logging_mixin.py:188} INFO - [2024-10-22T14:35:28.772+0000] {dag.py:3089} INFO - Sync 1 DAGs
[2024-10-22T14:35:28.780+0000] {logging_mixin.py:188} INFO - [2024-10-22T14:35:28.780+0000] {dag.py:3947} INFO - Setting next_dagrun for tutorial_dag to None, run_after=None
[2024-10-22T14:35:28.792+0000] {processor.py:183} INFO - Processing /home/airflow/.local/lib/python3.12/site-packages/airflow/example_dags/tutorial_dag.py took 0.042 seconds
[2024-10-22T14:35:58.918+0000] {processor.py:161} INFO - Started process (PID=1161) to work on /home/airflow/.local/lib/python3.12/site-packages/airflow/example_dags/tutorial_dag.py
[2024-10-22T14:35:58.918+0000] {processor.py:830} INFO - Processing file /home/airflow/.local/lib/python3.12/site-packages/airflow/example_dags/tutorial_dag.py for tasks to queue
[2024-10-22T14:35:58.919+0000] {logging_mixin.py:188} INFO - [2024-10-22T14:35:58.919+0000] {dagbag.py:545} INFO - Filling up the DagBag from /home/airflow/.local/lib/python3.12/site-packages/airflow/example_dags/tutorial_dag.py
[2024-10-22T14:35:58.923+0000] {processor.py:840} INFO - DAG(s) 'tutorial_dag' retrieved from /home/airflow/.local/lib/python3.12/site-packages/airflow/example_dags/tutorial_dag.py
[2024-10-22T14:35:58.936+0000] {logging_mixin.py:188} INFO - [2024-10-22T14:35:58.936+0000] {dag.py:3089} INFO - Sync 1 DAGs
[2024-10-22T14:35:58.944+0000] {logging_mixin.py:188} INFO - [2024-10-22T14:35:58.944+0000] {dag.py:3947} INFO - Setting next_dagrun for tutorial_dag to None, run_after=None
[2024-10-22T14:35:58.956+0000] {processor.py:183} INFO - Processing /home/airflow/.local/lib/python3.12/site-packages/airflow/example_dags/tutorial_dag.py took 0.042 seconds
[2024-10-22T14:36:29.311+0000] {processor.py:161} INFO - Started process (PID=1430) to work on /home/airflow/.local/lib/python3.12/site-packages/airflow/example_dags/tutorial_dag.py
[2024-10-22T14:36:29.311+0000] {processor.py:830} INFO - Processing file /home/airflow/.local/lib/python3.12/site-packages/airflow/example_dags/tutorial_dag.py for tasks to queue
[2024-10-22T14:36:29.313+0000] {logging_mixin.py:188} INFO - [2024-10-22T14:36:29.312+0000] {dagbag.py:545} INFO - Filling up the DagBag from /home/airflow/.local/lib/python3.12/site-packages/airflow/example_dags/tutorial_dag.py
[2024-10-22T14:36:29.316+0000] {processor.py:840} INFO - DAG(s) 'tutorial_dag' retrieved from /home/airflow/.local/lib/python3.12/site-packages/airflow/example_dags/tutorial_dag.py
[2024-10-22T14:36:29.330+0000] {logging_mixin.py:188} INFO - [2024-10-22T14:36:29.330+0000] {dag.py:3089} INFO - Sync 1 DAGs
[2024-10-22T14:36:29.338+0000] {logging_mixin.py:188} INFO - [2024-10-22T14:36:29.338+0000] {dag.py:3947} INFO - Setting next_dagrun for tutorial_dag to None, run_after=None
[2024-10-22T14:36:29.350+0000] {processor.py:183} INFO - Processing /home/airflow/.local/lib/python3.12/site-packages/airflow/example_dags/tutorial_dag.py took 0.043 seconds
[2024-10-22T14:36:59.448+0000] {processor.py:161} INFO - Started process (PID=1697) to work on /home/airflow/.local/lib/python3.12/site-packages/airflow/example_dags/tutorial_dag.py
[2024-10-22T14:36:59.449+0000] {processor.py:830} INFO - Processing file /home/airflow/.local/lib/python3.12/site-packages/airflow/example_dags/tutorial_dag.py for tasks to queue
[2024-10-22T14:36:59.450+0000] {logging_mixin.py:188} INFO - [2024-10-22T14:36:59.450+0000] {dagbag.py:545} INFO - Filling up the DagBag from /home/airflow/.local/lib/python3.12/site-packages/airflow/example_dags/tutorial_dag.py
[2024-10-22T14:36:59.454+0000] {processor.py:840} INFO - DAG(s) 'tutorial_dag' retrieved from /home/airflow/.local/lib/python3.12/site-packages/airflow/example_dags/tutorial_dag.py
[2024-10-22T14:36:59.470+0000] {logging_mixin.py:188} INFO - [2024-10-22T14:36:59.470+0000] {dag.py:3089} INFO - Sync 1 DAGs
[2024-10-22T14:36:59.481+0000] {logging_mixin.py:188} INFO - [2024-10-22T14:36:59.480+0000] {dag.py:3947} INFO - Setting next_dagrun for tutorial_dag to None, run_after=None
[2024-10-22T14:36:59.496+0000] {processor.py:183} INFO - Processing /home/airflow/.local/lib/python3.12/site-packages/airflow/example_dags/tutorial_dag.py took 0.052 seconds
[2024-10-22T14:37:29.739+0000] {processor.py:161} INFO - Started process (PID=1964) to work on /home/airflow/.local/lib/python3.12/site-packages/airflow/example_dags/tutorial_dag.py
[2024-10-22T14:37:29.740+0000] {processor.py:830} INFO - Processing file /home/airflow/.local/lib/python3.12/site-packages/airflow/example_dags/tutorial_dag.py for tasks to queue
[2024-10-22T14:37:29.741+0000] {logging_mixin.py:188} INFO - [2024-10-22T14:37:29.741+0000] {dagbag.py:545} INFO - Filling up the DagBag from /home/airflow/.local/lib/python3.12/site-packages/airflow/example_dags/tutorial_dag.py
[2024-10-22T14:37:29.744+0000] {processor.py:840} INFO - DAG(s) 'tutorial_dag' retrieved from /home/airflow/.local/lib/python3.12/site-packages/airflow/example_dags/tutorial_dag.py
[2024-10-22T14:37:29.758+0000] {logging_mixin.py:188} INFO - [2024-10-22T14:37:29.758+0000] {dag.py:3089} INFO - Sync 1 DAGs
[2024-10-22T14:37:29.766+0000] {logging_mixin.py:188} INFO - [2024-10-22T14:37:29.766+0000] {dag.py:3947} INFO - Setting next_dagrun for tutorial_dag to None, run_after=None
[2024-10-22T14:37:29.778+0000] {processor.py:183} INFO - Processing /home/airflow/.local/lib/python3.12/site-packages/airflow/example_dags/tutorial_dag.py took 0.043 seconds
[2024-10-22T14:37:59.900+0000] {processor.py:161} INFO - Started process (PID=2231) to work on /home/airflow/.local/lib/python3.12/site-packages/airflow/example_dags/tutorial_dag.py
[2024-10-22T14:37:59.901+0000] {processor.py:830} INFO - Processing file /home/airflow/.local/lib/python3.12/site-packages/airflow/example_dags/tutorial_dag.py for tasks to queue
[2024-10-22T14:37:59.902+0000] {logging_mixin.py:188} INFO - [2024-10-22T14:37:59.902+0000] {dagbag.py:545} INFO - Filling up the DagBag from /home/airflow/.local/lib/python3.12/site-packages/airflow/example_dags/tutorial_dag.py
[2024-10-22T14:37:59.906+0000] {processor.py:840} INFO - DAG(s) 'tutorial_dag' retrieved from /home/airflow/.local/lib/python3.12/site-packages/airflow/example_dags/tutorial_dag.py
[2024-10-22T14:37:59.919+0000] {logging_mixin.py:188} INFO - [2024-10-22T14:37:59.919+0000] {dag.py:3089} INFO - Sync 1 DAGs
[2024-10-22T14:37:59.928+0000] {logging_mixin.py:188} INFO - [2024-10-22T14:37:59.928+0000] {dag.py:3947} INFO - Setting next_dagrun for tutorial_dag to None, run_after=None
[2024-10-22T14:37:59.941+0000] {processor.py:183} INFO - Processing /home/airflow/.local/lib/python3.12/site-packages/airflow/example_dags/tutorial_dag.py took 0.045 seconds
[2024-10-22T14:38:30.035+0000] {processor.py:161} INFO - Started process (PID=2496) to work on /home/airflow/.local/lib/python3.12/site-packages/airflow/example_dags/tutorial_dag.py
[2024-10-22T14:38:30.036+0000] {processor.py:830} INFO - Processing file /home/airflow/.local/lib/python3.12/site-packages/airflow/example_dags/tutorial_dag.py for tasks to queue
[2024-10-22T14:38:30.037+0000] {logging_mixin.py:188} INFO - [2024-10-22T14:38:30.037+0000] {dagbag.py:545} INFO - Filling up the DagBag from /home/airflow/.local/lib/python3.12/site-packages/airflow/example_dags/tutorial_dag.py
[2024-10-22T14:38:30.041+0000] {processor.py:840} INFO - DAG(s) 'tutorial_dag' retrieved from /home/airflow/.local/lib/python3.12/site-packages/airflow/example_dags/tutorial_dag.py
[2024-10-22T14:38:30.055+0000] {logging_mixin.py:188} INFO - [2024-10-22T14:38:30.054+0000] {dag.py:3089} INFO - Sync 1 DAGs
[2024-10-22T14:38:30.064+0000] {logging_mixin.py:188} INFO - [2024-10-22T14:38:30.064+0000] {dag.py:3947} INFO - Setting next_dagrun for tutorial_dag to None, run_after=None
[2024-10-22T14:38:30.077+0000] {processor.py:183} INFO - Processing /home/airflow/.local/lib/python3.12/site-packages/airflow/example_dags/tutorial_dag.py took 0.046 seconds
[2024-10-22T14:39:00.578+0000] {processor.py:161} INFO - Started process (PID=2765) to work on /home/airflow/.local/lib/python3.12/site-packages/airflow/example_dags/tutorial_dag.py
[2024-10-22T14:39:00.578+0000] {processor.py:830} INFO - Processing file /home/airflow/.local/lib/python3.12/site-packages/airflow/example_dags/tutorial_dag.py for tasks to queue
[2024-10-22T14:39:00.579+0000] {logging_mixin.py:188} INFO - [2024-10-22T14:39:00.579+0000] {dagbag.py:545} INFO - Filling up the DagBag from /home/airflow/.local/lib/python3.12/site-packages/airflow/example_dags/tutorial_dag.py
[2024-10-22T14:39:00.583+0000] {processor.py:840} INFO - DAG(s) 'tutorial_dag' retrieved from /home/airflow/.local/lib/python3.12/site-packages/airflow/example_dags/tutorial_dag.py
[2024-10-22T14:39:00.598+0000] {logging_mixin.py:188} INFO - [2024-10-22T14:39:00.597+0000] {dag.py:3089} INFO - Sync 1 DAGs
[2024-10-22T14:39:00.606+0000] {logging_mixin.py:188} INFO - [2024-10-22T14:39:00.606+0000] {dag.py:3947} INFO - Setting next_dagrun for tutorial_dag to None, run_after=None
[2024-10-22T14:39:00.617+0000] {processor.py:183} INFO - Processing /home/airflow/.local/lib/python3.12/site-packages/airflow/example_dags/tutorial_dag.py took 0.043 seconds
[2024-10-22T14:39:30.704+0000] {processor.py:161} INFO - Started process (PID=3032) to work on /home/airflow/.local/lib/python3.12/site-packages/airflow/example_dags/tutorial_dag.py
[2024-10-22T14:39:30.704+0000] {processor.py:830} INFO - Processing file /home/airflow/.local/lib/python3.12/site-packages/airflow/example_dags/tutorial_dag.py for tasks to queue
[2024-10-22T14:39:30.705+0000] {logging_mixin.py:188} INFO - [2024-10-22T14:39:30.705+0000] {dagbag.py:545} INFO - Filling up the DagBag from /home/airflow/.local/lib/python3.12/site-packages/airflow/example_dags/tutorial_dag.py
[2024-10-22T14:39:30.709+0000] {processor.py:840} INFO - DAG(s) 'tutorial_dag' retrieved from /home/airflow/.local/lib/python3.12/site-packages/airflow/example_dags/tutorial_dag.py
[2024-10-22T14:39:30.722+0000] {logging_mixin.py:188} INFO - [2024-10-22T14:39:30.722+0000] {dag.py:3089} INFO - Sync 1 DAGs
[2024-10-22T14:39:30.730+0000] {logging_mixin.py:188} INFO - [2024-10-22T14:39:30.730+0000] {dag.py:3947} INFO - Setting next_dagrun for tutorial_dag to None, run_after=None
[2024-10-22T14:39:30.742+0000] {processor.py:183} INFO - Processing /home/airflow/.local/lib/python3.12/site-packages/airflow/example_dags/tutorial_dag.py took 0.042 seconds
[2024-10-22T14:40:00.978+0000] {processor.py:161} INFO - Started process (PID=3299) to work on /home/airflow/.local/lib/python3.12/site-packages/airflow/example_dags/tutorial_dag.py
[2024-10-22T14:40:00.979+0000] {processor.py:830} INFO - Processing file /home/airflow/.local/lib/python3.12/site-packages/airflow/example_dags/tutorial_dag.py for tasks to queue
[2024-10-22T14:40:00.980+0000] {logging_mixin.py:188} INFO - [2024-10-22T14:40:00.980+0000] {dagbag.py:545} INFO - Filling up the DagBag from /home/airflow/.local/lib/python3.12/site-packages/airflow/example_dags/tutorial_dag.py
[2024-10-22T14:40:00.984+0000] {processor.py:840} INFO - DAG(s) 'tutorial_dag' retrieved from /home/airflow/.local/lib/python3.12/site-packages/airflow/example_dags/tutorial_dag.py
[2024-10-22T14:40:00.998+0000] {logging_mixin.py:188} INFO - [2024-10-22T14:40:00.998+0000] {dag.py:3089} INFO - Sync 1 DAGs
[2024-10-22T14:40:01.006+0000] {logging_mixin.py:188} INFO - [2024-10-22T14:40:01.006+0000] {dag.py:3947} INFO - Setting next_dagrun for tutorial_dag to None, run_after=None
[2024-10-22T14:40:01.019+0000] {processor.py:183} INFO - Processing /home/airflow/.local/lib/python3.12/site-packages/airflow/example_dags/tutorial_dag.py took 0.045 seconds
[2024-10-22T14:40:31.176+0000] {processor.py:161} INFO - Started process (PID=3566) to work on /home/airflow/.local/lib/python3.12/site-packages/airflow/example_dags/tutorial_dag.py
[2024-10-22T14:40:31.177+0000] {processor.py:830} INFO - Processing file /home/airflow/.local/lib/python3.12/site-packages/airflow/example_dags/tutorial_dag.py for tasks to queue
[2024-10-22T14:40:31.178+0000] {logging_mixin.py:188} INFO - [2024-10-22T14:40:31.178+0000] {dagbag.py:545} INFO - Filling up the DagBag from /home/airflow/.local/lib/python3.12/site-packages/airflow/example_dags/tutorial_dag.py
[2024-10-22T14:40:31.182+0000] {processor.py:840} INFO - DAG(s) 'tutorial_dag' retrieved from /home/airflow/.local/lib/python3.12/site-packages/airflow/example_dags/tutorial_dag.py
[2024-10-22T14:40:31.196+0000] {logging_mixin.py:188} INFO - [2024-10-22T14:40:31.196+0000] {dag.py:3089} INFO - Sync 1 DAGs
[2024-10-22T14:40:31.204+0000] {logging_mixin.py:188} INFO - [2024-10-22T14:40:31.204+0000] {dag.py:3947} INFO - Setting next_dagrun for tutorial_dag to None, run_after=None
[2024-10-22T14:40:31.216+0000] {processor.py:183} INFO - Processing /home/airflow/.local/lib/python3.12/site-packages/airflow/example_dags/tutorial_dag.py took 0.044 seconds
[2024-10-22T14:41:01.320+0000] {processor.py:161} INFO - Started process (PID=3831) to work on /home/airflow/.local/lib/python3.12/site-packages/airflow/example_dags/tutorial_dag.py
[2024-10-22T14:41:01.321+0000] {processor.py:830} INFO - Processing file /home/airflow/.local/lib/python3.12/site-packages/airflow/example_dags/tutorial_dag.py for tasks to queue
[2024-10-22T14:41:01.322+0000] {logging_mixin.py:188} INFO - [2024-10-22T14:41:01.322+0000] {dagbag.py:545} INFO - Filling up the DagBag from /home/airflow/.local/lib/python3.12/site-packages/airflow/example_dags/tutorial_dag.py
[2024-10-22T14:41:01.326+0000] {processor.py:840} INFO - DAG(s) 'tutorial_dag' retrieved from /home/airflow/.local/lib/python3.12/site-packages/airflow/example_dags/tutorial_dag.py
[2024-10-22T14:41:01.341+0000] {logging_mixin.py:188} INFO - [2024-10-22T14:41:01.341+0000] {dag.py:3089} INFO - Sync 1 DAGs
[2024-10-22T14:41:01.350+0000] {logging_mixin.py:188} INFO - [2024-10-22T14:41:01.350+0000] {dag.py:3947} INFO - Setting next_dagrun for tutorial_dag to None, run_after=None
[2024-10-22T14:41:01.363+0000] {processor.py:183} INFO - Processing /home/airflow/.local/lib/python3.12/site-packages/airflow/example_dags/tutorial_dag.py took 0.046 seconds
[2024-10-22T14:41:31.596+0000] {processor.py:161} INFO - Started process (PID=4098) to work on /home/airflow/.local/lib/python3.12/site-packages/airflow/example_dags/tutorial_dag.py
[2024-10-22T14:41:31.597+0000] {processor.py:830} INFO - Processing file /home/airflow/.local/lib/python3.12/site-packages/airflow/example_dags/tutorial_dag.py for tasks to queue
[2024-10-22T14:41:31.598+0000] {logging_mixin.py:188} INFO - [2024-10-22T14:41:31.598+0000] {dagbag.py:545} INFO - Filling up the DagBag from /home/airflow/.local/lib/python3.12/site-packages/airflow/example_dags/tutorial_dag.py
[2024-10-22T14:41:31.601+0000] {processor.py:840} INFO - DAG(s) 'tutorial_dag' retrieved from /home/airflow/.local/lib/python3.12/site-packages/airflow/example_dags/tutorial_dag.py
[2024-10-22T14:41:31.614+0000] {logging_mixin.py:188} INFO - [2024-10-22T14:41:31.614+0000] {dag.py:3089} INFO - Sync 1 DAGs
[2024-10-22T14:41:31.622+0000] {logging_mixin.py:188} INFO - [2024-10-22T14:41:31.622+0000] {dag.py:3947} INFO - Setting next_dagrun for tutorial_dag to None, run_after=None
[2024-10-22T14:41:31.634+0000] {processor.py:183} INFO - Processing /home/airflow/.local/lib/python3.12/site-packages/airflow/example_dags/tutorial_dag.py took 0.042 seconds
[2024-10-22T14:42:01.783+0000] {processor.py:161} INFO - Started process (PID=4367) to work on /home/airflow/.local/lib/python3.12/site-packages/airflow/example_dags/tutorial_dag.py
[2024-10-22T14:42:01.783+0000] {processor.py:830} INFO - Processing file /home/airflow/.local/lib/python3.12/site-packages/airflow/example_dags/tutorial_dag.py for tasks to queue
[2024-10-22T14:42:01.785+0000] {logging_mixin.py:188} INFO - [2024-10-22T14:42:01.785+0000] {dagbag.py:545} INFO - Filling up the DagBag from /home/airflow/.local/lib/python3.12/site-packages/airflow/example_dags/tutorial_dag.py
[2024-10-22T14:42:01.788+0000] {processor.py:840} INFO - DAG(s) 'tutorial_dag' retrieved from /home/airflow/.local/lib/python3.12/site-packages/airflow/example_dags/tutorial_dag.py
[2024-10-22T14:42:01.801+0000] {logging_mixin.py:188} INFO - [2024-10-22T14:42:01.801+0000] {dag.py:3089} INFO - Sync 1 DAGs
[2024-10-22T14:42:01.809+0000] {logging_mixin.py:188} INFO - [2024-10-22T14:42:01.809+0000] {dag.py:3947} INFO - Setting next_dagrun for tutorial_dag to None, run_after=None
[2024-10-22T14:42:01.821+0000] {processor.py:183} INFO - Processing /home/airflow/.local/lib/python3.12/site-packages/airflow/example_dags/tutorial_dag.py took 0.042 seconds
[2024-10-22T14:42:48.941+0000] {processor.py:161} INFO - Started process (PID=360) to work on /home/airflow/.local/lib/python3.12/site-packages/airflow/example_dags/tutorial_dag.py
[2024-10-22T14:42:48.942+0000] {processor.py:830} INFO - Processing file /home/airflow/.local/lib/python3.12/site-packages/airflow/example_dags/tutorial_dag.py for tasks to queue
[2024-10-22T14:42:48.943+0000] {logging_mixin.py:188} INFO - [2024-10-22T14:42:48.943+0000] {dagbag.py:545} INFO - Filling up the DagBag from /home/airflow/.local/lib/python3.12/site-packages/airflow/example_dags/tutorial_dag.py
[2024-10-22T14:42:48.947+0000] {processor.py:840} INFO - DAG(s) 'tutorial_dag' retrieved from /home/airflow/.local/lib/python3.12/site-packages/airflow/example_dags/tutorial_dag.py
[2024-10-22T14:42:48.956+0000] {logging_mixin.py:188} INFO - [2024-10-22T14:42:48.955+0000] {dag.py:3089} INFO - Sync 1 DAGs
[2024-10-22T14:42:48.965+0000] {logging_mixin.py:188} INFO - [2024-10-22T14:42:48.965+0000] {dag.py:3947} INFO - Setting next_dagrun for tutorial_dag to None, run_after=None
[2024-10-22T14:42:48.979+0000] {processor.py:183} INFO - Processing /home/airflow/.local/lib/python3.12/site-packages/airflow/example_dags/tutorial_dag.py took 0.042 seconds
[2024-10-22T14:43:20.103+0000] {processor.py:161} INFO - Started process (PID=627) to work on /home/airflow/.local/lib/python3.12/site-packages/airflow/example_dags/tutorial_dag.py
[2024-10-22T14:43:20.104+0000] {processor.py:830} INFO - Processing file /home/airflow/.local/lib/python3.12/site-packages/airflow/example_dags/tutorial_dag.py for tasks to queue
[2024-10-22T14:43:20.105+0000] {logging_mixin.py:188} INFO - [2024-10-22T14:43:20.105+0000] {dagbag.py:545} INFO - Filling up the DagBag from /home/airflow/.local/lib/python3.12/site-packages/airflow/example_dags/tutorial_dag.py
[2024-10-22T14:43:20.108+0000] {processor.py:840} INFO - DAG(s) 'tutorial_dag' retrieved from /home/airflow/.local/lib/python3.12/site-packages/airflow/example_dags/tutorial_dag.py
[2024-10-22T14:43:20.178+0000] {logging_mixin.py:188} INFO - [2024-10-22T14:43:20.178+0000] {dag.py:3089} INFO - Sync 1 DAGs
[2024-10-22T14:43:20.187+0000] {logging_mixin.py:188} INFO - [2024-10-22T14:43:20.187+0000] {dag.py:3947} INFO - Setting next_dagrun for tutorial_dag to None, run_after=None
[2024-10-22T14:43:20.200+0000] {processor.py:183} INFO - Processing /home/airflow/.local/lib/python3.12/site-packages/airflow/example_dags/tutorial_dag.py took 0.101 seconds
[2024-10-22T14:43:50.255+0000] {processor.py:161} INFO - Started process (PID=899) to work on /home/airflow/.local/lib/python3.12/site-packages/airflow/example_dags/tutorial_dag.py
[2024-10-22T14:43:50.255+0000] {processor.py:830} INFO - Processing file /home/airflow/.local/lib/python3.12/site-packages/airflow/example_dags/tutorial_dag.py for tasks to queue
[2024-10-22T14:43:50.257+0000] {logging_mixin.py:188} INFO - [2024-10-22T14:43:50.256+0000] {dagbag.py:545} INFO - Filling up the DagBag from /home/airflow/.local/lib/python3.12/site-packages/airflow/example_dags/tutorial_dag.py
[2024-10-22T14:43:50.261+0000] {processor.py:840} INFO - DAG(s) 'tutorial_dag' retrieved from /home/airflow/.local/lib/python3.12/site-packages/airflow/example_dags/tutorial_dag.py
[2024-10-22T14:43:50.275+0000] {logging_mixin.py:188} INFO - [2024-10-22T14:43:50.275+0000] {dag.py:3089} INFO - Sync 1 DAGs
[2024-10-22T14:43:50.284+0000] {logging_mixin.py:188} INFO - [2024-10-22T14:43:50.283+0000] {dag.py:3947} INFO - Setting next_dagrun for tutorial_dag to None, run_after=None
[2024-10-22T14:43:50.295+0000] {processor.py:183} INFO - Processing /home/airflow/.local/lib/python3.12/site-packages/airflow/example_dags/tutorial_dag.py took 0.045 seconds
[2024-10-22T14:44:20.359+0000] {processor.py:161} INFO - Started process (PID=1166) to work on /home/airflow/.local/lib/python3.12/site-packages/airflow/example_dags/tutorial_dag.py
[2024-10-22T14:44:20.360+0000] {processor.py:830} INFO - Processing file /home/airflow/.local/lib/python3.12/site-packages/airflow/example_dags/tutorial_dag.py for tasks to queue
[2024-10-22T14:44:20.361+0000] {logging_mixin.py:188} INFO - [2024-10-22T14:44:20.361+0000] {dagbag.py:545} INFO - Filling up the DagBag from /home/airflow/.local/lib/python3.12/site-packages/airflow/example_dags/tutorial_dag.py
[2024-10-22T14:44:20.365+0000] {processor.py:840} INFO - DAG(s) 'tutorial_dag' retrieved from /home/airflow/.local/lib/python3.12/site-packages/airflow/example_dags/tutorial_dag.py
[2024-10-22T14:44:20.379+0000] {logging_mixin.py:188} INFO - [2024-10-22T14:44:20.379+0000] {dag.py:3089} INFO - Sync 1 DAGs
[2024-10-22T14:44:20.388+0000] {logging_mixin.py:188} INFO - [2024-10-22T14:44:20.387+0000] {dag.py:3947} INFO - Setting next_dagrun for tutorial_dag to None, run_after=None
[2024-10-22T14:44:20.400+0000] {processor.py:183} INFO - Processing /home/airflow/.local/lib/python3.12/site-packages/airflow/example_dags/tutorial_dag.py took 0.045 seconds
[2024-10-22T14:44:50.443+0000] {processor.py:161} INFO - Started process (PID=1433) to work on /home/airflow/.local/lib/python3.12/site-packages/airflow/example_dags/tutorial_dag.py
[2024-10-22T14:44:50.444+0000] {processor.py:830} INFO - Processing file /home/airflow/.local/lib/python3.12/site-packages/airflow/example_dags/tutorial_dag.py for tasks to queue
[2024-10-22T14:44:50.445+0000] {logging_mixin.py:188} INFO - [2024-10-22T14:44:50.445+0000] {dagbag.py:545} INFO - Filling up the DagBag from /home/airflow/.local/lib/python3.12/site-packages/airflow/example_dags/tutorial_dag.py
[2024-10-22T14:44:50.448+0000] {processor.py:840} INFO - DAG(s) 'tutorial_dag' retrieved from /home/airflow/.local/lib/python3.12/site-packages/airflow/example_dags/tutorial_dag.py
[2024-10-22T14:44:50.462+0000] {logging_mixin.py:188} INFO - [2024-10-22T14:44:50.462+0000] {dag.py:3089} INFO - Sync 1 DAGs
[2024-10-22T14:44:50.471+0000] {logging_mixin.py:188} INFO - [2024-10-22T14:44:50.471+0000] {dag.py:3947} INFO - Setting next_dagrun for tutorial_dag to None, run_after=None
[2024-10-22T14:44:50.483+0000] {processor.py:183} INFO - Processing /home/airflow/.local/lib/python3.12/site-packages/airflow/example_dags/tutorial_dag.py took 0.043 seconds
[2024-10-22T14:45:20.712+0000] {processor.py:161} INFO - Started process (PID=1698) to work on /home/airflow/.local/lib/python3.12/site-packages/airflow/example_dags/tutorial_dag.py
[2024-10-22T14:45:20.713+0000] {processor.py:830} INFO - Processing file /home/airflow/.local/lib/python3.12/site-packages/airflow/example_dags/tutorial_dag.py for tasks to queue
[2024-10-22T14:45:20.714+0000] {logging_mixin.py:188} INFO - [2024-10-22T14:45:20.714+0000] {dagbag.py:545} INFO - Filling up the DagBag from /home/airflow/.local/lib/python3.12/site-packages/airflow/example_dags/tutorial_dag.py
[2024-10-22T14:45:20.718+0000] {processor.py:840} INFO - DAG(s) 'tutorial_dag' retrieved from /home/airflow/.local/lib/python3.12/site-packages/airflow/example_dags/tutorial_dag.py
[2024-10-22T14:45:20.732+0000] {logging_mixin.py:188} INFO - [2024-10-22T14:45:20.732+0000] {dag.py:3089} INFO - Sync 1 DAGs
[2024-10-22T14:45:20.741+0000] {logging_mixin.py:188} INFO - [2024-10-22T14:45:20.741+0000] {dag.py:3947} INFO - Setting next_dagrun for tutorial_dag to None, run_after=None
[2024-10-22T14:45:20.754+0000] {processor.py:183} INFO - Processing /home/airflow/.local/lib/python3.12/site-packages/airflow/example_dags/tutorial_dag.py took 0.046 seconds
[2024-10-22T14:45:51.295+0000] {processor.py:161} INFO - Started process (PID=1965) to work on /home/airflow/.local/lib/python3.12/site-packages/airflow/example_dags/tutorial_dag.py
[2024-10-22T14:45:51.296+0000] {processor.py:830} INFO - Processing file /home/airflow/.local/lib/python3.12/site-packages/airflow/example_dags/tutorial_dag.py for tasks to queue
[2024-10-22T14:45:51.298+0000] {logging_mixin.py:188} INFO - [2024-10-22T14:45:51.297+0000] {dagbag.py:545} INFO - Filling up the DagBag from /home/airflow/.local/lib/python3.12/site-packages/airflow/example_dags/tutorial_dag.py
[2024-10-22T14:45:51.302+0000] {processor.py:840} INFO - DAG(s) 'tutorial_dag' retrieved from /home/airflow/.local/lib/python3.12/site-packages/airflow/example_dags/tutorial_dag.py
[2024-10-22T14:45:51.319+0000] {logging_mixin.py:188} INFO - [2024-10-22T14:45:51.319+0000] {dag.py:3089} INFO - Sync 1 DAGs
[2024-10-22T14:45:51.329+0000] {logging_mixin.py:188} INFO - [2024-10-22T14:45:51.329+0000] {dag.py:3947} INFO - Setting next_dagrun for tutorial_dag to None, run_after=None
[2024-10-22T14:45:51.344+0000] {processor.py:183} INFO - Processing /home/airflow/.local/lib/python3.12/site-packages/airflow/example_dags/tutorial_dag.py took 0.053 seconds
[2024-10-22T14:46:22.277+0000] {processor.py:161} INFO - Started process (PID=2232) to work on /home/airflow/.local/lib/python3.12/site-packages/airflow/example_dags/tutorial_dag.py
[2024-10-22T14:46:22.278+0000] {processor.py:830} INFO - Processing file /home/airflow/.local/lib/python3.12/site-packages/airflow/example_dags/tutorial_dag.py for tasks to queue
[2024-10-22T14:46:22.280+0000] {logging_mixin.py:188} INFO - [2024-10-22T14:46:22.279+0000] {dagbag.py:545} INFO - Filling up the DagBag from /home/airflow/.local/lib/python3.12/site-packages/airflow/example_dags/tutorial_dag.py
[2024-10-22T14:46:22.285+0000] {processor.py:840} INFO - DAG(s) 'tutorial_dag' retrieved from /home/airflow/.local/lib/python3.12/site-packages/airflow/example_dags/tutorial_dag.py
[2024-10-22T14:46:22.303+0000] {logging_mixin.py:188} INFO - [2024-10-22T14:46:22.303+0000] {dag.py:3089} INFO - Sync 1 DAGs
[2024-10-22T14:46:22.315+0000] {logging_mixin.py:188} INFO - [2024-10-22T14:46:22.315+0000] {dag.py:3947} INFO - Setting next_dagrun for tutorial_dag to None, run_after=None
[2024-10-22T14:46:22.337+0000] {processor.py:183} INFO - Processing /home/airflow/.local/lib/python3.12/site-packages/airflow/example_dags/tutorial_dag.py took 0.064 seconds
[2024-10-22T14:46:53.029+0000] {processor.py:161} INFO - Started process (PID=2502) to work on /home/airflow/.local/lib/python3.12/site-packages/airflow/example_dags/tutorial_dag.py
[2024-10-22T14:46:53.030+0000] {processor.py:830} INFO - Processing file /home/airflow/.local/lib/python3.12/site-packages/airflow/example_dags/tutorial_dag.py for tasks to queue
[2024-10-22T14:46:53.032+0000] {logging_mixin.py:188} INFO - [2024-10-22T14:46:53.031+0000] {dagbag.py:545} INFO - Filling up the DagBag from /home/airflow/.local/lib/python3.12/site-packages/airflow/example_dags/tutorial_dag.py
[2024-10-22T14:46:53.036+0000] {processor.py:840} INFO - DAG(s) 'tutorial_dag' retrieved from /home/airflow/.local/lib/python3.12/site-packages/airflow/example_dags/tutorial_dag.py
[2024-10-22T14:46:53.051+0000] {logging_mixin.py:188} INFO - [2024-10-22T14:46:53.051+0000] {dag.py:3089} INFO - Sync 1 DAGs
[2024-10-22T14:46:53.061+0000] {logging_mixin.py:188} INFO - [2024-10-22T14:46:53.061+0000] {dag.py:3947} INFO - Setting next_dagrun for tutorial_dag to None, run_after=None
[2024-10-22T14:46:53.075+0000] {processor.py:183} INFO - Processing /home/airflow/.local/lib/python3.12/site-packages/airflow/example_dags/tutorial_dag.py took 0.050 seconds
[2024-10-22T14:47:23.352+0000] {processor.py:161} INFO - Started process (PID=2769) to work on /home/airflow/.local/lib/python3.12/site-packages/airflow/example_dags/tutorial_dag.py
[2024-10-22T14:47:23.353+0000] {processor.py:830} INFO - Processing file /home/airflow/.local/lib/python3.12/site-packages/airflow/example_dags/tutorial_dag.py for tasks to queue
[2024-10-22T14:47:23.354+0000] {logging_mixin.py:188} INFO - [2024-10-22T14:47:23.354+0000] {dagbag.py:545} INFO - Filling up the DagBag from /home/airflow/.local/lib/python3.12/site-packages/airflow/example_dags/tutorial_dag.py
[2024-10-22T14:47:23.358+0000] {processor.py:840} INFO - DAG(s) 'tutorial_dag' retrieved from /home/airflow/.local/lib/python3.12/site-packages/airflow/example_dags/tutorial_dag.py
[2024-10-22T14:47:23.371+0000] {logging_mixin.py:188} INFO - [2024-10-22T14:47:23.371+0000] {dag.py:3089} INFO - Sync 1 DAGs
[2024-10-22T14:47:23.379+0000] {logging_mixin.py:188} INFO - [2024-10-22T14:47:23.378+0000] {dag.py:3947} INFO - Setting next_dagrun for tutorial_dag to None, run_after=None
[2024-10-22T14:47:23.391+0000] {processor.py:183} INFO - Processing /home/airflow/.local/lib/python3.12/site-packages/airflow/example_dags/tutorial_dag.py took 0.043 seconds
[2024-10-22T14:47:53.679+0000] {processor.py:161} INFO - Started process (PID=3036) to work on /home/airflow/.local/lib/python3.12/site-packages/airflow/example_dags/tutorial_dag.py
[2024-10-22T14:47:53.680+0000] {processor.py:830} INFO - Processing file /home/airflow/.local/lib/python3.12/site-packages/airflow/example_dags/tutorial_dag.py for tasks to queue
[2024-10-22T14:47:53.681+0000] {logging_mixin.py:188} INFO - [2024-10-22T14:47:53.681+0000] {dagbag.py:545} INFO - Filling up the DagBag from /home/airflow/.local/lib/python3.12/site-packages/airflow/example_dags/tutorial_dag.py
[2024-10-22T14:47:53.685+0000] {processor.py:840} INFO - DAG(s) 'tutorial_dag' retrieved from /home/airflow/.local/lib/python3.12/site-packages/airflow/example_dags/tutorial_dag.py
[2024-10-22T14:47:53.699+0000] {logging_mixin.py:188} INFO - [2024-10-22T14:47:53.699+0000] {dag.py:3089} INFO - Sync 1 DAGs
[2024-10-22T14:47:53.708+0000] {logging_mixin.py:188} INFO - [2024-10-22T14:47:53.707+0000] {dag.py:3947} INFO - Setting next_dagrun for tutorial_dag to None, run_after=None
[2024-10-22T14:47:53.720+0000] {processor.py:183} INFO - Processing /home/airflow/.local/lib/python3.12/site-packages/airflow/example_dags/tutorial_dag.py took 0.045 seconds
[2024-10-22T14:48:24.078+0000] {processor.py:161} INFO - Started process (PID=3305) to work on /home/airflow/.local/lib/python3.12/site-packages/airflow/example_dags/tutorial_dag.py
[2024-10-22T14:48:24.079+0000] {processor.py:830} INFO - Processing file /home/airflow/.local/lib/python3.12/site-packages/airflow/example_dags/tutorial_dag.py for tasks to queue
[2024-10-22T14:48:24.080+0000] {logging_mixin.py:188} INFO - [2024-10-22T14:48:24.080+0000] {dagbag.py:545} INFO - Filling up the DagBag from /home/airflow/.local/lib/python3.12/site-packages/airflow/example_dags/tutorial_dag.py
[2024-10-22T14:48:24.083+0000] {processor.py:840} INFO - DAG(s) 'tutorial_dag' retrieved from /home/airflow/.local/lib/python3.12/site-packages/airflow/example_dags/tutorial_dag.py
[2024-10-22T14:48:24.097+0000] {logging_mixin.py:188} INFO - [2024-10-22T14:48:24.097+0000] {dag.py:3089} INFO - Sync 1 DAGs
[2024-10-22T14:48:24.106+0000] {logging_mixin.py:188} INFO - [2024-10-22T14:48:24.106+0000] {dag.py:3947} INFO - Setting next_dagrun for tutorial_dag to None, run_after=None
[2024-10-22T14:48:24.118+0000] {processor.py:183} INFO - Processing /home/airflow/.local/lib/python3.12/site-packages/airflow/example_dags/tutorial_dag.py took 0.044 seconds
[2024-10-22T14:48:54.529+0000] {processor.py:161} INFO - Started process (PID=3572) to work on /home/airflow/.local/lib/python3.12/site-packages/airflow/example_dags/tutorial_dag.py
[2024-10-22T14:48:54.529+0000] {processor.py:830} INFO - Processing file /home/airflow/.local/lib/python3.12/site-packages/airflow/example_dags/tutorial_dag.py for tasks to queue
[2024-10-22T14:48:54.531+0000] {logging_mixin.py:188} INFO - [2024-10-22T14:48:54.530+0000] {dagbag.py:545} INFO - Filling up the DagBag from /home/airflow/.local/lib/python3.12/site-packages/airflow/example_dags/tutorial_dag.py
[2024-10-22T14:48:54.534+0000] {processor.py:840} INFO - DAG(s) 'tutorial_dag' retrieved from /home/airflow/.local/lib/python3.12/site-packages/airflow/example_dags/tutorial_dag.py
[2024-10-22T14:48:54.548+0000] {logging_mixin.py:188} INFO - [2024-10-22T14:48:54.548+0000] {dag.py:3089} INFO - Sync 1 DAGs
[2024-10-22T14:48:54.556+0000] {logging_mixin.py:188} INFO - [2024-10-22T14:48:54.556+0000] {dag.py:3947} INFO - Setting next_dagrun for tutorial_dag to None, run_after=None
[2024-10-22T14:48:54.567+0000] {processor.py:183} INFO - Processing /home/airflow/.local/lib/python3.12/site-packages/airflow/example_dags/tutorial_dag.py took 0.043 seconds
[2024-10-22T14:49:24.897+0000] {processor.py:161} INFO - Started process (PID=3839) to work on /home/airflow/.local/lib/python3.12/site-packages/airflow/example_dags/tutorial_dag.py
[2024-10-22T14:49:24.897+0000] {processor.py:830} INFO - Processing file /home/airflow/.local/lib/python3.12/site-packages/airflow/example_dags/tutorial_dag.py for tasks to queue
[2024-10-22T14:49:24.899+0000] {logging_mixin.py:188} INFO - [2024-10-22T14:49:24.898+0000] {dagbag.py:545} INFO - Filling up the DagBag from /home/airflow/.local/lib/python3.12/site-packages/airflow/example_dags/tutorial_dag.py
[2024-10-22T14:49:24.902+0000] {processor.py:840} INFO - DAG(s) 'tutorial_dag' retrieved from /home/airflow/.local/lib/python3.12/site-packages/airflow/example_dags/tutorial_dag.py
[2024-10-22T14:49:24.916+0000] {logging_mixin.py:188} INFO - [2024-10-22T14:49:24.916+0000] {dag.py:3089} INFO - Sync 1 DAGs
[2024-10-22T14:49:24.925+0000] {logging_mixin.py:188} INFO - [2024-10-22T14:49:24.925+0000] {dag.py:3947} INFO - Setting next_dagrun for tutorial_dag to None, run_after=None
[2024-10-22T14:49:24.937+0000] {processor.py:183} INFO - Processing /home/airflow/.local/lib/python3.12/site-packages/airflow/example_dags/tutorial_dag.py took 0.044 seconds
[2024-10-22T14:49:55.201+0000] {processor.py:161} INFO - Started process (PID=4104) to work on /home/airflow/.local/lib/python3.12/site-packages/airflow/example_dags/tutorial_dag.py
[2024-10-22T14:49:55.202+0000] {processor.py:830} INFO - Processing file /home/airflow/.local/lib/python3.12/site-packages/airflow/example_dags/tutorial_dag.py for tasks to queue
[2024-10-22T14:49:55.203+0000] {logging_mixin.py:188} INFO - [2024-10-22T14:49:55.203+0000] {dagbag.py:545} INFO - Filling up the DagBag from /home/airflow/.local/lib/python3.12/site-packages/airflow/example_dags/tutorial_dag.py
[2024-10-22T14:49:55.206+0000] {processor.py:840} INFO - DAG(s) 'tutorial_dag' retrieved from /home/airflow/.local/lib/python3.12/site-packages/airflow/example_dags/tutorial_dag.py
[2024-10-22T14:49:55.221+0000] {logging_mixin.py:188} INFO - [2024-10-22T14:49:55.221+0000] {dag.py:3089} INFO - Sync 1 DAGs
[2024-10-22T14:49:55.230+0000] {logging_mixin.py:188} INFO - [2024-10-22T14:49:55.229+0000] {dag.py:3947} INFO - Setting next_dagrun for tutorial_dag to None, run_after=None
[2024-10-22T14:49:55.243+0000] {processor.py:183} INFO - Processing /home/airflow/.local/lib/python3.12/site-packages/airflow/example_dags/tutorial_dag.py took 0.046 seconds
[2024-10-22T14:50:25.551+0000] {processor.py:161} INFO - Started process (PID=4371) to work on /home/airflow/.local/lib/python3.12/site-packages/airflow/example_dags/tutorial_dag.py
[2024-10-22T14:50:25.552+0000] {processor.py:830} INFO - Processing file /home/airflow/.local/lib/python3.12/site-packages/airflow/example_dags/tutorial_dag.py for tasks to queue
[2024-10-22T14:50:25.553+0000] {logging_mixin.py:188} INFO - [2024-10-22T14:50:25.553+0000] {dagbag.py:545} INFO - Filling up the DagBag from /home/airflow/.local/lib/python3.12/site-packages/airflow/example_dags/tutorial_dag.py
[2024-10-22T14:50:25.557+0000] {processor.py:840} INFO - DAG(s) 'tutorial_dag' retrieved from /home/airflow/.local/lib/python3.12/site-packages/airflow/example_dags/tutorial_dag.py
[2024-10-22T14:50:25.573+0000] {logging_mixin.py:188} INFO - [2024-10-22T14:50:25.573+0000] {dag.py:3089} INFO - Sync 1 DAGs
[2024-10-22T14:50:25.582+0000] {logging_mixin.py:188} INFO - [2024-10-22T14:50:25.582+0000] {dag.py:3947} INFO - Setting next_dagrun for tutorial_dag to None, run_after=None
[2024-10-22T14:50:25.595+0000] {processor.py:183} INFO - Processing /home/airflow/.local/lib/python3.12/site-packages/airflow/example_dags/tutorial_dag.py took 0.048 seconds
[2024-10-22T14:50:56.055+0000] {processor.py:161} INFO - Started process (PID=4640) to work on /home/airflow/.local/lib/python3.12/site-packages/airflow/example_dags/tutorial_dag.py
[2024-10-22T14:50:56.056+0000] {processor.py:830} INFO - Processing file /home/airflow/.local/lib/python3.12/site-packages/airflow/example_dags/tutorial_dag.py for tasks to queue
[2024-10-22T14:50:56.057+0000] {logging_mixin.py:188} INFO - [2024-10-22T14:50:56.057+0000] {dagbag.py:545} INFO - Filling up the DagBag from /home/airflow/.local/lib/python3.12/site-packages/airflow/example_dags/tutorial_dag.py
[2024-10-22T14:50:56.061+0000] {processor.py:840} INFO - DAG(s) 'tutorial_dag' retrieved from /home/airflow/.local/lib/python3.12/site-packages/airflow/example_dags/tutorial_dag.py
[2024-10-22T14:50:56.075+0000] {logging_mixin.py:188} INFO - [2024-10-22T14:50:56.074+0000] {dag.py:3089} INFO - Sync 1 DAGs
[2024-10-22T14:50:56.083+0000] {logging_mixin.py:188} INFO - [2024-10-22T14:50:56.083+0000] {dag.py:3947} INFO - Setting next_dagrun for tutorial_dag to None, run_after=None
[2024-10-22T14:50:56.096+0000] {processor.py:183} INFO - Processing /home/airflow/.local/lib/python3.12/site-packages/airflow/example_dags/tutorial_dag.py took 0.044 seconds
[2024-10-22T14:51:26.328+0000] {processor.py:161} INFO - Started process (PID=4907) to work on /home/airflow/.local/lib/python3.12/site-packages/airflow/example_dags/tutorial_dag.py
[2024-10-22T14:51:26.329+0000] {processor.py:830} INFO - Processing file /home/airflow/.local/lib/python3.12/site-packages/airflow/example_dags/tutorial_dag.py for tasks to queue
[2024-10-22T14:51:26.331+0000] {logging_mixin.py:188} INFO - [2024-10-22T14:51:26.331+0000] {dagbag.py:545} INFO - Filling up the DagBag from /home/airflow/.local/lib/python3.12/site-packages/airflow/example_dags/tutorial_dag.py
[2024-10-22T14:51:26.336+0000] {processor.py:840} INFO - DAG(s) 'tutorial_dag' retrieved from /home/airflow/.local/lib/python3.12/site-packages/airflow/example_dags/tutorial_dag.py
[2024-10-22T14:51:26.352+0000] {logging_mixin.py:188} INFO - [2024-10-22T14:51:26.352+0000] {dag.py:3089} INFO - Sync 1 DAGs
[2024-10-22T14:51:26.363+0000] {logging_mixin.py:188} INFO - [2024-10-22T14:51:26.362+0000] {dag.py:3947} INFO - Setting next_dagrun for tutorial_dag to None, run_after=None
[2024-10-22T14:51:26.377+0000] {processor.py:183} INFO - Processing /home/airflow/.local/lib/python3.12/site-packages/airflow/example_dags/tutorial_dag.py took 0.053 seconds
[2024-10-22T14:51:56.800+0000] {processor.py:161} INFO - Started process (PID=5172) to work on /home/airflow/.local/lib/python3.12/site-packages/airflow/example_dags/tutorial_dag.py
[2024-10-22T14:51:56.801+0000] {processor.py:830} INFO - Processing file /home/airflow/.local/lib/python3.12/site-packages/airflow/example_dags/tutorial_dag.py for tasks to queue
[2024-10-22T14:51:56.802+0000] {logging_mixin.py:188} INFO - [2024-10-22T14:51:56.802+0000] {dagbag.py:545} INFO - Filling up the DagBag from /home/airflow/.local/lib/python3.12/site-packages/airflow/example_dags/tutorial_dag.py
[2024-10-22T14:51:56.806+0000] {processor.py:840} INFO - DAG(s) 'tutorial_dag' retrieved from /home/airflow/.local/lib/python3.12/site-packages/airflow/example_dags/tutorial_dag.py
[2024-10-22T14:51:56.820+0000] {logging_mixin.py:188} INFO - [2024-10-22T14:51:56.820+0000] {dag.py:3089} INFO - Sync 1 DAGs
[2024-10-22T14:51:56.828+0000] {logging_mixin.py:188} INFO - [2024-10-22T14:51:56.828+0000] {dag.py:3947} INFO - Setting next_dagrun for tutorial_dag to None, run_after=None
[2024-10-22T14:51:56.840+0000] {processor.py:183} INFO - Processing /home/airflow/.local/lib/python3.12/site-packages/airflow/example_dags/tutorial_dag.py took 0.044 seconds
[2024-10-22T14:52:27.158+0000] {processor.py:161} INFO - Started process (PID=5439) to work on /home/airflow/.local/lib/python3.12/site-packages/airflow/example_dags/tutorial_dag.py
[2024-10-22T14:52:27.159+0000] {processor.py:830} INFO - Processing file /home/airflow/.local/lib/python3.12/site-packages/airflow/example_dags/tutorial_dag.py for tasks to queue
[2024-10-22T14:52:27.161+0000] {logging_mixin.py:188} INFO - [2024-10-22T14:52:27.160+0000] {dagbag.py:545} INFO - Filling up the DagBag from /home/airflow/.local/lib/python3.12/site-packages/airflow/example_dags/tutorial_dag.py
[2024-10-22T14:52:27.164+0000] {processor.py:840} INFO - DAG(s) 'tutorial_dag' retrieved from /home/airflow/.local/lib/python3.12/site-packages/airflow/example_dags/tutorial_dag.py
[2024-10-22T14:52:27.178+0000] {logging_mixin.py:188} INFO - [2024-10-22T14:52:27.178+0000] {dag.py:3089} INFO - Sync 1 DAGs
[2024-10-22T14:52:27.187+0000] {logging_mixin.py:188} INFO - [2024-10-22T14:52:27.187+0000] {dag.py:3947} INFO - Setting next_dagrun for tutorial_dag to None, run_after=None
[2024-10-22T14:52:27.200+0000] {processor.py:183} INFO - Processing /home/airflow/.local/lib/python3.12/site-packages/airflow/example_dags/tutorial_dag.py took 0.046 seconds
[2024-10-22T14:52:57.529+0000] {processor.py:161} INFO - Started process (PID=5709) to work on /home/airflow/.local/lib/python3.12/site-packages/airflow/example_dags/tutorial_dag.py
[2024-10-22T14:52:57.530+0000] {processor.py:830} INFO - Processing file /home/airflow/.local/lib/python3.12/site-packages/airflow/example_dags/tutorial_dag.py for tasks to queue
[2024-10-22T14:52:57.531+0000] {logging_mixin.py:188} INFO - [2024-10-22T14:52:57.531+0000] {dagbag.py:545} INFO - Filling up the DagBag from /home/airflow/.local/lib/python3.12/site-packages/airflow/example_dags/tutorial_dag.py
[2024-10-22T14:52:57.535+0000] {processor.py:840} INFO - DAG(s) 'tutorial_dag' retrieved from /home/airflow/.local/lib/python3.12/site-packages/airflow/example_dags/tutorial_dag.py
[2024-10-22T14:52:57.548+0000] {logging_mixin.py:188} INFO - [2024-10-22T14:52:57.547+0000] {dag.py:3089} INFO - Sync 1 DAGs
[2024-10-22T14:52:57.556+0000] {logging_mixin.py:188} INFO - [2024-10-22T14:52:57.556+0000] {dag.py:3947} INFO - Setting next_dagrun for tutorial_dag to None, run_after=None
[2024-10-22T14:52:57.568+0000] {processor.py:183} INFO - Processing /home/airflow/.local/lib/python3.12/site-packages/airflow/example_dags/tutorial_dag.py took 0.043 seconds
[2024-10-22T14:53:27.845+0000] {processor.py:161} INFO - Started process (PID=5978) to work on /home/airflow/.local/lib/python3.12/site-packages/airflow/example_dags/tutorial_dag.py
[2024-10-22T14:53:27.846+0000] {processor.py:830} INFO - Processing file /home/airflow/.local/lib/python3.12/site-packages/airflow/example_dags/tutorial_dag.py for tasks to queue
[2024-10-22T14:53:27.847+0000] {logging_mixin.py:188} INFO - [2024-10-22T14:53:27.847+0000] {dagbag.py:545} INFO - Filling up the DagBag from /home/airflow/.local/lib/python3.12/site-packages/airflow/example_dags/tutorial_dag.py
[2024-10-22T14:53:27.851+0000] {processor.py:840} INFO - DAG(s) 'tutorial_dag' retrieved from /home/airflow/.local/lib/python3.12/site-packages/airflow/example_dags/tutorial_dag.py
[2024-10-22T14:53:27.865+0000] {logging_mixin.py:188} INFO - [2024-10-22T14:53:27.864+0000] {dag.py:3089} INFO - Sync 1 DAGs
[2024-10-22T14:53:27.873+0000] {logging_mixin.py:188} INFO - [2024-10-22T14:53:27.873+0000] {dag.py:3947} INFO - Setting next_dagrun for tutorial_dag to None, run_after=None
[2024-10-22T14:53:27.885+0000] {processor.py:183} INFO - Processing /home/airflow/.local/lib/python3.12/site-packages/airflow/example_dags/tutorial_dag.py took 0.044 seconds
[2024-10-22T14:53:58.358+0000] {processor.py:161} INFO - Started process (PID=6245) to work on /home/airflow/.local/lib/python3.12/site-packages/airflow/example_dags/tutorial_dag.py
[2024-10-22T14:53:58.359+0000] {processor.py:830} INFO - Processing file /home/airflow/.local/lib/python3.12/site-packages/airflow/example_dags/tutorial_dag.py for tasks to queue
[2024-10-22T14:53:58.360+0000] {logging_mixin.py:188} INFO - [2024-10-22T14:53:58.360+0000] {dagbag.py:545} INFO - Filling up the DagBag from /home/airflow/.local/lib/python3.12/site-packages/airflow/example_dags/tutorial_dag.py
[2024-10-22T14:53:58.364+0000] {processor.py:840} INFO - DAG(s) 'tutorial_dag' retrieved from /home/airflow/.local/lib/python3.12/site-packages/airflow/example_dags/tutorial_dag.py
[2024-10-22T14:53:58.379+0000] {logging_mixin.py:188} INFO - [2024-10-22T14:53:58.379+0000] {dag.py:3089} INFO - Sync 1 DAGs
[2024-10-22T14:53:58.387+0000] {logging_mixin.py:188} INFO - [2024-10-22T14:53:58.387+0000] {dag.py:3947} INFO - Setting next_dagrun for tutorial_dag to None, run_after=None
[2024-10-22T14:53:58.400+0000] {processor.py:183} INFO - Processing /home/airflow/.local/lib/python3.12/site-packages/airflow/example_dags/tutorial_dag.py took 0.046 seconds
[2024-10-22T14:54:28.631+0000] {processor.py:161} INFO - Started process (PID=6510) to work on /home/airflow/.local/lib/python3.12/site-packages/airflow/example_dags/tutorial_dag.py
[2024-10-22T14:54:28.632+0000] {processor.py:830} INFO - Processing file /home/airflow/.local/lib/python3.12/site-packages/airflow/example_dags/tutorial_dag.py for tasks to queue
[2024-10-22T14:54:28.633+0000] {logging_mixin.py:188} INFO - [2024-10-22T14:54:28.633+0000] {dagbag.py:545} INFO - Filling up the DagBag from /home/airflow/.local/lib/python3.12/site-packages/airflow/example_dags/tutorial_dag.py
[2024-10-22T14:54:28.636+0000] {processor.py:840} INFO - DAG(s) 'tutorial_dag' retrieved from /home/airflow/.local/lib/python3.12/site-packages/airflow/example_dags/tutorial_dag.py
[2024-10-22T14:54:28.651+0000] {logging_mixin.py:188} INFO - [2024-10-22T14:54:28.651+0000] {dag.py:3089} INFO - Sync 1 DAGs
[2024-10-22T14:54:28.661+0000] {logging_mixin.py:188} INFO - [2024-10-22T14:54:28.661+0000] {dag.py:3947} INFO - Setting next_dagrun for tutorial_dag to None, run_after=None
[2024-10-22T14:54:28.675+0000] {processor.py:183} INFO - Processing /home/airflow/.local/lib/python3.12/site-packages/airflow/example_dags/tutorial_dag.py took 0.048 seconds
[2024-10-22T14:54:59.500+0000] {processor.py:161} INFO - Started process (PID=6780) to work on /home/airflow/.local/lib/python3.12/site-packages/airflow/example_dags/tutorial_dag.py
[2024-10-22T14:54:59.501+0000] {processor.py:830} INFO - Processing file /home/airflow/.local/lib/python3.12/site-packages/airflow/example_dags/tutorial_dag.py for tasks to queue
[2024-10-22T14:54:59.502+0000] {logging_mixin.py:188} INFO - [2024-10-22T14:54:59.502+0000] {dagbag.py:545} INFO - Filling up the DagBag from /home/airflow/.local/lib/python3.12/site-packages/airflow/example_dags/tutorial_dag.py
[2024-10-22T14:54:59.506+0000] {processor.py:840} INFO - DAG(s) 'tutorial_dag' retrieved from /home/airflow/.local/lib/python3.12/site-packages/airflow/example_dags/tutorial_dag.py
[2024-10-22T14:54:59.520+0000] {logging_mixin.py:188} INFO - [2024-10-22T14:54:59.519+0000] {dag.py:3089} INFO - Sync 1 DAGs
[2024-10-22T14:54:59.528+0000] {logging_mixin.py:188} INFO - [2024-10-22T14:54:59.528+0000] {dag.py:3947} INFO - Setting next_dagrun for tutorial_dag to None, run_after=None
[2024-10-22T14:54:59.542+0000] {processor.py:183} INFO - Processing /home/airflow/.local/lib/python3.12/site-packages/airflow/example_dags/tutorial_dag.py took 0.046 seconds
[2024-10-22T14:55:30.159+0000] {processor.py:161} INFO - Started process (PID=7047) to work on /home/airflow/.local/lib/python3.12/site-packages/airflow/example_dags/tutorial_dag.py
[2024-10-22T14:55:30.159+0000] {processor.py:830} INFO - Processing file /home/airflow/.local/lib/python3.12/site-packages/airflow/example_dags/tutorial_dag.py for tasks to queue
[2024-10-22T14:55:30.161+0000] {logging_mixin.py:188} INFO - [2024-10-22T14:55:30.161+0000] {dagbag.py:545} INFO - Filling up the DagBag from /home/airflow/.local/lib/python3.12/site-packages/airflow/example_dags/tutorial_dag.py
[2024-10-22T14:55:30.164+0000] {processor.py:840} INFO - DAG(s) 'tutorial_dag' retrieved from /home/airflow/.local/lib/python3.12/site-packages/airflow/example_dags/tutorial_dag.py
[2024-10-22T14:55:30.178+0000] {logging_mixin.py:188} INFO - [2024-10-22T14:55:30.178+0000] {dag.py:3089} INFO - Sync 1 DAGs
[2024-10-22T14:55:30.187+0000] {logging_mixin.py:188} INFO - [2024-10-22T14:55:30.187+0000] {dag.py:3947} INFO - Setting next_dagrun for tutorial_dag to None, run_after=None
[2024-10-22T14:55:30.200+0000] {processor.py:183} INFO - Processing /home/airflow/.local/lib/python3.12/site-packages/airflow/example_dags/tutorial_dag.py took 0.045 seconds
[2024-10-22T14:56:00.850+0000] {processor.py:161} INFO - Started process (PID=7314) to work on /home/airflow/.local/lib/python3.12/site-packages/airflow/example_dags/tutorial_dag.py
[2024-10-22T14:56:00.851+0000] {processor.py:830} INFO - Processing file /home/airflow/.local/lib/python3.12/site-packages/airflow/example_dags/tutorial_dag.py for tasks to queue
[2024-10-22T14:56:00.853+0000] {logging_mixin.py:188} INFO - [2024-10-22T14:56:00.852+0000] {dagbag.py:545} INFO - Filling up the DagBag from /home/airflow/.local/lib/python3.12/site-packages/airflow/example_dags/tutorial_dag.py
[2024-10-22T14:56:00.856+0000] {processor.py:840} INFO - DAG(s) 'tutorial_dag' retrieved from /home/airflow/.local/lib/python3.12/site-packages/airflow/example_dags/tutorial_dag.py
[2024-10-22T14:56:00.871+0000] {logging_mixin.py:188} INFO - [2024-10-22T14:56:00.871+0000] {dag.py:3089} INFO - Sync 1 DAGs
[2024-10-22T14:56:00.880+0000] {logging_mixin.py:188} INFO - [2024-10-22T14:56:00.879+0000] {dag.py:3947} INFO - Setting next_dagrun for tutorial_dag to None, run_after=None
[2024-10-22T14:56:00.893+0000] {processor.py:183} INFO - Processing /home/airflow/.local/lib/python3.12/site-packages/airflow/example_dags/tutorial_dag.py took 0.047 seconds
[2024-10-22T14:56:31.300+0000] {processor.py:161} INFO - Started process (PID=7581) to work on /home/airflow/.local/lib/python3.12/site-packages/airflow/example_dags/tutorial_dag.py
[2024-10-22T14:56:31.301+0000] {processor.py:830} INFO - Processing file /home/airflow/.local/lib/python3.12/site-packages/airflow/example_dags/tutorial_dag.py for tasks to queue
[2024-10-22T14:56:31.302+0000] {logging_mixin.py:188} INFO - [2024-10-22T14:56:31.302+0000] {dagbag.py:545} INFO - Filling up the DagBag from /home/airflow/.local/lib/python3.12/site-packages/airflow/example_dags/tutorial_dag.py
[2024-10-22T14:56:31.306+0000] {processor.py:840} INFO - DAG(s) 'tutorial_dag' retrieved from /home/airflow/.local/lib/python3.12/site-packages/airflow/example_dags/tutorial_dag.py
[2024-10-22T14:56:31.320+0000] {logging_mixin.py:188} INFO - [2024-10-22T14:56:31.320+0000] {dag.py:3089} INFO - Sync 1 DAGs
[2024-10-22T14:56:31.328+0000] {logging_mixin.py:188} INFO - [2024-10-22T14:56:31.328+0000] {dag.py:3947} INFO - Setting next_dagrun for tutorial_dag to None, run_after=None
[2024-10-22T14:56:31.340+0000] {processor.py:183} INFO - Processing /home/airflow/.local/lib/python3.12/site-packages/airflow/example_dags/tutorial_dag.py took 0.044 seconds
[2024-10-22T14:57:01.493+0000] {processor.py:161} INFO - Started process (PID=7850) to work on /home/airflow/.local/lib/python3.12/site-packages/airflow/example_dags/tutorial_dag.py
[2024-10-22T14:57:01.494+0000] {processor.py:830} INFO - Processing file /home/airflow/.local/lib/python3.12/site-packages/airflow/example_dags/tutorial_dag.py for tasks to queue
[2024-10-22T14:57:01.495+0000] {logging_mixin.py:188} INFO - [2024-10-22T14:57:01.495+0000] {dagbag.py:545} INFO - Filling up the DagBag from /home/airflow/.local/lib/python3.12/site-packages/airflow/example_dags/tutorial_dag.py
[2024-10-22T14:57:01.499+0000] {processor.py:840} INFO - DAG(s) 'tutorial_dag' retrieved from /home/airflow/.local/lib/python3.12/site-packages/airflow/example_dags/tutorial_dag.py
[2024-10-22T14:57:01.513+0000] {logging_mixin.py:188} INFO - [2024-10-22T14:57:01.513+0000] {dag.py:3089} INFO - Sync 1 DAGs
[2024-10-22T14:57:01.522+0000] {logging_mixin.py:188} INFO - [2024-10-22T14:57:01.522+0000] {dag.py:3947} INFO - Setting next_dagrun for tutorial_dag to None, run_after=None
[2024-10-22T14:57:01.533+0000] {processor.py:183} INFO - Processing /home/airflow/.local/lib/python3.12/site-packages/airflow/example_dags/tutorial_dag.py took 0.044 seconds
[2024-10-22T14:57:32.520+0000] {processor.py:161} INFO - Started process (PID=8115) to work on /home/airflow/.local/lib/python3.12/site-packages/airflow/example_dags/tutorial_dag.py
[2024-10-22T14:57:32.521+0000] {processor.py:830} INFO - Processing file /home/airflow/.local/lib/python3.12/site-packages/airflow/example_dags/tutorial_dag.py for tasks to queue
[2024-10-22T14:57:32.522+0000] {logging_mixin.py:188} INFO - [2024-10-22T14:57:32.522+0000] {dagbag.py:545} INFO - Filling up the DagBag from /home/airflow/.local/lib/python3.12/site-packages/airflow/example_dags/tutorial_dag.py
[2024-10-22T14:57:32.526+0000] {processor.py:840} INFO - DAG(s) 'tutorial_dag' retrieved from /home/airflow/.local/lib/python3.12/site-packages/airflow/example_dags/tutorial_dag.py
[2024-10-22T14:57:32.540+0000] {logging_mixin.py:188} INFO - [2024-10-22T14:57:32.540+0000] {dag.py:3089} INFO - Sync 1 DAGs
[2024-10-22T14:57:32.549+0000] {logging_mixin.py:188} INFO - [2024-10-22T14:57:32.549+0000] {dag.py:3947} INFO - Setting next_dagrun for tutorial_dag to None, run_after=None
[2024-10-22T14:57:32.561+0000] {processor.py:183} INFO - Processing /home/airflow/.local/lib/python3.12/site-packages/airflow/example_dags/tutorial_dag.py took 0.045 seconds
