[2024-10-22T14:00:16.671+0000] {processor.py:161} INFO - Started process (PID=415) to work on /home/airflow/.local/lib/python3.12/site-packages/airflow/example_dags/tutorial.py
[2024-10-22T14:00:16.672+0000] {processor.py:830} INFO - Processing file /home/airflow/.local/lib/python3.12/site-packages/airflow/example_dags/tutorial.py for tasks to queue
[2024-10-22T14:00:16.674+0000] {logging_mixin.py:188} INFO - [2024-10-22T14:00:16.673+0000] {dagbag.py:545} INFO - Filling up the DagBag from /home/airflow/.local/lib/python3.12/site-packages/airflow/example_dags/tutorial.py
[2024-10-22T14:00:16.681+0000] {processor.py:840} INFO - DAG(s) 'tutorial' retrieved from /home/airflow/.local/lib/python3.12/site-packages/airflow/example_dags/tutorial.py
[2024-10-22T14:00:16.766+0000] {logging_mixin.py:188} INFO - [2024-10-22T14:00:16.766+0000] {override.py:1858} INFO - Created Permission View: can delete on DAG:tutorial
[2024-10-22T14:00:16.773+0000] {logging_mixin.py:188} INFO - [2024-10-22T14:00:16.773+0000] {override.py:1858} INFO - Created Permission View: can edit on DAG:tutorial
[2024-10-22T14:00:16.778+0000] {logging_mixin.py:188} INFO - [2024-10-22T14:00:16.778+0000] {override.py:1858} INFO - Created Permission View: can read on DAG:tutorial
[2024-10-22T14:00:16.779+0000] {logging_mixin.py:188} INFO - [2024-10-22T14:00:16.779+0000] {dag.py:3089} INFO - Sync 1 DAGs
[2024-10-22T14:00:16.788+0000] {logging_mixin.py:188} INFO - [2024-10-22T14:00:16.787+0000] {dag.py:3111} INFO - Creating ORM DAG for tutorial
[2024-10-22T14:00:16.794+0000] {logging_mixin.py:188} INFO - [2024-10-22T14:00:16.794+0000] {dag.py:3947} INFO - Setting next_dagrun for tutorial to 2024-10-21 00:00:00+00:00, run_after=2024-10-22 00:00:00+00:00
[2024-10-22T14:00:16.807+0000] {processor.py:183} INFO - Processing /home/airflow/.local/lib/python3.12/site-packages/airflow/example_dags/tutorial.py took 0.140 seconds
[2024-10-22T14:00:47.165+0000] {processor.py:161} INFO - Started process (PID=682) to work on /home/airflow/.local/lib/python3.12/site-packages/airflow/example_dags/tutorial.py
[2024-10-22T14:00:47.166+0000] {processor.py:830} INFO - Processing file /home/airflow/.local/lib/python3.12/site-packages/airflow/example_dags/tutorial.py for tasks to queue
[2024-10-22T14:00:47.167+0000] {logging_mixin.py:188} INFO - [2024-10-22T14:00:47.167+0000] {dagbag.py:545} INFO - Filling up the DagBag from /home/airflow/.local/lib/python3.12/site-packages/airflow/example_dags/tutorial.py
[2024-10-22T14:00:47.171+0000] {processor.py:840} INFO - DAG(s) 'tutorial' retrieved from /home/airflow/.local/lib/python3.12/site-packages/airflow/example_dags/tutorial.py
[2024-10-22T14:00:47.185+0000] {logging_mixin.py:188} INFO - [2024-10-22T14:00:47.185+0000] {dag.py:3089} INFO - Sync 1 DAGs
[2024-10-22T14:00:47.200+0000] {logging_mixin.py:188} INFO - [2024-10-22T14:00:47.200+0000] {dag.py:3947} INFO - Setting next_dagrun for tutorial to 2024-10-21 00:00:00+00:00, run_after=2024-10-22 00:00:00+00:00
[2024-10-22T14:00:47.214+0000] {processor.py:183} INFO - Processing /home/airflow/.local/lib/python3.12/site-packages/airflow/example_dags/tutorial.py took 0.053 seconds
[2024-10-22T14:01:17.447+0000] {processor.py:161} INFO - Started process (PID=949) to work on /home/airflow/.local/lib/python3.12/site-packages/airflow/example_dags/tutorial.py
[2024-10-22T14:01:17.448+0000] {processor.py:830} INFO - Processing file /home/airflow/.local/lib/python3.12/site-packages/airflow/example_dags/tutorial.py for tasks to queue
[2024-10-22T14:01:17.449+0000] {logging_mixin.py:188} INFO - [2024-10-22T14:01:17.449+0000] {dagbag.py:545} INFO - Filling up the DagBag from /home/airflow/.local/lib/python3.12/site-packages/airflow/example_dags/tutorial.py
[2024-10-22T14:01:17.454+0000] {processor.py:840} INFO - DAG(s) 'tutorial' retrieved from /home/airflow/.local/lib/python3.12/site-packages/airflow/example_dags/tutorial.py
[2024-10-22T14:01:17.468+0000] {logging_mixin.py:188} INFO - [2024-10-22T14:01:17.467+0000] {dag.py:3089} INFO - Sync 1 DAGs
[2024-10-22T14:01:17.484+0000] {logging_mixin.py:188} INFO - [2024-10-22T14:01:17.484+0000] {dag.py:3947} INFO - Setting next_dagrun for tutorial to 2024-10-21 00:00:00+00:00, run_after=2024-10-22 00:00:00+00:00
[2024-10-22T14:01:17.498+0000] {processor.py:183} INFO - Processing /home/airflow/.local/lib/python3.12/site-packages/airflow/example_dags/tutorial.py took 0.055 seconds
[2024-10-22T14:01:47.761+0000] {processor.py:161} INFO - Started process (PID=1216) to work on /home/airflow/.local/lib/python3.12/site-packages/airflow/example_dags/tutorial.py
[2024-10-22T14:01:47.762+0000] {processor.py:830} INFO - Processing file /home/airflow/.local/lib/python3.12/site-packages/airflow/example_dags/tutorial.py for tasks to queue
[2024-10-22T14:01:47.764+0000] {logging_mixin.py:188} INFO - [2024-10-22T14:01:47.763+0000] {dagbag.py:545} INFO - Filling up the DagBag from /home/airflow/.local/lib/python3.12/site-packages/airflow/example_dags/tutorial.py
[2024-10-22T14:01:47.768+0000] {processor.py:840} INFO - DAG(s) 'tutorial' retrieved from /home/airflow/.local/lib/python3.12/site-packages/airflow/example_dags/tutorial.py
[2024-10-22T14:01:47.785+0000] {logging_mixin.py:188} INFO - [2024-10-22T14:01:47.785+0000] {dag.py:3089} INFO - Sync 1 DAGs
[2024-10-22T14:01:47.801+0000] {logging_mixin.py:188} INFO - [2024-10-22T14:01:47.801+0000] {dag.py:3947} INFO - Setting next_dagrun for tutorial to 2024-10-21 00:00:00+00:00, run_after=2024-10-22 00:00:00+00:00
[2024-10-22T14:01:47.814+0000] {processor.py:183} INFO - Processing /home/airflow/.local/lib/python3.12/site-packages/airflow/example_dags/tutorial.py took 0.057 seconds
[2024-10-22T14:02:18.184+0000] {processor.py:161} INFO - Started process (PID=1483) to work on /home/airflow/.local/lib/python3.12/site-packages/airflow/example_dags/tutorial.py
[2024-10-22T14:02:18.184+0000] {processor.py:830} INFO - Processing file /home/airflow/.local/lib/python3.12/site-packages/airflow/example_dags/tutorial.py for tasks to queue
[2024-10-22T14:02:18.186+0000] {logging_mixin.py:188} INFO - [2024-10-22T14:02:18.186+0000] {dagbag.py:545} INFO - Filling up the DagBag from /home/airflow/.local/lib/python3.12/site-packages/airflow/example_dags/tutorial.py
[2024-10-22T14:02:18.190+0000] {processor.py:840} INFO - DAG(s) 'tutorial' retrieved from /home/airflow/.local/lib/python3.12/site-packages/airflow/example_dags/tutorial.py
[2024-10-22T14:02:18.205+0000] {logging_mixin.py:188} INFO - [2024-10-22T14:02:18.205+0000] {dag.py:3089} INFO - Sync 1 DAGs
[2024-10-22T14:02:18.221+0000] {logging_mixin.py:188} INFO - [2024-10-22T14:02:18.221+0000] {dag.py:3947} INFO - Setting next_dagrun for tutorial to 2024-10-21 00:00:00+00:00, run_after=2024-10-22 00:00:00+00:00
[2024-10-22T14:02:18.234+0000] {processor.py:183} INFO - Processing /home/airflow/.local/lib/python3.12/site-packages/airflow/example_dags/tutorial.py took 0.054 seconds
[2024-10-22T14:02:48.440+0000] {processor.py:161} INFO - Started process (PID=1752) to work on /home/airflow/.local/lib/python3.12/site-packages/airflow/example_dags/tutorial.py
[2024-10-22T14:02:48.441+0000] {processor.py:830} INFO - Processing file /home/airflow/.local/lib/python3.12/site-packages/airflow/example_dags/tutorial.py for tasks to queue
[2024-10-22T14:02:48.443+0000] {logging_mixin.py:188} INFO - [2024-10-22T14:02:48.442+0000] {dagbag.py:545} INFO - Filling up the DagBag from /home/airflow/.local/lib/python3.12/site-packages/airflow/example_dags/tutorial.py
[2024-10-22T14:02:48.447+0000] {processor.py:840} INFO - DAG(s) 'tutorial' retrieved from /home/airflow/.local/lib/python3.12/site-packages/airflow/example_dags/tutorial.py
[2024-10-22T14:02:48.461+0000] {logging_mixin.py:188} INFO - [2024-10-22T14:02:48.461+0000] {dag.py:3089} INFO - Sync 1 DAGs
[2024-10-22T14:02:48.475+0000] {logging_mixin.py:188} INFO - [2024-10-22T14:02:48.475+0000] {dag.py:3947} INFO - Setting next_dagrun for tutorial to 2024-10-21 00:00:00+00:00, run_after=2024-10-22 00:00:00+00:00
[2024-10-22T14:02:48.487+0000] {processor.py:183} INFO - Processing /home/airflow/.local/lib/python3.12/site-packages/airflow/example_dags/tutorial.py took 0.050 seconds
[2024-10-22T14:03:18.669+0000] {processor.py:161} INFO - Started process (PID=2019) to work on /home/airflow/.local/lib/python3.12/site-packages/airflow/example_dags/tutorial.py
[2024-10-22T14:03:18.670+0000] {processor.py:830} INFO - Processing file /home/airflow/.local/lib/python3.12/site-packages/airflow/example_dags/tutorial.py for tasks to queue
[2024-10-22T14:03:18.671+0000] {logging_mixin.py:188} INFO - [2024-10-22T14:03:18.671+0000] {dagbag.py:545} INFO - Filling up the DagBag from /home/airflow/.local/lib/python3.12/site-packages/airflow/example_dags/tutorial.py
[2024-10-22T14:03:18.675+0000] {processor.py:840} INFO - DAG(s) 'tutorial' retrieved from /home/airflow/.local/lib/python3.12/site-packages/airflow/example_dags/tutorial.py
[2024-10-22T14:03:18.690+0000] {logging_mixin.py:188} INFO - [2024-10-22T14:03:18.690+0000] {dag.py:3089} INFO - Sync 1 DAGs
[2024-10-22T14:03:18.705+0000] {logging_mixin.py:188} INFO - [2024-10-22T14:03:18.705+0000] {dag.py:3947} INFO - Setting next_dagrun for tutorial to 2024-10-21 00:00:00+00:00, run_after=2024-10-22 00:00:00+00:00
[2024-10-22T14:03:18.718+0000] {processor.py:183} INFO - Processing /home/airflow/.local/lib/python3.12/site-packages/airflow/example_dags/tutorial.py took 0.053 seconds
[2024-10-22T14:03:49.098+0000] {processor.py:161} INFO - Started process (PID=2286) to work on /home/airflow/.local/lib/python3.12/site-packages/airflow/example_dags/tutorial.py
[2024-10-22T14:03:49.098+0000] {processor.py:830} INFO - Processing file /home/airflow/.local/lib/python3.12/site-packages/airflow/example_dags/tutorial.py for tasks to queue
[2024-10-22T14:03:49.100+0000] {logging_mixin.py:188} INFO - [2024-10-22T14:03:49.100+0000] {dagbag.py:545} INFO - Filling up the DagBag from /home/airflow/.local/lib/python3.12/site-packages/airflow/example_dags/tutorial.py
[2024-10-22T14:03:49.104+0000] {processor.py:840} INFO - DAG(s) 'tutorial' retrieved from /home/airflow/.local/lib/python3.12/site-packages/airflow/example_dags/tutorial.py
[2024-10-22T14:03:49.118+0000] {logging_mixin.py:188} INFO - [2024-10-22T14:03:49.118+0000] {dag.py:3089} INFO - Sync 1 DAGs
[2024-10-22T14:03:49.133+0000] {logging_mixin.py:188} INFO - [2024-10-22T14:03:49.133+0000] {dag.py:3947} INFO - Setting next_dagrun for tutorial to 2024-10-21 00:00:00+00:00, run_after=2024-10-22 00:00:00+00:00
[2024-10-22T14:03:49.146+0000] {processor.py:183} INFO - Processing /home/airflow/.local/lib/python3.12/site-packages/airflow/example_dags/tutorial.py took 0.052 seconds
[2024-10-22T14:34:26.860+0000] {processor.py:161} INFO - Started process (PID=415) to work on /home/airflow/.local/lib/python3.12/site-packages/airflow/example_dags/tutorial.py
[2024-10-22T14:34:26.861+0000] {processor.py:830} INFO - Processing file /home/airflow/.local/lib/python3.12/site-packages/airflow/example_dags/tutorial.py for tasks to queue
[2024-10-22T14:34:26.862+0000] {logging_mixin.py:188} INFO - [2024-10-22T14:34:26.862+0000] {dagbag.py:545} INFO - Filling up the DagBag from /home/airflow/.local/lib/python3.12/site-packages/airflow/example_dags/tutorial.py
[2024-10-22T14:34:26.867+0000] {processor.py:840} INFO - DAG(s) 'tutorial' retrieved from /home/airflow/.local/lib/python3.12/site-packages/airflow/example_dags/tutorial.py
[2024-10-22T14:34:26.875+0000] {logging_mixin.py:188} INFO - [2024-10-22T14:34:26.875+0000] {dag.py:3089} INFO - Sync 1 DAGs
[2024-10-22T14:34:26.890+0000] {logging_mixin.py:188} INFO - [2024-10-22T14:34:26.890+0000] {dag.py:3947} INFO - Setting next_dagrun for tutorial to 2024-10-21 00:00:00+00:00, run_after=2024-10-22 00:00:00+00:00
[2024-10-22T14:34:26.903+0000] {processor.py:183} INFO - Processing /home/airflow/.local/lib/python3.12/site-packages/airflow/example_dags/tutorial.py took 0.046 seconds
[2024-10-22T14:34:58.887+0000] {processor.py:161} INFO - Started process (PID=682) to work on /home/airflow/.local/lib/python3.12/site-packages/airflow/example_dags/tutorial.py
[2024-10-22T14:34:58.887+0000] {processor.py:830} INFO - Processing file /home/airflow/.local/lib/python3.12/site-packages/airflow/example_dags/tutorial.py for tasks to queue
[2024-10-22T14:34:58.889+0000] {logging_mixin.py:188} INFO - [2024-10-22T14:34:58.889+0000] {dagbag.py:545} INFO - Filling up the DagBag from /home/airflow/.local/lib/python3.12/site-packages/airflow/example_dags/tutorial.py
[2024-10-22T14:34:58.893+0000] {processor.py:840} INFO - DAG(s) 'tutorial' retrieved from /home/airflow/.local/lib/python3.12/site-packages/airflow/example_dags/tutorial.py
[2024-10-22T14:34:58.977+0000] {logging_mixin.py:188} INFO - [2024-10-22T14:34:58.977+0000] {dag.py:3089} INFO - Sync 1 DAGs
[2024-10-22T14:34:58.992+0000] {logging_mixin.py:188} INFO - [2024-10-22T14:34:58.992+0000] {dag.py:3947} INFO - Setting next_dagrun for tutorial to 2024-10-21 00:00:00+00:00, run_after=2024-10-22 00:00:00+00:00
[2024-10-22T14:34:59.007+0000] {processor.py:183} INFO - Processing /home/airflow/.local/lib/python3.12/site-packages/airflow/example_dags/tutorial.py took 0.125 seconds
[2024-10-22T14:35:29.177+0000] {processor.py:161} INFO - Started process (PID=949) to work on /home/airflow/.local/lib/python3.12/site-packages/airflow/example_dags/tutorial.py
[2024-10-22T14:35:29.178+0000] {processor.py:830} INFO - Processing file /home/airflow/.local/lib/python3.12/site-packages/airflow/example_dags/tutorial.py for tasks to queue
[2024-10-22T14:35:29.179+0000] {logging_mixin.py:188} INFO - [2024-10-22T14:35:29.179+0000] {dagbag.py:545} INFO - Filling up the DagBag from /home/airflow/.local/lib/python3.12/site-packages/airflow/example_dags/tutorial.py
[2024-10-22T14:35:29.183+0000] {processor.py:840} INFO - DAG(s) 'tutorial' retrieved from /home/airflow/.local/lib/python3.12/site-packages/airflow/example_dags/tutorial.py
[2024-10-22T14:35:29.197+0000] {logging_mixin.py:188} INFO - [2024-10-22T14:35:29.197+0000] {dag.py:3089} INFO - Sync 1 DAGs
[2024-10-22T14:35:29.211+0000] {logging_mixin.py:188} INFO - [2024-10-22T14:35:29.211+0000] {dag.py:3947} INFO - Setting next_dagrun for tutorial to 2024-10-21 00:00:00+00:00, run_after=2024-10-22 00:00:00+00:00
[2024-10-22T14:35:29.223+0000] {processor.py:183} INFO - Processing /home/airflow/.local/lib/python3.12/site-packages/airflow/example_dags/tutorial.py took 0.050 seconds
[2024-10-22T14:35:59.495+0000] {processor.py:161} INFO - Started process (PID=1218) to work on /home/airflow/.local/lib/python3.12/site-packages/airflow/example_dags/tutorial.py
[2024-10-22T14:35:59.496+0000] {processor.py:830} INFO - Processing file /home/airflow/.local/lib/python3.12/site-packages/airflow/example_dags/tutorial.py for tasks to queue
[2024-10-22T14:35:59.497+0000] {logging_mixin.py:188} INFO - [2024-10-22T14:35:59.497+0000] {dagbag.py:545} INFO - Filling up the DagBag from /home/airflow/.local/lib/python3.12/site-packages/airflow/example_dags/tutorial.py
[2024-10-22T14:35:59.501+0000] {processor.py:840} INFO - DAG(s) 'tutorial' retrieved from /home/airflow/.local/lib/python3.12/site-packages/airflow/example_dags/tutorial.py
[2024-10-22T14:35:59.515+0000] {logging_mixin.py:188} INFO - [2024-10-22T14:35:59.515+0000] {dag.py:3089} INFO - Sync 1 DAGs
[2024-10-22T14:35:59.529+0000] {logging_mixin.py:188} INFO - [2024-10-22T14:35:59.529+0000] {dag.py:3947} INFO - Setting next_dagrun for tutorial to 2024-10-21 00:00:00+00:00, run_after=2024-10-22 00:00:00+00:00
[2024-10-22T14:35:59.542+0000] {processor.py:183} INFO - Processing /home/airflow/.local/lib/python3.12/site-packages/airflow/example_dags/tutorial.py took 0.051 seconds
[2024-10-22T14:36:29.833+0000] {processor.py:161} INFO - Started process (PID=1485) to work on /home/airflow/.local/lib/python3.12/site-packages/airflow/example_dags/tutorial.py
[2024-10-22T14:36:29.833+0000] {processor.py:830} INFO - Processing file /home/airflow/.local/lib/python3.12/site-packages/airflow/example_dags/tutorial.py for tasks to queue
[2024-10-22T14:36:29.835+0000] {logging_mixin.py:188} INFO - [2024-10-22T14:36:29.834+0000] {dagbag.py:545} INFO - Filling up the DagBag from /home/airflow/.local/lib/python3.12/site-packages/airflow/example_dags/tutorial.py
[2024-10-22T14:36:29.839+0000] {processor.py:840} INFO - DAG(s) 'tutorial' retrieved from /home/airflow/.local/lib/python3.12/site-packages/airflow/example_dags/tutorial.py
[2024-10-22T14:36:29.853+0000] {logging_mixin.py:188} INFO - [2024-10-22T14:36:29.852+0000] {dag.py:3089} INFO - Sync 1 DAGs
[2024-10-22T14:36:29.867+0000] {logging_mixin.py:188} INFO - [2024-10-22T14:36:29.867+0000] {dag.py:3947} INFO - Setting next_dagrun for tutorial to 2024-10-21 00:00:00+00:00, run_after=2024-10-22 00:00:00+00:00
[2024-10-22T14:36:29.879+0000] {processor.py:183} INFO - Processing /home/airflow/.local/lib/python3.12/site-packages/airflow/example_dags/tutorial.py took 0.050 seconds
[2024-10-22T14:37:00.059+0000] {processor.py:161} INFO - Started process (PID=1752) to work on /home/airflow/.local/lib/python3.12/site-packages/airflow/example_dags/tutorial.py
[2024-10-22T14:37:00.060+0000] {processor.py:830} INFO - Processing file /home/airflow/.local/lib/python3.12/site-packages/airflow/example_dags/tutorial.py for tasks to queue
[2024-10-22T14:37:00.061+0000] {logging_mixin.py:188} INFO - [2024-10-22T14:37:00.061+0000] {dagbag.py:545} INFO - Filling up the DagBag from /home/airflow/.local/lib/python3.12/site-packages/airflow/example_dags/tutorial.py
[2024-10-22T14:37:00.065+0000] {processor.py:840} INFO - DAG(s) 'tutorial' retrieved from /home/airflow/.local/lib/python3.12/site-packages/airflow/example_dags/tutorial.py
[2024-10-22T14:37:00.080+0000] {logging_mixin.py:188} INFO - [2024-10-22T14:37:00.080+0000] {dag.py:3089} INFO - Sync 1 DAGs
[2024-10-22T14:37:00.094+0000] {logging_mixin.py:188} INFO - [2024-10-22T14:37:00.094+0000] {dag.py:3947} INFO - Setting next_dagrun for tutorial to 2024-10-21 00:00:00+00:00, run_after=2024-10-22 00:00:00+00:00
[2024-10-22T14:37:00.107+0000] {processor.py:183} INFO - Processing /home/airflow/.local/lib/python3.12/site-packages/airflow/example_dags/tutorial.py took 0.051 seconds
[2024-10-22T14:37:30.165+0000] {processor.py:161} INFO - Started process (PID=2017) to work on /home/airflow/.local/lib/python3.12/site-packages/airflow/example_dags/tutorial.py
[2024-10-22T14:37:30.166+0000] {processor.py:830} INFO - Processing file /home/airflow/.local/lib/python3.12/site-packages/airflow/example_dags/tutorial.py for tasks to queue
[2024-10-22T14:37:30.167+0000] {logging_mixin.py:188} INFO - [2024-10-22T14:37:30.167+0000] {dagbag.py:545} INFO - Filling up the DagBag from /home/airflow/.local/lib/python3.12/site-packages/airflow/example_dags/tutorial.py
[2024-10-22T14:37:30.171+0000] {processor.py:840} INFO - DAG(s) 'tutorial' retrieved from /home/airflow/.local/lib/python3.12/site-packages/airflow/example_dags/tutorial.py
[2024-10-22T14:37:30.185+0000] {logging_mixin.py:188} INFO - [2024-10-22T14:37:30.184+0000] {dag.py:3089} INFO - Sync 1 DAGs
[2024-10-22T14:37:30.199+0000] {logging_mixin.py:188} INFO - [2024-10-22T14:37:30.199+0000] {dag.py:3947} INFO - Setting next_dagrun for tutorial to 2024-10-21 00:00:00+00:00, run_after=2024-10-22 00:00:00+00:00
[2024-10-22T14:37:30.211+0000] {processor.py:183} INFO - Processing /home/airflow/.local/lib/python3.12/site-packages/airflow/example_dags/tutorial.py took 0.049 seconds
[2024-10-22T14:38:00.301+0000] {processor.py:161} INFO - Started process (PID=2284) to work on /home/airflow/.local/lib/python3.12/site-packages/airflow/example_dags/tutorial.py
[2024-10-22T14:38:00.302+0000] {processor.py:830} INFO - Processing file /home/airflow/.local/lib/python3.12/site-packages/airflow/example_dags/tutorial.py for tasks to queue
[2024-10-22T14:38:00.303+0000] {logging_mixin.py:188} INFO - [2024-10-22T14:38:00.303+0000] {dagbag.py:545} INFO - Filling up the DagBag from /home/airflow/.local/lib/python3.12/site-packages/airflow/example_dags/tutorial.py
[2024-10-22T14:38:00.307+0000] {processor.py:840} INFO - DAG(s) 'tutorial' retrieved from /home/airflow/.local/lib/python3.12/site-packages/airflow/example_dags/tutorial.py
[2024-10-22T14:38:00.322+0000] {logging_mixin.py:188} INFO - [2024-10-22T14:38:00.321+0000] {dag.py:3089} INFO - Sync 1 DAGs
[2024-10-22T14:38:00.338+0000] {logging_mixin.py:188} INFO - [2024-10-22T14:38:00.338+0000] {dag.py:3947} INFO - Setting next_dagrun for tutorial to 2024-10-21 00:00:00+00:00, run_after=2024-10-22 00:00:00+00:00
[2024-10-22T14:38:00.350+0000] {processor.py:183} INFO - Processing /home/airflow/.local/lib/python3.12/site-packages/airflow/example_dags/tutorial.py took 0.053 seconds
[2024-10-22T14:38:30.425+0000] {processor.py:161} INFO - Started process (PID=2551) to work on /home/airflow/.local/lib/python3.12/site-packages/airflow/example_dags/tutorial.py
[2024-10-22T14:38:30.426+0000] {processor.py:830} INFO - Processing file /home/airflow/.local/lib/python3.12/site-packages/airflow/example_dags/tutorial.py for tasks to queue
[2024-10-22T14:38:30.427+0000] {logging_mixin.py:188} INFO - [2024-10-22T14:38:30.427+0000] {dagbag.py:545} INFO - Filling up the DagBag from /home/airflow/.local/lib/python3.12/site-packages/airflow/example_dags/tutorial.py
[2024-10-22T14:38:30.431+0000] {processor.py:840} INFO - DAG(s) 'tutorial' retrieved from /home/airflow/.local/lib/python3.12/site-packages/airflow/example_dags/tutorial.py
[2024-10-22T14:38:30.444+0000] {logging_mixin.py:188} INFO - [2024-10-22T14:38:30.444+0000] {dag.py:3089} INFO - Sync 1 DAGs
[2024-10-22T14:38:30.460+0000] {logging_mixin.py:188} INFO - [2024-10-22T14:38:30.459+0000] {dag.py:3947} INFO - Setting next_dagrun for tutorial to 2024-10-21 00:00:00+00:00, run_after=2024-10-22 00:00:00+00:00
[2024-10-22T14:38:30.473+0000] {processor.py:183} INFO - Processing /home/airflow/.local/lib/python3.12/site-packages/airflow/example_dags/tutorial.py took 0.052 seconds
[2024-10-22T14:39:01.072+0000] {processor.py:161} INFO - Started process (PID=2820) to work on /home/airflow/.local/lib/python3.12/site-packages/airflow/example_dags/tutorial.py
[2024-10-22T14:39:01.073+0000] {processor.py:830} INFO - Processing file /home/airflow/.local/lib/python3.12/site-packages/airflow/example_dags/tutorial.py for tasks to queue
[2024-10-22T14:39:01.074+0000] {logging_mixin.py:188} INFO - [2024-10-22T14:39:01.074+0000] {dagbag.py:545} INFO - Filling up the DagBag from /home/airflow/.local/lib/python3.12/site-packages/airflow/example_dags/tutorial.py
[2024-10-22T14:39:01.078+0000] {processor.py:840} INFO - DAG(s) 'tutorial' retrieved from /home/airflow/.local/lib/python3.12/site-packages/airflow/example_dags/tutorial.py
[2024-10-22T14:39:01.092+0000] {logging_mixin.py:188} INFO - [2024-10-22T14:39:01.091+0000] {dag.py:3089} INFO - Sync 1 DAGs
[2024-10-22T14:39:01.105+0000] {logging_mixin.py:188} INFO - [2024-10-22T14:39:01.105+0000] {dag.py:3947} INFO - Setting next_dagrun for tutorial to 2024-10-21 00:00:00+00:00, run_after=2024-10-22 00:00:00+00:00
[2024-10-22T14:39:01.117+0000] {processor.py:183} INFO - Processing /home/airflow/.local/lib/python3.12/site-packages/airflow/example_dags/tutorial.py took 0.049 seconds
[2024-10-22T14:39:31.193+0000] {processor.py:161} INFO - Started process (PID=3087) to work on /home/airflow/.local/lib/python3.12/site-packages/airflow/example_dags/tutorial.py
[2024-10-22T14:39:31.193+0000] {processor.py:830} INFO - Processing file /home/airflow/.local/lib/python3.12/site-packages/airflow/example_dags/tutorial.py for tasks to queue
[2024-10-22T14:39:31.195+0000] {logging_mixin.py:188} INFO - [2024-10-22T14:39:31.195+0000] {dagbag.py:545} INFO - Filling up the DagBag from /home/airflow/.local/lib/python3.12/site-packages/airflow/example_dags/tutorial.py
[2024-10-22T14:39:31.199+0000] {processor.py:840} INFO - DAG(s) 'tutorial' retrieved from /home/airflow/.local/lib/python3.12/site-packages/airflow/example_dags/tutorial.py
[2024-10-22T14:39:31.216+0000] {logging_mixin.py:188} INFO - [2024-10-22T14:39:31.216+0000] {dag.py:3089} INFO - Sync 1 DAGs
[2024-10-22T14:39:31.230+0000] {logging_mixin.py:188} INFO - [2024-10-22T14:39:31.230+0000] {dag.py:3947} INFO - Setting next_dagrun for tutorial to 2024-10-21 00:00:00+00:00, run_after=2024-10-22 00:00:00+00:00
[2024-10-22T14:39:31.243+0000] {processor.py:183} INFO - Processing /home/airflow/.local/lib/python3.12/site-packages/airflow/example_dags/tutorial.py took 0.054 seconds
[2024-10-22T14:40:01.427+0000] {processor.py:161} INFO - Started process (PID=3354) to work on /home/airflow/.local/lib/python3.12/site-packages/airflow/example_dags/tutorial.py
[2024-10-22T14:40:01.428+0000] {processor.py:830} INFO - Processing file /home/airflow/.local/lib/python3.12/site-packages/airflow/example_dags/tutorial.py for tasks to queue
[2024-10-22T14:40:01.429+0000] {logging_mixin.py:188} INFO - [2024-10-22T14:40:01.429+0000] {dagbag.py:545} INFO - Filling up the DagBag from /home/airflow/.local/lib/python3.12/site-packages/airflow/example_dags/tutorial.py
[2024-10-22T14:40:01.433+0000] {processor.py:840} INFO - DAG(s) 'tutorial' retrieved from /home/airflow/.local/lib/python3.12/site-packages/airflow/example_dags/tutorial.py
[2024-10-22T14:40:01.447+0000] {logging_mixin.py:188} INFO - [2024-10-22T14:40:01.447+0000] {dag.py:3089} INFO - Sync 1 DAGs
[2024-10-22T14:40:01.461+0000] {logging_mixin.py:188} INFO - [2024-10-22T14:40:01.461+0000] {dag.py:3947} INFO - Setting next_dagrun for tutorial to 2024-10-21 00:00:00+00:00, run_after=2024-10-22 00:00:00+00:00
[2024-10-22T14:40:01.473+0000] {processor.py:183} INFO - Processing /home/airflow/.local/lib/python3.12/site-packages/airflow/example_dags/tutorial.py took 0.049 seconds
[2024-10-22T14:40:31.677+0000] {processor.py:161} INFO - Started process (PID=3621) to work on /home/airflow/.local/lib/python3.12/site-packages/airflow/example_dags/tutorial.py
[2024-10-22T14:40:31.678+0000] {processor.py:830} INFO - Processing file /home/airflow/.local/lib/python3.12/site-packages/airflow/example_dags/tutorial.py for tasks to queue
[2024-10-22T14:40:31.679+0000] {logging_mixin.py:188} INFO - [2024-10-22T14:40:31.679+0000] {dagbag.py:545} INFO - Filling up the DagBag from /home/airflow/.local/lib/python3.12/site-packages/airflow/example_dags/tutorial.py
[2024-10-22T14:40:31.683+0000] {processor.py:840} INFO - DAG(s) 'tutorial' retrieved from /home/airflow/.local/lib/python3.12/site-packages/airflow/example_dags/tutorial.py
[2024-10-22T14:40:31.697+0000] {logging_mixin.py:188} INFO - [2024-10-22T14:40:31.697+0000] {dag.py:3089} INFO - Sync 1 DAGs
[2024-10-22T14:40:31.711+0000] {logging_mixin.py:188} INFO - [2024-10-22T14:40:31.711+0000] {dag.py:3947} INFO - Setting next_dagrun for tutorial to 2024-10-21 00:00:00+00:00, run_after=2024-10-22 00:00:00+00:00
[2024-10-22T14:40:31.724+0000] {processor.py:183} INFO - Processing /home/airflow/.local/lib/python3.12/site-packages/airflow/example_dags/tutorial.py took 0.051 seconds
[2024-10-22T14:41:01.750+0000] {processor.py:161} INFO - Started process (PID=3888) to work on /home/airflow/.local/lib/python3.12/site-packages/airflow/example_dags/tutorial.py
[2024-10-22T14:41:01.751+0000] {processor.py:830} INFO - Processing file /home/airflow/.local/lib/python3.12/site-packages/airflow/example_dags/tutorial.py for tasks to queue
[2024-10-22T14:41:01.752+0000] {logging_mixin.py:188} INFO - [2024-10-22T14:41:01.752+0000] {dagbag.py:545} INFO - Filling up the DagBag from /home/airflow/.local/lib/python3.12/site-packages/airflow/example_dags/tutorial.py
[2024-10-22T14:41:01.756+0000] {processor.py:840} INFO - DAG(s) 'tutorial' retrieved from /home/airflow/.local/lib/python3.12/site-packages/airflow/example_dags/tutorial.py
[2024-10-22T14:41:01.770+0000] {logging_mixin.py:188} INFO - [2024-10-22T14:41:01.770+0000] {dag.py:3089} INFO - Sync 1 DAGs
[2024-10-22T14:41:01.785+0000] {logging_mixin.py:188} INFO - [2024-10-22T14:41:01.785+0000] {dag.py:3947} INFO - Setting next_dagrun for tutorial to 2024-10-21 00:00:00+00:00, run_after=2024-10-22 00:00:00+00:00
[2024-10-22T14:41:01.798+0000] {processor.py:183} INFO - Processing /home/airflow/.local/lib/python3.12/site-packages/airflow/example_dags/tutorial.py took 0.051 seconds
[2024-10-22T14:41:32.053+0000] {processor.py:161} INFO - Started process (PID=4153) to work on /home/airflow/.local/lib/python3.12/site-packages/airflow/example_dags/tutorial.py
[2024-10-22T14:41:32.054+0000] {processor.py:830} INFO - Processing file /home/airflow/.local/lib/python3.12/site-packages/airflow/example_dags/tutorial.py for tasks to queue
[2024-10-22T14:41:32.055+0000] {logging_mixin.py:188} INFO - [2024-10-22T14:41:32.055+0000] {dagbag.py:545} INFO - Filling up the DagBag from /home/airflow/.local/lib/python3.12/site-packages/airflow/example_dags/tutorial.py
[2024-10-22T14:41:32.060+0000] {processor.py:840} INFO - DAG(s) 'tutorial' retrieved from /home/airflow/.local/lib/python3.12/site-packages/airflow/example_dags/tutorial.py
[2024-10-22T14:41:32.074+0000] {logging_mixin.py:188} INFO - [2024-10-22T14:41:32.074+0000] {dag.py:3089} INFO - Sync 1 DAGs
[2024-10-22T14:41:32.090+0000] {logging_mixin.py:188} INFO - [2024-10-22T14:41:32.090+0000] {dag.py:3947} INFO - Setting next_dagrun for tutorial to 2024-10-21 00:00:00+00:00, run_after=2024-10-22 00:00:00+00:00
[2024-10-22T14:41:32.104+0000] {processor.py:183} INFO - Processing /home/airflow/.local/lib/python3.12/site-packages/airflow/example_dags/tutorial.py took 0.055 seconds
[2024-10-22T14:42:02.160+0000] {processor.py:161} INFO - Started process (PID=4420) to work on /home/airflow/.local/lib/python3.12/site-packages/airflow/example_dags/tutorial.py
[2024-10-22T14:42:02.161+0000] {processor.py:830} INFO - Processing file /home/airflow/.local/lib/python3.12/site-packages/airflow/example_dags/tutorial.py for tasks to queue
[2024-10-22T14:42:02.162+0000] {logging_mixin.py:188} INFO - [2024-10-22T14:42:02.162+0000] {dagbag.py:545} INFO - Filling up the DagBag from /home/airflow/.local/lib/python3.12/site-packages/airflow/example_dags/tutorial.py
[2024-10-22T14:42:02.166+0000] {processor.py:840} INFO - DAG(s) 'tutorial' retrieved from /home/airflow/.local/lib/python3.12/site-packages/airflow/example_dags/tutorial.py
[2024-10-22T14:42:02.181+0000] {logging_mixin.py:188} INFO - [2024-10-22T14:42:02.181+0000] {dag.py:3089} INFO - Sync 1 DAGs
[2024-10-22T14:42:02.196+0000] {logging_mixin.py:188} INFO - [2024-10-22T14:42:02.195+0000] {dag.py:3947} INFO - Setting next_dagrun for tutorial to 2024-10-21 00:00:00+00:00, run_after=2024-10-22 00:00:00+00:00
[2024-10-22T14:42:02.210+0000] {processor.py:183} INFO - Processing /home/airflow/.local/lib/python3.12/site-packages/airflow/example_dags/tutorial.py took 0.054 seconds
[2024-10-22T14:42:49.455+0000] {processor.py:161} INFO - Started process (PID=417) to work on /home/airflow/.local/lib/python3.12/site-packages/airflow/example_dags/tutorial.py
[2024-10-22T14:42:49.455+0000] {processor.py:830} INFO - Processing file /home/airflow/.local/lib/python3.12/site-packages/airflow/example_dags/tutorial.py for tasks to queue
[2024-10-22T14:42:49.457+0000] {logging_mixin.py:188} INFO - [2024-10-22T14:42:49.457+0000] {dagbag.py:545} INFO - Filling up the DagBag from /home/airflow/.local/lib/python3.12/site-packages/airflow/example_dags/tutorial.py
[2024-10-22T14:42:49.462+0000] {processor.py:840} INFO - DAG(s) 'tutorial' retrieved from /home/airflow/.local/lib/python3.12/site-packages/airflow/example_dags/tutorial.py
[2024-10-22T14:42:49.470+0000] {logging_mixin.py:188} INFO - [2024-10-22T14:42:49.470+0000] {dag.py:3089} INFO - Sync 1 DAGs
[2024-10-22T14:42:49.487+0000] {logging_mixin.py:188} INFO - [2024-10-22T14:42:49.487+0000] {dag.py:3947} INFO - Setting next_dagrun for tutorial to 2024-10-21 00:00:00+00:00, run_after=2024-10-22 00:00:00+00:00
[2024-10-22T14:42:49.502+0000] {processor.py:183} INFO - Processing /home/airflow/.local/lib/python3.12/site-packages/airflow/example_dags/tutorial.py took 0.052 seconds
[2024-10-22T14:43:20.799+0000] {processor.py:161} INFO - Started process (PID=682) to work on /home/airflow/.local/lib/python3.12/site-packages/airflow/example_dags/tutorial.py
[2024-10-22T14:43:20.799+0000] {processor.py:830} INFO - Processing file /home/airflow/.local/lib/python3.12/site-packages/airflow/example_dags/tutorial.py for tasks to queue
[2024-10-22T14:43:20.801+0000] {logging_mixin.py:188} INFO - [2024-10-22T14:43:20.800+0000] {dagbag.py:545} INFO - Filling up the DagBag from /home/airflow/.local/lib/python3.12/site-packages/airflow/example_dags/tutorial.py
[2024-10-22T14:43:20.805+0000] {processor.py:840} INFO - DAG(s) 'tutorial' retrieved from /home/airflow/.local/lib/python3.12/site-packages/airflow/example_dags/tutorial.py
[2024-10-22T14:43:20.876+0000] {logging_mixin.py:188} INFO - [2024-10-22T14:43:20.876+0000] {dag.py:3089} INFO - Sync 1 DAGs
[2024-10-22T14:43:20.889+0000] {logging_mixin.py:188} INFO - [2024-10-22T14:43:20.889+0000] {dag.py:3947} INFO - Setting next_dagrun for tutorial to 2024-10-21 00:00:00+00:00, run_after=2024-10-22 00:00:00+00:00
[2024-10-22T14:43:20.903+0000] {processor.py:183} INFO - Processing /home/airflow/.local/lib/python3.12/site-packages/airflow/example_dags/tutorial.py took 0.108 seconds
[2024-10-22T14:43:50.993+0000] {processor.py:161} INFO - Started process (PID=954) to work on /home/airflow/.local/lib/python3.12/site-packages/airflow/example_dags/tutorial.py
[2024-10-22T14:43:50.993+0000] {processor.py:830} INFO - Processing file /home/airflow/.local/lib/python3.12/site-packages/airflow/example_dags/tutorial.py for tasks to queue
[2024-10-22T14:43:50.995+0000] {logging_mixin.py:188} INFO - [2024-10-22T14:43:50.994+0000] {dagbag.py:545} INFO - Filling up the DagBag from /home/airflow/.local/lib/python3.12/site-packages/airflow/example_dags/tutorial.py
[2024-10-22T14:43:50.999+0000] {processor.py:840} INFO - DAG(s) 'tutorial' retrieved from /home/airflow/.local/lib/python3.12/site-packages/airflow/example_dags/tutorial.py
[2024-10-22T14:43:51.012+0000] {logging_mixin.py:188} INFO - [2024-10-22T14:43:51.012+0000] {dag.py:3089} INFO - Sync 1 DAGs
[2024-10-22T14:43:51.027+0000] {logging_mixin.py:188} INFO - [2024-10-22T14:43:51.026+0000] {dag.py:3947} INFO - Setting next_dagrun for tutorial to 2024-10-21 00:00:00+00:00, run_after=2024-10-22 00:00:00+00:00
[2024-10-22T14:43:51.038+0000] {processor.py:183} INFO - Processing /home/airflow/.local/lib/python3.12/site-packages/airflow/example_dags/tutorial.py took 0.050 seconds
[2024-10-22T14:44:21.091+0000] {processor.py:161} INFO - Started process (PID=1224) to work on /home/airflow/.local/lib/python3.12/site-packages/airflow/example_dags/tutorial.py
[2024-10-22T14:44:21.091+0000] {processor.py:830} INFO - Processing file /home/airflow/.local/lib/python3.12/site-packages/airflow/example_dags/tutorial.py for tasks to queue
[2024-10-22T14:44:21.093+0000] {logging_mixin.py:188} INFO - [2024-10-22T14:44:21.093+0000] {dagbag.py:545} INFO - Filling up the DagBag from /home/airflow/.local/lib/python3.12/site-packages/airflow/example_dags/tutorial.py
[2024-10-22T14:44:21.097+0000] {processor.py:840} INFO - DAG(s) 'tutorial' retrieved from /home/airflow/.local/lib/python3.12/site-packages/airflow/example_dags/tutorial.py
[2024-10-22T14:44:21.112+0000] {logging_mixin.py:188} INFO - [2024-10-22T14:44:21.111+0000] {dag.py:3089} INFO - Sync 1 DAGs
[2024-10-22T14:44:21.130+0000] {logging_mixin.py:188} INFO - [2024-10-22T14:44:21.130+0000] {dag.py:3947} INFO - Setting next_dagrun for tutorial to 2024-10-21 00:00:00+00:00, run_after=2024-10-22 00:00:00+00:00
[2024-10-22T14:44:21.143+0000] {processor.py:183} INFO - Processing /home/airflow/.local/lib/python3.12/site-packages/airflow/example_dags/tutorial.py took 0.056 seconds
[2024-10-22T14:44:51.962+0000] {processor.py:161} INFO - Started process (PID=1486) to work on /home/airflow/.local/lib/python3.12/site-packages/airflow/example_dags/tutorial.py
[2024-10-22T14:44:51.962+0000] {processor.py:830} INFO - Processing file /home/airflow/.local/lib/python3.12/site-packages/airflow/example_dags/tutorial.py for tasks to queue
[2024-10-22T14:44:51.964+0000] {logging_mixin.py:188} INFO - [2024-10-22T14:44:51.964+0000] {dagbag.py:545} INFO - Filling up the DagBag from /home/airflow/.local/lib/python3.12/site-packages/airflow/example_dags/tutorial.py
[2024-10-22T14:44:51.968+0000] {processor.py:840} INFO - DAG(s) 'tutorial' retrieved from /home/airflow/.local/lib/python3.12/site-packages/airflow/example_dags/tutorial.py
[2024-10-22T14:44:51.982+0000] {logging_mixin.py:188} INFO - [2024-10-22T14:44:51.982+0000] {dag.py:3089} INFO - Sync 1 DAGs
[2024-10-22T14:44:51.996+0000] {logging_mixin.py:188} INFO - [2024-10-22T14:44:51.996+0000] {dag.py:3947} INFO - Setting next_dagrun for tutorial to 2024-10-21 00:00:00+00:00, run_after=2024-10-22 00:00:00+00:00
[2024-10-22T14:44:52.009+0000] {processor.py:183} INFO - Processing /home/airflow/.local/lib/python3.12/site-packages/airflow/example_dags/tutorial.py took 0.051 seconds
[2024-10-22T14:45:22.118+0000] {processor.py:161} INFO - Started process (PID=1753) to work on /home/airflow/.local/lib/python3.12/site-packages/airflow/example_dags/tutorial.py
[2024-10-22T14:45:22.119+0000] {processor.py:830} INFO - Processing file /home/airflow/.local/lib/python3.12/site-packages/airflow/example_dags/tutorial.py for tasks to queue
[2024-10-22T14:45:22.120+0000] {logging_mixin.py:188} INFO - [2024-10-22T14:45:22.120+0000] {dagbag.py:545} INFO - Filling up the DagBag from /home/airflow/.local/lib/python3.12/site-packages/airflow/example_dags/tutorial.py
[2024-10-22T14:45:22.124+0000] {processor.py:840} INFO - DAG(s) 'tutorial' retrieved from /home/airflow/.local/lib/python3.12/site-packages/airflow/example_dags/tutorial.py
[2024-10-22T14:45:22.139+0000] {logging_mixin.py:188} INFO - [2024-10-22T14:45:22.139+0000] {dag.py:3089} INFO - Sync 1 DAGs
[2024-10-22T14:45:22.153+0000] {logging_mixin.py:188} INFO - [2024-10-22T14:45:22.153+0000] {dag.py:3947} INFO - Setting next_dagrun for tutorial to 2024-10-21 00:00:00+00:00, run_after=2024-10-22 00:00:00+00:00
[2024-10-22T14:45:22.164+0000] {processor.py:183} INFO - Processing /home/airflow/.local/lib/python3.12/site-packages/airflow/example_dags/tutorial.py took 0.050 seconds
[2024-10-22T14:45:52.775+0000] {processor.py:161} INFO - Started process (PID=2022) to work on /home/airflow/.local/lib/python3.12/site-packages/airflow/example_dags/tutorial.py
[2024-10-22T14:45:52.776+0000] {processor.py:830} INFO - Processing file /home/airflow/.local/lib/python3.12/site-packages/airflow/example_dags/tutorial.py for tasks to queue
[2024-10-22T14:45:52.778+0000] {logging_mixin.py:188} INFO - [2024-10-22T14:45:52.778+0000] {dagbag.py:545} INFO - Filling up the DagBag from /home/airflow/.local/lib/python3.12/site-packages/airflow/example_dags/tutorial.py
[2024-10-22T14:45:52.783+0000] {processor.py:840} INFO - DAG(s) 'tutorial' retrieved from /home/airflow/.local/lib/python3.12/site-packages/airflow/example_dags/tutorial.py
[2024-10-22T14:45:52.798+0000] {logging_mixin.py:188} INFO - [2024-10-22T14:45:52.798+0000] {dag.py:3089} INFO - Sync 1 DAGs
[2024-10-22T14:45:52.814+0000] {logging_mixin.py:188} INFO - [2024-10-22T14:45:52.814+0000] {dag.py:3947} INFO - Setting next_dagrun for tutorial to 2024-10-21 00:00:00+00:00, run_after=2024-10-22 00:00:00+00:00
[2024-10-22T14:45:52.827+0000] {processor.py:183} INFO - Processing /home/airflow/.local/lib/python3.12/site-packages/airflow/example_dags/tutorial.py took 0.056 seconds
[2024-10-22T14:46:23.774+0000] {processor.py:161} INFO - Started process (PID=2289) to work on /home/airflow/.local/lib/python3.12/site-packages/airflow/example_dags/tutorial.py
[2024-10-22T14:46:23.775+0000] {processor.py:830} INFO - Processing file /home/airflow/.local/lib/python3.12/site-packages/airflow/example_dags/tutorial.py for tasks to queue
[2024-10-22T14:46:23.776+0000] {logging_mixin.py:188} INFO - [2024-10-22T14:46:23.776+0000] {dagbag.py:545} INFO - Filling up the DagBag from /home/airflow/.local/lib/python3.12/site-packages/airflow/example_dags/tutorial.py
[2024-10-22T14:46:23.780+0000] {processor.py:840} INFO - DAG(s) 'tutorial' retrieved from /home/airflow/.local/lib/python3.12/site-packages/airflow/example_dags/tutorial.py
[2024-10-22T14:46:23.796+0000] {logging_mixin.py:188} INFO - [2024-10-22T14:46:23.795+0000] {dag.py:3089} INFO - Sync 1 DAGs
[2024-10-22T14:46:23.811+0000] {logging_mixin.py:188} INFO - [2024-10-22T14:46:23.811+0000] {dag.py:3947} INFO - Setting next_dagrun for tutorial to 2024-10-21 00:00:00+00:00, run_after=2024-10-22 00:00:00+00:00
[2024-10-22T14:46:23.824+0000] {processor.py:183} INFO - Processing /home/airflow/.local/lib/python3.12/site-packages/airflow/example_dags/tutorial.py took 0.054 seconds
[2024-10-22T14:46:54.478+0000] {processor.py:161} INFO - Started process (PID=2557) to work on /home/airflow/.local/lib/python3.12/site-packages/airflow/example_dags/tutorial.py
[2024-10-22T14:46:54.479+0000] {processor.py:830} INFO - Processing file /home/airflow/.local/lib/python3.12/site-packages/airflow/example_dags/tutorial.py for tasks to queue
[2024-10-22T14:46:54.480+0000] {logging_mixin.py:188} INFO - [2024-10-22T14:46:54.480+0000] {dagbag.py:545} INFO - Filling up the DagBag from /home/airflow/.local/lib/python3.12/site-packages/airflow/example_dags/tutorial.py
[2024-10-22T14:46:54.485+0000] {processor.py:840} INFO - DAG(s) 'tutorial' retrieved from /home/airflow/.local/lib/python3.12/site-packages/airflow/example_dags/tutorial.py
[2024-10-22T14:46:54.499+0000] {logging_mixin.py:188} INFO - [2024-10-22T14:46:54.499+0000] {dag.py:3089} INFO - Sync 1 DAGs
[2024-10-22T14:46:54.514+0000] {logging_mixin.py:188} INFO - [2024-10-22T14:46:54.514+0000] {dag.py:3947} INFO - Setting next_dagrun for tutorial to 2024-10-21 00:00:00+00:00, run_after=2024-10-22 00:00:00+00:00
[2024-10-22T14:46:54.527+0000] {processor.py:183} INFO - Processing /home/airflow/.local/lib/python3.12/site-packages/airflow/example_dags/tutorial.py took 0.053 seconds
[2024-10-22T14:47:24.805+0000] {processor.py:161} INFO - Started process (PID=2826) to work on /home/airflow/.local/lib/python3.12/site-packages/airflow/example_dags/tutorial.py
[2024-10-22T14:47:24.806+0000] {processor.py:830} INFO - Processing file /home/airflow/.local/lib/python3.12/site-packages/airflow/example_dags/tutorial.py for tasks to queue
[2024-10-22T14:47:24.808+0000] {logging_mixin.py:188} INFO - [2024-10-22T14:47:24.807+0000] {dagbag.py:545} INFO - Filling up the DagBag from /home/airflow/.local/lib/python3.12/site-packages/airflow/example_dags/tutorial.py
[2024-10-22T14:47:24.812+0000] {processor.py:840} INFO - DAG(s) 'tutorial' retrieved from /home/airflow/.local/lib/python3.12/site-packages/airflow/example_dags/tutorial.py
[2024-10-22T14:47:24.825+0000] {logging_mixin.py:188} INFO - [2024-10-22T14:47:24.825+0000] {dag.py:3089} INFO - Sync 1 DAGs
[2024-10-22T14:47:24.840+0000] {logging_mixin.py:188} INFO - [2024-10-22T14:47:24.840+0000] {dag.py:3947} INFO - Setting next_dagrun for tutorial to 2024-10-21 00:00:00+00:00, run_after=2024-10-22 00:00:00+00:00
[2024-10-22T14:47:24.852+0000] {processor.py:183} INFO - Processing /home/airflow/.local/lib/python3.12/site-packages/airflow/example_dags/tutorial.py took 0.050 seconds
[2024-10-22T14:47:55.104+0000] {processor.py:161} INFO - Started process (PID=3093) to work on /home/airflow/.local/lib/python3.12/site-packages/airflow/example_dags/tutorial.py
[2024-10-22T14:47:55.105+0000] {processor.py:830} INFO - Processing file /home/airflow/.local/lib/python3.12/site-packages/airflow/example_dags/tutorial.py for tasks to queue
[2024-10-22T14:47:55.106+0000] {logging_mixin.py:188} INFO - [2024-10-22T14:47:55.106+0000] {dagbag.py:545} INFO - Filling up the DagBag from /home/airflow/.local/lib/python3.12/site-packages/airflow/example_dags/tutorial.py
[2024-10-22T14:47:55.111+0000] {processor.py:840} INFO - DAG(s) 'tutorial' retrieved from /home/airflow/.local/lib/python3.12/site-packages/airflow/example_dags/tutorial.py
[2024-10-22T14:47:55.125+0000] {logging_mixin.py:188} INFO - [2024-10-22T14:47:55.124+0000] {dag.py:3089} INFO - Sync 1 DAGs
[2024-10-22T14:47:55.141+0000] {logging_mixin.py:188} INFO - [2024-10-22T14:47:55.141+0000] {dag.py:3947} INFO - Setting next_dagrun for tutorial to 2024-10-21 00:00:00+00:00, run_after=2024-10-22 00:00:00+00:00
[2024-10-22T14:47:55.153+0000] {processor.py:183} INFO - Processing /home/airflow/.local/lib/python3.12/site-packages/airflow/example_dags/tutorial.py took 0.053 seconds
[2024-10-22T14:48:25.533+0000] {processor.py:161} INFO - Started process (PID=3358) to work on /home/airflow/.local/lib/python3.12/site-packages/airflow/example_dags/tutorial.py
[2024-10-22T14:48:25.533+0000] {processor.py:830} INFO - Processing file /home/airflow/.local/lib/python3.12/site-packages/airflow/example_dags/tutorial.py for tasks to queue
[2024-10-22T14:48:25.535+0000] {logging_mixin.py:188} INFO - [2024-10-22T14:48:25.534+0000] {dagbag.py:545} INFO - Filling up the DagBag from /home/airflow/.local/lib/python3.12/site-packages/airflow/example_dags/tutorial.py
[2024-10-22T14:48:25.538+0000] {processor.py:840} INFO - DAG(s) 'tutorial' retrieved from /home/airflow/.local/lib/python3.12/site-packages/airflow/example_dags/tutorial.py
[2024-10-22T14:48:25.553+0000] {logging_mixin.py:188} INFO - [2024-10-22T14:48:25.553+0000] {dag.py:3089} INFO - Sync 1 DAGs
[2024-10-22T14:48:25.567+0000] {logging_mixin.py:188} INFO - [2024-10-22T14:48:25.567+0000] {dag.py:3947} INFO - Setting next_dagrun for tutorial to 2024-10-21 00:00:00+00:00, run_after=2024-10-22 00:00:00+00:00
[2024-10-22T14:48:25.579+0000] {processor.py:183} INFO - Processing /home/airflow/.local/lib/python3.12/site-packages/airflow/example_dags/tutorial.py took 0.050 seconds
[2024-10-22T14:48:55.982+0000] {processor.py:161} INFO - Started process (PID=3627) to work on /home/airflow/.local/lib/python3.12/site-packages/airflow/example_dags/tutorial.py
[2024-10-22T14:48:55.982+0000] {processor.py:830} INFO - Processing file /home/airflow/.local/lib/python3.12/site-packages/airflow/example_dags/tutorial.py for tasks to queue
[2024-10-22T14:48:55.984+0000] {logging_mixin.py:188} INFO - [2024-10-22T14:48:55.984+0000] {dagbag.py:545} INFO - Filling up the DagBag from /home/airflow/.local/lib/python3.12/site-packages/airflow/example_dags/tutorial.py
[2024-10-22T14:48:55.988+0000] {processor.py:840} INFO - DAG(s) 'tutorial' retrieved from /home/airflow/.local/lib/python3.12/site-packages/airflow/example_dags/tutorial.py
[2024-10-22T14:48:56.002+0000] {logging_mixin.py:188} INFO - [2024-10-22T14:48:56.002+0000] {dag.py:3089} INFO - Sync 1 DAGs
[2024-10-22T14:48:56.016+0000] {logging_mixin.py:188} INFO - [2024-10-22T14:48:56.016+0000] {dag.py:3947} INFO - Setting next_dagrun for tutorial to 2024-10-21 00:00:00+00:00, run_after=2024-10-22 00:00:00+00:00
[2024-10-22T14:48:56.028+0000] {processor.py:183} INFO - Processing /home/airflow/.local/lib/python3.12/site-packages/airflow/example_dags/tutorial.py took 0.050 seconds
[2024-10-22T14:49:26.291+0000] {processor.py:161} INFO - Started process (PID=3894) to work on /home/airflow/.local/lib/python3.12/site-packages/airflow/example_dags/tutorial.py
[2024-10-22T14:49:26.292+0000] {processor.py:830} INFO - Processing file /home/airflow/.local/lib/python3.12/site-packages/airflow/example_dags/tutorial.py for tasks to queue
[2024-10-22T14:49:26.293+0000] {logging_mixin.py:188} INFO - [2024-10-22T14:49:26.293+0000] {dagbag.py:545} INFO - Filling up the DagBag from /home/airflow/.local/lib/python3.12/site-packages/airflow/example_dags/tutorial.py
[2024-10-22T14:49:26.297+0000] {processor.py:840} INFO - DAG(s) 'tutorial' retrieved from /home/airflow/.local/lib/python3.12/site-packages/airflow/example_dags/tutorial.py
[2024-10-22T14:49:26.311+0000] {logging_mixin.py:188} INFO - [2024-10-22T14:49:26.311+0000] {dag.py:3089} INFO - Sync 1 DAGs
[2024-10-22T14:49:26.326+0000] {logging_mixin.py:188} INFO - [2024-10-22T14:49:26.326+0000] {dag.py:3947} INFO - Setting next_dagrun for tutorial to 2024-10-21 00:00:00+00:00, run_after=2024-10-22 00:00:00+00:00
[2024-10-22T14:49:26.339+0000] {processor.py:183} INFO - Processing /home/airflow/.local/lib/python3.12/site-packages/airflow/example_dags/tutorial.py took 0.052 seconds
[2024-10-22T14:49:56.610+0000] {processor.py:161} INFO - Started process (PID=4161) to work on /home/airflow/.local/lib/python3.12/site-packages/airflow/example_dags/tutorial.py
[2024-10-22T14:49:56.610+0000] {processor.py:830} INFO - Processing file /home/airflow/.local/lib/python3.12/site-packages/airflow/example_dags/tutorial.py for tasks to queue
[2024-10-22T14:49:56.612+0000] {logging_mixin.py:188} INFO - [2024-10-22T14:49:56.612+0000] {dagbag.py:545} INFO - Filling up the DagBag from /home/airflow/.local/lib/python3.12/site-packages/airflow/example_dags/tutorial.py
[2024-10-22T14:49:56.616+0000] {processor.py:840} INFO - DAG(s) 'tutorial' retrieved from /home/airflow/.local/lib/python3.12/site-packages/airflow/example_dags/tutorial.py
[2024-10-22T14:49:56.631+0000] {logging_mixin.py:188} INFO - [2024-10-22T14:49:56.631+0000] {dag.py:3089} INFO - Sync 1 DAGs
[2024-10-22T14:49:56.646+0000] {logging_mixin.py:188} INFO - [2024-10-22T14:49:56.646+0000] {dag.py:3947} INFO - Setting next_dagrun for tutorial to 2024-10-21 00:00:00+00:00, run_after=2024-10-22 00:00:00+00:00
[2024-10-22T14:49:56.658+0000] {processor.py:183} INFO - Processing /home/airflow/.local/lib/python3.12/site-packages/airflow/example_dags/tutorial.py took 0.053 seconds
[2024-10-22T14:50:27.043+0000] {processor.py:161} INFO - Started process (PID=4428) to work on /home/airflow/.local/lib/python3.12/site-packages/airflow/example_dags/tutorial.py
[2024-10-22T14:50:27.044+0000] {processor.py:830} INFO - Processing file /home/airflow/.local/lib/python3.12/site-packages/airflow/example_dags/tutorial.py for tasks to queue
[2024-10-22T14:50:27.045+0000] {logging_mixin.py:188} INFO - [2024-10-22T14:50:27.045+0000] {dagbag.py:545} INFO - Filling up the DagBag from /home/airflow/.local/lib/python3.12/site-packages/airflow/example_dags/tutorial.py
[2024-10-22T14:50:27.049+0000] {processor.py:840} INFO - DAG(s) 'tutorial' retrieved from /home/airflow/.local/lib/python3.12/site-packages/airflow/example_dags/tutorial.py
[2024-10-22T14:50:27.063+0000] {logging_mixin.py:188} INFO - [2024-10-22T14:50:27.063+0000] {dag.py:3089} INFO - Sync 1 DAGs
[2024-10-22T14:50:27.078+0000] {logging_mixin.py:188} INFO - [2024-10-22T14:50:27.078+0000] {dag.py:3947} INFO - Setting next_dagrun for tutorial to 2024-10-21 00:00:00+00:00, run_after=2024-10-22 00:00:00+00:00
[2024-10-22T14:50:27.092+0000] {processor.py:183} INFO - Processing /home/airflow/.local/lib/python3.12/site-packages/airflow/example_dags/tutorial.py took 0.053 seconds
[2024-10-22T14:50:57.464+0000] {processor.py:161} INFO - Started process (PID=4695) to work on /home/airflow/.local/lib/python3.12/site-packages/airflow/example_dags/tutorial.py
[2024-10-22T14:50:57.465+0000] {processor.py:830} INFO - Processing file /home/airflow/.local/lib/python3.12/site-packages/airflow/example_dags/tutorial.py for tasks to queue
[2024-10-22T14:50:57.467+0000] {logging_mixin.py:188} INFO - [2024-10-22T14:50:57.466+0000] {dagbag.py:545} INFO - Filling up the DagBag from /home/airflow/.local/lib/python3.12/site-packages/airflow/example_dags/tutorial.py
[2024-10-22T14:50:57.471+0000] {processor.py:840} INFO - DAG(s) 'tutorial' retrieved from /home/airflow/.local/lib/python3.12/site-packages/airflow/example_dags/tutorial.py
[2024-10-22T14:50:57.486+0000] {logging_mixin.py:188} INFO - [2024-10-22T14:50:57.485+0000] {dag.py:3089} INFO - Sync 1 DAGs
[2024-10-22T14:50:57.500+0000] {logging_mixin.py:188} INFO - [2024-10-22T14:50:57.500+0000] {dag.py:3947} INFO - Setting next_dagrun for tutorial to 2024-10-21 00:00:00+00:00, run_after=2024-10-22 00:00:00+00:00
[2024-10-22T14:50:57.513+0000] {processor.py:183} INFO - Processing /home/airflow/.local/lib/python3.12/site-packages/airflow/example_dags/tutorial.py took 0.053 seconds
[2024-10-22T14:51:27.851+0000] {processor.py:161} INFO - Started process (PID=4962) to work on /home/airflow/.local/lib/python3.12/site-packages/airflow/example_dags/tutorial.py
[2024-10-22T14:51:27.851+0000] {processor.py:830} INFO - Processing file /home/airflow/.local/lib/python3.12/site-packages/airflow/example_dags/tutorial.py for tasks to queue
[2024-10-22T14:51:27.853+0000] {logging_mixin.py:188} INFO - [2024-10-22T14:51:27.853+0000] {dagbag.py:545} INFO - Filling up the DagBag from /home/airflow/.local/lib/python3.12/site-packages/airflow/example_dags/tutorial.py
[2024-10-22T14:51:27.857+0000] {processor.py:840} INFO - DAG(s) 'tutorial' retrieved from /home/airflow/.local/lib/python3.12/site-packages/airflow/example_dags/tutorial.py
[2024-10-22T14:51:27.871+0000] {logging_mixin.py:188} INFO - [2024-10-22T14:51:27.871+0000] {dag.py:3089} INFO - Sync 1 DAGs
[2024-10-22T14:51:27.886+0000] {logging_mixin.py:188} INFO - [2024-10-22T14:51:27.886+0000] {dag.py:3947} INFO - Setting next_dagrun for tutorial to 2024-10-21 00:00:00+00:00, run_after=2024-10-22 00:00:00+00:00
[2024-10-22T14:51:27.898+0000] {processor.py:183} INFO - Processing /home/airflow/.local/lib/python3.12/site-packages/airflow/example_dags/tutorial.py took 0.051 seconds
[2024-10-22T14:51:58.258+0000] {processor.py:161} INFO - Started process (PID=5227) to work on /home/airflow/.local/lib/python3.12/site-packages/airflow/example_dags/tutorial.py
[2024-10-22T14:51:58.258+0000] {processor.py:830} INFO - Processing file /home/airflow/.local/lib/python3.12/site-packages/airflow/example_dags/tutorial.py for tasks to queue
[2024-10-22T14:51:58.260+0000] {logging_mixin.py:188} INFO - [2024-10-22T14:51:58.260+0000] {dagbag.py:545} INFO - Filling up the DagBag from /home/airflow/.local/lib/python3.12/site-packages/airflow/example_dags/tutorial.py
[2024-10-22T14:51:58.264+0000] {processor.py:840} INFO - DAG(s) 'tutorial' retrieved from /home/airflow/.local/lib/python3.12/site-packages/airflow/example_dags/tutorial.py
[2024-10-22T14:51:58.279+0000] {logging_mixin.py:188} INFO - [2024-10-22T14:51:58.279+0000] {dag.py:3089} INFO - Sync 1 DAGs
[2024-10-22T14:51:58.293+0000] {logging_mixin.py:188} INFO - [2024-10-22T14:51:58.293+0000] {dag.py:3947} INFO - Setting next_dagrun for tutorial to 2024-10-21 00:00:00+00:00, run_after=2024-10-22 00:00:00+00:00
[2024-10-22T14:51:58.306+0000] {processor.py:183} INFO - Processing /home/airflow/.local/lib/python3.12/site-packages/airflow/example_dags/tutorial.py took 0.052 seconds
[2024-10-22T14:52:28.595+0000] {processor.py:161} INFO - Started process (PID=5494) to work on /home/airflow/.local/lib/python3.12/site-packages/airflow/example_dags/tutorial.py
[2024-10-22T14:52:28.596+0000] {processor.py:830} INFO - Processing file /home/airflow/.local/lib/python3.12/site-packages/airflow/example_dags/tutorial.py for tasks to queue
[2024-10-22T14:52:28.597+0000] {logging_mixin.py:188} INFO - [2024-10-22T14:52:28.597+0000] {dagbag.py:545} INFO - Filling up the DagBag from /home/airflow/.local/lib/python3.12/site-packages/airflow/example_dags/tutorial.py
[2024-10-22T14:52:28.602+0000] {processor.py:840} INFO - DAG(s) 'tutorial' retrieved from /home/airflow/.local/lib/python3.12/site-packages/airflow/example_dags/tutorial.py
[2024-10-22T14:52:28.617+0000] {logging_mixin.py:188} INFO - [2024-10-22T14:52:28.617+0000] {dag.py:3089} INFO - Sync 1 DAGs
[2024-10-22T14:52:28.632+0000] {logging_mixin.py:188} INFO - [2024-10-22T14:52:28.632+0000] {dag.py:3947} INFO - Setting next_dagrun for tutorial to 2024-10-21 00:00:00+00:00, run_after=2024-10-22 00:00:00+00:00
[2024-10-22T14:52:28.645+0000] {processor.py:183} INFO - Processing /home/airflow/.local/lib/python3.12/site-packages/airflow/example_dags/tutorial.py took 0.055 seconds
[2024-10-22T14:52:58.989+0000] {processor.py:161} INFO - Started process (PID=5766) to work on /home/airflow/.local/lib/python3.12/site-packages/airflow/example_dags/tutorial.py
[2024-10-22T14:52:58.990+0000] {processor.py:830} INFO - Processing file /home/airflow/.local/lib/python3.12/site-packages/airflow/example_dags/tutorial.py for tasks to queue
[2024-10-22T14:52:58.991+0000] {logging_mixin.py:188} INFO - [2024-10-22T14:52:58.991+0000] {dagbag.py:545} INFO - Filling up the DagBag from /home/airflow/.local/lib/python3.12/site-packages/airflow/example_dags/tutorial.py
[2024-10-22T14:52:58.996+0000] {processor.py:840} INFO - DAG(s) 'tutorial' retrieved from /home/airflow/.local/lib/python3.12/site-packages/airflow/example_dags/tutorial.py
[2024-10-22T14:52:59.010+0000] {logging_mixin.py:188} INFO - [2024-10-22T14:52:59.010+0000] {dag.py:3089} INFO - Sync 1 DAGs
[2024-10-22T14:52:59.026+0000] {logging_mixin.py:188} INFO - [2024-10-22T14:52:59.026+0000] {dag.py:3947} INFO - Setting next_dagrun for tutorial to 2024-10-21 00:00:00+00:00, run_after=2024-10-22 00:00:00+00:00
[2024-10-22T14:52:59.039+0000] {processor.py:183} INFO - Processing /home/airflow/.local/lib/python3.12/site-packages/airflow/example_dags/tutorial.py took 0.054 seconds
[2024-10-22T14:53:29.319+0000] {processor.py:161} INFO - Started process (PID=6031) to work on /home/airflow/.local/lib/python3.12/site-packages/airflow/example_dags/tutorial.py
[2024-10-22T14:53:29.320+0000] {processor.py:830} INFO - Processing file /home/airflow/.local/lib/python3.12/site-packages/airflow/example_dags/tutorial.py for tasks to queue
[2024-10-22T14:53:29.321+0000] {logging_mixin.py:188} INFO - [2024-10-22T14:53:29.321+0000] {dagbag.py:545} INFO - Filling up the DagBag from /home/airflow/.local/lib/python3.12/site-packages/airflow/example_dags/tutorial.py
[2024-10-22T14:53:29.325+0000] {processor.py:840} INFO - DAG(s) 'tutorial' retrieved from /home/airflow/.local/lib/python3.12/site-packages/airflow/example_dags/tutorial.py
[2024-10-22T14:53:29.341+0000] {logging_mixin.py:188} INFO - [2024-10-22T14:53:29.341+0000] {dag.py:3089} INFO - Sync 1 DAGs
[2024-10-22T14:53:29.358+0000] {logging_mixin.py:188} INFO - [2024-10-22T14:53:29.358+0000] {dag.py:3947} INFO - Setting next_dagrun for tutorial to 2024-10-21 00:00:00+00:00, run_after=2024-10-22 00:00:00+00:00
[2024-10-22T14:53:29.373+0000] {processor.py:183} INFO - Processing /home/airflow/.local/lib/python3.12/site-packages/airflow/example_dags/tutorial.py took 0.058 seconds
[2024-10-22T14:53:59.755+0000] {processor.py:161} INFO - Started process (PID=6300) to work on /home/airflow/.local/lib/python3.12/site-packages/airflow/example_dags/tutorial.py
[2024-10-22T14:53:59.756+0000] {processor.py:830} INFO - Processing file /home/airflow/.local/lib/python3.12/site-packages/airflow/example_dags/tutorial.py for tasks to queue
[2024-10-22T14:53:59.757+0000] {logging_mixin.py:188} INFO - [2024-10-22T14:53:59.757+0000] {dagbag.py:545} INFO - Filling up the DagBag from /home/airflow/.local/lib/python3.12/site-packages/airflow/example_dags/tutorial.py
[2024-10-22T14:53:59.761+0000] {processor.py:840} INFO - DAG(s) 'tutorial' retrieved from /home/airflow/.local/lib/python3.12/site-packages/airflow/example_dags/tutorial.py
[2024-10-22T14:53:59.776+0000] {logging_mixin.py:188} INFO - [2024-10-22T14:53:59.776+0000] {dag.py:3089} INFO - Sync 1 DAGs
[2024-10-22T14:53:59.790+0000] {logging_mixin.py:188} INFO - [2024-10-22T14:53:59.790+0000] {dag.py:3947} INFO - Setting next_dagrun for tutorial to 2024-10-21 00:00:00+00:00, run_after=2024-10-22 00:00:00+00:00
[2024-10-22T14:53:59.802+0000] {processor.py:183} INFO - Processing /home/airflow/.local/lib/python3.12/site-packages/airflow/example_dags/tutorial.py took 0.051 seconds
[2024-10-22T14:54:30.067+0000] {processor.py:161} INFO - Started process (PID=6567) to work on /home/airflow/.local/lib/python3.12/site-packages/airflow/example_dags/tutorial.py
[2024-10-22T14:54:30.068+0000] {processor.py:830} INFO - Processing file /home/airflow/.local/lib/python3.12/site-packages/airflow/example_dags/tutorial.py for tasks to queue
[2024-10-22T14:54:30.069+0000] {logging_mixin.py:188} INFO - [2024-10-22T14:54:30.069+0000] {dagbag.py:545} INFO - Filling up the DagBag from /home/airflow/.local/lib/python3.12/site-packages/airflow/example_dags/tutorial.py
[2024-10-22T14:54:30.073+0000] {processor.py:840} INFO - DAG(s) 'tutorial' retrieved from /home/airflow/.local/lib/python3.12/site-packages/airflow/example_dags/tutorial.py
[2024-10-22T14:54:30.089+0000] {logging_mixin.py:188} INFO - [2024-10-22T14:54:30.089+0000] {dag.py:3089} INFO - Sync 1 DAGs
[2024-10-22T14:54:30.104+0000] {logging_mixin.py:188} INFO - [2024-10-22T14:54:30.104+0000] {dag.py:3947} INFO - Setting next_dagrun for tutorial to 2024-10-21 00:00:00+00:00, run_after=2024-10-22 00:00:00+00:00
[2024-10-22T14:54:30.118+0000] {processor.py:183} INFO - Processing /home/airflow/.local/lib/python3.12/site-packages/airflow/example_dags/tutorial.py took 0.055 seconds
[2024-10-22T14:55:00.907+0000] {processor.py:161} INFO - Started process (PID=6835) to work on /home/airflow/.local/lib/python3.12/site-packages/airflow/example_dags/tutorial.py
[2024-10-22T14:55:00.907+0000] {processor.py:830} INFO - Processing file /home/airflow/.local/lib/python3.12/site-packages/airflow/example_dags/tutorial.py for tasks to queue
[2024-10-22T14:55:00.909+0000] {logging_mixin.py:188} INFO - [2024-10-22T14:55:00.909+0000] {dagbag.py:545} INFO - Filling up the DagBag from /home/airflow/.local/lib/python3.12/site-packages/airflow/example_dags/tutorial.py
[2024-10-22T14:55:00.913+0000] {processor.py:840} INFO - DAG(s) 'tutorial' retrieved from /home/airflow/.local/lib/python3.12/site-packages/airflow/example_dags/tutorial.py
[2024-10-22T14:55:00.928+0000] {logging_mixin.py:188} INFO - [2024-10-22T14:55:00.928+0000] {dag.py:3089} INFO - Sync 1 DAGs
[2024-10-22T14:55:00.944+0000] {logging_mixin.py:188} INFO - [2024-10-22T14:55:00.944+0000] {dag.py:3947} INFO - Setting next_dagrun for tutorial to 2024-10-21 00:00:00+00:00, run_after=2024-10-22 00:00:00+00:00
[2024-10-22T14:55:00.957+0000] {processor.py:183} INFO - Processing /home/airflow/.local/lib/python3.12/site-packages/airflow/example_dags/tutorial.py took 0.054 seconds
[2024-10-22T14:55:31.589+0000] {processor.py:161} INFO - Started process (PID=7104) to work on /home/airflow/.local/lib/python3.12/site-packages/airflow/example_dags/tutorial.py
[2024-10-22T14:55:31.590+0000] {processor.py:830} INFO - Processing file /home/airflow/.local/lib/python3.12/site-packages/airflow/example_dags/tutorial.py for tasks to queue
[2024-10-22T14:55:31.591+0000] {logging_mixin.py:188} INFO - [2024-10-22T14:55:31.591+0000] {dagbag.py:545} INFO - Filling up the DagBag from /home/airflow/.local/lib/python3.12/site-packages/airflow/example_dags/tutorial.py
[2024-10-22T14:55:31.595+0000] {processor.py:840} INFO - DAG(s) 'tutorial' retrieved from /home/airflow/.local/lib/python3.12/site-packages/airflow/example_dags/tutorial.py
[2024-10-22T14:55:31.609+0000] {logging_mixin.py:188} INFO - [2024-10-22T14:55:31.609+0000] {dag.py:3089} INFO - Sync 1 DAGs
[2024-10-22T14:55:31.624+0000] {logging_mixin.py:188} INFO - [2024-10-22T14:55:31.624+0000] {dag.py:3947} INFO - Setting next_dagrun for tutorial to 2024-10-21 00:00:00+00:00, run_after=2024-10-22 00:00:00+00:00
[2024-10-22T14:55:31.636+0000] {processor.py:183} INFO - Processing /home/airflow/.local/lib/python3.12/site-packages/airflow/example_dags/tutorial.py took 0.052 seconds
[2024-10-22T14:56:02.263+0000] {processor.py:161} INFO - Started process (PID=7371) to work on /home/airflow/.local/lib/python3.12/site-packages/airflow/example_dags/tutorial.py
[2024-10-22T14:56:02.264+0000] {processor.py:830} INFO - Processing file /home/airflow/.local/lib/python3.12/site-packages/airflow/example_dags/tutorial.py for tasks to queue
[2024-10-22T14:56:02.265+0000] {logging_mixin.py:188} INFO - [2024-10-22T14:56:02.265+0000] {dagbag.py:545} INFO - Filling up the DagBag from /home/airflow/.local/lib/python3.12/site-packages/airflow/example_dags/tutorial.py
[2024-10-22T14:56:02.270+0000] {processor.py:840} INFO - DAG(s) 'tutorial' retrieved from /home/airflow/.local/lib/python3.12/site-packages/airflow/example_dags/tutorial.py
[2024-10-22T14:56:02.284+0000] {logging_mixin.py:188} INFO - [2024-10-22T14:56:02.284+0000] {dag.py:3089} INFO - Sync 1 DAGs
[2024-10-22T14:56:02.428+0000] {logging_mixin.py:188} INFO - [2024-10-22T14:56:02.428+0000] {dag.py:3947} INFO - Setting next_dagrun for tutorial to 2024-10-21 00:00:00+00:00, run_after=2024-10-22 00:00:00+00:00
[2024-10-22T14:56:02.441+0000] {processor.py:183} INFO - Processing /home/airflow/.local/lib/python3.12/site-packages/airflow/example_dags/tutorial.py took 0.182 seconds
[2024-10-22T14:56:33.185+0000] {processor.py:161} INFO - Started process (PID=7638) to work on /home/airflow/.local/lib/python3.12/site-packages/airflow/example_dags/tutorial.py
[2024-10-22T14:56:33.186+0000] {processor.py:830} INFO - Processing file /home/airflow/.local/lib/python3.12/site-packages/airflow/example_dags/tutorial.py for tasks to queue
[2024-10-22T14:56:33.187+0000] {logging_mixin.py:188} INFO - [2024-10-22T14:56:33.187+0000] {dagbag.py:545} INFO - Filling up the DagBag from /home/airflow/.local/lib/python3.12/site-packages/airflow/example_dags/tutorial.py
[2024-10-22T14:56:33.192+0000] {processor.py:840} INFO - DAG(s) 'tutorial' retrieved from /home/airflow/.local/lib/python3.12/site-packages/airflow/example_dags/tutorial.py
[2024-10-22T14:56:33.207+0000] {logging_mixin.py:188} INFO - [2024-10-22T14:56:33.207+0000] {dag.py:3089} INFO - Sync 1 DAGs
[2024-10-22T14:56:33.223+0000] {logging_mixin.py:188} INFO - [2024-10-22T14:56:33.223+0000] {dag.py:3947} INFO - Setting next_dagrun for tutorial to 2024-10-21 00:00:00+00:00, run_after=2024-10-22 00:00:00+00:00
[2024-10-22T14:56:33.341+0000] {processor.py:183} INFO - Processing /home/airflow/.local/lib/python3.12/site-packages/airflow/example_dags/tutorial.py took 0.160 seconds
[2024-10-22T14:57:04.068+0000] {processor.py:161} INFO - Started process (PID=7903) to work on /home/airflow/.local/lib/python3.12/site-packages/airflow/example_dags/tutorial.py
[2024-10-22T14:57:04.069+0000] {processor.py:830} INFO - Processing file /home/airflow/.local/lib/python3.12/site-packages/airflow/example_dags/tutorial.py for tasks to queue
[2024-10-22T14:57:04.070+0000] {logging_mixin.py:188} INFO - [2024-10-22T14:57:04.070+0000] {dagbag.py:545} INFO - Filling up the DagBag from /home/airflow/.local/lib/python3.12/site-packages/airflow/example_dags/tutorial.py
[2024-10-22T14:57:04.074+0000] {processor.py:840} INFO - DAG(s) 'tutorial' retrieved from /home/airflow/.local/lib/python3.12/site-packages/airflow/example_dags/tutorial.py
[2024-10-22T14:57:04.089+0000] {logging_mixin.py:188} INFO - [2024-10-22T14:57:04.089+0000] {dag.py:3089} INFO - Sync 1 DAGs
[2024-10-22T14:57:04.104+0000] {logging_mixin.py:188} INFO - [2024-10-22T14:57:04.104+0000] {dag.py:3947} INFO - Setting next_dagrun for tutorial to 2024-10-21 00:00:00+00:00, run_after=2024-10-22 00:00:00+00:00
[2024-10-22T14:57:04.231+0000] {processor.py:183} INFO - Processing /home/airflow/.local/lib/python3.12/site-packages/airflow/example_dags/tutorial.py took 0.167 seconds
[2024-10-22T14:57:34.948+0000] {processor.py:161} INFO - Started process (PID=8172) to work on /home/airflow/.local/lib/python3.12/site-packages/airflow/example_dags/tutorial.py
[2024-10-22T14:57:34.949+0000] {processor.py:830} INFO - Processing file /home/airflow/.local/lib/python3.12/site-packages/airflow/example_dags/tutorial.py for tasks to queue
[2024-10-22T14:57:34.950+0000] {logging_mixin.py:188} INFO - [2024-10-22T14:57:34.950+0000] {dagbag.py:545} INFO - Filling up the DagBag from /home/airflow/.local/lib/python3.12/site-packages/airflow/example_dags/tutorial.py
[2024-10-22T14:57:34.954+0000] {processor.py:840} INFO - DAG(s) 'tutorial' retrieved from /home/airflow/.local/lib/python3.12/site-packages/airflow/example_dags/tutorial.py
[2024-10-22T14:57:34.969+0000] {logging_mixin.py:188} INFO - [2024-10-22T14:57:34.969+0000] {dag.py:3089} INFO - Sync 1 DAGs
[2024-10-22T14:57:34.983+0000] {logging_mixin.py:188} INFO - [2024-10-22T14:57:34.983+0000] {dag.py:3947} INFO - Setting next_dagrun for tutorial to 2024-10-21 00:00:00+00:00, run_after=2024-10-22 00:00:00+00:00
[2024-10-22T14:57:34.996+0000] {processor.py:183} INFO - Processing /home/airflow/.local/lib/python3.12/site-packages/airflow/example_dags/tutorial.py took 0.051 seconds
